created virtual environment CPython3.12.4.final.0-64 in 6951ms
  creator CPython3Posix(dest=/localscratch/aneumann.63390714.0/env, clear=False, no_vcs_ignore=False, global=False)
  seeder FromAppData(download=False, pip=bundle, via=copy, app_data_dir=/home/aneumann/.local/share/virtualenv)
    added seed packages: pip==25.1.1
  activators BashActivator,CShellActivator,FishActivator,NushellActivator,PowerShellActivator,PythonActivator
Looking in links: /cvmfs/soft.computecanada.ca/custom/python/wheelhouse/gentoo2023/x86-64-v3, /cvmfs/soft.computecanada.ca/custom/python/wheelhouse/gentoo2023/generic, /cvmfs/soft.computecanada.ca/custom/python/wheelhouse/generic
Requirement already satisfied: pip in /localscratch/aneumann.63390714.0/env/lib/python3.12/site-packages (25.1.1)
Looking in links: /cvmfs/soft.computecanada.ca/custom/python/wheelhouse/gentoo2023/x86-64-v3, /cvmfs/soft.computecanada.ca/custom/python/wheelhouse/gentoo2023/generic, /cvmfs/soft.computecanada.ca/custom/python/wheelhouse/generic
ERROR: protobuf-5.28.3-cp38-abi3-manylinux2014_x86_64.whl is not a supported wheel on this platform.
Looking in links: /cvmfs/soft.computecanada.ca/custom/python/wheelhouse/gentoo2023/x86-64-v3, /cvmfs/soft.computecanada.ca/custom/python/wheelhouse/gentoo2023/generic, /cvmfs/soft.computecanada.ca/custom/python/wheelhouse/generic
Processing /home/aneumann/projects/def-adhaj/aneumann/GNRS/wheels/immutabledict-4.2.0-py3-none-any.whl
Installing collected packages: immutabledict
Successfully installed immutabledict-4.2.0
Looking in links: /cvmfs/soft.computecanada.ca/custom/python/wheelhouse/gentoo2023/x86-64-v3, /cvmfs/soft.computecanada.ca/custom/python/wheelhouse/gentoo2023/generic, /cvmfs/soft.computecanada.ca/custom/python/wheelhouse/generic
Processing /cvmfs/soft.computecanada.ca/custom/python/wheelhouse/generic/ortools-9.10.4067+computecanada-cp312-cp312-linux_x86_64.whl (from -r /home/aneumann/projects/def-adhaj/aneumann/GNRS/requirements/or.txt (line 1))
Processing /cvmfs/soft.computecanada.ca/custom/python/wheelhouse/gentoo2023/x86-64-v3/matplotlib-3.10.0+computecanada-cp312-cp312-linux_x86_64.whl (from -r /home/aneumann/projects/def-adhaj/aneumann/GNRS/requirements/or.txt (line 2))
Processing /cvmfs/soft.computecanada.ca/custom/python/wheelhouse/gentoo2023/x86-64-v3/pandas-2.2.3+computecanada-cp312-cp312-linux_x86_64.whl (from -r /home/aneumann/projects/def-adhaj/aneumann/GNRS/requirements/or.txt (line 3))
Processing /cvmfs/soft.computecanada.ca/custom/python/wheelhouse/generic/absl_py-2.2.2+computecanada-py3-none-any.whl (from ortools<9.11,>=9.10->-r /home/aneumann/projects/def-adhaj/aneumann/GNRS/requirements/or.txt (line 1))
Processing /cvmfs/soft.computecanada.ca/custom/python/wheelhouse/gentoo2023/generic/numpy-2.2.2+computecanada-cp312-cp312-linux_x86_64.whl (from ortools<9.11,>=9.10->-r /home/aneumann/projects/def-adhaj/aneumann/GNRS/requirements/or.txt (line 1))
Processing /cvmfs/soft.computecanada.ca/custom/python/wheelhouse/gentoo2023/x86-64-v3/protobuf-6.30.2+computecanada-cp312-cp312-linux_x86_64.whl (from ortools<9.11,>=9.10->-r /home/aneumann/projects/def-adhaj/aneumann/GNRS/requirements/or.txt (line 1))
Requirement already satisfied: immutabledict>=3.0.0 in /localscratch/aneumann.63390714.0/env/lib/python3.12/site-packages (from ortools<9.11,>=9.10->-r /home/aneumann/projects/def-adhaj/aneumann/GNRS/requirements/or.txt (line 1)) (4.2.0)
Processing /cvmfs/soft.computecanada.ca/custom/python/wheelhouse/gentoo2023/generic/contourpy-1.3.1+computecanada-cp312-cp312-linux_x86_64.whl (from matplotlib->-r /home/aneumann/projects/def-adhaj/aneumann/GNRS/requirements/or.txt (line 2))
Processing /cvmfs/soft.computecanada.ca/custom/python/wheelhouse/generic/cycler-0.12.1+computecanada-py3-none-any.whl (from matplotlib->-r /home/aneumann/projects/def-adhaj/aneumann/GNRS/requirements/or.txt (line 2))
Processing /cvmfs/soft.computecanada.ca/custom/python/wheelhouse/generic/fonttools-4.58.2+computecanada-cp312-cp312-linux_x86_64.whl (from matplotlib->-r /home/aneumann/projects/def-adhaj/aneumann/GNRS/requirements/or.txt (line 2))
Processing /cvmfs/soft.computecanada.ca/custom/python/wheelhouse/gentoo2023/x86-64-v3/kiwisolver-1.4.8+computecanada-cp312-cp312-linux_x86_64.whl (from matplotlib->-r /home/aneumann/projects/def-adhaj/aneumann/GNRS/requirements/or.txt (line 2))
Processing /cvmfs/soft.computecanada.ca/custom/python/wheelhouse/generic/packaging-25.0+computecanada-py3-none-any.whl (from matplotlib->-r /home/aneumann/projects/def-adhaj/aneumann/GNRS/requirements/or.txt (line 2))
Processing /cvmfs/soft.computecanada.ca/custom/python/wheelhouse/gentoo2023/x86-64-v3/pillow-11.1.0+computecanada-cp312-cp312-linux_x86_64.whl (from matplotlib->-r /home/aneumann/projects/def-adhaj/aneumann/GNRS/requirements/or.txt (line 2))
Processing /cvmfs/soft.computecanada.ca/custom/python/wheelhouse/generic/pyparsing-3.2.1+computecanada-py3-none-any.whl (from matplotlib->-r /home/aneumann/projects/def-adhaj/aneumann/GNRS/requirements/or.txt (line 2))
Processing /cvmfs/soft.computecanada.ca/custom/python/wheelhouse/generic/python_dateutil-2.9.0.post0+computecanada-py2.py3-none-any.whl (from matplotlib->-r /home/aneumann/projects/def-adhaj/aneumann/GNRS/requirements/or.txt (line 2))
Processing /cvmfs/soft.computecanada.ca/custom/python/wheelhouse/generic/pytz-2025.2+computecanada-py2.py3-none-any.whl (from pandas->-r /home/aneumann/projects/def-adhaj/aneumann/GNRS/requirements/or.txt (line 3))
Processing /cvmfs/soft.computecanada.ca/custom/python/wheelhouse/generic/tzdata-2025.2+computecanada-py2.py3-none-any.whl (from pandas->-r /home/aneumann/projects/def-adhaj/aneumann/GNRS/requirements/or.txt (line 3))
Processing /cvmfs/soft.computecanada.ca/custom/python/wheelhouse/generic/six-1.17.0+computecanada-py2.py3-none-any.whl (from python-dateutil>=2.7->matplotlib->-r /home/aneumann/projects/def-adhaj/aneumann/GNRS/requirements/or.txt (line 2))
Installing collected packages: pytz, tzdata, six, pyparsing, protobuf, pillow, packaging, numpy, kiwisolver, fonttools, cycler, absl-py, python-dateutil, contourpy, pandas, matplotlib, ortools

Successfully installed absl-py-2.2.2+computecanada contourpy-1.3.1+computecanada cycler-0.12.1+computecanada fonttools-4.58.2+computecanada kiwisolver-1.4.8+computecanada matplotlib-3.10.0+computecanada numpy-2.2.2+computecanada ortools-9.10.4067+computecanada packaging-25.0+computecanada pandas-2.2.3+computecanada pillow-11.1.0+computecanada protobuf-6.30.2+computecanada pyparsing-3.2.1+computecanada python-dateutil-2.9.0.post0+computecanada pytz-2025.2+computecanada six-1.17.0+computecanada tzdata-2025.2+computecanada

Starting CP-SAT solver v9.10.4067
Parameters: max_time_in_seconds: 3600 max_memory_in_mb: 12000 log_search_progress: true enumerate_all_solutions: false absolute_gap_limit: 0 relative_gap_limit: 0
Setting number of workers to 48

Initial optimization model '': (model_fingerprint: 0x741a1be7aed580ea)
#Variables: 145 (#ints: 6 in objective)
  - 90 Booleans in [0,1]
  - 55 in [0,320]
#kLinear1: 17
#kLinear2: 177
#kLinear3: 85
#kLinearN: 501 (#terms: 4'976)

Starting presolve at 0.00s
  2.37e-04s  0.00e+00d  [DetectDominanceRelations] 
  7.38e-03s  0.00e+00d  [PresolveToFixPoint] #num_loops=6 #num_dual_strengthening=3 
  1.52e-05s  0.00e+00d  [ExtractEncodingFromLinear] #potential_supersets=3 
[Symmetry] Graph for symmetry has 780 nodes and 3'412 arcs.
[Symmetry] Symmetry computation done. time: 0.000391257 dtime: 0.0003021
[SAT presolve] num removable Booleans: 0 / 33
[SAT presolve] num trivial clauses: 0
[SAT presolve] [0s] clauses:8 literals:23 vars:17 one_side_vars:16 simple_definition:1 singleton_clauses:0
[SAT presolve] [3.8537e-05s] clauses:8 literals:23 vars:17 one_side_vars:16 simple_definition:1 singleton_clauses:0
[SAT presolve] [5.0172e-05s] clauses:8 literals:23 vars:17 one_side_vars:16 simple_definition:1 singleton_clauses:0
  1.80e-03s  2.03e-04d  [Probe] #probed=142 #fixed_bools=1 #new_bounds=10 #new_binary_clauses=2 
  1.84e-05s  0.00e+00d  [MaxClique] 
  2.20e-04s  0.00e+00d  [DetectDominanceRelations] 
  2.87e-03s  0.00e+00d  [PresolveToFixPoint] #num_loops=4 #num_dual_strengthening=3 
  6.95e-04s  0.00e+00d  [ProcessAtMostOneAndLinear] 
  5.53e-04s  0.00e+00d  [DetectDuplicateConstraints] #duplicates=94 #without_enforcements=58 
  2.57e-04s  6.45e-06d  [DetectDominatedLinearConstraints] #relevant_constraints=281 #num_inclusions=116 #num_redundant=6 
  1.15e-04s  0.00e+00d  [DetectDifferentVariables] #different=21 
  7.49e-05s  2.05e-06d  [ProcessSetPPC] #relevant_constraints=147 
  8.71e-06s  0.00e+00d  [FindAlmostIdenticalLinearConstraints] 
  4.66e-05s  2.68e-05d  [FindBigAtMostOneAndLinearOverlap] 
  4.97e-04s  1.71e-04d  [FindBigVerticalLinearOverlap] #blocks=3 #saved_nz=126 
  3.45e-05s  5.73e-06d  [FindBigHorizontalLinearOverlap] #linears=135 
  1.76e-05s  1.05e-07d  [MergeClauses] 
  2.22e-04s  0.00e+00d  [DetectDominanceRelations] 
  2.25e-03s  0.00e+00d  [PresolveToFixPoint] #num_loops=2 #num_dual_strengthening=1 
  2.17e-04s  0.00e+00d  [DetectDominanceRelations] 
  1.71e-03s  0.00e+00d  [PresolveToFixPoint] #num_loops=1 #num_dual_strengthening=1 
[Symmetry] Graph for symmetry has 676 nodes and 2'995 arcs.
[Symmetry] Symmetry computation done. time: 0.000191321 dtime: 0.00023589
[SAT presolve] num removable Booleans: 0 / 32
[SAT presolve] num trivial clauses: 0
[SAT presolve] [0s] clauses:8 literals:23 vars:17 one_side_vars:16 simple_definition:1 singleton_clauses:0
[SAT presolve] [2.9227e-05s] clauses:8 literals:23 vars:17 one_side_vars:16 simple_definition:1 singleton_clauses:0
[SAT presolve] [4.2015e-05s] clauses:8 literals:23 vars:17 one_side_vars:16 simple_definition:1 singleton_clauses:0
  1.58e-03s  1.93e-04d  [Probe] #probed=140 #new_binary_clauses=2 
  1.57e-05s  0.00e+00d  [MaxClique] 
  2.19e-04s  0.00e+00d  [DetectDominanceRelations] 
  1.74e-03s  0.00e+00d  [PresolveToFixPoint] #num_loops=1 #num_dual_strengthening=1 
  5.78e-04s  0.00e+00d  [ProcessAtMostOneAndLinear] 
  4.37e-04s  0.00e+00d  [DetectDuplicateConstraints] #without_enforcements=58 
  1.43e-04s  4.87e-06d  [DetectDominatedLinearConstraints] #relevant_constraints=238 #num_inclusions=52 
  1.06e-04s  0.00e+00d  [DetectDifferentVariables] #different=22 
  6.93e-05s  1.77e-06d  [ProcessSetPPC] #relevant_constraints=138 
  1.02e-05s  0.00e+00d  [FindAlmostIdenticalLinearConstraints] 
  4.09e-05s  2.44e-05d  [FindBigAtMostOneAndLinearOverlap] 
  4.19e-04s  1.52e-04d  [FindBigVerticalLinearOverlap] #blocks=2 #saved_nz=78 
  3.23e-05s  5.24e-06d  [FindBigHorizontalLinearOverlap] #linears=126 
  1.71e-05s  1.05e-07d  [MergeClauses] 
  2.15e-04s  0.00e+00d  [DetectDominanceRelations] 
  2.22e-03s  0.00e+00d  [PresolveToFixPoint] #num_loops=2 #num_dual_strengthening=1 
  2.10e-04s  0.00e+00d  [DetectDominanceRelations] 
  1.77e-03s  0.00e+00d  [PresolveToFixPoint] #num_loops=1 #num_dual_strengthening=1 
[Symmetry] Graph for symmetry has 681 nodes and 2'918 arcs.
[Symmetry] Symmetry computation done. time: 0.000186947 dtime: 0.00023177
[SAT presolve] num removable Booleans: 0 / 32
[SAT presolve] num trivial clauses: 0
[SAT presolve] [0s] clauses:8 literals:23 vars:17 one_side_vars:16 simple_definition:1 singleton_clauses:0
[SAT presolve] [3.7729e-05s] clauses:8 literals:23 vars:17 one_side_vars:16 simple_definition:1 singleton_clauses:0
[SAT presolve] [4.9205e-05s] clauses:8 literals:23 vars:17 one_side_vars:16 simple_definition:1 singleton_clauses:0
  1.58e-03s  1.92e-04d  [Probe] #probed=140 #new_bounds=1 #new_binary_clauses=2 
  1.55e-05s  0.00e+00d  [MaxClique] 
  2.15e-04s  0.00e+00d  [DetectDominanceRelations] 
  2.12e-03s  0.00e+00d  [PresolveToFixPoint] #num_loops=2 #num_dual_strengthening=1 
  5.27e-04s  0.00e+00d  [ProcessAtMostOneAndLinear] 
  4.35e-04s  0.00e+00d  [DetectDuplicateConstraints] #without_enforcements=58 
  1.12e-04s  3.95e-06d  [DetectDominatedLinearConstraints] #relevant_constraints=199 #num_inclusions=5 
  1.11e-04s  0.00e+00d  [DetectDifferentVariables] #different=23 
  6.57e-05s  1.68e-06d  [ProcessSetPPC] #relevant_constraints=135 
  1.06e-05s  0.00e+00d  [FindAlmostIdenticalLinearConstraints] 
  4.09e-05s  2.33e-05d  [FindBigAtMostOneAndLinearOverlap] 
  3.20e-04s  1.44e-04d  [FindBigVerticalLinearOverlap] 
  3.01e-05s  5.24e-06d  [FindBigHorizontalLinearOverlap] #linears=126 
  1.70e-05s  1.05e-07d  [MergeClauses] 
  2.15e-04s  0.00e+00d  [DetectDominanceRelations] 
  1.79e-03s  0.00e+00d  [PresolveToFixPoint] #num_loops=1 #num_dual_strengthening=1 
  2.41e-05s  0.00e+00d  [ExpandObjective] #entries=34 #tight_variables=17 #tight_constraints=8 

Presolve summary:
  - 21 affine relations were detected.
  - rule 'TODO dual: make linear1 equiv' was applied 12 times.
  - rule 'TODO dual: only one blocking constraint?' was applied 457 times.
  - rule 'TODO dual: only one unspecified blocking constraint?' was applied 78 times.
  - rule 'TODO duplicate: identical constraint with different enforcements' was applied 174 times.
  - rule 'TODO linear2: contains a Boolean.' was applied 14 times.
  - rule 'affine: new relation' was applied 21 times.
  - rule 'bool_or: implications' was applied 1 time.
  - rule 'deductions: 57 stored' was applied 1 time.
  - rule 'dual: fix variable' was applied 12 times.
  - rule 'dual: reduced domain' was applied 23 times.
  - rule 'duplicate: merged rhs of linear constraint' was applied 15 times.
  - rule 'duplicate: removed constraint' was applied 94 times.
  - rule 'enforcement: false literal' was applied 8 times.
  - rule 'enforcement: true literal' was applied 4 times.
  - rule 'incompatible linear: add implication' was applied 18 times.
  - rule 'linear inclusion: redundant containing constraint' was applied 2 times.
  - rule 'linear inclusion: redundant included constraint' was applied 4 times.
  - rule 'linear matrix: common vertical rectangle' was applied 5 times.
  - rule 'linear1: always true' was applied 1 time.
  - rule 'linear2: contains a Boolean.' was applied 12 times.
  - rule 'linear: always true' was applied 215 times.
  - rule 'linear: doubleton free' was applied 4 times.
  - rule 'linear: empty' was applied 16 times.
  - rule 'linear: extracted enforcement literal' was applied 1'171 times.
  - rule 'linear: fixed or dup variables' was applied 489 times.
  - rule 'linear: negative clause' was applied 7 times.
  - rule 'linear: positive clause' was applied 1 time.
  - rule 'linear: positive equal one' was applied 3 times.
  - rule 'linear: reduced variable domains' was applied 66 times.
  - rule 'linear: remapped using affine relations' was applied 441 times.
  - rule 'linear: simplified rhs' was applied 1'337 times.
  - rule 'linear: variable substitution 1' was applied 4 times.
  - rule 'presolve: 45 unused variables removed.' was applied 1 time.
  - rule 'presolve: iteration' was applied 3 times.
  - rule 'probing: simplified enforcement list.' was applied 1 time.

Presolved optimization model '': (model_fingerprint: 0x99fc43731b8e53a5)
#Variables: 80 (#ints: 6 in objective)
  - 32 Booleans in [0,1]
  - 1 in [-2,295]
  - 4 in [0,192]
  - 1 in [0,216]
  - 1 in [0,219]
  - 1 in [0,242]
  - 1 in [0,252]
  - 4 in [0,260]
  - 1 in [0,263]
  - 4 in [0,277]
  - 3 in [0,297]
  - 1 in [3,219]
  - 1 in [3,219][323,533]
  - 1 in [3,300]
  - 1 in [4,298]
  - 1 in [7,301]
  - 1 in [7,301][327,577]
  - 1 in [7,301][327,621][647,897]
  - 1 in [20,236]
  - 2 in [46,309]
  - 1 in [52,315]
  - 2 in [57,309]
  - 1 in [61,277]
  - 1 in [63,315]
  - 1 in [66,282]
  - 2 in [67,309]
  - 1 in [73,315]
  - 2 in [90,309]
  - 3 in [93,309]
  - 1 in [96,315]
  - 1 in [99,315]
  - 1 in [128,320]
#kBoolAnd: 1 (#enforced: 1) (#literals: 2)
#kBoolOr: 7 (#literals: 21)
#kExactlyOne: 3 (#literals: 9)
#kLinear1: 15 (#enforced: 15 #multi: 7)
#kLinear2: 229 (#enforced: 195 #multi: 171)
#kLinear3: 28 (#enforced: 11)
#kLinearN: 137 (#enforced: 105) (#terms: 1'092)

Preloading model.
#Bound   0.04s best:inf   next:[148,1532] initial_domain
[Symmetry] Graph for symmetry has 611 nodes and 2'918 arcs.
[Symmetry] Symmetry computation done. time: 0.000182462 dtime: 0.00022757
#Model   0.04s var:80/80 constraints:420/420

Starting search at 0.04s with 48 workers.
16 full problem subsolvers: [core, default_lp, lb_tree_search, max_lp, no_lp, objective_lb_search, objective_lb_search_max_lp, objective_lb_search_no_lp, objective_shaving_search_max_lp, objective_shaving_search_no_lp, probing, probing_max_lp, pseudo_costs, quick_restart, quick_restart_no_lp, reduced_costs]
30 first solution subsolvers: [fj_long_default(2), fj_long_lin_default, fj_long_lin_perturb, fj_long_lin_random, fj_long_perturb, fj_long_random, fj_short_default(2), fj_short_lin_default(2), fj_short_lin_perturb, fj_short_lin_random, fj_short_perturb, fj_short_random, fs_random(4), fs_random_no_lp(4), fs_random_quick_restart(4), fs_random_quick_restart_no_lp(3)]
13 incomplete subsolvers: [feasibility_pump, graph_arc_lns, graph_cst_lns, graph_dec_lns, graph_var_lns, rins/rens, rnd_cst_lns, rnd_var_lns, violation_ls(5)]
3 helper subsolvers: [neighborhood_helper, synchronization_agent, update_gap_integral]
#Bound   0.05s best:inf   next:[149,1532] bool_core (num_cores=1 [size:2 mw:1 d:1] a=5 d=1 fixed=0/51 clauses=19)
#1       0.05s best:619   next:[149,618]  no_lp (fixed_bools=0/67)
#Bound   0.05s best:619   next:[150,618]  bool_core (num_cores=1 [cover] a=5 d=1 fixed=0/54 clauses=20)
#Bound   0.05s best:619   next:[151,618]  bool_core (num_cores=1 [cover] a=5 d=1 fixed=1/57 clauses=22)
#2       0.05s best:613   next:[151,612]  quick_restart_no_lp (fixed_bools=0/65)
#Bound   0.05s best:613   next:[181,612]  quick_restart
#3       0.05s best:612   next:[181,611]  violation_ls(batch:1 #solutions_imported:1 #lin_moves:0 #lin_evals:40 #gen_moves:21 #gen_evals:0 #comp_moves:7 #backtracks:7 #weight_updates:0)
#4       0.05s best:609   next:[181,608]  no_lp (fixed_bools=0/70)
#Bound   0.05s best:609   next:[202,608]  default_lp
#5       0.05s best:515   next:[202,514]  no_lp (fixed_bools=0/75)
#6       0.05s best:514   next:[202,513]  violation_ls(batch:1 #solutions_imported:1 #lin_moves:4 #lin_evals:23 #weight_updates:3)
#7       0.05s best:513   next:[202,512]  violation_ls(batch:1 #solutions_imported:1 #lin_moves:0 #lin_evals:10 #gen_moves:4 #gen_evals:0 #comp_moves:4 #backtracks:0 #weight_updates:0)
#8       0.05s best:499   next:[202,498]  no_lp (fixed_bools=0/79)
#Bound   0.05s best:499   next:[211,498]  objective_lb_search_no_lp
#9       0.05s best:484   next:[211,483]  no_lp (fixed_bools=0/82)
#10      0.05s best:483   next:[211,482]  violation_ls(batch:2 #solutions_imported:2 #lin_moves:0 #lin_evals:53 #gen_moves:27 #gen_evals:0 #comp_moves:13 #backtracks:7 #weight_updates:0)
#11      0.05s best:482   next:[211,481]  violation_ls(batch:2 #solutions_imported:2 #lin_moves:0 #lin_evals:20 #gen_moves:10 #gen_evals:0 #comp_moves:10 #backtracks:0 #weight_updates:0)
#12      0.05s best:468   next:[211,467]  no_lp (fixed_bools=0/86)
#13      0.05s best:464   next:[211,463]  no_lp (fixed_bools=0/94)
#14      0.06s best:364   next:[211,363]  no_lp (fixed_bools=0/99)
#Bound   0.06s best:364   next:[212,363]  objective_lb_search_no_lp
#Bound   0.06s best:364   next:[214,363]  objective_lb_search_no_lp
#Bound   0.06s best:364   next:[217,363]  objective_lb_search_no_lp
#15      0.06s best:352   next:[217,351]  no_lp (fixed_bools=0/107)
#Bound   0.06s best:352   next:[267,351]  objective_lb_search_no_lp
#16      0.06s best:351   next:[267,350]  violation_ls(batch:4 #solutions_imported:4 #lin_moves:393 #lin_evals:1'583 #gen_moves:66 #gen_evals:0 #comp_moves:10 #backtracks:28 #weight_updates:185)
#17      0.06s best:350   next:[267,349]  violation_ls(batch:4 #solutions_imported:4 #lin_moves:240 #lin_evals:902 #gen_moves:4 #gen_evals:0 #comp_moves:4 #backtracks:0 #weight_updates:117)
#18      0.06s best:348   next:[267,347]  no_lp (fixed_bools=0/113)
#Bound   0.06s best:348   next:[268,347]  objective_lb_search_no_lp
#19      0.06s best:334   next:[268,333]  no_lp (fixed_bools=0/123)
#Bound   0.06s best:334   next:[284,333]  objective_lb_search_no_lp
#Bound   0.06s best:334   next:[289,333]  objective_lb_search_no_lp
#Bound   0.06s best:334   next:[302,333]  objective_lb_search_no_lp
#Model   0.06s var:79/80 constraints:280/420
#Bound   0.07s best:334   next:[314,333]  objective_lb_search_no_lp
#Done    0.07s no_lp
#Done    0.07s objective_lb_search_no_lp
#Model   0.07s var:77/80 constraints:243/420
#Done    0.07s quick_restart
#Model   0.07s var:75/80 constraints:205/420

Task timing                                  n [     min,      max]      avg      dev     time         n [     min,      max]      avg      dev    dtime
                             'core':         1 [ 23.64ms,  23.64ms]  23.64ms   0.00ns  23.64ms         1 [  2.73ms,   2.73ms]   2.73ms   0.00ns   2.73ms
                       'default_lp':         1 [ 23.78ms,  23.78ms]  23.78ms   0.00ns  23.78ms         1 [534.28us, 534.28us] 534.28us   0.00ns 534.28us
                 'feasibility_pump':         3 [924.91us,  10.39ms]   4.76ms   4.07ms  14.28ms         2 [464.86us,   1.32ms] 891.92us 427.05us   1.78ms
                  'fj_long_default':         0 [  0.00ns,   0.00ns]   0.00ns   0.00ns   0.00ns         0 [  0.00ns,   0.00ns]   0.00ns   0.00ns   0.00ns
                  'fj_long_default':         0 [  0.00ns,   0.00ns]   0.00ns   0.00ns   0.00ns         0 [  0.00ns,   0.00ns]   0.00ns   0.00ns   0.00ns
              'fj_long_lin_default':         0 [  0.00ns,   0.00ns]   0.00ns   0.00ns   0.00ns         0 [  0.00ns,   0.00ns]   0.00ns   0.00ns   0.00ns
              'fj_long_lin_perturb':         0 [  0.00ns,   0.00ns]   0.00ns   0.00ns   0.00ns         0 [  0.00ns,   0.00ns]   0.00ns   0.00ns   0.00ns
               'fj_long_lin_random':         0 [  0.00ns,   0.00ns]   0.00ns   0.00ns   0.00ns         0 [  0.00ns,   0.00ns]   0.00ns   0.00ns   0.00ns
                  'fj_long_perturb':         0 [  0.00ns,   0.00ns]   0.00ns   0.00ns   0.00ns         0 [  0.00ns,   0.00ns]   0.00ns   0.00ns   0.00ns
                   'fj_long_random':         0 [  0.00ns,   0.00ns]   0.00ns   0.00ns   0.00ns         0 [  0.00ns,   0.00ns]   0.00ns   0.00ns   0.00ns
                 'fj_short_default':         0 [  0.00ns,   0.00ns]   0.00ns   0.00ns   0.00ns         0 [  0.00ns,   0.00ns]   0.00ns   0.00ns   0.00ns
                 'fj_short_default':         0 [  0.00ns,   0.00ns]   0.00ns   0.00ns   0.00ns         0 [  0.00ns,   0.00ns]   0.00ns   0.00ns   0.00ns
             'fj_short_lin_default':         0 [  0.00ns,   0.00ns]   0.00ns   0.00ns   0.00ns         0 [  0.00ns,   0.00ns]   0.00ns   0.00ns   0.00ns
             'fj_short_lin_default':         0 [  0.00ns,   0.00ns]   0.00ns   0.00ns   0.00ns         0 [  0.00ns,   0.00ns]   0.00ns   0.00ns   0.00ns
             'fj_short_lin_perturb':         0 [  0.00ns,   0.00ns]   0.00ns   0.00ns   0.00ns         0 [  0.00ns,   0.00ns]   0.00ns   0.00ns   0.00ns
              'fj_short_lin_random':         0 [  0.00ns,   0.00ns]   0.00ns   0.00ns   0.00ns         0 [  0.00ns,   0.00ns]   0.00ns   0.00ns   0.00ns
                 'fj_short_perturb':         0 [  0.00ns,   0.00ns]   0.00ns   0.00ns   0.00ns         0 [  0.00ns,   0.00ns]   0.00ns   0.00ns   0.00ns
                  'fj_short_random':         0 [  0.00ns,   0.00ns]   0.00ns   0.00ns   0.00ns         0 [  0.00ns,   0.00ns]   0.00ns   0.00ns   0.00ns
                        'fs_random':         0 [  0.00ns,   0.00ns]   0.00ns   0.00ns   0.00ns         0 [  0.00ns,   0.00ns]   0.00ns   0.00ns   0.00ns
                        'fs_random':         0 [  0.00ns,   0.00ns]   0.00ns   0.00ns   0.00ns         0 [  0.00ns,   0.00ns]   0.00ns   0.00ns   0.00ns
                        'fs_random':         0 [  0.00ns,   0.00ns]   0.00ns   0.00ns   0.00ns         0 [  0.00ns,   0.00ns]   0.00ns   0.00ns   0.00ns
                        'fs_random':         0 [  0.00ns,   0.00ns]   0.00ns   0.00ns   0.00ns         0 [  0.00ns,   0.00ns]   0.00ns   0.00ns   0.00ns
                  'fs_random_no_lp':         0 [  0.00ns,   0.00ns]   0.00ns   0.00ns   0.00ns         0 [  0.00ns,   0.00ns]   0.00ns   0.00ns   0.00ns
                  'fs_random_no_lp':         0 [  0.00ns,   0.00ns]   0.00ns   0.00ns   0.00ns         0 [  0.00ns,   0.00ns]   0.00ns   0.00ns   0.00ns
                  'fs_random_no_lp':         0 [  0.00ns,   0.00ns]   0.00ns   0.00ns   0.00ns         0 [  0.00ns,   0.00ns]   0.00ns   0.00ns   0.00ns
                  'fs_random_no_lp':         0 [  0.00ns,   0.00ns]   0.00ns   0.00ns   0.00ns         0 [  0.00ns,   0.00ns]   0.00ns   0.00ns   0.00ns
          'fs_random_quick_restart':         0 [  0.00ns,   0.00ns]   0.00ns   0.00ns   0.00ns         0 [  0.00ns,   0.00ns]   0.00ns   0.00ns   0.00ns
          'fs_random_quick_restart':         0 [  0.00ns,   0.00ns]   0.00ns   0.00ns   0.00ns         0 [  0.00ns,   0.00ns]   0.00ns   0.00ns   0.00ns
          'fs_random_quick_restart':         0 [  0.00ns,   0.00ns]   0.00ns   0.00ns   0.00ns         0 [  0.00ns,   0.00ns]   0.00ns   0.00ns   0.00ns
          'fs_random_quick_restart':         0 [  0.00ns,   0.00ns]   0.00ns   0.00ns   0.00ns         0 [  0.00ns,   0.00ns]   0.00ns   0.00ns   0.00ns
    'fs_random_quick_restart_no_lp':         0 [  0.00ns,   0.00ns]   0.00ns   0.00ns   0.00ns         0 [  0.00ns,   0.00ns]   0.00ns   0.00ns   0.00ns
    'fs_random_quick_restart_no_lp':         0 [  0.00ns,   0.00ns]   0.00ns   0.00ns   0.00ns         0 [  0.00ns,   0.00ns]   0.00ns   0.00ns   0.00ns
    'fs_random_quick_restart_no_lp':         0 [  0.00ns,   0.00ns]   0.00ns   0.00ns   0.00ns         0 [  0.00ns,   0.00ns]   0.00ns   0.00ns   0.00ns
                    'graph_arc_lns':         4 [  1.69ms,   4.06ms]   3.26ms 928.46us  13.03ms         3 [ 10.00ns,  37.74us]  17.82us  15.47us  53.45us
                    'graph_cst_lns':         4 [447.85us, 591.02us] 532.01us  53.38us   2.13ms         0 [  0.00ns,   0.00ns]   0.00ns   0.00ns   0.00ns
                    'graph_dec_lns':         4 [  1.65ms,   3.68ms]   2.57ms 739.98us  10.27ms         3 [ 10.00ns,  10.00ns]  10.00ns   0.00ns  30.00ns
                    'graph_var_lns':         4 [  1.11ms,   3.64ms]   2.73ms 966.16us  10.91ms         4 [ 10.00ns,  27.55us]  12.84us   9.87us  51.36us
                   'lb_tree_search':         1 [ 21.40ms,  21.40ms]  21.40ms   0.00ns  21.40ms         0 [  0.00ns,   0.00ns]   0.00ns   0.00ns   0.00ns
                           'max_lp':         1 [ 22.96ms,  22.96ms]  22.96ms   0.00ns  22.96ms         0 [  0.00ns,   0.00ns]   0.00ns   0.00ns   0.00ns
                            'no_lp':         1 [ 22.76ms,  22.76ms]  22.76ms   0.00ns  22.76ms         1 [  2.58ms,   2.58ms]   2.58ms   0.00ns   2.58ms
              'objective_lb_search':         1 [ 20.41ms,  20.41ms]  20.41ms   0.00ns  20.41ms         1 [310.85us, 310.85us] 310.85us   0.00ns 310.85us
       'objective_lb_search_max_lp':         1 [ 16.55ms,  16.55ms]  16.55ms   0.00ns  16.55ms         1 [323.56us, 323.56us] 323.56us   0.00ns 323.56us
        'objective_lb_search_no_lp':         1 [ 16.15ms,  16.15ms]  16.15ms   0.00ns  16.15ms         1 [  1.73ms,   1.73ms]   1.73ms   0.00ns   1.73ms
  'objective_shaving_search_max_lp':         5 [722.23us,   3.58ms]   1.97ms   1.08ms   9.84ms         0 [  0.00ns,   0.00ns]   0.00ns   0.00ns   0.00ns
   'objective_shaving_search_no_lp':         5 [980.18us,   3.83ms]   2.23ms   1.04ms  11.13ms         0 [  0.00ns,   0.00ns]   0.00ns   0.00ns   0.00ns
                          'probing':         1 [ 20.88ms,  20.88ms]  20.88ms   0.00ns  20.88ms         1 [213.22us, 213.22us] 213.22us   0.00ns 213.22us
                   'probing_max_lp':         1 [ 16.77ms,  16.77ms]  16.77ms   0.00ns  16.77ms         0 [  0.00ns,   0.00ns]   0.00ns   0.00ns   0.00ns
                     'pseudo_costs':         1 [ 21.67ms,  21.67ms]  21.67ms   0.00ns  21.67ms         1 [653.47us, 653.47us] 653.47us   0.00ns 653.47us
                    'quick_restart':         1 [ 22.57ms,  22.57ms]  22.57ms   0.00ns  22.57ms         1 [376.04us, 376.04us] 376.04us   0.00ns 376.04us
              'quick_restart_no_lp':         1 [ 21.67ms,  21.67ms]  21.67ms   0.00ns  21.67ms         1 [  2.43ms,   2.43ms]   2.43ms   0.00ns   2.43ms
                    'reduced_costs':         1 [ 22.16ms,  22.16ms]  22.16ms   0.00ns  22.16ms         1 [494.40us, 494.40us] 494.40us   0.00ns 494.40us
                        'rins/rens':         5 [106.00us,   7.63ms]   3.38ms   3.08ms  16.90ms         2 [ 10.00ns, 628.29us] 314.15us 314.14us 628.30us
                      'rnd_cst_lns':         4 [  1.62ms,   9.95ms]   4.48ms   3.27ms  17.92ms         3 [ 10.00ns,  37.25us]  17.73us  15.25us  53.20us
                      'rnd_var_lns':         4 [  1.35ms,   7.96ms]   3.78ms   2.66ms  15.12ms         3 [ 10.00ns,  36.82us]  12.28us  17.35us  36.84us
                     'violation_ls':         3 [164.28us,  10.51ms]   3.72ms   4.80ms  11.17ms         3 [  7.54us,   3.82ms]   1.28ms   1.80ms   3.84ms
                     'violation_ls':         3 [436.34us,  10.12ms]   4.02ms   4.33ms  12.06ms         3 [  7.38us,   3.74ms]   1.42ms   1.65ms   4.26ms
                     'violation_ls':         4 [118.03us,   1.46ms] 553.51us 539.82us   2.21ms         4 [  7.09us, 537.26us] 145.57us 226.19us 582.30us
                     'violation_ls':         4 [163.39us,   2.60ms] 925.15us 974.02us   3.70ms         4 [  8.23us, 953.78us] 274.19us 394.96us   1.10ms
                     'violation_ls':         5 [160.66us,   2.55ms] 893.89us 867.28us   4.47ms         5 [ 14.02us, 928.47us] 285.24us 351.48us   1.43ms

Search stats                        Bools  Conflicts  Branches  Restarts  BoolPropag  IntegerPropag
                           'core':    515         85       667       317      10'478         13'951
                     'default_lp':     69          0       125        91          84            728
                      'fs_random':      0          0         0         0           0              0
                      'fs_random':      0          0         0         0           0              0
                      'fs_random':      0          0         0         0           0              0
                      'fs_random':      0          0         0         0           0              0
                'fs_random_no_lp':      0          0         0         0           0              0
                'fs_random_no_lp':      0          0         0         0           0              0
                'fs_random_no_lp':      0          0         0         0           0              0
                'fs_random_no_lp':      0          0         0         0           0              0
        'fs_random_quick_restart':      0          0         0         0           0              0
        'fs_random_quick_restart':      0          0         0         0           0              0
        'fs_random_quick_restart':      0          0         0         0           0              0
        'fs_random_quick_restart':      0          0         0         0           0              0
  'fs_random_quick_restart_no_lp':      0          0         0         0           0              0
  'fs_random_quick_restart_no_lp':      0          0         0         0           0              0
  'fs_random_quick_restart_no_lp':      0          0         0         0           0              0
                 'lb_tree_search':     45          0        90        90          50            484
                         'max_lp':     45          0        90        90          50            484
                          'no_lp':    123         59       908       261       2'696         15'352
            'objective_lb_search':     47          3        94        91          87            779
     'objective_lb_search_max_lp':     45          0        90        90          55            604
      'objective_lb_search_no_lp':     57         69       400       221       1'236         10'478
                        'probing':     47          1        93        93          63            557
                 'probing_max_lp':     45          0        90        90          50            484
                   'pseudo_costs':     45          0        90        90          55            601
                  'quick_restart':     45          0        93        91          55            500
            'quick_restart_no_lp':     65         81       632       251       1'591         15'001
                  'reduced_costs':     45          0        90        90          55            601

SAT stats                           ClassicMinim  LitRemoved  LitLearned  LitForgotten  Subsumed  MClauses  MDecisions  MLitTrue  MSubsumed  MLitRemoved  MReused
                           'core':             3          12          32             0         0        33         159         0          1            4        5
                     'default_lp':             0           0           0             0         0         0           0         0          0            0        0
                      'fs_random':             0           0           0             0         0         0           0         0          0            0        0
                      'fs_random':             0           0           0             0         0         0           0         0          0            0        0
                      'fs_random':             0           0           0             0         0         0           0         0          0            0        0
                      'fs_random':             0           0           0             0         0         0           0         0          0            0        0
                'fs_random_no_lp':             0           0           0             0         0         0           0         0          0            0        0
                'fs_random_no_lp':             0           0           0             0         0         0           0         0          0            0        0
                'fs_random_no_lp':             0           0           0             0         0         0           0         0          0            0        0
                'fs_random_no_lp':             0           0           0             0         0         0           0         0          0            0        0
        'fs_random_quick_restart':             0           0           0             0         0         0           0         0          0            0        0
        'fs_random_quick_restart':             0           0           0             0         0         0           0         0          0            0        0
        'fs_random_quick_restart':             0           0           0             0         0         0           0         0          0            0        0
        'fs_random_quick_restart':             0           0           0             0         0         0           0         0          0            0        0
  'fs_random_quick_restart_no_lp':             0           0           0             0         0         0           0         0          0            0        0
  'fs_random_quick_restart_no_lp':             0           0           0             0         0         0           0         0          0            0        0
  'fs_random_quick_restart_no_lp':             0           0           0             0         0         0           0         0          0            0        0
                 'lb_tree_search':             0           0           0             0         0         0           0         0          0            0        0
                         'max_lp':             0           0           0             0         0         0           0         0          0            0        0
                          'no_lp':            24          38         246             0         5        35         174         0          1            5        5
            'objective_lb_search':             1           2           5             0         0         0           0         0          0            0        0
     'objective_lb_search_max_lp':             0           0           0             0         0         0           0         0          0            0        0
      'objective_lb_search_no_lp':            34          50         176             0         8        30         145         0          0            0        5
                        'probing':             0           0           1             0         0         0           0         0          0            0        0
                 'probing_max_lp':             0           0           0             0         0         0           0         0          0            0        0
                   'pseudo_costs':             0           0           0             0         0         0           0         0          0            0        0
                  'quick_restart':             0           0           0             0         0         0           0         0          0            0        0
            'quick_restart_no_lp':            29          41         575             0         4        32         155         0          0            0        5
                  'reduced_costs':             0           0           0             0         0         0           0         0          0            0        0

Lp stats                         Component  Iterations  AddedCuts  OPTIMAL  DUAL_F.  DUAL_U.
                  'default_lp':          1         127        143       24        0        0
              'lb_tree_search':          1          34        167        1        0        0
                      'max_lp':          1          34        182        1        0        0
         'objective_lb_search':          1          76        173       15        0        0
  'objective_lb_search_max_lp':          1          89        189        9        0        0
                     'probing':          1          67        168       13        0        0
              'probing_max_lp':          1          34        126        1        0        0
                'pseudo_costs':          1         124        214       11        0        0
               'quick_restart':          1          88        170       19        0        0
               'reduced_costs':          1         107        217       11        0        0

Lp dimension                                                                    Final dimension of first component
                  'default_lp':    88 rows, 77 columns, 266 entries with magnitude in [4.109173e-03, 1.000000e+00]
              'lb_tree_search':  420 rows, 80 columns, 2806 entries with magnitude in [3.298696e-02, 1.000000e+00]
                      'max_lp':  420 rows, 80 columns, 2806 entries with magnitude in [3.298696e-02, 1.000000e+00]
         'objective_lb_search':    93 rows, 77 columns, 319 entries with magnitude in [5.149329e-03, 1.000000e+00]
  'objective_lb_search_max_lp':   117 rows, 80 columns, 370 entries with magnitude in [3.573162e-02, 1.000000e+00]
                     'probing':    84 rows, 77 columns, 306 entries with magnitude in [2.430164e-02, 1.000000e+00]
              'probing_max_lp':  420 rows, 80 columns, 2806 entries with magnitude in [3.298696e-02, 1.000000e+00]
                'pseudo_costs':   153 rows, 80 columns, 544 entries with magnitude in [3.594008e-03, 1.000000e+00]
               'quick_restart':    98 rows, 77 columns, 337 entries with magnitude in [4.380184e-03, 1.000000e+00]
               'reduced_costs':   143 rows, 80 columns, 480 entries with magnitude in [1.807754e-03, 1.000000e+00]

Lp debug                         CutPropag  CutEqPropag  Adjust  Overflow  Bad  BadScaling
                  'default_lp':          0            0      16         0  176           0
              'lb_tree_search':          0            0       0         0  131           0
                      'max_lp':          0            0       0         0  118           0
         'objective_lb_search':          0            0       6         0   96           0
  'objective_lb_search_max_lp':          1            0       0         0  117           0
                     'probing':          0            0       4         0  132           0
              'probing_max_lp':          0            0       0         0  105           0
                'pseudo_costs':          1            0       0         0  176           0
               'quick_restart':          0            0      10         0  137           0
               'reduced_costs':          1            0       0         0  175           0

Lp pool                          Constraints  Updates  Simplif  Merged  Shortened  Split  Strenghtened  Cuts/Call
                  'default_lp':          229        0        1       0          0      0            10    143/339
              'lb_tree_search':          587        4        0       0          0      2            47    167/273
                      'max_lp':          602        4        0       0          0      2            47    182/288
         'objective_lb_search':          246       27       41      13          0      1           108    173/321
  'objective_lb_search_max_lp':          598       36      348      11          0      4           687    189/292
                     'probing':          254        1        0       0          0      0            14    168/339
              'probing_max_lp':          546        3        0       0          0      1            35    126/205
                'pseudo_costs':          626       35      424       8          0     10           941    214/338
               'quick_restart':          256        0        1       0          0      0            22    170/363
               'reduced_costs':          627       36      423      10          0      8           963    217/365

Lp Cut            defaul  max_lp  quick_  reduce  pseudo  lb_tre  probin  object  probin  object
          CG_FF:      11      24      13      14      16      24      10      13      13      11
           CG_K:       7       4      10       8       8       4       7      10       1       7
           CG_R:       4      30       8       8       8      30       3       8      16       7
          CG_RB:      23      14      16      12      14      14      34      16      11      10
         CG_RBP:       3       6       3       4       6       6       2       4       2       2
             IB:      60      45      63      94      92      46      62      67      46      94
       MIR_1_FF:       8       6       5      11      11       6       7       8       8       9
        MIR_1_K:       -       2       -       1       1       1       -       -       2       2
       MIR_1_RB:       7       5      10      11      10       4       8      14       5       6
      MIR_1_RBP:       1       3       1       4       3       3       -       -       3       2
      MIR_1_RLT:       -       1       -      15      15       1       -       -       1      15
       MIR_2_FF:       2       3       5       4       4       1       4       2       -       4
        MIR_2_K:       2       -       1       2       -       1       1       1       -       1
        MIR_2_R:       3       -       2       2       3       -       2       1       -       3
       MIR_2_RB:       3       1       5       3       2       1       8       4       -       4
      MIR_2_RBP:       1       1       1       -       1       -       -       1       -       -
       MIR_3_FF:       -       4       1       1       -       4       -       -       4       2
        MIR_3_K:       -       2       1       -       -       3       -       -       2       -
        MIR_3_R:       -       3       1       1       2       2       -       -       3       -
       MIR_3_RB:       1       2       3       1       1       2       2       2       1       3
      MIR_3_RBP:       -       2       -       -       -       -       -       -       1       -
       MIR_4_FF:       -       1       -       2       2       1       -       -       1       -
        MIR_4_K:       -       -       -       1       -       -       -       -       -       -
        MIR_4_R:       1       1       3       -       -       2       1       1       1       -
       MIR_4_RB:       -       1       2       2       1       2       -       -       1       -
      MIR_4_RBP:       -       -       -       -       1       -       -       -       -       -
       MIR_5_FF:       -       1       1       -       -       1       -       1       1       -
        MIR_5_K:       -       1       -       -       -       -       -       -       1       -
        MIR_5_R:       -       1       1       -       -       1       -       -       1       -
       MIR_5_RB:       -       1       1       -       -       1       -       -       1       -
       MIR_6_FF:       -       -       2       1       -       -       -       2       -       -
        MIR_6_K:       -       -       -       1       -       -       -       -       -       -
       MIR_6_RB:       -       -       -       1       -       -       -       -       -       -
   ZERO_HALF_FF:       2       5       4       4       2       2       4       6       -       3
    ZERO_HALF_K:       -       1       -       -       -       1       -       1       -       -
    ZERO_HALF_R:       3       3       2       4       7       1       5       4       -       1
   ZERO_HALF_RB:       1       4       4       5       3       1       7       5       -       3
  ZERO_HALF_RBP:       -       4       1       -       1       1       1       2       -       -

LNS stats           Improv/Calls  Closed  Difficulty  TimeLimit
  'graph_arc_lns':           0/3    100%        0.88       0.10
  'graph_cst_lns':           0/0      0%        0.50       0.10
  'graph_dec_lns':           0/3    100%        0.88       0.10
  'graph_var_lns':           2/4    100%        0.91       0.10
      'rins/rens':           2/3    100%        0.88       0.10
    'rnd_cst_lns':           2/3    100%        0.88       0.10
    'rnd_var_lns':           1/3    100%        0.88       0.10

LS stats                   Batches  Restarts  LinMoves  GenMoves  CompoundMoves  WeightUpdates
       'fj_long_default':        0         0         0         0              0              0
       'fj_long_default':        0         0         0         0              0              0
   'fj_long_lin_default':        0         0         0         0              0              0
   'fj_long_lin_perturb':        0         0         0         0              0              0
    'fj_long_lin_random':        0         0         0         0              0              0
       'fj_long_perturb':        0         0         0         0              0              0
        'fj_long_random':        0         0         0         0              0              0
      'fj_short_default':        0         0         0         0              0              0
      'fj_short_default':        0         0         0         0              0              0
  'fj_short_lin_default':        0         0         0         0              0              0
  'fj_short_lin_default':        0         0         0         0              0              0
  'fj_short_lin_perturb':        0         0         0         0              0              0
   'fj_short_lin_random':        0         0         0         0              0              0
      'fj_short_perturb':        0         0         0         0              0              0
       'fj_short_random':        0         0         0         0              0              0
          'violation_ls':        3         0         0     1'485             37             15
          'violation_ls':        3         0       208     1'412             68            104
          'violation_ls':        4         0       240         4              4            117
          'violation_ls':        4         0       393        66             10            185
          'violation_ls':        5         0       506        49             19            211

Solutions (19)            Num    Rank
                'no_lp':   11  [1,19]
  'quick_restart_no_lp':    1   [2,2]
         'violation_ls':    7  [3,17]

Objective bounds                Num
                  'bool_core':    3
                 'default_lp':    1
             'initial_domain':    1
  'objective_lb_search_no_lp':   10
              'quick_restart':    1

Solution repositories    Added  Queried  Ignored  Synchro
  'feasible solutions':     45       80        0       35
        'lp solutions':      0        0        0        0
                'pump':     26        4

Improving bounds shared          Num
                        'core':    2
                       'no_lp':  381
  'objective_lb_search_max_lp':   18
         'quick_restart_no_lp':   43
               'reduced_costs':    1

Clauses shared            Num
                'no_lp':    6
  'quick_restart_no_lp':    1

CpSolverResponse summary:
status: OPTIMAL
objective: 334
best_bound: 334
integers: 0
booleans: 0
conflicts: 0
branches: 0
propagations: 0
integer_propagations: 0
restarts: 0
lp_iterations: 0
walltime: 0.0727786
usertime: 0.0727787
deterministic_time: 0.0273603
gap_integral: 0.0398713
solution_fingerprint: 0xe478a179bdd6b294


--- Simulation Gantt à partir du modèle mathématique ---
{'big':1, 'due_date':84, 'pos_time':5, 'status':1, 'blocked':1, 'operations':["{'type':1, 'processing_time':57}", "{'type':0, 'processing_time':33}"]}
{'big':0, 'due_date':78, 'pos_time':5, 'status':3, 'blocked':0, 'operations':["{'type':0, 'processing_time':55}"]}
{'big':1, 'due_date':101, 'pos_time':5, 'status':0, 'blocked':2, 'operations':["{'type':1, 'processing_time':14}"]}
{'big':0, 'due_date':68, 'pos_time':5, 'status':3, 'blocked':2, 'operations':["{'type':0, 'processing_time':38}"]}
{'big':0, 'due_date':57, 'pos_time':5, 'status':0, 'blocked':0, 'operations':["{'type':0, 'processing_time':15}"]}
