created virtual environment CPython3.12.4.final.0-64 in 9198ms
  creator CPython3Posix(dest=/localscratch/aneumann.63393164.0/env, clear=False, no_vcs_ignore=False, global=False)
  seeder FromAppData(download=False, pip=bundle, via=copy, app_data_dir=/home/aneumann/.local/share/virtualenv)
    added seed packages: pip==25.1.1
  activators BashActivator,CShellActivator,FishActivator,NushellActivator,PowerShellActivator,PythonActivator
Looking in links: /cvmfs/soft.computecanada.ca/custom/python/wheelhouse/gentoo2023/x86-64-v3, /cvmfs/soft.computecanada.ca/custom/python/wheelhouse/gentoo2023/generic, /cvmfs/soft.computecanada.ca/custom/python/wheelhouse/generic
Requirement already satisfied: pip in /localscratch/aneumann.63393164.0/env/lib/python3.12/site-packages (25.1.1)
Looking in links: /cvmfs/soft.computecanada.ca/custom/python/wheelhouse/gentoo2023/x86-64-v3, /cvmfs/soft.computecanada.ca/custom/python/wheelhouse/gentoo2023/generic, /cvmfs/soft.computecanada.ca/custom/python/wheelhouse/generic
ERROR: protobuf-5.28.3-cp38-abi3-manylinux2014_x86_64.whl is not a supported wheel on this platform.
Looking in links: /cvmfs/soft.computecanada.ca/custom/python/wheelhouse/gentoo2023/x86-64-v3, /cvmfs/soft.computecanada.ca/custom/python/wheelhouse/gentoo2023/generic, /cvmfs/soft.computecanada.ca/custom/python/wheelhouse/generic
Processing /home/aneumann/projects/def-adhaj/aneumann/GNRS/wheels/immutabledict-4.2.0-py3-none-any.whl
Installing collected packages: immutabledict
Successfully installed immutabledict-4.2.0
Looking in links: /cvmfs/soft.computecanada.ca/custom/python/wheelhouse/gentoo2023/x86-64-v3, /cvmfs/soft.computecanada.ca/custom/python/wheelhouse/gentoo2023/generic, /cvmfs/soft.computecanada.ca/custom/python/wheelhouse/generic
Processing /cvmfs/soft.computecanada.ca/custom/python/wheelhouse/generic/ortools-9.10.4067+computecanada-cp312-cp312-linux_x86_64.whl (from -r /home/aneumann/projects/def-adhaj/aneumann/GNRS/requirements/or.txt (line 1))
Processing /cvmfs/soft.computecanada.ca/custom/python/wheelhouse/gentoo2023/x86-64-v3/matplotlib-3.10.0+computecanada-cp312-cp312-linux_x86_64.whl (from -r /home/aneumann/projects/def-adhaj/aneumann/GNRS/requirements/or.txt (line 2))
Processing /cvmfs/soft.computecanada.ca/custom/python/wheelhouse/gentoo2023/x86-64-v3/pandas-2.2.3+computecanada-cp312-cp312-linux_x86_64.whl (from -r /home/aneumann/projects/def-adhaj/aneumann/GNRS/requirements/or.txt (line 3))
Processing /cvmfs/soft.computecanada.ca/custom/python/wheelhouse/generic/absl_py-2.2.2+computecanada-py3-none-any.whl (from ortools<9.11,>=9.10->-r /home/aneumann/projects/def-adhaj/aneumann/GNRS/requirements/or.txt (line 1))
Processing /cvmfs/soft.computecanada.ca/custom/python/wheelhouse/gentoo2023/generic/numpy-2.2.2+computecanada-cp312-cp312-linux_x86_64.whl (from ortools<9.11,>=9.10->-r /home/aneumann/projects/def-adhaj/aneumann/GNRS/requirements/or.txt (line 1))
Processing /cvmfs/soft.computecanada.ca/custom/python/wheelhouse/gentoo2023/x86-64-v3/protobuf-6.30.2+computecanada-cp312-cp312-linux_x86_64.whl (from ortools<9.11,>=9.10->-r /home/aneumann/projects/def-adhaj/aneumann/GNRS/requirements/or.txt (line 1))
Requirement already satisfied: immutabledict>=3.0.0 in /localscratch/aneumann.63393164.0/env/lib/python3.12/site-packages (from ortools<9.11,>=9.10->-r /home/aneumann/projects/def-adhaj/aneumann/GNRS/requirements/or.txt (line 1)) (4.2.0)
Processing /cvmfs/soft.computecanada.ca/custom/python/wheelhouse/gentoo2023/generic/contourpy-1.3.1+computecanada-cp312-cp312-linux_x86_64.whl (from matplotlib->-r /home/aneumann/projects/def-adhaj/aneumann/GNRS/requirements/or.txt (line 2))
Processing /cvmfs/soft.computecanada.ca/custom/python/wheelhouse/generic/cycler-0.12.1+computecanada-py3-none-any.whl (from matplotlib->-r /home/aneumann/projects/def-adhaj/aneumann/GNRS/requirements/or.txt (line 2))
Processing /cvmfs/soft.computecanada.ca/custom/python/wheelhouse/generic/fonttools-4.58.2+computecanada-cp312-cp312-linux_x86_64.whl (from matplotlib->-r /home/aneumann/projects/def-adhaj/aneumann/GNRS/requirements/or.txt (line 2))
Processing /cvmfs/soft.computecanada.ca/custom/python/wheelhouse/gentoo2023/x86-64-v3/kiwisolver-1.4.8+computecanada-cp312-cp312-linux_x86_64.whl (from matplotlib->-r /home/aneumann/projects/def-adhaj/aneumann/GNRS/requirements/or.txt (line 2))
Processing /cvmfs/soft.computecanada.ca/custom/python/wheelhouse/generic/packaging-25.0+computecanada-py3-none-any.whl (from matplotlib->-r /home/aneumann/projects/def-adhaj/aneumann/GNRS/requirements/or.txt (line 2))
Processing /cvmfs/soft.computecanada.ca/custom/python/wheelhouse/gentoo2023/x86-64-v3/pillow-11.1.0+computecanada-cp312-cp312-linux_x86_64.whl (from matplotlib->-r /home/aneumann/projects/def-adhaj/aneumann/GNRS/requirements/or.txt (line 2))
Processing /cvmfs/soft.computecanada.ca/custom/python/wheelhouse/generic/pyparsing-3.2.1+computecanada-py3-none-any.whl (from matplotlib->-r /home/aneumann/projects/def-adhaj/aneumann/GNRS/requirements/or.txt (line 2))
Processing /cvmfs/soft.computecanada.ca/custom/python/wheelhouse/generic/python_dateutil-2.9.0.post0+computecanada-py2.py3-none-any.whl (from matplotlib->-r /home/aneumann/projects/def-adhaj/aneumann/GNRS/requirements/or.txt (line 2))
Processing /cvmfs/soft.computecanada.ca/custom/python/wheelhouse/generic/pytz-2025.2+computecanada-py2.py3-none-any.whl (from pandas->-r /home/aneumann/projects/def-adhaj/aneumann/GNRS/requirements/or.txt (line 3))
Processing /cvmfs/soft.computecanada.ca/custom/python/wheelhouse/generic/tzdata-2025.2+computecanada-py2.py3-none-any.whl (from pandas->-r /home/aneumann/projects/def-adhaj/aneumann/GNRS/requirements/or.txt (line 3))
Processing /cvmfs/soft.computecanada.ca/custom/python/wheelhouse/generic/six-1.17.0+computecanada-py2.py3-none-any.whl (from python-dateutil>=2.7->matplotlib->-r /home/aneumann/projects/def-adhaj/aneumann/GNRS/requirements/or.txt (line 2))
Installing collected packages: pytz, tzdata, six, pyparsing, protobuf, pillow, packaging, numpy, kiwisolver, fonttools, cycler, absl-py, python-dateutil, contourpy, pandas, matplotlib, ortools

Successfully installed absl-py-2.2.2+computecanada contourpy-1.3.1+computecanada cycler-0.12.1+computecanada fonttools-4.58.2+computecanada kiwisolver-1.4.8+computecanada matplotlib-3.10.0+computecanada numpy-2.2.2+computecanada ortools-9.10.4067+computecanada packaging-25.0+computecanada pandas-2.2.3+computecanada pillow-11.1.0+computecanada protobuf-6.30.2+computecanada pyparsing-3.2.1+computecanada python-dateutil-2.9.0.post0+computecanada pytz-2025.2+computecanada six-1.17.0+computecanada tzdata-2025.2+computecanada

Starting CP-SAT solver v9.10.4067
Parameters: max_time_in_seconds: 3600 max_memory_in_mb: 12000 log_search_progress: true enumerate_all_solutions: false absolute_gap_limit: 0 relative_gap_limit: 0
Setting number of workers to 48

Initial optimization model '': (model_fingerprint: 0x927d70edafcf6579)
#Variables: 102 (#ints: 4 in objective)
  - 63 Booleans in [0,1]
  - 39 in [0,294]
#kLinear1: 18
#kLinear2: 93
#kLinear3: 31
#kLinearN: 203 (#terms: 1'461)

Starting presolve at 0.00s
  9.52e-05s  0.00e+00d  [DetectDominanceRelations] 
  2.67e-03s  0.00e+00d  [PresolveToFixPoint] #num_loops=6 #num_dual_strengthening=3 
  1.10e-05s  0.00e+00d  [ExtractEncodingFromLinear] #potential_supersets=1 
[Symmetry] Graph for symmetry has 356 nodes and 772 arcs.
[Symmetry] Symmetry computation done. time: 0.000224388 dtime: 8.623e-05
[Symmetry] #generators: 1, average support size: 8
[Symmetry] The model contains 51 duplicate constraints !
[Symmetry] 4 orbits with sizes: 2,2,2,2
[Symmetry] Num fixable by intersecting at_most_one with orbits: 1 largest_orbit: 2
  7.14e-04s  3.89e-05d  [Probe] #probed=70 #fixed_bools=2 #new_bounds=13 #equiv=1 
  2.22e-05s  0.00e+00d  [MaxClique] 
  7.48e-05s  0.00e+00d  [DetectDominanceRelations] 
  1.05e-03s  0.00e+00d  [PresolveToFixPoint] #num_loops=4 #num_dual_strengthening=3 
  1.45e-04s  0.00e+00d  [ProcessAtMostOneAndLinear] 
  1.79e-04s  0.00e+00d  [DetectDuplicateConstraints] #duplicates=59 #without_enforcements=2 
  6.02e-05s  1.09e-06d  [DetectDominatedLinearConstraints] #relevant_constraints=79 #num_inclusions=30 
  8.09e-05s  0.00e+00d  [DetectDifferentVariables] #different=11 
  1.92e-05s  0.00e+00d  [ProcessSetPPC] #relevant_constraints=16 
  5.95e-06s  0.00e+00d  [FindAlmostIdenticalLinearConstraints] 
  5.12e-06s  0.00e+00d  [FindBigAtMostOneAndLinearOverlap] 
  6.90e-05s  1.64e-05d  [FindBigVerticalLinearOverlap] 
  7.93e-06s  4.70e-07d  [FindBigHorizontalLinearOverlap] #linears=16 
  3.13e-06s  0.00e+00d  [MergeClauses] 
  6.48e-05s  0.00e+00d  [DetectDominanceRelations] 
  3.94e-04s  0.00e+00d  [PresolveToFixPoint] #num_loops=1 #num_dual_strengthening=1 
  5.89e-05s  0.00e+00d  [DetectDominanceRelations] 
  3.69e-04s  0.00e+00d  [PresolveToFixPoint] #num_loops=1 #num_dual_strengthening=1 
[Symmetry] Graph for symmetry has 275 nodes and 525 arcs.
[Symmetry] Symmetry computation done. time: 4.6182e-05 dtime: 3.867e-05
  4.51e-04s  2.97e-05d  [Probe] #probed=66 
  7.34e-06s  0.00e+00d  [MaxClique] 
  7.28e-05s  0.00e+00d  [DetectDominanceRelations] 
  4.36e-04s  0.00e+00d  [PresolveToFixPoint] #num_loops=1 #num_dual_strengthening=1 
  1.19e-04s  0.00e+00d  [ProcessAtMostOneAndLinear] 
  1.12e-04s  0.00e+00d  [DetectDuplicateConstraints] #without_enforcements=2 
  5.75e-05s  1.09e-06d  [DetectDominatedLinearConstraints] #relevant_constraints=79 #num_inclusions=30 
  6.69e-05s  0.00e+00d  [DetectDifferentVariables] #different=11 
  1.24e-05s  0.00e+00d  [ProcessSetPPC] #relevant_constraints=16 
  6.48e-06s  0.00e+00d  [FindAlmostIdenticalLinearConstraints] 
  4.90e-06s  0.00e+00d  [FindBigAtMostOneAndLinearOverlap] 
  6.61e-05s  1.64e-05d  [FindBigVerticalLinearOverlap] 
  7.54e-06s  4.70e-07d  [FindBigHorizontalLinearOverlap] #linears=16 
  2.38e-06s  0.00e+00d  [MergeClauses] 
  7.08e-05s  0.00e+00d  [DetectDominanceRelations] 
  3.96e-04s  0.00e+00d  [PresolveToFixPoint] #num_loops=1 #num_dual_strengthening=1 
  5.85e-05s  0.00e+00d  [DetectDominanceRelations] 
  3.70e-04s  0.00e+00d  [PresolveToFixPoint] #num_loops=1 #num_dual_strengthening=1 
[Symmetry] Graph for symmetry has 275 nodes and 525 arcs.
[Symmetry] Symmetry computation done. time: 4.4985e-05 dtime: 3.867e-05
  4.51e-04s  2.97e-05d  [Probe] #probed=66 
  3.01e-06s  0.00e+00d  [MaxClique] 
  6.57e-05s  0.00e+00d  [DetectDominanceRelations] 
  4.00e-04s  0.00e+00d  [PresolveToFixPoint] #num_loops=1 #num_dual_strengthening=1 
  1.42e-04s  0.00e+00d  [ProcessAtMostOneAndLinear] 
  1.18e-04s  0.00e+00d  [DetectDuplicateConstraints] #without_enforcements=2 
  5.69e-05s  1.09e-06d  [DetectDominatedLinearConstraints] #relevant_constraints=79 #num_inclusions=30 
  7.43e-05s  0.00e+00d  [DetectDifferentVariables] #different=11 
  1.21e-05s  0.00e+00d  [ProcessSetPPC] #relevant_constraints=16 
  6.13e-06s  0.00e+00d  [FindAlmostIdenticalLinearConstraints] 
  5.07e-06s  0.00e+00d  [FindBigAtMostOneAndLinearOverlap] 
  6.34e-05s  1.64e-05d  [FindBigVerticalLinearOverlap] 
  7.62e-06s  4.70e-07d  [FindBigHorizontalLinearOverlap] #linears=16 
  2.26e-06s  0.00e+00d  [MergeClauses] 
  6.39e-05s  0.00e+00d  [DetectDominanceRelations] 
  3.90e-04s  0.00e+00d  [PresolveToFixPoint] #num_loops=1 #num_dual_strengthening=1 
  1.04e-05s  0.00e+00d  [ExpandObjective] 

Presolve summary:
  - 14 affine relations were detected.
  - rule 'TODO dual: add implied bound' was applied 20 times.
  - rule 'TODO dual: only one blocking constraint?' was applied 151 times.
  - rule 'TODO dual: only one blocking enforced constraint?' was applied 62 times.
  - rule 'TODO dual: only one unspecified blocking constraint?' was applied 52 times.
  - rule 'TODO duplicate: identical constraint with different enforcements' was applied 6 times.
  - rule 'affine: new relation' was applied 14 times.
  - rule 'at_most_one: removed literals' was applied 2 times.
  - rule 'at_most_one: size one' was applied 2 times.
  - rule 'deductions: 35 stored' was applied 1 time.
  - rule 'dual: fix variable' was applied 9 times.
  - rule 'dual: reduced domain' was applied 26 times.
  - rule 'duplicate: merged rhs of linear constraint' was applied 8 times.
  - rule 'duplicate: removed constraint' was applied 59 times.
  - rule 'enforcement: false literal' was applied 12 times.
  - rule 'enforcement: true literal' was applied 8 times.
  - rule 'exactly_one: x and not(x)' was applied 1 time.
  - rule 'incompatible linear: add implication' was applied 3 times.
  - rule 'linear: always true' was applied 132 times.
  - rule 'linear: doubleton free' was applied 5 times.
  - rule 'linear: empty' was applied 14 times.
  - rule 'linear: extracted enforcement literal' was applied 240 times.
  - rule 'linear: fixed or dup variables' was applied 207 times.
  - rule 'linear: positive equal one' was applied 1 time.
  - rule 'linear: reduced variable domains' was applied 46 times.
  - rule 'linear: remapped using affine relations' was applied 175 times.
  - rule 'linear: simplified rhs' was applied 557 times.
  - rule 'linear: singleton column' was applied 3 times.
  - rule 'linear: variable substitution 1' was applied 5 times.
  - rule 'presolve: 40 unused variables removed.' was applied 1 time.
  - rule 'presolve: iteration' was applied 3 times.
  - rule 'probing: reduced enforced constraint to implication.' was applied 2 times.
  - rule 'symmetry: fixed to false in general orbit' was applied 1 time.

Presolved optimization model '': (model_fingerprint: 0x2d883c9c9866006f)
#Variables: 40 (#ints: 4 in objective)
  - 14 Booleans in [0,1]
  - 1 in [0,7]
  - 2 in [0,168]
  - 2 in [0,178]
  - 1 in [0,218]
  - 1 in [0,231]
  - 1 in [0,233]
  - 1 in [3,181]
  - 1 in [3,234]
  - 1 in [3,236]
  - 1 in [31,264]
  - 1 in [38,216]
  - 1 in [53,231]
  - 2 in [65,283]
  - 1 in [71,289]
  - 1 in [105,258]
  - 2 in [105,283]
  - 1 in [111,289]
  - 1 in [115,225]
  - 2 in [115,283]
  - 1 in [121,289]
  - 1 in [127,294]
#kLinear2: 49 (#enforced: 28 #multi: 21)
#kLinear3: 38 (#enforced: 30 #multi: 10)
#kLinearN: 20 (#enforced: 8) (#terms: 110)

Preloading model.
#Bound   0.01s best:inf   next:[165,896]  initial_domain
[Symmetry] Graph for symmetry has 213 nodes and 525 arcs.
[Symmetry] Symmetry computation done. time: 4.0924e-05 dtime: 3.495e-05
#Model   0.01s var:40/40 constraints:107/107

Starting search at 0.01s with 48 workers.
16 full problem subsolvers: [core, default_lp, lb_tree_search, max_lp, no_lp, objective_lb_search, objective_lb_search_max_lp, objective_lb_search_no_lp, objective_shaving_search_max_lp, objective_shaving_search_no_lp, probing, probing_max_lp, pseudo_costs, quick_restart, quick_restart_no_lp, reduced_costs]
30 first solution subsolvers: [fj_long_default(2), fj_long_lin_default, fj_long_lin_perturb, fj_long_lin_random, fj_long_perturb, fj_long_random, fj_short_default(2), fj_short_lin_default(2), fj_short_lin_perturb, fj_short_lin_random, fj_short_perturb, fj_short_random, fs_random(4), fs_random_no_lp(4), fs_random_quick_restart(4), fs_random_quick_restart_no_lp(3)]
13 incomplete subsolvers: [feasibility_pump, graph_arc_lns, graph_cst_lns, graph_dec_lns, graph_var_lns, rins/rens, rnd_cst_lns, rnd_var_lns, violation_ls(5)]
3 helper subsolvers: [neighborhood_helper, synchronization_agent, update_gap_integral]
#1       0.02s best:450   next:[165,449]  no_lp (fixed_bools=0/22)
#Bound   0.02s best:450   next:[166,449]  bool_core (num_cores=1 [size:2 mw:1 d:1] a=3 d=1 fixed=0/18 clauses=0)
#Bound   0.02s best:450   next:[167,449]  bool_core (num_cores=1 [cover] a=3 d=1 fixed=0/21 clauses=1)
#Bound   0.02s best:450   next:[168,449]  bool_core (num_cores=1 [cover] a=3 d=1 fixed=1/24 clauses=3)
#Bound   0.02s best:450   next:[169,449]  bool_core (num_cores=1 [cover] a=3 d=1 fixed=2/27 clauses=6)
#Bound   0.02s best:450   next:[170,449]  bool_core (num_cores=1 [cover] a=3 d=1 fixed=3/30 clauses=10)
#Bound   0.02s best:450   next:[171,449]  bool_core (num_cores=1 [cover] a=3 d=1 fixed=4/33 clauses=15)
#Bound   0.02s best:450   next:[172,449]  bool_core (num_cores=1 [cover] a=3 d=1 fixed=5/36 clauses=21)
#Bound   0.02s best:450   next:[173,449]  bool_core (num_cores=1 [cover] a=3 d=1 fixed=6/39 clauses=28)
#Bound   0.02s best:450   next:[174,449]  bool_core (num_cores=1 [cover] a=3 d=1 fixed=7/42 clauses=36)
#Bound   0.02s best:450   next:[175,449]  bool_core (num_cores=1 [cover] a=3 d=1 fixed=8/45 clauses=45)
#Bound   0.02s best:450   next:[176,449]  bool_core (num_cores=1 [cover] a=3 d=1 fixed=9/48 clauses=55)
#Bound   0.02s best:450   next:[177,449]  bool_core (num_cores=1 [cover] a=3 d=1 fixed=10/51 clauses=66)
#Bound   0.02s best:450   next:[178,449]  bool_core (num_cores=1 [cover] a=3 d=1 fixed=11/54 clauses=78)
#Bound   0.02s best:450   next:[179,449]  bool_core (num_cores=1 [cover] a=3 d=1 fixed=12/57 clauses=91)
#Bound   0.02s best:450   next:[180,449]  bool_core (num_cores=1 [cover] a=3 d=1 fixed=13/60 clauses=105)
#Bound   0.02s best:450   next:[181,449]  bool_core (num_cores=1 [cover] a=3 d=1 fixed=14/63 clauses=120)
#Bound   0.02s best:450   next:[182,449]  bool_core (num_cores=1 [cover] a=3 d=1 fixed=15/66 clauses=136)
#Bound   0.02s best:450   next:[183,449]  bool_core (num_cores=1 [cover] a=3 d=1 fixed=16/69 clauses=153)
#Bound   0.02s best:450   next:[184,449]  bool_core (num_cores=1 [cover] a=3 d=1 fixed=17/72 clauses=171)
#Bound   0.02s best:450   next:[185,449]  bool_core (num_cores=1 [cover] a=3 d=1 fixed=18/75 clauses=190)
#2       0.02s best:410   next:[196,409]  no_lp (fixed_bools=0/25)
#3       0.02s best:402   next:[196,401]  no_lp (fixed_bools=1/30)
#Model   0.02s var:39/40 constraints:100/107
#4       0.02s best:370   next:[219,369]  no_lp (fixed_bools=3/38)
#5       0.02s best:272   next:[]         objective_lb_search_no_lp (fixed_bools=6/27)
#Done    0.02s objective_lb_search_no_lp
#Model   0.02s var:34/40 constraints:60/107
#Done    0.02s core
#Bound   0.02s best:370   next:[272,369]  objective_lb_search_no_lp [skipped_logs=15]

Task timing                                  n [     min,      max]      avg      dev     time         n [     min,      max]      avg      dev    dtime
                             'core':         1 [  7.26ms,   7.26ms]   7.26ms   0.00ns   7.26ms         1 [  1.58ms,   1.58ms]   1.58ms   0.00ns   1.58ms
                       'default_lp':         1 [  7.51ms,   7.51ms]   7.51ms   0.00ns   7.51ms         1 [ 65.23us,  65.23us]  65.23us   0.00ns  65.23us
                 'feasibility_pump':         1 [381.79us, 381.79us] 381.79us   0.00ns 381.79us         0 [  0.00ns,   0.00ns]   0.00ns   0.00ns   0.00ns
                  'fj_long_default':         0 [  0.00ns,   0.00ns]   0.00ns   0.00ns   0.00ns         0 [  0.00ns,   0.00ns]   0.00ns   0.00ns   0.00ns
                  'fj_long_default':         0 [  0.00ns,   0.00ns]   0.00ns   0.00ns   0.00ns         0 [  0.00ns,   0.00ns]   0.00ns   0.00ns   0.00ns
              'fj_long_lin_default':         0 [  0.00ns,   0.00ns]   0.00ns   0.00ns   0.00ns         0 [  0.00ns,   0.00ns]   0.00ns   0.00ns   0.00ns
              'fj_long_lin_perturb':         0 [  0.00ns,   0.00ns]   0.00ns   0.00ns   0.00ns         0 [  0.00ns,   0.00ns]   0.00ns   0.00ns   0.00ns
               'fj_long_lin_random':         0 [  0.00ns,   0.00ns]   0.00ns   0.00ns   0.00ns         0 [  0.00ns,   0.00ns]   0.00ns   0.00ns   0.00ns
                  'fj_long_perturb':         0 [  0.00ns,   0.00ns]   0.00ns   0.00ns   0.00ns         0 [  0.00ns,   0.00ns]   0.00ns   0.00ns   0.00ns
                   'fj_long_random':         0 [  0.00ns,   0.00ns]   0.00ns   0.00ns   0.00ns         0 [  0.00ns,   0.00ns]   0.00ns   0.00ns   0.00ns
                 'fj_short_default':         0 [  0.00ns,   0.00ns]   0.00ns   0.00ns   0.00ns         0 [  0.00ns,   0.00ns]   0.00ns   0.00ns   0.00ns
                 'fj_short_default':         0 [  0.00ns,   0.00ns]   0.00ns   0.00ns   0.00ns         0 [  0.00ns,   0.00ns]   0.00ns   0.00ns   0.00ns
             'fj_short_lin_default':         0 [  0.00ns,   0.00ns]   0.00ns   0.00ns   0.00ns         0 [  0.00ns,   0.00ns]   0.00ns   0.00ns   0.00ns
             'fj_short_lin_default':         0 [  0.00ns,   0.00ns]   0.00ns   0.00ns   0.00ns         0 [  0.00ns,   0.00ns]   0.00ns   0.00ns   0.00ns
             'fj_short_lin_perturb':         0 [  0.00ns,   0.00ns]   0.00ns   0.00ns   0.00ns         0 [  0.00ns,   0.00ns]   0.00ns   0.00ns   0.00ns
              'fj_short_lin_random':         0 [  0.00ns,   0.00ns]   0.00ns   0.00ns   0.00ns         0 [  0.00ns,   0.00ns]   0.00ns   0.00ns   0.00ns
                 'fj_short_perturb':         0 [  0.00ns,   0.00ns]   0.00ns   0.00ns   0.00ns         0 [  0.00ns,   0.00ns]   0.00ns   0.00ns   0.00ns
                  'fj_short_random':         0 [  0.00ns,   0.00ns]   0.00ns   0.00ns   0.00ns         0 [  0.00ns,   0.00ns]   0.00ns   0.00ns   0.00ns
                        'fs_random':         0 [  0.00ns,   0.00ns]   0.00ns   0.00ns   0.00ns         0 [  0.00ns,   0.00ns]   0.00ns   0.00ns   0.00ns
                        'fs_random':         0 [  0.00ns,   0.00ns]   0.00ns   0.00ns   0.00ns         0 [  0.00ns,   0.00ns]   0.00ns   0.00ns   0.00ns
                        'fs_random':         0 [  0.00ns,   0.00ns]   0.00ns   0.00ns   0.00ns         0 [  0.00ns,   0.00ns]   0.00ns   0.00ns   0.00ns
                        'fs_random':         0 [  0.00ns,   0.00ns]   0.00ns   0.00ns   0.00ns         0 [  0.00ns,   0.00ns]   0.00ns   0.00ns   0.00ns
                  'fs_random_no_lp':         0 [  0.00ns,   0.00ns]   0.00ns   0.00ns   0.00ns         0 [  0.00ns,   0.00ns]   0.00ns   0.00ns   0.00ns
                  'fs_random_no_lp':         0 [  0.00ns,   0.00ns]   0.00ns   0.00ns   0.00ns         0 [  0.00ns,   0.00ns]   0.00ns   0.00ns   0.00ns
                  'fs_random_no_lp':         0 [  0.00ns,   0.00ns]   0.00ns   0.00ns   0.00ns         0 [  0.00ns,   0.00ns]   0.00ns   0.00ns   0.00ns
                  'fs_random_no_lp':         0 [  0.00ns,   0.00ns]   0.00ns   0.00ns   0.00ns         0 [  0.00ns,   0.00ns]   0.00ns   0.00ns   0.00ns
          'fs_random_quick_restart':         0 [  0.00ns,   0.00ns]   0.00ns   0.00ns   0.00ns         0 [  0.00ns,   0.00ns]   0.00ns   0.00ns   0.00ns
          'fs_random_quick_restart':         0 [  0.00ns,   0.00ns]   0.00ns   0.00ns   0.00ns         0 [  0.00ns,   0.00ns]   0.00ns   0.00ns   0.00ns
          'fs_random_quick_restart':         0 [  0.00ns,   0.00ns]   0.00ns   0.00ns   0.00ns         0 [  0.00ns,   0.00ns]   0.00ns   0.00ns   0.00ns
          'fs_random_quick_restart':         0 [  0.00ns,   0.00ns]   0.00ns   0.00ns   0.00ns         0 [  0.00ns,   0.00ns]   0.00ns   0.00ns   0.00ns
    'fs_random_quick_restart_no_lp':         0 [  0.00ns,   0.00ns]   0.00ns   0.00ns   0.00ns         0 [  0.00ns,   0.00ns]   0.00ns   0.00ns   0.00ns
    'fs_random_quick_restart_no_lp':         0 [  0.00ns,   0.00ns]   0.00ns   0.00ns   0.00ns         0 [  0.00ns,   0.00ns]   0.00ns   0.00ns   0.00ns
    'fs_random_quick_restart_no_lp':         0 [  0.00ns,   0.00ns]   0.00ns   0.00ns   0.00ns         0 [  0.00ns,   0.00ns]   0.00ns   0.00ns   0.00ns
                    'graph_arc_lns':         0 [  0.00ns,   0.00ns]   0.00ns   0.00ns   0.00ns         0 [  0.00ns,   0.00ns]   0.00ns   0.00ns   0.00ns
                    'graph_cst_lns':         0 [  0.00ns,   0.00ns]   0.00ns   0.00ns   0.00ns         0 [  0.00ns,   0.00ns]   0.00ns   0.00ns   0.00ns
                    'graph_dec_lns':         0 [  0.00ns,   0.00ns]   0.00ns   0.00ns   0.00ns         0 [  0.00ns,   0.00ns]   0.00ns   0.00ns   0.00ns
                    'graph_var_lns':         0 [  0.00ns,   0.00ns]   0.00ns   0.00ns   0.00ns         0 [  0.00ns,   0.00ns]   0.00ns   0.00ns   0.00ns
                   'lb_tree_search':         1 [  6.63ms,   6.63ms]   6.63ms   0.00ns   6.63ms         1 [  7.22us,   7.22us]   7.22us   0.00ns   7.22us
                           'max_lp':         1 [  7.31ms,   7.31ms]   7.31ms   0.00ns   7.31ms         1 [  7.22us,   7.22us]   7.22us   0.00ns   7.22us
                            'no_lp':         1 [  7.16ms,   7.16ms]   7.16ms   0.00ns   7.16ms         1 [382.79us, 382.79us] 382.79us   0.00ns 382.79us
              'objective_lb_search':         1 [  6.21ms,   6.21ms]   6.21ms   0.00ns   6.21ms         1 [100.28us, 100.28us] 100.28us   0.00ns 100.28us
       'objective_lb_search_max_lp':         1 [  2.39ms,   2.39ms]   2.39ms   0.00ns   2.39ms         1 [606.00ns, 606.00ns] 606.00ns   0.00ns 606.00ns
        'objective_lb_search_no_lp':         1 [  2.15ms,   2.15ms]   2.15ms   0.00ns   2.15ms         1 [146.78us, 146.78us] 146.78us   0.00ns 146.78us
  'objective_shaving_search_max_lp':         1 [  1.22ms,   1.22ms]   1.22ms   0.00ns   1.22ms         0 [  0.00ns,   0.00ns]   0.00ns   0.00ns   0.00ns
   'objective_shaving_search_no_lp':         1 [  1.31ms,   1.31ms]   1.31ms   0.00ns   1.31ms         0 [  0.00ns,   0.00ns]   0.00ns   0.00ns   0.00ns
                          'probing':         1 [  6.41ms,   6.41ms]   6.41ms   0.00ns   6.41ms         1 [ 73.25us,  73.25us]  73.25us   0.00ns  73.25us
                   'probing_max_lp':         1 [  2.67ms,   2.67ms]   2.67ms   0.00ns   2.67ms         0 [  0.00ns,   0.00ns]   0.00ns   0.00ns   0.00ns
                     'pseudo_costs':         1 [  6.69ms,   6.69ms]   6.69ms   0.00ns   6.69ms         1 [ 36.22us,  36.22us]  36.22us   0.00ns  36.22us
                    'quick_restart':         1 [  6.92ms,   6.92ms]   6.92ms   0.00ns   6.92ms         1 [ 64.48us,  64.48us]  64.48us   0.00ns  64.48us
              'quick_restart_no_lp':         1 [  6.64ms,   6.64ms]   6.64ms   0.00ns   6.64ms         1 [266.14us, 266.14us] 266.14us   0.00ns 266.14us
                    'reduced_costs':         1 [  6.75ms,   6.75ms]   6.75ms   0.00ns   6.75ms         1 [ 36.25us,  36.25us]  36.25us   0.00ns  36.25us
                        'rins/rens':         0 [  0.00ns,   0.00ns]   0.00ns   0.00ns   0.00ns         0 [  0.00ns,   0.00ns]   0.00ns   0.00ns   0.00ns
                      'rnd_cst_lns':         0 [  0.00ns,   0.00ns]   0.00ns   0.00ns   0.00ns         0 [  0.00ns,   0.00ns]   0.00ns   0.00ns   0.00ns
                      'rnd_var_lns':         0 [  0.00ns,   0.00ns]   0.00ns   0.00ns   0.00ns         0 [  0.00ns,   0.00ns]   0.00ns   0.00ns   0.00ns
                     'violation_ls':         0 [  0.00ns,   0.00ns]   0.00ns   0.00ns   0.00ns         0 [  0.00ns,   0.00ns]   0.00ns   0.00ns   0.00ns
                     'violation_ls':         0 [  0.00ns,   0.00ns]   0.00ns   0.00ns   0.00ns         0 [  0.00ns,   0.00ns]   0.00ns   0.00ns   0.00ns
                     'violation_ls':         1 [  1.01ms,   1.01ms]   1.01ms   0.00ns   1.01ms         0 [  0.00ns,   0.00ns]   0.00ns   0.00ns   0.00ns
                     'violation_ls':         1 [  1.17ms,   1.17ms]   1.17ms   0.00ns   1.17ms         0 [  0.00ns,   0.00ns]   0.00ns   0.00ns   0.00ns
                     'violation_ls':         1 [  1.26ms,   1.26ms]   1.26ms   0.00ns   1.26ms         1 [271.71us, 271.71us] 271.71us   0.00ns 271.71us

Search stats                        Bools  Conflicts  Branches  Restarts  BoolPropag  IntegerPropag
                           'core':    146         86       354       161       7'611          6'805
                     'default_lp':     14          0        28        28           1            138
                      'fs_random':      0          0         0         0           0              0
                      'fs_random':      0          0         0         0           0              0
                      'fs_random':      0          0         0         0           0              0
                      'fs_random':      0          0         0         0           0              0
                'fs_random_no_lp':      0          0         0         0           0              0
                'fs_random_no_lp':      0          0         0         0           0              0
                'fs_random_no_lp':      0          0         0         0           0              0
                'fs_random_no_lp':      0          0         0         0           0              0
        'fs_random_quick_restart':      0          0         0         0           0              0
        'fs_random_quick_restart':      0          0         0         0           0              0
        'fs_random_quick_restart':      0          0         0         0           0              0
        'fs_random_quick_restart':      0          0         0         0           0              0
  'fs_random_quick_restart_no_lp':      0          0         0         0           0              0
  'fs_random_quick_restart_no_lp':      0          0         0         0           0              0
  'fs_random_quick_restart_no_lp':      0          0         0         0           0              0
                 'lb_tree_search':     14          0        28        28           0            129
                         'max_lp':     14          0        28        28           0            129
                          'no_lp':     40         21       219        97         316          2'957
            'objective_lb_search':     15          1        29        29          14            228
     'objective_lb_search_max_lp':     14          0        28        28           0            128
      'objective_lb_search_no_lp':     27         11        74        52         105          1'232
                        'probing':     16          0        32        32          10            167
                 'probing_max_lp':     14          0        28        28           0            129
                   'pseudo_costs':     14          0        28        28           0            129
                  'quick_restart':     14          0        28        28           6            166
            'quick_restart_no_lp':     39         20       136        58         134          2'152
                  'reduced_costs':     14          0        28        28           0            129

SAT stats                           ClassicMinim  LitRemoved  LitLearned  LitForgotten  Subsumed  MClauses  MDecisions  MLitTrue  MSubsumed  MLitRemoved  MReused
                           'core':             8          10          89             0         0        26         126         0         26           78        0
                     'default_lp':             0           0           0             0         0         0           0         0          0            0        0
                      'fs_random':             0           0           0             0         0         0           0         0          0            0        0
                      'fs_random':             0           0           0             0         0         0           0         0          0            0        0
                      'fs_random':             0           0           0             0         0         0           0         0          0            0        0
                      'fs_random':             0           0           0             0         0         0           0         0          0            0        0
                'fs_random_no_lp':             0           0           0             0         0         0           0         0          0            0        0
                'fs_random_no_lp':             0           0           0             0         0         0           0         0          0            0        0
                'fs_random_no_lp':             0           0           0             0         0         0           0         0          0            0        0
                'fs_random_no_lp':             0           0           0             0         0         0           0         0          0            0        0
        'fs_random_quick_restart':             0           0           0             0         0         0           0         0          0            0        0
        'fs_random_quick_restart':             0           0           0             0         0         0           0         0          0            0        0
        'fs_random_quick_restart':             0           0           0             0         0         0           0         0          0            0        0
        'fs_random_quick_restart':             0           0           0             0         0         0           0         0          0            0        0
  'fs_random_quick_restart_no_lp':             0           0           0             0         0         0           0         0          0            0        0
  'fs_random_quick_restart_no_lp':             0           0           0             0         0         0           0         0          0            0        0
  'fs_random_quick_restart_no_lp':             0           0           0             0         0         0           0         0          0            0        0
                 'lb_tree_search':             0           0           0             0         0         0           0         0          0            0        0
                         'max_lp':             0           0           0             0         0         0           0         0          0            0        0
                          'no_lp':             6           8          48             0         3         0           0         0          0            0        0
            'objective_lb_search':             0           0           1             0         0         0           0         0          0            0        0
     'objective_lb_search_max_lp':             0           0           0             0         0         0           0         0          0            0        0
      'objective_lb_search_no_lp':             2           3          18             0         0         0           0         0          0            0        0
                        'probing':             0           0           0             0         0         0           0         0          0            0        0
                 'probing_max_lp':             0           0           0             0         0         0           0         0          0            0        0
                   'pseudo_costs':             0           0           0             0         0         0           0         0          0            0        0
                  'quick_restart':             0           0           0             0         0         0           0         0          0            0        0
            'quick_restart_no_lp':             3           4          71             0         3         2           7         0          0            0        0
                  'reduced_costs':             0           0           0             0         0         0           0         0          0            0        0

Lp stats                         Component  Iterations  AddedCuts  OPTIMAL  DUAL_F.  DUAL_U.
                  'default_lp':          1          35         72       11        0        0
              'lb_tree_search':          1          43         77        3        0        0
                      'max_lp':          1          43        102        3        0        0
         'objective_lb_search':          1          36         84       15        0        0
  'objective_lb_search_max_lp':          1          10         41        3        0        0
                     'probing':          1          33         56       15        0        0
              'probing_max_lp':          1          28         66        1        1        0
                'pseudo_costs':          1          28         86        5        0        0
               'quick_restart':          1          35         56       11        0        0
               'reduced_costs':          1          28         58        5        0        0

Lp dimension                                                                   Final dimension of first component
                  'default_lp':   45 rows, 39 columns, 125 entries with magnitude in [7.349238e-02, 1.000000e+00]
              'lb_tree_search':  128 rows, 40 columns, 512 entries with magnitude in [2.769302e-02, 1.000000e+00]
                      'max_lp':  126 rows, 40 columns, 506 entries with magnitude in [3.181928e-02, 1.000000e+00]
         'objective_lb_search':   51 rows, 39 columns, 147 entries with magnitude in [7.120708e-02, 1.000000e+00]
  'objective_lb_search_max_lp':    16 rows, 40 columns, 64 entries with magnitude in [1.010153e-01, 1.000000e+00]
                     'probing':   40 rows, 39 columns, 126 entries with magnitude in [3.557612e-02, 1.000000e+00]
              'probing_max_lp':  125 rows, 40 columns, 504 entries with magnitude in [3.181928e-02, 1.000000e+00]
                'pseudo_costs':   36 rows, 40 columns, 123 entries with magnitude in [3.181928e-02, 1.000000e+00]
               'quick_restart':    40 rows, 39 columns, 36 entries with magnitude in [1.203859e-01, 1.000000e+00]
               'reduced_costs':   37 rows, 40 columns, 124 entries with magnitude in [3.181928e-02, 1.000000e+00]

Lp debug                         CutPropag  CutEqPropag  Adjust  Overflow  Bad  BadScaling
                  'default_lp':          0            0       0         0    9           0
              'lb_tree_search':          0            0       2         0   12           0
                      'max_lp':          0            0       2         0   19           0
         'objective_lb_search':          0            0       0         0   33           0
  'objective_lb_search_max_lp':          0            0       0         0    0           0
                     'probing':          0            0       0         0    5           0
              'probing_max_lp':          0            0       1         0    0           0
                'pseudo_costs':          0            0       2         0   12           0
               'quick_restart':          0            0       0         0    5           0
               'reduced_costs':          0            0       2         0    2           0

Lp pool                          Constraints  Updates  Simplif  Merged  Shortened  Split  Strenghtened  Cuts/Call
                  'default_lp':          110        6       15       3          9      0            11     72/108
              'lb_tree_search':          184        0        0       0          0      0             4     77/119
                      'max_lp':          209        0        0       0          0      0            14    102/158
         'objective_lb_search':          125        3       18       0          9      0            13     84/134
  'objective_lb_search_max_lp':          148        0        0       0          0      0             0      41/46
                     'probing':           97        0        0       0          0      0             0      56/85
              'probing_max_lp':          173        0        0       0          0      0             0      66/78
                'pseudo_costs':          193        0        0       0          0      0             3     86/128
               'quick_restart':           97       17       62       0         54      0             9      56/85
               'reduced_costs':          165        0        0       0          0      0             0      58/84

Lp Cut           defaul  max_lp  quick_  reduce  pseudo  lb_tre  probin  object  probin  object
         CG_FF:       4       6       2       2       4       2       2       7       2       -
          CG_K:       3       2       1       2       2       2       1       4       2       -
          CG_R:       3       5       1       2       4       2       1       5       2       -
         CG_RB:       5       4       2       -       5       -       2       8       -       -
        CG_RBP:       -       1       -       -       1       -       -       2       -       -
            IB:      43      44      40      38      38      44      40      40      44      37
      MIR_1_FF:       6      12       4       5       9      10       4       8       8       1
       MIR_1_K:       -       2       -       -       2       1       -       -       -       -
       MIR_1_R:       7       9       5       3       5       9       5       9       8       -
      MIR_1_RB:       -       8       -       3       7       3       -       -       -       1
     MIR_1_RBP:       -       1       -       1       1       -       -       -       -       -
      MIR_2_FF:       -       3       -       -       1       1       -       -       -       1
       MIR_2_K:       -       1       -       -       1       -       -       -       -       -
       MIR_2_R:       -       -       -       -       1       -       -       -       -       1
      MIR_2_RB:       1       1       -       -       2       -       -       1       -       -
     MIR_2_RBP:       -       2       -       -       1       1       -       -       -       -
      MIR_3_FF:       -       1       -       -       -       2       -       -       -       -
      MIR_3_RB:       -       -       1       -       -       -       1       -       -       -
  ZERO_HALF_FF:       -       -       -       1       1       -       -       -       -       -
   ZERO_HALF_R:       -       -       -       1       1       -       -       -       -       -

LNS stats           Improv/Calls  Closed  Difficulty  TimeLimit
  'graph_arc_lns':           0/0      0%        0.50       0.10
  'graph_cst_lns':           0/0      0%        0.50       0.10
  'graph_dec_lns':           0/0      0%        0.50       0.10
  'graph_var_lns':           0/0      0%        0.50       0.10
      'rins/rens':           0/0      0%        0.50       0.10
    'rnd_cst_lns':           0/0      0%        0.50       0.10
    'rnd_var_lns':           0/0      0%        0.50       0.10

LS stats                   Batches  Restarts  LinMoves  GenMoves  CompoundMoves  WeightUpdates
       'fj_long_default':        0         0         0         0              0              0
       'fj_long_default':        0         0         0         0              0              0
   'fj_long_lin_default':        0         0         0         0              0              0
   'fj_long_lin_perturb':        0         0         0         0              0              0
    'fj_long_lin_random':        0         0         0         0              0              0
       'fj_long_perturb':        0         0         0         0              0              0
        'fj_long_random':        0         0         0         0              0              0
      'fj_short_default':        0         0         0         0              0              0
      'fj_short_default':        0         0         0         0              0              0
  'fj_short_lin_default':        0         0         0         0              0              0
  'fj_short_lin_default':        0         0         0         0              0              0
  'fj_short_lin_perturb':        0         0         0         0              0              0
   'fj_short_lin_random':        0         0         0         0              0              0
      'fj_short_perturb':        0         0         0         0              0              0
       'fj_short_random':        0         0         0         0              0              0
          'violation_ls':        0         0         0         0              0              0
          'violation_ls':        0         0         0         0              0              0
          'violation_ls':        0         0         0         0              0              0
          'violation_ls':        0         0         0         0              0              0
          'violation_ls':        1         0         0       241              1              1

Solutions (5)                   Num   Rank
                      'no_lp':    4  [1,4]
  'objective_lb_search_no_lp':    1  [5,5]

Objective bounds                Num
                  'bool_core':   31
             'initial_domain':    1
        'objective_lb_search':    1
  'objective_lb_search_no_lp':    4

Solution repositories    Added  Queried  Ignored  Synchro
  'feasible solutions':      8        3        0        8
        'lp solutions':      0        0        0        0
                'pump':      0        0

Improving bounds shared         Num
                       'core':    1
                      'no_lp':   45
  'objective_lb_search_no_lp':    6
        'quick_restart_no_lp':    1

Clauses shared                  Num
                      'no_lp':    5
  'objective_lb_search_no_lp':    2
        'quick_restart_no_lp':    6

CpSolverResponse summary:
status: OPTIMAL
objective: 272
best_bound: 272
integers: 0
booleans: 0
conflicts: 0
branches: 0
propagations: 0
integer_propagations: 0
restarts: 0
lp_iterations: 0
walltime: 0.026259
usertime: 0.0262591
deterministic_time: 0.00319324
gap_integral: 0.000764628
solution_fingerprint: 0xfbc54a9189bd5e96


--- Simulation Gantt à partir du modèle mathématique ---
{'big':0, 'due_date':78, 'pos_time':5, 'status':0, 'blocked':0, 'operations':["{'type':1, 'processing_time':44}", "{'type':0, 'processing_time':58}"]}
{'big':1, 'due_date':126, 'pos_time':5, 'status':0, 'blocked':0, 'operations':["{'type':1, 'processing_time':22}", "{'type':0, 'processing_time':25}"]}
{'big':1, 'due_date':76, 'pos_time':5, 'status':0, 'blocked':0, 'operations':["{'type':0, 'processing_time':55}"]}
