created virtual environment CPython3.12.4.final.0-64 in 694ms
  creator CPython3Posix(dest=/localscratch/aneumann.46806154.0/env, clear=False, no_vcs_ignore=False, global=False)
  seeder FromAppData(download=False, pip=bundle, via=copy, app_data_dir=/home/aneumann/.local/share/virtualenv)
    added seed packages: pip==24.2+computecanada
  activators BashActivator,CShellActivator,FishActivator,NushellActivator,PowerShellActivator,PythonActivator
Looking in links: /cvmfs/soft.computecanada.ca/custom/python/wheelhouse/gentoo2023/x86-64-v3, /cvmfs/soft.computecanada.ca/custom/python/wheelhouse/gentoo2023/generic, /cvmfs/soft.computecanada.ca/custom/python/wheelhouse/generic
Requirement already satisfied: pip in /localscratch/aneumann.46806154.0/env/lib/python3.12/site-packages (24.2+computecanada)
Processing /cvmfs/soft.computecanada.ca/custom/python/wheelhouse/generic/pip-25.0+computecanada-py3-none-any.whl
Installing collected packages: pip
  Attempting uninstall: pip
    Found existing installation: pip 24.2+computecanada
    Uninstalling pip-24.2+computecanada:
      Successfully uninstalled pip-24.2+computecanada
Successfully installed pip-25.0+computecanada
Looking in links: /cvmfs/soft.computecanada.ca/custom/python/wheelhouse/gentoo2023/x86-64-v3, /cvmfs/soft.computecanada.ca/custom/python/wheelhouse/gentoo2023/generic, /cvmfs/soft.computecanada.ca/custom/python/wheelhouse/generic
ERROR: protobuf-5.28.3-cp38-abi3-manylinux2014_x86_64.whl is not a supported wheel on this platform.
Looking in links: /cvmfs/soft.computecanada.ca/custom/python/wheelhouse/gentoo2023/x86-64-v3, /cvmfs/soft.computecanada.ca/custom/python/wheelhouse/gentoo2023/generic, /cvmfs/soft.computecanada.ca/custom/python/wheelhouse/generic
Processing /home/aneumann/projects/def-adhaj/aneumann/GNRS/wheels/immutabledict-4.2.0-py3-none-any.whl
Installing collected packages: immutabledict
Successfully installed immutabledict-4.2.0
Looking in links: /cvmfs/soft.computecanada.ca/custom/python/wheelhouse/gentoo2023/x86-64-v3, /cvmfs/soft.computecanada.ca/custom/python/wheelhouse/gentoo2023/generic, /cvmfs/soft.computecanada.ca/custom/python/wheelhouse/generic
Processing /cvmfs/soft.computecanada.ca/custom/python/wheelhouse/generic/ortools-9.10.4067+computecanada-cp312-cp312-linux_x86_64.whl (from -r /home/aneumann/projects/def-adhaj/aneumann/GNRS/requirements/or.txt (line 1))
Processing /cvmfs/soft.computecanada.ca/custom/python/wheelhouse/gentoo2023/x86-64-v3/matplotlib-3.10.0+computecanada-cp312-cp312-linux_x86_64.whl (from -r /home/aneumann/projects/def-adhaj/aneumann/GNRS/requirements/or.txt (line 2))
Processing /cvmfs/soft.computecanada.ca/custom/python/wheelhouse/gentoo2023/x86-64-v3/pandas-2.2.3+computecanada-cp312-cp312-linux_x86_64.whl (from -r /home/aneumann/projects/def-adhaj/aneumann/GNRS/requirements/or.txt (line 3))
Processing /cvmfs/soft.computecanada.ca/custom/python/wheelhouse/generic/absl_py-2.3.0+computecanada-py3-none-any.whl (from ortools<9.11,>=9.10->-r /home/aneumann/projects/def-adhaj/aneumann/GNRS/requirements/or.txt (line 1))
Processing /cvmfs/soft.computecanada.ca/custom/python/wheelhouse/gentoo2023/generic/numpy-2.2.2+computecanada-cp312-cp312-linux_x86_64.whl (from ortools<9.11,>=9.10->-r /home/aneumann/projects/def-adhaj/aneumann/GNRS/requirements/or.txt (line 1))
Processing /cvmfs/soft.computecanada.ca/custom/python/wheelhouse/gentoo2023/x86-64-v3/protobuf-6.31.1+computecanada-cp312-cp312-linux_x86_64.whl (from ortools<9.11,>=9.10->-r /home/aneumann/projects/def-adhaj/aneumann/GNRS/requirements/or.txt (line 1))
Requirement already satisfied: immutabledict>=3.0.0 in /localscratch/aneumann.46806154.0/env/lib/python3.12/site-packages (from ortools<9.11,>=9.10->-r /home/aneumann/projects/def-adhaj/aneumann/GNRS/requirements/or.txt (line 1)) (4.2.0)
Processing /cvmfs/soft.computecanada.ca/custom/python/wheelhouse/gentoo2023/generic/contourpy-1.3.1+computecanada-cp312-cp312-linux_x86_64.whl (from matplotlib->-r /home/aneumann/projects/def-adhaj/aneumann/GNRS/requirements/or.txt (line 2))
Processing /cvmfs/soft.computecanada.ca/custom/python/wheelhouse/generic/cycler-0.12.1+computecanada-py3-none-any.whl (from matplotlib->-r /home/aneumann/projects/def-adhaj/aneumann/GNRS/requirements/or.txt (line 2))
Processing /cvmfs/soft.computecanada.ca/custom/python/wheelhouse/generic/fonttools-4.59.0+computecanada-cp312-cp312-linux_x86_64.whl (from matplotlib->-r /home/aneumann/projects/def-adhaj/aneumann/GNRS/requirements/or.txt (line 2))
Processing /cvmfs/soft.computecanada.ca/custom/python/wheelhouse/gentoo2023/x86-64-v3/kiwisolver-1.4.8+computecanada-cp312-cp312-linux_x86_64.whl (from matplotlib->-r /home/aneumann/projects/def-adhaj/aneumann/GNRS/requirements/or.txt (line 2))
Processing /cvmfs/soft.computecanada.ca/custom/python/wheelhouse/generic/packaging-25.0+computecanada-py3-none-any.whl (from matplotlib->-r /home/aneumann/projects/def-adhaj/aneumann/GNRS/requirements/or.txt (line 2))
Processing /cvmfs/soft.computecanada.ca/custom/python/wheelhouse/gentoo2023/x86-64-v3/pillow-11.1.0+computecanada-cp312-cp312-linux_x86_64.whl (from matplotlib->-r /home/aneumann/projects/def-adhaj/aneumann/GNRS/requirements/or.txt (line 2))
Processing /cvmfs/soft.computecanada.ca/custom/python/wheelhouse/generic/pyparsing-3.2.3+computecanada-py3-none-any.whl (from matplotlib->-r /home/aneumann/projects/def-adhaj/aneumann/GNRS/requirements/or.txt (line 2))
Processing /cvmfs/soft.computecanada.ca/custom/python/wheelhouse/generic/python_dateutil-2.9.0.post0+computecanada-py2.py3-none-any.whl (from matplotlib->-r /home/aneumann/projects/def-adhaj/aneumann/GNRS/requirements/or.txt (line 2))
Processing /cvmfs/soft.computecanada.ca/custom/python/wheelhouse/generic/pytz-2025.2+computecanada-py2.py3-none-any.whl (from pandas->-r /home/aneumann/projects/def-adhaj/aneumann/GNRS/requirements/or.txt (line 3))
Processing /cvmfs/soft.computecanada.ca/custom/python/wheelhouse/generic/tzdata-2025.2+computecanada-py2.py3-none-any.whl (from pandas->-r /home/aneumann/projects/def-adhaj/aneumann/GNRS/requirements/or.txt (line 3))
Processing /cvmfs/soft.computecanada.ca/custom/python/wheelhouse/generic/six-1.17.0+computecanada-py2.py3-none-any.whl (from python-dateutil>=2.7->matplotlib->-r /home/aneumann/projects/def-adhaj/aneumann/GNRS/requirements/or.txt (line 2))
Installing collected packages: pytz, tzdata, six, pyparsing, protobuf, pillow, packaging, numpy, kiwisolver, fonttools, cycler, absl-py, python-dateutil, contourpy, pandas, matplotlib, ortools
Successfully installed absl-py-2.3.0+computecanada contourpy-1.3.1+computecanada cycler-0.12.1+computecanada fonttools-4.59.0+computecanada kiwisolver-1.4.8+computecanada matplotlib-3.10.0+computecanada numpy-2.2.2+computecanada ortools-9.10.4067+computecanada packaging-25.0+computecanada pandas-2.2.3+computecanada pillow-11.1.0+computecanada protobuf-6.31.1+computecanada pyparsing-3.2.3+computecanada python-dateutil-2.9.0.post0+computecanada pytz-2025.2+computecanada six-1.17.0+computecanada tzdata-2025.2+computecanada

Starting CP-SAT solver v9.10.4067
Parameters: max_time_in_seconds: 86400 max_memory_in_mb: 185000 log_search_progress: true enumerate_all_solutions: false num_search_workers: 32 absolute_gap_limit: 0 relative_gap_limit: 0

Initial optimization model '': (model_fingerprint: 0xf138dacece835a74)
#Variables: 495 (#ints: 11 in objective)
  - 380 Booleans in [0,1]
  - 115 in [0,877]
#kLinear1: 58
#kLinear2: 802
#kLinear3: 312
#kLinearN: 10'058 (#terms: 195'982)

Starting presolve at 0.00s
  8.84e-03s  0.00e+00d  [DetectDominanceRelations] 
  1.55e-01s  0.00e+00d  [PresolveToFixPoint] #num_loops=8 #num_dual_strengthening=3 
  7.07e-05s  0.00e+00d  [ExtractEncodingFromLinear] #potential_supersets=7 
[Symmetry] Graph for symmetry has 11'291 nodes and 165'217 arcs.
[Symmetry] Symmetry computation done. time: 0.00670893 dtime: 0.0129343
[Symmetry] #generators: 1, average support size: 34
[Symmetry] The model contains 398 duplicate constraints !
[Symmetry] 17 orbits with sizes: 2,2,2,2,2,2,2,2,2,2,...
[Symmetry] Num fixable by intersecting at_most_one with orbits: 1 largest_orbit: 2
  4.81e-02s  1.08e-02d  [Probe] #probed=600 #new_bounds=7 #equiv=1 
  8.97e-05s  0.00e+00d  [MaxClique] Merged 11(22 literals) into 6(12 literals) at_most_ones. 
  8.80e-03s  0.00e+00d  [DetectDominanceRelations] 
  6.97e-02s  0.00e+00d  [PresolveToFixPoint] #num_loops=5 #num_dual_strengthening=3 
  3.55e-02s  0.00e+00d  [ProcessAtMostOneAndLinear] 
  1.08e-02s  0.00e+00d  [DetectDuplicateConstraints] #duplicates=526 #without_enforcements=56 
  1.25e-02s  9.01e-04d  [DetectDominatedLinearConstraints] #relevant_constraints=9'258 #num_inclusions=5'395 
  1.09e-03s  0.00e+00d  [DetectDifferentVariables] #different=42 #cliques=1 #size=8 
  2.81e-03s  2.69e-04d  [ProcessSetPPC] #relevant_constraints=8'788 
  5.16e-05s  0.00e+00d  [FindAlmostIdenticalLinearConstraints] 
  7.61e-04s  1.31e-03d  [FindBigAtMostOneAndLinearOverlap] 
  3.22e-02s  1.97e-02d  [FindBigVerticalLinearOverlap] #blocks=115 #saved_nz=30'884 
  1.34e-03s  5.98e-04d  [FindBigHorizontalLinearOverlap] #linears=8'623 
  3.82e-05s  0.00e+00d  [MergeClauses] 
  9.28e-03s  0.00e+00d  [DetectDominanceRelations] 
  8.82e-02s  0.00e+00d  [PresolveToFixPoint] #num_loops=2 #num_dual_strengthening=1 
  8.99e-03s  0.00e+00d  [DetectDominanceRelations] 
  5.18e-02s  0.00e+00d  [PresolveToFixPoint] #num_loops=1 #num_dual_strengthening=1 
[Symmetry] Graph for symmetry has 11'148 nodes and 132'636 arcs.
[Symmetry] Symmetry computation done. time: 0.00291527 dtime: 0.00661843
  4.57e-02s  9.43e-03d  [Probe] #probed=600 #new_bounds=71 
  2.98e-05s  0.00e+00d  [MaxClique] 
  9.10e-03s  0.00e+00d  [DetectDominanceRelations] 
  7.65e-02s  0.00e+00d  [PresolveToFixPoint] #num_loops=2 #num_dual_strengthening=1 
  3.33e-02s  0.00e+00d  [ProcessAtMostOneAndLinear] 
  9.62e-03s  0.00e+00d  [DetectDuplicateConstraints] #without_enforcements=56 
  7.87e-03s  5.35e-04d  [DetectDominatedLinearConstraints] #relevant_constraints=9'175 #num_inclusions=409 
  9.55e-04s  0.00e+00d  [DetectDifferentVariables] 
  2.54e-03s  2.05e-04d  [ProcessSetPPC] #relevant_constraints=8'630 
  6.86e-05s  4.70e-07d  [FindAlmostIdenticalLinearConstraints] #num_tested_pairs=28 
  4.14e-04s  6.19e-04d  [FindBigAtMostOneAndLinearOverlap] 
  2.55e-02s  1.44e-02d  [FindBigVerticalLinearOverlap] #blocks=270 #saved_nz=26'414 
  1.18e-03s  4.52e-04d  [FindBigHorizontalLinearOverlap] #linears=8'141 
  3.49e-05s  0.00e+00d  [MergeClauses] 
  7.19e-03s  0.00e+00d  [DetectDominanceRelations] 
  9.79e-02s  0.00e+00d  [PresolveToFixPoint] #num_loops=3 #num_dual_strengthening=1 
  7.21e-03s  0.00e+00d  [DetectDominanceRelations] 
  5.88e-02s  0.00e+00d  [PresolveToFixPoint] #num_loops=1 #num_dual_strengthening=1 
[Symmetry] Graph for symmetry has 11'916 nodes and 106'461 arcs.
[Symmetry] Symmetry computation done. time: 0.00259056 dtime: 0.00571278
  4.30e-02s  8.24e-03d  [Probe] #probed=600 #new_bounds=190 
  2.99e-05s  0.00e+00d  [MaxClique] 
  7.23e-03s  0.00e+00d  [DetectDominanceRelations] 
  8.63e-02s  0.00e+00d  [PresolveToFixPoint] #num_loops=2 #num_dual_strengthening=1 
  3.14e-02s  0.00e+00d  [ProcessAtMostOneAndLinear] 
  9.10e-03s  0.00e+00d  [DetectDuplicateConstraints] #without_enforcements=56 
  5.92e-03s  3.89e-04d  [DetectDominatedLinearConstraints] #relevant_constraints=9'365 #num_inclusions=96 
  9.38e-04s  0.00e+00d  [DetectDifferentVariables] 
  2.08e-03s  1.48e-04d  [ProcessSetPPC] #relevant_constraints=8'156 
  1.26e-04s  8.91e-06d  [FindAlmostIdenticalLinearConstraints] #num_tested_pairs=516 
  3.60e-04s  4.31e-04d  [FindBigAtMostOneAndLinearOverlap] 
  1.49e-02s  8.96e-03d  [FindBigVerticalLinearOverlap] #blocks=177 #saved_nz=14'913 
  1.02e-03s  3.60e-04d  [FindBigHorizontalLinearOverlap] #linears=7'396 
  3.55e-05s  0.00e+00d  [MergeClauses] 
  6.26e-03s  0.00e+00d  [DetectDominanceRelations] 
  8.96e-02s  0.00e+00d  [PresolveToFixPoint] #num_loops=2 #num_dual_strengthening=1 
  3.03e-04s  0.00e+00d  [ExpandObjective] #entries=2'450 #tight_variables=909 #tight_constraints=506 

Presolve summary:
  - 137 affine relations were detected.
  - rule 'TODO dual: only one blocking constraint?' was applied 1'116 times.
  - rule 'TODO dual: only one blocking enforced constraint?' was applied 156 times.
  - rule 'TODO dual: only one unspecified blocking constraint?' was applied 53 times.
  - rule 'TODO duplicate: identical constraint with different enforcements' was applied 168 times.
  - rule 'affine: new relation' was applied 137 times.
  - rule 'at_most_one: removed literals' was applied 6 times.
  - rule 'at_most_one: size one' was applied 6 times.
  - rule 'at_most_one: transformed into max clique.' was applied 1 time.
  - rule 'deductions: 472 stored' was applied 1 time.
  - rule 'dual: fix variable' was applied 30 times.
  - rule 'dual: reduced domain' was applied 54 times.
  - rule 'duplicate: merged rhs of linear constraint' was applied 114 times.
  - rule 'duplicate: removed constraint' was applied 526 times.
  - rule 'enforcement: false literal' was applied 6 times.
  - rule 'exactly_one: x and not(x)' was applied 1 time.
  - rule 'incompatible linear: add implication' was applied 84 times.
  - rule 'linear matrix: common vertical rectangle' was applied 562 times.
  - rule 'linear: always true' was applied 891 times.
  - rule 'linear: doubleton free' was applied 16 times.
  - rule 'linear: empty' was applied 38 times.
  - rule 'linear: extracted enforcement literal' was applied 10'083 times.
  - rule 'linear: fixed or dup variables' was applied 10'232 times.
  - rule 'linear: positive equal one' was applied 7 times.
  - rule 'linear: reduced variable domains' was applied 660 times.
  - rule 'linear: remapped using affine relations' was applied 10'411 times.
  - rule 'linear: simplified rhs' was applied 30'434 times.
  - rule 'linear: tightened into equality' was applied 8 times.
  - rule 'linear: variable substitution 1' was applied 16 times.
  - rule 'linear: variable substitution 2' was applied 8 times.
  - rule 'linear: variable substitution 3' was applied 24 times.
  - rule 'no_overlap: inferred from x != y constraints' was applied 1 time.
  - rule 'presolve: 112 unused variables removed.' was applied 1 time.
  - rule 'presolve: iteration' was applied 3 times.
  - rule 'probing: reduced enforced constraint to implication.' was applied 11 times.
  - rule 'symmetry: fixed to false in general orbit' was applied 1 time.

Presolved optimization model '': (model_fingerprint: 0xf00c991001c5ca99)
#Variables: 760 (#ints: 11 in objective)
  - 155 Booleans in [0,1]
  - 471 different domains in [-11353,13051] with a largest complexity of 16.
#kExactlyOne: 6 (#literals: 18)
#kInterval: 8
#kLinear2: 736 (#enforced: 679 #multi: 400)
#kLinear3: 872 (#enforced: 437 #multi: 12)
#kLinearN: 8'521 (#enforced: 8'069) (#terms: 76'602)
#kNoOverlap: 1 (#intervals: 8)

Preloading model.
#Bound   1.22s best:inf   next:[221,8472] initial_domain
[Symmetry] Graph for symmetry has 12'110 nodes and 91'696 arcs.
[Symmetry] Symmetry computation done. time: 0.00242603 dtime: 0.00501027
#Model   1.23s var:760/760 constraints:10144/10144

Starting search at 1.24s with 32 workers.
17 full problem subsolvers: [core, default_lp, fixed, lb_tree_search, max_lp, no_lp, objective_lb_search, objective_lb_search_max_lp, objective_lb_search_no_lp, objective_shaving_search_max_lp, objective_shaving_search_no_lp, probing, probing_max_lp, pseudo_costs, quick_restart, quick_restart_no_lp, reduced_costs]
13 first solution subsolvers: [fj_long_default, fj_long_lin_default, fj_long_random, fj_short_default, fj_short_lin_default, fj_short_lin_random, fj_short_random, fs_random(2), fs_random_no_lp, fs_random_quick_restart(2), fs_random_quick_restart_no_lp]
13 incomplete subsolvers: [feasibility_pump, graph_arc_lns, graph_cst_lns, graph_dec_lns, graph_var_lns, rins/rens, rnd_cst_lns, rnd_var_lns, scheduling_intervals_lns, scheduling_precedences_lns, scheduling_time_window_lns, violation_ls(2)]
3 helper subsolvers: [neighborhood_helper, synchronization_agent, update_gap_integral]
#Bound   1.62s best:inf   next:[222,8472] objective_shaving_search_no_lp (vars=760 csts=10148)
#Bound   1.82s best:inf   next:[225,8472] fs_random_quick_restart
#1       1.82s best:4091  next:[225,4090] no_lp (fixed_bools=0/198)
#2       1.87s best:3692  next:[225,3691] no_lp (fixed_bools=0/222)
#3       1.89s best:3083  next:[225,3082] no_lp (fixed_bools=1/251)
#4       1.91s best:3059  next:[225,3058] no_lp (fixed_bools=1/258)
#5       1.96s best:3020  next:[225,3019] no_lp (fixed_bools=1/273)
#6       1.99s best:3016  next:[225,3015] no_lp (fixed_bools=1/280)
#7       2.01s best:3000  next:[225,2999] no_lp (fixed_bools=1/286)
#8       2.04s best:2967  next:[225,2966] no_lp (fixed_bools=1/293)
#9       2.07s best:2916  next:[225,2915] no_lp (fixed_bools=1/296)
#Bound   2.11s best:2916  next:[226,2915] objective_shaving_search_max_lp (vars=760 csts=10145)
#10      2.13s best:2861  next:[226,2860] no_lp (fixed_bools=1/306)
#Bound   2.14s best:2861  next:[235,2860] objective_lb_search_no_lp
#11      2.18s best:2810  next:[235,2809] no_lp (fixed_bools=1/315)
#Bound   2.29s best:2810  next:[248,2809] objective_lb_search_no_lp
#Bound   2.33s best:2810  next:[249,2809] bool_core (num_cores=3 [cover] a=10 d=1 fixed=26/243 clauses=336)
#Bound   2.33s best:2810  next:[250,2809] bool_core (num_cores=3 [cover] a=10 d=1 fixed=27/246 clauses=362)
#Bound   2.33s best:2810  next:[251,2809] bool_core (num_cores=3 [cover] a=10 d=1 fixed=28/249 clauses=389)
#Bound   2.34s best:2810  next:[252,2809] bool_core (num_cores=3 [cover] a=10 d=1 fixed=29/252 clauses=417)
#Bound   2.39s best:2810  next:[284,2809] objective_lb_search_no_lp
#Bound   2.68s best:2810  next:[285,2809] bool_core (num_cores=7 [cover] a=7 d=2 fixed=59/377 clauses=465)
#Bound   2.68s best:2810  next:[286,2809] bool_core (num_cores=7 [cover] a=7 d=2 fixed=60/382 clauses=496)
#Bound   2.68s best:2810  next:[287,2809] bool_core (num_cores=7 [cover] a=7 d=2 fixed=61/387 clauses=529)
#Bound   2.69s best:2810  next:[288,2809] bool_core (num_cores=7 [cover] a=7 d=2 fixed=62/392 clauses=564)
#12      2.72s best:2771  next:[288,2770] no_lp (fixed_bools=1/354)
#Bound   2.75s best:2771  next:[289,2770] bool_core (num_cores=8 [size:2 mw:1 d:1] a=6 d=2 fixed=63/397 clauses=607)
#Bound   2.78s best:2771  next:[290,2770] bool_core (num_cores=8 [cover] a=6 d=2 fixed=63/400 clauses=608)
#Bound   2.79s best:2771  next:[291,2770] bool_core (num_cores=8 [cover] a=6 d=2 fixed=64/403 clauses=610)
#Bound   2.79s best:2771  next:[292,2770] bool_core (num_cores=8 [cover] a=6 d=2 fixed=65/406 clauses=613)
#13      2.80s best:2713  next:[292,2712] no_lp (fixed_bools=1/374)
#Bound   2.81s best:2713  next:[293,2712] bool_core (num_cores=8 [cover] a=6 d=2 fixed=66/409 clauses=617)
#Bound   2.81s best:2713  next:[294,2712] bool_core (num_cores=8 [cover] a=6 d=2 fixed=67/412 clauses=622)
#Bound   2.85s best:2713  next:[295,2712] bool_core (num_cores=9 [size:1 mw:1] a=6 d=2 fixed=68/415 clauses=629)
#Bound   2.88s best:2713  next:[394,2712] objective_lb_search_max_lp
#Bound   2.94s best:2713  next:[873,2712] objective_lb_search_max_lp [skipped_logs=2]
#14      3.02s best:2711  next:[873,2710] no_lp (fixed_bools=1/395)
#15      3.10s best:2670  next:[876,2669] no_lp (fixed_bools=1/418)
#16      3.10s best:2668  next:[876,2667] violation_ls(batch:5 #solutions_imported:4 #lin_moves:1 #lin_evals:50'822 #gen_moves:22'316 #gen_evals:4'523 #comp_moves:1'631 #backtracks:10'339 #weight_updates:319)
#17      3.11s best:2666  next:[876,2665] violation_ls(batch:5 #solutions_imported:3 #lin_moves:9'762 #lin_evals:75'744 #gen_moves:18'500 #gen_evals:4'431 #comp_moves:1'237 #backtracks:8'630 #weight_updates:473)
#18      3.27s best:2664  next:[877,2663] quick_restart_no_lp (fixed_bools=0/360)
#19      3.30s best:2622  next:[877,2621] no_lp (fixed_bools=1/446)
#20      3.32s best:2620  next:[877,2619] no_lp (fixed_bools=1/447)
#21      3.74s best:2619  next:[877,2618] no_lp (fixed_bools=1/493)
#22      3.76s best:2618  next:[877,2617] no_lp (fixed_bools=1/493)
#23      3.78s best:2609  next:[877,2608] no_lp (fixed_bools=1/502)
#24      3.81s best:2608  next:[877,2607] no_lp (fixed_bools=1/502)
#25      4.01s best:2607  next:[896,2606] no_lp (fixed_bools=1/502)
#Bound   3.98s best:2608  next:[896,2607] pseudo_costs [skipped_logs=3]
#26      4.04s best:2606  next:[909,2605] no_lp (fixed_bools=1/502)
#27      4.15s best:2584  next:[911,2583] no_lp (fixed_bools=1/506)
#28      4.18s best:2571  next:[911,2570] no_lp (fixed_bools=1/512)
#29      4.23s best:2561  next:[911,2560] no_lp (fixed_bools=1/519)
#30      4.85s best:2520  next:[961,2519] scheduling_precedences_lns (d=0.50 s=68 t=0.10 p=0.00 stall=0 h=auto_l0)
#31      4.99s best:2518  next:[969,2517] quick_restart_no_lp (fixed_bools=0/570)
#Bound   4.94s best:2520  next:[969,2519] objective_lb_search_max_lp [skipped_logs=6]
#32      5.13s best:2502  next:[969,2501] scheduling_precedences_lns (d=0.50 s=81 t=0.10 p=0.00 stall=0 h=auto_l0)
#33      5.59s best:2472  next:[975,2471] rins_pump_lns (d=0.91 s=103 t=0.10 p=1.00 stall=4 h=auto_l0)
#Bound   5.46s best:2502  next:[975,2501] objective_lb_search_max_lp [skipped_logs=2]
#34      6.07s best:2418  next:[975,2417] no_lp (fixed_bools=5/615)
#35      6.75s best:2415  next:[975,2414] quick_restart_no_lp (fixed_bools=0/691)
#36      6.76s best:2398  next:[975,2397] quick_restart (fixed_bools=0/378)
#37      7.04s best:2396  next:[975,2395] quick_restart_no_lp (fixed_bools=0/744)
#38      7.19s best:2373  next:[975,2372] quick_restart_no_lp (fixed_bools=0/751)
#39      7.26s best:2351  next:[975,2350] no_lp (fixed_bools=5/670)
#40      7.29s best:2350  next:[975,2349] no_lp (fixed_bools=5/670)
#41      7.31s best:2349  next:[975,2348] no_lp (fixed_bools=5/670)
#42      7.34s best:2348  next:[975,2347] no_lp (fixed_bools=5/670)
#43      7.37s best:2347  next:[975,2346] no_lp (fixed_bools=5/670)
#44      7.40s best:2346  next:[975,2345] no_lp (fixed_bools=5/670)
#45      7.43s best:2342  next:[975,2341] no_lp (fixed_bools=5/671)
#46      7.46s best:2341  next:[975,2340] no_lp (fixed_bools=5/671)
#47      7.58s best:2339  next:[975,2338] quick_restart_no_lp (fixed_bools=0/809)
#48      7.68s best:2338  next:[975,2337] violation_ls(batch:12 #solutions_imported:11 #lin_moves:9'832 #lin_evals:171'102 #gen_moves:54'685 #gen_evals:10'911 #comp_moves:5'352 #backtracks:24'652 #weight_updates:976)
#Bound   7.69s best:2338  next:[984,2337] objective_lb_search_max_lp
#49      7.72s best:2337  next:[984,2336] violation_ls(batch:12 #solutions_imported:10 #lin_moves:31'285 #lin_evals:234'669 #gen_moves:38'611 #gen_evals:8'727 #comp_moves:3'940 #backtracks:17'331 #weight_updates:9'206)
#50      7.86s best:2336  next:[984,2335] quick_restart_no_lp (fixed_bools=0/860)
#51      7.93s best:2335  next:[984,2334] quick_restart_no_lp (fixed_bools=0/860)
#52      7.99s best:2333  next:[984,2332] quick_restart_no_lp (fixed_bools=0/868)
#53      8.08s best:2331  next:[984,2330] quick_restart_no_lp (fixed_bools=0/871)
#54      8.13s best:2330  next:[984,2329] quick_restart_no_lp (fixed_bools=0/875)
#55      8.32s best:2328  next:[984,2327] quick_restart_no_lp (fixed_bools=0/878)
#56      8.41s best:2327  next:[984,2326] violation_ls(batch:13 #solutions_imported:12 #lin_moves:9'832 #lin_evals:173'654 #gen_moves:55'760 #gen_evals:11'114 #comp_moves:5'405 #backtracks:25'163 #weight_updates:995)
#57      8.45s best:2326  next:[984,2325] violation_ls(batch:13 #solutions_imported:11 #lin_moves:31'285 #lin_evals:239'689 #gen_moves:40'500 #gen_evals:9'090 #comp_moves:4'183 #backtracks:18'154 #weight_updates:9'235)
#58      8.77s best:2325  next:[984,2324] quick_restart (fixed_bools=0/434)
#59      8.87s best:2323  next:[984,2322] quick_restart_no_lp (fixed_bools=0/947)
#60      8.89s best:2276  next:[984,2275] graph_arc_lns (d=0.99 s=195 t=0.10 p=1.00 stall=5 h=auto_l0)
#61      9.18s best:2275  next:[984,2274] violation_ls(batch:14 #solutions_imported:12 #lin_moves:31'285 #lin_evals:241'660 #gen_moves:41'245 #gen_evals:9'303 #comp_moves:4'256 #backtracks:18'490 #weight_updates:9'252)
#62      9.31s best:2267  next:[984,2266] graph_arc_lns (d=0.98 s=208 t=0.10 p=0.91 stall=6 h=auto_l0)
#63     10.03s best:2264  next:[984,2263] quick_restart_no_lp (fixed_bools=0/1069)
#64     10.18s best:2258  next:[984,2257] graph_arc_lns (d=0.99 s=222 t=0.10 p=0.92 stall=0 h=auto_l0)
#Bound  10.26s best:2258  next:[1005,2257] objective_lb_search_max_lp
#65     10.31s best:2243  next:[1005,2242] graph_var_lns (d=0.98 s=220 t=0.10 p=0.85 stall=1 h=auto_l0)
#66     10.61s best:2231  next:[1005,2230] rnd_var_lns (d=0.99 s=218 t=0.10 p=1.00 stall=0 h=auto_l0)
#67     11.09s best:2185  next:[1005,2184] rnd_cst_lns (d=0.99 s=235 t=0.10 p=1.00 stall=0 h=auto_l0)
#68     11.25s best:2175  next:[1005,2174] quick_restart_no_lp (fixed_bools=0/1231)
#69     11.43s best:2156  next:[1005,2155] quick_restart_no_lp (fixed_bools=0/1237)
#70     11.78s best:2155  next:[1005,2154] quick_restart_no_lp (fixed_bools=0/1244)
#71     11.83s best:2152  next:[1005,2151] quick_restart_no_lp (fixed_bools=0/1246)
#72     11.90s best:2149  next:[1005,2148] quick_restart_no_lp (fixed_bools=0/1254)
#73     11.95s best:2148  next:[1005,2147] violation_ls(batch:17 #solutions_imported:16 #lin_moves:19'592 #lin_evals:248'854 #gen_moves:64'701 #gen_evals:12'828 #comp_moves:6'742 #backtracks:28'965 #weight_updates:1'360)
#74     11.95s best:2147  next:[1005,2146] violation_ls(batch:17 #solutions_imported:15 #lin_moves:31'286 #lin_evals:277'842 #gen_moves:54'373 #gen_evals:11'765 #comp_moves:5'892 #backtracks:24'236 #weight_updates:9'439)
#75     12.03s best:2146  next:[1005,2145] quick_restart_no_lp (fixed_bools=0/1266)
#76     12.64s best:2143  next:[1005,2142] graph_cst_lns (d=0.98 s=265 t=0.10 p=0.80 stall=0 h=auto_l0)
#77     12.76s best:2140  next:[1005,2139] quick_restart_no_lp (fixed_bools=0/1305)
#78     12.78s best:2074  next:[1005,2073] graph_arc_lns (d=0.99 s=264 t=0.10 p=0.87 stall=1 h=auto_l0)
#79     12.78s best:2072  next:[1005,2071] violation_ls(batch:18 #solutions_imported:16 #lin_moves:31'286 #lin_evals:277'917 #gen_moves:54'406 #gen_evals:11'766 #comp_moves:5'893 #backtracks:24'252 #weight_updates:9'439)
#80     12.83s best:2068  next:[1005,2067] quick_restart_no_lp (fixed_bools=0/1333)
#Bound  12.98s best:2068  next:[1033,2067] objective_lb_search_max_lp
#81     14.16s best:2060  next:[1033,2059] rins_lp_lns (d=0.85 s=287 t=0.10 p=0.53 stall=3 h=auto_l0)
#82     14.20s best:2044  next:[1033,2043] graph_cst_lns (d=0.99 s=279 t=0.10 p=0.81 stall=0 h=auto_l0)
#83     14.89s best:2030  next:[1033,2029] graph_var_lns (d=0.99 s=277 t=0.10 p=0.88 stall=0 h=auto_l0)
#Bound  15.49s best:2030  next:[1040,2029] objective_lb_search_max_lp
#84     15.71s best:2020  next:[1040,2019] rins_lp_lns (d=0.81 s=313 t=0.10 p=0.50 stall=1 h=auto_l0)
#85     17.77s best:1976  next:[1040,1975] graph_cst_lns (d=0.99 s=335 t=0.10 p=0.80 stall=3 h=auto_l0)
#86     18.36s best:1962  next:[1040,1961] graph_var_lns (d=0.98 s=346 t=0.10 p=0.71 stall=3 h=auto_l0)
#87     20.20s best:1961  next:[1040,1960] rnd_cst_lns (d=0.98 s=384 t=0.10 p=0.71 stall=0 h=auto_l0)
#Bound  21.92s best:1961  next:[1041,1960] objective_shaving_search_no_lp (vars=876 csts=10163)
#88     24.60s best:1948  next:[1041,1947] graph_arc_lns (d=0.99 s=453 t=0.10 p=0.69 stall=3 h=auto_l0)
#Bound  24.68s best:1948  next:[1046,1947] objective_lb_search_no_lp
#89     24.97s best:1942  next:[1046,1941] quick_restart_no_lp (fixed_bools=0/1668)
#90     25.05s best:1941  next:[1046,1940] violation_ls(batch:33 #solutions_imported:25 #lin_moves:88'722 #lin_evals:686'114 #gen_moves:120'135 #gen_evals:21'809 #comp_moves:12'036 #backtracks:54'028 #weight_updates:3'021)
#91     25.08s best:1923  next:[1046,1922] quick_restart_no_lp (fixed_bools=0/1680)
#92     25.57s best:1922  next:[1046,1921] quick_restart (fixed_bools=0/920)
#93     25.69s best:1921  next:[1046,1920] graph_var_lns (d=0.98 s=480 t=0.10 p=0.66 stall=8 h=auto_l0)
#94     25.74s best:1920  next:[1046,1919] quick_restart_no_lp (fixed_bools=0/1784)
#95     25.76s best:1915  next:[1046,1914] quick_restart_no_lp (fixed_bools=0/1794)
#96     25.84s best:1877  next:[1046,1876] rins_lp_lns (d=0.82 s=488 t=0.10 p=0.50 stall=5 h=auto_l0)
#97     26.17s best:1869  next:[1046,1868] quick_restart_no_lp (fixed_bools=0/1849)
#98     26.38s best:1864  next:[1046,1863] quick_restart_no_lp (fixed_bools=0/1853)
#99     26.77s best:1861  next:[1046,1860] graph_dec_lns (d=0.99 s=483 t=0.10 p=0.69 stall=2 h=auto_l0)
#100    27.65s best:1846  next:[1046,1845] rins_lp_lns (d=0.85 s=501 t=0.10 p=0.52 stall=0 h=auto_l0)
#101    27.85s best:1821  next:[1046,1820] rins_pump_lns (d=0.85 s=514 t=0.10 p=0.52 stall=0 h=auto_l0)
#Bound  30.01s best:1821  next:[1048,1820] objective_lb_search_max_lp
#Bound  35.33s best:1821  next:[1049,1820] objective_lb_search_no_lp
#Bound  39.91s best:1821  next:[1051,1820] objective_lb_search
#Bound  42.51s best:1821  next:[1054,1820] objective_lb_search_no_lp
#Bound  48.42s best:1821  next:[1056,1820] objective_lb_search_no_lp
#Bound  49.43s best:1821  next:[1057,1820] objective_lb_search_no_lp
#Bound  52.89s best:1821  next:[1062,1820] objective_lb_search_no_lp
#Bound  59.65s best:1821  next:[1063,1820] objective_lb_search_no_lp
#Bound  64.04s best:1821  next:[1065,1820] objective_lb_search_no_lp
#Bound  65.58s best:1821  next:[1066,1820] objective_lb_search_no_lp
#Bound  67.01s best:1821  next:[1071,1820] objective_lb_search_no_lp
#Bound  75.59s best:1821  next:[1072,1820] objective_lb_search_no_lp
#Bound  76.43s best:1821  next:[1074,1820] objective_lb_search_no_lp
#Bound  79.12s best:1821  next:[1075,1820] objective_lb_search_no_lp
#Bound  83.63s best:1821  next:[1076,1820] objective_lb_search_no_lp
#Bound  85.05s best:1821  next:[1077,1820] objective_lb_search_no_lp
#Bound  87.63s best:1821  next:[1078,1820] objective_lb_search_no_lp
#Bound  88.72s best:1821  next:[1079,1820] objective_lb_search_no_lp
#Bound  90.68s best:1821  next:[1080,1820] objective_lb_search_no_lp
#Bound 100.31s best:1821  next:[1082,1820] objective_lb_search_no_lp
#Bound 102.87s best:1821  next:[1083,1820] objective_lb_search_no_lp
#Bound 107.28s best:1821  next:[1085,1820] objective_lb_search_no_lp
#Bound 112.24s best:1821  next:[1086,1820] objective_lb_search_no_lp
#Bound 119.39s best:1821  next:[1087,1820] objective_lb_search_no_lp
#Bound 136.04s best:1821  next:[1089,1820] objective_lb_search_no_lp
#Bound 138.03s best:1821  next:[1112,1820] objective_lb_search_no_lp
#Bound 140.40s best:1821  next:[1113,1820] objective_lb_search_no_lp
#Bound 143.79s best:1821  next:[1114,1820] objective_lb_search_no_lp
#Bound 151.68s best:1821  next:[1115,1820] objective_lb_search_no_lp
#Bound 156.03s best:1821  next:[1116,1820] objective_lb_search_no_lp
#Bound 167.17s best:1821  next:[1117,1820] objective_lb_search_no_lp
#Bound 174.54s best:1821  next:[1118,1820] objective_lb_search_no_lp
#Bound 181.37s best:1821  next:[1120,1820] objective_lb_search_no_lp
#Bound 196.79s best:1821  next:[1122,1820] objective_lb_search_no_lp
#Bound 203.39s best:1821  next:[1123,1820] objective_lb_search_no_lp
#Bound 211.77s best:1821  next:[1124,1820] objective_lb_search_no_lp
#Bound 226.40s best:1821  next:[1126,1820] objective_lb_search_no_lp
#Bound 237.81s best:1821  next:[1127,1820] objective_lb_search_no_lp
#Bound 242.21s best:1821  next:[1128,1820] objective_lb_search_no_lp
#Bound 278.13s best:1821  next:[1129,1820] objective_lb_search_no_lp
#Bound 279.15s best:1821  next:[1130,1820] objective_lb_search_no_lp
#Bound 281.78s best:1821  next:[1134,1820] objective_lb_search_no_lp
#Bound 283.10s best:1821  next:[1135,1820] objective_lb_search_no_lp
#Bound 283.94s best:1821  next:[1136,1820] objective_lb_search_no_lp
#Bound 291.23s best:1821  next:[1137,1820] objective_lb_search_no_lp
#Bound 292.68s best:1821  next:[1138,1820] objective_lb_search_no_lp
#Bound 296.00s best:1821  next:[1139,1820] objective_lb_search_no_lp
#Bound 297.57s best:1821  next:[1140,1820] objective_lb_search_no_lp
#Bound 302.31s best:1821  next:[1141,1820] objective_lb_search_no_lp
#Bound 304.69s best:1821  next:[1142,1820] objective_lb_search_no_lp
#Bound 307.40s best:1821  next:[1143,1820] objective_lb_search_no_lp
#Bound 313.19s best:1821  next:[1144,1820] objective_lb_search_no_lp
#Bound 327.90s best:1821  next:[1145,1820] objective_lb_search_no_lp
#Bound 330.31s best:1821  next:[1146,1820] objective_lb_search_no_lp
#Bound 331.58s best:1821  next:[1147,1820] objective_lb_search_no_lp
#Bound 337.26s best:1821  next:[1149,1820] objective_lb_search_no_lp
#Bound 344.90s best:1821  next:[1150,1820] objective_lb_search_no_lp
#Bound 354.11s best:1821  next:[1153,1820] objective_lb_search_no_lp
#Bound 376.47s best:1821  next:[1154,1820] objective_lb_search_no_lp
#Bound 381.53s best:1821  next:[1155,1820] objective_lb_search_no_lp
#Bound 392.56s best:1821  next:[1157,1820] objective_lb_search_no_lp
#Bound 398.81s best:1821  next:[1158,1820] objective_lb_search_no_lp
#Bound 431.25s best:1821  next:[1160,1820] objective_lb_search_no_lp
#Bound 437.98s best:1821  next:[1161,1820] objective_lb_search_no_lp
#Bound 450.52s best:1821  next:[1163,1820] objective_lb_search_no_lp
#Bound 466.80s best:1821  next:[1164,1820] objective_lb_search_no_lp
#Bound 495.85s best:1821  next:[1166,1820] objective_lb_search_no_lp
#Bound 504.09s best:1821  next:[1167,1820] objective_lb_search_no_lp
#Bound 510.22s best:1821  next:[1168,1820] objective_lb_search_no_lp
#Bound 570.11s best:1821  next:[1171,1820] objective_lb_search_no_lp
#Bound 594.07s best:1821  next:[1174,1820] objective_lb_search_no_lp
#Bound 653.39s best:1821  next:[1175,1820] objective_lb_search_no_lp
#Bound 708.16s best:1821  next:[1176,1820] objective_lb_search_no_lp
#Bound 724.01s best:1821  next:[1177,1820] objective_lb_search_no_lp
#Bound 781.73s best:1821  next:[1178,1820] objective_lb_search_no_lp
#Bound 791.51s best:1821  next:[1180,1820] objective_lb_search_no_lp
#Bound 820.31s best:1821  next:[1182,1820] objective_lb_search_no_lp
#Bound 852.45s best:1821  next:[1184,1820] objective_lb_search_no_lp
#Bound 918.32s best:1821  next:[1186,1820] objective_lb_search_no_lp
#Bound 983.48s best:1821  next:[1187,1820] objective_lb_search_no_lp
#Bound 1031.61s best:1821  next:[1189,1820] objective_lb_search_no_lp
#Bound 1084.83s best:1821  next:[1190,1820] objective_lb_search_no_lp
#Bound 1184.37s best:1821  next:[1191,1820] objective_shaving_search_no_lp (vars=868 csts=10155)
#Bound 1190.00s best:1821  next:[1192,1820] objective_lb_search_no_lp
#Bound 1268.76s best:1821  next:[1193,1820] objective_lb_search_no_lp
#Bound 1298.53s best:1821  next:[1194,1820] objective_lb_search_no_lp
#Bound 1363.35s best:1821  next:[1195,1820] objective_lb_search_no_lp
#Bound 1374.38s best:1821  next:[1196,1820] objective_lb_search_no_lp
#Bound 1443.67s best:1821  next:[1198,1820] objective_lb_search_no_lp
#Bound 1520.47s best:1821  next:[1199,1820] objective_lb_search_no_lp
#Bound 1598.81s best:1821  next:[1200,1820] objective_lb_search_no_lp
#Bound 1644.84s best:1821  next:[1201,1820] objective_lb_search_no_lp
#Bound 1695.50s best:1821  next:[1202,1820] objective_lb_search_no_lp
#Bound 1766.00s best:1821  next:[1204,1820] objective_lb_search_no_lp
#Bound 1819.06s best:1821  next:[1205,1820] objective_lb_search_no_lp
#Bound 1912.31s best:1821  next:[1207,1820] objective_lb_search_no_lp
#Bound 1937.50s best:1821  next:[1208,1820] objective_lb_search_no_lp
#Bound 2048.17s best:1821  next:[1209,1820] objective_lb_search_no_lp
#Bound 2087.82s best:1821  next:[1210,1820] objective_lb_search_no_lp
#Bound 2193.80s best:1821  next:[1212,1820] objective_lb_search_no_lp
#Bound 2249.44s best:1821  next:[1214,1820] objective_lb_search_no_lp
#Bound 2320.94s best:1821  next:[1215,1820] objective_lb_search_no_lp
#Bound 2363.17s best:1821  next:[1216,1820] objective_lb_search_no_lp
#Bound 2378.33s best:1821  next:[1217,1820] objective_lb_search_no_lp
#Bound 2440.03s best:1821  next:[1218,1820] objective_lb_search_no_lp
#Bound 2549.05s best:1821  next:[1219,1820] objective_lb_search_no_lp
#Bound 2597.72s best:1821  next:[1220,1820] objective_lb_search_no_lp
#Bound 2610.91s best:1821  next:[1221,1820] objective_lb_search_no_lp
#Bound 2657.52s best:1821  next:[1222,1820] objective_lb_search_no_lp
#Bound 2735.70s best:1821  next:[1227,1820] objective_lb_search_no_lp
#Bound 2914.35s best:1821  next:[1228,1820] objective_shaving_search_no_lp (vars=871 csts=10158)
#Bound 3013.67s best:1821  next:[1229,1820] objective_lb_search_no_lp
#Bound 3106.41s best:1821  next:[1230,1820] objective_lb_search_no_lp
#Bound 3137.83s best:1821  next:[1231,1820] objective_lb_search_no_lp
#Bound 3218.15s best:1821  next:[1232,1820] objective_lb_search_no_lp
#Bound 3276.97s best:1821  next:[1233,1820] objective_lb_search_no_lp
#Bound 3350.37s best:1821  next:[1234,1820] objective_lb_search_no_lp
#Bound 3376.20s best:1821  next:[1235,1820] objective_lb_search_no_lp
#Bound 3453.62s best:1821  next:[1236,1820] objective_lb_search_no_lp
#Bound 3489.23s best:1821  next:[1237,1820] objective_lb_search_no_lp
#Bound 3521.93s best:1821  next:[1239,1820] objective_lb_search_no_lp
#Bound 3557.85s best:1821  next:[1240,1820] objective_lb_search_no_lp
#Bound 3591.96s best:1821  next:[1241,1820] objective_lb_search_no_lp
#Bound 3691.86s best:1821  next:[1242,1820] objective_lb_search_no_lp
#Bound 3760.77s best:1821  next:[1243,1820] objective_lb_search_no_lp
#Bound 3776.01s best:1821  next:[1244,1820] objective_lb_search_no_lp
#Bound 3881.14s best:1821  next:[1245,1820] objective_lb_search_no_lp
#Bound 3895.35s best:1821  next:[1246,1820] objective_lb_search_no_lp
#Bound 3962.41s best:1821  next:[1247,1820] objective_lb_search_no_lp
#Bound 4021.61s best:1821  next:[1248,1820] objective_lb_search_no_lp
#Bound 4079.61s best:1821  next:[1249,1820] objective_lb_search_no_lp
#Bound 4138.48s best:1821  next:[1250,1820] objective_lb_search_no_lp
#Bound 4195.62s best:1821  next:[1251,1820] objective_lb_search_no_lp
#Bound 4237.40s best:1821  next:[1252,1820] objective_lb_search_no_lp
#Bound 4422.83s best:1821  next:[1253,1820] objective_lb_search_no_lp
#Bound 4588.93s best:1821  next:[1254,1820] objective_lb_search_no_lp
#Bound 4675.49s best:1821  next:[1255,1820] objective_lb_search_no_lp
#Bound 4801.82s best:1821  next:[1256,1820] objective_lb_search_no_lp
#Bound 4856.06s best:1821  next:[1257,1820] objective_lb_search_no_lp
#Bound 4969.02s best:1821  next:[1258,1820] objective_lb_search_no_lp
#Bound 5157.27s best:1821  next:[1259,1820] objective_lb_search_no_lp
#Bound 5218.54s best:1821  next:[1260,1820] objective_lb_search_no_lp
#Bound 5313.00s best:1821  next:[1261,1820] objective_lb_search_no_lp
#Bound 5408.00s best:1821  next:[1262,1820] objective_lb_search_no_lp
#Bound 5456.51s best:1821  next:[1263,1820] objective_lb_search_no_lp
#Bound 5674.00s best:1821  next:[1266,1820] objective_lb_search_no_lp
#Bound 5872.49s best:1821  next:[1279,1820] objective_lb_search_no_lp
#Bound 6139.47s best:1821  next:[1280,1820] objective_lb_search_no_lp
#Bound 6201.24s best:1821  next:[1281,1820] objective_lb_search_no_lp
#Bound 6373.44s best:1821  next:[1282,1820] objective_lb_search_no_lp
#Bound 6468.14s best:1821  next:[1283,1820] objective_lb_search_no_lp
#Bound 6606.16s best:1821  next:[1284,1820] objective_lb_search_no_lp
#Bound 6679.17s best:1821  next:[1285,1820] objective_lb_search_no_lp
#Bound 6692.85s best:1821  next:[1286,1820] objective_lb_search_no_lp
#Bound 6824.30s best:1821  next:[1287,1820] objective_lb_search_no_lp
#Bound 7027.66s best:1821  next:[1288,1820] objective_lb_search_no_lp
#Bound 7185.72s best:1821  next:[1289,1820] objective_lb_search_no_lp
#Bound 7299.78s best:1821  next:[1290,1820] objective_lb_search_no_lp
#Bound 7348.34s best:1821  next:[1291,1820] objective_lb_search_no_lp
#Bound 7366.14s best:1821  next:[1292,1820] objective_lb_search_no_lp
#Bound 7406.07s best:1821  next:[1293,1820] objective_lb_search_no_lp
#Bound 7439.70s best:1821  next:[1294,1820] objective_lb_search_no_lp
#Bound 7474.08s best:1821  next:[1295,1820] objective_lb_search_no_lp
#Bound 7538.32s best:1821  next:[1296,1820] objective_lb_search_no_lp
#Bound 7555.85s best:1821  next:[1297,1820] objective_lb_search_no_lp
#Bound 7847.87s best:1821  next:[1298,1820] objective_lb_search_no_lp
#Bound 7912.12s best:1821  next:[1299,1820] objective_lb_search_no_lp
#Bound 8003.25s best:1821  next:[1300,1820] objective_lb_search_no_lp
#Bound 8150.34s best:1821  next:[1301,1820] objective_lb_search_no_lp
#Bound 8234.31s best:1821  next:[1302,1820] objective_lb_search_no_lp
#Bound 8313.43s best:1821  next:[1303,1820] objective_lb_search_no_lp
#Bound 8624.20s best:1821  next:[1305,1820] objective_lb_search_no_lp
#Bound 8933.54s best:1821  next:[1306,1820] objective_lb_search_no_lp
#Bound 9065.75s best:1821  next:[1307,1820] objective_lb_search_no_lp
#Bound 9220.23s best:1821  next:[1308,1820] objective_lb_search_no_lp
#Bound 9600.16s best:1821  next:[1309,1820] objective_lb_search_no_lp
#Bound 9848.84s best:1821  next:[1310,1820] objective_lb_search_no_lp
#Bound 10248.98s best:1821  next:[1311,1820] objective_lb_search_no_lp
#Bound 10522.66s best:1821  next:[1312,1820] objective_lb_search_no_lp
#Bound 11134.48s best:1821  next:[1313,1820] objective_shaving_search_no_lp (vars=874 csts=10161)
#Bound 11326.57s best:1821  next:[1317,1820] objective_lb_search_no_lp
#Bound 11734.11s best:1821  next:[1328,1820] objective_lb_search_no_lp
#Bound 11776.06s best:1821  next:[1330,1820] objective_lb_search_no_lp
#Bound 11788.54s best:1821  next:[1334,1820] objective_lb_search_no_lp
#Bound 11814.23s best:1821  next:[1336,1820] objective_lb_search_no_lp
#Bound 12558.96s best:1821  next:[1337,1820] objective_lb_search_no_lp
#Bound 13543.12s best:1821  next:[1338,1820] objective_lb_search_no_lp
#Bound 14266.48s best:1821  next:[1339,1820] objective_lb_search_no_lp
#Bound 14606.51s best:1821  next:[1340,1820] objective_lb_search_no_lp
#Bound 15422.66s best:1821  next:[1341,1820] objective_lb_search_no_lp
#Bound 15952.52s best:1821  next:[1342,1820] objective_lb_search_no_lp
#Bound 16842.98s best:1821  next:[1343,1820] lb_tree_search (nodes=375070/378091 rc=3252 decisions=3763889 @root=771 restarts=16) 
#Bound 17113.31s best:1821  next:[1344,1820] objective_lb_search_no_lp
#Bound 17792.38s best:1821  next:[1345,1820] lb_tree_search (nodes=379663/385059 rc=3348 decisions=3923997 @root=802 restarts=16) 
#Bound 18045.30s best:1821  next:[1346,1820] objective_lb_search_no_lp
#Bound 18551.88s best:1821  next:[1347,1820] objective_lb_search_no_lp
#Bound 18976.43s best:1821  next:[1348,1820] objective_lb_search_no_lp
#Bound 19598.57s best:1821  next:[1349,1820] objective_lb_search_no_lp
#Bound 19994.89s best:1821  next:[1350,1820] objective_lb_search_no_lp
#Bound 20524.44s best:1821  next:[1351,1820] objective_lb_search_no_lp
#Bound 20854.16s best:1821  next:[1352,1820] objective_lb_search_no_lp
#Bound 21473.89s best:1821  next:[1353,1820] objective_lb_search_no_lp
#Bound 22052.88s best:1821  next:[1354,1820] objective_lb_search_no_lp
#Bound 22870.19s best:1821  next:[1356,1820] objective_lb_search_no_lp
#Bound 23150.33s best:1821  next:[1360,1820] objective_lb_search_no_lp
#Bound 23163.82s best:1821  next:[1361,1820] objective_lb_search_no_lp
#Bound 24499.32s best:1821  next:[1362,1820] objective_shaving_search_no_lp (vars=874 csts=10161)
#Bound 24916.63s best:1821  next:[1363,1820] objective_lb_search_no_lp
#Bound 25192.28s best:1821  next:[1364,1820] objective_lb_search_no_lp
#Bound 25823.07s best:1821  next:[1365,1820] objective_lb_search_no_lp
#Bound 26141.28s best:1821  next:[1366,1820] objective_lb_search_no_lp
#Bound 26548.46s best:1821  next:[1367,1820] objective_lb_search_no_lp
#Bound 27133.20s best:1821  next:[1368,1820] objective_lb_search_no_lp
#Bound 27336.57s best:1821  next:[1373,1820] objective_lb_search
#Bound 28236.59s best:1821  next:[1374,1820] objective_lb_search_no_lp
#Model 28456.27s var:759/760 constraints:10031/10144
#Bound 28624.60s best:1821  next:[1375,1820] objective_lb_search_no_lp
#Bound 29586.65s best:1821  next:[1376,1820] objective_lb_search_no_lp
#Bound 30247.64s best:1821  next:[1377,1820] objective_lb_search_no_lp
#Bound 30952.24s best:1821  next:[1378,1820] objective_lb_search_no_lp
#Bound 31824.81s best:1821  next:[1379,1820] objective_lb_search_no_lp
#Bound 32653.05s best:1821  next:[1380,1820] objective_lb_search_no_lp
#Bound 33123.71s best:1821  next:[1381,1820] objective_lb_search_no_lp
#Bound 34132.85s best:1821  next:[1382,1820] objective_lb_search_no_lp
#Bound 35184.04s best:1821  next:[1383,1820] objective_lb_search_no_lp
#Bound 35833.59s best:1821  next:[1384,1820] objective_lb_search_no_lp
#Bound 36819.49s best:1821  next:[1385,1820] objective_lb_search_no_lp
#Bound 36885.90s best:1821  next:[1386,1820] objective_lb_search_no_lp
#Bound 37024.73s best:1821  next:[1387,1820] objective_lb_search_no_lp
#Bound 37067.18s best:1821  next:[1388,1820] objective_lb_search_no_lp
#Bound 37237.20s best:1821  next:[1389,1820] objective_lb_search_no_lp
#Bound 37395.82s best:1821  next:[1390,1820] objective_lb_search_no_lp
#Bound 37537.19s best:1821  next:[1391,1820] objective_lb_search_no_lp
#Bound 37646.53s best:1821  next:[1392,1820] objective_lb_search_no_lp
#Bound 37822.27s best:1821  next:[1393,1820] objective_lb_search_no_lp
#Bound 37997.53s best:1821  next:[1394,1820] objective_lb_search_no_lp
#Bound 38190.02s best:1821  next:[1395,1820] objective_lb_search_no_lp
#Bound 38371.23s best:1821  next:[1396,1820] objective_lb_search_no_lp
#Bound 39758.89s best:1821  next:[1397,1820] objective_lb_search_no_lp
#Bound 40477.61s best:1821  next:[1398,1820] objective_lb_search_no_lp
#Bound 41240.59s best:1821  next:[1399,1820] objective_lb_search_no_lp
#Bound 41868.80s best:1821  next:[1400,1820] objective_lb_search_no_lp
#Bound 42575.74s best:1821  next:[1401,1820] objective_lb_search_no_lp
#Bound 43224.27s best:1821  next:[1402,1820] objective_lb_search_no_lp
#Bound 44583.68s best:1821  next:[1403,1820] objective_lb_search_no_lp
#Bound 44955.67s best:1821  next:[1404,1820] objective_lb_search_no_lp
#Bound 45592.13s best:1821  next:[1405,1820] objective_lb_search_no_lp
#Bound 46346.20s best:1821  next:[1406,1820] objective_lb_search_no_lp
#Bound 46873.24s best:1821  next:[1407,1820] objective_lb_search_no_lp
#Bound 47306.04s best:1821  next:[1408,1820] objective_lb_search_no_lp
#Bound 47581.59s best:1821  next:[1409,1820] objective_lb_search_no_lp
#Bound 48183.16s best:1821  next:[1410,1820] objective_lb_search_no_lp
#Bound 49076.26s best:1821  next:[1411,1820] objective_lb_search_no_lp
#Bound 49636.97s best:1821  next:[1413,1820] objective_lb_search_no_lp
#Bound 51153.98s best:1821  next:[1418,1820] objective_lb_search_no_lp
#Bound 53678.58s best:1821  next:[1419,1820] objective_shaving_search_no_lp (vars=869 csts=10136)
#Bound 53964.28s best:1821  next:[1420,1820] objective_lb_search_no_lp
#Bound 54188.52s best:1821  next:[1421,1820] objective_lb_search_no_lp
#Bound 54534.55s best:1821  next:[1422,1820] objective_lb_search_no_lp
#Bound 54932.25s best:1821  next:[1423,1820] objective_lb_search_no_lp
#Bound 55451.06s best:1821  next:[1424,1820] objective_lb_search_no_lp
#Bound 55718.54s best:1821  next:[1425,1820] objective_lb_search_no_lp
#Bound 56061.99s best:1821  next:[1426,1820] objective_lb_search_no_lp
#Bound 56401.00s best:1821  next:[1427,1820] objective_lb_search_no_lp
#Bound 56848.30s best:1821  next:[1428,1820] objective_lb_search_no_lp
#Bound 57067.37s best:1821  next:[1429,1820] objective_lb_search_no_lp
#Bound 57333.88s best:1821  next:[1430,1820] objective_lb_search_no_lp
#Bound 57452.96s best:1821  next:[1431,1820] objective_lb_search_no_lp
#Bound 57937.41s best:1821  next:[1432,1820] objective_lb_search_no_lp
#Bound 58330.67s best:1821  next:[1433,1820] objective_lb_search_no_lp
#Bound 58928.06s best:1821  next:[1434,1820] objective_lb_search_no_lp
#Bound 59558.86s best:1821  next:[1435,1820] objective_lb_search_no_lp
#Bound 60316.53s best:1821  next:[1436,1820] objective_lb_search_no_lp
#Bound 60488.21s best:1821  next:[1437,1820] objective_lb_search_no_lp
#Bound 61231.10s best:1821  next:[1438,1820] objective_lb_search_no_lp
#Bound 61772.93s best:1821  next:[1439,1820] objective_lb_search_no_lp
#Bound 62467.56s best:1821  next:[1440,1820] objective_lb_search_no_lp
#Bound 63035.87s best:1821  next:[1441,1820] objective_lb_search_no_lp
#Bound 63616.52s best:1821  next:[1442,1820] objective_lb_search_no_lp
#Bound 64699.22s best:1821  next:[1443,1820] objective_lb_search_no_lp
#Bound 65108.22s best:1821  next:[1444,1820] objective_lb_search_no_lp
#Bound 65399.53s best:1821  next:[1445,1820] objective_lb_search_no_lp
#Bound 66146.73s best:1821  next:[1446,1820] objective_lb_search_no_lp
#Bound 66458.49s best:1821  next:[1448,1820] objective_lb_search_no_lp
#Bound 66987.73s best:1821  next:[1449,1820] objective_lb_search_no_lp
#Bound 67265.79s best:1821  next:[1450,1820] objective_lb_search_no_lp
#Bound 68143.75s best:1821  next:[1451,1820] objective_lb_search_no_lp
#Bound 68749.84s best:1821  next:[1452,1820] objective_lb_search_no_lp
#Bound 69815.43s best:1821  next:[1453,1820] objective_lb_search_no_lp
#Bound 71101.70s best:1821  next:[1454,1820] objective_lb_search_no_lp
#Bound 72636.23s best:1821  next:[1455,1820] objective_lb_search_no_lp
#Bound 73223.50s best:1821  next:[1456,1820] objective_lb_search_no_lp
#Bound 74118.49s best:1821  next:[1457,1820] objective_lb_search_no_lp
#Bound 75118.90s best:1821  next:[1458,1820] objective_lb_search_no_lp
#Bound 76211.54s best:1821  next:[1459,1820] objective_lb_search_no_lp
#Bound 77592.95s best:1821  next:[1460,1820] objective_lb_search_no_lp
#Bound 78100.86s best:1821  next:[1461,1820] objective_lb_search_no_lp
#Bound 78681.82s best:1821  next:[1463,1820] objective_lb_search_no_lp
#Bound 79806.85s best:1821  next:[1464,1820] objective_lb_search_no_lp
#Bound 81493.13s best:1821  next:[1465,1820] objective_lb_search_no_lp
#Bound 81832.38s best:1821  next:[1466,1820] objective_lb_search_no_lp
#Bound 83008.19s best:1821  next:[1467,1820] objective_lb_search_no_lp
#Bound 84097.29s best:1821  next:[1468,1820] objective_lb_search_no_lp
#Bound 86116.41s best:1821  next:[1469,1820] objective_lb_search_no_lp

Task timing                                  n [     min,      max]      avg      dev     time         n [     min,      max]      avg      dev    dtime
                             'core':         1 [  24.00h,   24.00h]   24.00h   0.00ns   24.00h         1 [  25.74h,   25.74h]   25.74h   0.00ns   25.74h
                       'default_lp':         1 [  24.00h,   24.00h]   24.00h   0.00ns   24.00h         1 [   7.50h,    7.50h]    7.50h   0.00ns    7.50h
                 'feasibility_pump':     13433 [251.07us,    2.72s] 566.58ms 106.43ms    2.11h     13431 [ 91.50ms, 346.70ms]  93.94ms   2.46ms   21.03m
                            'fixed':         1 [  24.00h,   24.00h]   24.00h   0.00ns   24.00h         1 [   4.34h,    4.34h]    4.34h   0.00ns    4.34h
                  'fj_long_default':         1 [537.65ms, 537.65ms] 537.65ms   0.00ns 537.65ms         1 [125.05ms, 125.05ms] 125.05ms   0.00ns 125.05ms
              'fj_long_lin_default':         1 [334.45ms, 334.45ms] 334.45ms   0.00ns 334.45ms         1 [121.23ms, 121.23ms] 121.23ms   0.00ns 121.23ms
                   'fj_long_random':         1 [407.30ms, 407.30ms] 407.30ms   0.00ns 407.30ms         1 [120.56ms, 120.56ms] 120.56ms   0.00ns 120.56ms
                 'fj_short_default':         1 [789.76ms, 789.76ms] 789.76ms   0.00ns 789.76ms         1 [129.21ms, 129.21ms] 129.21ms   0.00ns 129.21ms
             'fj_short_lin_default':         1 [385.06ms, 385.06ms] 385.06ms   0.00ns 385.06ms         1 [121.03ms, 121.03ms] 121.03ms   0.00ns 121.03ms
              'fj_short_lin_random':         1 [574.44ms, 574.44ms] 574.44ms   0.00ns 574.44ms         1 [127.73ms, 127.73ms] 127.73ms   0.00ns 127.73ms
                  'fj_short_random':         1 [134.69ms, 134.69ms] 134.69ms   0.00ns 134.69ms         1 [123.37ms, 123.37ms] 123.37ms   0.00ns 123.37ms
                        'fs_random':         1 [433.75ms, 433.75ms] 433.75ms   0.00ns 433.75ms         1 [  6.79ms,   6.79ms]   6.79ms   0.00ns   6.79ms
                        'fs_random':         1 [797.57ms, 797.57ms] 797.57ms   0.00ns 797.57ms         1 [ 20.00ns,  20.00ns]  20.00ns   0.00ns  20.00ns
                  'fs_random_no_lp':         1 [   1.21s,    1.21s]    1.21s   0.00ns    1.21s         0 [  0.00ns,   0.00ns]   0.00ns   0.00ns   0.00ns
          'fs_random_quick_restart':         1 [433.74ms, 433.74ms] 433.74ms   0.00ns 433.74ms         1 [608.32us, 608.32us] 608.32us   0.00ns 608.32us
          'fs_random_quick_restart':         1 [454.20ms, 454.20ms] 454.20ms   0.00ns 454.20ms         1 [  6.50ms,   6.50ms]   6.50ms   0.00ns   6.50ms
    'fs_random_quick_restart_no_lp':         1 [939.40ms, 939.40ms] 939.40ms   0.00ns 939.40ms         1 [  1.52ms,   1.52ms]   1.52ms   0.00ns   1.52ms
                    'graph_arc_lns':     13433 [100.30ms,    1.94m]   12.07s   17.61s   45.04h     13419 [ 10.00ns,   17.99s]    2.01s    3.38s    7.51h
                    'graph_cst_lns':     13433 [  7.81ms,   51.28s]    6.59s    8.65s   24.59h     13421 [ 10.00ns,    7.67s] 953.33ms    1.52s    3.55h
                    'graph_dec_lns':     13433 [ 43.04ms,    1.21m]    8.20s   11.19s   30.58h     13427 [ 10.00ns,   10.31s]    1.25s    2.05s    4.67h
                    'graph_var_lns':     13433 [ 46.80ms,    1.34m]    8.65s   13.07s   32.27h     13416 [ 10.00ns,   11.93s]    1.34s    2.33s    4.98h
                   'lb_tree_search':         1 [  24.00h,   24.00h]   24.00h   0.00ns   24.00h         1 [  10.04h,   10.04h]   10.04h   0.00ns   10.04h
                           'max_lp':         1 [  24.00h,   24.00h]   24.00h   0.00ns   24.00h         1 [   8.18h,    8.18h]    8.18h   0.00ns    8.18h
                            'no_lp':         1 [  24.00h,   24.00h]   24.00h   0.00ns   24.00h         1 [   8.95h,    8.95h]    8.95h   0.00ns    8.95h
              'objective_lb_search':         1 [  24.00h,   24.00h]   24.00h   0.00ns   24.00h         1 [   5.51h,    5.51h]    5.51h   0.00ns    5.51h
       'objective_lb_search_max_lp':         1 [  24.00h,   24.00h]   24.00h   0.00ns   24.00h         1 [   8.67h,    8.67h]    8.67h   0.00ns    8.67h
        'objective_lb_search_no_lp':         1 [  24.00h,   24.00h]   24.00h   0.00ns   24.00h         1 [   3.58h,    3.58h]    3.58h   0.00ns    3.58h
  'objective_shaving_search_max_lp':       318 [ 72.61ms,   42.08m]    4.53m    6.33m   24.00h       311 [  7.25ms,   10.07m]    1.09m    1.53m    5.64h
   'objective_shaving_search_no_lp':       318 [109.13ms,   42.08m]    4.53m    6.33m   24.00h       310 [ 19.39ms,    5.71m]   39.34s   54.43s    3.39h
                          'probing':         1 [  24.00h,   24.00h]   24.00h   0.00ns   24.00h         1 [  10.27h,   10.27h]   10.27h   0.00ns   10.27h
                   'probing_max_lp':         1 [  24.00h,   24.00h]   24.00h   0.00ns   24.00h         1 [  21.39h,   21.39h]   21.39h   0.00ns   21.39h
                     'pseudo_costs':         1 [  24.00h,   24.00h]   24.00h   0.00ns   24.00h         1 [   6.94h,    6.94h]    6.94h   0.00ns    6.94h
                    'quick_restart':         1 [  24.00h,   24.00h]   24.00h   0.00ns   24.00h         1 [  11.84h,   11.84h]   11.84h   0.00ns   11.84h
              'quick_restart_no_lp':         1 [  24.00h,   24.00h]   24.00h   0.00ns   24.00h         1 [  17.16h,   17.16h]   17.16h   0.00ns   17.16h
                    'reduced_costs':         1 [  24.00h,   24.00h]   24.00h   0.00ns   24.00h         1 [  10.00h,   10.00h]   10.00h   0.00ns   10.00h
                        'rins/rens':     13433 [220.70us,    2.03s] 578.57ms 394.27ms    2.16h     10712 [ 10.00ns, 101.14ms]  76.09ms  34.55ms   13.58m
                      'rnd_cst_lns':     13433 [  8.36ms,    1.54m]   10.54s   15.11s   39.32h     13418 [ 10.00ns,   14.16s]    1.68s    2.79s    6.25h
                      'rnd_var_lns':     13433 [ 22.77ms,    1.14m]    8.03s   10.55s   29.96h     13420 [ 10.00ns,    9.53s]    1.21s    1.91s    4.53h
         'scheduling_intervals_lns':     13433 [   1.28s,    1.31m]   13.10s   14.68s   48.87h     13428 [100.00ms,   10.99s]    2.07s    2.63s    7.73h
       'scheduling_precedences_lns':     13432 [   1.22s,    1.28m]   13.51s   15.15s   50.41h     13432 [100.00ms,   11.43s]    2.15s    2.73s    8.01h
       'scheduling_time_window_lns':     13432 [   1.28s,    1.32m]   14.35s   16.10s   53.53h     13429 [100.00ms,   12.07s]    2.29s    2.91s    8.56h
                     'violation_ls':     13433 [  1.65ms, 583.31ms] 139.97ms  48.31ms   31.34m     13433 [  1.57us, 477.20ms] 144.80ms  50.71ms   32.42m
                     'violation_ls':     13433 [974.46us, 534.21ms] 143.37ms  54.11ms   32.10m     13433 [  1.27us, 493.44ms] 148.14ms  56.02ms   33.17m

Search stats                          Bools   Conflicts     Branches    Restarts       BoolPropag   IntegerPropag
                           'core':   16'112  11'411'635   14'943'921     121'450   39'346'535'651  25'286'119'113
                     'default_lp':   17'086  11'383'378   55'946'115     967'101   41'174'826'877  17'450'156'816
                          'fixed':    3'396  69'444'308  468'822'457         797   19'920'561'275  32'111'888'349
                      'fs_random':      155           0            0           0                0               0
                      'fs_random':      155           0          318         310               36          18'238
                'fs_random_no_lp':      155           0            0           0                0               0
        'fs_random_quick_restart':      155           0          310         310               36          17'610
        'fs_random_quick_restart':      155           0          322         311               41          17'690
  'fs_random_quick_restart_no_lp':      155           0          411         310               42          22'648
                 'lb_tree_search':      183      19'951  111'004'826  21'177'925      305'104'882  16'550'425'263
                         'max_lp':   16'381  12'563'986   62'986'896   1'825'365   40'149'860'287  22'852'365'326
                          'no_lp':    7'926  27'378'964   50'400'136   1'013'828   41'339'570'540  41'532'709'505
            'objective_lb_search':      867   8'625'379   54'457'504   5'728'315    1'110'927'999  28'154'365'736
     'objective_lb_search_max_lp':      720   3'640'917   87'835'211  14'544'028    1'316'444'662  24'380'518'848
      'objective_lb_search_no_lp':      768  18'099'066   48'640'092   3'346'563    1'159'653'142  42'237'240'653
                        'probing':    3'511       2'873    1'268'320     464'604       14'628'481     101'226'592
                 'probing_max_lp':    2'479       1'893      719'508     267'669        7'254'877      56'330'479
                   'pseudo_costs':   15'779  17'290'930   87'211'804   2'472'630   38'058'831'517  28'616'065'918
                  'quick_restart':   22'979   4'054'736   42'133'920     734'216   19'575'897'010   7'790'273'792
            'quick_restart_no_lp':   24'116   8'897'269   37'302'229     949'058   37'850'206'423  12'280'065'857
                  'reduced_costs':  289'944   8'804'449   27'422'894     720'234  256'838'036'393  20'155'943'994

SAT stats                           ClassicMinim   LitRemoved     LitLearned   LitForgotten  Subsumed    MClauses  MDecisions  MLitTrue  MSubsumed  MLitRemoved    MReused
                           'core':    10'887'575  151'977'277    192'155'047    151'454'087    22'973      56'605     282'785         0        655        2'703        423
                     'default_lp':    10'313'816  153'813'090    256'046'637    219'450'826    16'309     346'774   4'350'389         0    226'621    2'264'364     39'635
                          'fixed':    58'135'627  195'845'874  2'185'490'026  2'184'497'763    11'735          64         463         0         14           79         20
                      'fs_random':             0            0              0              0         0           0           0         0          0            0          0
                      'fs_random':             0            0              0              0         0           0           0         0          0            0          0
                'fs_random_no_lp':             0            0              0              0         0           0           0         0          0            0          0
        'fs_random_quick_restart':             0            0              0              0         0           0           0         0          0            0          0
        'fs_random_quick_restart':             0            0              0              0         0           0           0         0          0            0          0
  'fs_random_quick_restart_no_lp':             0            0              0              0         0           0           0         0          0            0          0
                 'lb_tree_search':         6'120        9'681        170'280         38'458       163  10'575'730  82'847'300         0      4'311       28'889    916'833
                         'max_lp':    11'463'996  174'403'950    310'798'046    262'573'295    33'213     798'809   9'234'206         0    274'024    2'481'342    122'043
                          'no_lp':    25'246'295  294'918'042    590'123'784    546'687'891    58'402     314'612   4'189'947         0    218'519    2'288'441     30'077
            'objective_lb_search':     7'224'421   40'228'626    134'786'415     86'045'618   113'243   2'779'264  40'702'643         0    150'276    1'250'859    581'524
     'objective_lb_search_max_lp':     3'008'537   14'826'284     59'740'975     31'989'920    60'745   6'941'323  78'182'281         0     34'001      282'392  1'080'083
      'objective_lb_search_no_lp':    15'693'525   99'242'282    272'569'238    179'547'796   168'717   1'679'475  24'057'156        12    320'628    2'577'952    285'216
                        'probing':             1            3          3'228              0         0         448       2'233         0          1            3          4
                 'probing_max_lp':             0            0          2'103              0         0         149         745         0          1            3          0
                   'pseudo_costs':    15'049'493  119'361'412    436'177'320    396'410'448    34'083     825'596  11'605'729         0    295'851    2'663'270    130'442
                  'quick_restart':     3'706'185   48'318'553    101'792'063     72'128'664    10'378     186'830   3'551'892         3    142'668    2'076'538     18'941
            'quick_restart_no_lp':     8'290'161  138'268'265    253'786'532    187'882'554    11'945      65'292   1'186'187        12     53'285      762'535      4'298
                  'reduced_costs':     7'753'793  109'039'432    272'253'141    252'158'179    35'394     435'808   4'220'432        19    200'435    1'411'250     84'383

Lp stats                         Component   Iterations  AddedCuts     OPTIMAL     DUAL_F.  DUAL_U.
                  'default_lp':          1  146'536'969  4'955'109  21'979'671           1        9
                       'fixed':          1   12'671'062      1'325  66'123'590           0        0
                   'fs_random':          1            0          0           0           0        0
                   'fs_random':          1          905        687          23           0        0
     'fs_random_quick_restart':          1          370        310           7           0        0
     'fs_random_quick_restart':          1          908        715          25           0        0
              'lb_tree_search':          1  438'906'469  1'243'023  10'184'403  21'711'128        7
                      'max_lp':          1  195'108'684  2'222'943  10'812'555  14'538'765      210
         'objective_lb_search':          1  207'906'608  2'036'502  21'611'740          11        1
  'objective_lb_search_max_lp':          1  274'737'671    573'138   6'582'165   7'117'653    1'109
                     'probing':          1  188'923'504  1'875'341   2'714'110       2'386        5
              'probing_max_lp':          1  198'319'728    892'062   1'053'541     350'574        0
                'pseudo_costs':          1  143'489'148  1'760'489  19'763'366   9'598'215      740
               'quick_restart':          1  267'314'813  5'507'845  14'134'868       2'363       23
               'reduced_costs':          1   77'092'616  1'878'104  11'526'449   4'775'777      451

Lp dimension                                                                       Final dimension of first component
                  'default_lp':    820 rows, 741 columns, 3133 entries with magnitude in [6.925995e-03, 1.000000e+00]
                       'fixed':    543 rows, 741 columns, 1957 entries with magnitude in [3.376760e-02, 1.000000e+00]
                   'fs_random':         0 rows, 741 columns, 0 entries with magnitude in [0.000000e+00, 0.000000e+00]
                   'fs_random':    656 rows, 741 columns, 2305 entries with magnitude in [2.233874e-02, 1.000000e+00]
     'fs_random_quick_restart':    277 rows, 741 columns, 1100 entries with magnitude in [3.376760e-02, 1.000000e+00]
     'fs_random_quick_restart':    673 rows, 741 columns, 2387 entries with magnitude in [1.387507e-02, 1.000000e+00]
              'lb_tree_search':   1354 rows, 760 columns, 6304 entries with magnitude in [1.110473e-03, 1.000000e+00]
                      'max_lp':    829 rows, 760 columns, 3295 entries with magnitude in [8.659688e-03, 1.000000e+00]
         'objective_lb_search':   1197 rows, 741 columns, 5089 entries with magnitude in [5.035212e-05, 1.000000e+00]
  'objective_lb_search_max_lp':   1446 rows, 760 columns, 6332 entries with magnitude in [3.999372e-03, 1.000000e+00]
                     'probing':  1903 rows, 741 columns, 15671 entries with magnitude in [5.593682e-04, 1.000000e+00]
              'probing_max_lp':  2373 rows, 760 columns, 36080 entries with magnitude in [8.517938e-06, 1.000000e+00]
                'pseudo_costs':    860 rows, 760 columns, 3851 entries with magnitude in [6.350411e-04, 1.000000e+00]
               'quick_restart':   1522 rows, 741 columns, 7123 entries with magnitude in [1.319177e-03, 1.000000e+00]
               'reduced_costs':    628 rows, 760 columns, 2218 entries with magnitude in [3.376760e-02, 1.000000e+00]

Lp debug                         CutPropag  CutEqPropag      Adjust  Overflow            Bad  BadScaling
                  'default_lp':         67        1'000   6'533'810         0     15'493'327           0
                       'fixed':          0            0           0         0          5'578           0
                   'fs_random':          0            0           0         0              0           0
                   'fs_random':          0            0           0         0            861           0
     'fs_random_quick_restart':          0            0           0         0            251           0
     'fs_random_quick_restart':          0            0           0         0            853           0
              'lb_tree_search':         50        1'206  21'306'474         0     26'329'093           0
                      'max_lp':        175          607  11'611'135         0     12'794'343           0
         'objective_lb_search':         29        1'036  11'527'545         0     15'494'405           0
  'objective_lb_search_max_lp':        109          383   9'271'468         0     11'588'336           0
                     'probing':        210        8'068   2'650'173         0  2'886'723'599           0
              'probing_max_lp':        257       14'545   1'403'431         0  1'235'005'980           0
                'pseudo_costs':        177          875   9'641'422         0     15'932'150           0
               'quick_restart':        103          774   8'035'109         0     30'598'946           0
               'reduced_costs':        203          614   5'472'910         0     12'663'155           0

Lp pool                          Constraints  Updates  Simplif  Merged  Shortened      Split  Strenghtened             Cuts/Call
                  'default_lp':        6'674   23'888   40'412   3'385        899    405'092       161'808  4'955'109/26'815'545
                       'fixed':        2'275        4        0       0          0          3           174           1'325/6'459
                   'fs_random':        1'637        0        0       0          0          0           113             687/1'337
                   'fs_random':          950        0        0       0          0          0             0                   0/0
     'fs_random_quick_restart':        1'260        0        0       0          0          0           110               310/597
     'fs_random_quick_restart':        1'665        0        0       0          0          0           112             715/1'378
              'lb_tree_search':       17'821   30'631  534'781   1'337      1'036    594'143       492'941   1'243'023/6'167'790
                      'max_lp':       15'974   19'491  681'372   4'104      1'148    486'596       594'600   2'222'943/8'219'909
         'objective_lb_search':        7'855   24'996   32'322   2'597        324    625'631        81'006  2'036'502/15'396'084
  'objective_lb_search_max_lp':       17'213   21'345  672'189   2'060      1'225    638'931       452'002     573'138/3'972'515
                     'probing':        9'875  203'655  157'491     416        401  2'031'595       376'008   1'875'341/5'660'450
              'probing_max_lp':       19'029  366'496  533'009     168      6'342  1'878'923       380'318     892'062/2'127'169
                'pseudo_costs':       13'978   20'279  759'249   5'646        754    599'385       556'343   1'760'489/8'154'942
               'quick_restart':        8'722   30'522   42'548   2'073        180  2'387'343        88'388  5'507'845/22'678'179
               'reduced_costs':       14'206   15'671  648'412   5'033        586    385'655       560'300   1'878'104/5'799'919

Lp Cut                                                fs_ran  fs_ran  fs_ran     defaul  fixed     max_lp     quick_   reduce   pseudo   lb_tre   probin     object   probin   object
                                              CG_FF:      42      27      42     74'916     74     80'203      3'546  104'212  132'530   47'889    2'414     38'292      745   15'029
                                               CG_K:      38      28      38     48'964     55     67'632      2'145  103'785  130'745   48'935    1'614     26'853      585   13'527
                                              CG_KL:       -       -       -         14      -         10          -       56        5        1        3          -        -        -
                                               CG_R:      29      21      29     47'470     39     50'351      2'626   88'068  101'822   28'704    3'151     26'979    3'008    7'402
                                              CG_RB:       7       2       7    205'211     77    207'467     19'162  199'628  259'485  122'571    5'706    142'035    3'517   48'135
                                             CG_RBP:       -       -       -     26'433      5     27'642      2'086   38'324   41'850   20'400      875     17'326      620    3'918
                                             Clique:       -       -       -          -      -     13'603          -   24'727   22'189    8'251        -          -    1'247    1'940
                                                 IB:     374     103     410  4'110'701    620  1'271'402  5'292'811  786'858  442'854  372'627  938'081  1'526'141  158'910  277'865
                                           MIR_1_FF:      69      56      68     47'114     88     48'059     13'752   62'254   75'855   48'294   36'549     27'678    7'766   17'726
                                            MIR_1_K:       8       4       8      7'965     10     11'434      3'093   13'321   22'907   19'619   11'055      6'141    2'227    7'178
                                           MIR_1_KL:       -       -       -      1'659      -      1'955        301    2'517      307      220    2'594        134      759       48
                                            MIR_1_R:      28      22      28     11'548     33      8'374      3'193   13'089   16'016    7'942   17'466      6'949    3'348    2'593
                                           MIR_1_RB:      24      13      22     75'253     62     95'679     31'361   96'966  116'202  110'744  108'541     42'376    8'486   38'737
                                          MIR_1_RBP:       1       -       1      4'952      4     24'767      1'072   20'496   11'480   15'548    2'625        886      980    1'525
                                          MIR_1_RLT:       -       -       -          -      -        631          -    1'264    1'478      519        -          -      662      170
                                           MIR_2_FF:       5       2       7     29'687     28     26'829      9'006   32'875   42'265   28'883   26'521     16'766    5'444   10'208
                                            MIR_2_K:       7       3       5      6'701     10      6'133      2'577    7'418   10'819    9'490   10'237      4'401    2'064    3'357
                                           MIR_2_KL:       -       -       -      1'152      -      1'437        324    2'097      253      205    3'849        105      834       53
                                            MIR_2_R:       2       1       5      7'856     12      6'955      2'932    7'989   11'523    8'030   25'205      4'965    3'604    2'928
                                           MIR_2_RB:      19       9      15     46'287     54     43'986     22'611   47'234   53'464   50'763   97'871     26'832    7'501   17'226
                                          MIR_2_RBP:       1       -       1      5'110      2      9'923      1'310    9'117    6'311    6'517    5'478      1'189    1'298      825
                                           MIR_3_FF:       2       1       1     16'736     11     15'818      5'530   17'978   23'422   19'231   18'025      9'622    3'412    5'855
                                            MIR_3_K:       4       2       1      4'450      4      4'477      1'544    6'367    7'569    6'220    6'838      2'590    1'557    1'688
                                           MIR_3_KL:       1       -       -        896      -      1'071        399    1'719      324      370    3'369        200      887      101
                                            MIR_3_R:       1       1       -      4'489      3      4'666      2'050    4'667    6'994    6'880   15'959      2'746    2'591    2'223
                                           MIR_3_RB:       3       1       2     28'292     15     25'134     15'050   26'761   27'853   31'309   74'713     17'018    5'808    9'826
                                          MIR_3_RBP:       1       -       -      3'332      1      5'091        809    5'035    3'726    4'122    4'219        967      670      611
                                           MIR_4_FF:       2       2       3     10'383     11      9'288      3'445    9'399   12'508   12'292   12'582      6'157    1'531    3'629
                                            MIR_4_K:       1       1       1      4'013      7      3'807      1'045    5'140    6'528    4'726    4'905      2'240      942    1'335
                                           MIR_4_KL:       -       -       -        891      -        920        591    1'570      460      582    3'800        322      731      149
                                            MIR_4_R:       2       1       2      3'535      4      3'394      1'353    2'535    4'558    5'206   10'119      2'533    1'571    1'644
                                           MIR_4_RB:       1       2       2     18'323     14     14'340      9'832   15'916   15'269   18'466   53'375     11'076    4'143    5'562
                                          MIR_4_RBP:       -       -       -      2'527      -      2'668        587    3'034    2'726    2'316    2'674        764      475      399
                                           MIR_5_FF:       1       -       -      6'228      2      4'898      2'256    4'835    6'691    6'972    9'105      4'187      813    2'040
                                            MIR_5_K:       -       -       -      2'252      2      2'075      1'046    2'871    3'250    2'951    4'125      1'556      661      713
                                           MIR_5_KL:       -       -       -        844      -        796        593    1'267      555      617    4'033        516      689      135
                                            MIR_5_R:       1       -       -      2'033      1      1'620        908    1'120    1'967    3'065    6'013      2'036      955    1'032
                                           MIR_5_RB:       1       -       -     11'561     11      8'610      6'257    9'831    9'293   10'343   35'376      6'957    2'589    2'820
                                          MIR_5_RBP:       -       -       -      1'429      2      1'495        426    1'602    1'532    1'521    1'778        558      332      307
                                           MIR_6_FF:       -       -       -      4'118      1      3'049      1'384    3'201    4'216    4'174    6'024      2'919      490    1'314
                                            MIR_6_K:       -       -       -      1'825      2      1'793        898    2'239    2'540    2'273    3'480      1'399      461      548
                                           MIR_6_KL:       -       -       -        753      -        621        623    1'239      537      664    3'810        523      424      158
                                            MIR_6_R:       -       -       -      1'364      -        799        642      719    1'142    1'610    3'318      1'577      364      566
                                           MIR_6_RB:       -       -       -      8'192      8      6'215      3'939    7'339    6'859    6'594   23'385      4'628    1'719    1'946
                                          MIR_6_RBP:       -       -       -        890      -      1'179        371    1'266    1'169    1'375    1'275        537      326      323
   NoOverlapCompletionTimeExhaustiveMirror_weighted:       -       -       -          -      -          -          -        2        -        -        -          -        -        -
         NoOverlapCompletionTimeExhaustive_weighted:       -       -       -          -      -        148          -      180      139      193        -          -        -      137
  NoOverlapCompletionTimeExhaustive_weighted_lifted:       -       -       -          -      -      1'870          -    1'915    1'837    1'229        -          -        2      629
                    NoOverlapCompletionTimeQueyrane:       -       -       -          -      -        170          -      214      298        1        -          -        2        5
             NoOverlapCompletionTimeQueyrane_lifted:       -       -       -          -      -        658          -      659      715      482        -          -        2      248
                          NoOverlapDisjunctionOnEnd:       -       -       -          -      -          5          -       15        6        -        -          -        -        -
                        NoOverlapDisjunctionOnStart:       -       -       -          -      -      3'179          -    3'468    4'332    1'173        -          -        5      340
                                       ZERO_HALF_FF:       5       3       5      9'782     18     14'415      1'291   15'606   21'185   10'683    1'692      4'962      162    3'090
                                        ZERO_HALF_K:       1       2       3      2'608      1      5'019        332    6'399   10'005    7'500      637      1'628      119    2'865
                                       ZERO_HALF_KL:       -       -       -          4      -          2          -        1        2        -        -          -        -        -
                                        ZERO_HALF_R:       3       3       5     25'155     18     38'291     24'575   25'177   36'608   78'207  213'651     18'913  612'507   38'682
                                       ZERO_HALF_RB:       3       -       3     15'576     13     24'438      5'179   18'904   26'593   28'256   35'484     10'133   22'098   11'077
                                      ZERO_HALF_RBP:       -       -       1      3'635      3      6'452        982    5'619    6'721    5'268   11'742      1'190    9'419      751

LNS stats                        Improv/Calls  Closed  Difficulty  TimeLimit
               'graph_arc_lns':      14/13433     50%        0.99      16.88
               'graph_cst_lns':      96/13432     50%        0.99       7.65
               'graph_dec_lns':      65/13433     50%        0.99      10.29
               'graph_var_lns':      51/13433     50%        0.99      11.82
                   'rins/rens':    1618/12294     50%        0.84       0.10
                 'rnd_cst_lns':      37/13430     50%        0.99      14.13
                 'rnd_var_lns':      72/13433     50%        0.99       9.51
    'scheduling_intervals_lns':      72/13433      1%        0.00      10.92
  'scheduling_precedences_lns':      63/13432      1%        0.00      11.36
  'scheduling_time_window_lns':      58/13432      1%        0.00      12.06

LS stats                   Batches  Restarts    LinMoves    GenMoves  CompoundMoves  WeightUpdates
       'fj_long_default':        1         1       9'906           0              0             94
   'fj_long_lin_default':        1         1           0       1'764            227              0
        'fj_long_random':        1         1       9'897           0              0            103
      'fj_short_default':        1         1           0       2'130            249              0
  'fj_short_lin_default':        1         1           0       1'754            331              0
   'fj_short_lin_random':        1         1           0       1'852            304              0
       'fj_short_random':        1         1           0       1'947            325              0
          'violation_ls':   13'433         0  59'509'840  14'766'756        675'395      3'605'495
          'violation_ls':   13'433         0  61'317'532  15'680'950        741'129      3'770'327

Solutions (101)                  Num      Rank
               'graph_arc_lns':    5   [60,88]
               'graph_cst_lns':    3   [76,85]
               'graph_dec_lns':    1   [99,99]
               'graph_var_lns':    4   [65,93]
                       'no_lp':   35    [1,46]
               'quick_restart':    3   [36,92]
         'quick_restart_no_lp':   28   [18,98]
                 'rins_lp_lns':    4  [81,100]
               'rins_pump_lns':    2  [33,101]
                 'rnd_cst_lns':    2   [67,87]
                 'rnd_var_lns':    1   [66,66]
  'scheduling_precedences_lns':    2   [30,32]
                'violation_ls':   11   [16,90]

Objective bounds                      Num
                        'bool_core':   15
          'fs_random_quick_restart':    1
                   'initial_domain':    1
                   'lb_tree_search':    2
                           'max_lp':    1
              'objective_lb_search':    2
       'objective_lb_search_max_lp':   18
        'objective_lb_search_no_lp':  297
  'objective_shaving_search_max_lp':    1
   'objective_shaving_search_no_lp':    7
                     'pseudo_costs':    2
                    'reduced_costs':    2

Solution repositories      Added  Queried  Ignored  Synchro
  'feasible solutions':  131'050  305'545        2  128'706
        'lp solutions':  564'207    6'658        0  448'712
                'pump':  281'767    6'775

Improving bounds shared             Num
                        'core':      13
                  'default_lp':     530
              'lb_tree_search':      47
                      'max_lp':     486
                       'no_lp':     252
         'objective_lb_search':      27
  'objective_lb_search_max_lp':     153
                     'probing':   8'546
              'probing_max_lp':   4'220
                'pseudo_costs':     258
               'quick_restart':     994
         'quick_restart_no_lp':  15'046
               'reduced_costs':     765

Clauses shared                   Num
                        'core':    1
                  'default_lp':   11
              'lb_tree_search':    9
                      'max_lp':   24
                       'no_lp':   28
  'objective_lb_search_max_lp':    2
   'objective_lb_search_no_lp':    2
                'pseudo_costs':    7
               'quick_restart':    3
         'quick_restart_no_lp':   37
               'reduced_costs':    7

CpSolverResponse summary:
status: FEASIBLE
objective: 1821
best_bound: 1469
integers: 755
booleans: 155
conflicts: 0
branches: 318
propagations: 36
integer_propagations: 18238
restarts: 310
lp_iterations: 905
walltime: 86401.7
usertime: 86401.7
deterministic_time: 815723
gap_integral: 4.825e+06
solution_fingerprint: 0x5196c344a3880cf7


--- Simulation Gantt  partir du modle mathmatique ---
