created virtual environment CPython3.12.4.final.0-64 in 355ms
  creator CPython3Posix(dest=/localscratch/aneumann.45381392.0/env, clear=False, no_vcs_ignore=False, global=False)
  seeder FromAppData(download=False, pip=bundle, via=copy, app_data_dir=/home/aneumann/.local/share/virtualenv)
    added seed packages: pip==24.2+computecanada
  activators BashActivator,CShellActivator,FishActivator,NushellActivator,PowerShellActivator,PythonActivator
Looking in links: /cvmfs/soft.computecanada.ca/custom/python/wheelhouse/gentoo2023/x86-64-v3, /cvmfs/soft.computecanada.ca/custom/python/wheelhouse/gentoo2023/generic, /cvmfs/soft.computecanada.ca/custom/python/wheelhouse/generic
Requirement already satisfied: pip in /localscratch/aneumann.45381392.0/env/lib/python3.12/site-packages (24.2+computecanada)
Processing /cvmfs/soft.computecanada.ca/custom/python/wheelhouse/generic/pip-25.0+computecanada-py3-none-any.whl
Installing collected packages: pip
  Attempting uninstall: pip
    Found existing installation: pip 24.2+computecanada
    Uninstalling pip-24.2+computecanada:
      Successfully uninstalled pip-24.2+computecanada
Successfully installed pip-24.2+computecanada
Looking in links: /cvmfs/soft.computecanada.ca/custom/python/wheelhouse/gentoo2023/x86-64-v3, /cvmfs/soft.computecanada.ca/custom/python/wheelhouse/gentoo2023/generic, /cvmfs/soft.computecanada.ca/custom/python/wheelhouse/generic
ERROR: protobuf-5.28.3-cp38-abi3-manylinux2014_x86_64.whl is not a supported wheel on this platform.
Looking in links: /cvmfs/soft.computecanada.ca/custom/python/wheelhouse/gentoo2023/x86-64-v3, /cvmfs/soft.computecanada.ca/custom/python/wheelhouse/gentoo2023/generic, /cvmfs/soft.computecanada.ca/custom/python/wheelhouse/generic
Processing /home/aneumann/projects/def-adhaj/aneumann/GNRS/wheels/immutabledict-4.2.0-py3-none-any.whl
Installing collected packages: immutabledict
Successfully installed immutabledict-4.2.0
Looking in links: /cvmfs/soft.computecanada.ca/custom/python/wheelhouse/gentoo2023/x86-64-v3, /cvmfs/soft.computecanada.ca/custom/python/wheelhouse/gentoo2023/generic, /cvmfs/soft.computecanada.ca/custom/python/wheelhouse/generic
Processing /cvmfs/soft.computecanada.ca/custom/python/wheelhouse/generic/ortools-9.10.4067+computecanada-cp312-cp312-linux_x86_64.whl (from -r /home/aneumann/projects/def-adhaj/aneumann/GNRS/requirements/or.txt (line 1))
Processing /cvmfs/soft.computecanada.ca/custom/python/wheelhouse/gentoo2023/x86-64-v3/matplotlib-3.10.0+computecanada-cp312-cp312-linux_x86_64.whl (from -r /home/aneumann/projects/def-adhaj/aneumann/GNRS/requirements/or.txt (line 2))
Processing /cvmfs/soft.computecanada.ca/custom/python/wheelhouse/gentoo2023/x86-64-v3/pandas-2.2.3+computecanada-cp312-cp312-linux_x86_64.whl (from -r /home/aneumann/projects/def-adhaj/aneumann/GNRS/requirements/or.txt (line 3))
Processing /cvmfs/soft.computecanada.ca/custom/python/wheelhouse/generic/absl_py-2.3.0+computecanada-py3-none-any.whl (from ortools<9.11,>=9.10->-r /home/aneumann/projects/def-adhaj/aneumann/GNRS/requirements/or.txt (line 1))
Processing /cvmfs/soft.computecanada.ca/custom/python/wheelhouse/gentoo2023/generic/numpy-2.2.2+computecanada-cp312-cp312-linux_x86_64.whl (from ortools<9.11,>=9.10->-r /home/aneumann/projects/def-adhaj/aneumann/GNRS/requirements/or.txt (line 1))
Processing /cvmfs/soft.computecanada.ca/custom/python/wheelhouse/gentoo2023/x86-64-v3/protobuf-6.31.1+computecanada-cp312-cp312-linux_x86_64.whl (from ortools<9.11,>=9.10->-r /home/aneumann/projects/def-adhaj/aneumann/GNRS/requirements/or.txt (line 1))
Requirement already satisfied: immutabledict>=3.0.0 in /localscratch/aneumann.45381392.0/env/lib/python3.12/site-packages (from ortools<9.11,>=9.10->-r /home/aneumann/projects/def-adhaj/aneumann/GNRS/requirements/or.txt (line 1)) (4.2.0)
Processing /cvmfs/soft.computecanada.ca/custom/python/wheelhouse/gentoo2023/generic/contourpy-1.3.1+computecanada-cp312-cp312-linux_x86_64.whl (from matplotlib->-r /home/aneumann/projects/def-adhaj/aneumann/GNRS/requirements/or.txt (line 2))
Processing /cvmfs/soft.computecanada.ca/custom/python/wheelhouse/generic/cycler-0.12.1+computecanada-py3-none-any.whl (from matplotlib->-r /home/aneumann/projects/def-adhaj/aneumann/GNRS/requirements/or.txt (line 2))
Processing /cvmfs/soft.computecanada.ca/custom/python/wheelhouse/generic/fonttools-4.58.4+computecanada-cp312-cp312-linux_x86_64.whl (from matplotlib->-r /home/aneumann/projects/def-adhaj/aneumann/GNRS/requirements/or.txt (line 2))
Processing /cvmfs/soft.computecanada.ca/custom/python/wheelhouse/gentoo2023/x86-64-v3/kiwisolver-1.4.8+computecanada-cp312-cp312-linux_x86_64.whl (from matplotlib->-r /home/aneumann/projects/def-adhaj/aneumann/GNRS/requirements/or.txt (line 2))
Processing /cvmfs/soft.computecanada.ca/custom/python/wheelhouse/generic/packaging-25.0+computecanada-py3-none-any.whl (from matplotlib->-r /home/aneumann/projects/def-adhaj/aneumann/GNRS/requirements/or.txt (line 2))
Processing /cvmfs/soft.computecanada.ca/custom/python/wheelhouse/gentoo2023/x86-64-v3/pillow-11.1.0+computecanada-cp312-cp312-linux_x86_64.whl (from matplotlib->-r /home/aneumann/projects/def-adhaj/aneumann/GNRS/requirements/or.txt (line 2))
Processing /cvmfs/soft.computecanada.ca/custom/python/wheelhouse/generic/pyparsing-3.2.3+computecanada-py3-none-any.whl (from matplotlib->-r /home/aneumann/projects/def-adhaj/aneumann/GNRS/requirements/or.txt (line 2))
Processing /cvmfs/soft.computecanada.ca/custom/python/wheelhouse/generic/python_dateutil-2.9.0.post0+computecanada-py2.py3-none-any.whl (from matplotlib->-r /home/aneumann/projects/def-adhaj/aneumann/GNRS/requirements/or.txt (line 2))
Processing /cvmfs/soft.computecanada.ca/custom/python/wheelhouse/generic/pytz-2025.2+computecanada-py2.py3-none-any.whl (from pandas->-r /home/aneumann/projects/def-adhaj/aneumann/GNRS/requirements/or.txt (line 3))
Processing /cvmfs/soft.computecanada.ca/custom/python/wheelhouse/generic/tzdata-2025.2+computecanada-py2.py3-none-any.whl (from pandas->-r /home/aneumann/projects/def-adhaj/aneumann/GNRS/requirements/or.txt (line 3))
Processing /cvmfs/soft.computecanada.ca/custom/python/wheelhouse/generic/six-1.17.0+computecanada-py2.py3-none-any.whl (from python-dateutil>=2.7->matplotlib->-r /home/aneumann/projects/def-adhaj/aneumann/GNRS/requirements/or.txt (line 2))
Installing collected packages: pytz, tzdata, six, pyparsing, protobuf, pillow, packaging, numpy, kiwisolver, fonttools, cycler, absl-py, python-dateutil, contourpy, pandas, matplotlib, ortools
Successfully installed absl-py-2.3.0+computecanada contourpy-1.3.1+computecanada cycler-0.12.1+computecanada fonttools-4.58.4+computecanada kiwisolver-1.4.8+computecanada matplotlib-3.10.0+computecanada numpy-2.2.2+computecanada ortools-9.10.4067+computecanada packaging-25.0+computecanada pandas-2.2.3+computecanada pillow-11.1.0+computecanada protobuf-6.31.1+computecanada pyparsing-3.2.3+computecanada python-dateutil-2.9.0.post0+computecanada pytz-2025.2+computecanada six-1.17.0+computecanada tzdata-2025.2+computecanada

Starting CP-SAT solver v9.10.4067
Parameters: max_time_in_seconds: 86400 max_memory_in_mb: 185000 log_search_progress: true enumerate_all_solutions: false num_search_workers: 32 absolute_gap_limit: 0 relative_gap_limit: 0

Initial optimization model '': (model_fingerprint: 0xc57b395c9c8eba04)
#Variables: 289 (#ints: 10 in objective)
  - 194 Booleans in [0,1]
  - 95 in [0,515]
#kLinear1: 39
#kLinear2: 531
#kLinear3: 245
#kLinearN: 2'593 (#terms: 36'649)

Starting presolve at 0.00s
  1.02e-03s  0.00e+00d  [DetectDominanceRelations] 
  1.80e-02s  0.00e+00d  [PresolveToFixPoint] #num_loops=6 #num_dual_strengthening=3 
  2.85e-05s  0.00e+00d  [ExtractEncodingFromLinear] #potential_supersets=2 
[Symmetry] Graph for symmetry has 3'047 nodes and 25'691 arcs.
[Symmetry] Symmetry computation done. time: 0.00128522 dtime: 0.00232364
[Symmetry] #generators: 1, average support size: 22
[Symmetry] The model contains 239 duplicate constraints !
[Symmetry] 11 orbits with sizes: 2,2,2,2,2,2,2,2,2,2,...
[Symmetry] Num fixable by intersecting at_most_one with orbits: 1 largest_orbit: 2
  5.44e-03s  1.28e-03d  [Probe] #probed=240 #fixed_bools=1 #new_bounds=20 #equiv=1 
  7.93e-05s  0.00e+00d  [MaxClique] Merged 30(60 literals) into 12(24 literals) at_most_ones. 
  8.79e-04s  0.00e+00d  [DetectDominanceRelations] 
  7.85e-03s  0.00e+00d  [PresolveToFixPoint] #num_loops=4 #num_dual_strengthening=3 
  2.77e-03s  0.00e+00d  [ProcessAtMostOneAndLinear] 
  1.30e-03s  0.00e+00d  [DetectDuplicateConstraints] #duplicates=284 #without_enforcements=274 
  1.07e-03s  1.03e-04d  [DetectDominatedLinearConstraints] #relevant_constraints=2'009 #num_inclusions=1'477 
  2.32e-04s  0.00e+00d  [DetectDifferentVariables] #different=34 
  2.57e-04s  2.88e-05d  [ProcessSetPPC] #relevant_constraints=1'444 
  1.70e-05s  0.00e+00d  [FindAlmostIdenticalLinearConstraints] 
  6.88e-05s  5.49e-05d  [FindBigAtMostOneAndLinearOverlap] 
  2.84e-03s  2.09e-03d  [FindBigVerticalLinearOverlap] #blocks=37 #saved_nz=4'329 
  1.53e-04s  6.48e-05d  [FindBigHorizontalLinearOverlap] #linears=1'401 
  1.39e-05s  0.00e+00d  [MergeClauses] 
  9.20e-04s  0.00e+00d  [DetectDominanceRelations] 
  1.09e-02s  0.00e+00d  [PresolveToFixPoint] #num_loops=2 #num_dual_strengthening=1 
  9.12e-04s  0.00e+00d  [DetectDominanceRelations] 
  6.32e-03s  0.00e+00d  [PresolveToFixPoint] #num_loops=1 #num_dual_strengthening=1 
[Symmetry] Graph for symmetry has 2'823 nodes and 20'152 arcs.
[Symmetry] Symmetry computation done. time: 0.000507852 dtime: 0.00127736
  4.27e-03s  1.19e-03d  [Probe] #probed=238 #new_bounds=31 
  7.48e-06s  0.00e+00d  [MaxClique] 
  9.14e-04s  0.00e+00d  [DetectDominanceRelations] 
  9.89e-03s  0.00e+00d  [PresolveToFixPoint] #num_loops=2 #num_dual_strengthening=1 
  2.28e-03s  0.00e+00d  [ProcessAtMostOneAndLinear] 
  1.12e-03s  0.00e+00d  [DetectDuplicateConstraints] #without_enforcements=300 
  6.08e-04s  5.51e-05d  [DetectDominatedLinearConstraints] #relevant_constraints=1'714 #num_inclusions=546 
  1.80e-04s  0.00e+00d  [DetectDifferentVariables] #different=41 
  2.23e-04s  1.91e-05d  [ProcessSetPPC] #relevant_constraints=1'290 
  1.94e-05s  9.00e-08d  [FindAlmostIdenticalLinearConstraints] #num_tested_pairs=6 
  2.49e-05s  1.90e-05d  [FindBigAtMostOneAndLinearOverlap] 
  1.54e-03s  1.31e-03d  [FindBigVerticalLinearOverlap] #blocks=24 #saved_nz=1'988 
  1.29e-04s  4.86e-05d  [FindBigHorizontalLinearOverlap] #linears=1'158 
  7.02e-06s  0.00e+00d  [MergeClauses] 
  8.44e-04s  0.00e+00d  [DetectDominanceRelations] 
  8.79e-03s  0.00e+00d  [PresolveToFixPoint] #num_loops=2 #num_dual_strengthening=1 
  8.36e-04s  0.00e+00d  [DetectDominanceRelations] 
  6.18e-03s  0.00e+00d  [PresolveToFixPoint] #num_loops=1 #num_dual_strengthening=1 
[Symmetry] Graph for symmetry has 2'869 nodes and 18'164 arcs.
[Symmetry] Symmetry computation done. time: 0.000490372 dtime: 0.00117083
  3.95e-03s  1.08e-03d  [Probe] #probed=238 #new_bounds=17 
  7.07e-06s  0.00e+00d  [MaxClique] 
  8.41e-04s  0.00e+00d  [DetectDominanceRelations] 
  7.63e-03s  0.00e+00d  [PresolveToFixPoint] #num_loops=2 #num_dual_strengthening=1 
  1.98e-03s  0.00e+00d  [ProcessAtMostOneAndLinear] 
  1.13e-03s  0.00e+00d  [DetectDuplicateConstraints] #without_enforcements=316 
  4.52e-04s  3.75e-05d  [DetectDominatedLinearConstraints] #relevant_constraints=1'522 #num_inclusions=69 
  1.78e-04s  0.00e+00d  [DetectDifferentVariables] #different=44 
  1.85e-04s  1.44e-05d  [ProcessSetPPC] #relevant_constraints=1'115 
  2.29e-05s  4.55e-07d  [FindAlmostIdenticalLinearConstraints] #num_tested_pairs=16 
  2.44e-05s  1.71e-05d  [FindBigAtMostOneAndLinearOverlap] 
  1.19e-03s  1.08e-03d  [FindBigVerticalLinearOverlap] #blocks=9 #saved_nz=881 
  1.14e-04s  4.22e-05d  [FindBigHorizontalLinearOverlap] #linears=1'093 
  7.17e-06s  0.00e+00d  [MergeClauses] 
  8.11e-04s  0.00e+00d  [DetectDominanceRelations] 
  7.38e-03s  0.00e+00d  [PresolveToFixPoint] #num_loops=2 #num_dual_strengthening=1 
  7.33e-05s  0.00e+00d  [ExpandObjective] #entries=203 #tight_variables=75 #tight_constraints=39 

Presolve summary:
  - 51 affine relations were detected.
  - rule 'TODO dual: only one blocking constraint?' was applied 748 times.
  - rule 'TODO dual: only one unspecified blocking constraint?' was applied 130 times.
  - rule 'TODO duplicate: identical constraint with different enforcements' was applied 890 times.
  - rule 'affine: new relation' was applied 51 times.
  - rule 'at_most_one: removed literals' was applied 12 times.
  - rule 'at_most_one: size one' was applied 12 times.
  - rule 'at_most_one: transformed into max clique.' was applied 1 time.
  - rule 'deductions: 207 stored' was applied 1 time.
  - rule 'dual: fix variable' was applied 27 times.
  - rule 'dual: reduced domain' was applied 45 times.
  - rule 'duplicate: merged rhs of linear constraint' was applied 45 times.
  - rule 'duplicate: removed constraint' was applied 284 times.
  - rule 'enforcement: false literal' was applied 18 times.
  - rule 'enforcement: true literal' was applied 5 times.
  - rule 'exactly_one: x and not(x)' was applied 1 time.
  - rule 'incompatible linear: add implication' was applied 30 times.
  - rule 'linear matrix: common vertical rectangle' was applied 70 times.
  - rule 'linear: always true' was applied 807 times.
  - rule 'linear: doubleton free' was applied 10 times.
  - rule 'linear: empty' was applied 34 times.
  - rule 'linear: extracted enforcement literal' was applied 6'148 times.
  - rule 'linear: fixed or dup variables' was applied 2'677 times.
  - rule 'linear: positive equal one' was applied 2 times.
  - rule 'linear: reduced variable domains' was applied 177 times.
  - rule 'linear: remapped using affine relations' was applied 2'558 times.
  - rule 'linear: simplified rhs' was applied 8'672 times.
  - rule 'linear: variable substitution 1' was applied 10 times.
  - rule 'linear: variable substitution 2' was applied 4 times.
  - rule 'linear: variable substitution 3' was applied 1 time.
  - rule 'presolve: 95 unused variables removed.' was applied 1 time.
  - rule 'presolve: iteration' was applied 3 times.
  - rule 'probing: reduced enforced constraint to implication.' was applied 30 times.
  - rule 'symmetry: fixed to false in general orbit' was applied 1 time.

Presolved optimization model '': (model_fingerprint: 0xe5c7c3d9e7cc99d0)
#Variables: 198 (#ints: 10 in objective)
  - 58 Booleans in [0,1]
  - 101 different domains in [-2531,3572] with a largest complexity of 11.
#kExactlyOne: 1 (#literals: 3)
#kLinear2: 772 (#enforced: 707 #multi: 623)
#kLinear3: 229 (#enforced: 133)
#kLinearN: 1'237 (#enforced: 1'169) (#terms: 9'020)

Preloading model.
#Bound   0.13s best:inf   next:[166,4467] initial_domain
[Symmetry] Graph for symmetry has 2'732 nodes and 17'289 arcs.
[Symmetry] Symmetry computation done. time: 0.000430692 dtime: 0.00112295
#Model   0.14s var:198/198 constraints:2239/2239

Starting search at 0.14s with 32 workers.
16 full problem subsolvers: [core, default_lp, lb_tree_search, max_lp, no_lp, objective_lb_search, objective_lb_search_max_lp, objective_lb_search_no_lp, objective_shaving_search_max_lp, objective_shaving_search_no_lp, probing, probing_max_lp, pseudo_costs, quick_restart, quick_restart_no_lp, reduced_costs]
14 first solution subsolvers: [fj_long_default, fj_long_lin_default, fj_long_random, fj_short_default, fj_short_lin_default, fj_short_lin_random, fj_short_random, fs_random(2), fs_random_no_lp(2), fs_random_quick_restart(2), fs_random_quick_restart_no_lp]
11 incomplete subsolvers: [feasibility_pump, graph_arc_lns, graph_cst_lns, graph_dec_lns, graph_var_lns, rins/rens, rnd_cst_lns, rnd_var_lns, violation_ls(3)]
3 helper subsolvers: [neighborhood_helper, synchronization_agent, update_gap_integral]
#Bound   0.15s best:inf   next:[207,4467] objective_lb_search_no_lp
#1       0.16s best:2178  next:[207,2177] quick_restart_no_lp (fixed_bools=0/85)
#2       0.16s best:1930  next:[207,1929] no_lp (fixed_bools=0/85)
#Bound   0.16s best:1930  next:[280,1929] objective_lb_search_no_lp
#3       0.17s best:1929  next:[280,1928] no_lp (fixed_bools=0/93)
#4       0.17s best:1857  next:[280,1856] no_lp (fixed_bools=0/102)
#5       0.18s best:1822  next:[280,1821] no_lp (fixed_bools=0/106)
#6       0.18s best:1775  next:[280,1774] no_lp (fixed_bools=0/115)
#7       0.19s best:1765  next:[280,1764] no_lp (fixed_bools=0/118)
#8       0.19s best:1701  next:[280,1700] no_lp (fixed_bools=0/125)
#9       0.19s best:1674  next:[280,1673] no_lp (fixed_bools=0/128)
#10      0.19s best:1657  next:[280,1656] no_lp (fixed_bools=0/130)
#Bound   0.19s best:1657  next:[491,1656] objective_lb_search_no_lp
#11      0.21s best:1618  next:[491,1617] no_lp (fixed_bools=0/146)
#Bound   0.22s best:1618  next:[492,1617] objective_lb_search_no_lp
#12      0.23s best:1613  next:[492,1612] quick_restart_no_lp (fixed_bools=0/140)
#13      0.23s best:1612  next:[492,1611] pseudo_costs (fixed_bools=0/86)
#14      0.23s best:1607  next:[492,1606] quick_restart_no_lp (fixed_bools=0/148)
#15      0.24s best:1606  next:[492,1605] quick_restart_no_lp (fixed_bools=0/167)
#16      0.24s best:1582  next:[492,1581] quick_restart_no_lp (fixed_bools=0/176)
#Bound   0.24s best:1582  next:[498,1581] objective_lb_search_no_lp
#17      0.25s best:1576  next:[498,1575] quick_restart_no_lp (fixed_bools=0/177)
#18      0.25s best:1575  next:[498,1574] rnd_cst_lns (d=0.88 s=70 t=0.10 p=1.00 stall=3 h=auto_l0)
#19      0.26s best:1564  next:[498,1563] graph_var_lns (d=0.88 s=71 t=0.10 p=1.00 stall=3 h=auto_l0) [hint]
#20      0.26s best:1563  next:[498,1562] violation_ls(batch:3 #solutions_imported:3 #lin_moves:9'462 #lin_evals:62'629 #gen_moves:9'257 #gen_evals:0 #comp_moves:725 #backtracks:4'266 #weight_updates:626)
#Bound   0.27s best:1563  next:[502,1562] objective_lb_search_no_lp
#21      0.27s best:1561  next:[502,1560] violation_ls(batch:3 #solutions_imported:3 #lin_moves:18'900 #lin_evals:79'812 #weight_updates:1'101)
#22      0.27s best:1560  next:[502,1559] violation_ls(batch:4 #solutions_imported:4 #lin_moves:9'462 #lin_evals:62'673 #gen_moves:9'282 #gen_evals:0 #comp_moves:730 #backtracks:4'276 #weight_updates:626)
#23      0.27s best:1559  next:[502,1558] violation_ls(batch:4 #solutions_imported:4 #lin_moves:18'901 #lin_evals:79'822 #weight_updates:1'101)
#24      0.28s best:1557  next:[502,1556] graph_arc_lns (d=0.88 s=75 t=0.10 p=1.00 stall=3 h=auto_l0)
#25      0.28s best:1556  next:[502,1555] violation_ls(batch:4 #solutions_imported:4 #lin_moves:33 #lin_evals:42'203 #gen_moves:19'259 #gen_evals:0 #comp_moves:853 #backtracks:9'203 #weight_updates:244)
#26      0.29s best:1544  next:[502,1543] quick_restart_no_lp (fixed_bools=0/188)
#Bound   0.29s best:1544  next:[504,1543] objective_lb_search_no_lp
#27      0.29s best:1531  next:[504,1530] quick_restart_no_lp (fixed_bools=0/192)
#28      0.31s best:1518  next:[504,1517] quick_restart_no_lp (fixed_bools=0/199)
#29      0.31s best:1517  next:[504,1516] violation_ls(batch:5 #solutions_imported:5 #lin_moves:9'462 #lin_evals:62'676 #gen_moves:9'284 #gen_evals:0 #comp_moves:732 #backtracks:4'276 #weight_updates:626)
#30      0.31s best:1505  next:[504,1504] quick_restart_no_lp (fixed_bools=0/200)
#31      0.32s best:1496  next:[504,1495] no_lp (fixed_bools=0/185)
#32      0.32s best:1482  next:[504,1481] no_lp (fixed_bools=0/187)
#33      0.32s best:1478  next:[504,1477] quick_restart_no_lp (fixed_bools=0/248)
#Bound   0.32s best:1478  next:[514,1477] objective_lb_search_no_lp
#34      0.33s best:1417  next:[514,1416] graph_var_lns (d=0.91 s=89 t=0.10 p=1.00 stall=0 h=auto_l0)
#Bound   0.36s best:1417  next:[516,1416] objective_lb_search_no_lp
#35      0.36s best:1309  next:[516,1308] default_lp (fixed_bools=0/121)
#Bound   0.37s best:1309  next:[518,1308] objective_lb_search_no_lp
#36      0.38s best:1308  next:[518,1307] violation_ls(batch:6 #solutions_imported:6 #lin_moves:33 #lin_evals:72'723 #gen_moves:33'652 #gen_evals:0 #comp_moves:1'278 #backtracks:16'185 #weight_updates:410)
#37      0.39s best:1300  next:[518,1299] rnd_var_lns (d=0.94 s=99 t=0.10 p=1.00 stall=0 h=auto_l0)
#Bound   0.40s best:1300  next:[523,1299] objective_lb_search
#38      0.41s best:1280  next:[523,1279] graph_dec_lns (d=0.94 s=105 t=0.10 p=1.00 stall=1 h=auto_l0)
#39      0.42s best:1279  next:[523,1278] violation_ls(batch:7 #solutions_imported:7 #lin_moves:23'999 #lin_evals:134'220 #gen_moves:13'304 #gen_evals:0 #comp_moves:381 #backtracks:6'459 #weight_updates:6'339)
#40      0.42s best:1278  next:[523,1277] quick_restart_no_lp (fixed_bools=0/307)
#Bound   0.42s best:1278  next:[527,1277] objective_lb_search_no_lp
#41      0.43s best:1277  next:[527,1276] violation_ls(batch:7 #solutions_imported:7 #lin_moves:53 #lin_evals:72'854 #gen_moves:33'652 #gen_evals:0 #comp_moves:1'278 #backtracks:16'185 #weight_updates:428)
#42      0.43s best:1276  next:[527,1275] quick_restart_no_lp (fixed_bools=0/312)
#43      0.43s best:1275  next:[527,1274] quick_restart_no_lp (fixed_bools=0/326)
#44      0.43s best:1273  next:[527,1272] quick_restart_no_lp (fixed_bools=0/337)
#45      0.44s best:1272  next:[527,1271] violation_ls(batch:7 #solutions_imported:7 #lin_moves:9'484 #lin_evals:88'651 #gen_moves:21'503 #gen_evals:0 #comp_moves:1'734 #backtracks:9'880 #weight_updates:750)
#46      0.44s best:1271  next:[527,1270] quick_restart_no_lp (fixed_bools=0/339)
#47      0.45s best:1269  next:[527,1268] quick_restart_no_lp (fixed_bools=0/343)
#48      0.45s best:1266  next:[527,1265] quick_restart_no_lp (fixed_bools=0/345)
#49      0.45s best:1264  next:[527,1263] quick_restart_no_lp (fixed_bools=0/348)
#50      0.46s best:1263  next:[527,1262] violation_ls(batch:8 #solutions_imported:8 #lin_moves:9'496 #lin_evals:88'719 #gen_moves:21'503 #gen_evals:0 #comp_moves:1'734 #backtracks:9'880 #weight_updates:761)
#51      0.46s best:1262  next:[527,1261] violation_ls(batch:8 #solutions_imported:8 #lin_moves:23'999 #lin_evals:134'224 #gen_moves:13'306 #gen_evals:0 #comp_moves:383 #backtracks:6'459 #weight_updates:6'339)
#52      0.47s best:1260  next:[527,1259] quick_restart_no_lp (fixed_bools=0/357)
#Bound   0.49s best:1260  next:[529,1259] objective_lb_search_no_lp
#53      0.49s best:1259  next:[529,1258] quick_restart_no_lp (fixed_bools=0/361)
#54      0.49s best:1257  next:[529,1256] quick_restart_no_lp (fixed_bools=0/373)
#55      0.49s best:1255  next:[529,1254] quick_restart_no_lp (fixed_bools=0/379)
#56      0.50s best:1236  next:[529,1235] rnd_var_lns (d=0.96 s=126 t=0.10 p=1.00 stall=0 h=auto_l0)
#Bound   0.51s best:1236  next:[552,1235] objective_lb_search_no_lp
#57      0.52s best:1233  next:[552,1232] quick_restart_no_lp (fixed_bools=0/408)
#58      0.56s best:1225  next:[552,1224] rnd_cst_lns (d=0.96 s=140 t=0.10 p=1.00 stall=0 h=auto_l0)
#Bound   0.56s best:1225  next:[555,1224] objective_lb_search_no_lp
#59      0.57s best:1222  next:[555,1221] quick_restart_no_lp (fixed_bools=0/426)
#Bound   0.68s best:1222  next:[556,1221] objective_lb_search_no_lp
#Bound   0.68s best:1222  next:[614,1221] objective_lb_search
#60      0.76s best:1218  next:[614,1217] default_lp (fixed_bools=0/167)
#61      0.77s best:1201  next:[614,1200] rins_lp_lns (d=0.88 s=96 t=0.10 p=1.00 stall=3 h=auto_l0)
#Bound   0.83s best:1201  next:[617,1200] objective_lb_search_no_lp
#Bound   0.94s best:1201  next:[618,1200] objective_lb_search_no_lp
#Bound   1.04s best:1201  next:[631,1200] objective_lb_search_max_lp
#62      1.24s best:1197  next:[631,1196] rnd_cst_lns (d=0.98 s=179 t=0.10 p=1.00 stall=1 h=auto_l0)
#Bound   1.32s best:1197  next:[633,1196] objective_lb_search
#Bound   1.88s best:1197  next:[651,1196] objective_lb_search_no_lp [skipped_logs=6]
#Bound   2.80s best:1197  next:[708,1196] objective_lb_search_no_lp [skipped_logs=9]
#Bound   3.22s best:1197  next:[712,1196] objective_lb_search_no_lp [skipped_logs=1]
#Bound   4.60s best:1197  next:[718,1196] objective_lb_search_no_lp [skipped_logs=2]
#Bound   5.49s best:1197  next:[719,1196] objective_shaving_search_no_lp (vars=214 csts=2256) [skipped_logs=0]
#Bound   6.94s best:1197  next:[723,1196] objective_lb_search_max_lp [skipped_logs=2]
#Bound   7.98s best:1197  next:[735,1196] objective_lb_search [skipped_logs=2]
#Bound   8.70s best:1197  next:[751,1196] objective_lb_search [skipped_logs=4]
#Bound   9.98s best:1197  next:[758,1196] objective_lb_search_no_lp [skipped_logs=2]
#Bound  10.67s best:1197  next:[761,1196] objective_lb_search_no_lp [skipped_logs=2]
#Bound  11.93s best:1197  next:[766,1196] objective_lb_search_no_lp [skipped_logs=3]
#Bound  12.83s best:1197  next:[775,1196] objective_lb_search_no_lp [skipped_logs=2]
#Bound  13.89s best:1197  next:[781,1196] objective_lb_search_no_lp [skipped_logs=4]
#Bound  14.66s best:1197  next:[782,1196] lb_tree_search (nodes=1938/1940 rc=20 decisions=20627 @root=34 restarts=10)  [skipped_logs=0]
#Bound  15.79s best:1197  next:[785,1196] lb_tree_search (nodes=2008/2010 rc=23 decisions=21590 @root=37 restarts=10)  [skipped_logs=2]
#Bound  16.60s best:1197  next:[792,1196] objective_lb_search_no_lp [skipped_logs=3]
#Bound  17.76s best:1197  next:[796,1196] objective_lb_search_no_lp [skipped_logs=2]
#Bound  18.87s best:1197  next:[803,1196] objective_lb_search_no_lp [skipped_logs=3]
#Bound  19.58s best:1197  next:[810,1196] objective_lb_search_no_lp [skipped_logs=2]
#Bound  20.86s best:1197  next:[815,1196] objective_lb_search_no_lp [skipped_logs=0]
#Bound  21.98s best:1197  next:[821,1196] objective_lb_search_no_lp [skipped_logs=2]
#Bound  22.79s best:1197  next:[822,1196] objective_lb_search_no_lp [skipped_logs=0]
#Bound  23.69s best:1197  next:[824,1196] objective_lb_search_no_lp [skipped_logs=1]
#Bound  24.79s best:1197  next:[826,1196] lb_tree_search (nodes=3311/3523 rc=74 decisions=34137 @root=47 restarts=10)  [skipped_logs=1]
#Bound  25.77s best:1197  next:[828,1196] lb_tree_search (nodes=3368/3580 rc=76 decisions=35092 @root=49 restarts=10)  [skipped_logs=1]
#Bound  26.72s best:1197  next:[830,1196] lb_tree_search (nodes=3444/3656 rc=82 decisions=36079 @root=51 restarts=10)  [skipped_logs=1]
#Model  27.61s var:196/198 constraints:2117/2239
#Bound  27.62s best:1197  next:[835,1196] objective_lb_search [skipped_logs=2]
#Bound  28.68s best:1197  next:[840,1196] objective_lb_search_no_lp [skipped_logs=1]
#Bound  29.27s best:1197  next:[841,1196] objective_lb_search_no_lp [skipped_logs=0]
#Bound  30.96s best:1197  next:[843,1196] lb_tree_search (nodes=3408/4177 rc=99 decisions=41364 @root=59 restarts=10)  [skipped_logs=1]
#Model  31.63s var:194/198 constraints:2007/2239
#Bound  31.89s best:1197  next:[852,1196] objective_lb_search_no_lp [skipped_logs=2]
#Bound  32.70s best:1197  next:[856,1196] objective_lb_search_no_lp [skipped_logs=2]
#Bound  33.85s best:1197  next:[864,1196] objective_lb_search_no_lp [skipped_logs=1]
#Model  34.16s var:192/198 constraints:1813/2239
#Bound  34.46s best:1197  next:[870,1196] objective_lb_search_no_lp [skipped_logs=2]
#Bound  35.95s best:1197  next:[876,1196] objective_lb_search_no_lp [skipped_logs=3]
#Bound  36.19s best:1197  next:[883,1196] objective_lb_search_no_lp [skipped_logs=0]
#Model  37.39s var:191/198 constraints:1712/2239
#Bound  38.30s best:1197  next:[887,1196] objective_lb_search_no_lp
#Model  38.73s var:190/198 constraints:1588/2239
#Bound  38.93s best:1197  next:[896,1196] objective_lb_search [skipped_logs=3]
#Model  39.34s var:188/198 constraints:1480/2239
#Bound  39.79s best:1197  next:[905,1196] objective_lb_search_no_lp [skipped_logs=2]
#Bound  40.81s best:1197  next:[934,1196] objective_lb_search_no_lp [skipped_logs=3]
#Model  41.44s var:186/198 constraints:1358/2239
#Model  41.70s var:185/198 constraints:1299/2239
#Model  41.79s var:183/198 constraints:1208/2239
#Model  41.82s var:181/198 constraints:1115/2239
#Bound  41.93s best:1197  next:[952,1196] objective_lb_search_no_lp [skipped_logs=4]
#Model  42.04s var:179/198 constraints:1059/2239
#Model  42.26s var:178/198 constraints:1023/2239
#Model  42.36s var:177/198 constraints:986/2239
#Model  42.37s var:176/198 constraints:915/2239
#Model  42.41s var:170/198 constraints:714/2239
#Model  42.41s var:169/198 constraints:676/2239
#Model  42.42s var:164/198 constraints:506/2239
#Done   42.44s quick_restart_no_lp
#Done   42.44s objective_lb_search_no_lp
#Done   42.44s core
#Model  42.44s var:160/198 constraints:358/2239
#Done   42.44s pseudo_costs
#Bound  42.44s best:1197  next:[1185,1196] objective_lb_search_no_lp [skipped_logs=24]

Task timing                                  n [     min,      max]      avg      dev     time         n [     min,      max]      avg      dev    dtime
                             'core':         1 [  42.30s,   42.30s]   42.30s   0.00ns   42.30s         1 [   1.83m,    1.83m]    1.83m   0.00ns    1.83m
                       'default_lp':         1 [  42.30s,   42.30s]   42.30s   0.00ns   42.30s         1 [  20.55s,   20.55s]   20.55s   0.00ns   20.55s
                 'feasibility_pump':       332 [  6.43ms,  51.84ms]  11.80ms   2.41ms    3.92s       331 [  2.53ms,  13.33ms]   4.75ms 488.27us    1.57s
                  'fj_long_default':         1 [ 30.38ms,  30.38ms]  30.38ms   0.00ns  30.38ms         1 [ 34.16ms,  34.16ms]  34.16ms   0.00ns  34.16ms
              'fj_long_lin_default':         1 [ 70.79ms,  70.79ms]  70.79ms   0.00ns  70.79ms         1 [ 76.82ms,  76.82ms]  76.82ms   0.00ns  76.82ms
                   'fj_long_random':         1 [ 62.09ms,  62.09ms]  62.09ms   0.00ns  62.09ms         1 [ 72.32ms,  72.32ms]  72.32ms   0.00ns  72.32ms
                 'fj_short_default':         1 [ 57.19ms,  57.19ms]  57.19ms   0.00ns  57.19ms         1 [ 76.32ms,  76.32ms]  76.32ms   0.00ns  76.32ms
             'fj_short_lin_default':         1 [ 53.71ms,  53.71ms]  53.71ms   0.00ns  53.71ms         1 [ 75.41ms,  75.41ms]  75.41ms   0.00ns  75.41ms
              'fj_short_lin_random':         1 [ 51.51ms,  51.51ms]  51.51ms   0.00ns  51.51ms         1 [ 70.73ms,  70.73ms]  70.73ms   0.00ns  70.73ms
                  'fj_short_random':         1 [ 53.74ms,  53.74ms]  53.74ms   0.00ns  53.74ms         1 [ 73.30ms,  73.30ms]  73.30ms   0.00ns  73.30ms
                        'fs_random':         1 [ 16.72ms,  16.72ms]  16.72ms   0.00ns  16.72ms         1 [ 20.00ns,  20.00ns]  20.00ns   0.00ns  20.00ns
                        'fs_random':         1 [ 17.12ms,  17.12ms]  17.12ms   0.00ns  17.12ms         1 [ 20.00ns,  20.00ns]  20.00ns   0.00ns  20.00ns
                  'fs_random_no_lp':         1 [ 19.95ms,  19.95ms]  19.95ms   0.00ns  19.95ms         1 [248.42us, 248.42us] 248.42us   0.00ns 248.42us
                  'fs_random_no_lp':         1 [ 20.77ms,  20.77ms]  20.77ms   0.00ns  20.77ms         1 [438.11us, 438.11us] 438.11us   0.00ns 438.11us
          'fs_random_quick_restart':         1 [ 17.03ms,  17.03ms]  17.03ms   0.00ns  17.03ms         1 [ 20.00ns,  20.00ns]  20.00ns   0.00ns  20.00ns
          'fs_random_quick_restart':         1 [ 19.70ms,  19.70ms]  19.70ms   0.00ns  19.70ms         1 [ 20.00ns,  20.00ns]  20.00ns   0.00ns  20.00ns
    'fs_random_quick_restart_no_lp':         1 [ 15.83ms,  15.83ms]  15.83ms   0.00ns  15.83ms         1 [212.73us, 212.73us] 212.73us   0.00ns 212.73us
                    'graph_arc_lns':       331 [  1.69ms, 548.92ms] 296.94ms 166.92ms    1.64m       321 [ 10.00ns, 166.46ms]  68.42ms  42.02ms   21.96s
                    'graph_cst_lns':       331 [802.05us, 501.12ms] 243.85ms 184.42ms    1.35m       273 [ 10.00ns, 216.73ms]  66.66ms  44.39ms   18.20s
                    'graph_dec_lns':       331 [  2.38ms, 726.31ms] 277.69ms 169.50ms    1.53m       324 [ 10.00ns, 171.95ms]  64.29ms  45.25ms   20.83s
                    'graph_var_lns':       331 [  1.47ms, 521.13ms] 271.59ms 171.76ms    1.50m       323 [ 10.00ns, 115.75ms]  63.67ms  44.60ms   20.57s
                   'lb_tree_search':         1 [  42.30s,   42.30s]   42.30s   0.00ns   42.30s         1 [  31.31s,   31.31s]   31.31s   0.00ns   31.31s
                           'max_lp':         1 [  42.30s,   42.30s]   42.30s   0.00ns   42.30s         1 [  20.17s,   20.17s]   20.17s   0.00ns   20.17s
                            'no_lp':         1 [  42.30s,   42.30s]   42.30s   0.00ns   42.30s         1 [  16.45s,   16.45s]   16.45s   0.00ns   16.45s
              'objective_lb_search':         1 [  42.30s,   42.30s]   42.30s   0.00ns   42.30s         1 [  21.00s,   21.00s]   21.00s   0.00ns   21.00s
       'objective_lb_search_max_lp':         1 [  42.30s,   42.30s]   42.30s   0.00ns   42.30s         1 [  22.30s,   22.30s]   22.30s   0.00ns   22.30s
        'objective_lb_search_no_lp':         1 [  42.29s,   42.29s]   42.29s   0.00ns   42.29s         1 [  11.69s,   11.69s]   11.69s   0.00ns   11.69s
  'objective_shaving_search_max_lp':       142 [  6.22ms,    2.11s] 287.91ms 286.53ms   40.88s       130 [113.84us, 689.98ms]  86.98ms  95.67ms   11.31s
   'objective_shaving_search_no_lp':       142 [  6.15ms,    2.11s] 287.60ms 286.16ms   40.84s       131 [ 40.09us, 488.37ms]  62.37ms  67.93ms    8.17s
                          'probing':         1 [  42.30s,   42.30s]   42.30s   0.00ns   42.30s         1 [  12.87s,   12.87s]   12.87s   0.00ns   12.87s
                   'probing_max_lp':         1 [  42.30s,   42.30s]   42.30s   0.00ns   42.30s         1 [   7.83s,    7.83s]    7.83s   0.00ns    7.83s
                     'pseudo_costs':         1 [  42.30s,   42.30s]   42.30s   0.00ns   42.30s         1 [  20.66s,   20.66s]   20.66s   0.00ns   20.66s
                    'quick_restart':         1 [  42.30s,   42.30s]   42.30s   0.00ns   42.30s         1 [  24.04s,   24.04s]   24.04s   0.00ns   24.04s
              'quick_restart_no_lp':         1 [  42.30s,   42.30s]   42.30s   0.00ns   42.30s         1 [  23.92s,   23.92s]   23.92s   0.00ns   23.92s
                    'reduced_costs':         1 [  42.30s,   42.30s]   42.30s   0.00ns   42.30s         1 [  21.07s,   21.07s]   21.07s   0.00ns   21.07s
                        'rins/rens':       332 [ 59.65us, 448.49ms] 214.31ms 169.24ms    1.19m       298 [ 10.00ns, 101.66ms]  62.74ms  43.38ms   18.70s
                      'rnd_cst_lns':       332 [  1.28ms, 493.63ms] 284.12ms 166.64ms    1.57m       319 [ 10.00ns, 155.15ms]  66.96ms  43.36ms   21.36s
                      'rnd_var_lns':       332 [  2.50ms, 511.53ms] 267.85ms 172.01ms    1.48m       327 [ 10.00ns, 153.06ms]  62.55ms  45.51ms   20.45s
                     'violation_ls':       331 [237.17us,  98.85ms]  46.44ms   9.16ms   15.37s       331 [410.00ns,  91.73ms]  63.73ms  11.61ms   21.10s
                     'violation_ls':       331 [427.78us,  92.49ms]  49.67ms  10.69ms   16.44s       331 [ 19.18us, 163.59ms]  89.98ms  30.02ms   29.78s
                     'violation_ls':       331 [532.63us,  99.79ms]  45.22ms   7.60ms   14.97s       331 [650.00ns,  81.14ms]  63.32ms   9.87ms   20.96s

Search stats                        Bools  Conflicts  Branches  Restarts  BoolPropag  IntegerPropag
                           'core':  5'986     44'349    82'669    10'554  84'294'232     29'547'801
                     'default_lp':  1'849     36'679   142'665    14'777  18'190'059     26'954'397
                      'fs_random':     58          0       116       116           6          1'986
                      'fs_random':     58          0       116       116           6          1'986
                'fs_random_no_lp':     58          0       146       116          16          3'039
                'fs_random_no_lp':     58          3       150       116          53          3'891
        'fs_random_quick_restart':     58          0       116       116           6          1'986
        'fs_random_quick_restart':     58          0       116       116           6          1'986
  'fs_random_quick_restart_no_lp':     58          0       160       116           7          2'904
                 'lb_tree_search':     58        167   124'814    27'094     139'155      6'195'663
                         'max_lp':     58     26'504   166'732    20'554     659'294     23'209'982
                          'no_lp':  1'238     85'419   187'046    15'744  22'463'673     52'792'601
            'objective_lb_search':    207     20'896   192'749    32'330   1'297'727     25'788'096
     'objective_lb_search_max_lp':    194     16'307   221'253    46'614   1'183'251     24'777'100
      'objective_lb_search_no_lp':    386     74'384   169'625    13'776   2'184'588     45'988'708
                        'probing':    338        107     2'944     1'830      26'242        116'314
                 'probing_max_lp':    338         99     2'682     1'698      25'920        117'247
                   'pseudo_costs':    934     28'594   156'705    18'183   9'688'381     23'493'388
                  'quick_restart':  1'952     14'767   208'618    28'809  11'694'714     20'459'772
            'quick_restart_no_lp':  3'423     76'037   321'130    21'776  69'109'627     45'429'528
                  'reduced_costs':  1'371     30'343   158'578    18'577  16'994'479     21'738'230

SAT stats                           ClassicMinim  LitRemoved  LitLearned  LitForgotten  Subsumed  MClauses  MDecisions  MLitTrue  MSubsumed  MLitRemoved  MReused
                           'core':        40'702     282'123     349'796         6'299       170     4'834      24'113         0          8           32       70
                     'default_lp':        26'948      99'191     424'999       178'159       643     7'989      83'647         3      2'841       22'024    1'575
                      'fs_random':             0           0           0             0         0         0           0         0          0            0        0
                      'fs_random':             0           0           0             0         0         0           0         0          0            0        0
                'fs_random_no_lp':             0           0           0             0         0         0           0         0          0            0        0
                'fs_random_no_lp':             0           0          11             0         0         0           0         0          0            0        0
        'fs_random_quick_restart':             0           0           0             0         0         0           0         0          0            0        0
        'fs_random_quick_restart':             0           0           0             0         0         0           0         0          0            0        0
  'fs_random_quick_restart_no_lp':             0           0           0             0         0         0           0         0          0            0        0
                 'lb_tree_search':             6           6         611             0         1    10'326      52'354         0         30          123      940
                         'max_lp':        12'917      26'310     288'369       104'307     1'374    11'218     132'550         0      2'624       19'474    2'244
                          'no_lp':        68'605     285'336     925'811       479'498     1'499     8'597      72'704         3      3'957       28'466      947
            'objective_lb_search':        13'220      30'557     164'351         2'430     1'203    16'049     160'826         0      3'409       21'623    4'296
     'objective_lb_search_max_lp':        10'038      23'157     129'111         2'829     1'010    21'139     187'373         0      2'429       15'501    5'130
      'objective_lb_search_no_lp':        55'750     170'512     584'867       128'643     2'144     8'091      80'328         0      3'777       26'166    1'726
                        'probing':             0           0         107             0         0         0           0         0          0            0        0
                 'probing_max_lp':             0           0         100             0         0         0           0         0          0            0        0
                   'pseudo_costs':        17'644      43'601     300'337        96'534       799     9'362     105'837         2      2'877       21'203    1'626
                  'quick_restart':         9'845      34'234     162'593        43'435       646    13'216     142'061        31      2'835       18'634    2'373
            'quick_restart_no_lp':        58'526     265'093     968'827       587'074     1'163     9'713      85'535        26      5'327       38'826      964
                  'reduced_costs':        20'606      61'253     307'274        64'169       723    10'908     102'974         0      3'731       25'957    2'018

Lp stats                         Component  Iterations  AddedCuts  OPTIMAL  DUAL_F.  DUAL_U.
                  'default_lp':          1     353'093     11'557   48'169        0        0
                   'fs_random':          1           0          0        1        0        0
                   'fs_random':          1           0          0        1        0        0
     'fs_random_quick_restart':          1           0          0        1        0        0
     'fs_random_quick_restart':          1           0          0        1        0        0
              'lb_tree_search':          1     861'162      7'405   45'838   14'668        0
                      'max_lp':          1     420'116     12'053   36'037    8'135       35
         'objective_lb_search':          1     462'926      5'488   32'132        0        3
  'objective_lb_search_max_lp':          1     471'607      6'909   21'126    7'872       17
                     'probing':          1     185'131      6'026    8'205        1        8
              'probing_max_lp':          1     108'156      4'744    5'322    1'504        0
                'pseudo_costs':          1     385'226     18'277   35'920    7'383       20
               'quick_restart':          1     456'749      5'816   35'551        0        2
               'reduced_costs':          1     409'441     19'449   38'277    8'587       18

Lp dimension                                                                     Final dimension of first component
                  'default_lp':  674 rows, 198 columns, 1943 entries with magnitude in [5.088736e-05, 1.000000e+00]
                   'fs_random':    68 rows, 198 columns, 266 entries with magnitude in [9.853293e-02, 1.000000e+00]
                   'fs_random':    68 rows, 198 columns, 266 entries with magnitude in [9.853293e-02, 1.000000e+00]
     'fs_random_quick_restart':    68 rows, 198 columns, 266 entries with magnitude in [9.853293e-02, 1.000000e+00]
     'fs_random_quick_restart':    68 rows, 198 columns, 266 entries with magnitude in [9.853293e-02, 1.000000e+00]
              'lb_tree_search':  371 rows, 198 columns, 1280 entries with magnitude in [1.298700e-02, 1.000000e+00]
                      'max_lp':  962 rows, 198 columns, 1499 entries with magnitude in [3.481105e-03, 1.000000e+00]
         'objective_lb_search':   277 rows, 198 columns, 939 entries with magnitude in [7.997556e-03, 1.000000e+00]
  'objective_lb_search_max_lp':  472 rows, 198 columns, 1791 entries with magnitude in [2.553392e-03, 1.000000e+00]
                     'probing':  549 rows, 198 columns, 3572 entries with magnitude in [1.154072e-04, 1.000000e+00]
              'probing_max_lp':  324 rows, 198 columns, 1288 entries with magnitude in [1.180742e-02, 1.000000e+00]
                'pseudo_costs':  345 rows, 198 columns, 1082 entries with magnitude in [1.502410e-02, 1.000000e+00]
               'quick_restart':  498 rows, 198 columns, 2028 entries with magnitude in [7.830267e-03, 1.000000e+00]
               'reduced_costs':   470 rows, 198 columns, 709 entries with magnitude in [2.199536e-02, 1.000000e+00]

Lp debug                         CutPropag  CutEqPropag  Adjust  Overflow        Bad  BadScaling
                  'default_lp':         16            8  17'136         0    114'251           0
                   'fs_random':          0            0       0         0          0           0
                   'fs_random':          0            0       0         0          0           0
     'fs_random_quick_restart':          0            0       0         0          0           0
     'fs_random_quick_restart':          0            0       0         0          0           0
              'lb_tree_search':         10            0  26'835         0     97'141           0
                      'max_lp':         45            5  12'500         0    116'840           0
         'objective_lb_search':          1            2  13'829         0    150'820           0
  'objective_lb_search_max_lp':          9           10  13'957         0    149'475           0
                     'probing':          2           57   7'706         0  2'502'668           0
              'probing_max_lp':          1           16   6'733         0  2'449'171           0
                'pseudo_costs':         42            3  13'516         0    137'135           0
               'quick_restart':         16            6  19'200         0    240'302           0
               'reduced_costs':         44            0  16'973         0    127'643           0

Lp pool                          Constraints  Updates  Simplif  Merged  Shortened   Split  Strenghtened      Cuts/Call
                  'default_lp':        9'725      574  189'176      62     15'631   7'207        28'887  11'557/43'817
                   'fs_random':          230        0        0       0          0       0            13            0/0
                   'fs_random':          230        0        0       0          0       0            13            0/0
     'fs_random_quick_restart':          230        0        0       0          0       0            13            0/0
     'fs_random_quick_restart':          230        0        0       0          0       0            13            0/0
              'lb_tree_search':        9'623      304   93'920      21      9'892   3'154        33'260   7'405/32'778
                      'max_lp':       11'238      534  197'811      54     21'124   8'840        47'983  12'053/40'466
         'objective_lb_search':        5'701      513   93'174      17      6'445   5'672        18'422   5'488/23'494
  'objective_lb_search_max_lp':        9'128      385  147'992      20      9'899   5'614        42'666   6'909/22'759
                     'probing':        6'246      975   69'939      10      8'374  13'749         7'506   6'026/14'526
              'probing_max_lp':        6'971      424   95'650      12      5'685   5'484        26'309   4'744/10'150
                'pseudo_costs':       11'359      435  199'198     157     18'754   7'530        57'403  18'277/55'570
               'quick_restart':        6'030      418  202'877      16      4'751  12'688        14'743   5'816/27'026
               'reduced_costs':       11'598      514  157'470      90     20'903   9'098        48'573  19'449/59'389

Lp Cut            defaul  max_lp  quick_  reduce  pseudo  lb_tre  probin  object  probin  object
          CG_FF:     632     646     125   1'111     932     175     148     123     168     215
           CG_K:     389     423      45     751     545      83      65      50      79     103
           CG_R:     557     511      56     931     718     110     102      75      98     161
          CG_RB:   1'650   1'562     545   2'983   2'400     734     807     719     522     607
         CG_RBP:     248     139      34     445     308      39      57      41      24      71
         Clique:       -      63       -      71      76      68       -       -      41      79
             IB:     906     667     945   1'122   1'046     494     786     650     480     573
       MIR_1_FF:     682     622     388     842     940     447     315     327     300     390
        MIR_1_K:     126      97      57     145     178      48      33      51      21      59
       MIR_1_KL:       1       2       2       -       1       -       1       -       1       -
        MIR_1_R:     117     100      37     164     144      34      40      47      27      50
       MIR_1_RB:   1'191   1'304     679   1'895   1'927     933     612     598     488     742
      MIR_1_RBP:      92     148      30     230     222     103      19      38      48      77
       MIR_2_FF:     394     370     181     619     651     201     133     178     143     241
        MIR_2_K:      86      74      43     139     139      48      30      35      22      41
       MIR_2_KL:       1       2       5       6       2       1       -       3       -       1
        MIR_2_R:     137     174      54     264     292      94      60      79      46     103
       MIR_2_RB:     677     695     400   1'135   1'134     544     277     332     239     475
      MIR_2_RBP:      71     128      23     220     227     102      21      41      22      74
       MIR_3_FF:     253     285     105     455     500     168      71     120      82     168
        MIR_3_K:      77      70      43     139     148      39      22      30      21      47
       MIR_3_KL:       5       1       3       6       3       1       2       -       -       1
        MIR_3_R:     137     195      66     288     294     125      61      89      74     132
       MIR_3_RB:     407     464     240     731     702     374     163     231     190     293
      MIR_3_RBP:      54      84      19     147     153      60      11      19      19      47
       MIR_4_FF:     195     190      78     328     313     101      72      69      43     116
        MIR_4_K:      43      53      27     101     106      24      16      25      13      29
       MIR_4_KL:       -       2       -       1       -       1       1       -       -       -
        MIR_4_R:     139     141      63     230     223     110      53      70      45     134
       MIR_4_RB:     298     306     169     457     445     228     105     134      89     200
      MIR_4_RBP:      52      40      14      88     102      39       4      10       7      27
       MIR_5_FF:     106      90      51     173     146      66      28      44      19      51
        MIR_5_K:      26      22      11      61      52      18      11      24       6      15
       MIR_5_KL:       -       -       1       -       -       -       -       -       -       -
        MIR_5_R:      76      83      31     137     126      55      27      41      21      45
       MIR_5_RB:     179     148     104     262     243     148      66      84      35     104
      MIR_5_RBP:      19      35       9      51      55      17       3       6       3      10
       MIR_6_FF:      51      55      20     124      86      41      19      44       9      25
        MIR_6_K:      25      25       6      58      38      13       6      20       1      13
       MIR_6_KL:       -       -       1       -       -       -       -       -       -       -
        MIR_6_R:      42      41      18     103      62      29      22      21       6      23
       MIR_6_RB:     112      78      49     154     146      80      29      64      11      56
      MIR_6_RBP:      10      16       6      32      40      13       1       3       1       3
   ZERO_HALF_FF:      97     127      49     185     232      59      39      46      30      63
    ZERO_HALF_K:      28      26      10      63      62      12       7       8       3       7
    ZERO_HALF_R:     886   1'426     805   1'406   1'534   1'093   1'202     758   1'115   1'066
   ZERO_HALF_RB:     209     263     143     461     443     190     239     128      68     147
  ZERO_HALF_RBP:      74      60      26     135     141      43     240      13      64      25

LNS stats           Improv/Calls  Closed  Difficulty  TimeLimit
  'graph_arc_lns':        15/331     54%        0.99       0.11
  'graph_cst_lns':        11/285     54%        0.99       0.11
  'graph_dec_lns':         9/330     52%        0.99       0.11
  'graph_var_lns':        15/331     54%        0.99       0.11
      'rins/rens':        25/320     51%        0.83       0.10
    'rnd_cst_lns':        15/331     54%        0.99       0.11
    'rnd_var_lns':         9/331     53%        0.99       0.11

LS stats                   Batches  Restarts   LinMoves   GenMoves  CompoundMoves  WeightUpdates
       'fj_long_default':        1         1      3'459          0              0             95
   'fj_long_lin_default':        1         1          0      3'667            469              3
        'fj_long_random':        1         1      9'632          0              0            368
      'fj_short_default':        1         1          0      3'845            466              2
  'fj_short_lin_default':        1         1          0      3'801            499              2
   'fj_short_lin_random':        1         1          0      3'942            501              3
       'fj_short_random':        1         1          0      3'741            437              2
          'violation_ls':      331         0  1'149'200  1'418'512         35'123         42'996
          'violation_ls':      331         0  1'189'407  1'323'623        111'110         50'633
          'violation_ls':      331         0  1'556'966  1'067'129         27'743        506'981

Solutions (62)            Num     Rank
           'default_lp':    2  [35,60]
        'graph_arc_lns':    1  [24,24]
        'graph_dec_lns':    1  [38,38]
        'graph_var_lns':    2  [19,34]
                'no_lp':   12   [2,32]
         'pseudo_costs':    1  [13,13]
  'quick_restart_no_lp':   25   [1,59]
          'rins_lp_lns':    1  [61,61]
          'rnd_cst_lns':    3  [18,62]
          'rnd_var_lns':    2  [37,56]
         'violation_ls':   12  [20,51]

Objective bounds                     Num
                  'initial_domain':    1
                  'lb_tree_search':   17
             'objective_lb_search':   14
      'objective_lb_search_max_lp':    8
       'objective_lb_search_no_lp':  130
  'objective_shaving_search_no_lp':    1

Solution repositories    Added  Queried  Ignored  Synchro
  'feasible solutions':  2'214    5'869        1    1'984
        'lp solutions':  1'241      166        0      978
                'pump':  2'311      165

Improving bounds shared            Num
                        'core':      1
                  'default_lp':     64
              'lb_tree_search':     18
                      'max_lp':    105
                       'no_lp':     47
         'objective_lb_search':      7
  'objective_lb_search_max_lp':      6
                     'probing':    228
              'probing_max_lp':    191
                'pseudo_costs':    227
               'quick_restart':    212
         'quick_restart_no_lp':  1'017
               'reduced_costs':    107

Clauses shared                   Num
                  'default_lp':    8
              'lb_tree_search':    8
                      'max_lp':   14
                       'no_lp':   53
         'objective_lb_search':   12
  'objective_lb_search_max_lp':   29
   'objective_lb_search_no_lp':    3
              'probing_max_lp':    1
                'pseudo_costs':   25
               'quick_restart':    7
         'quick_restart_no_lp':   31
               'reduced_costs':   23

CpSolverResponse summary:
status: OPTIMAL
objective: 1197
best_bound: 1197
integers: 199
booleans: 58
conflicts: 0
branches: 160
propagations: 7
integer_propagations: 2904
restarts: 116
lp_iterations: 0
walltime: 42.4942
usertime: 42.4942
deterministic_time: 599.352
gap_integral: 2439.13
solution_fingerprint: 0xb210de7736f908f3

