created virtual environment CPython3.12.4.final.0-64 in 743ms
  creator CPython3Posix(dest=/localscratch/aneumann.47038326.0/env, clear=False, no_vcs_ignore=False, global=False)
  seeder FromAppData(download=False, pip=bundle, via=copy, app_data_dir=/home/aneumann/.local/share/virtualenv)
    added seed packages: pip==24.2+computecanada
  activators BashActivator,CShellActivator,FishActivator,NushellActivator,PowerShellActivator,PythonActivator
Looking in links: /cvmfs/soft.computecanada.ca/custom/python/wheelhouse/gentoo2023/x86-64-v3, /cvmfs/soft.computecanada.ca/custom/python/wheelhouse/gentoo2023/generic, /cvmfs/soft.computecanada.ca/custom/python/wheelhouse/generic
Requirement already satisfied: pip in /localscratch/aneumann.47038326.0/env/lib/python3.12/site-packages (24.2+computecanada)
Processing /cvmfs/soft.computecanada.ca/custom/python/wheelhouse/generic/pip-25.0+computecanada-py3-none-any.whl
Installing collected packages: pip
  Attempting uninstall: pip
    Found existing installation: pip 24.2+computecanada
    Uninstalling pip-24.2+computecanada:
      Successfully uninstalled pip-24.2+computecanada
Successfully installed pip-25.0+computecanada
Looking in links: /cvmfs/soft.computecanada.ca/custom/python/wheelhouse/gentoo2023/x86-64-v3, /cvmfs/soft.computecanada.ca/custom/python/wheelhouse/gentoo2023/generic, /cvmfs/soft.computecanada.ca/custom/python/wheelhouse/generic
ERROR: protobuf-5.28.3-cp38-abi3-manylinux2014_x86_64.whl is not a supported wheel on this platform.
Looking in links: /cvmfs/soft.computecanada.ca/custom/python/wheelhouse/gentoo2023/x86-64-v3, /cvmfs/soft.computecanada.ca/custom/python/wheelhouse/gentoo2023/generic, /cvmfs/soft.computecanada.ca/custom/python/wheelhouse/generic
Processing /home/aneumann/projects/def-adhaj/aneumann/GNRS/wheels/immutabledict-4.2.0-py3-none-any.whl
Installing collected packages: immutabledict
Successfully installed immutabledict-4.2.0
Looking in links: /cvmfs/soft.computecanada.ca/custom/python/wheelhouse/gentoo2023/x86-64-v3, /cvmfs/soft.computecanada.ca/custom/python/wheelhouse/gentoo2023/generic, /cvmfs/soft.computecanada.ca/custom/python/wheelhouse/generic
Processing /cvmfs/soft.computecanada.ca/custom/python/wheelhouse/generic/ortools-9.10.4067+computecanada-cp312-cp312-linux_x86_64.whl (from -r /home/aneumann/projects/def-adhaj/aneumann/GNRS/requirements/or.txt (line 1))
Processing /cvmfs/soft.computecanada.ca/custom/python/wheelhouse/gentoo2023/x86-64-v3/matplotlib-3.10.0+computecanada-cp312-cp312-linux_x86_64.whl (from -r /home/aneumann/projects/def-adhaj/aneumann/GNRS/requirements/or.txt (line 2))
Processing /cvmfs/soft.computecanada.ca/custom/python/wheelhouse/gentoo2023/x86-64-v3/pandas-2.2.3+computecanada-cp312-cp312-linux_x86_64.whl (from -r /home/aneumann/projects/def-adhaj/aneumann/GNRS/requirements/or.txt (line 3))
Processing /cvmfs/soft.computecanada.ca/custom/python/wheelhouse/generic/absl_py-2.3.0+computecanada-py3-none-any.whl (from ortools<9.11,>=9.10->-r /home/aneumann/projects/def-adhaj/aneumann/GNRS/requirements/or.txt (line 1))
Processing /cvmfs/soft.computecanada.ca/custom/python/wheelhouse/gentoo2023/generic/numpy-2.2.2+computecanada-cp312-cp312-linux_x86_64.whl (from ortools<9.11,>=9.10->-r /home/aneumann/projects/def-adhaj/aneumann/GNRS/requirements/or.txt (line 1))
Processing /cvmfs/soft.computecanada.ca/custom/python/wheelhouse/gentoo2023/x86-64-v3/protobuf-6.31.1+computecanada-cp312-cp312-linux_x86_64.whl (from ortools<9.11,>=9.10->-r /home/aneumann/projects/def-adhaj/aneumann/GNRS/requirements/or.txt (line 1))
Requirement already satisfied: immutabledict>=3.0.0 in /localscratch/aneumann.47038326.0/env/lib/python3.12/site-packages (from ortools<9.11,>=9.10->-r /home/aneumann/projects/def-adhaj/aneumann/GNRS/requirements/or.txt (line 1)) (4.2.0)
Processing /cvmfs/soft.computecanada.ca/custom/python/wheelhouse/gentoo2023/generic/contourpy-1.3.1+computecanada-cp312-cp312-linux_x86_64.whl (from matplotlib->-r /home/aneumann/projects/def-adhaj/aneumann/GNRS/requirements/or.txt (line 2))
Processing /cvmfs/soft.computecanada.ca/custom/python/wheelhouse/generic/cycler-0.12.1+computecanada-py3-none-any.whl (from matplotlib->-r /home/aneumann/projects/def-adhaj/aneumann/GNRS/requirements/or.txt (line 2))
Processing /cvmfs/soft.computecanada.ca/custom/python/wheelhouse/generic/fonttools-4.59.0+computecanada-cp312-cp312-linux_x86_64.whl (from matplotlib->-r /home/aneumann/projects/def-adhaj/aneumann/GNRS/requirements/or.txt (line 2))
Processing /cvmfs/soft.computecanada.ca/custom/python/wheelhouse/gentoo2023/x86-64-v3/kiwisolver-1.4.8+computecanada-cp312-cp312-linux_x86_64.whl (from matplotlib->-r /home/aneumann/projects/def-adhaj/aneumann/GNRS/requirements/or.txt (line 2))
Processing /cvmfs/soft.computecanada.ca/custom/python/wheelhouse/generic/packaging-25.0+computecanada-py3-none-any.whl (from matplotlib->-r /home/aneumann/projects/def-adhaj/aneumann/GNRS/requirements/or.txt (line 2))
Processing /cvmfs/soft.computecanada.ca/custom/python/wheelhouse/gentoo2023/x86-64-v3/pillow-11.1.0+computecanada-cp312-cp312-linux_x86_64.whl (from matplotlib->-r /home/aneumann/projects/def-adhaj/aneumann/GNRS/requirements/or.txt (line 2))
Processing /cvmfs/soft.computecanada.ca/custom/python/wheelhouse/generic/pyparsing-3.2.3+computecanada-py3-none-any.whl (from matplotlib->-r /home/aneumann/projects/def-adhaj/aneumann/GNRS/requirements/or.txt (line 2))
Processing /cvmfs/soft.computecanada.ca/custom/python/wheelhouse/generic/python_dateutil-2.9.0.post0+computecanada-py2.py3-none-any.whl (from matplotlib->-r /home/aneumann/projects/def-adhaj/aneumann/GNRS/requirements/or.txt (line 2))
Processing /cvmfs/soft.computecanada.ca/custom/python/wheelhouse/generic/pytz-2025.2+computecanada-py2.py3-none-any.whl (from pandas->-r /home/aneumann/projects/def-adhaj/aneumann/GNRS/requirements/or.txt (line 3))
Processing /cvmfs/soft.computecanada.ca/custom/python/wheelhouse/generic/tzdata-2025.2+computecanada-py2.py3-none-any.whl (from pandas->-r /home/aneumann/projects/def-adhaj/aneumann/GNRS/requirements/or.txt (line 3))
Processing /cvmfs/soft.computecanada.ca/custom/python/wheelhouse/generic/six-1.17.0+computecanada-py2.py3-none-any.whl (from python-dateutil>=2.7->matplotlib->-r /home/aneumann/projects/def-adhaj/aneumann/GNRS/requirements/or.txt (line 2))
Installing collected packages: pytz, tzdata, six, pyparsing, protobuf, pillow, packaging, numpy, kiwisolver, fonttools, cycler, absl-py, python-dateutil, contourpy, pandas, matplotlib, ortools
Successfully installed absl-py-2.3.0+computecanada contourpy-1.3.1+computecanada cycler-0.12.1+computecanada fonttools-4.59.0+computecanada kiwisolver-1.4.8+computecanada matplotlib-3.10.0+computecanada numpy-2.2.2+computecanada ortools-9.10.4067+computecanada packaging-25.0+computecanada pandas-2.2.3+computecanada pillow-11.1.0+computecanada protobuf-6.31.1+computecanada pyparsing-3.2.3+computecanada python-dateutil-2.9.0.post0+computecanada pytz-2025.2+computecanada six-1.17.0+computecanada tzdata-2025.2+computecanada

Starting CP-SAT solver v9.10.4067
Parameters: max_time_in_seconds: 86400 max_memory_in_mb: 185000 log_search_progress: true enumerate_all_solutions: false num_search_workers: 32 absolute_gap_limit: 0 relative_gap_limit: 0

Initial optimization model '': (model_fingerprint: 0x1c6eb78b9d77ecd8)
#Variables: 945 (#ints: 17 in objective)
  - 768 Booleans in [0,1]
  - 177 in [0,1201]
#kLinear1: 88
#kLinear2: 1'904
#kLinear3: 784
#kLinearN: 37'648 (#terms: 1'111'716)

Starting presolve at 0.02s
  4.98e-02s  0.00e+00d  [DetectDominanceRelations] 
  8.10e-01s  0.00e+00d  [PresolveToFixPoint] #num_loops=8 #num_dual_strengthening=3 
  3.84e-04s  0.00e+00d  [ExtractEncodingFromLinear] #potential_supersets=5 
[Symmetry] Graph for symmetry has 39'908 nodes and 971'036 arcs.
[Symmetry] Symmetry computation done. time: 0.0360081 dtime: 0.0662697
[Symmetry] #generators: 1, average support size: 42
[Symmetry] The model contains 951 duplicate constraints !
[Symmetry] 21 orbits with sizes: 2,2,2,2,2,2,2,2,2,2,...
[Symmetry] Num fixable by intersecting at_most_one with orbits: 1 largest_orbit: 2
  3.62e-01s  8.84e-02d  [Probe] #probed=1'254 #new_bounds=23 #equiv=1 
  3.85e-04s  0.00e+00d  [MaxClique] Merged 5(10 literals) into 4(8 literals) at_most_ones. 
  5.00e-02s  0.00e+00d  [DetectDominanceRelations] 
  4.16e-01s  0.00e+00d  [PresolveToFixPoint] #num_loops=5 #num_dual_strengthening=3 
  2.00e-01s  0.00e+00d  [ProcessAtMostOneAndLinear] 
  4.87e-02s  0.00e+00d  [DetectDuplicateConstraints] #duplicates=1'223 #without_enforcements=110 
  1.16e-01s  9.99e-03d  [DetectDominatedLinearConstraints] #relevant_constraints=35'598 #num_inclusions=20'481 
  5.13e-03s  0.00e+00d  [DetectDifferentVariables] #different=80 #cliques=1 #size=11 
  1.91e-02s  1.72e-03d  [ProcessSetPPC] #relevant_constraints=34'506 
  5.61e-04s  0.00e+00d  [FindAlmostIdenticalLinearConstraints] 
  2.31e-03s  3.03e-03d  [FindBigAtMostOneAndLinearOverlap] 
  3.27e-01s  1.84e-01d  [FindBigVerticalLinearOverlap] #blocks=473 #saved_nz=212'410 
  9.05e-03s  3.55e-03d  [FindBigHorizontalLinearOverlap] #linears=34'041 
  3.17e-04s  0.00e+00d  [MergeClauses] 
  5.38e-02s  0.00e+00d  [DetectDominanceRelations] 
  4.41e-01s  0.00e+00d  [PresolveToFixPoint] #num_loops=3 #num_dual_strengthening=1 
  5.38e-02s  0.00e+00d  [DetectDominanceRelations] 
  2.70e-01s  0.00e+00d  [PresolveToFixPoint] #num_loops=1 #num_dual_strengthening=1 
[Symmetry] Graph for symmetry has 40'065 nodes and 754'667 arcs.
[Symmetry] Symmetry computation done. time: 0.0180763 dtime: 0.0374571
  3.05e-01s  6.79e-02d  [Probe] #probed=1'254 #new_bounds=332 
  3.17e-04s  0.00e+00d  [MaxClique] 
  5.32e-02s  0.00e+00d  [DetectDominanceRelations] 
  4.15e-01s  0.00e+00d  [PresolveToFixPoint] #num_loops=2 #num_dual_strengthening=1 
  1.85e-01s  0.00e+00d  [ProcessAtMostOneAndLinear] 
  4.33e-02s  0.00e+00d  [DetectDuplicateConstraints] #without_enforcements=110 
  7.33e-02s  5.96e-03d  [DetectDominatedLinearConstraints] #relevant_constraints=35'661 #num_inclusions=3'073 
  4.63e-03s  0.00e+00d  [DetectDifferentVariables] 
  1.68e-02s  1.28e-03d  [ProcessSetPPC] #relevant_constraints=34'055 
  5.53e-04s  3.82e-06d  [FindAlmostIdenticalLinearConstraints] #num_tested_pairs=238 
  9.25e-04s  9.87e-04d  [FindBigAtMostOneAndLinearOverlap] 
  3.08e-01s  1.31e-01d  [FindBigVerticalLinearOverlap] #blocks=2'502 #saved_nz=241'346 
  8.32e-03s  2.24e-03d  [FindBigHorizontalLinearOverlap] #linears=30'127 
  3.45e-04s  0.00e+00d  [MergeClauses] 
  3.81e-02s  0.00e+00d  [DetectDominanceRelations] 
  4.77e-01s  0.00e+00d  [PresolveToFixPoint] #num_loops=3 #num_dual_strengthening=1 
  3.81e-02s  0.00e+00d  [DetectDominanceRelations] 
  2.91e-01s  0.00e+00d  [PresolveToFixPoint] #num_loops=1 #num_dual_strengthening=1 
[Symmetry] Graph for symmetry has 46'634 nodes and 515'167 arcs.
[Symmetry] Symmetry computation done. time: 0.0132279 dtime: 0.0258192
  2.80e-01s  5.45e-02d  [Probe] #probed=1'254 #new_bounds=1'580 
  3.39e-04s  0.00e+00d  [MaxClique] 
  3.80e-02s  0.00e+00d  [DetectDominanceRelations] 
  4.65e-01s  0.00e+00d  [PresolveToFixPoint] #num_loops=2 #num_dual_strengthening=1 
  1.74e-01s  0.00e+00d  [ProcessAtMostOneAndLinear] 
  4.00e-02s  0.00e+00d  [DetectDuplicateConstraints] #without_enforcements=110 
  4.68e-02s  3.07e-03d  [DetectDominatedLinearConstraints] #relevant_constraints=37'431 #num_inclusions=207 
  4.77e-03s  0.00e+00d  [DetectDifferentVariables] 
  1.30e-02s  7.76e-04d  [ProcessSetPPC] #relevant_constraints=30'258 
  1.33e-03s  1.44e-04d  [FindAlmostIdenticalLinearConstraints] #num_tested_pairs=8'748 
  9.28e-04s  6.40e-04d  [FindBigAtMostOneAndLinearOverlap] 
  1.44e-01s  6.20e-02d  [FindBigVerticalLinearOverlap] #blocks=1'728 #saved_nz=132'857 
  6.83e-03s  1.47e-03d  [FindBigHorizontalLinearOverlap] #linears=25'178 
  3.31e-04s  0.00e+00d  [MergeClauses] 
  3.04e-02s  0.00e+00d  [DetectDominanceRelations] 
  4.64e-01s  0.00e+00d  [PresolveToFixPoint] #num_loops=3 #num_dual_strengthening=1 
  2.96e-03s  0.00e+00d  [ExpandObjective] #entries=19'096 #tight_variables=7'059 #tight_constraints=3'745 

Presolve summary:
  - 300 affine relations were detected.
  - rule 'TODO dual: only one blocking constraint?' was applied 2'473 times.
  - rule 'TODO dual: only one blocking enforced constraint?' was applied 208 times.
  - rule 'TODO dual: only one unspecified blocking constraint?' was applied 128 times.
  - rule 'TODO duplicate: identical constraint with different enforcements' was applied 330 times.
  - rule 'affine: new relation' was applied 300 times.
  - rule 'at_most_one: removed literals' was applied 4 times.
  - rule 'at_most_one: size one' was applied 4 times.
  - rule 'at_most_one: transformed into max clique.' was applied 1 time.
  - rule 'deductions: 2948 stored' was applied 1 time.
  - rule 'dual: fix variable' was applied 48 times.
  - rule 'dual: reduced domain' was applied 114 times.
  - rule 'duplicate: merged rhs of linear constraint' was applied 245 times.
  - rule 'duplicate: removed constraint' was applied 1'223 times.
  - rule 'enforcement: false literal' was applied 22 times.
  - rule 'exactly_one: x and not(x)' was applied 1 time.
  - rule 'incompatible linear: add implication' was applied 165 times.
  - rule 'linear matrix: common vertical rectangle' was applied 4'703 times.
  - rule 'linear: always true' was applied 2'458 times.
  - rule 'linear: doubleton free' was applied 24 times.
  - rule 'linear: empty' was applied 70 times.
  - rule 'linear: extracted enforcement literal' was applied 37'211 times.
  - rule 'linear: fixed or dup variables' was applied 38'342 times.
  - rule 'linear: positive equal one' was applied 5 times.
  - rule 'linear: reduced variable domains' was applied 4'023 times.
  - rule 'linear: remapped using affine relations' was applied 38'623 times.
  - rule 'linear: simplified rhs' was applied 138'153 times.
  - rule 'linear: tightened into equality' was applied 10 times.
  - rule 'linear: variable substitution 1' was applied 24 times.
  - rule 'linear: variable substitution 2' was applied 472 times.
  - rule 'linear: variable substitution 3' was applied 370 times.
  - rule 'no_overlap: inferred from x != y constraints' was applied 1 time.
  - rule 'presolve: 189 unused variables removed.' was applied 1 time.
  - rule 'presolve: iteration' was applied 3 times.
  - rule 'probing: reduced enforced constraint to implication.' was applied 5 times.
  - rule 'symmetry: fixed to false in general orbit' was applied 1 time.

Presolved optimization model '': (model_fingerprint: 0xc302fa4eba245604)
#Variables: 4'293 (#ints: 17 in objective)
  - 313 Booleans in [0,1]
  - 2'833 different domains in [-25142,26297] with a largest complexity of 27.
#kExactlyOne: 4 (#literals: 12)
#kInterval: 11
#kLinear2: 1'911 (#enforced: 1'812 #multi: 672)
#kLinear3: 8'720 (#enforced: 5'863 #multi: 13)
#kLinearN: 29'548 (#enforced: 28'163) (#terms: 311'704)
#kNoOverlap: 1 (#intervals: 11)

Preloading model.
#Bound   7.13s best:inf   next:[182,17940] initial_domain
[Symmetry] Graph for symmetry has 49'711 nodes and 383'507 arcs.
[Symmetry] Symmetry computation done. time: 0.0115925 dtime: 0.0199309
#Model   7.21s var:4293/4293 constraints:40195/40195

Starting search at 7.23s with 32 workers.
17 full problem subsolvers: [core, default_lp, fixed, lb_tree_search, max_lp, no_lp, objective_lb_search, objective_lb_search_max_lp, objective_lb_search_no_lp, objective_shaving_search_max_lp, objective_shaving_search_no_lp, probing, probing_max_lp, pseudo_costs, quick_restart, quick_restart_no_lp, reduced_costs]
13 first solution subsolvers: [fj_long_default, fj_long_lin_default, fj_long_random, fj_short_default, fj_short_lin_default, fj_short_lin_random, fj_short_random, fs_random(2), fs_random_no_lp, fs_random_quick_restart(2), fs_random_quick_restart_no_lp]
13 incomplete subsolvers: [feasibility_pump, graph_arc_lns, graph_cst_lns, graph_dec_lns, graph_var_lns, rins/rens, rnd_cst_lns, rnd_var_lns, scheduling_intervals_lns, scheduling_precedences_lns, scheduling_time_window_lns, violation_ls(2)]
3 helper subsolvers: [neighborhood_helper, synchronization_agent, update_gap_integral]
#Bound   8.12s best:inf   next:[183,17940] objective_shaving_search_max_lp (vars=4293 csts=40197)
#Bound   8.66s best:inf   next:[184,17940] objective_shaving_search_max_lp (vars=4294 csts=40232)
#Bound   8.90s best:inf   next:[201,17940] objective_lb_search_no_lp
#Bound   9.64s best:inf   next:[202,17940] objective_shaving_search_no_lp (vars=4293 csts=40198)
#1       9.70s best:6763  next:[202,6762] fs_random_quick_restart_no_lp (fixed_bools=0/374)
#Bound  10.47s best:6763  next:[204,6762] reduced_costs
#Bound  10.56s best:6763  next:[208,6762] objective_lb_search_max_lp
#Bound  10.58s best:6763  next:[309,6762] objective_lb_search_max_lp
#2      10.63s best:6146  next:[309,6145] no_lp (fixed_bools=0/406)
#Bound  10.76s best:6146  next:[421,6145] reduced_costs
#Bound  10.90s best:6146  next:[898,6145] objective_lb_search_max_lp
#Bound  11.15s best:6146  next:[925,6145] pseudo_costs
#3      11.16s best:6140  next:[925,6139] no_lp (fixed_bools=0/427)
#Bound  11.20s best:6140  next:[974,6139] reduced_costs
#Bound  12.49s best:6140  next:[1008,6139] probing_max_lp
#4      12.54s best:6033  next:[1008,6032] no_lp (fixed_bools=0/430)
#5      13.85s best:6006  next:[1008,6005] no_lp (fixed_bools=0/433)
#Bound  14.72s best:6006  next:[1009,6005] probing_max_lp
#6      15.40s best:5983  next:[1009,5982] no_lp (fixed_bools=0/441)
#Bound  15.47s best:5983  next:[1010,5982] objective_lb_search_max_lp
#Bound  16.11s best:5983  next:[1014,5982] objective_lb_search_max_lp
#Bound  16.52s best:5983  next:[1016,5982] objective_lb_search_max_lp
#Bound  17.04s best:5983  next:[1019,5982] objective_lb_search_max_lp
#7      17.11s best:5812  next:[1019,5811] rins_lp_lns (d=0.91 s=164 t=0.10 p=1.00 stall=4 h=auto_l0)
#Bound  18.25s best:5812  next:[1072,5811] objective_lb_search_max_lp
#8      18.26s best:5811  next:[1072,5810] violation_ls(batch:9 #solutions_imported:6 #lin_moves:71'443 #lin_evals:321'609 #gen_moves:7'628 #gen_evals:1'013 #comp_moves:1'015 #backtracks:3'305 #weight_updates:5'033)
#9      18.64s best:5702  next:[1072,5701] no_lp (fixed_bools=0/467)
#Bound  19.33s best:5702  next:[1077,5701] objective_lb_search_max_lp
#Bound  20.08s best:5702  next:[1081,5701] objective_lb_search_max_lp
#10     20.63s best:5676  next:[1081,5675] no_lp (fixed_bools=0/475)
#Bound  22.10s best:5676  next:[1082,5675] objective_lb_search_max_lp
#11     23.73s best:5667  next:[1082,5666] no_lp (fixed_bools=1/478)
#12     23.98s best:5653  next:[1082,5652] rnd_var_lns (d=0.99 s=209 t=0.10 p=1.00 stall=1 h=auto_l0)
#13     24.01s best:5652  next:[1082,5651] violation_ls(batch:12 #solutions_imported:8 #lin_moves:39'637 #lin_evals:270'097 #gen_moves:47'605 #gen_evals:7'152 #comp_moves:10'603 #backtracks:18'496 #weight_updates:1'276)
#14     24.05s best:5651  next:[1082,5650] violation_ls(batch:12 #solutions_imported:9 #lin_moves:89'385 #lin_evals:394'261 #gen_moves:7'628 #gen_evals:1'013 #comp_moves:1'015 #backtracks:3'305 #weight_updates:7'092)
#15     25.02s best:5641  next:[1082,5640] no_lp (fixed_bools=1/485)
#16     26.46s best:5593  next:[1082,5592] rins_pump_lns (d=0.92 s=232 t=0.10 p=0.75 stall=3 h=auto_l0)
#17     28.61s best:5578  next:[1082,5577] rnd_cst_lns (d=0.99 s=236 t=0.10 p=1.00 stall=2 h=auto_l0)
#18     28.66s best:5577  next:[1082,5576] violation_ls(batch:14 #solutions_imported:11 #lin_moves:93'727 #lin_evals:429'987 #gen_moves:17'127 #gen_evals:2'009 #comp_moves:1'269 #backtracks:7'921 #weight_updates:7'743)
#Bound  28.93s best:5577  next:[1083,5576] objective_lb_search_max_lp
#19     29.76s best:5440  next:[1083,5439] no_lp (fixed_bools=1/502)
#Bound  30.57s best:5440  next:[1085,5439] objective_lb_search_max_lp
#20     30.82s best:5377  next:[1085,5376] rins_lp_lns (d=0.92 s=258 t=0.10 p=0.70 stall=1 h=auto_l0)
#21     31.41s best:5220  next:[1085,5219] no_lp (fixed_bools=1/520)
#22     34.79s best:5058  next:[1085,5057] rins_lp_lns (d=0.94 s=272 t=0.10 p=0.73 stall=0 h=auto_l0)
#23     35.57s best:5000  next:[1085,4999] rins_lp_lns (d=0.92 s=284 t=0.10 p=0.67 stall=0 h=auto_l0)
#24     37.20s best:4974  next:[1085,4973] no_lp (fixed_bools=1/588)
#Bound  39.24s best:4974  next:[1086,4973] objective_shaving_search_max_lp (vars=4958 csts=40596)
#Bound  41.39s best:4974  next:[1100,4973] objective_lb_search_max_lp
#25     42.37s best:4955  next:[1100,4954] graph_arc_lns (d=1.00 s=302 t=0.10 p=1.00 stall=0 h=auto_l0)
#26     43.63s best:4938  next:[1100,4937] no_lp (fixed_bools=1/594)
#27     44.44s best:4931  next:[1100,4930] no_lp (fixed_bools=1/595)
#28     45.22s best:4930  next:[1100,4929] violation_ls(batch:20 #solutions_imported:14 #lin_moves:57'934 #lin_evals:435'200 #gen_moves:95'156 #gen_evals:10'901 #comp_moves:13'168 #backtracks:40'981 #weight_updates:3'409)
#29     45.99s best:4868  next:[1100,4867] graph_cst_lns (d=1.00 s=319 t=0.10 p=1.00 stall=1 h=auto_l0)
#30     47.42s best:4672  next:[1100,4671] rins_pump_lns (d=0.92 s=336 t=0.10 p=0.62 stall=0 h=auto_l0)
#31     50.50s best:4654  next:[1100,4653] rnd_var_lns (d=1.00 s=339 t=0.10 p=0.90 stall=0 h=auto_l0)
#32     50.94s best:4640  next:[1100,4639] graph_var_lns (d=1.00 s=341 t=0.10 p=0.89 stall=0 h=auto_l0)
#33     53.52s best:4617  next:[1100,4616] graph_var_lns (d=1.00 s=353 t=0.10 p=0.86 stall=0 h=auto_l0)
#34     54.64s best:4616  next:[1100,4615] violation_ls(batch:23 #solutions_imported:19 #lin_moves:108'810 #lin_evals:628'703 #gen_moves:83'018 #gen_evals:6'870 #comp_moves:6'815 #backtracks:38'077 #weight_updates:9'670)
#Bound  54.89s best:4616  next:[1101,4615] objective_shaving_search_max_lp (vars=4958 csts=40596)
#35     57.61s best:4573  next:[1101,4572] rnd_var_lns (d=1.00 s=363 t=0.10 p=0.90 stall=0 h=auto_l0)
#36     59.53s best:4475  next:[1101,4474] rins_lp_lns (d=0.94 s=374 t=0.10 p=0.63 stall=0 h=auto_l0)
#Bound  61.01s best:4475  next:[1137,4474] objective_lb_search_max_lp
#37     61.58s best:4428  next:[1137,4427] graph_var_lns (d=1.00 s=379 t=0.10 p=0.86 stall=0 h=auto_l0)
#38     63.21s best:4413  next:[1137,4412] graph_arc_lns (d=1.00 s=380 t=0.10 p=0.91 stall=0 h=auto_l0)
#39     64.02s best:4412  next:[1137,4411] violation_ls(batch:26 #solutions_imported:20 #lin_moves:86'415 #lin_evals:586'267 #gen_moves:115'528 #gen_evals:12'249 #comp_moves:14'119 #backtracks:50'686 #weight_updates:5'107)
#40     64.02s best:4411  next:[1137,4410] violation_ls(batch:26 #solutions_imported:22 #lin_moves:118'438 #lin_evals:681'836 #gen_moves:92'926 #gen_evals:7'426 #comp_moves:7'869 #backtracks:42'503 #weight_updates:10'149)
#Bound  66.08s best:4411  next:[1141,4410] objective_lb_search_max_lp
#41     66.64s best:4242  next:[1141,4241] graph_cst_lns (d=1.00 s=395 t=0.10 p=0.86 stall=0 h=auto_l0)
#42     67.35s best:4241  next:[1141,4240] violation_ls(batch:27 #solutions_imported:23 #lin_moves:119'322 #lin_evals:685'271 #gen_moves:92'926 #gen_evals:7'426 #comp_moves:7'869 #backtracks:42'503 #weight_updates:10'322)
#43     69.72s best:4163  next:[1141,4162] graph_cst_lns (d=1.00 s=407 t=0.10 p=0.87 stall=1 h=auto_l0)
#Bound  71.08s best:4163  next:[1143,4162] objective_lb_search_max_lp
#44     74.53s best:4153  next:[1143,4152] graph_var_lns (d=1.00 s=433 t=0.10 p=0.81 stall=0 h=auto_l0)
#45     75.09s best:3978  next:[1143,3977] rnd_var_lns (d=1.00 s=431 t=0.10 p=0.85 stall=0 h=auto_l0)
#46     77.10s best:3963  next:[1143,3962] graph_var_lns (d=1.00 s=445 t=0.10 p=0.79 stall=0 h=auto_l0)
#Bound  78.96s best:3963  next:[1145,3962] objective_lb_search_max_lp
#47     81.81s best:3935  next:[1145,3934] graph_var_lns (d=1.00 s=458 t=0.10 p=0.79 stall=0 h=auto_l0)
#48     82.73s best:3923  next:[1145,3922] graph_cst_lns (d=1.00 s=461 t=0.10 p=0.81 stall=1 h=auto_l0)
#49     84.80s best:3905  next:[1145,3904] graph_cst_lns (d=1.00 s=473 t=0.10 p=0.79 stall=0 h=auto_l0)
#50     86.79s best:3904  next:[1145,3903] violation_ls(batch:33 #solutions_imported:27 #lin_moves:96'200 #lin_evals:724'459 #gen_moves:169'333 #gen_evals:15'156 #comp_moves:16'352 #backtracks:76'458 #weight_updates:5'890)
#51     86.80s best:3903  next:[1145,3902] violation_ls(batch:33 #solutions_imported:28 #lin_moves:153'633 #lin_evals:843'628 #gen_moves:101'861 #gen_evals:8'210 #comp_moves:8'754 #backtracks:46'526 #weight_updates:16'229)
#52     88.40s best:3838  next:[1145,3837] graph_dec_lns (d=1.00 s=487 t=0.10 p=0.77 stall=0 h=auto_l0)
#53     89.87s best:3836  next:[1145,3835] violation_ls(batch:34 #solutions_imported:29 #lin_moves:153'633 #lin_evals:864'016 #gen_moves:112'358 #gen_evals:8'565 #comp_moves:9'265 #backtracks:51'519 #weight_updates:16'333)
#54     90.02s best:3802  next:[1145,3801] rnd_var_lns (d=1.00 s=494 t=0.10 p=0.78 stall=4 h=auto_l0)
#55     92.91s best:3796  next:[1145,3795] graph_var_lns (d=1.00 s=508 t=0.10 p=0.76 stall=0 h=auto_l0)
#56     93.17s best:3795  next:[1145,3794] violation_ls(batch:35 #solutions_imported:29 #lin_moves:96'266 #lin_evals:745'687 #gen_moves:180'329 #gen_evals:15'688 #comp_moves:16'886 #backtracks:81'685 #weight_updates:6'031)
#57     93.17s best:3794  next:[1145,3793] violation_ls(batch:35 #solutions_imported:30 #lin_moves:153'633 #lin_evals:864'030 #gen_moves:112'365 #gen_evals:8'565 #comp_moves:9'266 #backtracks:51'522 #weight_updates:16'333)
#58     93.43s best:3790  next:[1145,3789] rnd_cst_lns (d=1.00 s=507 t=0.10 p=0.75 stall=0 h=auto_l0)
#59     97.12s best:3782  next:[1145,3781] graph_var_lns (d=1.00 s=520 t=0.10 p=0.76 stall=0 h=auto_l0)
#60     97.16s best:3781  next:[1145,3780] violation_ls(batch:36 #solutions_imported:31 #lin_moves:154'506 #lin_evals:867'921 #gen_moves:112'365 #gen_evals:8'565 #comp_moves:9'266 #backtracks:51'522 #weight_updates:16'656)
#Bound  97.22s best:3781  next:[1147,3780] objective_lb_search_max_lp
#61     97.66s best:3778  next:[1147,3777] graph_arc_lns (d=1.00 s=521 t=0.10 p=0.73 stall=3 h=auto_l0)
#62     99.53s best:3777  next:[1147,3776] violation_ls(batch:37 #solutions_imported:31 #lin_moves:114'693 #lin_evals:834'124 #gen_moves:180'329 #gen_evals:15'688 #comp_moves:16'886 #backtracks:81'685 #weight_updates:7'507)
#63     99.53s best:3776  next:[1147,3775] violation_ls(batch:37 #solutions_imported:32 #lin_moves:154'508 #lin_evals:867'945 #gen_moves:112'365 #gen_evals:8'565 #comp_moves:9'266 #backtracks:51'522 #weight_updates:16'657)
#64    103.88s best:3775  next:[1147,3774] violation_ls(batch:38 #solutions_imported:32 #lin_moves:114'693 #lin_evals:847'349 #gen_moves:186'760 #gen_evals:15'961 #comp_moves:17'251 #backtracks:84'718 #weight_updates:7'592)
#65    103.89s best:3774  next:[1147,3773] violation_ls(batch:38 #solutions_imported:33 #lin_moves:154'509 #lin_evals:867'961 #gen_moves:112'365 #gen_evals:8'565 #comp_moves:9'266 #backtracks:51'522 #weight_updates:16'657)
#66    104.44s best:3771  next:[1147,3770] graph_var_lns (d=1.00 s=547 t=0.10 p=0.77 stall=0 h=auto_l0)
#67    104.51s best:3744  next:[1147,3743] graph_arc_lns (d=1.00 s=548 t=0.10 p=0.71 stall=0 h=auto_l0)
#68    107.63s best:3742  next:[1147,3741] violation_ls(batch:39 #solutions_imported:33 #lin_moves:119'745 #lin_evals:867'807 #gen_moves:186'760 #gen_evals:15'961 #comp_moves:17'251 #backtracks:84'718 #weight_updates:8'167)
#69    110.35s best:3739  next:[1147,3738] graph_dec_lns (d=1.00 s=562 t=0.10 p=0.72 stall=0 h=auto_l0)
#70    111.72s best:3722  next:[1147,3721] rins_pump_lns (d=0.94 s=579 t=0.10 p=0.58 stall=0 h=auto_l0)
#Bound 117.16s best:3722  next:[1149,3721] objective_lb_search_max_lp
#71    120.00s best:3704  next:[1149,3703] rins_pump_lns (d=0.94 s=605 t=0.10 p=0.57 stall=0 h=auto_l0)
#Bound 147.95s best:3704  next:[1159,3703] objective_lb_search_max_lp
#72    165.57s best:3682  next:[1159,3681] graph_arc_lns (d=1.00 s=761 t=0.10 p=0.67 stall=4 h=auto_l0)
#73    170.57s best:3677  next:[1159,3676] quick_restart_no_lp (fixed_bools=1/1785)
#74    173.52s best:3676  next:[1159,3675] violation_ls(batch:58 #solutions_imported:38 #lin_moves:129'887 #lin_evals:1'236'525 #gen_moves:285'701 #gen_evals:27'303 #comp_moves:32'831 #backtracks:126'342 #weight_updates:9'375)
#75    175.58s best:3672  next:[1159,3671] graph_dec_lns (d=1.00 s=800 t=0.10 p=0.67 stall=6 h=auto_l0)
#76    176.84s best:3662  next:[1159,3661] rins_pump_lns (d=0.94 s=817 t=0.10 p=0.55 stall=0 h=auto_l0)
#Bound 191.24s best:3662  next:[1160,3661] objective_lb_search_max_lp
#77    247.95s best:3628  next:[1160,3627] rnd_var_lns (d=1.00 s=1068 t=0.10 p=0.62 stall=0 h=auto_l0)
#78    254.23s best:3622  next:[1160,3621] quick_restart_no_lp (fixed_bools=1/2036)
#79    254.64s best:3620  next:[1160,3619] violation_ls(batch:82 #solutions_imported:42 #lin_moves:139'671 #lin_evals:1'712'276 #gen_moves:487'236 #gen_evals:39'195 #comp_moves:43'001 #backtracks:222'016 #weight_updates:10'854)
#80    254.64s best:3618  next:[1160,3617] violation_ls(batch:82 #solutions_imported:42 #lin_moves:423'958 #lin_evals:2'186'023 #gen_moves:171'988 #gen_evals:12'848 #comp_moves:18'505 #backtracks:76'690 #weight_updates:107'664)
#81    255.19s best:3610  next:[1160,3609] quick_restart_no_lp (fixed_bools=1/2040)
#82    257.92s best:3609  next:[1160,3608] violation_ls(batch:83 #solutions_imported:43 #lin_moves:139'671 #lin_evals:1'712'292 #gen_moves:487'239 #gen_evals:39'195 #comp_moves:43'004 #backtracks:222'016 #weight_updates:10'854)
#83    257.93s best:3608  next:[1160,3607] violation_ls(batch:83 #solutions_imported:43 #lin_moves:424'008 #lin_evals:2'186'281 #gen_moves:171'988 #gen_evals:12'848 #comp_moves:18'505 #backtracks:76'690 #weight_updates:107'689)
#84    258.46s best:3604  next:[1160,3603] graph_var_lns (d=1.00 s=1107 t=0.10 p=0.60 stall=0 h=auto_l0)
#Bound 275.70s best:3604  next:[1166,3603] objective_lb_search_max_lp
#Bound 347.30s best:3604  next:[1167,3603] lb_tree_search (nodes=9413/9424 rc=3 decisions=39652 @root=20 restarts=10) 
#Bound 370.26s best:3604  next:[1168,3603] lb_tree_search (nodes=9830/9843 rc=3 decisions=42510 @root=21 restarts=10) 
#Bound 389.10s best:3604  next:[1186,3603] objective_lb_search_max_lp
#Bound 474.33s best:3604  next:[1187,3603] objective_lb_search_max_lp
#Bound 523.71s best:3604  next:[1202,3603] objective_lb_search_max_lp
#85    548.09s best:3602  next:[1202,3601] graph_dec_lns (d=1.00 s=2166 t=0.10 p=0.55 stall=0 h=auto_l0)
#Bound 565.12s best:3602  next:[1205,3601] objective_lb_search_max_lp
#86    579.57s best:3591  next:[1205,3590] rins_lp_lns (d=0.94 s=2283 t=0.10 p=0.52 stall=2 h=auto_l0)
#Bound 663.51s best:3591  next:[1208,3590] objective_lb_search_max_lp
#87    690.49s best:3586  next:[1208,3585] rins_lp_lns (d=0.94 s=2678 t=0.10 p=0.51 stall=2 h=auto_l0)
#Bound 776.25s best:3586  next:[1209,3585] objective_lb_search_max_lp
#Bound 844.25s best:3586  next:[1213,3585] objective_lb_search_max_lp
#Bound 883.96s best:3586  next:[1215,3585] objective_lb_search_max_lp
#88    900.49s best:3576  next:[1215,3575] graph_dec_lns (d=1.00 s=3419 t=0.10 p=0.54 stall=4 h=auto_l0)
#89    902.86s best:3556  next:[1215,3555] rins_pump_lns (d=0.94 s=3435 t=0.10 p=0.51 stall=0 h=auto_l0)
#90    919.72s best:3470  next:[1215,3469] graph_dec_lns (d=1.00 s=3481 t=0.10 p=0.54 stall=0 h=auto_l0)
#91    921.48s best:3469  next:[1215,3468] quick_restart_no_lp (fixed_bools=1/2817)
#92    923.59s best:3468  next:[1215,3467] rnd_var_lns (d=1.00 s=3500 t=0.10 p=0.53 stall=0 h=auto_l0)
#93    924.19s best:3467  next:[1215,3466] violation_ls(batch:276 #solutions_imported:51 #lin_moves:930'771 #lin_evals:7'252'561 #gen_moves:1'170'576 #gen_evals:69'956 #comp_moves:69'914 #backtracks:550'192 #weight_updates:485'297)
#94    924.20s best:3466  next:[1215,3465] violation_ls(batch:276 #solutions_imported:51 #lin_moves:473'244 #lin_evals:6'060'684 #gen_moves:816'620 #gen_evals:120'182 #comp_moves:93'662 #backtracks:361'323 #weight_updates:111'136)
#95    926.35s best:3465  next:[1215,3464] rnd_var_lns (d=1.00 s=3512 t=0.10 p=0.53 stall=0 h=auto_l0)
#96    932.99s best:3463  next:[1215,3462] rnd_cst_lns (d=1.00 s=3526 t=0.10 p=0.53 stall=0 h=auto_l0)
#97    1058.73s best:3392  next:[1215,3391] graph_cst_lns (d=1.00 s=3947 t=0.10 p=0.53 stall=0 h=auto_l0)
#98    1075.67s best:3391  next:[1215,3390] quick_restart (fixed_bools=4/1955)
#99    1080.56s best:3390  next:[1215,3389] violation_ls(batch:319 #solutions_imported:55 #lin_moves:1'189'911 #lin_evals:8'399'216 #gen_moves:1'170'576 #gen_evals:69'956 #comp_moves:69'914 #backtracks:550'192 #weight_updates:646'585)
#100   1080.58s best:3389  next:[1215,3388] violation_ls(batch:319 #solutions_imported:56 #lin_moves:668'326 #lin_evals:7'077'707 #gen_moves:893'298 #gen_evals:123'364 #comp_moves:96'879 #backtracks:398'046 #weight_updates:266'661)
#101   1081.78s best:3386  next:[1215,3385] rins_lp_lns (d=0.94 s=4039 t=0.10 p=0.51 stall=4 h=auto_l0)
#Bound 1095.55s best:3386  next:[1233,3385] objective_lb_search_max_lp
#Bound 1274.45s best:3386  next:[1235,3385] objective_lb_search_max_lp
#Bound 1646.09s best:3386  next:[1236,3385] lb_tree_search (nodes=18084/18084 rc=19 decisions=177111 @root=48 restarts=12) 
#Bound 1706.34s best:3386  next:[1237,3385] lb_tree_search (nodes=19139/19139 rc=19 decisions=183054 @root=49 restarts=12) 
#Bound 1770.02s best:3386  next:[1238,3385] lb_tree_search (nodes=20130/20130 rc=19 decisions=188772 @root=50 restarts=12) 
#Bound 1831.44s best:3386  next:[1239,3385] lb_tree_search (nodes=20960/20960 rc=20 decisions=193961 @root=51 restarts=12) 
#Bound 1901.77s best:3386  next:[1240,3385] lb_tree_search (nodes=21769/21769 rc=21 decisions=199499 @root=52 restarts=12) 
#Bound 1972.55s best:3386  next:[1241,3385] lb_tree_search (nodes=22803/22803 rc=22 decisions=205307 @root=53 restarts=12) 
#Bound 2027.33s best:3386  next:[1242,3385] lb_tree_search (nodes=23392/23392 rc=22 decisions=209758 @root=54 restarts=12) 
#Bound 2088.71s best:3386  next:[1243,3385] lb_tree_search (nodes=24163/24163 rc=22 decisions=215108 @root=55 restarts=12) 
#Bound 2151.28s best:3386  next:[1244,3385] lb_tree_search (nodes=24876/24876 rc=22 decisions=220395 @root=56 restarts=12) 
#Bound 2218.12s best:3386  next:[1245,3385] lb_tree_search (nodes=25574/25576 rc=22 decisions=225760 @root=57 restarts=12) 
#Bound 2278.84s best:3386  next:[1246,3385] lb_tree_search (nodes=26287/26289 rc=22 decisions=231195 @root=58 restarts=12) 
#Bound 2341.36s best:3386  next:[1247,3385] lb_tree_search (nodes=27050/27052 rc=22 decisions=236657 @root=59 restarts=12) 
#Bound 2404.63s best:3386  next:[1248,3385] lb_tree_search (nodes=27709/27712 rc=22 decisions=241924 @root=60 restarts=12) 
#Bound 2472.04s best:3386  next:[1249,3385] lb_tree_search (nodes=28582/28585 rc=23 decisions=247991 @root=61 restarts=12) 
#Bound 2555.49s best:3386  next:[1250,3385] lb_tree_search (nodes=29497/29500 rc=23 decisions=254460 @root=62 restarts=12) 
#Bound 2635.33s best:3386  next:[1251,3385] lb_tree_search (nodes=30625/30628 rc=23 decisions=261207 @root=63 restarts=12) 
#Bound 2706.51s best:3386  next:[1252,3385] lb_tree_search (nodes=31347/31350 rc=23 decisions=267051 @root=64 restarts=12) 
#Bound 2785.81s best:3386  next:[1253,3385] lb_tree_search (nodes=32163/32167 rc=23 decisions=273434 @root=65 restarts=12) 
#Bound 2879.10s best:3386  next:[1254,3385] lb_tree_search (nodes=33001/33006 rc=24 decisions=279979 @root=66 restarts=12) 
#Bound 2968.27s best:3386  next:[1255,3385] lb_tree_search (nodes=33903/33909 rc=25 decisions=286545 @root=67 restarts=12) 
#Bound 3046.36s best:3386  next:[1256,3385] lb_tree_search (nodes=34940/34946 rc=25 decisions=293592 @root=68 restarts=12) 
#Bound 3137.22s best:3386  next:[1257,3385] lb_tree_search (nodes=36337/36343 rc=33 decisions=301347 @root=69 restarts=12) 
#Bound 3224.84s best:3386  next:[1258,3385] lb_tree_search (nodes=37370/37377 rc=39 decisions=309270 @root=70 restarts=12) 
#Bound 3316.15s best:3386  next:[1259,3385] lb_tree_search (nodes=38469/38477 rc=43 decisions=317131 @root=71 restarts=12) 
#Bound 3409.86s best:3386  next:[1260,3385] lb_tree_search (nodes=39743/39751 rc=44 decisions=325355 @root=72 restarts=12) 
#Bound 3501.34s best:3386  next:[1261,3385] lb_tree_search (nodes=40524/40532 rc=45 decisions=332279 @root=73 restarts=12) 
#Bound 3598.95s best:3386  next:[1262,3385] lb_tree_search (nodes=41628/41636 rc=45 decisions=340452 @root=74 restarts=12) 
#Bound 3721.18s best:3386  next:[1263,3385] lb_tree_search (nodes=42965/42973 rc=52 decisions=349147 @root=77 restarts=12) 
#Bound 3819.33s best:3386  next:[1264,3385] lb_tree_search (nodes=44318/44327 rc=52 decisions=358233 @root=78 restarts=12) 
#Bound 3919.21s best:3386  next:[1265,3385] lb_tree_search (nodes=45653/45662 rc=53 decisions=367348 @root=79 restarts=12) 
#Bound 4010.32s best:3386  next:[1266,3385] lb_tree_search (nodes=46693/46702 rc=53 decisions=375750 @root=80 restarts=12) 
#Bound 4120.52s best:3386  next:[1267,3385] lb_tree_search (nodes=47663/47672 rc=53 decisions=384069 @root=82 restarts=12) 
#Bound 4242.13s best:3386  next:[1268,3385] lb_tree_search (nodes=49094/49103 rc=55 decisions=393658 @root=85 restarts=12) 
#Bound 4359.05s best:3386  next:[1269,3385] lb_tree_search (nodes=50315/50324 rc=57 decisions=402873 @root=86 restarts=12) 
#Bound 4504.46s best:3386  next:[1270,3385] lb_tree_search (nodes=51772/51781 rc=57 decisions=412901 @root=87 restarts=12) 
#Bound 4617.12s best:3386  next:[1271,3385] lb_tree_search (nodes=52841/52850 rc=59 decisions=421978 @root=90 restarts=12) 
#Bound 4728.63s best:3386  next:[1272,3385] lb_tree_search (nodes=54264/54273 rc=66 decisions=432667 @root=91 restarts=12) 
#Bound 4849.38s best:3386  next:[1273,3385] lb_tree_search (nodes=55660/55669 rc=70 decisions=443179 @root=92 restarts=12) 
#Bound 4961.18s best:3386  next:[1276,3385] objective_lb_search_max_lp
#Bound 5182.85s best:3386  next:[1277,3385] lb_tree_search (nodes=58995/59005 rc=71 decisions=472009 @root=98 restarts=12) 
#Bound 5285.56s best:3386  next:[1278,3385] lb_tree_search (nodes=59959/59969 rc=74 decisions=481292 @root=99 restarts=12) 
#Bound 5412.61s best:3386  next:[1279,3385] lb_tree_search (nodes=61102/61112 rc=74 decisions=491287 @root=101 restarts=12) 
#Bound 5424.40s best:3386  next:[1283,3385] objective_lb_search_max_lp
#Bound 5789.24s best:3386  next:[1284,3385] lb_tree_search (nodes=65647/65658 rc=90 decisions=524742 @root=108 restarts=12) 
#Bound 5926.01s best:3386  next:[1285,3385] lb_tree_search (nodes=66804/66815 rc=93 decisions=535502 @root=111 restarts=12) 
#Bound 6038.89s best:3386  next:[1286,3385] lb_tree_search (nodes=68138/68149 rc=93 decisions=546178 @root=112 restarts=12) 
#Bound 6099.92s best:3386  next:[1288,3385] objective_lb_search_max_lp
#Bound 6354.77s best:3386  next:[1289,3385] lb_tree_search (nodes=71406/71418 rc=96 decisions=572974 @root=117 restarts=12) 
#Bound 6487.03s best:3386  next:[1290,3385] objective_lb_search_max_lp
#Bound 6661.32s best:3386  next:[1291,3385] lb_tree_search (nodes=74428/74441 rc=125 decisions=597636 @root=122 restarts=12) 
#Bound 6810.59s best:3386  next:[1292,3385] lb_tree_search (nodes=75720/75733 rc=130 decisions=609521 @root=125 restarts=12) 
#Bound 6955.45s best:3386  next:[1293,3385] lb_tree_search (nodes=77079/77094 rc=131 decisions=621466 @root=128 restarts=12) 
#Bound 7106.46s best:3386  next:[1294,3385] lb_tree_search (nodes=78526/78541 rc=131 decisions=634487 @root=129 restarts=12) 
#Bound 7282.27s best:3386  next:[1295,3385] lb_tree_search (nodes=80023/80038 rc=132 decisions=646808 @root=132 restarts=12) 
#Bound 7454.18s best:3386  next:[1296,3385] lb_tree_search (nodes=81171/81187 rc=133 decisions=658992 @root=135 restarts=12) 
#Bound 7632.07s best:3386  next:[1297,3385] lb_tree_search (nodes=82295/82311 rc=134 decisions=670809 @root=138 restarts=12) 
#Bound 7745.14s best:3386  next:[1299,3385] objective_lb_search_max_lp
#Bound 8062.23s best:3386  next:[1300,3385] lb_tree_search (nodes=85750/85766 rc=143 decisions=702385 @root=144 restarts=12) 
#Bound 8219.59s best:3386  next:[1301,3385] lb_tree_search (nodes=87203/87220 rc=148 decisions=715639 @root=145 restarts=12) 
#Bound 8435.33s best:3386  next:[1302,3385] lb_tree_search (nodes=88785/88802 rc=149 decisions=730148 @root=148 restarts=12) 
#Bound 8635.46s best:3386  next:[1303,3385] lb_tree_search (nodes=90272/90289 rc=168 decisions=743946 @root=151 restarts=12) 
#Bound 8814.83s best:3386  next:[1304,3385] lb_tree_search (nodes=91329/91346 rc=173 decisions=756354 @root=154 restarts=12) 
#Bound 8987.67s best:3386  next:[1305,3385] lb_tree_search (nodes=92286/92303 rc=174 decisions=769006 @root=157 restarts=12) 
#Bound 9167.20s best:3386  next:[1306,3385] lb_tree_search (nodes=93540/93557 rc=174 decisions=782150 @root=158 restarts=12) 
#Bound 9334.51s best:3386  next:[1307,3385] lb_tree_search (nodes=94347/94364 rc=174 decisions=794062 @root=161 restarts=12) 
#Bound 9531.43s best:3386  next:[1308,3385] lb_tree_search (nodes=95193/95212 rc=175 decisions=807359 @root=164 restarts=12) 
#Bound 9708.39s best:3386  next:[1309,3385] lb_tree_search (nodes=96034/96053 rc=176 decisions=819491 @root=167 restarts=12) 
#Bound 9863.04s best:3386  next:[1310,3385] lb_tree_search (nodes=96967/96986 rc=178 decisions=831855 @root=168 restarts=12) 
#Bound 10019.83s best:3386  next:[1311,3385] lb_tree_search (nodes=97685/97704 rc=179 decisions=844086 @root=171 restarts=12) 
#Bound 10167.94s best:3386  next:[1312,3385] lb_tree_search (nodes=98432/98451 rc=180 decisions=856400 @root=174 restarts=12) 
#Bound 10303.97s best:3386  next:[1315,3385] objective_lb_search_max_lp
#Bound 10682.81s best:3386  next:[1316,3385] lb_tree_search (nodes=102042/102062 rc=198 decisions=900283 @root=182 restarts=12) 
#Bound 10864.62s best:3386  next:[1317,3385] lb_tree_search (nodes=103076/103096 rc=198 decisions=914090 @root=185 restarts=12) 
#Bound 11061.21s best:3386  next:[1318,3385] lb_tree_search (nodes=104394/104414 rc=200 decisions=929201 @root=188 restarts=12) 
#Bound 11235.67s best:3386  next:[1319,3385] lb_tree_search (nodes=105408/105428 rc=200 decisions=943512 @root=191 restarts=12) 
#Bound 11418.75s best:3386  next:[1320,3385] lb_tree_search (nodes=106652/106672 rc=203 decisions=958776 @root=194 restarts=12) 
#Bound 11596.88s best:3386  next:[1321,3385] lb_tree_search (nodes=107840/107860 rc=203 decisions=973997 @root=197 restarts=12) 
#Bound 11777.62s best:3386  next:[1322,3385] lb_tree_search (nodes=108979/108999 rc=209 decisions=988595 @root=200 restarts=12) 
#Bound 11964.33s best:3386  next:[1323,3385] lb_tree_search (nodes=110480/110500 rc=214 decisions=1004934 @root=203 restarts=12) 
#Bound 12132.17s best:3386  next:[1324,3385] lb_tree_search (nodes=111850/111870 rc=215 decisions=1021026 @root=204 restarts=12) 
#Bound 12309.44s best:3386  next:[1325,3385] lb_tree_search (nodes=113230/113250 rc=220 decisions=1036900 @root=207 restarts=12) 
#Bound 12500.94s best:3386  next:[1326,3385] lb_tree_search (nodes=114568/114588 rc=223 decisions=1052964 @root=210 restarts=12) 
#Bound 12700.71s best:3386  next:[1327,3385] lb_tree_search (nodes=116193/116213 rc=225 decisions=1069925 @root=213 restarts=12) 
#Bound 12904.19s best:3386  next:[1328,3385] lb_tree_search (nodes=117843/117863 rc=226 decisions=1087488 @root=216 restarts=12) 
#Bound 13082.41s best:3386  next:[1329,3385] lb_tree_search (nodes=119203/119223 rc=229 decisions=1103677 @root=219 restarts=12) 
#Bound 13295.67s best:3386  next:[1330,3385] lb_tree_search (nodes=120800/120820 rc=230 decisions=1121025 @root=222 restarts=12) 
#Bound 13534.15s best:3386  next:[1331,3385] lb_tree_search (nodes=122583/122603 rc=259 decisions=1139222 @root=225 restarts=12) 
#Bound 13755.29s best:3386  next:[1332,3385] lb_tree_search (nodes=124182/124202 rc=261 decisions=1157342 @root=228 restarts=12) 
#Bound 13968.88s best:3386  next:[1333,3385] lb_tree_search (nodes=125743/125763 rc=264 decisions=1175306 @root=231 restarts=12) 
#Bound 14229.81s best:3386  next:[1334,3385] lb_tree_search (nodes=127513/127533 rc=271 decisions=1194327 @root=234 restarts=12) 
#Bound 14463.20s best:3386  next:[1335,3385] lb_tree_search (nodes=128904/128924 rc=273 decisions=1212140 @root=237 restarts=12) 
#Bound 14702.21s best:3386  next:[1336,3385] lb_tree_search (nodes=130325/130345 rc=280 decisions=1229981 @root=240 restarts=12) 
#Bound 14935.94s best:3386  next:[1337,3385] lb_tree_search (nodes=132040/132060 rc=284 decisions=1248828 @root=243 restarts=12) 
#Bound 15158.73s best:3386  next:[1338,3385] lb_tree_search (nodes=133737/133757 rc=286 decisions=1267938 @root=246 restarts=12) 
#Bound 15404.59s best:3386  next:[1339,3385] lb_tree_search (nodes=135793/135814 rc=288 decisions=1288304 @root=249 restarts=12) 
#Bound 15667.23s best:3386  next:[1340,3385] lb_tree_search (nodes=137590/137612 rc=293 decisions=1308433 @root=254 restarts=12) 
#Bound 15905.90s best:3386  next:[1341,3385] lb_tree_search (nodes=139291/139313 rc=298 decisions=1327979 @root=257 restarts=12) 
#Bound 16135.68s best:3386  next:[1342,3385] lb_tree_search (nodes=141107/141129 rc=306 decisions=1348335 @root=260 restarts=12) 
#Bound 16342.54s best:3386  next:[1343,3385] lb_tree_search (nodes=142989/143011 rc=308 decisions=1368435 @root=263 restarts=12) 
#Bound 16591.78s best:3386  next:[1344,3385] lb_tree_search (nodes=145083/145105 rc=311 decisions=1389422 @root=268 restarts=12) 
#Bound 16829.66s best:3386  next:[1345,3385] lb_tree_search (nodes=147017/147039 rc=312 decisions=1410558 @root=271 restarts=12) 
#Bound 17103.87s best:3386  next:[1346,3385] lb_tree_search (nodes=149109/149132 rc=312 decisions=1432663 @root=276 restarts=12) 
#Bound 17339.50s best:3386  next:[1347,3385] lb_tree_search (nodes=150983/151006 rc=312 decisions=1453908 @root=279 restarts=12) 
#Bound 17622.89s best:3386  next:[1348,3385] lb_tree_search (nodes=152923/152947 rc=316 decisions=1475304 @root=284 restarts=12) 
#Bound 17915.70s best:3386  next:[1349,3385] lb_tree_search (nodes=154836/154860 rc=326 decisions=1497271 @root=289 restarts=12) 
#Bound 18216.89s best:3386  next:[1350,3385] lb_tree_search (nodes=156860/156884 rc=329 decisions=1519647 @root=294 restarts=12) 
#Bound 18517.84s best:3386  next:[1351,3385] lb_tree_search (nodes=159411/159435 rc=338 decisions=1543214 @root=299 restarts=12) 
#Bound 18789.73s best:3386  next:[1352,3385] lb_tree_search (nodes=161845/161870 rc=343 decisions=1567178 @root=304 restarts=12) 
#Bound 19090.79s best:3386  next:[1353,3385] lb_tree_search (nodes=164125/164150 rc=343 decisions=1590529 @root=311 restarts=12) 
#Bound 19400.96s best:3386  next:[1354,3385] lb_tree_search (nodes=166673/166699 rc=349 decisions=1615613 @root=316 restarts=12) 
#Bound 19708.48s best:3386  next:[1355,3385] lb_tree_search (nodes=169242/169269 rc=350 decisions=1640913 @root=321 restarts=12) 
#Bound 20018.89s best:3386  next:[1356,3385] lb_tree_search (nodes=171570/171597 rc=355 decisions=1665226 @root=328 restarts=12) 
#102   20171.37s best:3342  next:[1356,3341] graph_var_lns (d=1.00 s=75087 t=0.10 p=0.50 stall=1 h=auto_l0)
#103   20234.63s best:3319  next:[1356,3318] rnd_var_lns (d=1.00 s=75319 t=0.10 p=0.50 stall=0 h=auto_l0)
#Bound 20316.25s best:3319  next:[1357,3318] lb_tree_search (nodes=173904/173931 rc=361 decisions=1689818 @root=333 restarts=12) 
#Bound 20652.85s best:3319  next:[1358,3318] lb_tree_search (nodes=176201/176228 rc=366 decisions=1714496 @root=338 restarts=12) 
#Bound 21021.22s best:3319  next:[1359,3318] lb_tree_search (nodes=178441/178469 rc=368 decisions=1738733 @root=345 restarts=12) 
#Bound 21337.93s best:3319  next:[1360,3318] lb_tree_search (nodes=180831/180860 rc=372 decisions=1763505 @root=350 restarts=12) 
#Bound 21634.33s best:3319  next:[1361,3318] lb_tree_search (nodes=183642/183671 rc=376 decisions=1789971 @root=355 restarts=12) 
#Bound 21949.77s best:3319  next:[1362,3318] lb_tree_search (nodes=186351/186380 rc=378 decisions=1817035 @root=360 restarts=12) 
#Bound 22277.06s best:3319  next:[1363,3318] lb_tree_search (nodes=188641/188670 rc=382 decisions=1842400 @root=367 restarts=12) 
#Bound 22621.71s best:3319  next:[1364,3318] lb_tree_search (nodes=190879/190909 rc=383 decisions=1867972 @root=372 restarts=12) 
#Bound 22986.74s best:3319  next:[1365,3318] lb_tree_search (nodes=193511/193541 rc=387 decisions=1895103 @root=379 restarts=12) 
#Bound 23329.41s best:3319  next:[1366,3318] lb_tree_search (nodes=196240/196270 rc=388 decisions=1923178 @root=384 restarts=12) 
#Bound 23682.76s best:3319  next:[1367,3318] lb_tree_search (nodes=199098/199128 rc=394 decisions=1951344 @root=391 restarts=12) 
#Bound 24038.85s best:3319  next:[1368,3318] lb_tree_search (nodes=201881/201911 rc=397 decisions=1979473 @root=396 restarts=12) 
#Bound 24423.22s best:3319  next:[1369,3318] lb_tree_search (nodes=204704/204734 rc=400 decisions=2007367 @root=403 restarts=12) 
#Bound 24761.83s best:3319  next:[1370,3318] lb_tree_search (nodes=207315/207345 rc=404 decisions=2035245 @root=408 restarts=12) 
#Bound 25085.79s best:3319  next:[1371,3318] lb_tree_search (nodes=209922/209953 rc=411 decisions=2062889 @root=413 restarts=12) 
#Bound 25460.02s best:3319  next:[1372,3318] lb_tree_search (nodes=213345/213376 rc=418 decisions=2093884 @root=420 restarts=12) 
#Bound 25840.61s best:3319  next:[1373,3318] lb_tree_search (nodes=216416/216447 rc=424 decisions=2123776 @root=427 restarts=12) 
#Bound 26208.04s best:3319  next:[1374,3318] lb_tree_search (nodes=219174/219205 rc=429 decisions=2153459 @root=432 restarts=12) 
#Bound 26580.58s best:3319  next:[1375,3318] lb_tree_search (nodes=221780/221812 rc=431 decisions=2182511 @root=439 restarts=12) 
#Bound 26937.94s best:3319  next:[1376,3318] lb_tree_search (nodes=224871/224904 rc=437 decisions=2212961 @root=444 restarts=12) 
#Bound 27310.54s best:3319  next:[1377,3318] lb_tree_search (nodes=227558/227593 rc=444 decisions=2242619 @root=451 restarts=12) 
#Bound 27679.78s best:3319  next:[1378,3318] lb_tree_search (nodes=230560/230595 rc=445 decisions=2273542 @root=456 restarts=12) 
#Bound 28058.22s best:3319  next:[1379,3318] lb_tree_search (nodes=233123/233162 rc=449 decisions=2303265 @root=463 restarts=12) 
#Bound 28487.80s best:3319  next:[1380,3318] lb_tree_search (nodes=235976/236016 rc=454 decisions=2334227 @root=470 restarts=12) 
#Bound 28888.37s best:3319  next:[1381,3318] lb_tree_search (nodes=239202/239242 rc=462 decisions=2366376 @root=475 restarts=12) 
#Bound 29302.94s best:3319  next:[1382,3318] lb_tree_search (nodes=242209/242249 rc=468 decisions=2398737 @root=482 restarts=12) 
#Bound 29712.33s best:3319  next:[1383,3318] lb_tree_search (nodes=245178/245218 rc=469 decisions=2430838 @root=489 restarts=12) 
#Bound 30091.64s best:3319  next:[1384,3318] lb_tree_search (nodes=248381/248421 rc=476 decisions=2463721 @root=494 restarts=12) 
#Bound 30513.32s best:3319  next:[1385,3318] lb_tree_search (nodes=251448/251488 rc=482 decisions=2495958 @root=501 restarts=12) 
#Bound 30945.58s best:3319  next:[1386,3318] lb_tree_search (nodes=254018/254058 rc=486 decisions=2528076 @root=506 restarts=12) 
#Bound 31429.23s best:3319  next:[1387,3318] lb_tree_search (nodes=256691/256732 rc=491 decisions=2562827 @root=513 restarts=12) 
#Bound 31965.91s best:3319  next:[1388,3318] lb_tree_search (nodes=259914/259955 rc=497 decisions=2601185 @root=520 restarts=12) 
#Bound 32453.37s best:3319  next:[1389,3318] lb_tree_search (nodes=262866/262907 rc=504 decisions=2638287 @root=527 restarts=12) 
#Bound 32953.56s best:3319  next:[1390,3318] lb_tree_search (nodes=265920/265961 rc=505 decisions=2676172 @root=534 restarts=12) 
#Bound 33499.92s best:3319  next:[1391,3318] lb_tree_search (nodes=269016/269057 rc=509 decisions=2715111 @root=541 restarts=12) 
#Bound 34014.19s best:3319  next:[1392,3318] lb_tree_search (nodes=272253/272294 rc=516 decisions=2754855 @root=550 restarts=12) 
#Bound 34513.69s best:3319  next:[1393,3318] lb_tree_search (nodes=275395/275437 rc=519 decisions=2793772 @root=557 restarts=12) 
#Bound 34977.02s best:3319  next:[1394,3318] lb_tree_search (nodes=278642/278684 rc=520 decisions=2833428 @root=564 restarts=12) 
#Bound 35486.29s best:3319  next:[1395,3318] lb_tree_search (nodes=281477/281520 rc=522 decisions=2872482 @root=571 restarts=12) 
#Bound 35995.42s best:3319  next:[1396,3318] lb_tree_search (nodes=284507/284551 rc=528 decisions=2912360 @root=578 restarts=12) 
#Bound 36567.30s best:3319  next:[1397,3318] lb_tree_search (nodes=287874/287918 rc=529 decisions=2954198 @root=587 restarts=12) 
#Bound 37180.89s best:3319  next:[1398,3318] lb_tree_search (nodes=291368/291412 rc=532 decisions=2996886 @root=596 restarts=12) 
#Bound 37768.77s best:3319  next:[1399,3318] lb_tree_search (nodes=294544/294588 rc=542 decisions=3039361 @root=605 restarts=12) 
#Bound 38376.56s best:3319  next:[1400,3318] lb_tree_search (nodes=297753/297797 rc=550 decisions=3082339 @root=616 restarts=12) 
#Bound 38947.66s best:3319  next:[1401,3318] lb_tree_search (nodes=300958/301003 rc=557 decisions=3124783 @root=623 restarts=12) 
#Bound 39524.09s best:3319  next:[1402,3318] lb_tree_search (nodes=304474/304519 rc=563 decisions=3168736 @root=632 restarts=12) 
#Bound 40102.90s best:3319  next:[1403,3318] lb_tree_search (nodes=307763/307809 rc=577 decisions=3212526 @root=641 restarts=12) 
#Bound 40727.16s best:3319  next:[1404,3318] lb_tree_search (nodes=311265/311312 rc=580 decisions=3256975 @root=650 restarts=12) 
#Bound 41349.38s best:3319  next:[1405,3318] lb_tree_search (nodes=315077/315124 rc=588 decisions=3302277 @root=659 restarts=12) 
#Bound 42003.79s best:3319  next:[1406,3318] lb_tree_search (nodes=318789/318836 rc=600 decisions=3348195 @root=670 restarts=12) 
#Bound 42623.33s best:3319  next:[1407,3318] lb_tree_search (nodes=322507/322555 rc=605 decisions=3393369 @root=679 restarts=12) 
#Bound 43261.42s best:3319  next:[1408,3318] lb_tree_search (nodes=326052/326100 rc=608 decisions=3438818 @root=688 restarts=12) 
#Bound 43852.81s best:3319  next:[1409,3318] lb_tree_search (nodes=329555/329603 rc=613 decisions=3484158 @root=699 restarts=12) 
#Bound 44413.98s best:3319  next:[1410,3318] lb_tree_search (nodes=333316/333365 rc=619 decisions=3530887 @root=708 restarts=12) 
#Bound 44989.29s best:3319  next:[1411,3318] lb_tree_search (nodes=337465/337514 rc=632 decisions=3578376 @root=717 restarts=12) 
#Bound 45599.82s best:3319  next:[1412,3318] lb_tree_search (nodes=341283/341332 rc=635 decisions=3625222 @root=728 restarts=12) 
#Bound 46241.24s best:3319  next:[1413,3318] lb_tree_search (nodes=345151/345200 rc=642 decisions=3672819 @root=737 restarts=12) 
#Bound 46918.85s best:3319  next:[1414,3318] lb_tree_search (nodes=349009/349058 rc=645 decisions=3720556 @root=748 restarts=12) 
#Bound 47578.82s best:3319  next:[1415,3318] lb_tree_search (nodes=353184/353233 rc=649 decisions=3769804 @root=757 restarts=12) 
#Bound 48235.29s best:3319  next:[1416,3318] lb_tree_search (nodes=357332/357382 rc=651 decisions=3820400 @root=768 restarts=12) 
#Bound 48896.21s best:3319  next:[1417,3318] lb_tree_search (nodes=361355/361406 rc=656 decisions=3869454 @root=777 restarts=12) 
#Bound 49562.04s best:3319  next:[1418,3318] lb_tree_search (nodes=365420/365471 rc=660 decisions=3920091 @root=788 restarts=12) 
#Bound 50144.23s best:3319  next:[1419,3318] lb_tree_search (nodes=369513/369564 rc=664 decisions=3970114 @root=797 restarts=12) 
#Bound 50839.51s best:3319  next:[1420,3318] lb_tree_search (nodes=373977/374028 rc=671 decisions=4022050 @root=808 restarts=12) 
#Bound 51525.52s best:3319  next:[1421,3318] lb_tree_search (nodes=378382/378434 rc=676 decisions=4073814 @root=819 restarts=12) 
#Bound 52197.73s best:3319  next:[1422,3318] lb_tree_search (nodes=382451/382504 rc=679 decisions=4124900 @root=828 restarts=12) 
#Bound 52838.60s best:3319  next:[1423,3318] lb_tree_search (nodes=386731/386785 rc=685 decisions=4177266 @root=839 restarts=12) 
#Bound 53441.74s best:3319  next:[1424,3318] lb_tree_search (nodes=390947/391002 rc=689 decisions=4228622 @root=850 restarts=12) 
#Bound 54110.23s best:3319  next:[1425,3318] lb_tree_search (nodes=395571/395626 rc=697 decisions=4282998 @root=861 restarts=12) 
#Bound 54781.06s best:3319  next:[1426,3318] lb_tree_search (nodes=399898/399953 rc=704 decisions=4335584 @root=870 restarts=12) 
#Bound 55482.88s best:3319  next:[1427,3318] lb_tree_search (nodes=404154/404210 rc=714 decisions=4388182 @root=881 restarts=12) 
#Bound 56207.64s best:3319  next:[1428,3318] lb_tree_search (nodes=407551/407607 rc=724 decisions=4441639 @root=892 restarts=12) 
#Bound 57050.43s best:3319  next:[1429,3318] lb_tree_search (nodes=411843/411899 rc=725 decisions=4501150 @root=903 restarts=12) 
#Bound 57817.23s best:3319  next:[1430,3318] lb_tree_search (nodes=416196/416252 rc=737 decisions=4559525 @root=914 restarts=12) 
#Bound 58596.97s best:3319  next:[1431,3318] lb_tree_search (nodes=420719/420776 rc=737 decisions=4618924 @root=925 restarts=12) 
#Bound 59382.29s best:3319  next:[1432,3318] lb_tree_search (nodes=425136/425193 rc=740 decisions=4678978 @root=936 restarts=12) 
#Bound 60118.07s best:3319  next:[1433,3318] lb_tree_search (nodes=429918/429975 rc=753 decisions=4739550 @root=947 restarts=12) 
#Bound 60863.82s best:3319  next:[1434,3318] lb_tree_search (nodes=434529/434586 rc=763 decisions=4799904 @root=958 restarts=12) 
#Bound 61654.10s best:3319  next:[1435,3318] lb_tree_search (nodes=439357/439414 rc=773 decisions=4861320 @root=969 restarts=12) 
#Bound 62545.61s best:3319  next:[1436,3318] lb_tree_search (nodes=444245/444302 rc=784 decisions=4923660 @root=984 restarts=12) 
#Bound 63488.83s best:3319  next:[1437,3318] lb_tree_search (nodes=449087/449144 rc=791 decisions=4987351 @root=997 restarts=12) 
#Bound 64318.22s best:3319  next:[1438,3318] lb_tree_search (nodes=453803/453860 rc=798 decisions=5050037 @root=1010 restarts=12) 
#Bound 65130.93s best:3319  next:[1439,3318] lb_tree_search (nodes=458581/458639 rc=803 decisions=5113223 @root=1023 restarts=12) 
#Bound 66004.39s best:3319  next:[1440,3318] lb_tree_search (nodes=463811/463869 rc=814 decisions=5178735 @root=1038 restarts=12) 
#Bound 66868.67s best:3319  next:[1441,3318] lb_tree_search (nodes=468715/468773 rc=817 decisions=5242760 @root=1051 restarts=12) 
#Bound 67635.94s best:3319  next:[1442,3318] lb_tree_search (nodes=472602/472660 rc=823 decisions=5303203 @root=1062 restarts=12) 
#Bound 68538.10s best:3319  next:[1443,3318] lb_tree_search (nodes=477068/477126 rc=826 decisions=5369514 @root=1075 restarts=12) 
#Bound 69526.80s best:3319  next:[1444,3318] lb_tree_search (nodes=482200/482258 rc=829 decisions=5439801 @root=1090 restarts=12) 
#Bound 70370.62s best:3319  next:[1445,3318] lb_tree_search (nodes=487310/487368 rc=834 decisions=5507644 @root=1103 restarts=12) 
#Bound 71319.96s best:3319  next:[1446,3318] lb_tree_search (nodes=492533/492591 rc=841 decisions=5576076 @root=1118 restarts=12) 
#Bound 72208.76s best:3319  next:[1447,3318] lb_tree_search (nodes=497475/497535 rc=847 decisions=5644876 @root=1131 restarts=12) 
#Bound 73057.47s best:3319  next:[1448,3318] lb_tree_search (nodes=501682/501742 rc=858 decisions=5712447 @root=1146 restarts=12) 
#Bound 74020.15s best:3319  next:[1449,3318] lb_tree_search (nodes=505646/505706 rc=864 decisions=5786076 @root=1161 restarts=12) 
#Bound 74905.34s best:3319  next:[1450,3318] lb_tree_search (nodes=510771/510831 rc=870 decisions=5860644 @root=1174 restarts=12) 
#Bound 75876.69s best:3319  next:[1451,3318] lb_tree_search (nodes=514244/514305 rc=878 decisions=5932801 @root=1189 restarts=12) 
#Bound 76848.69s best:3319  next:[1452,3318] lb_tree_search (nodes=517991/518052 rc=887 decisions=6003632 @root=1204 restarts=12) 
#Bound 77822.80s best:3319  next:[1453,3318] lb_tree_search (nodes=521903/521964 rc=894 decisions=6080781 @root=1219 restarts=12) 
#Bound 78822.91s best:3319  next:[1454,3318] lb_tree_search (nodes=526200/526261 rc=901 decisions=6158332 @root=1234 restarts=12) 
#Bound 79980.71s best:3319  next:[1455,3318] lb_tree_search (nodes=529729/529792 rc=909 decisions=6235873 @root=1249 restarts=12) 
#Bound 80989.82s best:3319  next:[1456,3318] lb_tree_search (nodes=533178/533241 rc=916 decisions=6309824 @root=1264 restarts=12) 
#Bound 81966.50s best:3319  next:[1457,3318] lb_tree_search (nodes=537147/537210 rc=929 decisions=6386143 @root=1277 restarts=12) 
#Bound 82999.07s best:3319  next:[1458,3318] lb_tree_search (nodes=540969/541032 rc=937 decisions=6461122 @root=1292 restarts=12) 
#Bound 84050.65s best:3319  next:[1459,3318] lb_tree_search (nodes=545532/545595 rc=941 decisions=6541871 @root=1309 restarts=12) 
#Bound 85134.77s best:3319  next:[1460,3318] objective_lb_search_max_lp
#Bound 86310.71s best:3319  next:[1461,3318] lb_tree_search (nodes=553301/553367 rc=959 decisions=6708769 @root=1341 restarts=12) 

Task timing                                  n [     min,      max]      avg      dev     time         n [     min,      max]      avg      dev    dtime
                             'core':         1 [  24.00h,   24.00h]   24.00h   0.00ns   24.00h         1 [   5.46h,    5.46h]    5.46h   0.00ns    5.46h
                       'default_lp':         1 [  24.00h,   24.00h]   24.00h   0.00ns   24.00h         1 [   1.55h,    1.55h]    1.55h   0.00ns    1.55h
                 'feasibility_pump':      8982 [169.23us,    1.02m]    9.62s    1.57s   23.99h      8878 [386.94ms,   16.46s] 731.27ms 173.43ms    1.80h
                            'fixed':         1 [  24.00h,   24.00h]   24.00h   0.00ns   24.00h         1 [   2.08h,    2.08h]    2.08h   0.00ns    2.08h
                  'fj_long_default':         5 [154.06ms,    1.22s] 371.84ms 421.68ms    1.86s         5 [168.63ms, 220.07ms] 188.42ms  17.17ms 942.11ms
              'fj_long_lin_default':         4 [169.28ms,    1.36s] 470.02ms 515.31ms    1.88s         4 [211.96ms, 230.83ms] 218.03ms   7.53ms 872.11ms
                   'fj_long_random':         5 [151.24ms,    1.18s] 366.58ms 406.83ms    1.83s         5 [173.01ms, 223.38ms] 189.02ms  19.36ms 945.09ms
                 'fj_short_default':        12 [158.22ms, 651.27ms] 209.76ms 133.29ms    2.52s        12 [199.73ms, 250.51ms] 219.65ms  11.96ms    2.64s
             'fj_short_lin_default':         5 [156.77ms,    1.13s] 361.84ms 383.36ms    1.81s         5 [199.15ms, 229.27ms] 210.27ms  10.08ms    1.05s
              'fj_short_lin_random':         3 [158.66ms,    1.59s] 642.57ms 670.93ms    1.93s         3 [201.58ms, 211.87ms] 207.16ms   4.24ms 621.47ms
                  'fj_short_random':         2 [194.34ms,    1.62s] 906.99ms 712.65ms    1.81s         2 [202.80ms, 221.72ms] 212.26ms   9.46ms 424.52ms
                        'fs_random':         1 [   2.42s,    2.42s]    2.42s   0.00ns    2.42s         1 [  3.08ms,   3.08ms]   3.08ms   0.00ns   3.08ms
                        'fs_random':         1 [   2.46s,    2.46s]    2.46s   0.00ns    2.46s         1 [ 10.20ms,  10.20ms]  10.20ms   0.00ns  10.20ms
                  'fs_random_no_lp':         1 [   2.45s,    2.45s]    2.45s   0.00ns    2.45s         1 [ 10.24ms,  10.24ms]  10.24ms   0.00ns  10.24ms
          'fs_random_quick_restart':         1 [   2.41s,    2.41s]    2.41s   0.00ns    2.41s         1 [ 32.06us,  32.06us]  32.06us   0.00ns  32.06us
          'fs_random_quick_restart':         1 [   2.43s,    2.43s]    2.43s   0.00ns    2.43s         1 [  1.74ms,   1.74ms]   1.74ms   0.00ns   1.74ms
    'fs_random_quick_restart_no_lp':         1 [   2.43s,    2.43s]    2.43s   0.00ns    2.43s         1 [ 24.36ms,  24.36ms]  24.36ms   0.00ns  24.36ms
                    'graph_arc_lns':     26665 [119.79ms,   12.57s]    4.43s 937.04ms   32.80h     26647 [ 49.00ns, 201.26ms]  72.15ms  33.94ms   32.04m
                    'graph_cst_lns':     26664 [214.31ms,   17.55s]    4.61s    1.02s   34.14h     26644 [ 10.00ns, 201.98ms]  70.28ms  35.89ms   31.21m
                    'graph_dec_lns':     26664 [150.25ms,   21.12s]    4.59s 981.01ms   34.02h     26644 [ 10.00ns, 201.08ms]  71.88ms  34.30ms   31.92m
                    'graph_var_lns':     26665 [ 81.75ms,   11.87s]    4.33s    1.08s   32.09h     26636 [ 10.00ns, 202.91ms]  68.34ms  37.39ms   30.34m
                   'lb_tree_search':         1 [  24.00h,   24.00h]   24.00h   0.00ns   24.00h         1 [  12.02h,   12.02h]   12.02h   0.00ns   12.02h
                           'max_lp':         1 [  24.00h,   24.00h]   24.00h   0.00ns   24.00h         1 [   1.67h,    1.67h]    1.67h   0.00ns    1.67h
                            'no_lp':         1 [  24.00h,   24.00h]   24.00h   0.00ns   24.00h         1 [  59.83m,   59.83m]   59.83m   0.00ns   59.83m
              'objective_lb_search':         1 [  24.00h,   24.00h]   24.00h   0.00ns   24.00h         1 [   2.57h,    2.57h]    2.57h   0.00ns    2.57h
       'objective_lb_search_max_lp':         1 [  24.00h,   24.00h]   24.00h   0.00ns   24.00h         1 [   2.25h,    2.25h]    2.25h   0.00ns    2.25h
        'objective_lb_search_no_lp':         1 [  24.00h,   24.00h]   24.00h   0.00ns   24.00h         1 [  44.23m,   44.23m]   44.23m   0.00ns   44.23m
  'objective_shaving_search_max_lp':       256 [140.81ms,   19.59m]    5.62m    4.90m   24.00h       243 [ 36.21ms,   37.23s]   11.27s    9.07s   45.66m
   'objective_shaving_search_no_lp':       256 [254.60ms,   19.60m]    5.62m    4.90m   24.00h       242 [ 64.72ms,   19.82s]    6.42s    4.91s   25.88m
                          'probing':         1 [  24.00h,   24.00h]   24.00h   0.00ns   24.00h         1 [   8.01h,    8.01h]    8.01h   0.00ns    8.01h
                   'probing_max_lp':         1 [  24.00h,   24.00h]   24.00h   0.00ns   24.00h         1 [   5.80h,    5.80h]    5.80h   0.00ns    5.80h
                     'pseudo_costs':         1 [  24.00h,   24.00h]   24.00h   0.00ns   24.00h         1 [   2.15h,    2.15h]    2.15h   0.00ns    2.15h
                    'quick_restart':         1 [  24.00h,   24.00h]   24.00h   0.00ns   24.00h         1 [   4.05h,    4.05h]    4.05h   0.00ns    4.05h
              'quick_restart_no_lp':         1 [  24.00h,   24.00h]   24.00h   0.00ns   24.00h         1 [   1.51h,    1.51h]    1.51h   0.00ns    1.51h
                    'reduced_costs':         1 [  24.00h,   24.00h]   24.00h   0.00ns   24.00h         1 [   3.13h,    3.13h]    3.13h   0.00ns    3.13h
                        'rins/rens':     26665 [  1.06ms,    6.64s]    1.29s 832.76ms    9.53h     23323 [ 10.00ns, 114.13ms]  68.59ms  42.43ms   26.66m
                      'rnd_cst_lns':     26665 [108.74ms,   12.07s]    4.58s 987.66ms   33.94h     26646 [ 20.00ns, 201.15ms]  70.84ms  35.38ms   31.46m
                      'rnd_var_lns':     26665 [ 78.09ms,   11.50s]    4.52s 972.22ms   33.50h     26646 [ 10.00ns, 200.95ms]  71.29ms  34.82ms   31.66m
         'scheduling_intervals_lns':     26664 [   1.93s,   25.89s]    5.52s 502.06ms   40.87h     26662 [  4.43ms, 200.92ms] 100.75ms 963.32us   44.77m
       'scheduling_precedences_lns':     26664 [550.71ms,   10.37s]    5.52s 504.34ms   40.88h     26660 [100.00ms, 201.75ms] 100.76ms 983.88us   44.77m
       'scheduling_time_window_lns':     26664 [644.93ms,   17.72s]    5.52s 491.65ms   40.86h     26659 [100.00ms, 201.96ms] 100.77ms   1.16ms   44.77m
                     'violation_ls':     26665 [  6.55ms, 853.59ms] 217.97ms  55.98ms    1.61h     26665 [  1.29us, 357.99ms] 213.77ms  44.95ms    1.58h
                     'violation_ls':     26665 [  7.29ms, 943.27ms] 208.57ms  54.19ms    1.54h     26665 [  2.03us, 493.22ms] 200.22ms  38.71ms    1.48h

Search stats                          Bools  Conflicts    Branches   Restarts      BoolPropag   IntegerPropag
                           'core':   18'409  1'812'760   3'032'937    104'931   9'839'662'935  17'771'450'183
                     'default_lp':   28'373  1'047'667   8'073'894    313'219   3'253'754'908  15'816'644'688
                          'fixed':    4'237  8'250'919  18'585'607        626   8'117'103'177  26'190'337'408
                      'fs_random':      313          0         626        626              24         181'460
                      'fs_random':      315          0         628        626              67         188'309
                'fs_random_no_lp':      328          7         641        626             407         230'136
        'fs_random_quick_restart':      313          0         626        626              24         181'459
        'fs_random_quick_restart':      313          0         626        626              24         181'459
  'fs_random_quick_restart_no_lp':      374          1         997        627              29         310'948
                 'lb_tree_search':      368        772  13'843'805  2'888'081      50'848'560  15'435'063'855
                         'max_lp':    9'512    726'410   8'524'849    766'225     969'907'727  15'408'456'786
                          'no_lp':    9'446  1'129'087   7'363'214    410'579   1'638'613'968  16'971'098'492
            'objective_lb_search':    2'460    260'215   5'699'031  1'162'475     165'913'539  13'275'871'305
     'objective_lb_search_max_lp':    1'558    448'879   4'356'969    862'490     152'045'212  13'940'804'663
      'objective_lb_search_no_lp':    1'984    450'367   2'074'936    287'722     130'765'888  11'361'549'970
                        'probing':    8'328      7'345      84'317     47'219       3'936'468      80'001'823
                 'probing_max_lp':    8'328      7'333      67'413     38'742       3'649'660      74'937'582
                   'pseudo_costs':   19'493  1'299'889  15'735'880    541'366   3'279'068'396  20'783'872'607
                  'quick_restart':   16'718    374'515  19'632'767    237'920   2'593'978'360  14'026'857'238
            'quick_restart_no_lp':   23'517  1'151'864   8'768'914    148'864   4'747'848'693  17'958'626'419
                  'reduced_costs':  149'710  2'217'567   9'741'831    262'288  29'980'189'225  18'949'866'874

SAT stats                           ClassicMinim  LitRemoved   LitLearned  LitForgotten  Subsumed   MClauses  MDecisions  MLitTrue  MSubsumed  MLitRemoved  MReused
                           'core':     1'753'600  34'245'006   23'102'116     6'981'050     2'620     46'707     231'936         0      1'909        8'472      553
                     'default_lp':       907'911   8'871'619   30'972'982    25'152'583     2'955    117'071   1'138'321         0     22'277      234'375   21'000
                          'fixed':     7'858'862  59'082'692  395'642'605   394'537'889     3'570          0           0         0          0            0        0
                      'fs_random':             0           0            0             0         0          0           0         0          0            0        0
                      'fs_random':             0           0            0             0         0          0           0         0          0            0        0
                'fs_random_no_lp':             0           0           67             0         0          0           0         0          0            0        0
        'fs_random_quick_restart':             0           0            0             0         0          0           0         0          0            0        0
        'fs_random_quick_restart':             0           0            0             0         0          0           0         0          0            0        0
  'fs_random_quick_restart_no_lp':             0           0            2             0         0          0           0         0          0            0        0
                 'lb_tree_search':             0           0        2'439             0         0  1'255'100   6'409'702         0        149          580  125'449
                         'max_lp':       608'636   3'742'040   15'609'997    14'089'610     5'140    259'636   2'019'126         0     19'723      146'974   38'804
                          'no_lp':     1'005'753   7'262'496   27'474'547    25'316'425     5'353     68'349     726'208         0     19'098      156'643   16'631
            'objective_lb_search':       228'321   1'928'739    3'992'695       714'996     2'496    323'455   2'476'681         0      3'062       26'243   50'460
     'objective_lb_search_max_lp':       383'147   2'161'704    5'931'703     1'571'204     5'117    142'059   1'642'823         0      4'683       35'752   32'334
      'objective_lb_search_no_lp':       399'177   2'887'331    6'936'389     2'082'410     3'617     59'917     588'850         0      5'108       42'329   11'696
                        'probing':             0           0        7'345             0         0          0           0         0          0            0        0
                 'probing_max_lp':             0           0        7'333             0         0          0           0         0          0            0        0
                   'pseudo_costs':     1'108'036   7'276'648   31'152'652    27'835'795     3'365    133'807   1'495'220         0     21'153      154'393   40'468
                  'quick_restart':       312'098   2'583'893    9'030'373     6'241'734     1'994     49'719   1'472'151         0     32'805      526'397    6'677
            'quick_restart_no_lp':     1'010'125  11'210'568   33'306'267    24'069'568     1'784     14'729     377'628         0     10'440      160'604      908
                  'reduced_costs':     1'915'861  20'938'010   80'089'719    76'636'144    11'296    141'514   1'221'263         5     47'464      277'136   33'541

Lp stats                         Component   Iterations  AddedCuts    OPTIMAL    DUAL_F.  DUAL_U.
                  'default_lp':          1   11'300'409    707'113  1'716'344      1'624      595
                       'fixed':          1    2'158'279      1'458  8'106'156          0        0
                   'fs_random':          1        1'408        429          9          0        0
                   'fs_random':          1        1'886        512         17          0        0
     'fs_random_quick_restart':          1        1'042         50          3          0        0
     'fs_random_quick_restart':          1        1'274        274          7          0        0
              'lb_tree_search':          1  107'482'301     75'908     18'263  8'669'536        0
                      'max_lp':          1   16'246'490    407'451    528'153  1'360'061       33
         'objective_lb_search':          1   41'882'513    860'538  1'158'410      9'599      104
  'objective_lb_search_max_lp':          1   18'084'738     90'237     12'249  1'485'838        0
                     'probing':          1   67'304'647    522'059    183'507     39'377        2
              'probing_max_lp':          1   10'739'944    188'993    119'190     43'591        1
                'pseudo_costs':          1   15'075'128    874'107  1'474'141  1'103'558      292
               'quick_restart':          1   61'738'218  2'020'634  1'411'629     32'632        3
               'reduced_costs':          1   14'158'355    894'890  2'428'915    920'189      100

Lp dimension                                                                        Final dimension of first component
                  'default_lp':  4148 rows, 4257 columns, 15365 entries with magnitude in [1.065453e-03, 1.000000e+00]
                       'fixed':  3744 rows, 4257 columns, 13842 entries with magnitude in [1.096043e-02, 1.000000e+00]
                   'fs_random':   1184 rows, 4257 columns, 5038 entries with magnitude in [1.096043e-02, 1.000000e+00]
                   'fs_random':    984 rows, 4257 columns, 4354 entries with magnitude in [1.096043e-02, 1.000000e+00]
     'fs_random_quick_restart':    834 rows, 4257 columns, 3884 entries with magnitude in [3.402948e-02, 1.000000e+00]
     'fs_random_quick_restart':    934 rows, 4257 columns, 4188 entries with magnitude in [1.096043e-02, 1.000000e+00]
              'lb_tree_search':  7642 rows, 4293 columns, 40891 entries with magnitude in [1.803541e-04, 1.000000e+00]
                      'max_lp':  5272 rows, 4293 columns, 21008 entries with magnitude in [3.287288e-04, 1.000000e+00]
         'objective_lb_search':  4789 rows, 4257 columns, 18168 entries with magnitude in [1.780980e-03, 1.000000e+00]
  'objective_lb_search_max_lp':  5803 rows, 4293 columns, 25651 entries with magnitude in [3.506556e-04, 1.000000e+00]
                     'probing':  6217 rows, 4257 columns, 42542 entries with magnitude in [1.356233e-04, 1.000000e+00]
              'probing_max_lp':  5429 rows, 4293 columns, 36225 entries with magnitude in [3.481463e-04, 1.000000e+00]
                'pseudo_costs':  4145 rows, 4293 columns, 15389 entries with magnitude in [3.119977e-03, 1.000000e+00]
               'quick_restart':  5492 rows, 4257 columns, 21253 entries with magnitude in [4.149911e-03, 1.000000e+00]
               'reduced_costs':  4047 rows, 4293 columns, 14774 entries with magnitude in [6.934876e-03, 1.000000e+00]

Lp debug                         CutPropag  CutEqPropag     Adjust  Overflow            Bad  BadScaling
                  'default_lp':         38           81    103'739         0     24'437'267           0
                       'fixed':          0            0          0         0          3'970           0
                   'fs_random':          0            0          0         0          2'982           0
                   'fs_random':          0            0          0         0          3'969           0
     'fs_random_quick_restart':          0            0          0         0              0           0
     'fs_random_quick_restart':          0            0          0         0          1'710           0
              'lb_tree_search':         40           61  8'071'729         0     56'064'368           0
                      'max_lp':         97           59    592'583         0     20'251'769           0
         'objective_lb_search':         25          172    621'246         0     33'699'385           0
  'objective_lb_search_max_lp':         14           14  1'479'621         0     10'477'233           0
                     'probing':        711        1'037    221'343         0  2'093'430'883           0
              'probing_max_lp':        244          978    162'768         0  1'976'282'133           0
                'pseudo_costs':        174          185  1'171'665         0     49'199'697           0
               'quick_restart':         82          361    713'277         0    129'525'645           0
               'reduced_costs':        174          108    542'383         0     49'989'163           0

Lp pool                          Constraints  Updates  Simplif  Merged  Shortened      Split  Strenghtened            Cuts/Call
                  'default_lp':       13'378    2'830    7'897      80          0     66'304        53'960    707'113/1'897'772
                       'fixed':        5'803        0        0       0          0          0           101          1'458/6'516
                   'fs_random':        4'774        0        0       0          0          0            95            429/1'338
                   'fs_random':        4'857        0        0       0          0          0           104            512/1'857
     'fs_random_quick_restart':        4'395        0        0       0          0          0            64                50/50
     'fs_random_quick_restart':        4'619        0        0       0          0          0            77              274/729
              'lb_tree_search':       50'085    3'827  400'725       6          0    251'588       402'397       75'908/180'162
                      'max_lp':       49'595    2'132  302'732      39          0    125'840       360'307      407'451/913'615
         'objective_lb_search':       13'855    3'220   11'368      28          0    116'014        60'741    860'538/3'096'200
  'objective_lb_search_max_lp':       49'415      617  395'497       5          0     68'417       392'173       90'237/161'967
                     'probing':       13'392   43'497   60'098      12          0  3'604'424        87'068    522'059/1'332'851
              'probing_max_lp':       50'160   31'105  345'103      16          0    860'036       360'231      188'993/518'674
                'pseudo_costs':       49'250    4'638  372'194      40          0    413'062       484'259    874'107/2'114'087
               'quick_restart':       13'899    8'090   14'646      80          0  1'005'390       108'276  2'020'634/5'538'256
               'reduced_costs':       50'012    4'478  331'535      61          0    575'615       438'685    894'890/1'960'004

Lp Cut                                                fs_ran  fs_ran  fs_ran  fs_ran   defaul  fixed   max_lp     quick_   reduce   pseudo  lb_tre   probin   object  probin  object
                                              CG_FF:      19      37       -      40   35'301     40   27'653      7'205   66'296   62'063   2'322    3'137   20'140   2'795   6'440
                                               CG_K:      19      36       -      39   27'383     39   25'903      4'287   61'718   51'297   1'149    2'030   11'256   1'686   2'550
                                              CG_KL:       -       -       -       -       35      -        5          5       60       28       -        3        8       -       5
                                               CG_R:       8      15       -      17   16'082     17   12'523      3'737   29'098   30'171   1'026    1'794    9'590   1'695   2'218
                                              CG_RB:       -       -       -       -   74'395      -   62'600     57'713  124'176  148'905   9'027   14'781   70'740  13'498  33'402
                                             CG_RBP:       -       -       -       -   12'926      -    9'862      2'005   20'938   21'750   1'296      732    6'691   2'743   5'657
                                             Clique:       -       -       -       -        -      -    6'076          -   18'786   18'013     256        -        -     632     442
                                                 IB:      59      67      50     111  369'956  1'032  129'952  1'602'557  267'622  247'255   8'523  161'655  566'815  36'639  14'721
                                           MIR_1_FF:      55      78       -      94   18'994     93   13'850     27'520   35'121   34'998   2'675    8'957   17'421   6'301   2'188
                                            MIR_1_K:      14      18       -      23    2'618     23    2'097      4'023    4'703    4'922     367      944    2'446     865     379
                                           MIR_1_KL:       -       -       -       -      660      -      505        658      788      314      23      409      199     732      24
                                            MIR_1_R:      14      23       -      25    4'791     25    2'297      4'358    7'283    7'343     320    2'981    2'805   1'947     543
                                           MIR_1_RB:      16      29       -      34   30'165     34   28'327     65'183   63'500   57'897   6'067   26'187   33'244   9'744   5'035
                                          MIR_1_RBP:       2       2       -       2    3'169      2    8'575      5'779   17'605   14'090     914    1'187    3'522   1'386   1'104
                                          MIR_1_RLT:       -       -       -       -        -      -      106          -      260      253      28        -        -     164       5
                                           MIR_2_FF:      15      23       -      28   12'415     22    7'189     15'185   17'868   18'395   1'096    5'207   10'621   3'055   1'042
                                            MIR_2_K:       5      16       -      14    2'532     19    1'556      2'541    3'726    4'106     182      862    1'866     751     356
                                           MIR_2_KL:       -       -       -       -      403      -      322        762      492      224      15      447      196     669      19
                                            MIR_2_R:       4       8       -       9    2'965     10    1'542      3'437    4'236    4'508     547    5'454    2'198   1'371     424
                                           MIR_2_RB:      14      21       -      24   18'195     35   11'411     42'845   26'803   26'249   2'966   21'709   19'609   5'760   2'155
                                          MIR_2_RBP:       3       1       -       3    2'365      3    2'774      4'199    6'164    5'758     286    1'305    2'565     677     373
                                           MIR_3_FF:       3      11       -       8    7'927      9    4'000     10'675   10'583   11'140     482    3'523    6'823   1'594     525
                                            MIR_3_K:       3       5       -       5    1'925      6    1'105      1'794    2'739    2'857      96      688    1'209     482     185
                                           MIR_3_KL:       -       -       -       -      340      -      257        648      404      265      33      425      177     535      28
                                            MIR_3_R:       1       4       -       2    1'853      2      750      2'848    2'134    2'434     475    4'023    1'716     820     234
                                           MIR_3_RB:       6      11       -       5   10'612     14    6'036     24'406   14'367   14'553   1'350   12'824   11'083   2'986   1'036
                                          MIR_3_RBP:       1       1       -       -    1'543      -    1'582      2'599    3'376    3'391     165      970    1'594     376     206
                                           MIR_4_FF:       1       3       -       4    4'342      2    2'031      6'867    5'227    5'977     234    2'222    4'302     849     271
                                            MIR_4_K:       -       2       -       2    1'362      2      736      1'353    1'687    1'786      40      471    1'012     257      88
                                           MIR_4_KL:       -       -       -       -      333      -      159        741      306      258      21      378      179     401      23
                                            MIR_4_R:       1       -       -       2      973      1      382      1'615    1'095    1'230     264    2'172    1'146     355     115
                                           MIR_4_RB:       3       5       -       5    6'061      5    2'980     14'007    7'191    7'620     616    7'342    6'579   1'468     497
                                          MIR_4_RBP:       -       1       -       1      735      -      730      1'290    1'594    1'519     106      523      878     226     117
                                           MIR_5_FF:       -       1       -       -    2'656      2    1'046      4'417    2'678    3'284     147    1'490    2'995     468     150
                                            MIR_5_K:       1       1       -       2      806      2      438        907    1'023    1'030      37      381      819     170      76
                                           MIR_5_KL:       -       -       -       -      228      -      149        743      299      254      27      521      212     422      29
                                            MIR_5_R:       -       -       -       -      569      1      246      1'076      560      648     123    1'269      878     180      64
                                           MIR_5_RB:       -       2       -       1    3'596      3    1'557      8'515    3'914    4'199     257    4'601    4'332     892     303
                                          MIR_5_RBP:       -       -       -       -      402      1      338        771      755      764      73      304      586     179      56
                                           MIR_6_FF:       -       -       -       2    1'490      1      524      2'966    1'497    1'908     121    1'282    1'913     317     104
                                            MIR_6_K:       -       -       -       -      522      -      243        659      627      688      29      350      551     156      55
                                           MIR_6_KL:       -       -       -       -      235      -      126      1'013      347      298      37      889      283     451      29
                                            MIR_6_R:       -       -       -       2      294      -      136        712      303      366      48      640      515      84      32
                                           MIR_6_RB:       -       -       -       -    2'257      1      916      5'263    2'313    2'673     168    3'192    2'658     603     190
                                          MIR_6_RBP:       -       -       -       -      212      -      210        661      485      460      46      224      403     113      37
   NoOverlapCompletionTimeExhaustiveMirror_weighted:       -       -       -       -        -      -        -          -        2        2       -        -        -       -       -
         NoOverlapCompletionTimeExhaustive_weighted:       -       -       -       -        -      -      318          -      936      857       2        -        -       1      14
  NoOverlapCompletionTimeExhaustive_weighted_lifted:       -       -       -       -        -      -      419          -    1'151    1'037       3        -        -       2      25
                    NoOverlapCompletionTimeQueyrane:       -       -       -       -        -      -      132          -      363      301       5        -        -       5      19
             NoOverlapCompletionTimeQueyrane_lifted:       -       -       -       -        -      -      179          -      560      424       2        -        -       2      12
                          NoOverlapDisjunctionOnEnd:       -       -       -       -        -      -        2          -       10       17       -        -        -       -       -
                        NoOverlapDisjunctionOnStart:       -       -       -       -        -      -      602          -    1'837    1'612       5        -        -       5      18
                                       ZERO_HALF_FF:       2       3       -       1    4'028      3    3'802      3'177    8'275    7'480     356      736    2'966     390     429
                                        ZERO_HALF_K:       -       1       -       2    2'368      2    2'580        678    7'141    4'458     105      216      855     197     231
                                       ZERO_HALF_KL:       -       -       -       -        3      -        -          2        1        1       -        -        3       -       -
                                        ZERO_HALF_R:       2       2       -       2    6'552      2    7'047     53'974   13'026   12'568  26'123  183'461   14'215  61'699   4'160
                                       ZERO_HALF_RB:       2       2       -       1    6'174      4    7'828      9'013   14'509   12'858   3'800   14'372    6'103  16'209   1'374
                                      ZERO_HALF_RBP:       1       -       -       2    1'365      1    2'740      3'245    4'332    4'351   1'427   12'789    1'621   2'989     423

LNS stats                        Improv/Calls  Closed  Difficulty  TimeLimit
               'graph_arc_lns':    9956/26663     50%        1.00       0.10
               'graph_cst_lns':   10944/26662     50%        1.00       0.10
               'graph_dec_lns':   10147/26663     50%        1.00       0.10
               'graph_var_lns':   11937/26663     50%        1.00       0.10
                   'rins/rens':    4382/24457     50%        0.94       0.11
                 'rnd_cst_lns':   10966/26663     50%        1.00       0.10
                 'rnd_var_lns':   10279/26663     50%        1.00       0.10
    'scheduling_intervals_lns':   26663/26663      0%        0.00       0.10
  'scheduling_precedences_lns':   26662/26662      0%        0.00       0.10
  'scheduling_time_window_lns':   26662/26662      0%        0.00       0.10

LS stats                   Batches  Restarts     LinMoves    GenMoves  CompoundMoves  WeightUpdates
       'fj_long_default':        5         1       49'866           0              0            134
   'fj_long_lin_default':        4         1            0       6'457            941              0
        'fj_long_random':        5         1       49'867           0              0            133
      'fj_short_default':       12         1            0      19'227          2'453              1
  'fj_short_lin_default':        5         1            0       9'181          1'491              0
   'fj_short_lin_random':        3         1            0       5'644            939              0
       'fj_short_random':        2         1            0       4'851            762              0
          'violation_ls':   26'665         0  135'895'733  14'372'907        647'137      1'422'740
          'violation_ls':   26'665         0  138'518'332  15'076'951        645'655      1'409'430

Solutions (103)                     Num      Rank
  'fs_random_quick_restart_no_lp':    1     [1,1]
                  'graph_arc_lns':    5   [25,72]
                  'graph_cst_lns':    6   [29,97]
                  'graph_dec_lns':    6   [52,90]
                  'graph_var_lns':   11  [32,102]
                          'no_lp':   14    [2,27]
                  'quick_restart':    1   [98,98]
            'quick_restart_no_lp':    4   [73,91]
                    'rins_lp_lns':    8   [7,101]
                  'rins_pump_lns':    6   [16,89]
                    'rnd_cst_lns':    3   [17,96]
                    'rnd_var_lns':    9  [12,103]
                   'violation_ls':   29   [8,100]

Objective bounds                      Num
                   'initial_domain':    1
                   'lb_tree_search':  212
       'objective_lb_search_max_lp':   40
        'objective_lb_search_no_lp':    1
  'objective_shaving_search_max_lp':    4
   'objective_shaving_search_no_lp':    1
                   'probing_max_lp':    2
                     'pseudo_costs':    1
                    'reduced_costs':    3

Solution repositories      Added  Queried  Ignored  Synchro
  'feasible solutions':  116'025  606'655        0  114'477
        'lp solutions':   73'589   13'332        0   71'649
                'pump':  186'294   13'333

Improving bounds shared             Num
                        'core':      30
                  'default_lp':     264
              'lb_tree_search':     194
                      'max_lp':   1'238
                       'no_lp':     372
         'objective_lb_search':      18
  'objective_lb_search_max_lp':       3
                     'probing':  51'795
              'probing_max_lp':  14'890
                'pseudo_costs':     990
               'quick_restart':     390
         'quick_restart_no_lp':   5'184
               'reduced_costs':     806

Clauses shared                      Num
                           'core':    5
                     'default_lp':   35
  'fs_random_quick_restart_no_lp':    1
                 'lb_tree_search':   14
                         'max_lp':   20
                          'no_lp':    5
            'objective_lb_search':   23
     'objective_lb_search_max_lp':    2
      'objective_lb_search_no_lp':   15
                   'pseudo_costs':   54
                  'quick_restart':   21
            'quick_restart_no_lp':   35
                  'reduced_costs':    4

CpSolverResponse summary:
status: FEASIBLE
objective: 3319
best_bound: 1461
integers: 4286
booleans: 313
conflicts: 0
branches: 626
propagations: 24
integer_propagations: 181459
restarts: 626
lp_iterations: 1274
walltime: 86401.2
usertime: 86401.2
deterministic_time: 237176
gap_integral: 1.7872e+06
solution_fingerprint: 0x6aee2cdb26f1915a


--- Simulation Gantt  partir du modle mathmatique ---
