created virtual environment CPython3.12.4.final.0-64 in 352ms
  creator CPython3Posix(dest=/localscratch/aneumann.46806181.0/env, clear=False, no_vcs_ignore=False, global=False)
  seeder FromAppData(download=False, pip=bundle, via=copy, app_data_dir=/home/aneumann/.local/share/virtualenv)
    added seed packages: pip==24.2+computecanada
  activators BashActivator,CShellActivator,FishActivator,NushellActivator,PowerShellActivator,PythonActivator
Looking in links: /cvmfs/soft.computecanada.ca/custom/python/wheelhouse/gentoo2023/x86-64-v3, /cvmfs/soft.computecanada.ca/custom/python/wheelhouse/gentoo2023/generic, /cvmfs/soft.computecanada.ca/custom/python/wheelhouse/generic
Requirement already satisfied: pip in /localscratch/aneumann.46806181.0/env/lib/python3.12/site-packages (24.2+computecanada)
Processing /cvmfs/soft.computecanada.ca/custom/python/wheelhouse/generic/pip-25.0+computecanada-py3-none-any.whl
Installing collected packages: pip
  Attempting uninstall: pip
    Found existing installation: pip 24.2+computecanada
    Uninstalling pip-24.2+computecanada:
      Successfully uninstalled pip-24.2+computecanada
Successfully installed pip-25.0+computecanada
Looking in links: /cvmfs/soft.computecanada.ca/custom/python/wheelhouse/gentoo2023/x86-64-v3, /cvmfs/soft.computecanada.ca/custom/python/wheelhouse/gentoo2023/generic, /cvmfs/soft.computecanada.ca/custom/python/wheelhouse/generic
ERROR: protobuf-5.28.3-cp38-abi3-manylinux2014_x86_64.whl is not a supported wheel on this platform.
Looking in links: /cvmfs/soft.computecanada.ca/custom/python/wheelhouse/gentoo2023/x86-64-v3, /cvmfs/soft.computecanada.ca/custom/python/wheelhouse/gentoo2023/generic, /cvmfs/soft.computecanada.ca/custom/python/wheelhouse/generic
Processing /home/aneumann/projects/def-adhaj/aneumann/GNRS/wheels/immutabledict-4.2.0-py3-none-any.whl
Installing collected packages: immutabledict
Successfully installed immutabledict-4.2.0
Looking in links: /cvmfs/soft.computecanada.ca/custom/python/wheelhouse/gentoo2023/x86-64-v3, /cvmfs/soft.computecanada.ca/custom/python/wheelhouse/gentoo2023/generic, /cvmfs/soft.computecanada.ca/custom/python/wheelhouse/generic
Processing /cvmfs/soft.computecanada.ca/custom/python/wheelhouse/generic/ortools-9.10.4067+computecanada-cp312-cp312-linux_x86_64.whl (from -r /home/aneumann/projects/def-adhaj/aneumann/GNRS/requirements/or.txt (line 1))
Processing /cvmfs/soft.computecanada.ca/custom/python/wheelhouse/gentoo2023/x86-64-v3/matplotlib-3.10.0+computecanada-cp312-cp312-linux_x86_64.whl (from -r /home/aneumann/projects/def-adhaj/aneumann/GNRS/requirements/or.txt (line 2))
Processing /cvmfs/soft.computecanada.ca/custom/python/wheelhouse/gentoo2023/x86-64-v3/pandas-2.2.3+computecanada-cp312-cp312-linux_x86_64.whl (from -r /home/aneumann/projects/def-adhaj/aneumann/GNRS/requirements/or.txt (line 3))
Processing /cvmfs/soft.computecanada.ca/custom/python/wheelhouse/generic/absl_py-2.3.0+computecanada-py3-none-any.whl (from ortools<9.11,>=9.10->-r /home/aneumann/projects/def-adhaj/aneumann/GNRS/requirements/or.txt (line 1))
Processing /cvmfs/soft.computecanada.ca/custom/python/wheelhouse/gentoo2023/generic/numpy-2.2.2+computecanada-cp312-cp312-linux_x86_64.whl (from ortools<9.11,>=9.10->-r /home/aneumann/projects/def-adhaj/aneumann/GNRS/requirements/or.txt (line 1))
Processing /cvmfs/soft.computecanada.ca/custom/python/wheelhouse/gentoo2023/x86-64-v3/protobuf-6.31.1+computecanada-cp312-cp312-linux_x86_64.whl (from ortools<9.11,>=9.10->-r /home/aneumann/projects/def-adhaj/aneumann/GNRS/requirements/or.txt (line 1))
Requirement already satisfied: immutabledict>=3.0.0 in /localscratch/aneumann.46806181.0/env/lib/python3.12/site-packages (from ortools<9.11,>=9.10->-r /home/aneumann/projects/def-adhaj/aneumann/GNRS/requirements/or.txt (line 1)) (4.2.0)
Processing /cvmfs/soft.computecanada.ca/custom/python/wheelhouse/gentoo2023/generic/contourpy-1.3.1+computecanada-cp312-cp312-linux_x86_64.whl (from matplotlib->-r /home/aneumann/projects/def-adhaj/aneumann/GNRS/requirements/or.txt (line 2))
Processing /cvmfs/soft.computecanada.ca/custom/python/wheelhouse/generic/cycler-0.12.1+computecanada-py3-none-any.whl (from matplotlib->-r /home/aneumann/projects/def-adhaj/aneumann/GNRS/requirements/or.txt (line 2))
Processing /cvmfs/soft.computecanada.ca/custom/python/wheelhouse/generic/fonttools-4.59.0+computecanada-cp312-cp312-linux_x86_64.whl (from matplotlib->-r /home/aneumann/projects/def-adhaj/aneumann/GNRS/requirements/or.txt (line 2))
Processing /cvmfs/soft.computecanada.ca/custom/python/wheelhouse/gentoo2023/x86-64-v3/kiwisolver-1.4.8+computecanada-cp312-cp312-linux_x86_64.whl (from matplotlib->-r /home/aneumann/projects/def-adhaj/aneumann/GNRS/requirements/or.txt (line 2))
Processing /cvmfs/soft.computecanada.ca/custom/python/wheelhouse/generic/packaging-25.0+computecanada-py3-none-any.whl (from matplotlib->-r /home/aneumann/projects/def-adhaj/aneumann/GNRS/requirements/or.txt (line 2))
Processing /cvmfs/soft.computecanada.ca/custom/python/wheelhouse/gentoo2023/x86-64-v3/pillow-11.1.0+computecanada-cp312-cp312-linux_x86_64.whl (from matplotlib->-r /home/aneumann/projects/def-adhaj/aneumann/GNRS/requirements/or.txt (line 2))
Processing /cvmfs/soft.computecanada.ca/custom/python/wheelhouse/generic/pyparsing-3.2.3+computecanada-py3-none-any.whl (from matplotlib->-r /home/aneumann/projects/def-adhaj/aneumann/GNRS/requirements/or.txt (line 2))
Processing /cvmfs/soft.computecanada.ca/custom/python/wheelhouse/generic/python_dateutil-2.9.0.post0+computecanada-py2.py3-none-any.whl (from matplotlib->-r /home/aneumann/projects/def-adhaj/aneumann/GNRS/requirements/or.txt (line 2))
Processing /cvmfs/soft.computecanada.ca/custom/python/wheelhouse/generic/pytz-2025.2+computecanada-py2.py3-none-any.whl (from pandas->-r /home/aneumann/projects/def-adhaj/aneumann/GNRS/requirements/or.txt (line 3))
Processing /cvmfs/soft.computecanada.ca/custom/python/wheelhouse/generic/tzdata-2025.2+computecanada-py2.py3-none-any.whl (from pandas->-r /home/aneumann/projects/def-adhaj/aneumann/GNRS/requirements/or.txt (line 3))
Processing /cvmfs/soft.computecanada.ca/custom/python/wheelhouse/generic/six-1.17.0+computecanada-py2.py3-none-any.whl (from python-dateutil>=2.7->matplotlib->-r /home/aneumann/projects/def-adhaj/aneumann/GNRS/requirements/or.txt (line 2))
Installing collected packages: pytz, tzdata, six, pyparsing, protobuf, pillow, packaging, numpy, kiwisolver, fonttools, cycler, absl-py, python-dateutil, contourpy, pandas, matplotlib, ortools
Successfully installed absl-py-2.3.0+computecanada contourpy-1.3.1+computecanada cycler-0.12.1+computecanada fonttools-4.59.0+computecanada kiwisolver-1.4.8+computecanada matplotlib-3.10.0+computecanada numpy-2.2.2+computecanada ortools-9.10.4067+computecanada packaging-25.0+computecanada pandas-2.2.3+computecanada pillow-11.1.0+computecanada protobuf-6.31.1+computecanada pyparsing-3.2.3+computecanada python-dateutil-2.9.0.post0+computecanada pytz-2025.2+computecanada six-1.17.0+computecanada tzdata-2025.2+computecanada

Starting CP-SAT solver v9.10.4067
Parameters: max_time_in_seconds: 86400 max_memory_in_mb: 185000 log_search_progress: true enumerate_all_solutions: false num_search_workers: 32 absolute_gap_limit: 0 relative_gap_limit: 0

Initial optimization model '': (model_fingerprint: 0x965a5ba975e30f8c)
#Variables: 445 (#ints: 10 in objective)
  - 339 Booleans in [0,1]
  - 106 in [0,888]
#kLinear1: 54
#kLinear2: 684
#kLinear3: 255
#kLinearN: 7'917 (#terms: 140'259)

Starting presolve at 0.00s
  6.19e-03s  0.00e+00d  [DetectDominanceRelations] 
  1.16e-01s  0.00e+00d  [PresolveToFixPoint] #num_loops=8 #num_dual_strengthening=3 
  5.42e-05s  0.00e+00d  [ExtractEncodingFromLinear] #potential_supersets=6 
[Symmetry] Graph for symmetry has 8'978 nodes and 116'485 arcs.
[Symmetry] Symmetry computation done. time: 0.00531571 dtime: 0.00914454
[Symmetry] #generators: 1, average support size: 30
[Symmetry] The model contains 346 duplicate constraints !
[Symmetry] 15 orbits with sizes: 2,2,2,2,2,2,2,2,2,2,...
[Symmetry] Num fixable by intersecting at_most_one with orbits: 1 largest_orbit: 2
  3.38e-02s  7.21e-03d  [Probe] #probed=528 #new_bounds=7 #equiv=1 
  6.74e-05s  0.00e+00d  [MaxClique] 
  6.10e-03s  0.00e+00d  [DetectDominanceRelations] 
  5.11e-02s  0.00e+00d  [PresolveToFixPoint] #num_loops=5 #num_dual_strengthening=3 
  2.55e-02s  0.00e+00d  [ProcessAtMostOneAndLinear] 
  8.63e-03s  0.00e+00d  [DetectDuplicateConstraints] #duplicates=458 #without_enforcements=71 
  8.61e-03s  6.09e-04d  [DetectDominatedLinearConstraints] #relevant_constraints=7'169 #num_inclusions=3'966 
  8.29e-04s  0.00e+00d  [DetectDifferentVariables] #different=37 #cliques=1 #size=8 
  1.97e-03s  1.83e-04d  [ProcessSetPPC] #relevant_constraints=6'791 
  4.14e-05s  0.00e+00d  [FindAlmostIdenticalLinearConstraints] 
  4.89e-04s  8.40e-04d  [FindBigAtMostOneAndLinearOverlap] 
  2.35e-02s  1.27e-02d  [FindBigVerticalLinearOverlap] #blocks=114 #saved_nz=24'462 
  1.02e-03s  3.98e-04d  [FindBigHorizontalLinearOverlap] #linears=6'643 
  3.12e-05s  0.00e+00d  [MergeClauses] 
  6.37e-03s  0.00e+00d  [DetectDominanceRelations] 
  7.30e-02s  0.00e+00d  [PresolveToFixPoint] #num_loops=2 #num_dual_strengthening=1 
  6.29e-03s  0.00e+00d  [DetectDominanceRelations] 
  4.33e-02s  0.00e+00d  [PresolveToFixPoint] #num_loops=1 #num_dual_strengthening=1 
[Symmetry] Graph for symmetry has 8'891 nodes and 90'637 arcs.
[Symmetry] Symmetry computation done. time: 0.00226296 dtime: 0.00455418
  3.31e-02s  6.31e-03d  [Probe] #probed=528 #new_bounds=81 
  2.20e-05s  0.00e+00d  [MaxClique] 
  6.31e-03s  0.00e+00d  [DetectDominanceRelations] 
  6.63e-02s  0.00e+00d  [PresolveToFixPoint] #num_loops=2 #num_dual_strengthening=1 
  2.42e-02s  0.00e+00d  [ProcessAtMostOneAndLinear] 
  7.57e-03s  0.00e+00d  [DetectDuplicateConstraints] #without_enforcements=75 
  5.36e-03s  3.58e-04d  [DetectDominatedLinearConstraints] #relevant_constraints=7'142 #num_inclusions=994 
  7.35e-04s  0.00e+00d  [DetectDifferentVariables] 
  1.75e-03s  1.32e-04d  [ProcessSetPPC] #relevant_constraints=6'599 
  5.73e-05s  4.95e-07d  [FindAlmostIdenticalLinearConstraints] #num_tested_pairs=29 
  2.61e-04s  3.46e-04d  [FindBigAtMostOneAndLinearOverlap] 
  1.46e-02s  8.39e-03d  [FindBigVerticalLinearOverlap] #blocks=198 #saved_nz=16'352 
  8.65e-04s  2.98e-04d  [FindBigHorizontalLinearOverlap] #linears=5'904 
  3.23e-05s  0.00e+00d  [MergeClauses] 
  5.32e-03s  0.00e+00d  [DetectDominanceRelations] 
  7.51e-02s  0.00e+00d  [PresolveToFixPoint] #num_loops=3 #num_dual_strengthening=1 
  5.23e-03s  0.00e+00d  [DetectDominanceRelations] 
  4.90e-02s  0.00e+00d  [PresolveToFixPoint] #num_loops=1 #num_dual_strengthening=1 
[Symmetry] Graph for symmetry has 9'468 nodes and 74'472 arcs.
[Symmetry] Symmetry computation done. time: 0.00191035 dtime: 0.0039126
  3.13e-02s  5.61e-03d  [Probe] #probed=528 #new_bounds=155 
  2.20e-05s  0.00e+00d  [MaxClique] 
  5.26e-03s  0.00e+00d  [DetectDominanceRelations] 
  7.02e-02s  0.00e+00d  [PresolveToFixPoint] #num_loops=2 #num_dual_strengthening=1 
  2.26e-02s  0.00e+00d  [ProcessAtMostOneAndLinear] 
  7.07e-03s  0.00e+00d  [DetectDuplicateConstraints] #without_enforcements=75 
  4.41e-03s  2.78e-04d  [DetectDominatedLinearConstraints] #relevant_constraints=7'267 #num_inclusions=684 
  6.86e-04s  0.00e+00d  [DetectDifferentVariables] 
  1.42e-03s  9.53e-05d  [ProcessSetPPC] #relevant_constraints=5'879 
  1.05e-04s  5.05e-06d  [FindAlmostIdenticalLinearConstraints] #num_tested_pairs=275 
  2.55e-04s  2.48e-04d  [FindBigAtMostOneAndLinearOverlap] 
  9.90e-03s  5.61e-03d  [FindBigVerticalLinearOverlap] #blocks=128 #saved_nz=11'974 
  7.11e-04s  2.19e-04d  [FindBigHorizontalLinearOverlap] #linears=4'898 
  3.29e-05s  0.00e+00d  [MergeClauses] 
  4.53e-03s  0.00e+00d  [DetectDominanceRelations] 
  6.73e-02s  0.00e+00d  [PresolveToFixPoint] #num_loops=2 #num_dual_strengthening=1 
  2.38e-04s  0.00e+00d  [ExpandObjective] #entries=2'127 #tight_variables=665 #tight_constraints=403 

Presolve summary:
  - 122 affine relations were detected.
  - rule 'TODO dual: only one blocking constraint?' was applied 999 times.
  - rule 'TODO dual: only one blocking enforced constraint?' was applied 156 times.
  - rule 'TODO dual: only one unspecified blocking constraint?' was applied 36 times.
  - rule 'TODO duplicate: identical constraint with different enforcements' was applied 221 times.
  - rule 'affine: new relation' was applied 122 times.
  - rule 'at_most_one: removed literals' was applied 6 times.
  - rule 'at_most_one: size one' was applied 6 times.
  - rule 'deductions: 478 stored' was applied 1 time.
  - rule 'dual: fix variable' was applied 27 times.
  - rule 'dual: reduced domain' was applied 58 times.
  - rule 'duplicate: merged rhs of linear constraint' was applied 106 times.
  - rule 'duplicate: removed constraint' was applied 458 times.
  - rule 'enforcement: false literal' was applied 6 times.
  - rule 'exactly_one: x and not(x)' was applied 1 time.
  - rule 'incompatible linear: add implication' was applied 84 times.
  - rule 'linear matrix: common vertical rectangle' was applied 440 times.
  - rule 'linear: always true' was applied 758 times.
  - rule 'linear: doubleton free' was applied 15 times.
  - rule 'linear: empty' was applied 36 times.
  - rule 'linear: extracted enforcement literal' was applied 8'715 times.
  - rule 'linear: fixed or dup variables' was applied 8'045 times.
  - rule 'linear: positive equal one' was applied 6 times.
  - rule 'linear: reduced variable domains' was applied 566 times.
  - rule 'linear: remapped using affine relations' was applied 8'242 times.
  - rule 'linear: simplified rhs' was applied 26'560 times.
  - rule 'linear: tightened into equality' was applied 9 times.
  - rule 'linear: variable substitution 1' was applied 15 times.
  - rule 'linear: variable substitution 2' was applied 1 time.
  - rule 'linear: variable substitution 3' was applied 14 times.
  - rule 'no_overlap: inferred from x != y constraints' was applied 1 time.
  - rule 'presolve: 105 unused variables removed.' was applied 1 time.
  - rule 'presolve: iteration' was applied 3 times.
  - rule 'probing: reduced enforced constraint to implication.' was applied 6 times.
  - rule 'symmetry: fixed to false in general orbit' was applied 1 time.

Presolved optimization model '': (model_fingerprint: 0x796b98e8bd7676fa)
#Variables: 628 (#ints: 10 in objective)
  - 136 Booleans in [0,1]
  - 419 different domains in [-8769,10510] with a largest complexity of 15.
#kExactlyOne: 5 (#literals: 15)
#kInterval: 8
#kLinear2: 789 (#enforced: 733 #multi: 380)
#kLinear3: 1'167 (#enforced: 869 #multi: 35)
#kLinearN: 5'973 (#enforced: 5'653) (#terms: 48'065)
#kNoOverlap: 1 (#intervals: 8)

Preloading model.
#Bound   0.93s best:inf   next:[210,7657] initial_domain
[Symmetry] Graph for symmetry has 9'568 nodes and 62'605 arcs.
[Symmetry] Symmetry computation done. time: 0.00171629 dtime: 0.00335626
#Model   0.94s var:628/628 constraints:7943/7943

Starting search at 0.95s with 32 workers.
17 full problem subsolvers: [core, default_lp, fixed, lb_tree_search, max_lp, no_lp, objective_lb_search, objective_lb_search_max_lp, objective_lb_search_no_lp, objective_shaving_search_max_lp, objective_shaving_search_no_lp, probing, probing_max_lp, pseudo_costs, quick_restart, quick_restart_no_lp, reduced_costs]
13 first solution subsolvers: [fj_long_default, fj_long_lin_default, fj_long_random, fj_short_default, fj_short_lin_default, fj_short_lin_random, fj_short_random, fs_random(2), fs_random_no_lp, fs_random_quick_restart(2), fs_random_quick_restart_no_lp]
13 incomplete subsolvers: [feasibility_pump, graph_arc_lns, graph_cst_lns, graph_dec_lns, graph_var_lns, rins/rens, rnd_cst_lns, rnd_var_lns, scheduling_intervals_lns, scheduling_precedences_lns, scheduling_time_window_lns, violation_ls(2)]
3 helper subsolvers: [neighborhood_helper, synchronization_agent, update_gap_integral]
#Bound   1.25s best:inf   next:[219,7657] objective_lb_search_no_lp
#Bound   1.41s best:inf   next:[220,7657] objective_shaving_search_max_lp (vars=628 csts=7948)
#Bound   1.52s best:inf   next:[251,7657] fs_random
#Bound   1.67s best:inf   next:[290,7657] objective_lb_search_no_lp
#1       1.72s best:3198  next:[290,3197] fs_random_quick_restart_no_lp (fixed_bools=0/175)
#2       1.87s best:3197  next:[290,3196] violation_ls(batch:1 #solutions_imported:1 #lin_moves:1'367 #lin_evals:4'668 #weight_updates:165)
#3       1.87s best:3195  next:[290,3194] violation_ls(batch:2 #solutions_imported:2 #lin_moves:1'368 #lin_evals:4'676 #weight_updates:165)
#Bound   1.87s best:3195  next:[770,3194] reduced_costs
#4       1.90s best:3194  next:[770,3193] violation_ls(batch:2 #solutions_imported:2 #lin_moves:1 #lin_evals:7'111 #gen_moves:2'874 #gen_evals:596 #comp_moves:468 #backtracks:1'203 #weight_updates:45)
#Bound   1.92s best:3194  next:[811,3193] reduced_costs
#Bound   1.93s best:3194  next:[857,3193] reduced_costs
#5       1.94s best:3191  next:[857,3190] graph_var_lns (d=0.50 s=61 t=0.10 p=0.00 stall=0 h=auto_l0) [presolve]
#6       1.97s best:3190  next:[857,3189] violation_ls(batch:3 #solutions_imported:3 #lin_moves:764 #lin_evals:9'778 #gen_moves:2'874 #gen_evals:596 #comp_moves:468 #backtracks:1'203 #weight_updates:167)
#Bound   1.98s best:3190  next:[928,3189] reduced_costs
#Bound   2.09s best:3190  next:[933,3189] reduced_costs
#7       2.18s best:3189  next:[933,3188] graph_arc_lns (d=0.71 s=74 t=0.10 p=1.00 stall=1 h=auto_l0) [hint]
#8       2.23s best:3188  next:[933,3187] violation_ls(batch:4 #solutions_imported:4 #lin_moves:880 #lin_evals:10'386 #gen_moves:2'874 #gen_evals:596 #comp_moves:468 #backtracks:1'203 #weight_updates:246)
#9       2.23s best:3187  next:[933,3186] violation_ls(batch:4 #solutions_imported:4 #lin_moves:2'296 #lin_evals:8'167 #weight_updates:410)
#10      2.30s best:3182  next:[933,3181] rnd_cst_lns (d=0.81 s=84 t=0.10 p=1.00 stall=2 h=auto_l0) [hint]
#11      2.47s best:3180  next:[933,3179] violation_ls(batch:5 #solutions_imported:5 #lin_moves:880 #lin_evals:11'357 #gen_moves:3'276 #gen_evals:637 #comp_moves:506 #backtracks:1'385 #weight_updates:256)
#12      2.47s best:3179  next:[933,3178] violation_ls(batch:5 #solutions_imported:5 #lin_moves:2'475 #lin_evals:8'994 #weight_updates:485)
#13      2.51s best:3177  next:[933,3176] rnd_var_lns (d=0.91 s=94 t=0.10 p=1.00 stall=0 h=auto_l0) [hint]
#14      2.72s best:3157  next:[933,3156] rins_lp_lns (d=0.71 s=98 t=0.10 p=1.00 stall=1 h=auto_l0)
#Bound   2.80s best:3157  next:[947,3156] objective_lb_search_max_lp
#15      2.81s best:2884  next:[947,2883] quick_restart_no_lp (fixed_bools=0/238)
#16      2.82s best:2880  next:[947,2879] quick_restart_no_lp (fixed_bools=0/254)
#17      2.84s best:2871  next:[947,2870] quick_restart_no_lp (fixed_bools=0/260)
#18      3.11s best:2862  next:[947,2861] quick_restart_no_lp (fixed_bools=0/307)
#Bound   3.13s best:2862  next:[959,2861] objective_lb_search_max_lp
#19      3.14s best:2859  next:[959,2858] quick_restart_no_lp (fixed_bools=0/343)
#20      3.25s best:2858  next:[959,2857] quick_restart_no_lp (fixed_bools=0/344)
#21      3.28s best:2853  next:[959,2852] quick_restart_no_lp (fixed_bools=0/356)
#22      3.36s best:2847  next:[959,2846] quick_restart_no_lp (fixed_bools=0/367)
#Bound   3.40s best:2847  next:[990,2846] lb_tree_search
#23      3.43s best:2846  next:[990,2845] quick_restart_no_lp (fixed_bools=0/423)
#24      3.44s best:2831  next:[990,2830] quick_restart_no_lp (fixed_bools=0/431)
#25      3.47s best:2826  next:[990,2825] quick_restart_no_lp (fixed_bools=0/435)
#26      3.49s best:2623  next:[990,2622] scheduling_time_window_lns (d=0.50 s=56 t=0.10 p=0.00 stall=0 h=auto_l0)
#Bound   3.57s best:2623  next:[992,2622] lb_tree_search
#27      3.61s best:2615  next:[992,2614] quick_restart_no_lp (fixed_bools=0/502)
#28      3.62s best:2614  next:[992,2613] violation_ls(batch:6 #solutions_imported:6 #lin_moves:2'475 #lin_evals:8'997 #gen_moves:1 #gen_evals:0 #comp_moves:1 #backtracks:0 #weight_updates:485)
#29      3.67s best:2608  next:[992,2607] rnd_cst_lns (d=0.91 s=115 t=0.10 p=1.00 stall=0 h=auto_l0) [hint]
#Bound   3.90s best:2608  next:[993,2607] pseudo_costs
#30      4.03s best:2605  next:[993,2604] quick_restart_no_lp (fixed_bools=0/563)
#31      4.14s best:2471  next:[993,2470] scheduling_intervals_lns (d=0.50 s=55 t=0.10 p=0.00 stall=0 h=auto_l0)
#32      4.22s best:2311  next:[993,2310] scheduling_precedences_lns (d=0.50 s=57 t=0.10 p=0.00 stall=0 h=auto_l0)
#Bound   4.30s best:2311  next:[995,2310] lb_tree_search (nodes=5/5 rc=0 decisions=14 @root=6 restarts=0) 
#Bound   4.32s best:2311  next:[997,2310] objective_lb_search_max_lp
#33      4.47s best:2278  next:[997,2277] graph_arc_lns (d=0.96 s=131 t=0.10 p=1.00 stall=1 h=auto_l0)
#Bound   4.70s best:2278  next:[1007,2277] objective_lb_search_max_lp
#34      5.06s best:2224  next:[1007,2223] scheduling_intervals_lns (d=0.50 s=120 t=0.10 p=0.00 stall=0 h=auto_l0)
#35      5.08s best:2187  next:[1007,2186] rins_pump_lns (d=0.77 s=168 t=0.10 p=0.62 stall=3 h=auto_l0)
#Bound   5.39s best:2187  next:[1032,2186] objective_lb_search_max_lp
#Bound   5.92s best:2187  next:[1034,2186] objective_lb_search_max_lp
#36      5.92s best:2180  next:[1034,2179] quick_restart (fixed_bools=0/454)
#37      5.99s best:2102  next:[1034,2101] rins_lp_lns (d=0.83 s=184 t=0.10 p=0.67 stall=0 h=auto_l0)
#38      6.30s best:2087  next:[1034,2086] quick_restart_no_lp (fixed_bools=0/604)
#39      6.59s best:2083  next:[1034,2082] graph_cst_lns (d=0.97 s=206 t=0.10 p=1.00 stall=7 h=auto_l0) [hint]
#Bound   6.66s best:2083  next:[1046,2082] objective_lb_search_max_lp
#40      6.66s best:2082  next:[1046,2081] quick_restart_no_lp (fixed_bools=0/696)
#41      6.75s best:2081  next:[1046,2080] quick_restart_no_lp (fixed_bools=0/699)
#42      6.87s best:2080  next:[1046,2079] violation_ls(batch:13 #solutions_imported:12 #lin_moves:16'034 #lin_evals:140'311 #gen_moves:31'013 #gen_evals:5'768 #comp_moves:2'785 #backtracks:14'110 #weight_updates:5'489)
#43      6.88s best:2078  next:[1046,2077] violation_ls(batch:13 #solutions_imported:11 #lin_moves:33'873 #lin_evals:163'511 #gen_moves:14'737 #gen_evals:2'212 #comp_moves:1'594 #backtracks:6'569 #weight_updates:10'675)
#44      7.05s best:2073  next:[1046,2072] graph_dec_lns (d=0.99 s=207 t=0.10 p=1.00 stall=6 h=auto_l0)
#45      7.19s best:2053  next:[1046,2052] graph_arc_lns (d=0.99 s=205 t=0.10 p=1.00 stall=4 h=auto_l0)
#46      7.30s best:1890  next:[1046,1889] rnd_cst_lns (d=0.99 s=203 t=0.10 p=1.00 stall=5 h=auto_l0)
#47      7.37s best:1889  next:[1046,1888] violation_ls(batch:14 #solutions_imported:13 #lin_moves:16'034 #lin_evals:142'939 #gen_moves:32'172 #gen_evals:5'961 #comp_moves:2'860 #backtracks:14'652 #weight_updates:5'512)
#48      7.46s best:1885  next:[1046,1884] quick_restart_no_lp (fixed_bools=0/815)
#49      7.76s best:1883  next:[1046,1882] quick_restart_no_lp (fixed_bools=0/824)
#50      8.07s best:1879  next:[1046,1878] quick_restart_no_lp (fixed_bools=0/852)
#51      8.23s best:1873  next:[1046,1872] quick_restart_no_lp (fixed_bools=0/865)
#52      8.34s best:1871  next:[1046,1870] violation_ls(batch:15 #solutions_imported:14 #lin_moves:16'205 #lin_evals:143'748 #gen_moves:32'172 #gen_evals:5'961 #comp_moves:2'860 #backtracks:14'652 #weight_updates:5'588)
#53      8.35s best:1870  next:[1046,1869] violation_ls(batch:15 #solutions_imported:13 #lin_moves:34'182 #lin_evals:164'696 #gen_moves:14'737 #gen_evals:2'212 #comp_moves:1'594 #backtracks:6'569 #weight_updates:10'773)
#54      8.37s best:1861  next:[1046,1860] graph_cst_lns (d=0.98 s=235 t=0.10 p=1.00 stall=1 h=auto_l0)
#55      8.58s best:1806  next:[1046,1805] rnd_var_lns (d=0.99 s=230 t=0.10 p=1.00 stall=0 h=auto_l0)
#56      8.66s best:1805  next:[1046,1804] quick_restart_no_lp (fixed_bools=0/953)
#57      9.10s best:1804  next:[1046,1803] violation_ls(batch:16 #solutions_imported:15 #lin_moves:16'205 #lin_evals:143'838 #gen_moves:32'211 #gen_evals:5'963 #comp_moves:2'863 #backtracks:14'670 #weight_updates:5'588)
#Bound   9.16s best:1804  next:[1066,1803] objective_lb_search_max_lp
#58      9.18s best:1803  next:[1066,1802] quick_restart_no_lp (fixed_bools=0/971)
#59      9.20s best:1802  next:[1066,1801] quick_restart_no_lp (fixed_bools=0/975)
#60      9.23s best:1800  next:[1066,1799] quick_restart_no_lp (fixed_bools=0/979)
#61      9.35s best:1799  next:[1066,1798] quick_restart_no_lp (fixed_bools=0/982)
#62      9.62s best:1798  next:[1066,1797] quick_restart_no_lp (fixed_bools=0/995)
#63      9.70s best:1797  next:[1066,1796] violation_ls(batch:17 #solutions_imported:16 #lin_moves:16'206 #lin_evals:143'848 #gen_moves:32'211 #gen_evals:5'963 #comp_moves:2'863 #backtracks:14'670 #weight_updates:5'588)
#64     10.07s best:1752  next:[1066,1751] graph_arc_lns (d=0.99 s=264 t=0.10 p=0.93 stall=1 h=auto_l0)
#Bound  11.04s best:1752  next:[1082,1751] objective_lb_search_max_lp
#65     11.71s best:1748  next:[1082,1747] quick_restart_no_lp (fixed_bools=1/1148)
#66     11.81s best:1747  next:[1082,1746] quick_restart_no_lp (fixed_bools=1/1152)
#67     12.11s best:1746  next:[1082,1745] quick_restart_no_lp (fixed_bools=1/1170)
#68     12.14s best:1745  next:[1082,1744] quick_restart_no_lp (fixed_bools=1/1170)
#69     12.18s best:1744  next:[1082,1743] quick_restart_no_lp (fixed_bools=1/1170)
#70     12.30s best:1741  next:[1082,1740] quick_restart_no_lp (fixed_bools=1/1178)
#Bound  12.60s best:1741  next:[1083,1740] objective_lb_search_max_lp
#Bound  17.40s best:1741  next:[1084,1740] objective_lb_search_max_lp
#71     18.07s best:1728  next:[1084,1727] graph_cst_lns (d=0.99 s=414 t=0.10 p=0.75 stall=9 h=auto_l0)
#72     18.60s best:1726  next:[1084,1725] quick_restart (fixed_bools=1/861)
#73     18.64s best:1725  next:[1084,1724] violation_ls(batch:29 #solutions_imported:20 #lin_moves:61'885 #lin_evals:380'510 #gen_moves:42'053 #gen_evals:8'622 #comp_moves:4'531 #backtracks:18'755 #weight_updates:49'994)
#74     18.64s best:1724  next:[1084,1723] violation_ls(batch:29 #solutions_imported:19 #lin_moves:43'843 #lin_evals:386'345 #gen_moves:68'127 #gen_evals:15'023 #comp_moves:9'303 #backtracks:29'394 #weight_updates:11'611)
#75     18.80s best:1709  next:[1084,1708] graph_cst_lns (d=0.98 s=429 t=0.10 p=0.70 stall=0 h=auto_l0)
#76     19.18s best:1703  next:[1084,1702] graph_var_lns (d=0.99 s=440 t=0.10 p=0.70 stall=13 h=auto_l0)
#77     19.21s best:1697  next:[1084,1696] graph_cst_lns (d=0.99 s=442 t=0.10 p=0.71 stall=0 h=auto_l0)
#Bound  20.16s best:1697  next:[1088,1696] objective_lb_search_max_lp
#Bound  27.05s best:1697  next:[1090,1696] objective_lb_search_max_lp
#Bound  30.62s best:1697  next:[1091,1696] lb_tree_search (nodes=2538/2540 rc=11 decisions=17313 @root=22 restarts=10) 
#Bound  33.62s best:1697  next:[1092,1696] lb_tree_search (nodes=2667/2670 rc=11 decisions=18461 @root=23 restarts=10) 
#Bound  35.79s best:1697  next:[1093,1696] lb_tree_search (nodes=2826/2829 rc=14 decisions=19594 @root=24 restarts=10) 
#Bound  38.21s best:1697  next:[1094,1696] lb_tree_search (nodes=2926/2929 rc=17 decisions=20578 @root=25 restarts=10) 
#Bound  41.49s best:1697  next:[1095,1696] lb_tree_search (nodes=3035/3038 rc=19 decisions=21697 @root=26 restarts=10) 
#Bound  44.35s best:1697  next:[1096,1696] lb_tree_search (nodes=3146/3149 rc=20 decisions=22863 @root=27 restarts=10) 
#Bound  47.76s best:1697  next:[1097,1696] lb_tree_search (nodes=3330/3333 rc=23 decisions=24255 @root=28 restarts=10) 
#Bound  50.91s best:1697  next:[1099,1696] objective_lb_search_no_lp
#Bound  56.72s best:1697  next:[1100,1696] lb_tree_search (nodes=3839/3844 rc=30 decisions=28009 @root=30 restarts=10) 
#Bound  60.06s best:1697  next:[1101,1696] lb_tree_search (nodes=4011/4018 rc=35 decisions=29551 @root=31 restarts=10) 
#78     60.40s best:1683  next:[1101,1682] graph_cst_lns (d=0.99 s=1179 t=0.10 p=0.58 stall=9 h=auto_l0)
#79     60.44s best:1680  next:[1101,1679] quick_restart_no_lp (fixed_bools=129/2122)
#80     60.50s best:1677  next:[1101,1676] quick_restart_no_lp (fixed_bools=129/2123)
#81     63.94s best:1675  next:[1101,1674] rnd_var_lns (d=0.99 s=1242 t=0.10 p=0.56 stall=43 h=auto_l0)
#Bound  64.81s best:1675  next:[1102,1674] lb_tree_search (nodes=4156/4164 rc=38 decisions=31096 @root=32 restarts=10) 
#Bound  67.92s best:1675  next:[1103,1674] lb_tree_search (nodes=4336/4344 rc=40 decisions=32845 @root=33 restarts=10) 
#Bound  72.22s best:1675  next:[1104,1674] lb_tree_search (nodes=4486/4494 rc=50 decisions=34500 @root=34 restarts=10) 
#Bound  76.24s best:1675  next:[1105,1674] lb_tree_search (nodes=4687/4695 rc=58 decisions=36275 @root=35 restarts=10) 
#Bound  78.52s best:1675  next:[1106,1674] objective_lb_search_max_lp
#Bound  84.11s best:1675  next:[1107,1674] lb_tree_search (nodes=5067/5076 rc=71 decisions=39557 @root=37 restarts=10) 
#Bound  88.84s best:1675  next:[1108,1674] lb_tree_search (nodes=5280/5289 rc=76 decisions=41581 @root=38 restarts=10) 
#Bound  92.37s best:1675  next:[1109,1674] objective_lb_search_no_lp
#Bound  98.29s best:1675  next:[1110,1674] lb_tree_search (nodes=5721/5730 rc=92 decisions=45656 @root=39 restarts=10) 
#Bound 102.29s best:1675  next:[1112,1674] objective_lb_search_no_lp
#Bound 110.29s best:1675  next:[1113,1674] lb_tree_search (nodes=6485/6495 rc=119 decisions=51313 @root=41 restarts=10) 
#Bound 115.66s best:1675  next:[1114,1674] lb_tree_search (nodes=6679/6689 rc=127 decisions=53460 @root=42 restarts=10) 
#Bound 121.52s best:1675  next:[1115,1674] lb_tree_search (nodes=6990/7001 rc=139 decisions=56157 @root=43 restarts=10) 
#Bound 128.26s best:1675  next:[1116,1674] lb_tree_search (nodes=7161/7173 rc=156 decisions=58621 @root=44 restarts=10) 
#Bound 135.50s best:1675  next:[1117,1674] lb_tree_search (nodes=7464/7476 rc=169 decisions=62020 @root=45 restarts=10) 
#Bound 142.66s best:1675  next:[1118,1674] lb_tree_search (nodes=7808/7820 rc=183 decisions=65452 @root=46 restarts=10) 
#Bound 142.99s best:1675  next:[1119,1674] objective_lb_search_no_lp
#Bound 152.98s best:1675  next:[1120,1674] lb_tree_search (nodes=8378/8390 rc=216 decisions=70718 @root=47 restarts=10) 
#Bound 160.55s best:1675  next:[1121,1674] lb_tree_search (nodes=8622/8634 rc=237 decisions=74194 @root=48 restarts=10) 
#Bound 168.84s best:1675  next:[1122,1674] lb_tree_search (nodes=8958/8970 rc=258 decisions=77939 @root=49 restarts=10) 
#Bound 176.81s best:1675  next:[1123,1674] lb_tree_search (nodes=9157/9169 rc=286 decisions=81554 @root=50 restarts=10) 
#Bound 184.67s best:1675  next:[1124,1674] lb_tree_search (nodes=9363/9375 rc=304 decisions=85075 @root=51 restarts=10) 
#Bound 193.67s best:1675  next:[1125,1674] lb_tree_search (nodes=9567/9579 rc=323 decisions=88924 @root=52 restarts=10) 
#Bound 198.15s best:1675  next:[1126,1674] objective_lb_search_no_lp
#Bound 205.77s best:1675  next:[1127,1674] objective_lb_search_no_lp
#Bound 212.98s best:1675  next:[1133,1674] objective_lb_search_no_lp
#Bound 234.20s best:1675  next:[1134,1674] objective_lb_search_no_lp
#Bound 242.29s best:1675  next:[1135,1674] objective_lb_search_no_lp
#Bound 245.00s best:1675  next:[1136,1674] objective_lb_search_no_lp
#Bound 257.43s best:1675  next:[1137,1674] lb_tree_search (nodes=13232/13250 rc=516 decisions=123892 @root=59 restarts=10) 
#Bound 267.91s best:1675  next:[1138,1674] lb_tree_search (nodes=13614/13632 rc=530 decisions=128462 @root=60 restarts=10) 
#Bound 278.49s best:1675  next:[1139,1674] lb_tree_search (nodes=13975/13995 rc=554 decisions=133074 @root=61 restarts=10) 
#Bound 286.73s best:1675  next:[1147,1674] objective_lb_search_no_lp
#Bound 316.54s best:1675  next:[1148,1674] objective_lb_search_no_lp
#Bound 331.64s best:1675  next:[1149,1674] objective_lb_search_no_lp
#Bound 335.27s best:1675  next:[1150,1674] objective_lb_search_no_lp
#Bound 342.73s best:1675  next:[1152,1674] objective_lb_search_no_lp
#Bound 359.17s best:1675  next:[1153,1674] objective_lb_search_no_lp
#Bound 379.72s best:1675  next:[1154,1674] objective_lb_search_no_lp
#Bound 402.63s best:1675  next:[1155,1674] lb_tree_search (nodes=22138/22168 rc=828 decisions=195367 @root=72 restarts=10) 
#Bound 412.55s best:1675  next:[1157,1674] objective_lb_search_no_lp
#Bound 415.65s best:1675  next:[1158,1674] objective_lb_search_no_lp
#Bound 426.14s best:1675  next:[1160,1674] objective_lb_search_no_lp
#Bound 428.19s best:1675  next:[1162,1674] objective_lb_search_no_lp
#Bound 443.97s best:1675  next:[1164,1674] objective_lb_search_no_lp
#Bound 452.46s best:1675  next:[1168,1674] objective_lb_search_no_lp
#Bound 454.63s best:1675  next:[1169,1674] objective_lb_search_no_lp
#Bound 472.59s best:1675  next:[1170,1674] objective_lb_search_no_lp
#Bound 482.50s best:1675  next:[1172,1674] objective_lb_search_no_lp
#Bound 490.13s best:1675  next:[1173,1674] objective_lb_search
#Bound 494.47s best:1675  next:[1174,1674] objective_lb_search_no_lp
#Bound 508.50s best:1675  next:[1175,1674] objective_lb_search_no_lp
#Bound 511.40s best:1675  next:[1176,1674] objective_lb_search
#Bound 536.48s best:1675  next:[1178,1674] objective_lb_search
#Bound 562.69s best:1675  next:[1185,1674] objective_lb_search_no_lp
#Bound 575.70s best:1675  next:[1186,1674] objective_lb_search_no_lp
#Bound 604.19s best:1675  next:[1187,1674] objective_lb_search_no_lp
#Bound 622.72s best:1675  next:[1188,1674] objective_lb_search_no_lp
#Bound 654.12s best:1675  next:[1189,1674] objective_lb_search
#Bound 666.66s best:1675  next:[1190,1674] objective_lb_search_no_lp
#Bound 674.57s best:1675  next:[1191,1674] objective_lb_search_no_lp
#Bound 683.27s best:1675  next:[1192,1674] objective_lb_search_no_lp
#Bound 687.45s best:1675  next:[1193,1674] objective_lb_search_no_lp
#Bound 691.99s best:1675  next:[1194,1674] objective_lb_search_no_lp
#Bound 710.41s best:1675  next:[1196,1674] objective_lb_search_no_lp
#Bound 722.78s best:1675  next:[1197,1674] objective_lb_search_no_lp
#Bound 725.20s best:1675  next:[1198,1674] objective_lb_search_no_lp
#Bound 730.30s best:1675  next:[1199,1674] objective_lb_search_no_lp
#Bound 736.86s best:1675  next:[1200,1674] objective_lb_search_no_lp
#Bound 749.55s best:1675  next:[1202,1674] objective_lb_search_no_lp
#Bound 760.66s best:1675  next:[1203,1674] objective_lb_search_no_lp
#Bound 764.17s best:1675  next:[1204,1674] objective_lb_search_no_lp
#Bound 769.15s best:1675  next:[1205,1674] objective_lb_search_no_lp
#Bound 800.55s best:1675  next:[1206,1674] objective_lb_search_no_lp
#Bound 851.70s best:1675  next:[1208,1674] objective_lb_search_no_lp
#Bound 890.98s best:1675  next:[1209,1674] objective_lb_search_no_lp
#Bound 918.65s best:1675  next:[1210,1674] objective_lb_search_no_lp
#Bound 963.73s best:1675  next:[1211,1674] lb_tree_search (nodes=31062/31078 rc=1287 decisions=423006 @root=125 restarts=11) 
#Bound 971.12s best:1675  next:[1212,1674] objective_lb_search_no_lp
#Bound 1000.68s best:1675  next:[1213,1674] objective_lb_search_no_lp
#Bound 1026.02s best:1675  next:[1214,1674] objective_lb_search_no_lp
#Bound 1044.32s best:1675  next:[1216,1674] objective_lb_search_no_lp
#Bound 1106.50s best:1675  next:[1217,1674] lb_tree_search (nodes=35072/35097 rc=1357 decisions=465109 @root=134 restarts=11) 
#Bound 1127.09s best:1675  next:[1218,1674] objective_lb_search_no_lp
#Bound 1135.10s best:1675  next:[1222,1674] objective_lb_search_no_lp
#Bound 1199.29s best:1675  next:[1223,1674] objective_lb_search_no_lp
#Bound 1240.61s best:1675  next:[1224,1674] objective_lb_search_no_lp
#Bound 1257.90s best:1675  next:[1225,1674] objective_lb_search
#Bound 1306.96s best:1675  next:[1227,1674] objective_lb_search_no_lp
#Bound 1340.32s best:1675  next:[1228,1674] objective_lb_search_no_lp
#Bound 1350.99s best:1675  next:[1229,1674] objective_lb_search_no_lp
#Bound 1399.40s best:1675  next:[1230,1674] objective_lb_search_no_lp
#Bound 1399.79s best:1675  next:[1231,1674] objective_lb_search_no_lp
#Bound 1453.03s best:1675  next:[1232,1674] objective_lb_search_no_lp
#Bound 1511.15s best:1675  next:[1233,1674] objective_lb_search_no_lp
#Bound 1535.86s best:1675  next:[1234,1674] objective_lb_search
#Bound 1558.68s best:1675  next:[1235,1674] objective_lb_search_no_lp
#Bound 1626.64s best:1675  next:[1236,1674] lb_tree_search (nodes=49185/49222 rc=1667 decisions=629977 @root=176 restarts=11) 
#Bound 1655.05s best:1675  next:[1237,1674] objective_lb_search_no_lp
#Bound 1671.08s best:1675  next:[1238,1674] objective_lb_search_no_lp
#Bound 1677.56s best:1675  next:[1239,1674] objective_lb_search_no_lp
#Bound 1767.78s best:1675  next:[1240,1674] lb_tree_search (nodes=52950/52988 rc=1761 decisions=674172 @root=186 restarts=11) 
#Bound 1779.74s best:1675  next:[1241,1674] objective_lb_search_no_lp
#Bound 1818.81s best:1675  next:[1243,1674] objective_lb_search_no_lp
#Bound 1850.42s best:1675  next:[1244,1674] objective_lb_search_no_lp
#Bound 1890.67s best:1675  next:[1245,1674] objective_lb_search_no_lp
#Bound 1953.27s best:1675  next:[1246,1674] objective_lb_search_no_lp
#Bound 1953.97s best:1675  next:[1247,1674] objective_lb_search_no_lp
#Bound 1965.17s best:1675  next:[1248,1674] objective_lb_search_no_lp
#Bound 1985.08s best:1675  next:[1249,1674] objective_lb_search_no_lp
#Bound 1999.92s best:1675  next:[1252,1674] objective_lb_search_no_lp
#Bound 2050.82s best:1675  next:[1253,1674] objective_lb_search_no_lp
#Bound 2051.53s best:1675  next:[1254,1674] objective_lb_search_no_lp
#Bound 2068.19s best:1675  next:[1255,1674] objective_lb_search_no_lp
#Bound 2184.03s best:1675  next:[1258,1674] objective_lb_search_no_lp
#Bound 2197.23s best:1675  next:[1259,1674] objective_lb_search_no_lp
#Bound 2252.14s best:1675  next:[1269,1674] objective_lb_search_no_lp
#Bound 2449.98s best:1675  next:[1270,1674] objective_lb_search_no_lp
#Bound 2478.09s best:1675  next:[1271,1674] objective_lb_search_no_lp
#Bound 2507.86s best:1675  next:[1272,1674] objective_lb_search_no_lp
#Bound 2560.72s best:1675  next:[1273,1674] objective_lb_search_no_lp
#Bound 2609.86s best:1675  next:[1274,1674] objective_lb_search_no_lp
#Bound 2682.37s best:1675  next:[1275,1674] objective_lb_search_no_lp
#Bound 2786.52s best:1675  next:[1277,1674] objective_lb_search_no_lp
#Bound 2821.44s best:1675  next:[1278,1674] objective_lb_search_no_lp
#Bound 2904.14s best:1675  next:[1279,1674] objective_lb_search_no_lp
#Bound 2976.60s best:1675  next:[1280,1674] objective_lb_search_no_lp
#Bound 2996.89s best:1675  next:[1281,1674] objective_lb_search_no_lp
#Bound 3025.18s best:1675  next:[1282,1674] objective_lb_search_no_lp
#Bound 3067.68s best:1675  next:[1283,1674] objective_lb_search_no_lp
#Bound 3188.61s best:1675  next:[1284,1674] lb_tree_search (nodes=75337/75343 rc=2102 decisions=1210135 @root=290 restarts=13) 
#Bound 3229.98s best:1675  next:[1285,1674] objective_lb_search_no_lp
#Bound 3280.64s best:1675  next:[1286,1674] objective_lb_search_no_lp
#Bound 3329.63s best:1675  next:[1287,1674] objective_lb_search_no_lp
#Bound 3363.39s best:1675  next:[1288,1674] objective_lb_search_no_lp
#Bound 3392.86s best:1675  next:[1289,1674] objective_lb_search_no_lp
#Bound 3418.81s best:1675  next:[1290,1674] objective_lb_search_no_lp
#Bound 3545.76s best:1675  next:[1291,1674] lb_tree_search (nodes=82987/82993 rc=2164 decisions=1324971 @root=315 restarts=13) 
#Bound 3605.51s best:1675  next:[1292,1674] objective_lb_search_no_lp
#Bound 3715.40s best:1675  next:[1293,1674] lb_tree_search (nodes=84930/84937 rc=2178 decisions=1365455 @root=323 restarts=13) 
#Bound 3797.09s best:1675  next:[1294,1674] lb_tree_search (nodes=85898/85906 rc=2190 decisions=1388557 @root=326 restarts=13) 
#Bound 3897.77s best:1675  next:[1295,1674] lb_tree_search (nodes=87045/87053 rc=2203 decisions=1413535 @root=333 restarts=13) 
#Bound 3991.42s best:1675  next:[1296,1674] lb_tree_search (nodes=88291/88299 rc=2222 decisions=1438250 @root=338 restarts=13) 
#Bound 4076.88s best:1675  next:[1297,1674] lb_tree_search (nodes=89579/89587 rc=2238 decisions=1462781 @root=343 restarts=13) 
#Bound 4163.46s best:1675  next:[1298,1674] lb_tree_search (nodes=90808/90817 rc=2255 decisions=1487527 @root=348 restarts=13) 
#Bound 4249.54s best:1675  next:[1299,1674] objective_lb_search_no_lp
#Bound 4338.22s best:1675  next:[1300,1674] lb_tree_search (nodes=92869/92879 rc=2274 decisions=1536650 @root=358 restarts=13) 
#Bound 4437.06s best:1675  next:[1301,1674] lb_tree_search (nodes=93865/93875 rc=2297 decisions=1562868 @root=363 restarts=13) 
#Bound 4542.30s best:1675  next:[1302,1674] objective_lb_search_no_lp
#Bound 4604.83s best:1675  next:[1303,1674] objective_lb_search_no_lp
#Bound 4638.05s best:1675  next:[1304,1674] objective_lb_search_no_lp
#Bound 4662.50s best:1675  next:[1305,1674] objective_lb_search_no_lp
#Bound 4734.23s best:1675  next:[1306,1674] objective_lb_search_no_lp
#Bound 4775.14s best:1675  next:[1307,1674] objective_lb_search_no_lp
#Bound 4782.19s best:1675  next:[1308,1674] objective_lb_search_no_lp
#Bound 4965.20s best:1675  next:[1309,1674] lb_tree_search (nodes=105174/105184 rc=2425 decisions=1737549 @root=397 restarts=13) 
#Bound 5052.38s best:1675  next:[1310,1674] objective_lb_search_no_lp
#Bound 5093.09s best:1675  next:[1311,1674] objective_lb_search_no_lp
#Bound 5158.82s best:1675  next:[1312,1674] objective_lb_search_no_lp
#Bound 5163.13s best:1675  next:[1313,1674] objective_lb_search_no_lp
#Bound 5248.82s best:1675  next:[1314,1674] objective_lb_search_no_lp
#Bound 5293.09s best:1675  next:[1315,1674] objective_lb_search_no_lp
#Bound 5342.81s best:1675  next:[1316,1674] objective_lb_search_no_lp
#Bound 5450.26s best:1675  next:[1317,1674] objective_lb_search_no_lp
#Bound 5573.25s best:1675  next:[1318,1674] objective_lb_search_no_lp
#Bound 5675.80s best:1675  next:[1319,1674] objective_lb_search_no_lp
#Bound 5805.98s best:1675  next:[1320,1674] lb_tree_search (nodes=120915/120928 rc=2636 decisions=2014979 @root=453 restarts=13) 
#Bound 5842.79s best:1675  next:[1321,1674] objective_lb_search_no_lp
#Bound 5891.20s best:1675  next:[1322,1674] objective_lb_search_no_lp
#Bound 5958.87s best:1675  next:[1324,1674] objective_lb_search_no_lp
#Bound 6001.39s best:1675  next:[1325,1674] objective_lb_search_no_lp
#Bound 6079.17s best:1675  next:[1326,1674] objective_lb_search_no_lp
#Bound 6155.93s best:1675  next:[1327,1674] objective_lb_search_no_lp
#Bound 6186.00s best:1675  next:[1328,1674] objective_lb_search_no_lp
#Bound 6235.11s best:1675  next:[1329,1674] objective_lb_search_no_lp
#Bound 6425.70s best:1675  next:[1330,1674] objective_lb_search_no_lp
#Model 6433.75s var:627/628 constraints:7816/7943
#Bound 6621.74s best:1675  next:[1331,1674] lb_tree_search (nodes=140239/140265 rc=2902 decisions=2287131 @root=508 restarts=13) 
#Bound 6676.08s best:1675  next:[1332,1674] objective_lb_search_no_lp
#Bound 6829.42s best:1675  next:[1333,1674] lb_tree_search (nodes=141968/142017 rc=2964 decisions=2349031 @root=521 restarts=13) 
#Bound 6951.04s best:1675  next:[1334,1674] lb_tree_search (nodes=142841/142906 rc=2986 decisions=2383325 @root=528 restarts=13) 
#Bound 7085.09s best:1675  next:[1335,1674] lb_tree_search (nodes=143735/143812 rc=3012 decisions=2418092 @root=535 restarts=13) 
#Bound 7179.47s best:1675  next:[1336,1674] objective_lb_search_no_lp
#Bound 7328.41s best:1675  next:[1337,1674] lb_tree_search (nodes=146137/146242 rc=3092 decisions=2487968 @root=547 restarts=13) 
#Bound 7455.86s best:1675  next:[1338,1674] lb_tree_search (nodes=147108/147223 rc=3132 decisions=2524678 @root=556 restarts=13) 
#Bound 7587.67s best:1675  next:[1339,1674] lb_tree_search (nodes=148251/148374 rc=3172 decisions=2562885 @root=564 restarts=13) 
#Bound 7713.69s best:1675  next:[1340,1674] lb_tree_search (nodes=149676/149806 rc=3211 decisions=2601114 @root=571 restarts=13) 
#Bound 7860.67s best:1675  next:[1341,1674] lb_tree_search (nodes=150861/151003 rc=3264 decisions=2638821 @root=580 restarts=13) 
#Bound 7993.04s best:1675  next:[1342,1674] lb_tree_search (nodes=151712/151868 rc=3324 decisions=2676184 @root=587 restarts=13) 
#Bound 8130.42s best:1675  next:[1343,1674] lb_tree_search (nodes=152754/152938 rc=3375 decisions=2714931 @root=594 restarts=13) 
#Bound 8272.09s best:1675  next:[1344,1674] lb_tree_search (nodes=153694/153972 rc=3424 decisions=2752902 @root=603 restarts=13) 
#Model 8273.84s var:626/628 constraints:7803/7943
#Bound 8396.49s best:1675  next:[1345,1674] lb_tree_search (nodes=153484/154823 rc=3470 decisions=2789691 @root=610 restarts=13) 
#Bound 8441.99s best:1675  next:[1350,1674] objective_lb_search_no_lp
#Bound 8780.48s best:1675  next:[1373,1674] objective_lb_search_no_lp
#Bound 9518.43s best:1675  next:[1374,1674] lb_tree_search (nodes=143646/143647 rc=3687 decisions=3356920 @root=721 restarts=15) 
#Bound 9633.18s best:1675  next:[1375,1674] lb_tree_search (nodes=139566/145132 rc=3692 decisions=3383498 @root=726 restarts=15) 
#Bound 9734.68s best:1675  next:[1376,1674] lb_tree_search (nodes=139180/146745 rc=3700 decisions=3409932 @root=731 restarts=15) 
#Bound 9848.86s best:1675  next:[1377,1674] lb_tree_search (nodes=139834/148436 rc=3719 decisions=3437670 @root=736 restarts=15) 
#Bound 9945.79s best:1675  next:[1378,1674] lb_tree_search (nodes=139534/149650 rc=3734 decisions=3463616 @root=741 restarts=15) 
#Bound 10055.66s best:1675  next:[1379,1674] lb_tree_search (nodes=138960/151130 rc=3751 decisions=3492525 @root=746 restarts=15) 
#Bound 10157.33s best:1675  next:[1380,1674] lb_tree_search (nodes=133557/152831 rc=3763 decisions=3521639 @root=752 restarts=15) 
#Bound 10255.68s best:1675  next:[1381,1674] lb_tree_search (nodes=132711/154490 rc=3776 decisions=3550053 @root=759 restarts=15) 
#Bound 10355.19s best:1675  next:[1382,1674] lb_tree_search (nodes=133963/156203 rc=3790 decisions=3578472 @root=764 restarts=15) 
#Bound 10460.67s best:1675  next:[1383,1674] lb_tree_search (nodes=132254/157438 rc=3806 decisions=3606123 @root=770 restarts=15) 
#Bound 10576.17s best:1675  next:[1384,1674] lb_tree_search (nodes=127243/158844 rc=3828 decisions=3634197 @root=775 restarts=15) 
#Bound 10679.37s best:1675  next:[1385,1674] lb_tree_search (nodes=128154/160380 rc=3849 decisions=3662252 @root=780 restarts=15) 
#Bound 10777.37s best:1675  next:[1386,1674] lb_tree_search (nodes=125225/161956 rc=3863 decisions=3689677 @root=785 restarts=15) 
#Model 10823.35s var:625/628 constraints:7790/7943
#Bound 10864.53s best:1675  next:[1387,1674] lb_tree_search (nodes=116785/163447 rc=3881 decisions=3715152 @root=790 restarts=15) 
#Model 10931.74s var:624/628 constraints:7777/7943
#Bound 10947.03s best:1675  next:[1388,1674] lb_tree_search (nodes=115051/164852 rc=3894 decisions=3740235 @root=795 restarts=15) 
#Bound 11033.85s best:1675  next:[1389,1674] lb_tree_search (nodes=111360/166238 rc=3909 decisions=3765006 @root=802 restarts=15) 
#Model 11099.32s var:623/628 constraints:7764/7943
#Bound 11116.53s best:1675  next:[1390,1674] lb_tree_search (nodes=111121/167690 rc=3917 decisions=3790152 @root=807 restarts=15) 
#Bound 11191.38s best:1675  next:[1391,1674] lb_tree_search (nodes=102675/168923 rc=3933 decisions=3812886 @root=812 restarts=15) 
#Bound 11271.45s best:1675  next:[1392,1674] lb_tree_search (nodes=103775/170221 rc=3943 decisions=3836418 @root=817 restarts=15) 
#Bound 11349.15s best:1675  next:[1393,1674] lb_tree_search (nodes=105150/171669 rc=3953 decisions=3860433 @root=822 restarts=15) 
#Bound 11425.13s best:1675  next:[1394,1674] lb_tree_search (nodes=105672/172625 rc=3970 decisions=3882616 @root=827 restarts=15) 
#Bound 11500.71s best:1675  next:[1395,1674] lb_tree_search (nodes=105480/173765 rc=3994 decisions=3907091 @root=832 restarts=15) 
#Model 11504.34s var:622/628 constraints:7704/7943
#Bound 11573.96s best:1675  next:[1396,1674] lb_tree_search (nodes=104414/174989 rc=4012 decisions=3930573 @root=837 restarts=15) 
#Bound 11647.09s best:1675  next:[1397,1674] lb_tree_search (nodes=105215/176139 rc=4038 decisions=3952886 @root=842 restarts=15) 
#Bound 11717.71s best:1675  next:[1398,1674] lb_tree_search (nodes=105987/177242 rc=4059 decisions=3974679 @root=847 restarts=15) 
#Bound 11762.34s best:1675  next:[1399,1674] objective_lb_search_no_lp
#Model 11763.74s var:621/628 constraints:7660/7943
#Bound 11837.40s best:1675  next:[1400,1674] lb_tree_search (nodes=101910/179305 rc=4078 decisions=4012726 @root=854 restarts=15) 
#Bound 11883.30s best:1675  next:[1401,1674] objective_lb_search_no_lp
#Bound 11929.17s best:1675  next:[1402,1674] objective_lb_search_no_lp
#Model 11988.56s var:620/628 constraints:7583/7943
#Bound 11989.48s best:1675  next:[1403,1674] lb_tree_search (nodes=90667/181542 rc=4108 decisions=4059044 @root=866 restarts=15) 
#Bound 12038.19s best:1675  next:[1404,1674] lb_tree_search (nodes=83041/182350 rc=4119 decisions=4073578 @root=871 restarts=15) 
#Model 12079.05s var:619/628 constraints:7472/7943
#Bound 12079.71s best:1675  next:[1405,1674] lb_tree_search (nodes=79869/183156 rc=4125 decisions=4086893 @root=872 restarts=15) 
#Bound 12122.11s best:1675  next:[1406,1674] lb_tree_search (nodes=70689/183734 rc=4141 decisions=4097740 @root=878 restarts=15) 
#Model 12124.65s var:618/628 constraints:7368/7943
#Model 12130.72s var:616/628 constraints:7177/7943
#Model 12131.28s var:615/628 constraints:7031/7943
#Bound 12145.50s best:1675  next:[1407,1674] lb_tree_search (nodes=56816/184115 rc=4147 decisions=4105486 @root=880 restarts=15) 
#Bound 12162.29s best:1675  next:[1410,1674] objective_lb_search_no_lp
#Model 12163.49s var:611/628 constraints:6705/7943
#Bound 12177.10s best:1675  next:[1411,1674] objective_lb_search_no_lp
#Bound 12183.88s best:1675  next:[1412,1674] objective_lb_search_no_lp
#Model 12184.09s var:610/628 constraints:6622/7943
#Model 12186.91s var:608/628 constraints:6536/7943
#Model 12195.65s var:607/628 constraints:6308/7943
#Bound 12197.90s best:1675  next:[1413,1674] lb_tree_search (nodes=41609/185238 rc=4172 decisions=4126301 @root=889 restarts=15) 
#Bound 12207.72s best:1675  next:[1414,1674] lb_tree_search (nodes=39909/185370 rc=4174 decisions=4129770 @root=891 restarts=15) 
#Bound 12209.50s best:1675  next:[1415,1674] objective_lb_search_no_lp
#Bound 12219.68s best:1675  next:[1416,1674] objective_lb_search_max_lp
#Model 12220.90s var:605/628 constraints:6235/7943
#Bound 12226.11s best:1675  next:[1418,1674] objective_lb_search_no_lp
#Bound 12228.62s best:1675  next:[1420,1674] objective_lb_search
#Bound 12231.33s best:1675  next:[1432,1674] objective_lb_search_no_lp
#Model 12237.17s var:604/628 constraints:6161/7943
#Bound 12239.29s best:1675  next:[1433,1674] objective_lb_search_no_lp
#Model 12244.95s var:603/628 constraints:6102/7943
#Bound 12246.33s best:1675  next:[1439,1674] objective_lb_search_no_lp
#Bound 12248.44s best:1675  next:[1440,1674] objective_lb_search_no_lp
#Model 12248.53s var:602/628 constraints:5995/7943
#Model 12250.05s var:600/628 constraints:5751/7943
#Bound 12250.15s best:1675  next:[1441,1674] objective_lb_search_no_lp
#Model 12250.52s var:598/628 constraints:5628/7943
#Model 12251.32s var:597/628 constraints:5567/7943
#Bound 12253.48s best:1675  next:[1443,1674] objective_lb_search_no_lp
#Model 12253.80s var:596/628 constraints:5529/7943
#Model 12254.06s var:595/628 constraints:5491/7943
#Model 12254.18s var:593/628 constraints:5187/7943
#Model 12254.45s var:590/628 constraints:4776/7943
#Bound 12254.93s best:1675  next:[1444,1674] objective_lb_search_no_lp
#Model 12255.69s var:589/628 constraints:4718/7943
#Model 12256.86s var:588/628 constraints:4619/7943
#Model 12257.77s var:587/628 constraints:4578/7943
#Model 12257.99s var:586/628 constraints:4499/7943
#Bound 12258.05s best:1675  next:[1454,1674] objective_lb_search_max_lp
#Model 12258.35s var:583/628 constraints:4260/7943
#Model 12258.88s var:580/628 constraints:4014/7943
#Model 12258.99s var:575/628 constraints:3711/7943
#Bound 12259.04s best:1675  next:[1455,1674] no_lp
#Bound 12259.05s best:1675  next:[1460,1674] no_lp
#Model 12259.05s var:556/628 constraints:2498/7943
#Bound 12259.06s best:1675  next:[1494,1674] no_lp
#Model 12259.06s var:550/628 constraints:2105/7943
#Bound 12259.06s best:1675  next:[1519,1674] quick_restart_no_lp
#Bound 12259.06s best:1675  next:[1524,1674] no_lp
#Bound 12259.06s best:1675  next:[1549,1674] no_lp
#Bound 12259.06s best:1675  next:[1551,1674] no_lp
#Done  12259.07s no_lp
#Model 12259.07s var:548/628 constraints:2003/7943
#Done  12259.07s quick_restart_no_lp
#Model 12259.07s var:546/628 constraints:1818/7943

Task timing                                  n [     min,      max]      avg      dev     time         n [     min,      max]      avg      dev    dtime
                             'core':         1 [   3.41h,    3.41h]    3.41h   0.00ns    3.41h         1 [   3.98h,    3.98h]    3.98h   0.00ns    3.98h
                       'default_lp':         1 [   3.41h,    3.41h]    3.41h   0.00ns    3.41h         1 [  53.42m,   53.42m]   53.42m   0.00ns   53.42m
                 'feasibility_pump':      6989 [270.88ms,    3.06s] 419.79ms  76.68ms   48.90m      6988 [ 67.97ms, 269.71ms]  70.29ms   2.51ms    8.19m
                            'fixed':         1 [   3.41h,    3.41h]    3.41h   0.00ns    3.41h         1 [   1.03h,    1.03h]    1.03h   0.00ns    1.03h
                  'fj_long_default':         1 [572.00ms, 572.00ms] 572.00ms   0.00ns 572.00ms         1 [109.20ms, 109.20ms] 109.20ms   0.00ns 109.20ms
              'fj_long_lin_default':         4 [ 90.17ms, 217.51ms] 142.67ms  54.69ms 570.68ms         4 [108.27ms, 114.45ms] 112.24ms   2.42ms 448.95ms
                   'fj_long_random':         3 [ 93.79ms, 340.88ms] 188.59ms 108.76ms 565.77ms         3 [ 71.51ms, 107.82ms]  86.00ms  15.70ms 258.00ms
                 'fj_short_default':         1 [983.31ms, 983.31ms] 983.31ms   0.00ns 983.31ms         1 [107.21ms, 107.21ms] 107.21ms   0.00ns 107.21ms
             'fj_short_lin_default':         3 [ 91.85ms, 353.51ms] 191.09ms 115.79ms 573.27ms         3 [110.28ms, 120.07ms] 115.66ms   4.06ms 346.99ms
              'fj_short_lin_random':         1 [687.79ms, 687.79ms] 687.79ms   0.00ns 687.79ms         1 [108.12ms, 108.12ms] 108.12ms   0.00ns 108.12ms
                  'fj_short_random':         3 [ 92.23ms, 311.81ms] 190.41ms  91.13ms 571.22ms         3 [106.28ms, 110.83ms] 108.79ms   1.89ms 326.38ms
                        'fs_random':         1 [733.12ms, 733.12ms] 733.12ms   0.00ns 733.12ms         1 [  5.58ms,   5.58ms]   5.58ms   0.00ns   5.58ms
                        'fs_random':         1 [734.58ms, 734.58ms] 734.58ms   0.00ns 734.58ms         1 [  6.25ms,   6.25ms]   6.25ms   0.00ns   6.25ms
                  'fs_random_no_lp':         1 [857.91ms, 857.91ms] 857.91ms   0.00ns 857.91ms         0 [  0.00ns,   0.00ns]   0.00ns   0.00ns   0.00ns
          'fs_random_quick_restart':         1 [858.10ms, 858.10ms] 858.10ms   0.00ns 858.10ms         1 [ 20.00ns,  20.00ns]  20.00ns   0.00ns  20.00ns
          'fs_random_quick_restart':         1 [868.14ms, 868.14ms] 868.14ms   0.00ns 868.14ms         1 [ 20.00ns,  20.00ns]  20.00ns   0.00ns  20.00ns
    'fs_random_quick_restart_no_lp':         1 [733.45ms, 733.45ms] 733.45ms   0.00ns 733.45ms         1 [  2.28ms,   2.28ms]   2.28ms   0.00ns   2.28ms
                    'graph_arc_lns':      6989 [  9.08ms,   11.92s]    2.62s    2.18s    5.09h      6944 [ 10.00ns,    1.42s] 320.17ms 334.98ms   37.05m
                    'graph_cst_lns':      6989 [  5.64ms,    7.33s]    1.95s    1.43s    3.78h      6929 [ 10.00ns, 869.42ms] 213.19ms 207.01ms   24.62m
                    'graph_dec_lns':      6989 [ 12.35ms,   10.60s]    2.48s    1.97s    4.82h      6961 [ 10.00ns,    1.24s] 284.33ms 295.48ms   32.99m
                    'graph_var_lns':      6989 [  8.68ms,   10.41s]    2.44s    2.14s    4.75h      6937 [ 10.00ns,    2.31s] 286.05ms 315.41ms   33.07m
                   'lb_tree_search':         1 [   3.41h,    3.41h]    3.41h   0.00ns    3.41h         1 [   1.56h,    1.56h]    1.56h   0.00ns    1.56h
                           'max_lp':         1 [   3.41h,    3.41h]    3.41h   0.00ns    3.41h         1 [  52.14m,   52.14m]   52.14m   0.00ns   52.14m
                            'no_lp':         1 [   3.41h,    3.41h]    3.41h   0.00ns    3.41h         1 [  45.74m,   45.74m]   45.74m   0.00ns   45.74m
              'objective_lb_search':         1 [   3.41h,    3.41h]    3.41h   0.00ns    3.41h         1 [  49.96m,   49.96m]   49.96m   0.00ns   49.96m
       'objective_lb_search_max_lp':         1 [   3.41h,    3.41h]    3.41h   0.00ns    3.41h         1 [   1.15h,    1.15h]    1.15h   0.00ns    1.15h
        'objective_lb_search_no_lp':         1 [   3.41h,    3.41h]    3.41h   0.00ns    3.41h         1 [  28.15m,   28.15m]   28.15m   0.00ns   28.15m
  'objective_shaving_search_max_lp':       273 [ 13.08ms,   12.30m]   44.89s    1.06m    3.40h       266 [  4.50ms,    2.47m]    9.39s   13.06s   41.62m
   'objective_shaving_search_no_lp':       274 [ 14.20ms,   12.30m]   44.73s    1.06m    3.40h       266 [  4.62ms,    1.50m]    5.38s    7.70s   23.85m
                          'probing':         1 [   3.41h,    3.41h]    3.41h   0.00ns    3.41h         1 [  58.50m,   58.50m]   58.50m   0.00ns   58.50m
                   'probing_max_lp':         1 [   3.41h,    3.41h]    3.41h   0.00ns    3.41h         1 [   1.85h,    1.85h]    1.85h   0.00ns    1.85h
                     'pseudo_costs':         1 [   3.41h,    3.41h]    3.41h   0.00ns    3.41h         1 [  50.80m,   50.80m]   50.80m   0.00ns   50.80m
                    'quick_restart':         1 [   3.41h,    3.41h]    3.41h   0.00ns    3.41h         1 [   1.47h,    1.47h]    1.47h   0.00ns    1.47h
              'quick_restart_no_lp':         1 [   3.41h,    3.41h]    3.41h   0.00ns    3.41h         1 [   1.87h,    1.87h]    1.87h   0.00ns    1.87h
                    'reduced_costs':         1 [   3.41h,    3.41h]    3.41h   0.00ns    3.41h         1 [   1.23h,    1.23h]    1.23h   0.00ns    1.23h
                        'rins/rens':      6989 [192.06us,    1.48s] 476.39ms 347.07ms   55.49m      5338 [ 10.00ns, 103.47ms]  78.00ms  34.68ms    6.94m
                      'rnd_cst_lns':      6989 [ 11.50ms,   10.62s]    2.42s    2.04s    4.71h      6930 [ 10.00ns,    1.29s] 285.76ms 305.04ms   33.00m
                      'rnd_var_lns':      6989 [  8.09ms,    9.85s]    2.38s    1.91s    4.63h      6953 [ 10.00ns,    1.17s] 272.21ms 282.91ms   31.54m
         'scheduling_intervals_lns':      6989 [  3.41ms,   11.18s]    3.61s    2.02s    7.01h      6913 [100.00ms,    1.42s] 446.19ms 307.91ms   51.41m
       'scheduling_precedences_lns':      6988 [  7.29ms,   10.88s]    3.61s    2.02s    7.01h      6912 [100.00ms,    1.42s] 447.30ms 308.36ms   51.53m
       'scheduling_time_window_lns':      6989 [  3.37ms,   10.93s]    3.60s    2.02s    7.00h      6914 [100.00ms,    1.42s] 444.19ms 306.24ms   51.19m
                     'violation_ls':      6989 [  1.08ms, 471.25ms] 135.51ms  52.53ms   15.78m      6989 [920.00ns, 461.25ms] 144.09ms  62.95ms   16.78m
                     'violation_ls':      6989 [912.54us, 552.24ms] 122.89ms  43.92ms   14.31m      6989 [800.00ns, 448.97ms] 131.18ms  51.64ms   15.28m

Search stats                          Bools  Conflicts    Branches   Restarts      BoolPropag  IntegerPropag
                           'core':   11'427  1'739'234   3'743'216    100'938   5'763'032'025  3'314'795'790
                     'default_lp':    8'805  1'990'962  10'523'934    431'785   4'428'075'222  3'537'875'601
                          'fixed':    6'384  9'009'293  13'126'340        272   8'046'552'125  6'681'364'599
                      'fs_random':      136          0         278        273              30         14'443
                      'fs_random':      136          0         288        272              40         14'594
                'fs_random_no_lp':      136          0           0          0               0              0
        'fs_random_quick_restart':      136          0           0          0               0              0
        'fs_random_quick_restart':      136          0           0          0               0              0
  'fs_random_quick_restart_no_lp':      175          0         441        273              36         24'217
                 'lb_tree_search':      164        949   8'111'405  1'534'172      27'103'288  1'381'674'150
                         'max_lp':      136  1'275'393   7'766'820    757'986      64'927'273  4'287'767'186
                          'no_lp':    4'487  4'079'327   9'329'805    376'482   4'579'196'600  6'864'301'829
            'objective_lb_search':      567  1'206'234   8'663'565  1'117'415     172'833'760  4'179'548'602
     'objective_lb_search_max_lp':      591    638'618  11'603'589  1'848'512     191'836'555  3'799'773'995
      'objective_lb_search_no_lp':      601  2'857'502   7'561'249    639'277     175'946'555  6'338'446'295
                        'probing':    1'148        834     238'851     93'440       1'466'214     16'674'370
                 'probing_max_lp':    1'148        813     156'774     65'744       1'011'394     11'256'191
                   'pseudo_costs':    9'837  2'805'857  13'863'257    628'841   4'604'921'884  4'367'786'599
                  'quick_restart':   14'597    901'866  15'789'701    359'523   3'765'816'274  2'038'299'250
            'quick_restart_no_lp':   16'108  2'472'157  13'843'018    340'662   7'717'431'439  3'264'046'064
                  'reduced_costs':  114'604  1'791'637   9'662'454    309'580  23'982'860'354  3'658'770'495

SAT stats                           ClassicMinim  LitRemoved   LitLearned  LitForgotten  Subsumed  MClauses  MDecisions  MLitTrue  MSubsumed  MLitRemoved  MReused
                           'core':     1'682'461  28'017'363   24'546'504     6'907'815     4'188    46'206     224'262       259      2'006        8'120      294
                     'default_lp':     1'797'803  16'851'371   32'688'822    24'571'477     7'748   217'933   2'388'018        25    115'250      952'753   31'258
                          'fixed':     8'496'194  64'493'615  324'478'545   322'275'773     2'745         0           0         0          0            0        0
                      'fs_random':             0           0            0             0         0         0           0         0          0            0        0
                      'fs_random':             0           0            0             0         0         0           0         0          0            0        0
                'fs_random_no_lp':             0           0            0             0         0         0           0         0          0            0        0
        'fs_random_quick_restart':             0           0            0             0         0         0           0         0          0            0        0
        'fs_random_quick_restart':             0           0            0             0         0         0           0         0          0            0        0
  'fs_random_quick_restart_no_lp':             0           0            0             0         0         0           0         0          0            0        0
                 'lb_tree_search':            85         175        4'299             0         6   739'321   3'709'871         0        171          685   66'332
                         'max_lp':     1'125'970   6'156'592   22'101'382    16'461'026    12'438   373'830   6'031'974         0     19'656      172'668   83'881
                          'no_lp':     3'795'848  37'348'498   62'266'667    47'010'837    12'749   178'593   2'055'652         0    125'358    1'170'628   19'832
            'objective_lb_search':     1'099'672   6'842'013   18'078'415     8'018'193    10'005   574'770   6'858'580         4     50'959      445'787  121'803
     'objective_lb_search_max_lp':       578'327   3'603'046    9'576'621     3'761'213     5'668   878'328  10'148'847         8     20'227      169'655  174'224
      'objective_lb_search_no_lp':     2'598'115  16'530'470   43'999'203    24'383'862    21'219   326'042   3'854'019         0     45'271      374'708   54'371
                        'probing':             2           8          929             0         0         0           0         0          0            0        0
                 'probing_max_lp':             0           0          851             0         0         0           0         0          0            0        0
                   'pseudo_costs':     2'425'655  19'029'136   59'338'475    50'860'740     9'081   281'330   3'310'442        13     89'533      697'635   64'139
                  'quick_restart':       784'861   7'889'506   16'504'865     9'664'610     6'288   157'332   2'734'409       103    109'076    1'434'556   21'740
            'quick_restart_no_lp':     2'244'540  29'861'071   55'982'866    35'477'196     4'355    53'544     799'021        26     41'159      467'278    4'583
                  'reduced_costs':     1'592'513  17'949'805   42'249'027    37'370'778    10'739   165'455   1'580'542         7     38'462      251'801   30'894

Lp stats                         Component  Iterations  AddedCuts    OPTIMAL    DUAL_F.  DUAL_U.
                  'default_lp':          1  28'086'088  1'369'538  3'873'002          1        5
                       'fixed':          1   2'620'669        724  8'672'259          0        0
                   'fs_random':          1         775      1'114         23          0        0
                   'fs_random':          1         839        706         26          0        0
     'fs_random_quick_restart':          1           0          0          0          0        0
     'fs_random_quick_restart':          1           0          0          0          0        0
              'lb_tree_search':          1  86'021'086    151'697  2'938'683  2'859'640        0
                      'max_lp':          1  39'462'584    463'776  1'851'379  2'532'511      162
         'objective_lb_search':          1  32'996'017    574'728  3'294'400          3        0
  'objective_lb_search_max_lp':          1  44'424'876    177'550  1'470'449    941'517      207
                     'probing':          1  24'385'010    435'165    546'189        329        2
              'probing_max_lp':          1  30'831'039    114'885    257'197     71'034        0
                'pseudo_costs':          1  19'651'925    662'724  3'434'916  1'222'949      217
               'quick_restart':          1  42'670'563    755'438  2'473'329        139       13
               'reduced_costs':          1  24'321'769    716'648  2'561'813  1'558'845       55

Lp dimension                                                                      Final dimension of first component
                  'default_lp':  1024 rows, 614 columns, 2657 entries with magnitude in [9.948305e-04, 1.000000e+00]
                       'fixed':   442 rows, 614 columns, 1780 entries with magnitude in [2.055501e-02, 1.000000e+00]
                   'fs_random':   634 rows, 614 columns, 2367 entries with magnitude in [9.448346e-03, 1.000000e+00]
                   'fs_random':   663 rows, 614 columns, 2427 entries with magnitude in [2.518095e-03, 1.000000e+00]
     'fs_random_quick_restart':        0 rows, 614 columns, 0 entries with magnitude in [0.000000e+00, 0.000000e+00]
     'fs_random_quick_restart':        0 rows, 614 columns, 0 entries with magnitude in [0.000000e+00, 0.000000e+00]
              'lb_tree_search':  1328 rows, 628 columns, 5287 entries with magnitude in [1.697900e-04, 1.000000e+00]
                      'max_lp':   914 rows, 628 columns, 3260 entries with magnitude in [6.215589e-04, 1.000000e+00]
         'objective_lb_search':   831 rows, 614 columns, 2522 entries with magnitude in [2.683742e-03, 1.000000e+00]
  'objective_lb_search_max_lp':  1226 rows, 628 columns, 4261 entries with magnitude in [1.725788e-04, 1.000000e+00]
                     'probing':  1247 rows, 614 columns, 7268 entries with magnitude in [1.549772e-03, 1.000000e+00]
              'probing_max_lp':  1595 rows, 628 columns, 9102 entries with magnitude in [1.384352e-03, 1.000000e+00]
                'pseudo_costs':   569 rows, 628 columns, 2873 entries with magnitude in [1.867695e-04, 1.000000e+00]
               'quick_restart':  1373 rows, 614 columns, 5097 entries with magnitude in [4.135829e-04, 1.000000e+00]
               'reduced_costs':   792 rows, 628 columns, 2676 entries with magnitude in [7.716480e-03, 1.000000e+00]

Lp debug                         CutPropag  CutEqPropag     Adjust  Overflow          Bad  BadScaling
                  'default_lp':        176          768  1'983'323         0    8'127'896           0
                       'fixed':          0            0    249'920         0        2'509           0
                   'fs_random':          0            0          0         0        1'576           0
                   'fs_random':          0            2          2         0        6'712           0
     'fs_random_quick_restart':          0            0          0         0            0           0
     'fs_random_quick_restart':          0            0          0         0            0           0
              'lb_tree_search':        172          439  4'821'500         0    5'660'688           0
                      'max_lp':        114          590  2'336'397         0    6'102'411           0
         'objective_lb_search':         78          445  2'060'984         0    6'484'835           0
  'objective_lb_search_max_lp':        118          399  2'045'850         0    6'400'766           0
                     'probing':        228        4'756    529'558         0  572'189'682           0
              'probing_max_lp':        188        3'176    328'159         0  362'056'435           0
                'pseudo_costs':        238          723  2'326'803         0    7'598'275           0
               'quick_restart':        488        1'070  1'501'776         0   16'454'145           0
               'reduced_costs':        241          785  2'499'849         0    7'165'313           0

Lp pool                          Constraints  Updates  Simplif  Merged  Shortened      Split  Strenghtened            Cuts/Call
                  'default_lp':        7'489   15'867  110'942   2'728     19'441    263'128       111'997  1'369'538/4'598'754
                       'fixed':        1'403        0        6       0          0          0            42           724/11'996
                   'fs_random':        1'385        0        0       0          0          0            22            706/1'311
                   'fs_random':        1'793        5        0       0          0          6           132          1'114/1'958
     'fs_random_quick_restart':          679        0        0       0          0          0             0                  0/0
     'fs_random_quick_restart':          679        0        0       0          0          0             0                  0/0
              'lb_tree_search':       16'982   13'570  634'208     649     28'132    178'423       444'923    151'697/1'479'495
                      'max_lp':       15'752   13'911  657'110   1'958     24'608    270'525       483'661    463'776/1'562'389
         'objective_lb_search':        7'937   14'539   87'446   2'470     15'917    237'317        62'299    574'728/2'646'900
  'objective_lb_search_max_lp':       16'315   14'961  667'852   1'169     28'694    332'303       463'690      177'550/995'215
                     'probing':        9'820   81'060  267'373      24     13'576    924'106        80'403    435'165/1'360'676
              'probing_max_lp':       17'793   81'546  675'280      26     29'591    811'292       353'681      114'885/391'953
                'pseudo_costs':       14'712   14'065  728'547   2'946     26'515    217'102       471'057    662'724/2'066'263
               'quick_restart':        8'915   24'568  249'891   1'202     15'684  1'404'492        82'638    755'438/3'227'635
               'reduced_costs':       14'422   14'078  698'597   3'160     24'859    179'336       503'672    716'648/1'843'907

Lp Cut                                                fs_ran  fs_ran   defaul  fixed   max_lp   quick_   reduce   pseudo  lb_tre   probin   object  probin  object
                                              CG_FF:      35      78   35'407     41   17'917    3'969   44'361   48'400   4'093    4'305   18'456     568   5'404
                                               CG_K:      32      57   25'245     34   20'281    2'602   46'987   49'192   5'452    2'912   14'072     395   6'602
                                              CG_KL:       -       -       33      -        3        -       17        9       -        -        6       1       -
                                               CG_R:      20      59   27'675     29   12'032    4'579   34'613   39'434   2'691    8'436   15'155     918   3'334
                                              CG_RB:      24      83   87'512     42   44'859   13'346   76'026   87'761  10'743   11'300   44'425   1'287  12'415
                                             CG_RBP:       2      13   13'877      3    9'201    1'489   18'154   14'565   1'564    1'041    4'325     281   1'425
                                             Clique:       -       -        -      -    1'880        -    7'780    9'978   1'058        -        -     469     769
                                                 IB:     420     336  918'612    353  193'564  607'223  234'741  151'365  61'088  138'832  339'317  23'614  75'532
                                           MIR_1_FF:      38      62   25'381     38   15'023    9'907   27'033   29'718   6'091   20'725   14'480   2'024   7'099
                                            MIR_1_K:       4       9    5'891      2    5'631    2'269    9'483    8'600   2'402    4'292    3'388     468   2'593
                                           MIR_1_KL:       -       -    1'401      -      921      115    1'212      554      49      599       44     137      11
                                            MIR_1_R:       7      10    7'531      7    2'952    2'760    6'685    7'608   1'055    6'797    4'166     587   1'242
                                           MIR_1_RB:      22      65   43'502     24   28'187   17'603   45'564   44'514   9'821   32'671   21'868   2'273  11'735
                                          MIR_1_RBP:       -      10    2'799      -    6'247      517   10'875    4'003     952      474      370     161     656
                                          MIR_1_RLT:       -       -        -      -      130        -      535      471      98        -        -     101      93
                                           MIR_2_FF:      17      40   16'218     19    7'674    6'057   13'815   17'825   2'951   11'933    9'223   1'301   3'664
                                            MIR_2_K:       2      10    4'542      4    2'624    1'237    4'837    4'409     920    2'819    1'972     389   1'238
                                           MIR_2_KL:       -       -      984      -      740      212      713      381      44      750       86      96      25
                                            MIR_2_R:       6      14    4'717      6    2'129    1'830    4'129    5'370     941    5'093    2'704     662   1'027
                                           MIR_2_RB:      20      64   26'619     23   13'633   11'748   20'002   22'661   4'963   25'660   13'644   1'778   5'700
                                          MIR_2_RBP:       -       8    2'779      1    2'159      654    3'926    1'914     373    1'108      369     155     203
                                           MIR_3_FF:       5      18   10'291      7    5'174    4'121    8'418   10'791   2'083    7'318    6'356     860   2'435
                                            MIR_3_K:       5       8    2'900     10    1'769      966    2'977    2'915     660    2'386    1'510     256     873
                                           MIR_3_KL:       -       2      852      -      644      270      659      419     108    1'160      171     146      87
                                            MIR_3_R:       1       7    3'008      5    1'333    1'329    2'327    3'060     649    2'882    1'901     389     631
                                           MIR_3_RB:       8      36   17'286     15    8'349    8'228   10'828   12'388   2'843   17'676    8'971   1'193   3'229
                                          MIR_3_RBP:       1       2    1'959      1    1'318      455    1'991    1'200     288      760      381     108     196
                                           MIR_4_FF:       -       8    6'394      3    3'466    2'762    4'527    6'346   1'447    4'448    4'333     468   1'659
                                            MIR_4_K:       2       2    2'287      1    1'362      764    1'980    2'109     513    2'003    1'214     176     606
                                           MIR_4_KL:       -       -      840      -      645      417      616      478     154    1'600      319     177     166
                                            MIR_4_R:       1       5    2'163      3    1'050      845    1'149    1'734     544    1'584    1'561     200     586
                                           MIR_4_RB:       1      17   10'555      7    5'348    5'025    6'167    7'181   1'734   10'269    5'444     667   1'815
                                          MIR_4_RBP:       -       3    1'102      -      725      238    1'102      795     207      604      262      73     119
                                           MIR_5_FF:       -       8    3'518      2    1'931    1'936    2'248    3'179     812    2'679    2'630     276   1'017
                                            MIR_5_K:       -       1    1'647      -      964      676    1'341    1'433     338    1'592      838     142     435
                                           MIR_5_KL:       -       -      794      -      526      468      577      533     148    1'555      398     179     148
                                            MIR_5_R:       -       3    1'149      2      524      557      571      913     319      880      918     159     374
                                           MIR_5_RB:       1      12    6'267      5    3'305    3'065    3'689    4'296     958    6'164    3'055     395   1'070
                                          MIR_5_RBP:       -       -      748      -      501      208      683      603     161      376      240      48     115
                                           MIR_6_FF:       1       4    2'125      1    1'167    1'163    1'459    1'740     444    1'755    1'533     163     579
                                            MIR_6_K:       2       2    1'360      1      685      581    1'026    1'025     243    1'429      697      89     316
                                           MIR_6_KL:       -       -      666      1      338      407      452      416      98    1'511      370      97     104
                                            MIR_6_R:       -       1      658      1      331      285      459      531     140      410      496      91     180
                                           MIR_6_RB:       1       7    4'476      3    2'313    1'911    2'738    2'936     601    3'962    2'046     284     754
                                          MIR_6_RBP:       -       -      624      -      335      164      508      456     140      393      206      42     106
   NoOverlapCompletionTimeExhaustiveMirror_weighted:       -       -        -      -        2        -       10       13       -        -        -       -       -
         NoOverlapCompletionTimeExhaustive_weighted:       -       -        -      -      677        -    1'363      982     128        -        -       -     252
  NoOverlapCompletionTimeExhaustive_weighted_lifted:       -       -        -      -      254        -    1'155    1'680      10        -        -       3      27
                    NoOverlapCompletionTimeQueyrane:       -       -        -      -       10        -       37      106       1        -        -       1       1
             NoOverlapCompletionTimeQueyrane_lifted:       -       -        -      -       48        -      157      205       2        -        -       1       3
                          NoOverlapDisjunctionOnEnd:       -       -        -      -        9        -       78      107       -        -        -       -       -
                        NoOverlapDisjunctionOnStart:       -       -        -      -      262        -    1'248    1'731      38        -        -       5      50
                                       ZERO_HALF_FF:      11      13    5'603      9    3'384    1'215    7'502    7'771   1'056    1'241    3'014      97   1'173
                                        ZERO_HALF_K:       1       2    1'376      2    2'701      365    4'626    3'913   1'058      350      884     162   1'145
                                       ZERO_HALF_KL:       -       -       13      -       11        -        9       11       -        1        7       1       -
                                        ZERO_HALF_R:       9      19   16'302     10   15'933   23'585   16'574   17'466  12'975   56'245   11'028  65'502  13'076
                                       ZERO_HALF_RB:       5      13    9'874      7    7'175    4'416   10'794   10'595   3'099   18'951    5'193   3'473   3'121
                                      ZERO_HALF_RBP:       2       3    1'976      2    1'420      899    3'115    1'935     349    3'234      682   1'297     335

LNS stats                        Improv/Calls  Closed  Difficulty  TimeLimit
               'graph_arc_lns':       43/6989     51%        1.00       1.42
               'graph_cst_lns':      106/6984     51%        1.00       0.87
               'graph_dec_lns':       42/6989     51%        1.00       1.24
               'graph_var_lns':       55/6989     51%        1.00       1.31
                   'rins/rens':      833/6152     50%        0.88       0.10
                 'rnd_cst_lns':       73/6988     51%        1.00       1.29
                 'rnd_var_lns':       53/6989     51%        1.00       1.17
    'scheduling_intervals_lns':       80/6988     13%        0.00       1.42
  'scheduling_precedences_lns':       79/6988     13%        0.00       1.45
  'scheduling_time_window_lns':       79/6988     13%        0.00       1.42

LS stats                   Batches  Restarts    LinMoves    GenMoves  CompoundMoves  WeightUpdates
       'fj_long_default':        1         1       9'838           0              0            133
   'fj_long_lin_default':        4         1           0       7'591          1'098              2
        'fj_long_random':        3         1      29'684           0              0            316
      'fj_short_default':        1         1           0       2'014            314              0
  'fj_short_lin_default':        3         1           0       5'053            545              0
   'fj_short_lin_random':        1         1           0       2'084            293              0
       'fj_short_random':        3         1           0       5'142            621              0
          'violation_ls':    6'989         0  22'373'218  11'307'430        574'319      2'725'826
          'violation_ls':    6'989         0  33'384'177   8'301'223        419'237      3'760'213

Solutions (81)                      Num     Rank
  'fs_random_quick_restart_no_lp':    1    [1,1]
                  'graph_arc_lns':    4   [7,64]
                  'graph_cst_lns':    6  [39,78]
                  'graph_dec_lns':    1  [44,44]
                  'graph_var_lns':    2   [5,76]
                  'quick_restart':    2  [36,72]
            'quick_restart_no_lp':   34  [15,80]
                    'rins_lp_lns':    2  [14,37]
                  'rins_pump_lns':    1  [35,35]
                    'rnd_cst_lns':    3  [10,46]
                    'rnd_var_lns':    3  [13,81]
       'scheduling_intervals_lns':    2  [31,34]
     'scheduling_precedences_lns':    1  [32,32]
     'scheduling_time_window_lns':    1  [26,26]
                   'violation_ls':   18   [2,74]

Objective bounds                      Num
                        'fs_random':    1
                   'initial_domain':    1
                   'lb_tree_search':   97
                            'no_lp':    6
              'objective_lb_search':    7
       'objective_lb_search_max_lp':   16
        'objective_lb_search_no_lp':  152
  'objective_shaving_search_max_lp':    1
                     'pseudo_costs':    1
              'quick_restart_no_lp':    1
                    'reduced_costs':    5

Solution repositories      Added  Queried  Ignored  Synchro
  'feasible solutions':   67'664  158'947        2   66'162
        'lp solutions':   95'964    3'438        0   72'520
                'pump':  146'738    3'551

Improving bounds shared                Num
                           'core':      20
                     'default_lp':   1'555
  'fs_random_quick_restart_no_lp':      89
                 'lb_tree_search':     216
                         'max_lp':     206
                          'no_lp':   4'107
            'objective_lb_search':     109
     'objective_lb_search_max_lp':     332
      'objective_lb_search_no_lp':      28
                        'probing':   5'229
                 'probing_max_lp':   3'118
                   'pseudo_costs':     934
                  'quick_restart':   1'693
            'quick_restart_no_lp':  13'540
                  'reduced_costs':   1'323

Clauses shared                   Num
                        'core':   31
                  'default_lp':  177
              'lb_tree_search':   93
                      'max_lp':   56
                       'no_lp':  358
         'objective_lb_search':   68
  'objective_lb_search_max_lp':  135
   'objective_lb_search_no_lp':   36
                     'probing':    1
                'pseudo_costs':   42
               'quick_restart':   55
         'quick_restart_no_lp':   65
               'reduced_costs':   22

CpSolverResponse summary:
status: OPTIMAL
objective: 1675
best_bound: 1675
integers: 623
booleans: 136
conflicts: 0
branches: 288
propagations: 40
integer_propagations: 14594
restarts: 272
lp_iterations: 839
walltime: 12260
usertime: 12260
deterministic_time: 98730.9
gap_integral: 175567
solution_fingerprint: 0x4aba406b3e61e9d4


--- Simulation Gantt  partir du modle mathmatique ---
