created virtual environment CPython3.12.4.final.0-64 in 633ms
  creator CPython3Posix(dest=/localscratch/aneumann.45381422.0/env, clear=False, no_vcs_ignore=False, global=False)
  seeder FromAppData(download=False, pip=bundle, via=copy, app_data_dir=/home/aneumann/.local/share/virtualenv)
    added seed packages: pip==24.2+computecanada
  activators BashActivator,CShellActivator,FishActivator,NushellActivator,PowerShellActivator,PythonActivator
Looking in links: /cvmfs/soft.computecanada.ca/custom/python/wheelhouse/gentoo2023/x86-64-v3, /cvmfs/soft.computecanada.ca/custom/python/wheelhouse/gentoo2023/generic, /cvmfs/soft.computecanada.ca/custom/python/wheelhouse/generic
Requirement already satisfied: pip in /localscratch/aneumann.45381422.0/env/lib/python3.12/site-packages (24.2+computecanada)
Processing /cvmfs/soft.computecanada.ca/custom/python/wheelhouse/generic/pip-25.0+computecanada-py3-none-any.whl
Installing collected packages: pip
  Attempting uninstall: pip
    Found existing installation: pip 24.2+computecanada
    Uninstalling pip-24.2+computecanada:
      Successfully uninstalled pip-24.2+computecanada
Successfully installed pip-25.0+computecanada
Looking in links: /cvmfs/soft.computecanada.ca/custom/python/wheelhouse/gentoo2023/x86-64-v3, /cvmfs/soft.computecanada.ca/custom/python/wheelhouse/gentoo2023/generic, /cvmfs/soft.computecanada.ca/custom/python/wheelhouse/generic
ERROR: protobuf-5.28.3-cp38-abi3-manylinux2014_x86_64.whl is not a supported wheel on this platform.
Looking in links: /cvmfs/soft.computecanada.ca/custom/python/wheelhouse/gentoo2023/x86-64-v3, /cvmfs/soft.computecanada.ca/custom/python/wheelhouse/gentoo2023/generic, /cvmfs/soft.computecanada.ca/custom/python/wheelhouse/generic
Processing /home/aneumann/projects/def-adhaj/aneumann/GNRS/wheels/immutabledict-4.2.0-py3-none-any.whl
Installing collected packages: immutabledict
Successfully installed immutabledict-4.2.0
Looking in links: /cvmfs/soft.computecanada.ca/custom/python/wheelhouse/gentoo2023/x86-64-v3, /cvmfs/soft.computecanada.ca/custom/python/wheelhouse/gentoo2023/generic, /cvmfs/soft.computecanada.ca/custom/python/wheelhouse/generic
Processing /cvmfs/soft.computecanada.ca/custom/python/wheelhouse/generic/ortools-9.10.4067+computecanada-cp312-cp312-linux_x86_64.whl (from -r /home/aneumann/projects/def-adhaj/aneumann/GNRS/requirements/or.txt (line 1))
Processing /cvmfs/soft.computecanada.ca/custom/python/wheelhouse/gentoo2023/x86-64-v3/matplotlib-3.10.0+computecanada-cp312-cp312-linux_x86_64.whl (from -r /home/aneumann/projects/def-adhaj/aneumann/GNRS/requirements/or.txt (line 2))
Processing /cvmfs/soft.computecanada.ca/custom/python/wheelhouse/gentoo2023/x86-64-v3/pandas-2.2.3+computecanada-cp312-cp312-linux_x86_64.whl (from -r /home/aneumann/projects/def-adhaj/aneumann/GNRS/requirements/or.txt (line 3))
Processing /cvmfs/soft.computecanada.ca/custom/python/wheelhouse/generic/absl_py-2.3.0+computecanada-py3-none-any.whl (from ortools<9.11,>=9.10->-r /home/aneumann/projects/def-adhaj/aneumann/GNRS/requirements/or.txt (line 1))
Processing /cvmfs/soft.computecanada.ca/custom/python/wheelhouse/gentoo2023/generic/numpy-2.2.2+computecanada-cp312-cp312-linux_x86_64.whl (from ortools<9.11,>=9.10->-r /home/aneumann/projects/def-adhaj/aneumann/GNRS/requirements/or.txt (line 1))
Processing /cvmfs/soft.computecanada.ca/custom/python/wheelhouse/gentoo2023/x86-64-v3/protobuf-6.31.1+computecanada-cp312-cp312-linux_x86_64.whl (from ortools<9.11,>=9.10->-r /home/aneumann/projects/def-adhaj/aneumann/GNRS/requirements/or.txt (line 1))
Requirement already satisfied: immutabledict>=3.0.0 in /localscratch/aneumann.45381422.0/env/lib/python3.12/site-packages (from ortools<9.11,>=9.10->-r /home/aneumann/projects/def-adhaj/aneumann/GNRS/requirements/or.txt (line 1)) (4.2.0)
Processing /cvmfs/soft.computecanada.ca/custom/python/wheelhouse/gentoo2023/generic/contourpy-1.3.1+computecanada-cp312-cp312-linux_x86_64.whl (from matplotlib->-r /home/aneumann/projects/def-adhaj/aneumann/GNRS/requirements/or.txt (line 2))
Processing /cvmfs/soft.computecanada.ca/custom/python/wheelhouse/generic/cycler-0.12.1+computecanada-py3-none-any.whl (from matplotlib->-r /home/aneumann/projects/def-adhaj/aneumann/GNRS/requirements/or.txt (line 2))
Processing /cvmfs/soft.computecanada.ca/custom/python/wheelhouse/generic/fonttools-4.58.4+computecanada-cp312-cp312-linux_x86_64.whl (from matplotlib->-r /home/aneumann/projects/def-adhaj/aneumann/GNRS/requirements/or.txt (line 2))
Processing /cvmfs/soft.computecanada.ca/custom/python/wheelhouse/gentoo2023/x86-64-v3/kiwisolver-1.4.8+computecanada-cp312-cp312-linux_x86_64.whl (from matplotlib->-r /home/aneumann/projects/def-adhaj/aneumann/GNRS/requirements/or.txt (line 2))
Processing /cvmfs/soft.computecanada.ca/custom/python/wheelhouse/generic/packaging-25.0+computecanada-py3-none-any.whl (from matplotlib->-r /home/aneumann/projects/def-adhaj/aneumann/GNRS/requirements/or.txt (line 2))
Processing /cvmfs/soft.computecanada.ca/custom/python/wheelhouse/gentoo2023/x86-64-v3/pillow-11.1.0+computecanada-cp312-cp312-linux_x86_64.whl (from matplotlib->-r /home/aneumann/projects/def-adhaj/aneumann/GNRS/requirements/or.txt (line 2))
Processing /cvmfs/soft.computecanada.ca/custom/python/wheelhouse/generic/pyparsing-3.2.3+computecanada-py3-none-any.whl (from matplotlib->-r /home/aneumann/projects/def-adhaj/aneumann/GNRS/requirements/or.txt (line 2))
Processing /cvmfs/soft.computecanada.ca/custom/python/wheelhouse/generic/python_dateutil-2.9.0.post0+computecanada-py2.py3-none-any.whl (from matplotlib->-r /home/aneumann/projects/def-adhaj/aneumann/GNRS/requirements/or.txt (line 2))
Processing /cvmfs/soft.computecanada.ca/custom/python/wheelhouse/generic/pytz-2025.2+computecanada-py2.py3-none-any.whl (from pandas->-r /home/aneumann/projects/def-adhaj/aneumann/GNRS/requirements/or.txt (line 3))
Processing /cvmfs/soft.computecanada.ca/custom/python/wheelhouse/generic/tzdata-2025.2+computecanada-py2.py3-none-any.whl (from pandas->-r /home/aneumann/projects/def-adhaj/aneumann/GNRS/requirements/or.txt (line 3))
Processing /cvmfs/soft.computecanada.ca/custom/python/wheelhouse/generic/six-1.17.0+computecanada-py2.py3-none-any.whl (from python-dateutil>=2.7->matplotlib->-r /home/aneumann/projects/def-adhaj/aneumann/GNRS/requirements/or.txt (line 2))
Installing collected packages: pytz, tzdata, six, pyparsing, protobuf, pillow, packaging, numpy, kiwisolver, fonttools, cycler, absl-py, python-dateutil, contourpy, pandas, matplotlib, ortools
Successfully installed absl-py-2.3.0+computecanada contourpy-1.3.1+computecanada cycler-0.12.1+computecanada fonttools-4.58.4+computecanada kiwisolver-1.4.8+computecanada matplotlib-3.10.0+computecanada numpy-2.2.2+computecanada ortools-9.10.4067+computecanada packaging-25.0+computecanada pandas-2.2.3+computecanada pillow-11.1.0+computecanada protobuf-6.31.1+computecanada pyparsing-3.2.3+computecanada python-dateutil-2.9.0.post0+computecanada pytz-2025.2+computecanada six-1.17.0+computecanada tzdata-2025.2+computecanada

Starting CP-SAT solver v9.10.4067
Parameters: max_time_in_seconds: 86400 max_memory_in_mb: 185000 log_search_progress: true enumerate_all_solutions: false num_search_workers: 32 absolute_gap_limit: 0 relative_gap_limit: 0

Initial optimization model '': (model_fingerprint: 0xbfcaa04e8da82a0a)
#Variables: 466 (#ints: 11 in objective)
  - 345 Booleans in [0,1]
  - 121 in [0,913]
#kLinear1: 55
#kLinear2: 950
#kLinear3: 310
#kLinearN: 6'380 (#terms: 119'069)

Starting presolve at 0.00s
  5.26e-03s  0.00e+00d  [DetectDominanceRelations] 
  1.08e-01s  0.00e+00d  [PresolveToFixPoint] #num_loops=6 #num_dual_strengthening=3 
  4.48e-05s  0.00e+00d  [ExtractEncodingFromLinear] #potential_supersets=4 
[Symmetry] Graph for symmetry has 7'543 nodes and 98'081 arcs.
[Symmetry] Symmetry computation done. time: 0.00506934 dtime: 0.00842099
[Symmetry] #generators: 1, average support size: 28
[Symmetry] The model contains 568 duplicate constraints !
[Symmetry] 14 orbits with sizes: 2,2,2,2,2,2,2,2,2,2,...
[Symmetry] Num fixable by intersecting at_most_one with orbits: 1 largest_orbit: 2
  2.80e-02s  5.94e-03d  [Probe] #probed=518 #fixed_bools=5 #new_bounds=27 #equiv=1 
  6.43e-05s  0.00e+00d  [MaxClique] 
  5.14e-03s  0.00e+00d  [DetectDominanceRelations] 
  5.85e-02s  0.00e+00d  [PresolveToFixPoint] #num_loops=4 #num_dual_strengthening=3 
  2.09e-02s  0.00e+00d  [ProcessAtMostOneAndLinear] 
  6.76e-03s  0.00e+00d  [DetectDuplicateConstraints] #duplicates=663 #without_enforcements=47 
  5.69e-03s  4.54e-04d  [DetectDominatedLinearConstraints] #relevant_constraints=5'618 #num_inclusions=1'333 #num_redundant=1 
  7.25e-04s  0.00e+00d  [DetectDifferentVariables] #different=52 
  1.64e-03s  1.55e-04d  [ProcessSetPPC] #relevant_constraints=5'168 
  3.45e-05s  0.00e+00d  [FindAlmostIdenticalLinearConstraints] 
  2.96e-04s  4.88e-04d  [FindBigAtMostOneAndLinearOverlap] 
  1.89e-02s  1.16e-02d  [FindBigVerticalLinearOverlap] #blocks=98 #saved_nz=19'286 
  7.38e-04s  3.39e-04d  [FindBigHorizontalLinearOverlap] #linears=5'046 
  2.60e-05s  0.00e+00d  [MergeClauses] 
  4.99e-03s  0.00e+00d  [DetectDominanceRelations] 
  5.35e-02s  0.00e+00d  [PresolveToFixPoint] #num_loops=2 #num_dual_strengthening=1 
  5.03e-03s  0.00e+00d  [DetectDominanceRelations] 
  3.20e-02s  0.00e+00d  [PresolveToFixPoint] #num_loops=1 #num_dual_strengthening=1 
[Symmetry] Graph for symmetry has 7'141 nodes and 76'642 arcs.
[Symmetry] Symmetry computation done. time: 0.00203781 dtime: 0.00448311
  2.51e-02s  5.08e-03d  [Probe] #probed=508 #new_bounds=94 
  1.64e-05s  0.00e+00d  [MaxClique] 
  5.05e-03s  0.00e+00d  [DetectDominanceRelations] 
  5.22e-02s  0.00e+00d  [PresolveToFixPoint] #num_loops=2 #num_dual_strengthening=1 
  1.91e-02s  0.00e+00d  [ProcessAtMostOneAndLinear] 
  5.97e-03s  0.00e+00d  [DetectDuplicateConstraints] #without_enforcements=47 
  3.88e-03s  3.10e-04d  [DetectDominatedLinearConstraints] #relevant_constraints=5'543 #num_inclusions=127 
  6.54e-04s  0.00e+00d  [DetectDifferentVariables] #different=65 
  1.49e-03s  1.15e-04d  [ProcessSetPPC] #relevant_constraints=5'012 
  4.47e-05s  3.80e-07d  [FindAlmostIdenticalLinearConstraints] #num_tested_pairs=24 
  1.21e-04s  1.60e-04d  [FindBigAtMostOneAndLinearOverlap] 
  1.14e-02s  7.50e-03d  [FindBigVerticalLinearOverlap] #blocks=123 #saved_nz=18'469 
  6.07e-04s  2.32e-04d  [FindBigHorizontalLinearOverlap] #linears=4'315 
  2.12e-05s  0.00e+00d  [MergeClauses] 
  3.93e-03s  0.00e+00d  [DetectDominanceRelations] 
  5.59e-02s  0.00e+00d  [PresolveToFixPoint] #num_loops=3 #num_dual_strengthening=1 
  3.98e-03s  0.00e+00d  [DetectDominanceRelations] 
  3.62e-02s  0.00e+00d  [PresolveToFixPoint] #num_loops=1 #num_dual_strengthening=1 
[Symmetry] Graph for symmetry has 7'470 nodes and 58'262 arcs.
[Symmetry] Symmetry computation done. time: 0.0016599 dtime: 0.00354187
  2.26e-02s  4.05e-03d  [Probe] #probed=508 #new_bounds=88 
  1.65e-05s  0.00e+00d  [MaxClique] 
  4.02e-03s  0.00e+00d  [DetectDominanceRelations] 
  5.13e-02s  0.00e+00d  [PresolveToFixPoint] #num_loops=2 #num_dual_strengthening=1 
  1.63e-02s  0.00e+00d  [ProcessAtMostOneAndLinear] 
  5.43e-03s  0.00e+00d  [DetectDuplicateConstraints] #without_enforcements=47 
  3.07e-03s  2.33e-04d  [DetectDominatedLinearConstraints] #relevant_constraints=5'542 #num_inclusions=76 
  6.64e-04s  0.00e+00d  [DetectDifferentVariables] #different=68 #cliques=1 #size=3 
  1.08e-03s  7.50e-05d  [ProcessSetPPC] #relevant_constraints=4'302 
  7.10e-05s  4.27e-06d  [FindAlmostIdenticalLinearConstraints] #num_tested_pairs=127 
  1.18e-04s  1.30e-04d  [FindBigAtMostOneAndLinearOverlap] 
  8.00e-03s  4.74e-03d  [FindBigVerticalLinearOverlap] #blocks=95 #saved_nz=12'441 
  5.49e-04s  1.58e-04d  [FindBigHorizontalLinearOverlap] #linears=3'748 
  2.15e-05s  0.00e+00d  [MergeClauses] 
  3.29e-03s  0.00e+00d  [DetectDominanceRelations] 
  4.99e-02s  0.00e+00d  [PresolveToFixPoint] #num_loops=3 #num_dual_strengthening=1 
  1.92e-04s  0.00e+00d  [ExpandObjective] #entries=1'998 #tight_variables=423 #tight_constraints=245 

Presolve summary:
  - 114 affine relations were detected.
  - rule 'TODO dual: only one blocking constraint?' was applied 1'063 times.
  - rule 'TODO dual: only one unspecified blocking constraint?' was applied 143 times.
  - rule 'TODO duplicate: identical constraint with different enforcements' was applied 141 times.
  - rule 'TODO no_overlap: with task always last' was applied 1 time.
  - rule 'affine: new relation' was applied 114 times.
  - rule 'all_diff: inferred from x != y constraints' was applied 1 time.
  - rule 'at_most_one: removed literals' was applied 3 times.
  - rule 'at_most_one: size one' was applied 3 times.
  - rule 'deductions: 578 stored' was applied 1 time.
  - rule 'dual: fix variable' was applied 30 times.
  - rule 'dual: reduced domain' was applied 59 times.
  - rule 'duplicate: merged rhs of linear constraint' was applied 97 times.
  - rule 'duplicate: removed constraint' was applied 663 times.
  - rule 'enforcement: false literal' was applied 33 times.
  - rule 'enforcement: true literal' was applied 24 times.
  - rule 'exactly_one: x and not(x)' was applied 1 time.
  - rule 'incompatible linear: add implication' was applied 63 times.
  - rule 'linear inclusion: redundant containing constraint' was applied 1 time.
  - rule 'linear matrix: common vertical rectangle' was applied 316 times.
  - rule 'linear: always true' was applied 916 times.
  - rule 'linear: doubleton free' was applied 15 times.
  - rule 'linear: empty' was applied 42 times.
  - rule 'linear: extracted enforcement literal' was applied 6'779 times.
  - rule 'linear: fixed or dup variables' was applied 6'610 times.
  - rule 'linear: positive equal one' was applied 4 times.
  - rule 'linear: reduced variable domains' was applied 437 times.
  - rule 'linear: remapped using affine relations' was applied 6'468 times.
  - rule 'linear: simplified rhs' was applied 25'958 times.
  - rule 'linear: variable substitution 1' was applied 15 times.
  - rule 'linear: variable substitution 2' was applied 29 times.
  - rule 'linear: variable substitution 3' was applied 4 times.
  - rule 'presolve: 121 unused variables removed.' was applied 1 time.
  - rule 'presolve: iteration' was applied 3 times.
  - rule 'probing: reduced enforced constraint to implication.' was applied 3 times.
  - rule 'symmetry: fixed to false in general orbit' was applied 1 time.

Presolved optimization model '': (model_fingerprint: 0x538c09a40f7f0920)
#Variables: 499 (#ints: 11 in objective)
  - 125 Booleans in [0,1]
  - 306 different domains in [-13569,10728] with a largest complexity of 16.
#kAllDiff: 1
#kExactlyOne: 3 (#literals: 9)
#kLinear2: 691 (#enforced: 600 #multi: 347)
#kLinear3: 1'312 (#enforced: 1'160)
#kLinearN: 4'185 (#enforced: 3'886) (#terms: 33'372)

Preloading model.
#Bound   0.75s best:inf   next:[232,8784] initial_domain
#Model   0.76s var:499/499 constraints:6192/6192

Starting search at 0.76s with 32 workers.
16 full problem subsolvers: [core, default_lp, lb_tree_search, max_lp, no_lp, objective_lb_search, objective_lb_search_max_lp, objective_lb_search_no_lp, objective_shaving_search_max_lp, objective_shaving_search_no_lp, probing, probing_max_lp, pseudo_costs, quick_restart, quick_restart_no_lp, reduced_costs]
14 first solution subsolvers: [fj_long_default, fj_long_lin_default, fj_long_random, fj_short_default, fj_short_lin_default, fj_short_lin_random, fj_short_random, fs_random(2), fs_random_no_lp(2), fs_random_quick_restart(2), fs_random_quick_restart_no_lp]
11 incomplete subsolvers: [feasibility_pump, graph_arc_lns, graph_cst_lns, graph_dec_lns, graph_var_lns, rins/rens, rnd_cst_lns, rnd_var_lns, violation_ls(3)]
3 helper subsolvers: [neighborhood_helper, synchronization_agent, update_gap_integral]
#Bound   1.05s best:inf   next:[233,8784] objective_shaving_search_max_lp (vars=499 csts=6195)
#Bound   1.07s best:inf   next:[273,8784] objective_lb_search_no_lp
#Bound   1.11s best:inf   next:[278,8784] objective_lb_search_no_lp
#Bound   1.12s best:inf   next:[281,8784] objective_lb_search_no_lp
#Bound   1.13s best:inf   next:[285,8784] objective_lb_search_no_lp
#Bound   1.13s best:inf   next:[287,8784] objective_lb_search_no_lp
#Bound   1.13s best:inf   next:[316,8784] objective_lb_search_no_lp
#Bound   1.14s best:inf   next:[338,8784] objective_lb_search_no_lp
#Bound   1.16s best:inf   next:[457,8784] objective_lb_search_no_lp
#Bound   1.18s best:inf   next:[458,8784] objective_lb_search_no_lp
#Bound   1.24s best:inf   next:[472,8784] objective_lb_search_no_lp
#Bound   1.26s best:inf   next:[476,8784] objective_lb_search_no_lp
#Bound   1.50s best:inf   next:[540,8784] objective_lb_search_no_lp
#1       1.59s best:8784  next:[540,8783] quick_restart_no_lp (fixed_bools=0/177)
#2       1.60s best:8123  next:[540,8122] quick_restart_no_lp (fixed_bools=0/185)
#Bound   1.60s best:8123  next:[558,8122] objective_lb_search_no_lp
#3       1.61s best:7923  next:[558,7922] quick_restart_no_lp (fixed_bools=0/187)
#4       1.63s best:5289  next:[558,5288] quick_restart_no_lp (fixed_bools=0/227)
#5       1.64s best:5284  next:[558,5283] quick_restart_no_lp (fixed_bools=0/234)
#6       1.65s best:3238  next:[558,3237] objective_lb_search_no_lp (fixed_bools=13/177)
#7       1.66s best:3233  next:[558,3232] quick_restart_no_lp (fixed_bools=0/290)
#8       1.77s best:3231  next:[558,3230] quick_restart_no_lp (fixed_bools=0/302)
#9       1.78s best:3230  next:[558,3229] violation_ls(batch:1 #solutions_imported:1 #lin_moves:19 #lin_evals:92 #weight_updates:10)
#10      1.78s best:3229  next:[558,3228] violation_ls(batch:1 #solutions_imported:1 #lin_moves:0 #lin_evals:5 #gen_moves:3 #gen_evals:0 #comp_moves:3 #backtracks:0 #weight_updates:0)
#11      1.78s best:3223  next:[558,3222] no_lp (fixed_bools=0/183)
#12      1.80s best:3079  next:[558,3078] no_lp (fixed_bools=0/190)
#13      1.82s best:3074  next:[558,3073] quick_restart_no_lp (fixed_bools=0/355)
#Bound   1.83s best:3074  next:[560,3073] objective_lb_search_no_lp
#14      1.85s best:3065  next:[560,3064] no_lp (fixed_bools=0/198)
#Bound   1.86s best:3065  next:[578,3064] objective_lb_search_no_lp
#15      1.87s best:3028  next:[578,3027] no_lp (fixed_bools=0/208)
#16      1.88s best:2930  next:[578,2929] no_lp (fixed_bools=0/220)
#17      1.92s best:2925  next:[578,2924] no_lp (fixed_bools=0/227)
#18      2.00s best:2908  next:[578,2907] no_lp (fixed_bools=0/242)
#19      2.02s best:2892  next:[578,2891] no_lp (fixed_bools=0/253)
#20      2.08s best:2867  next:[578,2866] quick_restart_no_lp (fixed_bools=0/402)
#21      2.15s best:2866  next:[578,2865] violation_ls(batch:1 #solutions_imported:1 #lin_moves:0 #lin_evals:40 #gen_moves:20 #gen_evals:3 #comp_moves:2 #backtracks:9 #weight_updates:0)
#22      2.15s best:2865  next:[578,2864] violation_ls(batch:2 #solutions_imported:2 #lin_moves:0 #lin_evals:54 #gen_moves:27 #gen_evals:3 #comp_moves:3 #backtracks:12 #weight_updates:0)
#23      2.15s best:2864  next:[578,2863] violation_ls(batch:3 #solutions_imported:3 #lin_moves:0 #lin_evals:70 #gen_moves:35 #gen_evals:6 #comp_moves:5 #backtracks:15 #weight_updates:0)
#24      2.16s best:2863  next:[578,2862] violation_ls(batch:4 #solutions_imported:4 #lin_moves:0 #lin_evals:73 #gen_moves:36 #gen_evals:6 #comp_moves:6 #backtracks:15 #weight_updates:0)
#25      2.16s best:2862  next:[578,2861] violation_ls(batch:5 #solutions_imported:5 #lin_moves:0 #lin_evals:87 #gen_moves:44 #gen_evals:6 #comp_moves:8 #backtracks:18 #weight_updates:0)
#26      2.16s best:2861  next:[578,2860] violation_ls(batch:6 #solutions_imported:6 #lin_moves:0 #lin_evals:91 #gen_moves:45 #gen_evals:6 #comp_moves:9 #backtracks:18 #weight_updates:0)
#27      2.18s best:2860  next:[578,2859] violation_ls(batch:7 #solutions_imported:7 #lin_moves:14 #lin_evals:166 #gen_moves:45 #gen_evals:6 #comp_moves:9 #backtracks:18 #weight_updates:13)
#28      2.18s best:2859  next:[578,2858] violation_ls(batch:7 #solutions_imported:7 #lin_moves:9'720 #lin_evals:116'271 #gen_moves:27'283 #gen_evals:2'050 #comp_moves:2'956 #backtracks:12'162 #weight_updates:596)
#29      2.23s best:2769  next:[578,2768] graph_arc_lns (d=0.91 s=74 t=0.10 p=1.00 stall=4 h=auto_l0) [hint]
#30      2.23s best:2758  next:[578,2757] quick_restart_no_lp (fixed_bools=0/423)
#31      2.25s best:2757  next:[578,2756] quick_restart_no_lp (fixed_bools=0/423)
#32      2.26s best:2756  next:[578,2755] violation_ls(batch:8 #solutions_imported:8 #lin_moves:9'726 #lin_evals:116'304 #gen_moves:27'283 #gen_evals:2'050 #comp_moves:2'956 #backtracks:12'162 #weight_updates:599)
#33      2.26s best:2755  next:[578,2754] violation_ls(batch:8 #solutions_imported:7 #lin_moves:15'590 #lin_evals:129'379 #gen_moves:19'176 #gen_evals:1'245 #comp_moves:976 #backtracks:9'098 #weight_updates:14'695)
#34      2.29s best:2754  next:[578,2753] violation_ls(batch:8 #solutions_imported:8 #lin_moves:16 #lin_evals:184 #gen_moves:45 #gen_evals:6 #comp_moves:9 #backtracks:18 #weight_updates:14)
#35      2.29s best:2749  next:[578,2748] graph_dec_lns (d=0.88 s=92 t=0.10 p=1.00 stall=3 h=auto_l0) [presolve]
#36      2.35s best:2747  next:[578,2746] violation_ls(batch:9 #solutions_imported:9 #lin_moves:9'726 #lin_evals:116'325 #gen_moves:27'296 #gen_evals:2'050 #comp_moves:2'957 #backtracks:12'168 #weight_updates:599)
#37      2.38s best:2745  next:[578,2744] violation_ls(batch:9 #solutions_imported:9 #lin_moves:16 #lin_evals:220 #gen_moves:64 #gen_evals:8 #comp_moves:10 #backtracks:27 #weight_updates:14)
#38      2.38s best:2744  next:[578,2743] rnd_cst_lns (d=0.91 s=97 t=0.10 p=1.00 stall=4 h=auto_l0) [presolve]
#39      2.40s best:2738  next:[578,2737] graph_var_lns (d=0.94 s=98 t=0.10 p=1.00 stall=0 h=auto_l0) [presolve]
#40      2.42s best:2733  next:[578,2732] graph_dec_lns (d=0.94 s=101 t=0.10 p=1.00 stall=1 h=auto_l0)
#41      2.47s best:2732  next:[578,2731] violation_ls(batch:10 #solutions_imported:10 #lin_moves:9'790 #lin_evals:116'641 #gen_moves:27'296 #gen_evals:2'050 #comp_moves:2'957 #backtracks:12'168 #weight_updates:640)
#42      2.48s best:2731  next:[578,2730] violation_ls(batch:10 #solutions_imported:9 #lin_moves:15'591 #lin_evals:129'406 #gen_moves:19'183 #gen_evals:1'245 #comp_moves:977 #backtracks:9'101 #weight_updates:14'695)
#Bound   2.60s best:2731  next:[582,2730] objective_lb_search_no_lp
#43      2.67s best:2730  next:[582,2729] violation_ls(batch:11 #solutions_imported:11 #lin_moves:9'890 #lin_evals:117'192 #gen_moves:27'296 #gen_evals:2'050 #comp_moves:2'957 #backtracks:12'168 #weight_updates:700)
#44      2.68s best:2729  next:[582,2728] violation_ls(batch:11 #solutions_imported:10 #lin_moves:15'591 #lin_evals:129'470 #gen_moves:19'212 #gen_evals:1'248 #comp_moves:980 #backtracks:9'114 #weight_updates:14'695)
#45      2.69s best:2711  next:[582,2710] graph_dec_lns (d=0.98 s=119 t=0.10 p=1.00 stall=0 h=auto_l0)
#46      2.71s best:2696  next:[582,2695] quick_restart_no_lp (fixed_bools=1/498)
#47      2.78s best:2681  next:[582,2680] quick_restart_no_lp (fixed_bools=1/507)
#48      2.78s best:2669  next:[582,2668] quick_restart_no_lp (fixed_bools=1/520)
#49      2.80s best:2642  next:[582,2641] graph_var_lns (d=0.98 s=126 t=0.10 p=1.00 stall=0 h=auto_l0)
#50      2.84s best:2638  next:[582,2637] quick_restart_no_lp (fixed_bools=1/556)
#51      2.85s best:2629  next:[582,2628] quick_restart_no_lp (fixed_bools=1/570)
#52      2.89s best:2606  next:[582,2605] quick_restart_no_lp (fixed_bools=1/576)
#53      2.90s best:2595  next:[582,2594] quick_restart_no_lp (fixed_bools=1/604)
#54      2.92s best:2594  next:[582,2593] violation_ls(batch:12 #solutions_imported:12 #lin_moves:9'890 #lin_evals:117'307 #gen_moves:27'347 #gen_evals:2'052 #comp_moves:2'960 #backtracks:12'192 #weight_updates:700)
#55      2.92s best:2593  next:[582,2592] violation_ls(batch:12 #solutions_imported:11 #lin_moves:15'591 #lin_evals:129'606 #gen_moves:19'268 #gen_evals:1'250 #comp_moves:982 #backtracks:9'141 #weight_updates:14'695)
#56      2.92s best:2592  next:[582,2591] violation_ls(batch:12 #solutions_imported:12 #lin_moves:9'843 #lin_evals:61'427 #gen_moves:5'796 #gen_evals:312 #comp_moves:306 #backtracks:2'745 #weight_updates:348)
#57      3.05s best:2477  next:[582,2476] graph_arc_lns (d=0.97 s=117 t=0.10 p=1.00 stall=0 h=auto_l0)
#58      3.07s best:2461  next:[582,2460] quick_restart_no_lp (fixed_bools=1/625)
#59      3.22s best:2456  next:[582,2455] quick_restart_no_lp (fixed_bools=1/642)
#60      3.24s best:2361  next:[582,2360] graph_dec_lns (d=0.99 s=141 t=0.10 p=1.00 stall=1 h=auto_l0)
#61      3.26s best:2329  next:[582,2328] quick_restart_no_lp (fixed_bools=1/685)
#62      3.27s best:2327  next:[582,2326] quick_restart_no_lp (fixed_bools=1/688)
#63      3.27s best:2325  next:[582,2324] violation_ls(batch:13 #solutions_imported:13 #lin_moves:9'890 #lin_evals:117'310 #gen_moves:27'348 #gen_evals:2'052 #comp_moves:2'961 #backtracks:12'192 #weight_updates:700)
#64      3.27s best:2323  next:[582,2322] violation_ls(batch:13 #solutions_imported:12 #lin_moves:15'592 #lin_evals:129'614 #gen_moves:19'268 #gen_evals:1'250 #comp_moves:982 #backtracks:9'141 #weight_updates:14'695)
#65      3.27s best:2321  next:[582,2320] violation_ls(batch:13 #solutions_imported:13 #lin_moves:9'844 #lin_evals:61'438 #gen_moves:5'796 #gen_evals:312 #comp_moves:306 #backtracks:2'745 #weight_updates:348)
#66      3.33s best:2256  next:[582,2255] quick_restart_no_lp (fixed_bools=1/693)
#67      3.37s best:2250  next:[582,2249] quick_restart_no_lp (fixed_bools=1/706)
#Bound   3.37s best:2250  next:[598,2249] objective_lb_search
#68      3.39s best:2248  next:[598,2247] violation_ls(batch:14 #solutions_imported:14 #lin_moves:9'891 #lin_evals:117'321 #gen_moves:27'348 #gen_evals:2'052 #comp_moves:2'961 #backtracks:12'192 #weight_updates:700)
#69      3.39s best:2247  next:[598,2246] violation_ls(batch:14 #solutions_imported:13 #lin_moves:15'592 #lin_evals:129'655 #gen_moves:19'292 #gen_evals:1'250 #comp_moves:986 #backtracks:9'151 #weight_updates:14'695)
#70      3.39s best:2245  next:[598,2244] violation_ls(batch:14 #solutions_imported:14 #lin_moves:9'844 #lin_evals:61'473 #gen_moves:5'815 #gen_evals:315 #comp_moves:307 #backtracks:2'754 #weight_updates:348)
#Bound   3.52s best:2245  next:[606,2244] objective_lb_search_max_lp
#71      3.61s best:2229  next:[606,2228] quick_restart_no_lp (fixed_bools=1/724)
#72      3.67s best:2228  next:[606,2227] quick_restart_no_lp (fixed_bools=1/728)
#73      3.69s best:2227  next:[606,2226] quick_restart_no_lp (fixed_bools=1/731)
#74      3.71s best:2071  next:[606,2070] graph_var_lns (d=0.99 s=159 t=0.10 p=1.00 stall=0 h=auto_l0)
#75      3.72s best:2070  next:[606,2069] violation_ls(batch:15 #solutions_imported:15 #lin_moves:10'335 #lin_evals:119'402 #gen_moves:27'348 #gen_evals:2'052 #comp_moves:2'961 #backtracks:12'192 #weight_updates:975)
#76      3.72s best:2069  next:[606,2068] violation_ls(batch:15 #solutions_imported:14 #lin_moves:15'594 #lin_evals:129'672 #gen_moves:19'292 #gen_evals:1'250 #comp_moves:986 #backtracks:9'151 #weight_updates:14'696)
#77      3.73s best:2068  next:[606,2067] violation_ls(batch:15 #solutions_imported:15 #lin_moves:9'859 #lin_evals:61'563 #gen_moves:5'815 #gen_evals:315 #comp_moves:307 #backtracks:2'754 #weight_updates:361)
#78      3.76s best:2042  next:[606,2041] graph_var_lns (d=0.98 s=138 t=0.10 p=1.00 stall=0 h=auto_l0)
#79      3.76s best:2034  next:[606,2033] graph_arc_lns (d=0.98 s=175 t=0.10 p=0.90 stall=0 h=auto_l0)
#80      3.93s best:2032  next:[606,2031] quick_restart_no_lp (fixed_bools=1/788)
#81      3.93s best:2008  next:[606,2007] graph_dec_lns (d=0.99 s=177 t=0.10 p=1.00 stall=0 h=auto_l0)
#82      3.94s best:2007  next:[606,2006] violation_ls(batch:16 #solutions_imported:16 #lin_moves:10'587 #lin_evals:120'594 #gen_moves:27'348 #gen_evals:2'052 #comp_moves:2'961 #backtracks:12'192 #weight_updates:1'108)
#83      3.95s best:2006  next:[606,2005] violation_ls(batch:16 #solutions_imported:15 #lin_moves:15'686 #lin_evals:130'115 #gen_moves:19'292 #gen_evals:1'250 #comp_moves:986 #backtracks:9'151 #weight_updates:14'752)
#Bound   3.96s best:2006  next:[607,2005] objective_lb_search_max_lp
#84      3.96s best:2005  next:[607,2004] violation_ls(batch:16 #solutions_imported:16 #lin_moves:9'859 #lin_evals:61'596 #gen_moves:5'832 #gen_evals:319 #comp_moves:310 #backtracks:2'761 #weight_updates:361)
#Bound   4.00s best:2005  next:[849,2004] objective_lb_search_no_lp
#85      4.12s best:1987  next:[849,1986] graph_arc_lns (d=0.99 s=185 t=0.10 p=0.92 stall=0 h=auto_l0)
#86      4.12s best:1986  next:[849,1985] violation_ls(batch:17 #solutions_imported:17 #lin_moves:10'608 #lin_evals:120'702 #gen_moves:27'348 #gen_evals:2'052 #comp_moves:2'961 #backtracks:12'192 #weight_updates:1'119)
#87      4.12s best:1985  next:[849,1984] violation_ls(batch:17 #solutions_imported:16 #lin_moves:15'719 #lin_evals:130'278 #gen_moves:19'292 #gen_evals:1'250 #comp_moves:986 #backtracks:9'151 #weight_updates:14'768)
#88      4.12s best:1984  next:[849,1983] violation_ls(batch:17 #solutions_imported:17 #lin_moves:9'866 #lin_evals:61'631 #gen_moves:5'832 #gen_evals:319 #comp_moves:310 #backtracks:2'761 #weight_updates:365)
#89      4.20s best:1983  next:[849,1982] graph_var_lns (d=0.99 s=197 t=0.10 p=0.93 stall=0 h=auto_l0)
#Bound   4.75s best:1983  next:[873,1982] objective_lb_search
#Bound   5.67s best:1983  next:[875,1982] objective_lb_search
#Bound   6.28s best:1983  next:[876,1982] objective_lb_search_no_lp
#Bound   7.59s best:1983  next:[936,1982] objective_lb_search_max_lp
#Bound  10.17s best:1983  next:[938,1982] objective_lb_search
#Bound  11.13s best:1983  next:[939,1982] objective_lb_search
#Bound  12.27s best:1983  next:[941,1982] objective_lb_search
#Bound  14.11s best:1983  next:[947,1982] objective_lb_search_max_lp
#Bound  16.03s best:1983  next:[981,1982] objective_lb_search
#Bound  17.95s best:1983  next:[994,1982] objective_lb_search
#Bound  20.62s best:1983  next:[996,1982] objective_lb_search_max_lp
#90     20.95s best:1975  next:[996,1974] graph_dec_lns (d=0.99 s=750 t=0.10 p=0.58 stall=45 h=auto_l0)
#91     20.96s best:1974  next:[996,1973] violation_ls(batch:66 #solutions_imported:19 #lin_moves:10'152 #lin_evals:1'083'182 #gen_moves:167'616 #gen_evals:26'184 #comp_moves:14'920 #backtracks:76'321 #weight_updates:642)
#92     21.17s best:1973  next:[996,1972] violation_ls(batch:67 #solutions_imported:18 #lin_moves:501'445 #lin_evals:2'934'645 #gen_moves:19'292 #gen_evals:1'250 #comp_moves:986 #backtracks:9'151 #weight_updates:19'139)
#93     21.17s best:1972  next:[996,1971] violation_ls(batch:67 #solutions_imported:20 #lin_moves:10'478 #lin_evals:1'084'355 #gen_moves:167'616 #gen_evals:26'184 #comp_moves:14'920 #backtracks:76'321 #weight_updates:727)
#94     21.37s best:1967  next:[996,1966] graph_var_lns (d=0.99 s=782 t=0.10 p=0.59 stall=47 h=auto_l0)
#95     21.53s best:1917  next:[996,1916] graph_dec_lns (d=0.99 s=785 t=0.10 p=0.58 stall=0 h=auto_l0)
#96     21.53s best:1916  next:[996,1915] violation_ls(batch:68 #solutions_imported:20 #lin_moves:10'648 #lin_evals:1'124'279 #gen_moves:201'610 #gen_evals:25'517 #comp_moves:20'941 #backtracks:90'281 #weight_updates:1'266)
#97     21.53s best:1915  next:[996,1914] violation_ls(batch:68 #solutions_imported:19 #lin_moves:501'446 #lin_evals:2'934'656 #gen_moves:19'292 #gen_evals:1'250 #comp_moves:986 #backtracks:9'151 #weight_updates:19'139)
#98     21.58s best:1914  next:[996,1913] violation_ls(batch:68 #solutions_imported:21 #lin_moves:10'478 #lin_evals:1'102'274 #gen_moves:174'128 #gen_evals:26'710 #comp_moves:15'282 #backtracks:79'396 #weight_updates:822)
#99     21.80s best:1913  next:[996,1912] violation_ls(batch:69 #solutions_imported:21 #lin_moves:10'648 #lin_evals:1'124'282 #gen_moves:201'611 #gen_evals:25'517 #comp_moves:20'942 #backtracks:90'281 #weight_updates:1'266)
#100    21.84s best:1912  next:[996,1911] violation_ls(batch:69 #solutions_imported:20 #lin_moves:501'446 #lin_evals:2'946'430 #gen_moves:23'564 #gen_evals:1'606 #comp_moves:1'214 #backtracks:11'173 #weight_updates:19'201)
#101    22.10s best:1867  next:[996,1866] rnd_cst_lns (d=0.99 s=814 t=0.10 p=0.60 stall=1 h=auto_l0)
#Bound  22.33s best:1867  next:[1011,1866] objective_lb_search_max_lp
#Bound  26.66s best:1867  next:[1012,1866] objective_lb_search_max_lp
#Bound  26.70s best:1867  next:[1013,1866] objective_lb_search
#Bound  28.28s best:1867  next:[1014,1866] objective_lb_search_no_lp
#Bound  31.45s best:1867  next:[1019,1866] objective_lb_search_max_lp
#Bound  32.66s best:1867  next:[1020,1866] objective_lb_search_max_lp
#Bound  35.45s best:1867  next:[1024,1866] objective_lb_search_max_lp
#Bound  40.01s best:1867  next:[1025,1866] objective_lb_search_max_lp
#Bound  42.98s best:1867  next:[1028,1866] objective_lb_search_no_lp
#Bound  44.34s best:1867  next:[1065,1866] objective_lb_search
#Bound  48.29s best:1867  next:[1066,1866] objective_lb_search
#Bound  50.09s best:1867  next:[1098,1866] objective_lb_search
#Bound  57.73s best:1867  next:[1100,1866] objective_lb_search
#Bound  59.79s best:1867  next:[1102,1866] objective_lb_search
#Bound  60.98s best:1867  next:[1103,1866] objective_lb_search
#Bound  67.53s best:1867  next:[1107,1866] objective_lb_search
#Bound  68.39s best:1867  next:[1109,1866] objective_lb_search
#Bound  69.40s best:1867  next:[1111,1866] objective_lb_search
#Bound  74.76s best:1867  next:[1112,1866] lb_tree_search (nodes=1938/1938 rc=16 decisions=19034 @root=28 restarts=12) 
#Bound  77.11s best:1867  next:[1113,1866] lb_tree_search (nodes=1944/1944 rc=17 decisions=19276 @root=30 restarts=12) 
#Bound  81.41s best:1867  next:[1114,1866] lb_tree_search (nodes=1951/1951 rc=17 decisions=19568 @root=34 restarts=12) 
#Bound  83.03s best:1867  next:[1115,1866] lb_tree_search (nodes=1961/1961 rc=17 decisions=19817 @root=35 restarts=12) 
#Bound  85.24s best:1867  next:[1116,1866] lb_tree_search (nodes=1975/1975 rc=18 decisions=20123 @root=36 restarts=12) 
#Bound  87.47s best:1867  next:[1117,1866] lb_tree_search (nodes=1999/1999 rc=18 decisions=20448 @root=37 restarts=12) 
#Bound  89.44s best:1867  next:[1118,1866] lb_tree_search (nodes=2014/2014 rc=18 decisions=20673 @root=38 restarts=12) 
#Bound  91.74s best:1867  next:[1119,1866] lb_tree_search (nodes=2032/2032 rc=18 decisions=20957 @root=39 restarts=12) 
#Bound  93.73s best:1867  next:[1120,1866] lb_tree_search (nodes=2045/2045 rc=19 decisions=21239 @root=40 restarts=12) 
#Bound  96.17s best:1867  next:[1121,1866] lb_tree_search (nodes=2058/2058 rc=20 decisions=21591 @root=41 restarts=12) 
#Bound  99.24s best:1867  next:[1122,1866] lb_tree_search (nodes=2065/2065 rc=20 decisions=21913 @root=43 restarts=12) 
#Bound 101.59s best:1867  next:[1123,1866] lb_tree_search (nodes=2081/2081 rc=20 decisions=22277 @root=44 restarts=12) 
#Bound 104.42s best:1867  next:[1124,1866] lb_tree_search (nodes=2104/2104 rc=22 decisions=22697 @root=45 restarts=12) 
#Bound 106.25s best:1867  next:[1125,1866] lb_tree_search (nodes=2115/2115 rc=22 decisions=22946 @root=46 restarts=12) 
#Bound 108.24s best:1867  next:[1126,1866] lb_tree_search (nodes=2126/2126 rc=22 decisions=23169 @root=47 restarts=12) 
#Bound 110.66s best:1867  next:[1127,1866] lb_tree_search (nodes=2130/2130 rc=22 decisions=23472 @root=48 restarts=12) 
#Bound 112.48s best:1867  next:[1128,1866] lb_tree_search (nodes=2138/2138 rc=22 decisions=23742 @root=49 restarts=12) 
#Bound 114.68s best:1867  next:[1129,1866] lb_tree_search (nodes=2145/2145 rc=23 decisions=24040 @root=50 restarts=12) 
#Bound 119.08s best:1867  next:[1130,1866] lb_tree_search (nodes=2148/2148 rc=23 decisions=24349 @root=53 restarts=12) 
#Bound 123.42s best:1867  next:[1131,1866] lb_tree_search (nodes=2155/2155 rc=23 decisions=24665 @root=56 restarts=12) 
#Bound 126.03s best:1867  next:[1133,1866] objective_lb_search_max_lp
#Bound 131.94s best:1867  next:[1134,1866] lb_tree_search (nodes=2177/2177 rc=28 decisions=25509 @root=58 restarts=12) 
#Bound 132.33s best:1867  next:[1137,1866] objective_lb_search_max_lp
#Bound 137.63s best:1867  next:[1141,1866] objective_lb_search_max_lp
#Bound 144.01s best:1867  next:[1145,1866] objective_lb_search_max_lp
#Bound 151.33s best:1867  next:[1147,1866] objective_lb_search_max_lp
#Bound 155.97s best:1867  next:[1148,1866] lb_tree_search (nodes=2313/2319 rc=31 decisions=28261 @root=66 restarts=12) 
#Bound 158.27s best:1867  next:[1149,1866] lb_tree_search (nodes=2319/2325 rc=31 decisions=28490 @root=67 restarts=12) 
#Bound 159.28s best:1867  next:[1150,1866] objective_lb_search
#Bound 162.65s best:1867  next:[1151,1866] objective_lb_search
#Bound 163.37s best:1867  next:[1152,1866] objective_lb_search
#Bound 164.32s best:1867  next:[1153,1866] objective_lb_search
#Bound 164.51s best:1867  next:[1157,1866] objective_lb_search
#Bound 170.77s best:1867  next:[1158,1866] lb_tree_search (nodes=2395/2403 rc=32 decisions=30183 @root=71 restarts=12) 
#Bound 172.85s best:1867  next:[1159,1866] lb_tree_search (nodes=2402/2410 rc=33 decisions=30414 @root=72 restarts=12) 
#Bound 174.48s best:1867  next:[1160,1866] lb_tree_search (nodes=2409/2417 rc=34 decisions=30623 @root=73 restarts=12) 
#Model 175.31s var:495/499 constraints:5933/6192
#Bound 176.32s best:1867  next:[1161,1866] lb_tree_search (nodes=2420/2428 rc=34 decisions=30810 @root=74 restarts=12) 
#Bound 178.69s best:1867  next:[1162,1866] lb_tree_search (nodes=2400/2431 rc=34 decisions=31003 @root=76 restarts=12) 
#Bound 179.24s best:1867  next:[1165,1866] objective_lb_search_no_lp
#Bound 181.94s best:1867  next:[1166,1866] objective_shaving_search_no_lp (vars=549 csts=5962)
#Bound 185.74s best:1867  next:[1167,1866] lb_tree_search (nodes=2420/2462 rc=35 decisions=31730 @root=81 restarts=12) 
#Bound 187.27s best:1867  next:[1168,1866] lb_tree_search (nodes=2409/2467 rc=35 decisions=31938 @root=82 restarts=12) 
#Bound 188.82s best:1867  next:[1169,1866] lb_tree_search (nodes=2409/2468 rc=35 decisions=32102 @root=83 restarts=12) 
#Bound 190.65s best:1867  next:[1178,1866] objective_lb_search_max_lp
#Bound 191.51s best:1867  next:[1179,1866] objective_lb_search_max_lp
#Bound 194.84s best:1867  next:[1248,1866] objective_lb_search_max_lp
#Bound 199.70s best:1867  next:[1250,1866] objective_lb_search_max_lp
#Bound 205.43s best:1867  next:[1251,1866] lb_tree_search (nodes=376/376 rc=38 decisions=34889 @root=92 restarts=13) 
#Bound 206.17s best:1867  next:[1252,1866] lb_tree_search (nodes=379/379 rc=38 decisions=34936 @root=93 restarts=13) 
#Bound 207.50s best:1867  next:[1253,1866] lb_tree_search (nodes=382/382 rc=38 decisions=34962 @root=95 restarts=13) 
#Bound 208.56s best:1867  next:[1254,1866] lb_tree_search (nodes=382/382 rc=38 decisions=34990 @root=96 restarts=13) 
#Bound 209.01s best:1867  next:[1255,1866] lb_tree_search (nodes=382/382 rc=38 decisions=34999 @root=97 restarts=13) 
#Bound 209.70s best:1867  next:[1256,1866] lb_tree_search (nodes=384/384 rc=38 decisions=35034 @root=98 restarts=13) 
#Bound 210.24s best:1867  next:[1257,1866] lb_tree_search (nodes=384/384 rc=38 decisions=35048 @root=99 restarts=13) 
#Bound 211.88s best:1867  next:[1258,1866] lb_tree_search (nodes=384/384 rc=38 decisions=35070 @root=101 restarts=13) 
#Bound 212.66s best:1867  next:[1259,1866] lb_tree_search (nodes=386/386 rc=38 decisions=35087 @root=102 restarts=13) 
#Bound 213.38s best:1867  next:[1260,1866] lb_tree_search (nodes=388/388 rc=38 decisions=35119 @root=103 restarts=13) 
#Bound 213.85s best:1867  next:[1261,1866] lb_tree_search (nodes=388/388 rc=38 decisions=35137 @root=104 restarts=13) 
#Bound 216.97s best:1867  next:[1262,1866] lb_tree_search (nodes=393/393 rc=38 decisions=35205 @root=107 restarts=13) 
#Bound 219.20s best:1867  next:[1263,1866] lb_tree_search (nodes=395/395 rc=38 decisions=35267 @root=110 restarts=13) 
#Bound 219.70s best:1867  next:[1264,1866] lb_tree_search (nodes=396/396 rc=38 decisions=35287 @root=111 restarts=13) 
#Bound 221.86s best:1867  next:[1265,1866] lb_tree_search (nodes=399/399 rc=38 decisions=35344 @root=114 restarts=13) 
#Bound 222.04s best:1867  next:[1266,1866] lb_tree_search (nodes=399/399 rc=38 decisions=35376 @root=114 restarts=13) 
#Bound 224.07s best:1867  next:[1267,1866] lb_tree_search (nodes=406/406 rc=38 decisions=35432 @root=116 restarts=13) 
#Bound 227.52s best:1867  next:[1268,1866] lb_tree_search (nodes=413/413 rc=38 decisions=35509 @root=119 restarts=13) 
#Bound 228.46s best:1867  next:[1269,1866] lb_tree_search (nodes=389/415 rc=38 decisions=35547 @root=120 restarts=13) 
#Bound 229.24s best:1867  next:[1270,1866] lb_tree_search (nodes=390/416 rc=38 decisions=35580 @root=121 restarts=13) 
#Bound 229.46s best:1867  next:[1271,1866] lb_tree_search (nodes=392/418 rc=38 decisions=35610 @root=121 restarts=13) 
#Bound 230.26s best:1867  next:[1272,1866] lb_tree_search (nodes=392/418 rc=38 decisions=35642 @root=122 restarts=13) 
#Bound 231.13s best:1867  next:[1273,1866] lb_tree_search (nodes=392/427 rc=38 decisions=35709 @root=123 restarts=13) 
#Bound 231.29s best:1867  next:[1274,1866] lb_tree_search (nodes=394/429 rc=38 decisions=35737 @root=123 restarts=13) 
#Bound 232.31s best:1867  next:[1275,1866] lb_tree_search (nodes=388/431 rc=38 decisions=35798 @root=124 restarts=13) 
#Bound 234.94s best:1867  next:[1276,1866] lb_tree_search (nodes=389/444 rc=38 decisions=35921 @root=127 restarts=13) 
#Bound 236.17s best:1867  next:[1277,1866] lb_tree_search (nodes=395/450 rc=38 decisions=35972 @root=129 restarts=13) 
#Bound 236.88s best:1867  next:[1278,1866] lb_tree_search (nodes=399/454 rc=38 decisions=36038 @root=130 restarts=13) 
#Bound 237.02s best:1867  next:[1279,1866] lb_tree_search (nodes=400/455 rc=38 decisions=36062 @root=130 restarts=13) 
#Bound 237.24s best:1867  next:[1280,1866] lb_tree_search (nodes=402/457 rc=38 decisions=36103 @root=130 restarts=13) 
#Bound 237.33s best:1867  next:[1299,1866] objective_lb_search_max_lp
#Bound 243.49s best:1867  next:[1300,1866] lb_tree_search (nodes=473/528 rc=38 decisions=36573 @root=132 restarts=13) 
#Model 244.63s var:491/499 constraints:5724/6192
#Bound 246.63s best:1867  next:[1301,1866] lb_tree_search (nodes=433/532 rc=38 decisions=36643 @root=136 restarts=13) 
#Bound 247.49s best:1867  next:[1302,1866] lb_tree_search (nodes=433/532 rc=38 decisions=36676 @root=137 restarts=13) 
#Bound 249.44s best:1867  next:[1303,1866] lb_tree_search (nodes=434/533 rc=38 decisions=36718 @root=140 restarts=13) 
#Bound 250.02s best:1867  next:[1304,1866] lb_tree_search (nodes=434/533 rc=38 decisions=36749 @root=141 restarts=13) 
#Bound 251.14s best:1867  next:[1305,1866] lb_tree_search (nodes=434/533 rc=38 decisions=36775 @root=143 restarts=13) 
#Bound 252.69s best:1867  next:[1306,1866] lb_tree_search (nodes=435/534 rc=38 decisions=36811 @root=145 restarts=13) 
#Bound 254.17s best:1867  next:[1307,1866] lb_tree_search (nodes=435/534 rc=38 decisions=36837 @root=147 restarts=13) 
#Bound 254.80s best:1867  next:[1308,1866] lb_tree_search (nodes=437/536 rc=38 decisions=36884 @root=148 restarts=13) 
#Bound 255.29s best:1867  next:[1309,1866] lb_tree_search (nodes=439/538 rc=38 decisions=36916 @root=149 restarts=13) 
#Bound 255.92s best:1867  next:[1310,1866] lb_tree_search (nodes=444/543 rc=38 decisions=36973 @root=150 restarts=13) 
#Bound 256.56s best:1867  next:[1311,1866] lb_tree_search (nodes=449/548 rc=38 decisions=37047 @root=151 restarts=13) 
#Bound 257.16s best:1867  next:[1312,1866] lb_tree_search (nodes=452/551 rc=38 decisions=37108 @root=152 restarts=13) 
#Bound 257.75s best:1867  next:[1313,1866] lb_tree_search (nodes=455/554 rc=38 decisions=37157 @root=153 restarts=13) 
#Bound 258.24s best:1867  next:[1314,1866] lb_tree_search (nodes=455/554 rc=38 decisions=37182 @root=154 restarts=13) 
#Bound 258.90s best:1867  next:[1315,1866] lb_tree_search (nodes=460/559 rc=38 decisions=37242 @root=155 restarts=13) 
#Bound 260.10s best:1867  next:[1316,1866] lb_tree_search (nodes=462/561 rc=38 decisions=37321 @root=156 restarts=13) 
#Bound 260.71s best:1867  next:[1317,1866] lb_tree_search (nodes=462/561 rc=38 decisions=37349 @root=157 restarts=13) 
#Bound 261.41s best:1867  next:[1318,1866] lb_tree_search (nodes=463/562 rc=38 decisions=37386 @root=158 restarts=13) 
#Bound 262.17s best:1867  next:[1319,1866] lb_tree_search (nodes=465/564 rc=38 decisions=37429 @root=159 restarts=13) 
#Bound 262.83s best:1867  next:[1320,1866] lb_tree_search (nodes=469/568 rc=38 decisions=37491 @root=160 restarts=13) 
#Bound 263.37s best:1867  next:[1321,1866] lb_tree_search (nodes=470/569 rc=38 decisions=37540 @root=161 restarts=13) 
#Bound 264.12s best:1867  next:[1322,1866] lb_tree_search (nodes=474/573 rc=38 decisions=37618 @root=162 restarts=13) 
#Bound 264.55s best:1867  next:[1323,1866] lb_tree_search (nodes=477/576 rc=38 decisions=37655 @root=163 restarts=13) 
#Bound 265.61s best:1867  next:[1324,1866] lb_tree_search (nodes=483/582 rc=38 decisions=37760 @root=164 restarts=13) 
#Bound 266.58s best:1867  next:[1325,1866] lb_tree_search (nodes=491/590 rc=38 decisions=37885 @root=165 restarts=13) 
#Bound 267.21s best:1867  next:[1326,1866] lb_tree_search (nodes=499/598 rc=38 decisions=37940 @root=166 restarts=13) 
#Bound 269.33s best:1867  next:[1327,1866] lb_tree_search (nodes=504/603 rc=38 decisions=38027 @root=169 restarts=13) 
#Bound 269.84s best:1867  next:[1328,1866] lb_tree_search (nodes=506/605 rc=38 decisions=38075 @root=170 restarts=13) 
#Bound 270.44s best:1867  next:[1329,1866] lb_tree_search (nodes=510/609 rc=38 decisions=38125 @root=171 restarts=13) 
#Bound 271.13s best:1867  next:[1330,1866] lb_tree_search (nodes=515/614 rc=38 decisions=38176 @root=172 restarts=13) 
#Bound 271.83s best:1867  next:[1334,1866] objective_lb_search_max_lp
#Bound 273.22s best:1867  next:[1335,1866] lb_tree_search (nodes=547/646 rc=38 decisions=38471 @root=174 restarts=13) 
#Bound 274.00s best:1867  next:[1336,1866] lb_tree_search (nodes=550/649 rc=38 decisions=38555 @root=175 restarts=13) 
#Bound 275.12s best:1867  next:[1337,1866] lb_tree_search (nodes=556/655 rc=38 decisions=38627 @root=176 restarts=13) 
#Bound 276.01s best:1867  next:[1338,1866] lb_tree_search (nodes=564/663 rc=38 decisions=38737 @root=177 restarts=13) 
#Bound 276.83s best:1867  next:[1339,1866] lb_tree_search (nodes=570/669 rc=38 decisions=38838 @root=178 restarts=13) 
#Bound 276.86s best:1867  next:[1340,1866] lb_tree_search (nodes=570/669 rc=38 decisions=38846 @root=178 restarts=13) 
#Bound 277.55s best:1867  next:[1341,1866] lb_tree_search (nodes=579/678 rc=38 decisions=38934 @root=179 restarts=13) 
#Bound 278.75s best:1867  next:[1342,1866] lb_tree_search (nodes=593/692 rc=38 decisions=39048 @root=180 restarts=13) 
#Bound 280.97s best:1867  next:[1345,1866] objective_lb_search_max_lp
#Bound 283.86s best:1867  next:[1346,1866] lb_tree_search (nodes=588/726 rc=38 decisions=39343 @root=184 restarts=13) 
#Bound 284.97s best:1867  next:[1347,1866] lb_tree_search (nodes=592/730 rc=39 decisions=39386 @root=185 restarts=13) 
#Bound 286.77s best:1867  next:[1348,1866] lb_tree_search (nodes=593/735 rc=39 decisions=39438 @root=188 restarts=13) 
#Bound 288.21s best:1867  next:[1349,1866] lb_tree_search (nodes=575/741 rc=39 decisions=39511 @root=190 restarts=13) 
#Bound 290.83s best:1867  next:[1350,1866] lb_tree_search (nodes=561/744 rc=39 decisions=39581 @root=193 restarts=13) 
#Bound 292.42s best:1867  next:[1351,1866] lb_tree_search (nodes=552/749 rc=39 decisions=39655 @root=195 restarts=13) 
#Bound 293.87s best:1867  next:[1352,1866] lb_tree_search (nodes=549/756 rc=39 decisions=39728 @root=197 restarts=13) 
#Bound 295.25s best:1867  next:[1353,1866] lb_tree_search (nodes=553/760 rc=39 decisions=39790 @root=199 restarts=13) 
#Bound 295.91s best:1867  next:[1354,1866] lb_tree_search (nodes=555/762 rc=39 decisions=39829 @root=200 restarts=13) 
#Bound 297.27s best:1867  next:[1355,1866] lb_tree_search (nodes=555/766 rc=39 decisions=39874 @root=202 restarts=13) 
#Bound 298.07s best:1867  next:[1356,1866] lb_tree_search (nodes=558/772 rc=39 decisions=39951 @root=203 restarts=13) 
#Bound 298.88s best:1867  next:[1357,1866] lb_tree_search (nodes=565/780 rc=39 decisions=40039 @root=204 restarts=13) 
#Bound 299.45s best:1867  next:[1358,1866] lb_tree_search (nodes=567/782 rc=39 decisions=40077 @root=205 restarts=13) 
#Bound 300.10s best:1867  next:[1359,1866] lb_tree_search (nodes=569/784 rc=39 decisions=40125 @root=206 restarts=13) 
#Bound 300.75s best:1867  next:[1360,1866] lb_tree_search (nodes=571/786 rc=39 decisions=40166 @root=207 restarts=13) 
#Bound 301.47s best:1867  next:[1361,1866] lb_tree_search (nodes=575/800 rc=39 decisions=40235 @root=208 restarts=13) 
#Bound 303.08s best:1867  next:[1362,1866] lb_tree_search (nodes=577/817 rc=39 decisions=40363 @root=210 restarts=13) 
#Bound 303.66s best:1867  next:[1363,1866] lb_tree_search (nodes=575/817 rc=39 decisions=40393 @root=211 restarts=13) 
#Bound 304.25s best:1867  next:[1364,1866] lb_tree_search (nodes=578/820 rc=39 decisions=40434 @root=212 restarts=13) 
#Bound 305.33s best:1867  next:[1365,1866] lb_tree_search (nodes=578/835 rc=39 decisions=40541 @root=213 restarts=13) 
#Bound 305.56s best:1867  next:[1366,1866] lb_tree_search (nodes=586/846 rc=39 decisions=40611 @root=213 restarts=13) 
#Bound 306.17s best:1867  next:[1367,1866] lb_tree_search (nodes=594/854 rc=39 decisions=40669 @root=214 restarts=13) 
#Bound 306.71s best:1867  next:[1368,1866] lb_tree_search (nodes=596/856 rc=39 decisions=40704 @root=215 restarts=13) 
#Bound 307.53s best:1867  next:[1369,1866] lb_tree_search (nodes=600/860 rc=39 decisions=40786 @root=216 restarts=13) 
#Bound 308.27s best:1867  next:[1370,1866] lb_tree_search (nodes=603/863 rc=39 decisions=40849 @root=217 restarts=13) 
#Bound 308.93s best:1867  next:[1371,1866] lb_tree_search (nodes=606/866 rc=39 decisions=40923 @root=218 restarts=13) 
#Bound 309.93s best:1867  next:[1372,1866] lb_tree_search (nodes=615/875 rc=39 decisions=41014 @root=219 restarts=13) 
#Bound 310.83s best:1867  next:[1373,1866] lb_tree_search (nodes=622/885 rc=39 decisions=41120 @root=220 restarts=13) 
#Bound 311.50s best:1867  next:[1374,1866] lb_tree_search (nodes=628/891 rc=39 decisions=41176 @root=221 restarts=13) 
#Model 312.09s var:489/499 constraints:5599/6192
#Bound 313.13s best:1867  next:[1375,1866] lb_tree_search (nodes=635/898 rc=39 decisions=41275 @root=223 restarts=13) 
#Bound 314.68s best:1867  next:[1376,1866] lb_tree_search (nodes=643/906 rc=39 decisions=41384 @root=225 restarts=13) 
#Bound 315.22s best:1867  next:[1377,1866] lb_tree_search (nodes=640/909 rc=39 decisions=41421 @root=226 restarts=13) 
#Bound 315.89s best:1867  next:[1378,1866] lb_tree_search (nodes=636/915 rc=39 decisions=41497 @root=227 restarts=13) 
#Bound 316.45s best:1867  next:[1379,1866] lb_tree_search (nodes=639/919 rc=39 decisions=41534 @root=228 restarts=13) 
#Bound 317.05s best:1867  next:[1380,1866] lb_tree_search (nodes=640/920 rc=39 decisions=41574 @root=229 restarts=13) 
#Bound 317.87s best:1867  next:[1381,1866] lb_tree_search (nodes=615/926 rc=39 decisions=41665 @root=230 restarts=13) 
#Bound 318.48s best:1867  next:[1382,1866] lb_tree_search (nodes=608/927 rc=39 decisions=41704 @root=231 restarts=13) 
#Bound 321.34s best:1867  next:[1384,1866] objective_lb_search_max_lp
#Bound 323.24s best:1867  next:[1387,1866] objective_lb_search_max_lp
#Bound 324.91s best:1867  next:[1388,1866] lb_tree_search (nodes=645/971 rc=40 decisions=42066 @root=238 restarts=13) 
#Bound 325.85s best:1867  next:[1389,1866] lb_tree_search (nodes=649/975 rc=40 decisions=42135 @root=239 restarts=13) 
#Bound 328.82s best:1867  next:[1390,1866] lb_tree_search (nodes=651/977 rc=40 decisions=42204 @root=243 restarts=13) 
#Bound 330.39s best:1867  next:[1392,1866] objective_lb_search_max_lp
#Bound 332.88s best:1867  next:[1394,1866] objective_lb_search_max_lp
#Bound 335.09s best:1867  next:[1395,1866] lb_tree_search (nodes=626/1001 rc=40 decisions=42514 @root=251 restarts=13) 
#Bound 335.87s best:1867  next:[1396,1866] lb_tree_search (nodes=633/1008 rc=40 decisions=42608 @root=252 restarts=13) 
#Bound 337.87s best:1867  next:[1398,1866] objective_lb_search
#Model 339.44s var:488/499 constraints:5487/6192
#Bound 339.86s best:1867  next:[1399,1866] lb_tree_search (nodes=454/1017 rc=40 decisions=42793 @root=257 restarts=13) 
#Bound 340.18s best:1867  next:[1400,1866] lb_tree_search (nodes=452/1025 rc=40 decisions=42854 @root=257 restarts=13) 
#Bound 340.27s best:1867  next:[1401,1866] lb_tree_search (nodes=451/1027 rc=40 decisions=42882 @root=257 restarts=13) 
#Bound 340.64s best:1867  next:[1411,1866] objective_lb_search_max_lp
#Bound 341.28s best:1867  next:[1416,1866] objective_lb_search_no_lp
#Bound 341.46s best:1867  next:[1420,1866] objective_lb_search_no_lp
#Model 341.50s var:487/499 constraints:5435/6192
#Bound 341.62s best:1867  next:[1448,1866] objective_lb_search_no_lp
#Model 341.93s var:486/499 constraints:5262/6192
#Model 341.98s var:485/499 constraints:5233/6192
#Bound 342.01s best:1867  next:[1455,1866] objective_lb_search_max_lp
#Model 342.33s var:463/499 constraints:3702/6192
#Bound 342.60s best:1867  next:[1569,1866] objective_lb_search
#Model 342.69s var:462/499 constraints:3644/6192
#Bound 342.70s best:1867  next:[1633,1866] objective_lb_search_no_lp
#Model 342.82s var:461/499 constraints:3552/6192
#Model 343.01s var:459/499 constraints:3453/6192
#Model 343.02s var:457/499 constraints:3336/6192
#Bound 343.14s best:1867  next:[1634,1866] objective_shaving_search_no_lp (vars=375 csts=3548)
#Bound 343.36s best:1867  next:[1637,1866] objective_lb_search_no_lp
#Model 343.36s var:453/499 constraints:3019/6192
#Model 343.38s var:452/499 constraints:2952/6192
#Model 343.46s var:450/499 constraints:2853/6192
#Model 343.47s var:447/499 constraints:2604/6192
#Bound 343.51s best:1867  next:[1639,1866] objective_lb_search_no_lp
#Model 343.60s var:445/499 constraints:2484/6192
#Bound 343.61s best:1867  next:[1641,1866] objective_lb_search_no_lp
#Bound 343.71s best:1867  next:[1652,1866] objective_lb_search_no_lp
#Bound 343.80s best:1867  next:[1672,1866] objective_lb_search_no_lp
#Model 343.81s var:444/499 constraints:2413/6192
#Bound 343.92s best:1867  next:[1732,1866] objective_lb_search_no_lp
#Model 343.98s var:443/499 constraints:2334/6192
#Bound 344.02s best:1867  next:[1740,1866] objective_lb_search_no_lp
#Model 344.10s var:442/499 constraints:2322/6192
#Bound 344.12s best:1867  next:[1747,1866] objective_lb_search_no_lp
#Model 344.19s var:440/499 constraints:2195/6192
#Bound 344.20s best:1867  next:[1754,1866] objective_lb_search_no_lp
#Model 344.22s var:438/499 constraints:2103/6192
#Model 344.23s var:437/499 constraints:2089/6192
#Model 344.23s var:436/499 constraints:2025/6192
#Bound 344.27s best:1867  next:[1756,1866] objective_lb_search_no_lp
#Model 344.29s var:435/499 constraints:1961/6192
#Bound 344.33s best:1867  next:[1781,1866] objective_lb_search_no_lp
#Bound 344.38s best:1867  next:[1782,1866] objective_lb_search_no_lp
#Model 344.40s var:433/499 constraints:1926/6192
#Bound 344.43s best:1867  next:[1821,1866] objective_lb_search_no_lp
#Model 344.49s var:431/499 constraints:1823/6192
#Bound 344.49s best:1867  next:[1831,1866] objective_lb_search_no_lp
#Bound 344.54s best:1867  next:[1841,1866] objective_lb_search_no_lp
#Model 344.55s var:430/499 constraints:1765/6192
#Bound 344.60s best:1867  next:[1845,1866] objective_lb_search_no_lp
#Bound 344.66s best:1867  next:[1856,1866] objective_lb_search_no_lp
#Model 344.69s var:429/499 constraints:1674/6192
#Bound 344.70s best:1867  next:[1862,1866] objective_lb_search_no_lp
#Bound 344.74s best:1867  next:[1863,1866] objective_lb_search_no_lp
#Model 344.74s var:428/499 constraints:1584/6192
#Model 344.76s var:427/499 constraints:1573/6192
#Bound 344.78s best:1867  next:[1864,1866] objective_lb_search_no_lp
#Model 344.79s var:422/499 constraints:1382/6192
#Model 344.79s var:420/499 constraints:1248/6192
#Model 344.80s var:419/499 constraints:1214/6192
#Model 344.80s var:416/499 constraints:1068/6192
#Bound 344.81s best:1867  next:[1866,1866] objective_lb_search_no_lp
#Done  344.82s objective_lb_search_no_lp
#Model 344.82s var:400/499 constraints:599/6192
#Done  344.82s core
#Done  344.82s max_lp
#Model 344.82s var:398/499 constraints:589/6192

Task timing                                  n [     min,      max]      avg      dev     time         n [     min,      max]      avg      dev    dtime
                             'core':         1 [   5.73m,    5.73m]    5.73m   0.00ns    5.73m         1 [   5.42m,    5.42m]    5.42m   0.00ns    5.42m
                       'default_lp':         1 [   5.73m,    5.73m]    5.73m   0.00ns    5.73m         1 [   1.33m,    1.33m]    1.33m   0.00ns    1.33m
                 'feasibility_pump':       994 [216.17ms,    1.61s] 289.09ms  67.16ms    4.79m       993 [ 44.33ms, 228.09ms]  52.80ms   5.58ms   52.43s
                  'fj_long_default':         0 [  0.00ns,   0.00ns]   0.00ns   0.00ns   0.00ns         0 [  0.00ns,   0.00ns]   0.00ns   0.00ns   0.00ns
              'fj_long_lin_default':         0 [  0.00ns,   0.00ns]   0.00ns   0.00ns   0.00ns         0 [  0.00ns,   0.00ns]   0.00ns   0.00ns   0.00ns
                   'fj_long_random':         0 [  0.00ns,   0.00ns]   0.00ns   0.00ns   0.00ns         0 [  0.00ns,   0.00ns]   0.00ns   0.00ns   0.00ns
                 'fj_short_default':         1 [300.25ms, 300.25ms] 300.25ms   0.00ns 300.25ms         1 [ 87.82ms,  87.82ms]  87.82ms   0.00ns  87.82ms
             'fj_short_lin_default':         0 [  0.00ns,   0.00ns]   0.00ns   0.00ns   0.00ns         0 [  0.00ns,   0.00ns]   0.00ns   0.00ns   0.00ns
              'fj_short_lin_random':         0 [  0.00ns,   0.00ns]   0.00ns   0.00ns   0.00ns         0 [  0.00ns,   0.00ns]   0.00ns   0.00ns   0.00ns
                  'fj_short_random':         0 [  0.00ns,   0.00ns]   0.00ns   0.00ns   0.00ns         0 [  0.00ns,   0.00ns]   0.00ns   0.00ns   0.00ns
                        'fs_random':         1 [757.38ms, 757.38ms] 757.38ms   0.00ns 757.38ms         0 [  0.00ns,   0.00ns]   0.00ns   0.00ns   0.00ns
                        'fs_random':         1 [923.32ms, 923.32ms] 923.32ms   0.00ns 923.32ms         1 [ 20.00ns,  20.00ns]  20.00ns   0.00ns  20.00ns
                  'fs_random_no_lp':         1 [759.00ms, 759.00ms] 759.00ms   0.00ns 759.00ms         0 [  0.00ns,   0.00ns]   0.00ns   0.00ns   0.00ns
                  'fs_random_no_lp':         1 [772.60ms, 772.60ms] 772.60ms   0.00ns 772.60ms         0 [  0.00ns,   0.00ns]   0.00ns   0.00ns   0.00ns
          'fs_random_quick_restart':         1 [   1.17s,    1.17s]    1.17s   0.00ns    1.17s         1 [ 20.00ns,  20.00ns]  20.00ns   0.00ns  20.00ns
          'fs_random_quick_restart':         1 [   1.53s,    1.53s]    1.53s   0.00ns    1.53s         1 [ 20.00ns,  20.00ns]  20.00ns   0.00ns  20.00ns
    'fs_random_quick_restart_no_lp':         1 [922.62ms, 922.62ms] 922.62ms   0.00ns 922.62ms         1 [  1.62ms,   1.62ms]   1.62ms   0.00ns   1.62ms
                    'graph_arc_lns':      1008 [  5.05ms,    2.18s] 707.64ms 481.45ms   11.89m       780 [ 10.00ns, 212.51ms]  77.63ms  45.11ms    1.01m
                    'graph_cst_lns':      1008 [  3.98ms,    1.95s] 602.37ms 488.72ms   10.12m       695 [ 10.00ns, 152.46ms]  70.73ms  46.31ms   49.16s
                    'graph_dec_lns':      1008 [  7.47ms,    2.11s] 760.62ms 443.75ms   12.78m       822 [ 10.00ns, 213.08ms]  74.89ms  40.62ms    1.03m
                    'graph_var_lns':      1008 [  4.82ms,    2.36s] 716.68ms 462.47ms   12.04m       828 [ 10.00ns, 166.78ms]  69.94ms  47.20ms   57.91s
                   'lb_tree_search':         1 [   5.73m,    5.73m]    5.73m   0.00ns    5.73m         1 [   2.94m,    2.94m]    2.94m   0.00ns    2.94m
                           'max_lp':         1 [   5.73m,    5.73m]    5.73m   0.00ns    5.73m         1 [   1.60m,    1.60m]    1.60m   0.00ns    1.60m
                            'no_lp':         1 [   5.73m,    5.73m]    5.73m   0.00ns    5.73m         1 [  50.06s,   50.06s]   50.06s   0.00ns   50.06s
              'objective_lb_search':         1 [   5.73m,    5.73m]    5.73m   0.00ns    5.73m         1 [   1.58m,    1.58m]    1.58m   0.00ns    1.58m
       'objective_lb_search_max_lp':         1 [   5.73m,    5.73m]    5.73m   0.00ns    5.73m         1 [   2.09m,    2.09m]    2.09m   0.00ns    2.09m
        'objective_lb_search_no_lp':         1 [   5.73m,    5.73m]    5.73m   0.00ns    5.73m         1 [  44.26s,   44.26s]   44.26s   0.00ns   44.26s
  'objective_shaving_search_max_lp':       232 [ 16.40ms,    7.57s]    1.47s    1.46s    5.70m       214 [436.49us,    1.27s] 204.01ms 238.85ms   43.66s
   'objective_shaving_search_no_lp':       232 [ 21.95ms,    7.56s]    1.48s    1.45s    5.71m       218 [436.32us, 911.37ms] 145.70ms 165.30ms   31.76s
                          'probing':         1 [   5.73m,    5.73m]    5.73m   0.00ns    5.73m         1 [   1.12m,    1.12m]    1.12m   0.00ns    1.12m
                   'probing_max_lp':         1 [   5.73m,    5.73m]    5.73m   0.00ns    5.73m         1 [   1.07m,    1.07m]    1.07m   0.00ns    1.07m
                     'pseudo_costs':         1 [   5.73m,    5.73m]    5.73m   0.00ns    5.73m         1 [   1.52m,    1.52m]    1.52m   0.00ns    1.52m
                    'quick_restart':         1 [   5.73m,    5.73m]    5.73m   0.00ns    5.73m         1 [   1.71m,    1.71m]    1.71m   0.00ns    1.71m
              'quick_restart_no_lp':         1 [   5.73m,    5.73m]    5.73m   0.00ns    5.73m         1 [   1.21m,    1.21m]    1.21m   0.00ns    1.21m
                    'reduced_costs':         1 [   5.73m,    5.73m]    5.73m   0.00ns    5.73m         1 [   1.42m,    1.42m]    1.42m   0.00ns    1.42m
                        'rins/rens':      1008 [164.33us,    1.48s] 500.48ms 353.17ms    8.41m       837 [ 10.00ns, 161.39ms]  72.33ms  37.90ms    1.01m
                      'rnd_cst_lns':      1008 [  9.05ms,    2.48s] 742.83ms 435.57ms   12.48m       859 [ 10.00ns, 144.21ms]  68.63ms  44.95ms   58.95s
                      'rnd_var_lns':      1008 [  6.62ms,    2.37s] 761.55ms 457.87ms   12.79m       801 [ 10.00ns, 221.21ms]  79.14ms  42.20ms    1.06m
                     'violation_ls':      1006 [586.99us, 495.39ms] 105.08ms  47.07ms    1.76m      1006 [480.00ns, 506.73ms] 112.33ms  63.27ms    1.88m
                     'violation_ls':      1006 [871.21us, 365.05ms] 123.70ms  44.09ms    2.07m      1006 [  1.14us, 326.19ms] 133.66ms  53.68ms    2.24m
                     'violation_ls':      1008 [620.81us, 337.30ms] 112.93ms  39.53ms    1.90m      1008 [  1.08us, 261.49ms] 108.00ms  41.91ms    1.81m

Search stats                        Bools  Conflicts  Branches  Restarts   BoolPropag  IntegerPropag
                           'core':  7'529     81'346   118'964     5'334  171'633'608    116'365'994
                     'default_lp':  2'323     56'461   302'635    42'358   39'227'668    121'702'203
                      'fs_random':    125          0         0         0            0              0
                      'fs_random':    125          0       272       250           21         10'867
                'fs_random_no_lp':    125          0       291       250           53         15'165
                'fs_random_no_lp':    125          5       562       494           56         21'996
        'fs_random_quick_restart':    125          0         0         0            0              0
        'fs_random_quick_restart':    125          0         0         0            0              0
  'fs_random_quick_restart_no_lp':    125          0       371       250           21         17'382
                 'lb_tree_search':    125        124   427'656   156'930    1'049'537     47'016'163
                         'max_lp':    125     39'272   394'635   114'953    2'317'091    113'110'322
                          'no_lp':  1'966    106'834   262'083    24'378   42'091'560    182'360'902
            'objective_lb_search':    328     23'674   252'960    51'103    2'715'455    104'647'740
     'objective_lb_search_max_lp':    291     15'946   302'513    58'094    2'741'107    113'932'878
      'objective_lb_search_no_lp':    860     85'407   214'291    26'669    8'657'439    168'062'036
                        'probing':    873        537     3'270     2'372       60'489        556'291
                 'probing_max_lp':    873        524     2'218     1'857       52'307        477'549
                   'pseudo_costs':    516     37'196   359'372    84'410    8'527'420    107'807'726
                  'quick_restart':  1'982     16'189   309'686    49'190   21'380'689     88'928'157
            'quick_restart_no_lp':  5'256    125'368   536'577    30'408  165'099'891    185'493'298
                  'reduced_costs':    581     50'386   334'362    46'420   12'468'894    117'157'956

SAT stats                           ClassicMinim  LitRemoved  LitLearned  LitForgotten  Subsumed  MClauses  MDecisions  MLitTrue  MSubsumed  MLitRemoved  MReused
                           'core':        76'302     496'258     576'470         5'408       437     2'022      10'008         0         30          101       14
                     'default_lp':        42'320     148'702     782'127       445'431       970    19'269     165'048         0      3'291       21'793    3'050
                      'fs_random':             0           0           0             0         0         0           0         0          0            0        0
                      'fs_random':             0           0           0             0         0         0           0         0          0            0        0
                'fs_random_no_lp':             0           0           0             0         0         0           0         0          0            0        0
                'fs_random_no_lp':             0           0          12             0         0         6          30         0          0            0        0
        'fs_random_quick_restart':             0           0           0             0         0         0           0         0          0            0        0
        'fs_random_quick_restart':             0           0           0             0         0         0           0         0          0            0        0
  'fs_random_quick_restart_no_lp':             0           0           0             0         0         0           0         0          0            0        0
                 'lb_tree_search':             2           2         391             0         0    60'765     315'352         0         22           83    5'354
                         'max_lp':        24'769      68'669     533'288       209'780     1'289    48'210     309'400         0      1'668       12'204    4'509
                          'no_lp':        88'579     414'425   1'646'274     1'207'685     1'237    11'557      99'998         0      1'818       11'089    1'889
            'objective_lb_search':        19'182      58'563     197'502         3'012       737    20'571     194'819         0      1'955       12'273    5'074
     'objective_lb_search_max_lp':        12'574      40'841     120'519         2'364       617    24'622     256'449         0      2'306       14'100    6'867
      'objective_lb_search_no_lp':        75'022     297'962     773'821       130'155     1'204    11'378      96'810         0      2'888       19'207    2'050
                        'probing':             0           0         537             0         0         0           0         0          0            0        0
                 'probing_max_lp':             0           0         524             0         0         0           0         0          0            0        0
                   'pseudo_costs':        26'985      72'969     443'415       121'540     1'256    37'028     250'807         0      3'149       20'659    4'909
                  'quick_restart':        11'750      39'075     181'660        29'118       558    21'724     202'084        34      3'629       22'511    3'673
            'quick_restart_no_lp':       104'644     544'505   1'696'172       995'920     1'037    12'035      91'759       238      7'953       58'945      811
                  'reduced_costs':        39'413     124'281     683'797       325'600       733    19'361     178'872         4      3'319       25'446    2'397

Lp stats                         Component  Iterations  AddedCuts  OPTIMAL  DUAL_F.  DUAL_U.
                  'default_lp':          1     834'107     35'363   85'265        0        1
                   'fs_random':          1           0          0        0        0        0
                   'fs_random':          1         836      1'069       21        0        0
     'fs_random_quick_restart':          1           0          0        0        0        0
     'fs_random_quick_restart':          1           0          0        0        0        0
              'lb_tree_search':          1   1'951'949     23'476   39'647   11'957        0
                      'max_lp':          1   1'214'606     34'329   53'249   32'275       59
         'objective_lb_search':          1   1'110'721     18'966   49'687        0       12
  'objective_lb_search_max_lp':          1   1'265'340     15'950   24'618    8'614       13
                     'probing':          1     370'718     16'709   10'738        0        0
              'probing_max_lp':          1     160'034     22'733    6'991      690        0
                'pseudo_costs':          1   1'076'429     41'602   46'206   27'311       34
               'quick_restart':          1     957'410     26'794   48'363        0        2
               'reduced_costs':          1   1'081'690     67'665   63'097   44'762       27

Lp dimension                                                                       Final dimension of first component
                  'default_lp':    908 rows, 493 columns, 4257 entries with magnitude in [1.171164e-02, 1.000000e+00]
                   'fs_random':         0 rows, 493 columns, 0 entries with magnitude in [0.000000e+00, 0.000000e+00]
                   'fs_random':    602 rows, 493 columns, 2481 entries with magnitude in [6.541596e-03, 1.000000e+00]
     'fs_random_quick_restart':         0 rows, 493 columns, 0 entries with magnitude in [0.000000e+00, 0.000000e+00]
     'fs_random_quick_restart':         0 rows, 493 columns, 0 entries with magnitude in [0.000000e+00, 0.000000e+00]
              'lb_tree_search':   1199 rows, 499 columns, 4499 entries with magnitude in [2.336005e-03, 1.000000e+00]
                      'max_lp':   1743 rows, 499 columns, 5371 entries with magnitude in [2.087001e-04, 1.000000e+00]
         'objective_lb_search':    803 rows, 493 columns, 3603 entries with magnitude in [3.397246e-05, 1.000000e+00]
  'objective_lb_search_max_lp':   1155 rows, 499 columns, 4619 entries with magnitude in [2.386781e-04, 1.000000e+00]
                     'probing':   1153 rows, 493 columns, 6390 entries with magnitude in [3.648878e-03, 1.000000e+00]
              'probing_max_lp':  1166 rows, 499 columns, 10363 entries with magnitude in [1.597453e-03, 1.000000e+00]
                'pseudo_costs':    803 rows, 499 columns, 3468 entries with magnitude in [3.603817e-03, 1.000000e+00]
               'quick_restart':   1244 rows, 493 columns, 7194 entries with magnitude in [6.118087e-05, 1.000000e+00]
               'reduced_costs':   1007 rows, 499 columns, 2395 entries with magnitude in [2.007908e-04, 1.000000e+00]

Lp debug                         CutPropag  CutEqPropag  Adjust  Overflow         Bad  BadScaling
                  'default_lp':         40           57  21'806         0     774'981           0
                   'fs_random':          0            0       0         0           0           0
                   'fs_random':          0            0       3         0       4'369           0
     'fs_random_quick_restart':          0            0       0         0           0           0
     'fs_random_quick_restart':          0            0       0         0           0           0
              'lb_tree_search':        379           65  39'726         0   1'642'775           0
                      'max_lp':        173           12  31'985         0     652'517           0
         'objective_lb_search':        129           37  21'377         0     993'424           0
  'objective_lb_search_max_lp':        238           34  24'039         0     807'582           0
                     'probing':         25          177  10'420         0  11'813'424           0
              'probing_max_lp':         80        1'150   7'665         0   9'405'567           0
                'pseudo_costs':        119           63  38'230         0     973'015           0
               'quick_restart':        260          123  27'385         0   2'060'992           0
               'reduced_costs':        179           55  55'755         0     900'488           0

Lp pool                          Constraints  Updates  Simplif  Merged  Shortened    Split  Strenghtened       Cuts/Call
                  'default_lp':        9'617    1'770   42'318     291      4'960   38'102        18'539  35'363/128'716
                   'fs_random':        1'614        6        0       0          0        6           145     1'069/1'785
                   'fs_random':          545        0        0       0          0        0             0             0/0
     'fs_random_quick_restart':          545        0        0       0          0        0             0             0/0
     'fs_random_quick_restart':          545        0        0       0          0        0             0             0/0
              'lb_tree_search':       15'600    2'787  577'230      67     28'299   41'407       141'015   23'476/83'313
                      'max_lp':       15'208    1'831  403'804     312     22'944   17'969       106'424  34'329/102'554
         'objective_lb_search':       10'424    2'375  295'739      87     20'657   35'204        37'135   18'966/80'726
  'objective_lb_search_max_lp':       16'075    1'994  515'743      66     26'159   19'579       137'459   15'950/52'551
                     'probing':       10'229    2'830  113'016      25      6'502   89'942        12'111   16'709/40'549
              'probing_max_lp':       15'902    4'982  151'154      22      6'579   30'525        68'435   22'733/54'990
                'pseudo_costs':       15'471    1'822  205'377     322      5'606   21'268       105'036  41'602/119'981
               'quick_restart':       10'268    3'422  408'152      71     19'179  140'302        38'682  26'794/105'917
               'reduced_costs':       15'303    2'155  341'116     553     24'557   22'480       122'479  67'665/181'077

Lp Cut            fs_ran  defaul  max_lp  quick_  reduce  pseudo  lb_tre  probin  object  probin  object
          CG_FF:      60   1'309   1'149     481   3'186     910     565     139     485     420     310
           CG_K:      25     892     753     228   2'466     647     247      65     262     204     252
           CG_R:      27     904     496     336   1'805     434     239      69     438     160     180
          CG_RB:      82   2'657   2'933   1'702   5'542   2'015   1'367     532   1'469   1'388     622
         CG_RBP:       1     383     221     253     974     181      68      53     150      63      49
         Clique:       -       -     210       -     525     274     202       -       -     151     221
             IB:     399   7'435   4'995   4'266   8'111   5'404   1'974   3'137   2'468   1'451   1'481
       MIR_1_FF:     128   2'012   1'883   1'396   3'860   2'430   1'198     869   1'407     896   1'024
        MIR_1_K:      17     423     344     231     929     604     155     104     250      79     200
       MIR_1_KL:       -      33      14      32      17      16       9      27       3      11       -
        MIR_1_R:      33     393     260     250     680     368      96     181     235      70     106
       MIR_1_RB:      85   3'726   3'823   2'384   7'880   5'450   2'131   1'461   2'061   1'652   1'776
      MIR_1_RBP:      11     212     539      84   1'101     569     225      50      65     205     122
      MIR_1_RLT:       -       -       4       -       8       9       1       -       -       2       2
       MIR_2_FF:      30   1'085   1'023     658   2'330   1'430     645     325     645     393     540
        MIR_2_K:       6     280     217     157     637     375     112      50     174      56     152
       MIR_2_KL:       2      49      18      46      42      34       8      39      11       8       4
        MIR_2_R:       7     271     336     179     713     495     196     141     166     142     155
       MIR_2_RB:      30   2'134   2'046   1'486   4'230   2'961   1'161     800   1'113     765     861
      MIR_2_RBP:       3     189     331      92     731     361     110      42      60      95      72
       MIR_3_FF:      11     691     662     401   1'498     960     380     233     422     221     350
        MIR_3_K:       6     197     195     120     493     323     115      48     124      60     125
       MIR_3_KL:       -      23      15      28      24      23       6      38      14       4       2
        MIR_3_R:       3     206     285     135     621     439     166     102     136     131     140
       MIR_3_RB:      15   1'298   1'300   1'015   2'579   1'893     772     624     755     506     518
      MIR_3_RBP:       3     143     196      76     433     236      58      44      47      59      46
       MIR_4_FF:       6     516     457     283     924     583     303     151     303     143     199
        MIR_4_K:       3     149     190     100     360     247     111      45      98      53      95
       MIR_4_KL:       -      22       9      16      18       9       5      22       3       -       -
        MIR_4_R:       3     183     256      92     492     302     112      57     108      68      71
       MIR_4_RB:      12     867     724     587   1'512   1'065     467     333     411     280     320
      MIR_4_RBP:       2     111     119      35     280     147      39      34      29      27      30
       MIR_5_FF:       5     349     286     179     596     369     176     112     209      86     123
        MIR_5_K:       1     123     133      74     267     154      84      47      68      30      72
       MIR_5_KL:       -      15       1       8      13       4       3      13       3       -       1
        MIR_5_R:       1     156     162      64     279     201      53      30      71      36      53
       MIR_5_RB:       6     600     445     378     787     648     228     229     237     161     149
      MIR_5_RBP:       -      66      77      41     186      90      22      24      20      12      14
       MIR_6_FF:       2     197     181     117     425     249      97      49     115      38      74
        MIR_6_K:       1      68      96      55     188     101      43      18      51      21      52
       MIR_6_KL:       -      13       -       5       4       7       -       9       4       -       -
        MIR_6_R:       -     108     104      45     182     105      42      22      53      18      31
       MIR_6_RB:       1     319     279     229     460     372      94     107     160      64      71
      MIR_6_RBP:       -      37      50      26     121      81      13      13       6       6       6
   ZERO_HALF_FF:      10     312     369     114     893     458     189      74     104     124     129
    ZERO_HALF_K:       2      81      77      30     248      94      27      14      27       9      28
    ZERO_HALF_R:      14   3'248   4'857   7'154   5'413   5'986   8'072   5'424   3'338  11'649   4'566
   ZERO_HALF_RB:      11     737     998     960   2'087   1'192     917     515     492     625     475
  ZERO_HALF_RBP:       5     141     211     166     515     297     173     194      96      91      81

LNS stats           Improv/Calls  Closed  Difficulty  TimeLimit
  'graph_arc_lns':      269/1003     52%        1.00       0.11
  'graph_cst_lns':       284/851     53%        1.00       0.11
  'graph_dec_lns':      256/1007     52%        1.00       0.11
  'graph_var_lns':       288/991     52%        1.00       0.11
      'rins/rens':       117/936     51%        0.92       0.10
    'rnd_cst_lns':      305/1007     52%        1.00       0.11
    'rnd_var_lns':      247/1008     52%        1.00       0.11

LS stats                   Batches  Restarts   LinMoves   GenMoves  CompoundMoves  WeightUpdates
       'fj_long_default':        0         0          0          0              0              0
   'fj_long_lin_default':        0         0          0          0              0              0
        'fj_long_random':        0         0          0          0              0              0
      'fj_short_default':        1         1          0      3'096            403              1
  'fj_short_lin_default':        0         0          0          0              0              0
   'fj_short_lin_random':        0         0          0          0              0              0
       'fj_short_random':        0         0          0          0              0              0
          'violation_ls':    1'006         0  2'886'831  2'616'847        133'461        490'066
          'violation_ls':    1'006         0  5'641'966  1'388'477         92'167        739'679
          'violation_ls':    1'008         0  4'633'343  2'589'543        121'401        280'154

Solutions (101)                 Num      Rank
              'graph_arc_lns':    4   [29,85]
              'graph_dec_lns':    7   [35,95]
              'graph_var_lns':    6   [39,94]
                      'no_lp':    8   [11,19]
  'objective_lb_search_no_lp':    1     [6,6]
        'quick_restart_no_lp':   28    [1,80]
                'rnd_cst_lns':    2  [38,101]
               'violation_ls':   45   [9,100]

Objective bounds                      Num
                   'initial_domain':    1
                   'lb_tree_search':  145
              'objective_lb_search':   25
       'objective_lb_search_max_lp':   29
        'objective_lb_search_no_lp':   46
  'objective_shaving_search_max_lp':    1
   'objective_shaving_search_no_lp':    2

Solution repositories     Added  Queried  Ignored  Synchro
  'feasible solutions':   5'161   17'915        1    4'920
        'lp solutions':   1'914      490        0    1'718
                'pump':  20'841      518

Improving bounds shared            Num
                        'core':      1
                  'default_lp':    188
             'fs_random_no_lp':      2
              'lb_tree_search':    850
                      'max_lp':    340
                       'no_lp':     32
         'objective_lb_search':    271
  'objective_lb_search_max_lp':    182
   'objective_lb_search_no_lp':    723
                     'probing':  1'838
              'probing_max_lp':    952
                'pseudo_costs':    773
               'quick_restart':  1'102
         'quick_restart_no_lp':  4'394
               'reduced_costs':    767

Clauses shared                   Num
                        'core':    1
                  'default_lp':   21
             'fs_random_no_lp':    3
              'lb_tree_search':  119
                      'max_lp':  103
                       'no_lp':   11
         'objective_lb_search':   94
  'objective_lb_search_max_lp':   53
   'objective_lb_search_no_lp':    9
                'pseudo_costs':   58
               'quick_restart':    4
         'quick_restart_no_lp':  184
               'reduced_costs':   74

CpSolverResponse summary:
status: OPTIMAL
objective: 1867
best_bound: 1867
integers: 494
booleans: 125
conflicts: 0
branches: 272
propagations: 21
integer_propagations: 10867
restarts: 250
lp_iterations: 836
walltime: 344.973
usertime: 344.973
deterministic_time: 2371.26
gap_integral: 5843.48
solution_fingerprint: 0x4dbd07f751a9ce09

