created virtual environment CPython3.12.4.final.0-64 in 5561ms
  creator CPython3Posix(dest=/localscratch/aneumann.63390872.0/env, clear=False, no_vcs_ignore=False, global=False)
  seeder FromAppData(download=False, pip=bundle, via=copy, app_data_dir=/home/aneumann/.local/share/virtualenv)
    added seed packages: pip==25.1.1
  activators BashActivator,CShellActivator,FishActivator,NushellActivator,PowerShellActivator,PythonActivator
Looking in links: /cvmfs/soft.computecanada.ca/custom/python/wheelhouse/gentoo2023/x86-64-v3, /cvmfs/soft.computecanada.ca/custom/python/wheelhouse/gentoo2023/generic, /cvmfs/soft.computecanada.ca/custom/python/wheelhouse/generic
Requirement already satisfied: pip in /localscratch/aneumann.63390872.0/env/lib/python3.12/site-packages (25.1.1)
Looking in links: /cvmfs/soft.computecanada.ca/custom/python/wheelhouse/gentoo2023/x86-64-v3, /cvmfs/soft.computecanada.ca/custom/python/wheelhouse/gentoo2023/generic, /cvmfs/soft.computecanada.ca/custom/python/wheelhouse/generic
ERROR: protobuf-5.28.3-cp38-abi3-manylinux2014_x86_64.whl is not a supported wheel on this platform.
Looking in links: /cvmfs/soft.computecanada.ca/custom/python/wheelhouse/gentoo2023/x86-64-v3, /cvmfs/soft.computecanada.ca/custom/python/wheelhouse/gentoo2023/generic, /cvmfs/soft.computecanada.ca/custom/python/wheelhouse/generic
Processing /home/aneumann/projects/def-adhaj/aneumann/GNRS/wheels/immutabledict-4.2.0-py3-none-any.whl
Installing collected packages: immutabledict
Successfully installed immutabledict-4.2.0
Looking in links: /cvmfs/soft.computecanada.ca/custom/python/wheelhouse/gentoo2023/x86-64-v3, /cvmfs/soft.computecanada.ca/custom/python/wheelhouse/gentoo2023/generic, /cvmfs/soft.computecanada.ca/custom/python/wheelhouse/generic
Processing /cvmfs/soft.computecanada.ca/custom/python/wheelhouse/generic/ortools-9.10.4067+computecanada-cp312-cp312-linux_x86_64.whl (from -r /home/aneumann/projects/def-adhaj/aneumann/GNRS/requirements/or.txt (line 1))
Processing /cvmfs/soft.computecanada.ca/custom/python/wheelhouse/gentoo2023/x86-64-v3/matplotlib-3.10.0+computecanada-cp312-cp312-linux_x86_64.whl (from -r /home/aneumann/projects/def-adhaj/aneumann/GNRS/requirements/or.txt (line 2))
Processing /cvmfs/soft.computecanada.ca/custom/python/wheelhouse/gentoo2023/x86-64-v3/pandas-2.2.3+computecanada-cp312-cp312-linux_x86_64.whl (from -r /home/aneumann/projects/def-adhaj/aneumann/GNRS/requirements/or.txt (line 3))
Processing /cvmfs/soft.computecanada.ca/custom/python/wheelhouse/generic/absl_py-2.2.2+computecanada-py3-none-any.whl (from ortools<9.11,>=9.10->-r /home/aneumann/projects/def-adhaj/aneumann/GNRS/requirements/or.txt (line 1))
Processing /cvmfs/soft.computecanada.ca/custom/python/wheelhouse/gentoo2023/generic/numpy-2.2.2+computecanada-cp312-cp312-linux_x86_64.whl (from ortools<9.11,>=9.10->-r /home/aneumann/projects/def-adhaj/aneumann/GNRS/requirements/or.txt (line 1))
Processing /cvmfs/soft.computecanada.ca/custom/python/wheelhouse/gentoo2023/x86-64-v3/protobuf-6.30.2+computecanada-cp312-cp312-linux_x86_64.whl (from ortools<9.11,>=9.10->-r /home/aneumann/projects/def-adhaj/aneumann/GNRS/requirements/or.txt (line 1))
Requirement already satisfied: immutabledict>=3.0.0 in /localscratch/aneumann.63390872.0/env/lib/python3.12/site-packages (from ortools<9.11,>=9.10->-r /home/aneumann/projects/def-adhaj/aneumann/GNRS/requirements/or.txt (line 1)) (4.2.0)
Processing /cvmfs/soft.computecanada.ca/custom/python/wheelhouse/gentoo2023/generic/contourpy-1.3.1+computecanada-cp312-cp312-linux_x86_64.whl (from matplotlib->-r /home/aneumann/projects/def-adhaj/aneumann/GNRS/requirements/or.txt (line 2))
Processing /cvmfs/soft.computecanada.ca/custom/python/wheelhouse/generic/cycler-0.12.1+computecanada-py3-none-any.whl (from matplotlib->-r /home/aneumann/projects/def-adhaj/aneumann/GNRS/requirements/or.txt (line 2))
Processing /cvmfs/soft.computecanada.ca/custom/python/wheelhouse/generic/fonttools-4.58.2+computecanada-cp312-cp312-linux_x86_64.whl (from matplotlib->-r /home/aneumann/projects/def-adhaj/aneumann/GNRS/requirements/or.txt (line 2))
Processing /cvmfs/soft.computecanada.ca/custom/python/wheelhouse/gentoo2023/x86-64-v3/kiwisolver-1.4.8+computecanada-cp312-cp312-linux_x86_64.whl (from matplotlib->-r /home/aneumann/projects/def-adhaj/aneumann/GNRS/requirements/or.txt (line 2))
Processing /cvmfs/soft.computecanada.ca/custom/python/wheelhouse/generic/packaging-25.0+computecanada-py3-none-any.whl (from matplotlib->-r /home/aneumann/projects/def-adhaj/aneumann/GNRS/requirements/or.txt (line 2))
Processing /cvmfs/soft.computecanada.ca/custom/python/wheelhouse/gentoo2023/x86-64-v3/pillow-11.1.0+computecanada-cp312-cp312-linux_x86_64.whl (from matplotlib->-r /home/aneumann/projects/def-adhaj/aneumann/GNRS/requirements/or.txt (line 2))
Processing /cvmfs/soft.computecanada.ca/custom/python/wheelhouse/generic/pyparsing-3.2.1+computecanada-py3-none-any.whl (from matplotlib->-r /home/aneumann/projects/def-adhaj/aneumann/GNRS/requirements/or.txt (line 2))
Processing /cvmfs/soft.computecanada.ca/custom/python/wheelhouse/generic/python_dateutil-2.9.0.post0+computecanada-py2.py3-none-any.whl (from matplotlib->-r /home/aneumann/projects/def-adhaj/aneumann/GNRS/requirements/or.txt (line 2))
Processing /cvmfs/soft.computecanada.ca/custom/python/wheelhouse/generic/pytz-2025.2+computecanada-py2.py3-none-any.whl (from pandas->-r /home/aneumann/projects/def-adhaj/aneumann/GNRS/requirements/or.txt (line 3))
Processing /cvmfs/soft.computecanada.ca/custom/python/wheelhouse/generic/tzdata-2025.2+computecanada-py2.py3-none-any.whl (from pandas->-r /home/aneumann/projects/def-adhaj/aneumann/GNRS/requirements/or.txt (line 3))
Processing /cvmfs/soft.computecanada.ca/custom/python/wheelhouse/generic/six-1.17.0+computecanada-py2.py3-none-any.whl (from python-dateutil>=2.7->matplotlib->-r /home/aneumann/projects/def-adhaj/aneumann/GNRS/requirements/or.txt (line 2))
Installing collected packages: pytz, tzdata, six, pyparsing, protobuf, pillow, packaging, numpy, kiwisolver, fonttools, cycler, absl-py, python-dateutil, contourpy, pandas, matplotlib, ortools

Successfully installed absl-py-2.2.2+computecanada contourpy-1.3.1+computecanada cycler-0.12.1+computecanada fonttools-4.58.2+computecanada kiwisolver-1.4.8+computecanada matplotlib-3.10.0+computecanada numpy-2.2.2+computecanada ortools-9.10.4067+computecanada packaging-25.0+computecanada pandas-2.2.3+computecanada pillow-11.1.0+computecanada protobuf-6.30.2+computecanada pyparsing-3.2.1+computecanada python-dateutil-2.9.0.post0+computecanada pytz-2025.2+computecanada six-1.17.0+computecanada tzdata-2025.2+computecanada

Starting CP-SAT solver v9.10.4067
Parameters: max_time_in_seconds: 3600 max_memory_in_mb: 12000 log_search_progress: true enumerate_all_solutions: false absolute_gap_limit: 0 relative_gap_limit: 0
Setting number of workers to 48

Initial optimization model '': (model_fingerprint: 0x9b2b3021c0925a98)
#Variables: 133 (#ints: 5 in objective)
  - 84 Booleans in [0,1]
  - 49 in [0,281]
#kLinear1: 16
#kLinear2: 146
#kLinear3: 52
#kLinearN: 398 (#terms: 3'371)

Starting presolve at 0.00s
  1.93e-04s  0.00e+00d  [DetectDominanceRelations] 
  4.76e-03s  0.00e+00d  [PresolveToFixPoint] #num_loops=6 #num_dual_strengthening=3 
  1.38e-05s  0.00e+00d  [ExtractEncodingFromLinear] #potential_supersets=1 
[Symmetry] Graph for symmetry has 551 nodes and 1'597 arcs.
[Symmetry] Symmetry computation done. time: 0.00030594 dtime: 0.00016958
[Symmetry] #generators: 1, average support size: 10
[Symmetry] The model contains 76 duplicate constraints !
[Symmetry] 5 orbits with sizes: 2,2,2,2,2
[Symmetry] Num fixable by intersecting at_most_one with orbits: 1 largest_orbit: 2
  1.08e-03s  7.92e-05d  [Probe] #probed=94 #fixed_bools=2 #new_bounds=16 #equiv=1 
  2.45e-05s  0.00e+00d  [MaxClique] Merged 5(10 literals) into 4(8 literals) at_most_ones. 
  1.27e-04s  0.00e+00d  [DetectDominanceRelations] 
  1.98e-03s  0.00e+00d  [PresolveToFixPoint] #num_loops=4 #num_dual_strengthening=3 
  3.25e-04s  0.00e+00d  [ProcessAtMostOneAndLinear] 
  3.17e-04s  0.00e+00d  [DetectDuplicateConstraints] #duplicates=91 #without_enforcements=13 
  1.48e-04s  2.90e-06d  [DetectDominatedLinearConstraints] #relevant_constraints=156 #num_inclusions=68 #num_redundant=1 
  1.01e-04s  0.00e+00d  [DetectDifferentVariables] #different=15 
  2.60e-05s  0.00e+00d  [ProcessSetPPC] #relevant_constraints=59 
  6.78e-06s  0.00e+00d  [FindAlmostIdenticalLinearConstraints] 
  7.04e-06s  0.00e+00d  [FindBigAtMostOneAndLinearOverlap] 
  1.96e-04s  5.19e-05d  [FindBigVerticalLinearOverlap] #blocks=1 #saved_nz=31 
  2.64e-05s  2.03e-06d  [FindBigHorizontalLinearOverlap] #linears=56 
  3.92e-06s  0.00e+00d  [MergeClauses] 
  1.18e-04s  0.00e+00d  [DetectDominanceRelations] 
  1.23e-03s  0.00e+00d  [PresolveToFixPoint] #num_loops=2 #num_dual_strengthening=1 
  1.14e-04s  0.00e+00d  [DetectDominanceRelations] 
  9.20e-04s  0.00e+00d  [PresolveToFixPoint] #num_loops=1 #num_dual_strengthening=1 
[Symmetry] Graph for symmetry has 438 nodes and 1'204 arcs.
[Symmetry] Symmetry computation done. time: 7.9619e-05 dtime: 7.876e-05
  7.97e-04s  6.48e-05d  [Probe] #probed=90 #new_bounds=2 
  3.78e-06s  0.00e+00d  [MaxClique] 
  1.18e-04s  0.00e+00d  [DetectDominanceRelations] 
  1.01e-03s  0.00e+00d  [PresolveToFixPoint] #num_loops=2 #num_dual_strengthening=1 
  2.85e-04s  0.00e+00d  [ProcessAtMostOneAndLinear] 
  2.18e-04s  0.00e+00d  [DetectDuplicateConstraints] #without_enforcements=13 
  1.11e-04s  2.66e-06d  [DetectDominatedLinearConstraints] #relevant_constraints=156 #num_inclusions=57 
  8.68e-05s  0.00e+00d  [DetectDifferentVariables] #different=15 
  2.54e-05s  0.00e+00d  [ProcessSetPPC] #relevant_constraints=56 
  6.85e-06s  0.00e+00d  [FindAlmostIdenticalLinearConstraints] 
  6.47e-06s  0.00e+00d  [FindBigAtMostOneAndLinearOverlap] 
  1.54e-04s  4.85e-05d  [FindBigVerticalLinearOverlap] 
  1.69e-05s  2.03e-06d  [FindBigHorizontalLinearOverlap] #linears=56 
  2.89e-06s  0.00e+00d  [MergeClauses] 
  1.17e-04s  0.00e+00d  [DetectDominanceRelations] 
  9.44e-04s  0.00e+00d  [PresolveToFixPoint] #num_loops=1 #num_dual_strengthening=1 
  1.12e-04s  0.00e+00d  [DetectDominanceRelations] 
  9.17e-04s  0.00e+00d  [PresolveToFixPoint] #num_loops=1 #num_dual_strengthening=1 
[Symmetry] Graph for symmetry has 438 nodes and 1'204 arcs.
[Symmetry] Symmetry computation done. time: 7.9919e-05 dtime: 7.876e-05
  7.82e-04s  6.43e-05d  [Probe] #probed=90 
  3.53e-06s  0.00e+00d  [MaxClique] 
  1.17e-04s  0.00e+00d  [DetectDominanceRelations] 
  9.57e-04s  0.00e+00d  [PresolveToFixPoint] #num_loops=1 #num_dual_strengthening=1 
  2.86e-04s  0.00e+00d  [ProcessAtMostOneAndLinear] 
  2.18e-04s  0.00e+00d  [DetectDuplicateConstraints] #without_enforcements=13 
  1.11e-04s  2.66e-06d  [DetectDominatedLinearConstraints] #relevant_constraints=156 #num_inclusions=57 
  8.62e-05s  0.00e+00d  [DetectDifferentVariables] #different=15 
  2.52e-05s  0.00e+00d  [ProcessSetPPC] #relevant_constraints=56 
  7.20e-06s  0.00e+00d  [FindAlmostIdenticalLinearConstraints] 
  6.41e-06s  0.00e+00d  [FindBigAtMostOneAndLinearOverlap] 
  1.51e-04s  4.85e-05d  [FindBigVerticalLinearOverlap] 
  1.69e-05s  2.03e-06d  [FindBigHorizontalLinearOverlap] #linears=56 
  2.90e-06s  0.00e+00d  [MergeClauses] 
  1.17e-04s  0.00e+00d  [DetectDominanceRelations] 
  9.41e-04s  0.00e+00d  [PresolveToFixPoint] #num_loops=1 #num_dual_strengthening=1 
  1.66e-05s  0.00e+00d  [ExpandObjective] #entries=4 #tight_variables=2 #tight_constraints=1 

Presolve summary:
  - 19 affine relations were detected.
  - rule 'TODO dual: only one blocking constraint?' was applied 237 times.
  - rule 'TODO dual: only one unspecified blocking constraint?' was applied 65 times.
  - rule 'TODO duplicate: identical constraint with different enforcements' was applied 39 times.
  - rule 'affine: new relation' was applied 19 times.
  - rule 'at_most_one: removed literals' was applied 4 times.
  - rule 'at_most_one: size one' was applied 4 times.
  - rule 'at_most_one: transformed into max clique.' was applied 1 time.
  - rule 'deductions: 56 stored' was applied 1 time.
  - rule 'dual: fix variable' was applied 12 times.
  - rule 'dual: reduced domain' was applied 24 times.
  - rule 'duplicate: merged rhs of linear constraint' was applied 15 times.
  - rule 'duplicate: removed constraint' was applied 91 times.
  - rule 'enforcement: false literal' was applied 16 times.
  - rule 'enforcement: true literal' was applied 8 times.
  - rule 'exactly_one: x and not(x)' was applied 1 time.
  - rule 'incompatible linear: add implication' was applied 9 times.
  - rule 'linear inclusion: redundant containing constraint' was applied 1 time.
  - rule 'linear matrix: common vertical rectangle' was applied 1 time.
  - rule 'linear2: contains a Boolean.' was applied 3 times.
  - rule 'linear: always true' was applied 250 times.
  - rule 'linear: doubleton free' was applied 6 times.
  - rule 'linear: empty' was applied 18 times.
  - rule 'linear: extracted enforcement literal' was applied 470 times.
  - rule 'linear: fixed or dup variables' was applied 414 times.
  - rule 'linear: positive equal one' was applied 1 time.
  - rule 'linear: reduced variable domains' was applied 55 times.
  - rule 'linear: remapped using affine relations' was applied 372 times.
  - rule 'linear: simplified rhs' was applied 926 times.
  - rule 'linear: singleton column' was applied 1 time.
  - rule 'linear: variable substitution 1' was applied 6 times.
  - rule 'presolve: 51 unused variables removed.' was applied 1 time.
  - rule 'presolve: iteration' was applied 3 times.
  - rule 'probing: reduced enforced constraint to implication.' was applied 5 times.
  - rule 'symmetry: fixed to false in general orbit' was applied 1 time.

Presolved optimization model '': (model_fingerprint: 0xe59afdc06a1ce71a)
#Variables: 57 (#ints: 5 in objective)
  - 20 Booleans in [0,1]
  - 1 in [0,124]
  - 3 in [0,168]
  - 2 in [0,189]
  - 4 in [0,211]
  - 1 in [0,213]
  - 1 in [0,222]
  - 1 in [0,224]
  - 1 in [0,227]
  - 1 in [0,248]
  - 1 in [2,229]
  - 1 in [3,227]
  - 1 in [3,230]
  - 1 in [3,230][284,511]
  - 1 in [3,251]
  - 1 in [19,243]
  - 1 in [35,246]
  - 2 in [43,270]
  - 2 in [48,270]
  - 1 in [49,276]
  - 1 in [54,276]
  - 3 in [57,270]
  - 1 in [63,276]
  - 3 in [102,270]
  - 1 in [108,276]
  - 1 in [113,281]
#kLinear2: 78 (#enforced: 51 #multi: 35)
#kLinear3: 58 (#enforced: 48 #multi: 21)
#kLinearN: 71 (#enforced: 41) (#terms: 465)

Preloading model.
#Bound   0.02s best:inf   next:[115,1069] initial_domain
[Symmetry] Graph for symmetry has 361 nodes and 1'204 arcs.
[Symmetry] Symmetry computation done. time: 7.5469e-05 dtime: 7.414e-05
#Model   0.02s var:57/57 constraints:207/207

Starting search at 0.02s with 48 workers.
16 full problem subsolvers: [core, default_lp, lb_tree_search, max_lp, no_lp, objective_lb_search, objective_lb_search_max_lp, objective_lb_search_no_lp, objective_shaving_search_max_lp, objective_shaving_search_no_lp, probing, probing_max_lp, pseudo_costs, quick_restart, quick_restart_no_lp, reduced_costs]
30 first solution subsolvers: [fj_long_default(2), fj_long_lin_default, fj_long_lin_perturb, fj_long_lin_random, fj_long_perturb, fj_long_random, fj_short_default(2), fj_short_lin_default(2), fj_short_lin_perturb, fj_short_lin_random, fj_short_perturb, fj_short_random, fs_random(4), fs_random_no_lp(4), fs_random_quick_restart(4), fs_random_quick_restart_no_lp(3)]
13 incomplete subsolvers: [feasibility_pump, graph_arc_lns, graph_cst_lns, graph_dec_lns, graph_var_lns, rins/rens, rnd_cst_lns, rnd_var_lns, violation_ls(5)]
3 helper subsolvers: [neighborhood_helper, synchronization_agent, update_gap_integral]
#1       0.03s best:501   next:[115,500]  no_lp (fixed_bools=0/31)
#Bound   0.03s best:501   next:[116,500]  bool_core (num_cores=1 [size:1 mw:1] a=5 d=0 fixed=0/25 clauses=0)
#2       0.03s best:500   next:[116,499]  violation_ls(batch:1 #solutions_imported:1 #lin_moves:0 #lin_evals:7 #gen_moves:3 #gen_evals:0 #comp_moves:3 #backtracks:0 #weight_updates:0)
#3       0.03s best:459   next:[116,458]  quick_restart_no_lp (fixed_bools=0/53)
#4       0.03s best:458   next:[116,457]  quick_restart_no_lp (fixed_bools=0/54)
#5       0.03s best:457   next:[116,456]  quick_restart_no_lp (fixed_bools=0/63)
#Bound   0.03s best:457   next:[117,456]  bool_core (num_cores=2 [size:2 mw:1 d:1] a=4 d=1 fixed=1/26 clauses=0)
#Bound   0.03s best:457   next:[118,456]  bool_core (num_cores=2 [cover] a=4 d=1 fixed=1/29 clauses=1)
#Bound   0.03s best:457   next:[172,456]  probing
#6       0.03s best:456   next:[172,455]  violation_ls(batch:1 #solutions_imported:1 #lin_moves:1 #lin_evals:5 #weight_updates:0)
#7       0.03s best:455   next:[172,454]  violation_ls(batch:1 #solutions_imported:1 #lin_moves:0 #lin_evals:6 #gen_moves:3 #gen_evals:0 #comp_moves:3 #backtracks:0 #weight_updates:0)
#8       0.03s best:454   next:[172,453]  violation_ls(batch:1 #solutions_imported:1 #lin_moves:0 #lin_evals:2 #gen_moves:1 #gen_evals:0 #comp_moves:1 #backtracks:0 #weight_updates:0)
#9       0.03s best:413   next:[172,412]  no_lp (fixed_bools=0/43)
#10      0.03s best:400   next:[172,399]  no_lp (fixed_bools=0/46)
#11      0.03s best:395   next:[172,394]  no_lp (fixed_bools=0/47)
#12      0.03s best:394   next:[172,393]  quick_restart_no_lp (fixed_bools=2/96)
#13      0.03s best:379   next:[172,378]  quick_restart_no_lp (fixed_bools=2/102)
#Bound   0.03s best:379   next:[289,378]  objective_lb_search_no_lp
#14      0.04s best:378   next:[289,377]  violation_ls(batch:2 #solutions_imported:2 #lin_moves:1 #lin_evals:12 #gen_moves:3 #gen_evals:0 #comp_moves:3 #backtracks:0 #weight_updates:0)
#15      0.04s best:377   next:[289,376]  violation_ls(batch:2 #solutions_imported:2 #lin_moves:1 #lin_evals:8 #gen_moves:1 #gen_evals:0 #comp_moves:1 #backtracks:0 #weight_updates:0)
#16      0.04s best:376   next:[289,375]  violation_ls(batch:2 #solutions_imported:2 #lin_moves:1 #lin_evals:11 #gen_moves:3 #gen_evals:0 #comp_moves:3 #backtracks:0 #weight_updates:0)
#17      0.04s best:375   next:[289,374]  violation_ls(batch:2 #solutions_imported:2 #lin_moves:1 #lin_evals:10 #gen_moves:3 #gen_evals:0 #comp_moves:3 #backtracks:0 #weight_updates:0)
#18      0.04s best:374   next:[289,373]  violation_ls(batch:2 #solutions_imported:2 #lin_moves:0 #lin_evals:43 #gen_moves:30 #gen_evals:0 #comp_moves:2 #backtracks:14 #weight_updates:0)
#19      0.04s best:353   next:[289,352]  no_lp (fixed_bools=3/59)
#Bound   0.04s best:353   next:[298,352]  objective_lb_search_no_lp
#Model   0.04s var:56/57 constraints:179/207
#20      0.04s best:350   next:[298,349]  no_lp (fixed_bools=6/75)
#Bound   0.04s best:350   next:[300,349]  objective_lb_search_no_lp
#Bound   0.04s best:350   next:[301,349]  objective_lb_search_no_lp
#21      0.04s best:345   next:[301,344]  graph_var_lns (d=0.81 s=64 t=0.10 p=1.00 stall=0 h=auto_l0)
#22      0.05s best:332   next:[301,331]  no_lp (fixed_bools=6/83)
#Bound   0.05s best:332   next:[302,331]  objective_lb_search_no_lp
#Bound   0.05s best:332   next:[303,331]  objective_lb_search_no_lp
#Bound   0.05s best:332   next:[306,331]  objective_lb_search_no_lp
#Bound   0.05s best:332   next:[307,331]  objective_lb_search_no_lp
#Bound   0.05s best:332   next:[308,331]  objective_lb_search_no_lp
#Bound   0.05s best:332   next:[319,331]  objective_lb_search_no_lp
#Done    0.05s quick_restart_no_lp
#Done    0.05s objective_lb_search_no_lp
#Done    0.05s no_lp
#Model   0.05s var:45/57 constraints:62/207
#Done    0.05s core

Task timing                                  n [     min,      max]      avg      dev     time         n [     min,      max]      avg      dev    dtime
                             'core':         1 [ 27.88ms,  27.88ms]  27.88ms   0.00ns  27.88ms         1 [  8.77ms,   8.77ms]   8.77ms   0.00ns   8.77ms
                       'default_lp':         1 [ 28.43ms,  28.43ms]  28.43ms   0.00ns  28.43ms         1 [433.84us, 433.84us] 433.84us   0.00ns 433.84us
                 'feasibility_pump':         3 [570.54us,   6.78ms]   4.52ms   2.80ms  13.56ms         2 [959.42us,   1.01ms] 986.14us  26.73us   1.97ms
                  'fj_long_default':         0 [  0.00ns,   0.00ns]   0.00ns   0.00ns   0.00ns         0 [  0.00ns,   0.00ns]   0.00ns   0.00ns   0.00ns
                  'fj_long_default':         0 [  0.00ns,   0.00ns]   0.00ns   0.00ns   0.00ns         0 [  0.00ns,   0.00ns]   0.00ns   0.00ns   0.00ns
              'fj_long_lin_default':         0 [  0.00ns,   0.00ns]   0.00ns   0.00ns   0.00ns         0 [  0.00ns,   0.00ns]   0.00ns   0.00ns   0.00ns
              'fj_long_lin_perturb':         0 [  0.00ns,   0.00ns]   0.00ns   0.00ns   0.00ns         0 [  0.00ns,   0.00ns]   0.00ns   0.00ns   0.00ns
               'fj_long_lin_random':         0 [  0.00ns,   0.00ns]   0.00ns   0.00ns   0.00ns         0 [  0.00ns,   0.00ns]   0.00ns   0.00ns   0.00ns
                  'fj_long_perturb':         0 [  0.00ns,   0.00ns]   0.00ns   0.00ns   0.00ns         0 [  0.00ns,   0.00ns]   0.00ns   0.00ns   0.00ns
                   'fj_long_random':         0 [  0.00ns,   0.00ns]   0.00ns   0.00ns   0.00ns         0 [  0.00ns,   0.00ns]   0.00ns   0.00ns   0.00ns
                 'fj_short_default':         0 [  0.00ns,   0.00ns]   0.00ns   0.00ns   0.00ns         0 [  0.00ns,   0.00ns]   0.00ns   0.00ns   0.00ns
                 'fj_short_default':         0 [  0.00ns,   0.00ns]   0.00ns   0.00ns   0.00ns         0 [  0.00ns,   0.00ns]   0.00ns   0.00ns   0.00ns
             'fj_short_lin_default':         0 [  0.00ns,   0.00ns]   0.00ns   0.00ns   0.00ns         0 [  0.00ns,   0.00ns]   0.00ns   0.00ns   0.00ns
             'fj_short_lin_default':         0 [  0.00ns,   0.00ns]   0.00ns   0.00ns   0.00ns         0 [  0.00ns,   0.00ns]   0.00ns   0.00ns   0.00ns
             'fj_short_lin_perturb':         0 [  0.00ns,   0.00ns]   0.00ns   0.00ns   0.00ns         0 [  0.00ns,   0.00ns]   0.00ns   0.00ns   0.00ns
              'fj_short_lin_random':         0 [  0.00ns,   0.00ns]   0.00ns   0.00ns   0.00ns         0 [  0.00ns,   0.00ns]   0.00ns   0.00ns   0.00ns
                 'fj_short_perturb':         0 [  0.00ns,   0.00ns]   0.00ns   0.00ns   0.00ns         0 [  0.00ns,   0.00ns]   0.00ns   0.00ns   0.00ns
                  'fj_short_random':         0 [  0.00ns,   0.00ns]   0.00ns   0.00ns   0.00ns         0 [  0.00ns,   0.00ns]   0.00ns   0.00ns   0.00ns
                        'fs_random':         0 [  0.00ns,   0.00ns]   0.00ns   0.00ns   0.00ns         0 [  0.00ns,   0.00ns]   0.00ns   0.00ns   0.00ns
                        'fs_random':         0 [  0.00ns,   0.00ns]   0.00ns   0.00ns   0.00ns         0 [  0.00ns,   0.00ns]   0.00ns   0.00ns   0.00ns
                        'fs_random':         0 [  0.00ns,   0.00ns]   0.00ns   0.00ns   0.00ns         0 [  0.00ns,   0.00ns]   0.00ns   0.00ns   0.00ns
                        'fs_random':         0 [  0.00ns,   0.00ns]   0.00ns   0.00ns   0.00ns         0 [  0.00ns,   0.00ns]   0.00ns   0.00ns   0.00ns
                  'fs_random_no_lp':         0 [  0.00ns,   0.00ns]   0.00ns   0.00ns   0.00ns         0 [  0.00ns,   0.00ns]   0.00ns   0.00ns   0.00ns
                  'fs_random_no_lp':         0 [  0.00ns,   0.00ns]   0.00ns   0.00ns   0.00ns         0 [  0.00ns,   0.00ns]   0.00ns   0.00ns   0.00ns
                  'fs_random_no_lp':         0 [  0.00ns,   0.00ns]   0.00ns   0.00ns   0.00ns         0 [  0.00ns,   0.00ns]   0.00ns   0.00ns   0.00ns
                  'fs_random_no_lp':         0 [  0.00ns,   0.00ns]   0.00ns   0.00ns   0.00ns         0 [  0.00ns,   0.00ns]   0.00ns   0.00ns   0.00ns
          'fs_random_quick_restart':         0 [  0.00ns,   0.00ns]   0.00ns   0.00ns   0.00ns         0 [  0.00ns,   0.00ns]   0.00ns   0.00ns   0.00ns
          'fs_random_quick_restart':         0 [  0.00ns,   0.00ns]   0.00ns   0.00ns   0.00ns         0 [  0.00ns,   0.00ns]   0.00ns   0.00ns   0.00ns
          'fs_random_quick_restart':         0 [  0.00ns,   0.00ns]   0.00ns   0.00ns   0.00ns         0 [  0.00ns,   0.00ns]   0.00ns   0.00ns   0.00ns
          'fs_random_quick_restart':         0 [  0.00ns,   0.00ns]   0.00ns   0.00ns   0.00ns         0 [  0.00ns,   0.00ns]   0.00ns   0.00ns   0.00ns
    'fs_random_quick_restart_no_lp':         0 [  0.00ns,   0.00ns]   0.00ns   0.00ns   0.00ns         0 [  0.00ns,   0.00ns]   0.00ns   0.00ns   0.00ns
    'fs_random_quick_restart_no_lp':         0 [  0.00ns,   0.00ns]   0.00ns   0.00ns   0.00ns         0 [  0.00ns,   0.00ns]   0.00ns   0.00ns   0.00ns
    'fs_random_quick_restart_no_lp':         0 [  0.00ns,   0.00ns]   0.00ns   0.00ns   0.00ns         0 [  0.00ns,   0.00ns]   0.00ns   0.00ns   0.00ns
                    'graph_arc_lns':         5 [997.20us,   4.87ms]   3.21ms   1.29ms  16.07ms         4 [ 10.00ns,  60.37us]  27.14us  22.56us 108.56us
                    'graph_cst_lns':         5 [296.25us, 447.74us] 366.00us  57.42us   1.83ms         0 [  0.00ns,   0.00ns]   0.00ns   0.00ns   0.00ns
                    'graph_dec_lns':         4 [946.81us,   4.77ms]   2.50ms   1.49ms  10.00ms         4 [ 10.00ns, 132.27us]  35.69us  55.92us 142.76us
                    'graph_var_lns':         5 [970.16us,   9.47ms]   4.92ms   3.42ms  24.58ms         4 [ 10.00ns, 528.59us] 150.46us 218.94us 601.86us
                   'lb_tree_search':         1 [ 27.10ms,  27.10ms]  27.10ms   0.00ns  27.10ms         1 [358.72us, 358.72us] 358.72us   0.00ns 358.72us
                           'max_lp':         1 [ 28.15ms,  28.15ms]  28.15ms   0.00ns  28.15ms         1 [358.72us, 358.72us] 358.72us   0.00ns 358.72us
                            'no_lp':         1 [ 27.61ms,  27.61ms]  27.61ms   0.00ns  27.61ms         1 [  3.19ms,   3.19ms]   3.19ms   0.00ns   3.19ms
              'objective_lb_search':         1 [ 27.07ms,  27.07ms]  27.07ms   0.00ns  27.07ms         1 [434.47us, 434.47us] 434.47us   0.00ns 434.47us
       'objective_lb_search_max_lp':         1 [ 25.88ms,  25.88ms]  25.88ms   0.00ns  25.88ms         1 [963.47us, 963.47us] 963.47us   0.00ns 963.47us
        'objective_lb_search_no_lp':         1 [ 25.12ms,  25.12ms]  25.12ms   0.00ns  25.12ms         1 [  2.75ms,   2.75ms]   2.75ms   0.00ns   2.75ms
  'objective_shaving_search_max_lp':         5 [815.83us,   3.28ms]   2.12ms 791.99us  10.61ms         0 [  0.00ns,   0.00ns]   0.00ns   0.00ns   0.00ns
   'objective_shaving_search_no_lp':         5 [  1.08ms,   3.53ms]   2.29ms 792.54us  11.47ms         0 [  0.00ns,   0.00ns]   0.00ns   0.00ns   0.00ns
                          'probing':         1 [ 27.05ms,  27.05ms]  27.05ms   0.00ns  27.05ms         1 [342.92us, 342.92us] 342.92us   0.00ns 342.92us
                   'probing_max_lp':         1 [ 26.55ms,  26.55ms]  26.55ms   0.00ns  26.55ms         1 [355.51us, 355.51us] 355.51us   0.00ns 355.51us
                     'pseudo_costs':         1 [ 27.52ms,  27.52ms]  27.52ms   0.00ns  27.52ms         1 [907.30us, 907.30us] 907.30us   0.00ns 907.30us
                    'quick_restart':         1 [ 28.13ms,  28.13ms]  28.13ms   0.00ns  28.13ms         1 [377.51us, 377.51us] 377.51us   0.00ns 377.51us
              'quick_restart_no_lp':         1 [ 26.78ms,  26.78ms]  26.78ms   0.00ns  26.78ms         1 [  3.61ms,   3.61ms]   3.61ms   0.00ns   3.61ms
                    'reduced_costs':         1 [ 27.84ms,  27.84ms]  27.84ms   0.00ns  27.84ms         1 [888.90us, 888.90us] 888.90us   0.00ns 888.90us
                        'rins/rens':         5 [122.82us,  10.58ms]   4.03ms   3.71ms  20.14ms         4 [ 10.00ns, 461.75us] 199.68us 166.22us 798.71us
                      'rnd_cst_lns':         5 [  1.17ms,   9.26ms]   5.12ms   3.29ms  25.59ms         4 [ 10.00ns, 486.29us] 134.09us 203.86us 536.36us
                      'rnd_var_lns':         5 [465.22us,   6.22ms]   2.47ms   2.07ms  12.37ms         4 [ 10.00ns, 218.69us]  59.88us  92.08us 239.52us
                     'violation_ls':         3 [ 88.46us,  15.90ms]   5.45ms   7.39ms  16.34ms         3 [690.00ns,   4.88ms]   1.63ms   2.30ms   4.89ms
                     'violation_ls':         3 [ 98.99us,  15.58ms]   5.33ms   7.25ms  16.00ms         3 [540.00ns,   7.81ms]   2.61ms   3.68ms   7.82ms
                     'violation_ls':         3 [110.63us,  15.43ms]   5.25ms   7.19ms  15.76ms         3 [690.00ns,   7.55ms]   2.52ms   3.56ms   7.56ms
                     'violation_ls':         3 [115.60us,  15.49ms]   5.31ms   7.20ms  15.92ms         3 [690.00ns,   7.89ms]   2.63ms   3.72ms   7.89ms
                     'violation_ls':         3 [235.92us,  15.43ms]   5.37ms   7.11ms  16.11ms         3 [300.00ns,   4.75ms]   1.60ms   2.23ms   4.80ms

Search stats                        Bools  Conflicts  Branches  Restarts  BoolPropag  IntegerPropag
                           'core':    598        131       353       228      21'811         16'811
                     'default_lp':     20          0        40        40           2            267
                      'fs_random':      0          0         0         0           0              0
                      'fs_random':      0          0         0         0           0              0
                      'fs_random':      0          0         0         0           0              0
                      'fs_random':      0          0         0         0           0              0
                'fs_random_no_lp':      0          0         0         0           0              0
                'fs_random_no_lp':      0          0         0         0           0              0
                'fs_random_no_lp':      0          0         0         0           0              0
                'fs_random_no_lp':      0          0         0         0           0              0
        'fs_random_quick_restart':      0          0         0         0           0              0
        'fs_random_quick_restart':      0          0         0         0           0              0
        'fs_random_quick_restart':      0          0         0         0           0              0
        'fs_random_quick_restart':      0          0         0         0           0              0
  'fs_random_quick_restart_no_lp':      0          0         0         0           0              0
  'fs_random_quick_restart_no_lp':      0          0         0         0           0              0
  'fs_random_quick_restart_no_lp':      0          0         0         0           0              0
                 'lb_tree_search':     20          0        40        40           0            221
                         'max_lp':     20          0        40        40           0            221
                          'no_lp':     83        139       715       239       3'196         21'327
            'objective_lb_search':     20          0        40        40           2            267
     'objective_lb_search_max_lp':     20          0        40        40          12            297
      'objective_lb_search_no_lp':     34        160       454       244       1'355         19'318
                        'probing':     22          0        44        44           1            235
                 'probing_max_lp':     20          0        40        40           0            221
                   'pseudo_costs':     20          0        40        40          10            339
                  'quick_restart':     20          0        40        40           2            267
            'quick_restart_no_lp':    111        115     1'225       346       5'031         23'228
                  'reduced_costs':     20          0        40        40           6            273

SAT stats                           ClassicMinim  LitRemoved  LitLearned  LitForgotten  Subsumed  MClauses  MDecisions  MLitTrue  MSubsumed  MLitRemoved  MReused
                           'core':            22          49          81             0         0         0           0         0          0            0        0
                     'default_lp':             0           0           0             0         0         0           0         0          0            0        0
                      'fs_random':             0           0           0             0         0         0           0         0          0            0        0
                      'fs_random':             0           0           0             0         0         0           0         0          0            0        0
                      'fs_random':             0           0           0             0         0         0           0         0          0            0        0
                      'fs_random':             0           0           0             0         0         0           0         0          0            0        0
                'fs_random_no_lp':             0           0           0             0         0         0           0         0          0            0        0
                'fs_random_no_lp':             0           0           0             0         0         0           0         0          0            0        0
                'fs_random_no_lp':             0           0           0             0         0         0           0         0          0            0        0
                'fs_random_no_lp':             0           0           0             0         0         0           0         0          0            0        0
        'fs_random_quick_restart':             0           0           0             0         0         0           0         0          0            0        0
        'fs_random_quick_restart':             0           0           0             0         0         0           0         0          0            0        0
        'fs_random_quick_restart':             0           0           0             0         0         0           0         0          0            0        0
        'fs_random_quick_restart':             0           0           0             0         0         0           0         0          0            0        0
  'fs_random_quick_restart_no_lp':             0           0           0             0         0         0           0         0          0            0        0
  'fs_random_quick_restart_no_lp':             0           0           0             0         0         0           0         0          0            0        0
  'fs_random_quick_restart_no_lp':             0           0           0             0         0         0           0         0          0            0        0
                 'lb_tree_search':             0           0           0             0         0         0           0         0          0            0        0
                         'max_lp':             0           0           0             0         0         0           0         0          0            0        0
                          'no_lp':            68         127         528             0        14        17          64         1          6           29        4
            'objective_lb_search':             0           0           0             0         0         0           0         0          0            0        0
     'objective_lb_search_max_lp':             0           0           0             0         0         0           0         0          0            0        0
      'objective_lb_search_no_lp':           102         190         548             0        19        10          47         0          4           17        3
                        'probing':             0           0           0             0         0         0           0         0          0            0        0
                 'probing_max_lp':             0           0           0             0         0         0           0         0          0            0        0
                   'pseudo_costs':             0           0           0             0         0         0           0         0          0            0        0
                  'quick_restart':             0           0           0             0         0         0           0         0          0            0        0
            'quick_restart_no_lp':            31          54         538             0        12        48         225         1         25          111        5
                  'reduced_costs':             0           0           0             0         0         0           0         0          0            0        0

Lp stats                         Component  Iterations  AddedCuts  OPTIMAL  DUAL_F.  DUAL_U.
                  'default_lp':          1          96        279       11        0        0
              'lb_tree_search':          1          59        239        5        0        0
                      'max_lp':          1          59        263        5        0        0
         'objective_lb_search':          1          96        283       11        0        0
  'objective_lb_search_max_lp':          1         122        256       11        0        0
                     'probing':          1          82        249       11        0        0
              'probing_max_lp':          1          59        264        5        0        0
                'pseudo_costs':          1         122        245       11        0        0
               'quick_restart':          1          90        277       11        0        0
               'reduced_costs':          1         118        251       11        0        0

Lp dimension                                                                    Final dimension of first component
                  'default_lp':   123 rows, 57 columns, 392 entries with magnitude in [2.434100e-02, 1.000000e+00]
              'lb_tree_search':  265 rows, 57 columns, 1299 entries with magnitude in [1.915865e-02, 1.000000e+00]
                      'max_lp':  264 rows, 57 columns, 1296 entries with magnitude in [1.915865e-02, 1.000000e+00]
         'objective_lb_search':   123 rows, 57 columns, 395 entries with magnitude in [2.434100e-02, 1.000000e+00]
  'objective_lb_search_max_lp':   156 rows, 57 columns, 100 entries with magnitude in [1.344560e-01, 1.000000e+00]
                     'probing':   125 rows, 57 columns, 469 entries with magnitude in [2.434100e-02, 1.000000e+00]
              'probing_max_lp':  262 rows, 57 columns, 1288 entries with magnitude in [1.915865e-02, 1.000000e+00]
                'pseudo_costs':   158 rows, 57 columns, 153 entries with magnitude in [5.981395e-02, 1.000000e+00]
               'quick_restart':   122 rows, 57 columns, 384 entries with magnitude in [2.434100e-02, 1.000000e+00]
               'reduced_costs':   157 rows, 57 columns, 402 entries with magnitude in [2.794134e-02, 1.000000e+00]

Lp debug                         CutPropag  CutEqPropag  Adjust  Overflow  Bad  BadScaling
                  'default_lp':          0            0       2         0  193           0
              'lb_tree_search':          0            0       0         0   86           0
                      'max_lp':          0            0       0         0  106           0
         'objective_lb_search':          0            0       2         0  192           0
  'objective_lb_search_max_lp':          0            0       2         0  154           0
                     'probing':          0            0       4         0  235           0
              'probing_max_lp':          0            0       2         0  102           0
                'pseudo_costs':          0            0       3         0  157           0
               'quick_restart':          0            0       2         0  184           0
               'reduced_costs':          0            0       3         0  179           0

Lp pool                          Constraints  Updates  Simplif  Merged  Shortened  Split  Strenghtened  Cuts/Call
                  'default_lp':          342       22       88       4         49      0            63    279/514
              'lb_tree_search':          445        2        0       1          0      3            47    239/480
                      'max_lp':          469        2        0       1          0      3            44    263/510
         'objective_lb_search':          346       22       88       4         49      0            66    283/520
  'objective_lb_search_max_lp':          445       21      471      18        372      3           234    256/464
                     'probing':          316        0        0       0          0      0             6    249/494
              'probing_max_lp':          470        2        0       1          0      3            43    264/507
                'pseudo_costs':          451       16      397       1        364      1            99    245/482
               'quick_restart':          340       25       91       4         58      0            73    277/517
               'reduced_costs':          456       31      350       2        287      2           248    251/482

Lp Cut           defaul  max_lp  quick_  reduce  pseudo  lb_tre  probin  object  probin  object
         CG_FF:      28      29      29      26      25      25      23      29      29      25
          CG_K:      22      21      23      13      13      18      10      23      19      13
          CG_R:      11      18       8       7       5      18       4      11      18       5
         CG_RB:      57      46      57      47      48      31      58      58      50      46
        CG_RBP:       2       7       2       2       2       5       2       2       5       2
            IB:      76      56      76      59      61      56      67      76      56      76
      MIR_1_FF:      29      30      29      28      25      29      24      29      31      27
       MIR_1_K:       2       1       1       2       2       3       1       2       2       2
       MIR_1_R:       9       9       9       5       3       9       8       9       9       3
      MIR_1_RB:      15       9      13      25      22      10      17      15      11      20
     MIR_1_RBP:       -       3       -       3       3       2       1       -       2       3
      MIR_2_FF:       5       6       5       7       7       7       4       4       7       6
       MIR_2_K:       -       3       -       -       -       2       -       -       2       -
       MIR_2_R:       -       3       -       2       3       3       -       -       3       3
      MIR_2_RB:       5       5       6       5       4       3       7       5       3       5
     MIR_2_RBP:       -       1       -       -       -       1       -       -       1       -
      MIR_3_FF:       -       1       -       -       -       1       -       -       1       -
       MIR_3_K:       -       2       -       -       -       1       -       -       -       -
       MIR_3_R:       -       1       -       -       -       1       -       -       1       -
      MIR_3_RB:       -       1       1       -       -       2       1       -       1       -
     MIR_3_RBP:       -       -       -       -       -       1       -       -       -       -
      MIR_4_FF:       -       1       -       -       -       -       -       -       1       -
       MIR_4_R:       -       1       -       -       -       -       -       -       1       -
      MIR_4_RB:       -       1       -       -       -       -       -       -       2       -
     MIR_4_RBP:       -       -       -       -       -       -       -       -       1       -
      MIR_5_FF:       -       -       -       -       -       1       -       -       1       -
       MIR_5_R:       -       -       -       -       -       1       -       -       -       -
      MIR_5_RB:       -       1       -       -       -       1       -       -       -       -
       MIR_6_R:       -       -       -       -       -       1       -       -       -       -
  ZERO_HALF_FF:       4       3       4       4       5       3       5       5       3       5
   ZERO_HALF_K:       -       1       -       -       -       1       -       -       1       -
   ZERO_HALF_R:       7       3       7      10      11       3      10       8       3      10
  ZERO_HALF_RB:       7       -       7       6       6       -       7       7       -       5

LNS stats           Improv/Calls  Closed  Difficulty  TimeLimit
  'graph_arc_lns':           2/5    100%        0.94       0.10
  'graph_cst_lns':           0/0      0%        0.50       0.10
  'graph_dec_lns':           2/4    100%        0.91       0.10
  'graph_var_lns':           3/5    100%        0.94       0.10
      'rins/rens':           2/4    100%        0.91       0.10
    'rnd_cst_lns':           3/5    100%        0.94       0.10
    'rnd_var_lns':           3/5    100%        0.94       0.10

LS stats                   Batches  Restarts  LinMoves  GenMoves  CompoundMoves  WeightUpdates
       'fj_long_default':        0         0         0         0              0              0
       'fj_long_default':        0         0         0         0              0              0
   'fj_long_lin_default':        0         0         0         0              0              0
   'fj_long_lin_perturb':        0         0         0         0              0              0
    'fj_long_lin_random':        0         0         0         0              0              0
       'fj_long_perturb':        0         0         0         0              0              0
        'fj_long_random':        0         0         0         0              0              0
      'fj_short_default':        0         0         0         0              0              0
      'fj_short_default':        0         0         0         0              0              0
  'fj_short_lin_default':        0         0         0         0              0              0
  'fj_short_lin_default':        0         0         0         0              0              0
  'fj_short_lin_perturb':        0         0         0         0              0              0
   'fj_short_lin_random':        0         0         0         0              0              0
      'fj_short_perturb':        0         0         0         0              0              0
       'fj_short_random':        0         0         0         0              0              0
          'violation_ls':        3         0         0     2'164             38             17
          'violation_ls':        3         0         1     2'321             43             18
          'violation_ls':        3         0     1'869         3              3          1'547
          'violation_ls':        3         0     1'870         1              1          1'564
          'violation_ls':        3         0     2'378         3              3          2'027

Solutions (22)            Num     Rank
        'graph_var_lns':    1  [21,21]
                'no_lp':    7   [1,22]
  'quick_restart_no_lp':    5   [3,13]
         'violation_ls':    9   [2,18]

Objective bounds                Num
                  'bool_core':    3
             'initial_domain':    1
  'objective_lb_search_no_lp':   10
                    'probing':    1

Solution repositories    Added  Queried  Ignored  Synchro
  'feasible solutions':     52       87        3       39
        'lp solutions':      0        0        0        0
                'pump':     42        5

Improving bounds shared         Num
                       'core':    2
                      'no_lp':  127
  'objective_lb_search_no_lp':    4
        'quick_restart_no_lp':   80

Clauses shared                  Num
                      'no_lp':   26
  'objective_lb_search_no_lp':    2
        'quick_restart_no_lp':   10

CpSolverResponse summary:
status: OPTIMAL
objective: 332
best_bound: 332
integers: 0
booleans: 0
conflicts: 0
branches: 0
propagations: 0
integer_propagations: 0
restarts: 0
lp_iterations: 0
walltime: 0.0586519
usertime: 0.0586519
deterministic_time: 0.0614708
gap_integral: 0.0534317
solution_fingerprint: 0xcc693647f37eda8


--- Simulation Gantt à partir du modèle mathématique ---
{'big':1, 'due_date':59, 'pos_time':5, 'status':0, 'blocked':0, 'operations':["{'type':0, 'processing_time':25}"]}
{'big':0, 'due_date':157, 'pos_time':5, 'status':2, 'blocked':2, 'operations':["{'type':1, 'processing_time':29}", "{'type':0, 'processing_time':30}"]}
{'big':1, 'due_date':68, 'pos_time':5, 'status':0, 'blocked':1, 'operations':["{'type':1, 'processing_time':10}", "{'type':0, 'processing_time':33}"]}
{'big':1, 'due_date':52, 'pos_time':5, 'status':0, 'blocked':0, 'operations':["{'type':1, 'processing_time':46}"]}
