created virtual environment CPython3.12.4.final.0-64 in 15748ms
  creator CPython3Posix(dest=/localscratch/aneumann.63393244.0/env, clear=False, no_vcs_ignore=False, global=False)
  seeder FromAppData(download=False, pip=bundle, via=copy, app_data_dir=/home/aneumann/.local/share/virtualenv)
    added seed packages: pip==25.1.1
  activators BashActivator,CShellActivator,FishActivator,NushellActivator,PowerShellActivator,PythonActivator
Looking in links: /cvmfs/soft.computecanada.ca/custom/python/wheelhouse/gentoo2023/x86-64-v3, /cvmfs/soft.computecanada.ca/custom/python/wheelhouse/gentoo2023/generic, /cvmfs/soft.computecanada.ca/custom/python/wheelhouse/generic
Requirement already satisfied: pip in /localscratch/aneumann.63393244.0/env/lib/python3.12/site-packages (25.1.1)
Looking in links: /cvmfs/soft.computecanada.ca/custom/python/wheelhouse/gentoo2023/x86-64-v3, /cvmfs/soft.computecanada.ca/custom/python/wheelhouse/gentoo2023/generic, /cvmfs/soft.computecanada.ca/custom/python/wheelhouse/generic
ERROR: protobuf-5.28.3-cp38-abi3-manylinux2014_x86_64.whl is not a supported wheel on this platform.
Looking in links: /cvmfs/soft.computecanada.ca/custom/python/wheelhouse/gentoo2023/x86-64-v3, /cvmfs/soft.computecanada.ca/custom/python/wheelhouse/gentoo2023/generic, /cvmfs/soft.computecanada.ca/custom/python/wheelhouse/generic
Processing /home/aneumann/projects/def-adhaj/aneumann/GNRS/wheels/immutabledict-4.2.0-py3-none-any.whl
Installing collected packages: immutabledict
Successfully installed immutabledict-4.2.0
Looking in links: /cvmfs/soft.computecanada.ca/custom/python/wheelhouse/gentoo2023/x86-64-v3, /cvmfs/soft.computecanada.ca/custom/python/wheelhouse/gentoo2023/generic, /cvmfs/soft.computecanada.ca/custom/python/wheelhouse/generic
Processing /cvmfs/soft.computecanada.ca/custom/python/wheelhouse/generic/ortools-9.10.4067+computecanada-cp312-cp312-linux_x86_64.whl (from -r /home/aneumann/projects/def-adhaj/aneumann/GNRS/requirements/or.txt (line 1))
Processing /cvmfs/soft.computecanada.ca/custom/python/wheelhouse/gentoo2023/x86-64-v3/matplotlib-3.10.0+computecanada-cp312-cp312-linux_x86_64.whl (from -r /home/aneumann/projects/def-adhaj/aneumann/GNRS/requirements/or.txt (line 2))
Processing /cvmfs/soft.computecanada.ca/custom/python/wheelhouse/gentoo2023/x86-64-v3/pandas-2.2.3+computecanada-cp312-cp312-linux_x86_64.whl (from -r /home/aneumann/projects/def-adhaj/aneumann/GNRS/requirements/or.txt (line 3))
Processing /cvmfs/soft.computecanada.ca/custom/python/wheelhouse/generic/absl_py-2.2.2+computecanada-py3-none-any.whl (from ortools<9.11,>=9.10->-r /home/aneumann/projects/def-adhaj/aneumann/GNRS/requirements/or.txt (line 1))
Processing /cvmfs/soft.computecanada.ca/custom/python/wheelhouse/gentoo2023/generic/numpy-2.2.2+computecanada-cp312-cp312-linux_x86_64.whl (from ortools<9.11,>=9.10->-r /home/aneumann/projects/def-adhaj/aneumann/GNRS/requirements/or.txt (line 1))
Processing /cvmfs/soft.computecanada.ca/custom/python/wheelhouse/gentoo2023/x86-64-v3/protobuf-6.30.2+computecanada-cp312-cp312-linux_x86_64.whl (from ortools<9.11,>=9.10->-r /home/aneumann/projects/def-adhaj/aneumann/GNRS/requirements/or.txt (line 1))
Requirement already satisfied: immutabledict>=3.0.0 in /localscratch/aneumann.63393244.0/env/lib/python3.12/site-packages (from ortools<9.11,>=9.10->-r /home/aneumann/projects/def-adhaj/aneumann/GNRS/requirements/or.txt (line 1)) (4.2.0)
Processing /cvmfs/soft.computecanada.ca/custom/python/wheelhouse/gentoo2023/generic/contourpy-1.3.1+computecanada-cp312-cp312-linux_x86_64.whl (from matplotlib->-r /home/aneumann/projects/def-adhaj/aneumann/GNRS/requirements/or.txt (line 2))
Processing /cvmfs/soft.computecanada.ca/custom/python/wheelhouse/generic/cycler-0.12.1+computecanada-py3-none-any.whl (from matplotlib->-r /home/aneumann/projects/def-adhaj/aneumann/GNRS/requirements/or.txt (line 2))
Processing /cvmfs/soft.computecanada.ca/custom/python/wheelhouse/generic/fonttools-4.58.2+computecanada-cp312-cp312-linux_x86_64.whl (from matplotlib->-r /home/aneumann/projects/def-adhaj/aneumann/GNRS/requirements/or.txt (line 2))
Processing /cvmfs/soft.computecanada.ca/custom/python/wheelhouse/gentoo2023/x86-64-v3/kiwisolver-1.4.8+computecanada-cp312-cp312-linux_x86_64.whl (from matplotlib->-r /home/aneumann/projects/def-adhaj/aneumann/GNRS/requirements/or.txt (line 2))
Processing /cvmfs/soft.computecanada.ca/custom/python/wheelhouse/generic/packaging-25.0+computecanada-py3-none-any.whl (from matplotlib->-r /home/aneumann/projects/def-adhaj/aneumann/GNRS/requirements/or.txt (line 2))
Processing /cvmfs/soft.computecanada.ca/custom/python/wheelhouse/gentoo2023/x86-64-v3/pillow-11.1.0+computecanada-cp312-cp312-linux_x86_64.whl (from matplotlib->-r /home/aneumann/projects/def-adhaj/aneumann/GNRS/requirements/or.txt (line 2))
Processing /cvmfs/soft.computecanada.ca/custom/python/wheelhouse/generic/pyparsing-3.2.1+computecanada-py3-none-any.whl (from matplotlib->-r /home/aneumann/projects/def-adhaj/aneumann/GNRS/requirements/or.txt (line 2))
Processing /cvmfs/soft.computecanada.ca/custom/python/wheelhouse/generic/python_dateutil-2.9.0.post0+computecanada-py2.py3-none-any.whl (from matplotlib->-r /home/aneumann/projects/def-adhaj/aneumann/GNRS/requirements/or.txt (line 2))
Processing /cvmfs/soft.computecanada.ca/custom/python/wheelhouse/generic/pytz-2025.2+computecanada-py2.py3-none-any.whl (from pandas->-r /home/aneumann/projects/def-adhaj/aneumann/GNRS/requirements/or.txt (line 3))
Processing /cvmfs/soft.computecanada.ca/custom/python/wheelhouse/generic/tzdata-2025.2+computecanada-py2.py3-none-any.whl (from pandas->-r /home/aneumann/projects/def-adhaj/aneumann/GNRS/requirements/or.txt (line 3))
Processing /cvmfs/soft.computecanada.ca/custom/python/wheelhouse/generic/six-1.17.0+computecanada-py2.py3-none-any.whl (from python-dateutil>=2.7->matplotlib->-r /home/aneumann/projects/def-adhaj/aneumann/GNRS/requirements/or.txt (line 2))
Installing collected packages: pytz, tzdata, six, pyparsing, protobuf, pillow, packaging, numpy, kiwisolver, fonttools, cycler, absl-py, python-dateutil, contourpy, pandas, matplotlib, ortools

Successfully installed absl-py-2.2.2+computecanada contourpy-1.3.1+computecanada cycler-0.12.1+computecanada fonttools-4.58.2+computecanada kiwisolver-1.4.8+computecanada matplotlib-3.10.0+computecanada numpy-2.2.2+computecanada ortools-9.10.4067+computecanada packaging-25.0+computecanada pandas-2.2.3+computecanada pillow-11.1.0+computecanada protobuf-6.30.2+computecanada pyparsing-3.2.1+computecanada python-dateutil-2.9.0.post0+computecanada pytz-2025.2+computecanada six-1.17.0+computecanada tzdata-2025.2+computecanada

Starting CP-SAT solver v9.10.4067
Parameters: max_time_in_seconds: 3600 max_memory_in_mb: 12000 log_search_progress: true enumerate_all_solutions: false absolute_gap_limit: 0 relative_gap_limit: 0
Setting number of workers to 48

Initial optimization model '': (model_fingerprint: 0x348600239230584d)
#Variables: 370 (#ints: 9 in objective)
  - 269 Booleans in [0,1]
  - 101 in [0,705]
#kLinear1: 47
#kLinear2: 676
#kLinear3: 202
#kLinearN: 3'786 (#terms: 65'679)

Starting presolve at 0.00s
  4.22e-03s  0.00e+00d  [DetectDominanceRelations] 
  8.60e-02s  0.00e+00d  [PresolveToFixPoint] #num_loops=6 #num_dual_strengthening=3 
  4.41e-05s  0.00e+00d  [ExtractEncodingFromLinear] #potential_supersets=2 
[Symmetry] Graph for symmetry has 4'655 nodes and 53'074 arcs.
[Symmetry] Symmetry computation done. time: 0.00454496 dtime: 0.0045445
[Symmetry] #generators: 1, average support size: 20
[Symmetry] The model contains 430 duplicate constraints !
[Symmetry] 10 orbits with sizes: 2,2,2,2,2,2,2,2,2,2
[Symmetry] Num fixable by intersecting at_most_one with orbits: 1 largest_orbit: 2
  2.31e-02s  2.99e-03d  [Probe] #probed=390 #fixed_bools=5 #new_bounds=25 #equiv=1 
  4.12e-05s  0.00e+00d  [MaxClique] Merged 2(4 literals) into 1(2 literals) at_most_ones. 
  4.17e-03s  0.00e+00d  [DetectDominanceRelations] 
  4.86e-02s  0.00e+00d  [PresolveToFixPoint] #num_loops=4 #num_dual_strengthening=3 
  1.54e-02s  0.00e+00d  [ProcessAtMostOneAndLinear] 
  5.23e-03s  0.00e+00d  [DetectDuplicateConstraints] #duplicates=484 #without_enforcements=35 
  4.50e-03s  2.20e-04d  [DetectDominatedLinearConstraints] #relevant_constraints=3'237 #num_inclusions=1'035 #num_redundant=2 
  6.34e-04s  0.00e+00d  [DetectDifferentVariables] #different=34 
  1.37e-03s  8.03e-05d  [ProcessSetPPC] #relevant_constraints=2'840 
  3.95e-05s  0.00e+00d  [FindAlmostIdenticalLinearConstraints] 
  1.82e-04s  1.31e-04d  [FindBigAtMostOneAndLinearOverlap] 
  2.00e-02s  5.95e-03d  [FindBigVerticalLinearOverlap] #blocks=81 #saved_nz=10'406 
  6.96e-04s  1.75e-04d  [FindBigHorizontalLinearOverlap] #linears=2'734 
  2.49e-05s  0.00e+00d  [MergeClauses] 
  4.22e-03s  0.00e+00d  [DetectDominanceRelations] 
  4.18e-02s  0.00e+00d  [PresolveToFixPoint] #num_loops=2 #num_dual_strengthening=1 
  4.23e-03s  0.00e+00d  [DetectDominanceRelations] 
  2.57e-02s  0.00e+00d  [PresolveToFixPoint] #num_loops=1 #num_dual_strengthening=1 
[Symmetry] Graph for symmetry has 4'376 nodes and 41'057 arcs.
[Symmetry] Symmetry computation done. time: 0.00163156 dtime: 0.00244805
  2.17e-02s  2.61e-03d  [Probe] #probed=380 #new_bounds=84 
  2.34e-05s  0.00e+00d  [MaxClique] 
  4.23e-03s  0.00e+00d  [DetectDominanceRelations] 
  4.79e-02s  0.00e+00d  [PresolveToFixPoint] #num_loops=4 #num_dual_strengthening=3 
  1.37e-02s  0.00e+00d  [ProcessAtMostOneAndLinear] 
  4.50e-03s  0.00e+00d  [DetectDuplicateConstraints] #without_enforcements=35 
  3.04e-03s  1.49e-04d  [DetectDominatedLinearConstraints] #relevant_constraints=3'109 #num_inclusions=109 
  6.29e-04s  0.00e+00d  [DetectDifferentVariables] #different=44 #cliques=2 #size=6 
  1.20e-03s  5.82e-05d  [ProcessSetPPC] #relevant_constraints=2'679 
  6.75e-05s  3.00e-07d  [FindAlmostIdenticalLinearConstraints] #num_tested_pairs=20 
  1.09e-04s  5.75e-05d  [FindBigAtMostOneAndLinearOverlap] 
  1.28e-02s  3.78e-03d  [FindBigVerticalLinearOverlap] #blocks=98 #saved_nz=10'167 
  5.73e-04s  1.16e-04d  [FindBigHorizontalLinearOverlap] #linears=2'438 
  2.56e-05s  0.00e+00d  [MergeClauses] 
  3.30e-03s  0.00e+00d  [DetectDominanceRelations] 
  5.05e-02s  0.00e+00d  [PresolveToFixPoint] #num_loops=3 #num_dual_strengthening=1 
  3.29e-03s  0.00e+00d  [DetectDominanceRelations] 
  3.08e-02s  0.00e+00d  [PresolveToFixPoint] #num_loops=1 #num_dual_strengthening=1 
  2.00e-02s  2.20e-03d  [Probe] #probed=380 #new_bounds=81 
  2.35e-05s  0.00e+00d  [MaxClique] 
  3.26e-03s  0.00e+00d  [DetectDominanceRelations] 
  4.80e-02s  0.00e+00d  [PresolveToFixPoint] #num_loops=2 #num_dual_strengthening=1 
  1.15e-02s  0.00e+00d  [ProcessAtMostOneAndLinear] 
  4.16e-03s  0.00e+00d  [DetectDuplicateConstraints] #without_enforcements=35 
  2.39e-03s  1.05e-04d  [DetectDominatedLinearConstraints] #relevant_constraints=3'151 #num_inclusions=56 
  4.92e-04s  0.00e+00d  [DetectDifferentVariables] 
  9.30e-04s  3.65e-05d  [ProcessSetPPC] #relevant_constraints=2'430 
  9.91e-05s  3.21e-06d  [FindAlmostIdenticalLinearConstraints] #num_tested_pairs=103 
  9.49e-05s  4.25e-05d  [FindBigAtMostOneAndLinearOverlap] 
  6.51e-03s  2.09e-03d  [FindBigVerticalLinearOverlap] #blocks=47 #saved_nz=4'910 
  5.07e-04s  8.39e-05d  [FindBigHorizontalLinearOverlap] #linears=2'066 
  2.60e-05s  0.00e+00d  [MergeClauses] 
  2.77e-03s  0.00e+00d  [DetectDominanceRelations] 
  3.87e-02s  0.00e+00d  [PresolveToFixPoint] #num_loops=3 #num_dual_strengthening=1 
  1.81e-04s  0.00e+00d  [ExpandObjective] #entries=1'204 #tight_variables=248 #tight_constraints=154 

Presolve summary:
  - 87 affine relations were detected.
  - rule 'TODO dual: only one blocking constraint?' was applied 922 times.
  - rule 'TODO dual: only one unspecified blocking constraint?' was applied 135 times.
  - rule 'TODO duplicate: identical constraint with different enforcements' was applied 105 times.
  - rule 'TODO no_overlap: with task always last' was applied 2 times.
  - rule 'affine: new relation' was applied 87 times.
  - rule 'all_diff: inferred from x != y constraints' was applied 2 times.
  - rule 'at_most_one: removed literals' was applied 1 time.
  - rule 'at_most_one: size one' was applied 1 time.
  - rule 'at_most_one: transformed into max clique.' was applied 1 time.
  - rule 'deductions: 410 stored' was applied 1 time.
  - rule 'dual: fix variable' was applied 24 times.
  - rule 'dual: reduced domain' was applied 77 times.
  - rule 'duplicate: merged rhs of linear constraint' was applied 58 times.
  - rule 'duplicate: removed constraint' was applied 484 times.
  - rule 'enforcement: false literal' was applied 34 times.
  - rule 'enforcement: true literal' was applied 23 times.
  - rule 'exactly_one: x and not(x)' was applied 1 time.
  - rule 'incompatible linear: add implication' was applied 30 times.
  - rule 'linear inclusion: redundant containing constraint' was applied 2 times.
  - rule 'linear matrix: common vertical rectangle' was applied 226 times.
  - rule 'linear1: always true' was applied 1 time.
  - rule 'linear: always true' was applied 639 times.
  - rule 'linear: doubleton free' was applied 13 times.
  - rule 'linear: empty' was applied 38 times.
  - rule 'linear: extracted enforcement literal' was applied 4'485 times.
  - rule 'linear: fixed or dup variables' was applied 3'925 times.
  - rule 'linear: positive equal one' was applied 2 times.
  - rule 'linear: reduced variable domains' was applied 338 times.
  - rule 'linear: remapped using affine relations' was applied 3'908 times.
  - rule 'linear: simplified rhs' was applied 15'608 times.
  - rule 'linear: variable substitution 1' was applied 13 times.
  - rule 'linear: variable substitution 2' was applied 26 times.
  - rule 'linear: variable substitution 3' was applied 1 time.
  - rule 'presolve: 105 unused variables removed.' was applied 1 time.
  - rule 'presolve: iteration' was applied 3 times.
  - rule 'probing: reduced enforced constraint to implication.' was applied 2 times.
  - rule 'symmetry: fixed to false in general orbit' was applied 1 time.

Presolved optimization model '': (model_fingerprint: 0xfdc73a2369f956b9)
#Variables: 364 (#ints: 9 in objective)
  - 90 Booleans in [0,1]
  - 230 different domains in [-9084,8986] with a largest complexity of 15.
#kAllDiff: 2
#kExactlyOne: 1 (#literals: 3)
#kLinear2: 535 (#enforced: 459 #multi: 266)
#kLinear3: 619 (#enforced: 515)
#kLinearN: 2'455 (#enforced: 2'286) (#terms: 18'355)

Preloading model.
#Bound   0.63s best:inf   next:[174,5143] initial_domain
#Model   0.63s var:364/364 constraints:3612/3612

Starting search at 0.64s with 48 workers.
16 full problem subsolvers: [core, default_lp, lb_tree_search, max_lp, no_lp, objective_lb_search, objective_lb_search_max_lp, objective_lb_search_no_lp, objective_shaving_search_max_lp, objective_shaving_search_no_lp, probing, probing_max_lp, pseudo_costs, quick_restart, quick_restart_no_lp, reduced_costs]
30 first solution subsolvers: [fj_long_default(2), fj_long_lin_default, fj_long_lin_perturb, fj_long_lin_random, fj_long_perturb, fj_long_random, fj_short_default(2), fj_short_lin_default(2), fj_short_lin_perturb, fj_short_lin_random, fj_short_perturb, fj_short_random, fs_random(4), fs_random_no_lp(4), fs_random_quick_restart(4), fs_random_quick_restart_no_lp(3)]
13 incomplete subsolvers: [feasibility_pump, graph_arc_lns, graph_cst_lns, graph_dec_lns, graph_var_lns, rins/rens, rnd_cst_lns, rnd_var_lns, violation_ls(5)]
3 helper subsolvers: [neighborhood_helper, synchronization_agent, update_gap_integral]
#Bound   0.70s best:inf   next:[215,5143] objective_lb_search_no_lp
#Bound   0.72s best:inf   next:[224,5143] objective_lb_search_no_lp
#Bound   0.74s best:inf   next:[250,5143] objective_lb_search_no_lp
#1       0.78s best:2386  next:[250,2385] fs_random_quick_restart_no_lp (fixed_bools=0/113)
#2       0.78s best:2260  next:[250,2259] quick_restart_no_lp (fixed_bools=0/122)
#3       0.82s best:2250  next:[250,2249] no_lp (fixed_bools=0/131)
#Bound   0.82s best:2250  next:[362,2249] objective_lb_search_no_lp
#4       0.84s best:2240  next:[362,2239] no_lp (fixed_bools=0/133)
#5       0.85s best:2236  next:[362,2235] quick_restart_no_lp (fixed_bools=0/168)
#6       0.85s best:2202  next:[362,2201] no_lp (fixed_bools=0/135)
#7       0.86s best:2141  next:[362,2140] no_lp (fixed_bools=0/137)
#8       0.87s best:2079  next:[362,2078] no_lp (fixed_bools=0/140)
#9       0.88s best:2052  next:[362,2051] no_lp (fixed_bools=0/150)
#10      0.89s best:1997  next:[362,1996] no_lp (fixed_bools=0/162)
#11      0.91s best:1994  next:[362,1993] quick_restart_no_lp (fixed_bools=0/203)
#12      0.92s best:1993  next:[362,1992] violation_ls(batch:2 #solutions_imported:2 #lin_moves:171 #lin_evals:20'500 #gen_moves:9'115 #gen_evals:1'138 #comp_moves:358 #backtracks:4'377 #weight_updates:155)
#13      0.92s best:1992  next:[362,1991] violation_ls(batch:3 #solutions_imported:3 #lin_moves:194 #lin_evals:20'619 #gen_moves:9'115 #gen_evals:1'138 #comp_moves:358 #backtracks:4'377 #weight_updates:166)
#14      0.92s best:1991  next:[362,1990] violation_ls(batch:4 #solutions_imported:4 #lin_moves:194 #lin_evals:20'632 #gen_moves:9'122 #gen_evals:1'141 #comp_moves:359 #backtracks:4'380 #weight_updates:166)
#15      0.92s best:1990  next:[362,1989] violation_ls(batch:5 #solutions_imported:5 #lin_moves:194 #lin_evals:20'693 #gen_moves:9'152 #gen_evals:1'144 #comp_moves:361 #backtracks:4'394 #weight_updates:166)
#16      0.93s best:1989  next:[362,1988] violation_ls(batch:3 #solutions_imported:3 #lin_moves:556 #lin_evals:24'772 #gen_moves:8'397 #gen_evals:729 #comp_moves:1'211 #backtracks:3'593 #weight_updates:391)
#17      0.93s best:1988  next:[362,1987] violation_ls(batch:4 #solutions_imported:4 #lin_moves:557 #lin_evals:24'781 #gen_moves:8'397 #gen_evals:729 #comp_moves:1'211 #backtracks:3'593 #weight_updates:391)
#18      0.93s best:1987  next:[362,1986] violation_ls(batch:5 #solutions_imported:5 #lin_moves:557 #lin_evals:24'852 #gen_moves:8'425 #gen_evals:729 #comp_moves:1'213 #backtracks:3'606 #weight_updates:391)
#19      0.94s best:1986  next:[362,1985] violation_ls(batch:6 #solutions_imported:6 #lin_moves:587 #lin_evals:25'022 #gen_moves:8'425 #gen_evals:729 #comp_moves:1'213 #backtracks:3'606 #weight_updates:416)
#20      0.95s best:1951  next:[362,1950] quick_restart_no_lp (fixed_bools=0/233)
#21      0.95s best:1950  next:[362,1949] violation_ls(batch:3 #solutions_imported:3 #lin_moves:1 #lin_evals:28'405 #gen_moves:10'784 #gen_evals:1'231 #comp_moves:1'458 #backtracks:4'662 #weight_updates:123)
#22      0.95s best:1948  next:[362,1947] violation_ls(batch:7 #solutions_imported:7 #lin_moves:195 #lin_evals:26'666 #gen_moves:11'492 #gen_evals:1'431 #comp_moves:595 #backtracks:5'447 #weight_updates:203)
#23      0.96s best:1946  next:[362,1945] violation_ls(batch:8 #solutions_imported:8 #lin_moves:195 #lin_evals:26'678 #gen_moves:11'499 #gen_evals:1'431 #comp_moves:596 #backtracks:5'450 #weight_updates:203)
#24      0.96s best:1944  next:[362,1943] violation_ls(batch:9 #solutions_imported:9 #lin_moves:195 #lin_evals:26'681 #gen_moves:11'500 #gen_evals:1'431 #comp_moves:597 #backtracks:5'450 #weight_updates:203)
#25      0.96s best:1942  next:[362,1941] violation_ls(batch:6 #solutions_imported:6 #lin_moves:1 #lin_evals:28'431 #gen_moves:10'799 #gen_evals:1'231 #comp_moves:1'461 #backtracks:4'668 #weight_updates:123)
#26      0.96s best:1941  next:[362,1940] violation_ls(batch:11 #solutions_imported:11 #lin_moves:285 #lin_evals:27'074 #gen_moves:11'500 #gen_evals:1'431 #comp_moves:597 #backtracks:5'450 #weight_updates:240)
#27      0.97s best:1940  next:[362,1939] violation_ls(batch:12 #solutions_imported:12 #lin_moves:495 #lin_evals:27'835 #gen_moves:11'500 #gen_evals:1'431 #comp_moves:597 #backtracks:5'450 #weight_updates:300)
#28      0.98s best:1903  next:[362,1902] no_lp (fixed_bools=0/169)
#29      0.99s best:1877  next:[362,1876] no_lp (fixed_bools=0/171)
#30      1.00s best:1828  next:[362,1827] no_lp (fixed_bools=0/173)
#31      1.01s best:1790  next:[362,1789] no_lp (fixed_bools=0/176)
#32      1.05s best:1745  next:[362,1744] no_lp (fixed_bools=0/186)
#33      1.07s best:1740  next:[362,1739] no_lp (fixed_bools=0/191)
#34      1.10s best:1739  next:[362,1738] violation_ls(batch:4 #solutions_imported:4 #lin_moves:5'612 #lin_evals:68'371 #gen_moves:15'492 #gen_evals:2'229 #comp_moves:1'366 #backtracks:7'054 #weight_updates:5'260)
#35      1.10s best:1738  next:[362,1737] violation_ls(batch:5 #solutions_imported:5 #lin_moves:5'613 #lin_evals:68'380 #gen_moves:15'492 #gen_evals:2'229 #comp_moves:1'366 #backtracks:7'054 #weight_updates:5'260)
#36      1.11s best:1705  next:[362,1704] no_lp (fixed_bools=0/198)
#37      1.12s best:1703  next:[362,1702] quick_restart_no_lp (fixed_bools=0/283)
#38      1.13s best:1701  next:[362,1700] violation_ls(batch:9 #solutions_imported:9 #lin_moves:2 #lin_evals:57'441 #gen_moves:22'810 #gen_evals:2'945 #comp_moves:2'083 #backtracks:10'358 #weight_updates:300)
#39      1.14s best:1700  next:[362,1699] violation_ls(batch:3 #solutions_imported:3 #lin_moves:19'379 #lin_evals:87'204 #gen_moves:1 #gen_evals:0 #comp_moves:1 #backtracks:0 #weight_updates:621)
#40      1.14s best:1698  next:[362,1697] violation_ls(batch:10 #solutions_imported:10 #lin_moves:3 #lin_evals:57'450 #gen_moves:22'810 #gen_evals:2'945 #comp_moves:2'083 #backtracks:10'358 #weight_updates:300)
#41      1.14s best:1697  next:[362,1696] violation_ls(batch:11 #solutions_imported:11 #lin_moves:107 #lin_evals:57'985 #gen_moves:22'810 #gen_evals:2'945 #comp_moves:2'083 #backtracks:10'358 #weight_updates:367)
#42      1.14s best:1696  next:[362,1695] violation_ls(batch:12 #solutions_imported:12 #lin_moves:109 #lin_evals:58'002 #gen_moves:22'810 #gen_evals:2'945 #comp_moves:2'083 #backtracks:10'358 #weight_updates:368)
#43      1.15s best:1695  next:[362,1694] violation_ls(batch:13 #solutions_imported:13 #lin_moves:657 #lin_evals:59'780 #gen_moves:22'810 #gen_evals:2'945 #comp_moves:2'083 #backtracks:10'358 #weight_updates:503)
#44      1.15s best:1694  next:[362,1693] violation_ls(batch:14 #solutions_imported:14 #lin_moves:657 #lin_evals:59'803 #gen_moves:22'823 #gen_evals:2'945 #comp_moves:2'084 #backtracks:10'364 #weight_updates:503)
#45      1.16s best:1693  next:[362,1692] violation_ls(batch:15 #solutions_imported:15 #lin_moves:657 #lin_evals:59'844 #gen_moves:22'845 #gen_evals:2'946 #comp_moves:2'086 #backtracks:10'374 #weight_updates:503)
#46      1.16s best:1684  next:[362,1683] graph_var_lns (d=0.98 s=176 t=0.10 p=1.00 stall=8 h=auto_l0)
#47      1.16s best:1593  next:[362,1592] no_lp (fixed_bools=0/210)
#48      1.21s best:1509  next:[362,1508] no_lp (fixed_bools=0/221)
#49      1.22s best:1506  next:[362,1505] quick_restart_no_lp (fixed_bools=0/310)
#50      1.26s best:1505  next:[362,1504] violation_ls(batch:6 #solutions_imported:6 #lin_moves:24'550 #lin_evals:122'643 #gen_moves:3'965 #gen_evals:272 #comp_moves:187 #backtracks:1'889 #weight_updates:5'510)
#51      1.26s best:1504  next:[362,1503] violation_ls(batch:7 #solutions_imported:7 #lin_moves:24'551 #lin_evals:122'652 #gen_moves:3'965 #gen_evals:272 #comp_moves:187 #backtracks:1'889 #weight_updates:5'510)
#52      1.26s best:1503  next:[362,1502] violation_ls(batch:8 #solutions_imported:8 #lin_moves:24'755 #lin_evals:123'397 #gen_moves:3'965 #gen_evals:272 #comp_moves:187 #backtracks:1'889 #weight_updates:5'549)
#53      1.42s best:1498  next:[362,1497] quick_restart_no_lp (fixed_bools=0/341)
#54      1.44s best:1497  next:[362,1496] violation_ls(batch:12 #solutions_imported:12 #lin_moves:10'972 #lin_evals:142'376 #gen_moves:33'287 #gen_evals:3'622 #comp_moves:3'341 #backtracks:14'972 #weight_updates:10'370)
#55      1.44s best:1496  next:[362,1495] violation_ls(batch:12 #solutions_imported:10 #lin_moves:39'790 #lin_evals:197'566 #gen_moves:3'965 #gen_evals:272 #comp_moves:187 #backtracks:1'889 #weight_updates:20'515)
#56      1.44s best:1495  next:[362,1494] violation_ls(batch:13 #solutions_imported:13 #lin_moves:10'974 #lin_evals:142'390 #gen_moves:33'287 #gen_evals:3'622 #comp_moves:3'341 #backtracks:14'972 #weight_updates:10'371)
#57      1.44s best:1494  next:[362,1493] violation_ls(batch:13 #solutions_imported:11 #lin_moves:39'790 #lin_evals:197'589 #gen_moves:3'974 #gen_evals:272 #comp_moves:188 #backtracks:1'893 #weight_updates:20'515)
#58      1.44s best:1493  next:[362,1492] violation_ls(batch:14 #solutions_imported:14 #lin_moves:10'974 #lin_evals:142'447 #gen_moves:33'319 #gen_evals:3'624 #comp_moves:3'343 #backtracks:14'987 #weight_updates:10'371)
#Bound   1.44s best:1493  next:[417,1492] objective_lb_search_no_lp
#59      1.45s best:1492  next:[417,1491] violation_ls(batch:14 #solutions_imported:12 #lin_moves:40'157 #lin_evals:198'819 #gen_moves:3'974 #gen_evals:272 #comp_moves:188 #backtracks:1'893 #weight_updates:20'622)
#60      1.45s best:1491  next:[417,1490] violation_ls(batch:15 #solutions_imported:13 #lin_moves:40'237 #lin_evals:199'236 #gen_moves:3'974 #gen_evals:272 #comp_moves:188 #backtracks:1'893 #weight_updates:20'694)
#61      1.45s best:1490  next:[417,1489] violation_ls(batch:16 #solutions_imported:14 #lin_moves:40'358 #lin_evals:199'702 #gen_moves:3'974 #gen_evals:272 #comp_moves:188 #backtracks:1'893 #weight_updates:20'744)
#62      1.45s best:1489  next:[417,1488] violation_ls(batch:16 #solutions_imported:16 #lin_moves:11'228 #lin_evals:143'610 #gen_moves:33'319 #gen_evals:3'624 #comp_moves:3'343 #backtracks:14'987 #weight_updates:10'531)
#63      1.46s best:1488  next:[417,1487] violation_ls(batch:17 #solutions_imported:15 #lin_moves:40'366 #lin_evals:199'746 #gen_moves:3'974 #gen_evals:272 #comp_moves:188 #backtracks:1'893 #weight_updates:20'748)
#64      1.47s best:1487  next:[417,1486] violation_ls(batch:18 #solutions_imported:16 #lin_moves:40'519 #lin_evals:200'476 #gen_moves:3'974 #gen_evals:272 #comp_moves:188 #backtracks:1'893 #weight_updates:20'860)
#65      1.47s best:1486  next:[417,1485] violation_ls(batch:19 #solutions_imported:17 #lin_moves:40'537 #lin_evals:200'571 #gen_moves:3'974 #gen_evals:272 #comp_moves:188 #backtracks:1'893 #weight_updates:20'875)
#66      1.49s best:1485  next:[417,1484] violation_ls(batch:20 #solutions_imported:18 #lin_moves:40'636 #lin_evals:200'969 #gen_moves:3'974 #gen_evals:272 #comp_moves:188 #backtracks:1'893 #weight_updates:20'914)
#67      1.50s best:1484  next:[417,1483] violation_ls(batch:12 #solutions_imported:11 #lin_moves:10'880 #lin_evals:152'486 #gen_moves:35'426 #gen_evals:5'443 #comp_moves:4'148 #backtracks:15'625 #weight_updates:10'348)
#Bound   1.51s best:1484  next:[421,1483] objective_lb_search_no_lp
#68      1.52s best:1483  next:[421,1482] violation_ls(batch:13 #solutions_imported:12 #lin_moves:10'880 #lin_evals:154'833 #gen_moves:36'370 #gen_evals:5'505 #comp_moves:4'186 #backtracks:16'078 #weight_updates:10'364)
#69      1.52s best:1482  next:[421,1481] violation_ls(batch:20 #solutions_imported:19 #lin_moves:30'507 #lin_evals:188'223 #gen_moves:22'845 #gen_evals:2'946 #comp_moves:2'086 #backtracks:10'374 #weight_updates:10'747)
#70      1.53s best:1481  next:[421,1480] violation_ls(batch:20 #solutions_imported:20 #lin_moves:11'647 #lin_evals:154'114 #gen_moves:36'946 #gen_evals:3'974 #comp_moves:3'552 #backtracks:16'696 #weight_updates:10'695)
#71      1.53s best:1480  next:[421,1479] violation_ls(batch:15 #solutions_imported:14 #lin_moves:10'880 #lin_evals:158'229 #gen_moves:37'710 #gen_evals:5'592 #comp_moves:4'282 #backtracks:16'700 #weight_updates:10'387)
#72      1.54s best:1479  next:[421,1478] violation_ls(batch:16 #solutions_imported:15 #lin_moves:10'880 #lin_evals:158'264 #gen_moves:37'726 #gen_evals:5'592 #comp_moves:4'284 #backtracks:16'707 #weight_updates:10'387)
#73      1.55s best:1478  next:[421,1477] violation_ls(batch:17 #solutions_imported:16 #lin_moves:10'985 #lin_evals:158'762 #gen_moves:37'726 #gen_evals:5'592 #comp_moves:4'284 #backtracks:16'707 #weight_updates:10'464)
#74      1.57s best:1451  next:[421,1450] no_lp (fixed_bools=0/238)
#75      1.60s best:1438  next:[421,1437] no_lp (fixed_bools=0/239)
#76      1.95s best:1437  next:[421,1436] violation_ls(batch:20 #solutions_imported:17 #lin_moves:10'100 #lin_evals:186'225 #gen_moves:53'682 #gen_evals:7'567 #comp_moves:4'414 #backtracks:24'630 #weight_updates:1'170)
#77      1.95s best:1436  next:[421,1435] violation_ls(batch:21 #solutions_imported:21 #lin_moves:11'811 #lin_evals:154'853 #gen_moves:36'946 #gen_evals:3'974 #comp_moves:3'552 #backtracks:16'696 #weight_updates:10'758)
#78      1.95s best:1435  next:[421,1434] violation_ls(batch:21 #solutions_imported:18 #lin_moves:10'101 #lin_evals:186'233 #gen_moves:53'682 #gen_evals:7'567 #comp_moves:4'414 #backtracks:24'630 #weight_updates:1'170)
#79      1.95s best:1434  next:[421,1433] violation_ls(batch:21 #solutions_imported:20 #lin_moves:30'509 #lin_evals:188'239 #gen_moves:22'845 #gen_evals:2'946 #comp_moves:2'086 #backtracks:10'374 #weight_updates:10'748)
#80      1.95s best:1433  next:[421,1432] violation_ls(batch:20 #solutions_imported:18 #lin_moves:10'987 #lin_evals:197'762 #gen_moves:52'853 #gen_evals:7'658 #comp_moves:6'381 #backtracks:23'218 #weight_updates:10'602)
#81      1.95s best:1432  next:[421,1431] violation_ls(batch:21 #solutions_imported:19 #lin_moves:10'987 #lin_evals:197'767 #gen_moves:52'855 #gen_evals:7'658 #comp_moves:6'383 #backtracks:23'218 #weight_updates:10'602)
#82      2.02s best:1422  next:[421,1421] quick_restart_no_lp (fixed_bools=0/359)
#Bound   2.20s best:1422  next:[431,1421] objective_lb_search_no_lp
#Bound   2.43s best:1422  next:[544,1421] objective_lb_search_no_lp
#83      2.59s best:1282  next:[544,1281] graph_arc_lns (d=0.99 s=281 t=0.10 p=1.00 stall=0 h=auto_l0)
#Bound   2.96s best:1282  next:[545,1281] objective_lb_search_no_lp
#84      3.13s best:1280  next:[545,1279] quick_restart_no_lp (fixed_bools=0/408)
#85      3.16s best:1275  next:[545,1274] quick_restart_no_lp (fixed_bools=0/425)
#86      3.21s best:1273  next:[545,1272] quick_restart_no_lp (fixed_bools=0/432)
#87      3.25s best:1258  next:[545,1257] graph_dec_lns (d=1.00 s=283 t=0.10 p=1.00 stall=0 h=auto_l0)
#88      3.32s best:1257  next:[545,1256] violation_ls(batch:22 #solutions_imported:20 #lin_moves:11'188 #lin_evals:198'774 #gen_moves:52'855 #gen_evals:7'658 #comp_moves:6'383 #backtracks:23'218 #weight_updates:10'714)
#89      3.33s best:1256  next:[545,1255] violation_ls(batch:22 #solutions_imported:20 #lin_moves:50'283 #lin_evals:241'162 #gen_moves:5'062 #gen_evals:495 #comp_moves:230 #backtracks:2'416 #weight_updates:21'283)
#90      3.38s best:1255  next:[545,1254] violation_ls(batch:22 #solutions_imported:21 #lin_moves:30'986 #lin_evals:190'499 #gen_moves:22'845 #gen_evals:2'946 #comp_moves:2'086 #backtracks:10'374 #weight_updates:11'025)
#91      3.46s best:1224  next:[545,1223] rnd_var_lns (d=1.00 s=292 t=0.10 p=1.00 stall=0 h=auto_l0)
#Bound   3.50s best:1224  next:[547,1223] objective_lb_search_no_lp
#92      3.74s best:1219  next:[547,1218] quick_restart_no_lp (fixed_bools=0/489)
#Bound   3.80s best:1219  next:[554,1218] objective_lb_search_no_lp
#93      3.86s best:1214  next:[554,1213] quick_restart_no_lp (fixed_bools=0/497)
#94      3.86s best:1213  next:[554,1212] violation_ls(batch:24 #solutions_imported:22 #lin_moves:50'296 #lin_evals:264'927 #gen_moves:14'099 #gen_evals:1'325 #comp_moves:544 #backtracks:6'775 #weight_updates:21'397)
#95      3.87s best:1212  next:[554,1211] violation_ls(batch:24 #solutions_imported:21 #lin_moves:15'235 #lin_evals:214'202 #gen_moves:54'909 #gen_evals:7'774 #comp_moves:4'499 #backtracks:25'201 #weight_updates:6'053)
#96      3.87s best:1210  next:[554,1209] violation_ls(batch:24 #solutions_imported:23 #lin_moves:36'133 #lin_evals:215'611 #gen_moves:22'846 #gen_evals:2'946 #comp_moves:2'087 #backtracks:10'374 #weight_updates:15'878)
#97      3.92s best:1208  next:[554,1207] quick_restart_no_lp (fixed_bools=0/505)
#98      3.95s best:1207  next:[554,1206] violation_ls(batch:24 #solutions_imported:24 #lin_moves:21'781 #lin_evals:194'547 #gen_moves:36'946 #gen_evals:3'974 #comp_moves:3'552 #backtracks:16'696 #weight_updates:11'219)
#99      4.02s best:1206  next:[554,1205] violation_ls(batch:25 #solutions_imported:23 #lin_moves:11'214 #lin_evals:222'582 #gen_moves:61'365 #gen_evals:8'506 #comp_moves:6'722 #backtracks:27'303 #weight_updates:10'837)
#100     4.02s best:1205  next:[554,1204] violation_ls(batch:25 #solutions_imported:23 #lin_moves:50'324 #lin_evals:265'061 #gen_moves:14'099 #gen_evals:1'325 #comp_moves:544 #backtracks:6'775 #weight_updates:21'411)
#101     4.02s best:1204  next:[554,1203] violation_ls(batch:25 #solutions_imported:25 #lin_moves:21'798 #lin_evals:194'625 #gen_moves:36'946 #gen_evals:3'974 #comp_moves:3'552 #backtracks:16'696 #weight_updates:11'228)
#Bound   4.51s best:1204  next:[583,1203] objective_lb_search
#102     4.99s best:1194  next:[583,1193] graph_arc_lns (d=0.99 s=332 t=0.10 p=0.79 stall=0 h=auto_l0)
#Bound   5.42s best:1194  next:[587,1193] objective_lb_search_no_lp
#Bound   7.33s best:1194  next:[588,1193] objective_shaving_search_no_lp (vars=388 csts=3581)
#Bound   8.42s best:1194  next:[623,1193] objective_lb_search
#Bound  10.79s best:1194  next:[627,1193] objective_lb_search_no_lp
#Bound  11.27s best:1194  next:[629,1193] objective_lb_search_no_lp
#Bound  12.45s best:1194  next:[636,1193] objective_lb_search_no_lp
#Bound  16.02s best:1194  next:[637,1193] objective_shaving_search_no_lp (vars=389 csts=3582)
#Bound  17.31s best:1194  next:[638,1193] objective_lb_search_no_lp
#Bound  21.27s best:1194  next:[640,1193] objective_lb_search_no_lp
#Bound  25.17s best:1194  next:[647,1193] objective_lb_search_no_lp
#Bound  29.38s best:1194  next:[648,1193] objective_lb_search_no_lp
#Bound  30.84s best:1194  next:[659,1193] objective_lb_search_no_lp
#Bound  34.59s best:1194  next:[661,1193] objective_lb_search_no_lp
#Bound  36.36s best:1194  next:[662,1193] objective_lb_search_no_lp
#Bound  41.24s best:1194  next:[664,1193] objective_lb_search
#Bound  41.93s best:1194  next:[667,1193] objective_lb_search_no_lp
#Bound  44.39s best:1194  next:[672,1193] objective_lb_search_no_lp
#Bound  46.28s best:1194  next:[677,1193] objective_lb_search_no_lp
#Bound  53.24s best:1194  next:[678,1193] objective_lb_search_no_lp
#Bound  54.77s best:1194  next:[679,1193] objective_lb_search_no_lp
#Bound  55.38s best:1194  next:[682,1193] objective_lb_search_no_lp
#Bound  57.84s best:1194  next:[691,1193] objective_lb_search_no_lp
#Bound  61.30s best:1194  next:[694,1193] objective_lb_search_no_lp
#Bound  62.49s best:1194  next:[705,1193] objective_lb_search_no_lp
#Bound  64.46s best:1194  next:[707,1193] objective_lb_search_no_lp
#Bound  68.13s best:1194  next:[708,1193] objective_lb_search_no_lp
#Bound  69.02s best:1194  next:[712,1193] objective_lb_search_no_lp
#Bound  69.37s best:1194  next:[721,1193] objective_lb_search_no_lp
#Bound  70.53s best:1194  next:[722,1193] objective_lb_search_no_lp
#Bound  74.94s best:1194  next:[723,1193] objective_lb_search_no_lp
#Bound  76.20s best:1194  next:[725,1193] objective_lb_search_no_lp
#Bound  87.73s best:1194  next:[728,1193] objective_lb_search_no_lp
#Bound  89.57s best:1194  next:[729,1193] objective_lb_search_no_lp
#Bound 104.40s best:1194  next:[730,1193] lb_tree_search (nodes=6396/6399 rc=45 decisions=32990 @root=21 restarts=10) 
#Bound 108.36s best:1194  next:[731,1193] lb_tree_search (nodes=6428/6431 rc=46 decisions=33676 @root=22 restarts=10) 
#Bound 111.64s best:1194  next:[732,1193] objective_lb_search_no_lp
#Bound 116.92s best:1194  next:[733,1193] lb_tree_search (nodes=6508/6511 rc=50 decisions=35312 @root=24 restarts=10) 
#Bound 121.49s best:1194  next:[734,1193] lb_tree_search (nodes=6541/6544 rc=53 decisions=36131 @root=25 restarts=10) 
#Bound 126.08s best:1194  next:[735,1193] lb_tree_search (nodes=6582/6585 rc=55 decisions=36955 @root=26 restarts=10) 
#Bound 131.19s best:1194  next:[736,1193] lb_tree_search (nodes=6643/6646 rc=57 decisions=37916 @root=27 restarts=10) 
#Bound 136.24s best:1194  next:[737,1193] lb_tree_search (nodes=6696/6699 rc=60 decisions=38890 @root=28 restarts=10) 
#Bound 141.22s best:1194  next:[738,1193] lb_tree_search (nodes=6756/6759 rc=62 decisions=39880 @root=29 restarts=10) 
#Bound 148.12s best:1194  next:[739,1193] lb_tree_search (nodes=6795/6798 rc=63 decisions=40616 @root=30 restarts=10) 
#Bound 155.34s best:1194  next:[740,1193] lb_tree_search (nodes=6841/6844 rc=68 decisions=41436 @root=31 restarts=10) 
#Bound 160.35s best:1194  next:[741,1193] lb_tree_search (nodes=6885/6888 rc=70 decisions=42359 @root=32 restarts=10) 
#Bound 165.42s best:1194  next:[742,1193] lb_tree_search (nodes=6930/6933 rc=76 decisions=43334 @root=33 restarts=10) 
#Bound 165.58s best:1194  next:[743,1193] objective_lb_search_no_lp
#Bound 167.68s best:1194  next:[747,1193] objective_lb_search_no_lp
#Bound 174.99s best:1194  next:[751,1193] objective_lb_search_no_lp
#Bound 188.72s best:1194  next:[755,1193] objective_lb_search_no_lp
#Bound 191.82s best:1194  next:[756,1193] objective_lb_search_no_lp
#Bound 203.75s best:1194  next:[757,1193] objective_lb_search_no_lp
#Bound 226.44s best:1194  next:[758,1193] objective_lb_search_no_lp
#Bound 228.10s best:1194  next:[759,1193] objective_lb_search_no_lp
#Bound 250.38s best:1194  next:[762,1193] objective_lb_search_no_lp
#Bound 261.10s best:1194  next:[763,1193] objective_lb_search_no_lp
#Bound 271.41s best:1194  next:[768,1193] objective_lb_search_max_lp
#Bound 292.99s best:1194  next:[769,1193] objective_lb_search_max_lp
#Bound 302.61s best:1194  next:[772,1193] objective_lb_search_no_lp
#Bound 325.07s best:1194  next:[773,1193] objective_shaving_search_max_lp (vars=402 csts=3595)
#Bound 339.03s best:1194  next:[774,1193] lb_tree_search (nodes=8284/8919 rc=137 decisions=65507 @root=43 restarts=10) 
#Bound 340.51s best:1194  next:[776,1193] objective_lb_search_max_lp
#Bound 349.52s best:1194  next:[780,1193] objective_lb_search
#Bound 368.70s best:1194  next:[781,1193] objective_shaving_search_no_lp (vars=398 csts=3591)
#Bound 385.80s best:1194  next:[798,1193] objective_lb_search_max_lp
#Bound 402.81s best:1194  next:[800,1193] objective_lb_search_max_lp
#Bound 404.38s best:1194  next:[802,1193] objective_lb_search_max_lp
#Bound 407.56s best:1194  next:[806,1193] objective_lb_search_max_lp
#Bound 412.32s best:1194  next:[807,1193] objective_lb_search_max_lp
#Bound 415.51s best:1194  next:[817,1193] objective_lb_search
#Model 421.31s var:360/364 constraints:3422/3612
#Bound 423.90s best:1194  next:[824,1193] objective_lb_search
#Bound 430.31s best:1194  next:[828,1193] objective_lb_search_max_lp
#Bound 433.35s best:1194  next:[829,1193] objective_shaving_search_max_lp (vars=397 csts=3408)
#Bound 434.48s best:1194  next:[853,1193] objective_lb_search
#Bound 435.17s best:1194  next:[879,1193] objective_lb_search_no_lp
#Bound 435.67s best:1194  next:[929,1193] objective_lb_search_max_lp
#Model 438.95s var:358/364 constraints:3313/3612
#Model 439.43s var:357/364 constraints:3289/3612
#Model 444.21s var:343/364 constraints:2425/3612
#Bound 444.33s best:1194  next:[930,1193] objective_lb_search_no_lp
#Bound 444.57s best:1194  next:[931,1193] objective_lb_search_no_lp
#Bound 444.81s best:1194  next:[951,1193] objective_lb_search_no_lp
#Model 444.94s var:335/364 constraints:2051/3612
#Bound 445.04s best:1194  next:[952,1193] objective_lb_search_no_lp
#Model 445.05s var:334/364 constraints:1953/3612
#Bound 445.18s best:1194  next:[975,1193] objective_lb_search_no_lp
#Bound 445.28s best:1194  next:[978,1193] objective_lb_search_no_lp
#Bound 445.39s best:1194  next:[979,1193] objective_lb_search_no_lp
#Bound 445.59s best:1194  next:[1055,1193] objective_lb_search_no_lp
#Bound 445.91s best:1194  next:[1077,1193] pseudo_costs
#Bound 446.07s best:1194  next:[1085,1193] pseudo_costs
#Bound 446.21s best:1194  next:[1089,1193] pseudo_costs
#Bound 446.31s best:1194  next:[1095,1193] pseudo_costs
#Model 446.32s var:332/364 constraints:1870/3612
#Bound 446.39s best:1194  next:[1096,1193] pseudo_costs
#Bound 446.51s best:1194  next:[1101,1193] pseudo_costs
#Model 446.57s var:329/364 constraints:1651/3612
#Bound 446.60s best:1194  next:[1103,1193] pseudo_costs
#Model 446.68s var:327/364 constraints:1545/3612
#Model 446.69s var:326/364 constraints:1490/3612
#Bound 446.70s best:1194  next:[1104,1193] pseudo_costs
#Bound 446.78s best:1194  next:[1105,1193] pseudo_costs
#Bound 446.86s best:1194  next:[1107,1193] pseudo_costs
#Done  446.86s quick_restart_no_lp
#Done  446.87s default_lp
#Done  446.87s core
#Done  446.87s pseudo_costs
#Model 446.87s var:307/364 constraints:683/3612
#Model 446.87s var:306/364 constraints:654/3612

Task timing                                  n [     min,      max]      avg      dev     time         n [     min,      max]      avg      dev    dtime
                             'core':         1 [   7.44m,    7.44m]    7.44m   0.00ns    7.44m         1 [   1.97m,    1.97m]    1.97m   0.00ns    1.97m
                       'default_lp':         1 [   7.44m,    7.44m]    7.44m   0.00ns    7.44m         1 [  38.46s,   38.46s]   38.46s   0.00ns   38.46s
                 'feasibility_pump':       912 [  1.90ms,    2.71s] 486.58ms 367.93ms    7.40m       911 [831.69us, 105.02ms]  35.13ms   2.59ms   32.00s
                  'fj_long_default':         1 [193.05ms, 193.05ms] 193.05ms   0.00ns 193.05ms         1 [ 74.00ms,  74.00ms]  74.00ms   0.00ns  74.00ms
                  'fj_long_default':         1 [229.91ms, 229.91ms] 229.91ms   0.00ns 229.91ms         1 [ 79.96ms,  79.96ms]  79.96ms   0.00ns  79.96ms
              'fj_long_lin_default':         1 [171.39ms, 171.39ms] 171.39ms   0.00ns 171.39ms         1 [ 65.66ms,  65.66ms]  65.66ms   0.00ns  65.66ms
              'fj_long_lin_perturb':         1 [233.78ms, 233.78ms] 233.78ms   0.00ns 233.78ms         1 [ 93.91ms,  93.91ms]  93.91ms   0.00ns  93.91ms
               'fj_long_lin_random':         1 [222.87ms, 222.87ms] 222.87ms   0.00ns 222.87ms         1 [ 96.78ms,  96.78ms]  96.78ms   0.00ns  96.78ms
                  'fj_long_perturb':         1 [162.45ms, 162.45ms] 162.45ms   0.00ns 162.45ms         1 [ 63.31ms,  63.31ms]  63.31ms   0.00ns  63.31ms
                   'fj_long_random':         1 [188.87ms, 188.87ms] 188.87ms   0.00ns 188.87ms         1 [ 73.70ms,  73.70ms]  73.70ms   0.00ns  73.70ms
                 'fj_short_default':         1 [219.71ms, 219.71ms] 219.71ms   0.00ns 219.71ms         1 [ 95.74ms,  95.74ms]  95.74ms   0.00ns  95.74ms
                 'fj_short_default':         2 [ 93.44ms, 122.89ms] 108.16ms  14.72ms 216.33ms         2 [ 63.70ms,  66.80ms]  65.25ms   1.55ms 130.50ms
             'fj_short_lin_default':         1 [143.97ms, 143.97ms] 143.97ms   0.00ns 143.97ms         1 [ 66.52ms,  66.52ms]  66.52ms   0.00ns  66.52ms
             'fj_short_lin_default':         1 [155.67ms, 155.67ms] 155.67ms   0.00ns 155.67ms         1 [ 65.60ms,  65.60ms]  65.60ms   0.00ns  65.60ms
             'fj_short_lin_perturb':         1 [192.23ms, 192.23ms] 192.23ms   0.00ns 192.23ms         1 [ 78.79ms,  78.79ms]  78.79ms   0.00ns  78.79ms
              'fj_short_lin_random':         1 [154.27ms, 154.27ms] 154.27ms   0.00ns 154.27ms         1 [ 67.87ms,  67.87ms]  67.87ms   0.00ns  67.87ms
                 'fj_short_perturb':         1 [198.01ms, 198.01ms] 198.01ms   0.00ns 198.01ms         1 [ 71.37ms,  71.37ms]  71.37ms   0.00ns  71.37ms
                  'fj_short_random':         1 [138.60ms, 138.60ms] 138.60ms   0.00ns 138.60ms         1 [ 67.69ms,  67.69ms]  67.69ms   0.00ns  67.69ms
                        'fs_random':         1 [136.34ms, 136.34ms] 136.34ms   0.00ns 136.34ms         1 [419.64us, 419.64us] 419.64us   0.00ns 419.64us
                        'fs_random':         1 [137.64ms, 137.64ms] 137.64ms   0.00ns 137.64ms         1 [419.78us, 419.78us] 419.78us   0.00ns 419.78us
                        'fs_random':         1 [138.53ms, 138.53ms] 138.53ms   0.00ns 138.53ms         1 [419.74us, 419.74us] 419.74us   0.00ns 419.74us
                        'fs_random':         1 [139.05ms, 139.05ms] 139.05ms   0.00ns 139.05ms         1 [419.67us, 419.67us] 419.67us   0.00ns 419.67us
                  'fs_random_no_lp':         1 [136.97ms, 136.97ms] 136.97ms   0.00ns 136.97ms         1 [  2.16ms,   2.16ms]   2.16ms   0.00ns   2.16ms
                  'fs_random_no_lp':         1 [138.54ms, 138.54ms] 138.54ms   0.00ns 138.54ms         1 [  1.53ms,   1.53ms]   1.53ms   0.00ns   1.53ms
                  'fs_random_no_lp':         1 [143.86ms, 143.86ms] 143.86ms   0.00ns 143.86ms         1 [  2.94ms,   2.94ms]   2.94ms   0.00ns   2.94ms
                  'fs_random_no_lp':         1 [147.02ms, 147.02ms] 147.02ms   0.00ns 147.02ms         1 [  1.13ms,   1.13ms]   1.13ms   0.00ns   1.13ms
          'fs_random_quick_restart':         1 [138.30ms, 138.30ms] 138.30ms   0.00ns 138.30ms         1 [419.69us, 419.69us] 419.69us   0.00ns 419.69us
          'fs_random_quick_restart':         1 [138.87ms, 138.87ms] 138.87ms   0.00ns 138.87ms         1 [419.71us, 419.71us] 419.71us   0.00ns 419.71us
          'fs_random_quick_restart':         1 [143.83ms, 143.83ms] 143.83ms   0.00ns 143.83ms         1 [  8.01us,   8.01us]   8.01us   0.00ns   8.01us
          'fs_random_quick_restart':         1 [145.00ms, 145.00ms] 145.00ms   0.00ns 145.00ms         1 [  8.01us,   8.01us]   8.01us   0.00ns   8.01us
    'fs_random_quick_restart_no_lp':         1 [136.79ms, 136.79ms] 136.79ms   0.00ns 136.79ms         1 [  1.08ms,   1.08ms]   1.08ms   0.00ns   1.08ms
    'fs_random_quick_restart_no_lp':         1 [137.68ms, 137.68ms] 137.68ms   0.00ns 137.68ms         1 [  1.29ms,   1.29ms]   1.29ms   0.00ns   1.29ms
    'fs_random_quick_restart_no_lp':         1 [138.91ms, 138.91ms] 138.91ms   0.00ns 138.91ms         1 [  1.21ms,   1.21ms]   1.21ms   0.00ns   1.21ms
                    'graph_arc_lns':      1219 [  4.49ms,   10.50s]    1.48s    1.25s   30.11m      1170 [ 10.00ns, 269.27ms]  77.45ms  54.83ms    1.51m
                    'graph_cst_lns':      1219 [  3.30ms,    9.11s]    1.47s    1.18s   29.86m      1157 [ 10.00ns, 264.08ms]  76.42ms  51.62ms    1.47m
                    'graph_dec_lns':      1219 [  7.11ms,   14.48s]    1.60s    1.36s   32.60m      1178 [ 10.00ns, 269.44ms]  79.37ms  49.82ms    1.56m
                    'graph_var_lns':      1220 [  3.77ms,   11.56s]    1.55s    1.30s   31.48m      1153 [ 10.00ns, 235.18ms]  78.41ms  51.01ms    1.51m
                   'lb_tree_search':         1 [   7.44m,    7.44m]    7.44m   0.00ns    7.44m         1 [   1.65m,    1.65m]    1.65m   0.00ns    1.65m
                           'max_lp':         1 [   7.44m,    7.44m]    7.44m   0.00ns    7.44m         1 [  39.32s,   39.32s]   39.32s   0.00ns   39.32s
                            'no_lp':         1 [   7.44m,    7.44m]    7.44m   0.00ns    7.44m         1 [  26.38s,   26.38s]   26.38s   0.00ns   26.38s
              'objective_lb_search':         1 [   7.44m,    7.44m]    7.44m   0.00ns    7.44m         1 [  31.12s,   31.12s]   31.12s   0.00ns   31.12s
       'objective_lb_search_max_lp':         1 [   7.44m,    7.44m]    7.44m   0.00ns    7.44m         1 [   1.36m,    1.36m]    1.36m   0.00ns    1.36m
        'objective_lb_search_no_lp':         1 [   7.44m,    7.44m]    7.44m   0.00ns    7.44m         1 [  27.42s,   27.42s]   27.42s   0.00ns   27.42s
  'objective_shaving_search_max_lp':       105 [ 26.16ms,   22.69s]    4.25s    5.51s    7.43m        93 [308.61us,    2.60s] 399.64ms 583.97ms   37.17s
   'objective_shaving_search_no_lp':       105 [ 41.64ms,   22.69s]    4.25s    5.51s    7.43m        94 [ 18.36us,    1.57s] 257.91ms 356.61ms   24.24s
                          'probing':         1 [   7.44m,    7.44m]    7.44m   0.00ns    7.44m         1 [  24.88s,   24.88s]   24.88s   0.00ns   24.88s
                   'probing_max_lp':         1 [   7.44m,    7.44m]    7.44m   0.00ns    7.44m         1 [  14.84s,   14.84s]   14.84s   0.00ns   14.84s
                     'pseudo_costs':         1 [   7.44m,    7.44m]    7.44m   0.00ns    7.44m         1 [  30.57s,   30.57s]   30.57s   0.00ns   30.57s
                    'quick_restart':         1 [   7.44m,    7.44m]    7.44m   0.00ns    7.44m         1 [  54.42s,   54.42s]   54.42s   0.00ns   54.42s
              'quick_restart_no_lp':         1 [   7.44m,    7.44m]    7.44m   0.00ns    7.44m         1 [  35.05s,   35.05s]   35.05s   0.00ns   35.05s
                    'reduced_costs':         1 [   7.44m,    7.44m]    7.44m   0.00ns    7.44m         1 [  32.38s,   32.38s]   32.38s   0.00ns   32.38s
                        'rins/rens':      1220 [217.45us,    7.79s]    1.07s    1.00s   21.77m      1058 [ 10.00ns, 204.20ms]  72.53ms  39.36ms    1.28m
                      'rnd_cst_lns':      1220 [  3.30ms,   13.72s]    1.52s    1.34s   30.92m      1164 [ 10.00ns, 291.48ms]  80.31ms  52.56ms    1.56m
                      'rnd_var_lns':      1220 [  4.94ms,   13.24s]    1.51s    1.26s   30.77m      1174 [ 10.00ns, 331.80ms]  79.26ms  50.90ms    1.55m
                     'violation_ls':      1195 [482.71us,    1.88s] 236.01ms 204.86ms    4.70m      1195 [370.00ns, 186.95ms]  89.52ms  34.11ms    1.78m
                     'violation_ls':      1199 [474.30us,    1.88s] 264.68ms 199.84ms    5.29m      1199 [460.00ns, 224.52ms] 112.28ms  49.71ms    2.24m
                     'violation_ls':      1200 [449.64us,    1.93s] 214.29ms 171.27ms    4.29m      1200 [430.00ns, 224.38ms]  82.01ms  38.07ms    1.64m
                     'violation_ls':      1213 [477.43us,    1.78s] 231.01ms 203.76ms    4.67m      1213 [890.00ns, 253.09ms]  85.88ms  39.47ms    1.74m
                     'violation_ls':      1216 [469.93us,    1.54s] 164.65ms 139.56ms    3.34m      1216 [460.00ns, 181.59ms]  71.41ms  27.73ms    1.45m

Search stats                        Bools  Conflicts  Branches  Restarts  BoolPropag  IntegerPropag
                           'core':  3'698     61'599    97'548     8'745  80'341'194     61'540'608
                     'default_lp':    524     34'084   180'008    31'443   5'341'444     59'769'333
                      'fs_random':     90          0       180       180           6          6'802
                      'fs_random':     90          0       180       180           6          6'802
                      'fs_random':     90          0       180       180           6          6'802
                      'fs_random':     90          0       180       180           6          6'802
                'fs_random_no_lp':    103         20       302       180         178         21'555
                'fs_random_no_lp':     90          0       244       180          17         11'991
                'fs_random_no_lp':     90         18       293       180         104         17'363
                'fs_random_no_lp':     90          8       259       180         102         13'558
        'fs_random_quick_restart':     90          0       180       180           6          6'802
        'fs_random_quick_restart':     90          0       180       180           6          6'802
        'fs_random_quick_restart':     90          0       180       180           6          6'802
        'fs_random_quick_restart':     90          0       180       180           6          6'802
  'fs_random_quick_restart_no_lp':    107          0       285       180           8         12'087
  'fs_random_quick_restart_no_lp':    113          0       290       181           9         12'687
  'fs_random_quick_restart_no_lp':     94          0       239       180          41         12'940
                 'lb_tree_search':     90        176   140'639    24'460     326'025     19'194'880
                         'max_lp':     90     21'017   193'182    52'981     901'755     43'327'326
                          'no_lp':  1'471     80'071   202'679    24'362  24'275'005     99'537'050
            'objective_lb_search':    224     19'440   126'461    21'624   1'314'985     45'399'366
     'objective_lb_search_max_lp':    203     18'880   285'496    54'632   2'318'529     82'651'135
      'objective_lb_search_no_lp':    393     91'001   186'419    12'717   3'990'123    116'221'628
                        'probing':    638        400     3'740     2'413      44'835        384'567
                 'probing_max_lp':    638        429     1'459     1'246      31'700        255'823
                   'pseudo_costs':    236     22'342   166'542    43'426   1'746'692     40'232'044
                  'quick_restart':  1'559     14'869   227'537    34'430  11'090'176     52'632'417
            'quick_restart_no_lp':  3'267     81'894   322'615    21'466  67'205'296     91'720'697
                  'reduced_costs':  3'452     28'984   169'413    15'310  34'203'359     38'500'597

SAT stats                           ClassicMinim  LitRemoved  LitLearned  LitForgotten  Subsumed  MClauses  MDecisions  MLitTrue  MSubsumed  MLitRemoved  MReused
                           'core':        56'561     327'307     453'269        19'986       171     3'852      19'210         0         13           52       60
                     'default_lp':        22'202      52'297     451'228       242'693       931    13'673     116'280         0      1'054        6'864    1'624
                      'fs_random':             0           0           0             0         0         0           0         0          0            0        0
                      'fs_random':             0           0           0             0         0         0           0         0          0            0        0
                      'fs_random':             0           0           0             0         0         0           0         0          0            0        0
                      'fs_random':             0           0           0             0         0         0           0         0          0            0        0
                'fs_random_no_lp':             0           0           0             0         0         0           0         0          0            0        0
                'fs_random_no_lp':             0           0          46             0         0         0           0         0          0            0        0
                'fs_random_no_lp':             0           0          56             0         0         0           0         0          0            0        0
                'fs_random_no_lp':             0           0          71             0         0         0           0         0          0            0        0
        'fs_random_quick_restart':             0           0           0             0         0         0           0         0          0            0        0
        'fs_random_quick_restart':             0           0           0             0         0         0           0         0          0            0        0
        'fs_random_quick_restart':             0           0           0             0         0         0           0         0          0            0        0
        'fs_random_quick_restart':             0           0           0             0         0         0           0         0          0            0        0
  'fs_random_quick_restart_no_lp':             0           0           0             0         0         0           0         0          0            0        0
  'fs_random_quick_restart_no_lp':             0           0           0             0         0         0           0         0          0            0        0
  'fs_random_quick_restart_no_lp':             0           0           0             0         0         0           0         0          0            0        0
                 'lb_tree_search':             1           1         577             0         0    10'315      53'274         0         24          101      980
                         'max_lp':        11'265      21'491     283'147       104'310       802    21'991     146'780         0        270        1'684    1'965
                          'no_lp':        62'847     264'654   1'151'787       843'558     1'106    10'982      71'327         1      1'139        6'086    1'315
            'objective_lb_search':        13'832      37'363     171'152         8'318       773     9'534      92'842         0      1'618       10'658    2'083
     'objective_lb_search_max_lp':        13'726      39'259     164'442         5'498       687    23'308     234'984         0      1'594       10'498    5'060
      'objective_lb_search_no_lp':        75'749     262'343     806'663       209'700     1'525     6'865      72'047        48      3'399       25'027    1'250
                        'probing':             0           0         400             0         0         0           0         0          0            0        0
                 'probing_max_lp':             0           0         429             0         0         0           0         0          0            0        0
                   'pseudo_costs':        13'359      30'869     260'573        66'033       922    17'196     114'328         0      2'126       14'071    2'085
                  'quick_restart':        10'054      30'134     167'134        51'948       482    15'824     163'467       103      3'032       19'139    2'989
            'quick_restart_no_lp':        65'452     286'597   1'012'165       609'667       914     9'014      71'916        34      5'554       39'301      903
                  'reduced_costs':        19'704      71'656     341'643       139'450       519     8'430      74'335        10      4'021       26'994    2'040

Lp stats                         Component  Iterations  AddedCuts  OPTIMAL  DUAL_F.  DUAL_U.
                  'default_lp':          1     506'579     21'560   53'808        0        2
                   'fs_random':          1         262        252        5        0        0
                   'fs_random':          1         262        254        5        0        0
                   'fs_random':          1         262        260        5        0        0
                   'fs_random':          1         262        276        5        0        0
     'fs_random_quick_restart':          1         191        185        3        0        0
     'fs_random_quick_restart':          1         191        190        3        0        0
     'fs_random_quick_restart':          1         262        241        5        0        0
     'fs_random_quick_restart':          1         262        268        5        0        0
              'lb_tree_search':          1   1'779'629      9'507   61'712   20'392        0
                      'max_lp':          1     583'871     21'336   32'283   12'236       24
         'objective_lb_search':          1     469'885     10'750   32'011        0        0
  'objective_lb_search_max_lp':          1   1'034'725     12'542   28'609    9'465       12
                     'probing':          1     247'406     13'473   11'198        0        1
              'probing_max_lp':          1      69'418     12'773    4'642      327        0
                'pseudo_costs':          1     464'519     21'491   29'332   12'450       17
               'quick_restart':          1     625'655     15'465   39'332        1        3
               'reduced_costs':          1     415'150     30'742   35'595   12'228        6

Lp dimension                                                                      Final dimension of first component
                  'default_lp':   798 rows, 357 columns, 3289 entries with magnitude in [1.444360e-05, 1.000000e+00]
                   'fs_random':   215 rows, 357 columns, 1151 entries with magnitude in [3.766218e-02, 1.000000e+00]
                   'fs_random':   215 rows, 357 columns, 1151 entries with magnitude in [3.766218e-02, 1.000000e+00]
                   'fs_random':   215 rows, 357 columns, 1151 entries with magnitude in [3.766218e-02, 1.000000e+00]
                   'fs_random':   215 rows, 357 columns, 1151 entries with magnitude in [3.766218e-02, 1.000000e+00]
     'fs_random_quick_restart':    165 rows, 357 columns, 988 entries with magnitude in [8.421519e-02, 1.000000e+00]
     'fs_random_quick_restart':    165 rows, 357 columns, 988 entries with magnitude in [8.421519e-02, 1.000000e+00]
     'fs_random_quick_restart':   215 rows, 357 columns, 1151 entries with magnitude in [3.766218e-02, 1.000000e+00]
     'fs_random_quick_restart':   215 rows, 357 columns, 1151 entries with magnitude in [3.766218e-02, 1.000000e+00]
              'lb_tree_search':   436 rows, 364 columns, 2009 entries with magnitude in [9.012351e-03, 1.000000e+00]
                      'max_lp':   565 rows, 364 columns, 2377 entries with magnitude in [3.991223e-03, 1.000000e+00]
         'objective_lb_search':   675 rows, 357 columns, 3435 entries with magnitude in [6.277030e-05, 1.000000e+00]
  'objective_lb_search_max_lp':  1190 rows, 364 columns, 4018 entries with magnitude in [2.905700e-04, 1.000000e+00]
                     'probing':  1123 rows, 357 columns, 6332 entries with magnitude in [4.305904e-05, 1.000000e+00]
              'probing_max_lp':  1778 rows, 364 columns, 9850 entries with magnitude in [3.524271e-04, 1.000000e+00]
                'pseudo_costs':  1367 rows, 364 columns, 3554 entries with magnitude in [4.458777e-05, 1.000000e+00]
               'quick_restart':  1030 rows, 357 columns, 5117 entries with magnitude in [4.447000e-04, 1.000000e+00]
               'reduced_costs':   515 rows, 364 columns, 2202 entries with magnitude in [2.568197e-03, 1.000000e+00]

Lp debug                         CutPropag  CutEqPropag  Adjust  Overflow        Bad  BadScaling
                  'default_lp':         33           77  24'113         0    485'552           0
                   'fs_random':          0            0       0         0        433           0
                   'fs_random':          0            0       0         0        468           0
                   'fs_random':          0            0       0         0        539           0
                   'fs_random':          0            0       0         0        712           0
     'fs_random_quick_restart':          0            0       0         0        399           0
     'fs_random_quick_restart':          0            0       0         0        404           0
     'fs_random_quick_restart':          0            0       0         0        445           0
     'fs_random_quick_restart':          0            0       0         0        578           0
              'lb_tree_search':         24            2  52'186         0    174'486           0
                      'max_lp':         42           12  17'009         0    375'003           0
         'objective_lb_search':         50           13  14'258         0    371'476           0
  'objective_lb_search_max_lp':        105           23  20'550         0    395'512           0
                     'probing':         10          137  10'387         0  8'592'506           0
              'probing_max_lp':         57          108   4'646         0  4'861'794           0
                'pseudo_costs':        265           12  21'311         0    402'070           0
               'quick_restart':         19           36  25'005         0    960'153           0
               'reduced_costs':         49           64  18'883         0    420'022           0

Lp pool                          Constraints  Updates  Simplif  Merged  Shortened   Split  Strenghtened      Cuts/Call
                  'default_lp':        9'689    1'212  149'294     221      8'696  17'361        17'554  21'560/71'439
                   'fs_random':          602        0        0       0          0       0             7        252/381
                   'fs_random':          604        0        0       0          0       0             8        254/397
                   'fs_random':          610        0        0       0          0       0             9        260/414
                   'fs_random':          626        0        0       0          0       0            11        276/449
     'fs_random_quick_restart':          535        0        0       0          0       0             5        185/284
     'fs_random_quick_restart':          540        0        0       0          0       0             5        190/289
     'fs_random_quick_restart':          591        0        0       0          0       0             5        241/368
     'fs_random_quick_restart':          618        0        0       0          0       0             6        268/430
              'lb_tree_search':       13'050      475   48'538      67          0   2'469        38'162   9'507/51'158
                      'max_lp':       12'746      695  104'031     200      3'849   9'507        56'690  21'336/59'993
         'objective_lb_search':       10'035      886  181'830      65      8'543   9'394        16'458  10'750/39'031
  'objective_lb_search_max_lp':       13'076    1'040  271'795      76     12'810   9'280        69'522  12'542/41'675
                     'probing':        9'805    1'675  127'839      18      2'086  35'365         6'877  13'473/33'792
              'probing_max_lp':       13'362    1'262   95'313      21      3'793  14'251        37'468  12'773/31'850
                'pseudo_costs':       12'840    1'501  326'996     261     17'665   7'946        77'223  21'491/57'499
               'quick_restart':        9'761    1'336  246'036      54      2'122  53'987        15'037  15'465/56'890
               'reduced_costs':       13'080      776   85'511     272      3'737  10'237        58'519  30'742/82'590

Lp Cut            fs_ran  fs_ran  fs_ran  fs_ran  fs_ran  fs_ran  fs_ran  fs_ran  defaul  max_lp  quick_  reduce  pseudo  lb_tre  probin  object  probin  object
          CG_FF:      17      17      17      17      17      17      17      17   1'279     935     441   1'811     916     352     331     592     300     445
           CG_K:       9       9       9       9       9       9       9       9     898     760     175   1'425     713     236     153     223     220     266
           CG_R:       8       8       8       8       8       8       8       8   1'299     666     620   1'384     769     217     794     529     229     284
          CG_RB:       6       6       6       6       6       6       6       6   3'265   3'166   1'740   4'373   2'974   1'243   1'502   1'894   1'020   1'284
         CG_RBP:       -       -       -       -       -       -       -       -     504     331     217     611     375     115     155     201      72      93
         Clique:       -       -       -       -       -       -       -       -       -     107       -     198     129      77       -       -      88     141
             IB:      98      98      98      98      98      98      50      50   3'442   1'897   2'225   3'297   1'854     887   1'877   1'259     825     984
       MIR_1_FF:      50      45      52      51      46      48      45      45     898     891     832   1'461   1'069     524     660     611     561     645
        MIR_1_K:       7       7       9       9       7       8       7       7     174     179      94     262     211      64      71      75      65      81
       MIR_1_KL:       -       -       -       -       -       -       -       -      16       8      16      12      10       2      42       3       7       3
        MIR_1_R:      15      14      17      17      14      15      14      14     216     129     115     287     156      44     112      85      79      78
       MIR_1_RB:      15      11      17      15      12      11      11      11   1'766   2'187   1'765   3'058   2'309   1'103   1'558     929   1'207   1'391
      MIR_1_RBP:       -       -       -       -       -       -       -       -     131     368     105     470     382     208      54      66     149     136
      MIR_1_RLT:       -       -       -       -       -       -       -       -       -       -       -       -       1       -       -       -       -       -
       MIR_2_FF:      11       8      13      13       9      10       7       9     528     608     367     885     618     278     319     324     259     381
        MIR_2_K:       4       1       6       4       5       4       3       3     101     108      58     172     140      47      40      45      29      73
       MIR_2_KL:       -       -       -       -       -       -       -       -      20       7      25      13      13       -      24      10       1       3
        MIR_2_R:       3       2       3       5       4       3       3       4     176     218     118     332     223     103     139     104     135     160
       MIR_2_RB:       4       3       7       2       5       3       2       3   1'150   1'238   1'068   1'796   1'275     522     947     604     581     773
      MIR_2_RBP:       1       1       1       1       1       1       1       1     157     257      85     390     293     120      64      58      72      90
       MIR_3_FF:       3       2       2       2       2       3       2       2     269     436     220     559     394     210     159     171     157     234
        MIR_3_K:       -       -       -       -       -       1       -       -      61     137      34     142     149      49      38      32      44      64
       MIR_3_KL:       -       -       -       -       -       -       -       -      31       2      27      17      14       2      33       9       2       1
        MIR_3_R:       -       -       -       -       -       -       -       -     158     246     135     283     244     135     107      80     132     173
       MIR_3_RB:       -       -       -       -       -       1       -       1     730     879     717   1'119     853     381     582     367     357     536
      MIR_3_RBP:       -       -       -       -       -       -       -       -     106     189      61     236     181      82      51      45      43      68
       MIR_4_FF:       -       -       -       -       -       -       -       -     213     267     131     322     280     124      94     118     101     169
        MIR_4_K:       -       -       -       -       -       -       -       -      61     117      27     126     134      44      33      31      32      67
       MIR_4_KL:       -       -       -       -       -       -       -       -      11       -      10       7       5       1       5       6       1       1
        MIR_4_R:       -       -       -       -       -       -       -       -     159     164     103     209     191      96      78      60     109     149
       MIR_4_RB:       -       -       -       -       1       -       -       -     484     489     407     616     510     244     349     241     226     328
      MIR_4_RBP:       -       -       -       -       -       -       -       -      91      79      48     112      81      43      32      31      31      28
       MIR_5_FF:       1       -       -       1       -       -       -       -     141     157     114     201     162      64      89      95      86     114
        MIR_5_K:       -       -       -       -       -       -       -       -      62      57      32      89      94      21      35      27      26      46
       MIR_5_KL:       -       -       -       -       -       -       -       -       5       2       5       7       1       -       5       7       1       -
        MIR_5_R:       1       -       -       1       -       -       -       -     140     109      87     147     109      55      44      60      63      80
       MIR_5_RB:       -       -       -       -       -       -       -       -     298     300     261     325     292     127     205     161     158     190
      MIR_5_RBP:       -       -       -       -       -       -       -       -      28      50      16      57      44      20      11      18       8      21
       MIR_6_FF:       -       -       -       -       -       -       -       -     128     102      68     100      81      49      66      68      44      55
        MIR_6_K:       -       -       -       -       -       -       -       -      50      56      32      52      64      15      21      33      14      37
       MIR_6_KL:       -       -       -       -       -       -       -       -       2       -       3       2       -       -       3       -       -       -
        MIR_6_R:       -       -       -       -       -       -       -       -      81      62      41      80      71      24      26      33      27      57
       MIR_6_RB:       -       -       1       -       -       -       -       -     188     171     135     192     158      90     107      85      63     101
      MIR_6_RBP:       -       -       -       -       -       -       -       -      27      26       6      34      22      14       5       8       3      14
   ZERO_HALF_FF:       2       2       3       2       3       2       -       -     161     205      97     368     177      91      60      93      90     128
    ZERO_HALF_K:       -       -       -       -       -       -       -       -      51      55      12     131      82      16      14      14      13      30
   ZERO_HALF_KL:       -       -       -       -       -       -       -       -       1       -       -       -       -       -       -       1       -       -
    ZERO_HALF_R:       2       3       4       3       2       3       -       -   1'345   2'187   2'136   1'981   1'966   1'004   2'041     987   4'406   2'157
   ZERO_HALF_RB:       2       2       2       3       2       2       -       -     389     595     346     819     586     309     284     221     425     318
  ZERO_HALF_RBP:       1       2       1       1       1       1       -       -      69     137      88     172     116      55      54      36     212      65

LNS stats           Improv/Calls  Closed  Difficulty  TimeLimit
  'graph_arc_lns':       59/1217     52%        0.99       0.15
  'graph_cst_lns':       58/1201     52%        1.00       0.15
  'graph_dec_lns':       55/1219     52%        1.00       0.15
  'graph_var_lns':       67/1217     52%        1.00       0.15
      'rins/rens':      115/1172     51%        0.92       0.10
    'rnd_cst_lns':       66/1218     52%        1.00       0.15
    'rnd_var_lns':       56/1220     52%        1.00       0.15

LS stats                   Batches  Restarts   LinMoves   GenMoves  CompoundMoves  WeightUpdates
       'fj_long_default':        1         1      9'888          0              0            112
       'fj_long_default':        1         1      9'910          0              0             90
   'fj_long_lin_default':        1         1          0      2'800            376              2
   'fj_long_lin_perturb':        1         1      9'632          0              0            368
    'fj_long_lin_random':        1         1      9'580          0              0            420
       'fj_long_perturb':        1         1          0      2'997            503              2
        'fj_long_random':        1         1      9'886          0              0            114
      'fj_short_default':        1         1      9'552          0              0            448
      'fj_short_default':        2         1          0      5'730            441              2
  'fj_short_lin_default':        1         1          0      2'902            474              1
  'fj_short_lin_default':        1         1          0      3'051            401              1
  'fj_short_lin_perturb':        1         1      9'921          0              0             79
   'fj_short_lin_random':        1         1          0      2'718            423              1
      'fj_short_perturb':        1         1      9'868          0              0            132
       'fj_short_random':        1         1          0      3'020            318              1
          'violation_ls':    1'195         0  7'034'739  1'571'192         68'613        700'713
          'violation_ls':    1'199         0  8'796'417    873'952         66'687        997'763
          'violation_ls':    1'200         0  5'310'525  3'072'765        147'693        433'700
          'violation_ls':    1'213         0  5'319'925  2'706'322        140'570        558'938
          'violation_ls':    1'216         0  2'164'493  3'932'953        272'462        888'862

Solutions (102)                     Num      Rank
  'fs_random_quick_restart_no_lp':    1     [1,1]
                  'graph_arc_lns':    2  [83,102]
                  'graph_dec_lns':    1   [87,87]
                  'graph_var_lns':    1   [46,46]
                          'no_lp':   18    [3,75]
            'quick_restart_no_lp':   14    [2,97]
                    'rnd_var_lns':    1   [91,91]
                   'violation_ls':   64  [12,101]

Objective bounds                      Num
                   'initial_domain':    1
                   'lb_tree_search':   13
              'objective_lb_search':    7
       'objective_lb_search_max_lp':   10
        'objective_lb_search_no_lp':   61
  'objective_shaving_search_max_lp':    2
   'objective_shaving_search_no_lp':    3
                     'pseudo_costs':   10

Solution repositories     Added  Queried  Ignored  Synchro
  'feasible solutions':   8'098   24'008       12    7'759
        'lp solutions':   1'277      623        0    1'197
                'pump':  18'955      597

Improving bounds shared            Num
                        'core':     46
                  'default_lp':     70
              'lb_tree_search':     65
                      'max_lp':     88
                       'no_lp':     29
         'objective_lb_search':    129
  'objective_lb_search_max_lp':    169
   'objective_lb_search_no_lp':    118
                     'probing':  1'108
              'probing_max_lp':    613
                'pseudo_costs':  1'039
               'quick_restart':    240
         'quick_restart_no_lp':  2'584
               'reduced_costs':    336

Clauses shared                   Num
                        'core':    3
                  'default_lp':    9
             'fs_random_no_lp':    6
              'lb_tree_search':    7
                      'max_lp':   16
                       'no_lp':    3
         'objective_lb_search':   89
  'objective_lb_search_max_lp':   16
   'objective_lb_search_no_lp':   54
                'pseudo_costs':   29
               'quick_restart':    8
         'quick_restart_no_lp':   56
               'reduced_costs':   16

CpSolverResponse summary:
status: OPTIMAL
objective: 1194
best_bound: 1194
integers: 358
booleans: 90
conflicts: 0
branches: 180
propagations: 6
integer_propagations: 6802
restarts: 180
lp_iterations: 262
walltime: 447.031
usertime: 447.031
deterministic_time: 1905.59
gap_integral: 7757.47
solution_fingerprint: 0xde297059939e32db


--- Simulation Gantt  partir du modle mathmatique ---
{'big':1, 'due_date':202, 'pos_time':5, 'status':0, 'blocked':0, 'operations':["{'type':1, 'processing_time':21}", "{'type':0, 'processing_time':52}"]}
{'big':1, 'due_date':124, 'pos_time':5, 'status':0, 'blocked':0, 'operations':["{'type':0, 'processing_time':18}"]}
{'big':1, 'due_date':123, 'pos_time':5, 'status':0, 'blocked':0, 'operations':["{'type':0, 'processing_time':30}"]}
{'big':0, 'due_date':180, 'pos_time':5, 'status':0, 'blocked':0, 'operations':["{'type':0, 'processing_time':43}", "{'type':1, 'processing_time':37}"]}
{'big':1, 'due_date':122, 'pos_time':5, 'status':0, 'blocked':0, 'operations':["{'type':1, 'processing_time':32}", "{'type':0, 'processing_time':39}"]}
{'big':1, 'due_date':137, 'pos_time':5, 'status':0, 'blocked':0, 'operations':["{'type':0, 'processing_time':51}"]}
{'big':1, 'due_date':191, 'pos_time':5, 'status':0, 'blocked':0, 'operations':["{'type':0, 'processing_time':39}", "{'type':1, 'processing_time':18}"]}
{'big':0, 'due_date':123, 'pos_time':5, 'status':0, 'blocked':0, 'operations':["{'type':1, 'processing_time':37}", "{'type':0, 'processing_time':54}"]}
