created virtual environment CPython3.12.4.final.0-64 in 440ms
  creator CPython3Posix(dest=/localscratch/aneumann.47038227.0/env, clear=False, no_vcs_ignore=False, global=False)
  seeder FromAppData(download=False, pip=bundle, via=copy, app_data_dir=/home/aneumann/.local/share/virtualenv)
    added seed packages: pip==24.2+computecanada
  activators BashActivator,CShellActivator,FishActivator,NushellActivator,PowerShellActivator,PythonActivator
Looking in links: /cvmfs/soft.computecanada.ca/custom/python/wheelhouse/gentoo2023/x86-64-v3, /cvmfs/soft.computecanada.ca/custom/python/wheelhouse/gentoo2023/generic, /cvmfs/soft.computecanada.ca/custom/python/wheelhouse/generic
Requirement already satisfied: pip in /localscratch/aneumann.47038227.0/env/lib/python3.12/site-packages (24.2+computecanada)
Processing /cvmfs/soft.computecanada.ca/custom/python/wheelhouse/generic/pip-25.0+computecanada-py3-none-any.whl
Installing collected packages: pip
  Attempting uninstall: pip
    Found existing installation: pip 24.2+computecanada
    Uninstalling pip-24.2+computecanada:
      Successfully uninstalled pip-24.2+computecanada
Successfully installed pip-25.0+computecanada
Looking in links: /cvmfs/soft.computecanada.ca/custom/python/wheelhouse/gentoo2023/x86-64-v3, /cvmfs/soft.computecanada.ca/custom/python/wheelhouse/gentoo2023/generic, /cvmfs/soft.computecanada.ca/custom/python/wheelhouse/generic
ERROR: protobuf-5.28.3-cp38-abi3-manylinux2014_x86_64.whl is not a supported wheel on this platform.
Looking in links: /cvmfs/soft.computecanada.ca/custom/python/wheelhouse/gentoo2023/x86-64-v3, /cvmfs/soft.computecanada.ca/custom/python/wheelhouse/gentoo2023/generic, /cvmfs/soft.computecanada.ca/custom/python/wheelhouse/generic
Processing /home/aneumann/projects/def-adhaj/aneumann/GNRS/wheels/immutabledict-4.2.0-py3-none-any.whl
Installing collected packages: immutabledict
Successfully installed immutabledict-4.2.0
Looking in links: /cvmfs/soft.computecanada.ca/custom/python/wheelhouse/gentoo2023/x86-64-v3, /cvmfs/soft.computecanada.ca/custom/python/wheelhouse/gentoo2023/generic, /cvmfs/soft.computecanada.ca/custom/python/wheelhouse/generic
Processing /cvmfs/soft.computecanada.ca/custom/python/wheelhouse/generic/ortools-9.10.4067+computecanada-cp312-cp312-linux_x86_64.whl (from -r /home/aneumann/projects/def-adhaj/aneumann/GNRS/requirements/or.txt (line 1))
Processing /cvmfs/soft.computecanada.ca/custom/python/wheelhouse/gentoo2023/x86-64-v3/matplotlib-3.10.0+computecanada-cp312-cp312-linux_x86_64.whl (from -r /home/aneumann/projects/def-adhaj/aneumann/GNRS/requirements/or.txt (line 2))
Processing /cvmfs/soft.computecanada.ca/custom/python/wheelhouse/gentoo2023/x86-64-v3/pandas-2.2.3+computecanada-cp312-cp312-linux_x86_64.whl (from -r /home/aneumann/projects/def-adhaj/aneumann/GNRS/requirements/or.txt (line 3))
Processing /cvmfs/soft.computecanada.ca/custom/python/wheelhouse/generic/absl_py-2.3.0+computecanada-py3-none-any.whl (from ortools<9.11,>=9.10->-r /home/aneumann/projects/def-adhaj/aneumann/GNRS/requirements/or.txt (line 1))
Processing /cvmfs/soft.computecanada.ca/custom/python/wheelhouse/gentoo2023/generic/numpy-2.2.2+computecanada-cp312-cp312-linux_x86_64.whl (from ortools<9.11,>=9.10->-r /home/aneumann/projects/def-adhaj/aneumann/GNRS/requirements/or.txt (line 1))
Processing /cvmfs/soft.computecanada.ca/custom/python/wheelhouse/gentoo2023/x86-64-v3/protobuf-6.31.1+computecanada-cp312-cp312-linux_x86_64.whl (from ortools<9.11,>=9.10->-r /home/aneumann/projects/def-adhaj/aneumann/GNRS/requirements/or.txt (line 1))
Requirement already satisfied: immutabledict>=3.0.0 in /localscratch/aneumann.47038227.0/env/lib/python3.12/site-packages (from ortools<9.11,>=9.10->-r /home/aneumann/projects/def-adhaj/aneumann/GNRS/requirements/or.txt (line 1)) (4.2.0)
Processing /cvmfs/soft.computecanada.ca/custom/python/wheelhouse/gentoo2023/generic/contourpy-1.3.1+computecanada-cp312-cp312-linux_x86_64.whl (from matplotlib->-r /home/aneumann/projects/def-adhaj/aneumann/GNRS/requirements/or.txt (line 2))
Processing /cvmfs/soft.computecanada.ca/custom/python/wheelhouse/generic/cycler-0.12.1+computecanada-py3-none-any.whl (from matplotlib->-r /home/aneumann/projects/def-adhaj/aneumann/GNRS/requirements/or.txt (line 2))
Processing /cvmfs/soft.computecanada.ca/custom/python/wheelhouse/generic/fonttools-4.59.0+computecanada-cp312-cp312-linux_x86_64.whl (from matplotlib->-r /home/aneumann/projects/def-adhaj/aneumann/GNRS/requirements/or.txt (line 2))
Processing /cvmfs/soft.computecanada.ca/custom/python/wheelhouse/gentoo2023/x86-64-v3/kiwisolver-1.4.8+computecanada-cp312-cp312-linux_x86_64.whl (from matplotlib->-r /home/aneumann/projects/def-adhaj/aneumann/GNRS/requirements/or.txt (line 2))
Processing /cvmfs/soft.computecanada.ca/custom/python/wheelhouse/generic/packaging-25.0+computecanada-py3-none-any.whl (from matplotlib->-r /home/aneumann/projects/def-adhaj/aneumann/GNRS/requirements/or.txt (line 2))
Processing /cvmfs/soft.computecanada.ca/custom/python/wheelhouse/gentoo2023/x86-64-v3/pillow-11.1.0+computecanada-cp312-cp312-linux_x86_64.whl (from matplotlib->-r /home/aneumann/projects/def-adhaj/aneumann/GNRS/requirements/or.txt (line 2))
Processing /cvmfs/soft.computecanada.ca/custom/python/wheelhouse/generic/pyparsing-3.2.3+computecanada-py3-none-any.whl (from matplotlib->-r /home/aneumann/projects/def-adhaj/aneumann/GNRS/requirements/or.txt (line 2))
Processing /cvmfs/soft.computecanada.ca/custom/python/wheelhouse/generic/python_dateutil-2.9.0.post0+computecanada-py2.py3-none-any.whl (from matplotlib->-r /home/aneumann/projects/def-adhaj/aneumann/GNRS/requirements/or.txt (line 2))
Processing /cvmfs/soft.computecanada.ca/custom/python/wheelhouse/generic/pytz-2025.2+computecanada-py2.py3-none-any.whl (from pandas->-r /home/aneumann/projects/def-adhaj/aneumann/GNRS/requirements/or.txt (line 3))
Processing /cvmfs/soft.computecanada.ca/custom/python/wheelhouse/generic/tzdata-2025.2+computecanada-py2.py3-none-any.whl (from pandas->-r /home/aneumann/projects/def-adhaj/aneumann/GNRS/requirements/or.txt (line 3))
Processing /cvmfs/soft.computecanada.ca/custom/python/wheelhouse/generic/six-1.17.0+computecanada-py2.py3-none-any.whl (from python-dateutil>=2.7->matplotlib->-r /home/aneumann/projects/def-adhaj/aneumann/GNRS/requirements/or.txt (line 2))
Installing collected packages: pytz, tzdata, six, pyparsing, protobuf, pillow, packaging, numpy, kiwisolver, fonttools, cycler, absl-py, python-dateutil, contourpy, pandas, matplotlib, ortools
Successfully installed absl-py-2.3.0+computecanada contourpy-1.3.1+computecanada cycler-0.12.1+computecanada fonttools-4.59.0+computecanada kiwisolver-1.4.8+computecanada matplotlib-3.10.0+computecanada numpy-2.2.2+computecanada ortools-9.10.4067+computecanada packaging-25.0+computecanada pandas-2.2.3+computecanada pillow-11.1.0+computecanada protobuf-6.31.1+computecanada pyparsing-3.2.3+computecanada python-dateutil-2.9.0.post0+computecanada pytz-2025.2+computecanada six-1.17.0+computecanada tzdata-2025.2+computecanada

Starting CP-SAT solver v9.10.4067
Parameters: max_time_in_seconds: 86400 max_memory_in_mb: 185000 log_search_progress: true enumerate_all_solutions: false num_search_workers: 32 absolute_gap_limit: 0 relative_gap_limit: 0

Initial optimization model '': (model_fingerprint: 0xbb3319974efa98df)
#Variables: 99 (#ints: 4 in objective)
  - 63 Booleans in [0,1]
  - 36 in [0,305]
#kLinear1: 18
#kLinear2: 74
#kLinear3: 31
#kLinearN: 211 (#terms: 1'653)

Starting presolve at 0.00s
  1.26e-04s  0.00e+00d  [DetectDominanceRelations] 
  1.88e-03s  0.00e+00d  [PresolveToFixPoint] #num_loops=6 #num_dual_strengthening=2 
  1.86e-05s  0.00e+00d  [ExtractEncodingFromLinear] #potential_supersets=2 
[Symmetry] Graph for symmetry has 340 nodes and 890 arcs.
[Symmetry] Symmetry computation done. time: 0.000154893 dtime: 9.501e-05
[Symmetry] #generators: 1, average support size: 10
[Symmetry] The model contains 34 duplicate constraints !
[Symmetry] 5 orbits with sizes: 2,2,2,2,2
[Symmetry] Num fixable by intersecting at_most_one with orbits: 1 largest_orbit: 2
  1.10e-03s  4.60e-05d  [Probe] #probed=72 #new_bounds=1 #equiv=1 
  6.32e-05s  0.00e+00d  [MaxClique] Merged 3(6 literals) into 1(2 literals) at_most_ones. 
  4.47e-05s  0.00e+00d  [DetectDominanceRelations] 
  4.85e-04s  0.00e+00d  [PresolveToFixPoint] #num_loops=5 #num_dual_strengthening=3 
  1.44e-04s  0.00e+00d  [ProcessAtMostOneAndLinear] 
  1.50e-04s  0.00e+00d  [DetectDuplicateConstraints] #duplicates=40 #without_enforcements=2 
  5.85e-05s  1.55e-06d  [DetectDominatedLinearConstraints] #relevant_constraints=90 #num_inclusions=48 
  9.65e-05s  0.00e+00d  [DetectDifferentVariables] #different=4 
  1.42e-05s  2.49e-07d  [ProcessSetPPC] #relevant_constraints=29 
  2.98e-06s  0.00e+00d  [FindAlmostIdenticalLinearConstraints] 
  3.86e-05s  1.98e-06d  [FindBigAtMostOneAndLinearOverlap] 
  3.90e-05s  2.79e-05d  [FindBigVerticalLinearOverlap] 
  6.74e-06s  8.80e-07d  [FindBigHorizontalLinearOverlap] #linears=28 
  8.85e-06s  0.00e+00d  [MergeClauses] 
  3.93e-05s  0.00e+00d  [DetectDominanceRelations] 
  3.11e-04s  0.00e+00d  [PresolveToFixPoint] #num_loops=1 #num_dual_strengthening=1 
  3.52e-05s  0.00e+00d  [DetectDominanceRelations] 
  2.94e-04s  0.00e+00d  [PresolveToFixPoint] #num_loops=1 #num_dual_strengthening=1 
[Symmetry] Graph for symmetry has 292 nodes and 739 arcs.
[Symmetry] Symmetry computation done. time: 3.2492e-05 dtime: 5.129e-05
  3.04e-04s  4.33e-05d  [Probe] #probed=72 
  2.29e-06s  0.00e+00d  [MaxClique] 
  3.82e-05s  0.00e+00d  [DetectDominanceRelations] 
  3.10e-04s  0.00e+00d  [PresolveToFixPoint] #num_loops=1 #num_dual_strengthening=1 
  8.93e-05s  0.00e+00d  [ProcessAtMostOneAndLinear] 
  8.20e-05s  0.00e+00d  [DetectDuplicateConstraints] #without_enforcements=2 
  3.61e-05s  1.55e-06d  [DetectDominatedLinearConstraints] #relevant_constraints=90 #num_inclusions=48 
  3.39e-05s  0.00e+00d  [DetectDifferentVariables] #different=4 
  1.34e-05s  2.49e-07d  [ProcessSetPPC] #relevant_constraints=29 
  2.76e-06s  0.00e+00d  [FindAlmostIdenticalLinearConstraints] 
  6.66e-06s  1.98e-06d  [FindBigAtMostOneAndLinearOverlap] 
  3.72e-05s  2.79e-05d  [FindBigVerticalLinearOverlap] 
  6.45e-06s  8.80e-07d  [FindBigHorizontalLinearOverlap] #linears=28 
  1.75e-06s  0.00e+00d  [MergeClauses] 
  3.81e-05s  0.00e+00d  [DetectDominanceRelations] 
  3.05e-04s  0.00e+00d  [PresolveToFixPoint] #num_loops=1 #num_dual_strengthening=1 
  3.53e-05s  0.00e+00d  [DetectDominanceRelations] 
  2.95e-04s  0.00e+00d  [PresolveToFixPoint] #num_loops=1 #num_dual_strengthening=1 
[Symmetry] Graph for symmetry has 292 nodes and 739 arcs.
[Symmetry] Symmetry computation done. time: 3.165e-05 dtime: 5.129e-05
  2.92e-04s  4.33e-05d  [Probe] #probed=72 
  2.26e-06s  0.00e+00d  [MaxClique] 
  3.78e-05s  0.00e+00d  [DetectDominanceRelations] 
  3.09e-04s  0.00e+00d  [PresolveToFixPoint] #num_loops=1 #num_dual_strengthening=1 
  8.96e-05s  0.00e+00d  [ProcessAtMostOneAndLinear] 
  7.54e-05s  0.00e+00d  [DetectDuplicateConstraints] #without_enforcements=2 
  3.57e-05s  1.55e-06d  [DetectDominatedLinearConstraints] #relevant_constraints=90 #num_inclusions=48 
  3.36e-05s  0.00e+00d  [DetectDifferentVariables] #different=4 
  1.37e-05s  2.49e-07d  [ProcessSetPPC] #relevant_constraints=29 
  2.96e-06s  0.00e+00d  [FindAlmostIdenticalLinearConstraints] 
  6.92e-06s  1.98e-06d  [FindBigAtMostOneAndLinearOverlap] 
  3.72e-05s  2.79e-05d  [FindBigVerticalLinearOverlap] 
  6.40e-06s  8.80e-07d  [FindBigHorizontalLinearOverlap] #linears=28 
  1.80e-06s  0.00e+00d  [MergeClauses] 
  3.78e-05s  0.00e+00d  [DetectDominanceRelations] 
  3.02e-04s  0.00e+00d  [PresolveToFixPoint] #num_loops=1 #num_dual_strengthening=1 
  2.88e-05s  0.00e+00d  [ExpandObjective] #entries=6 #tight_variables=3 #tight_constraints=1 

Presolve summary:
  - 17 affine relations were detected.
  - rule 'TODO dual: add implied bound' was applied 24 times.
  - rule 'TODO dual: only one blocking constraint?' was applied 188 times.
  - rule 'TODO dual: only one blocking enforced constraint?' was applied 48 times.
  - rule 'TODO dual: only one unspecified blocking constraint?' was applied 15 times.
  - rule 'TODO duplicate: identical constraint with different enforcements' was applied 6 times.
  - rule 'affine: new relation' was applied 17 times.
  - rule 'at_most_one: removed literals' was applied 1 time.
  - rule 'at_most_one: size one' was applied 1 time.
  - rule 'at_most_one: transformed into max clique.' was applied 1 time.
  - rule 'deductions: 28 stored' was applied 1 time.
  - rule 'dual: fix variable' was applied 9 times.
  - rule 'dual: reduced domain' was applied 9 times.
  - rule 'duplicate: merged rhs of linear constraint' was applied 6 times.
  - rule 'duplicate: removed constraint' was applied 40 times.
  - rule 'enforcement: false literal' was applied 2 times.
  - rule 'enforcement: literal not used' was applied 2 times.
  - rule 'exactly_one: x and not(x)' was applied 1 time.
  - rule 'incompatible linear: add implication' was applied 3 times.
  - rule 'linear: always true' was applied 129 times.
  - rule 'linear: doubleton free' was applied 5 times.
  - rule 'linear: empty' was applied 12 times.
  - rule 'linear: extracted enforcement literal' was applied 291 times.
  - rule 'linear: fixed or dup variables' was applied 213 times.
  - rule 'linear: positive equal one' was applied 2 times.
  - rule 'linear: reduced variable domains' was applied 42 times.
  - rule 'linear: remapped using affine relations' was applied 224 times.
  - rule 'linear: simplified rhs' was applied 385 times.
  - rule 'linear: tightened into equality' was applied 3 times.
  - rule 'linear: variable substitution 1' was applied 5 times.
  - rule 'presolve: 37 unused variables removed.' was applied 1 time.
  - rule 'presolve: iteration' was applied 3 times.
  - rule 'probing: reduced enforced constraint to implication.' was applied 3 times.
  - rule 'symmetry: fixed to false in general orbit' was applied 1 time.

Presolved optimization model '': (model_fingerprint: 0x469caa7b0ad27d1d)
#Variables: 40 (#ints: 4 in objective)
  - 17 Booleans in [0,1]
  - 1 in [0,180]
  - 3 in [0,206]
  - 3 in [0,220]
  - 3 in [0,244]
  - 1 in [2,246]
  - 1 in [3,209]
  - 1 in [3,223]
  - 1 in [3,247]
  - 1 in [13,233]
  - 1 in [35,241]
  - 1 in [50,294]
  - 1 in [55,275]
  - 1 in [74,238]
  - 1 in [74,294]
  - 1 in [114,272]
  - 1 in [114,294]
  - 1 in [130,305]
#kExactlyOne: 1 (#literals: 3)
#kLinear2: 43 (#enforced: 33 #multi: 27)
#kLinear3: 47 (#enforced: 42 #multi: 22)
#kLinearN: 33 (#enforced: 16 #multi: 4) (#terms: 196)

Preloading model.
#Bound   0.02s best:inf   next:[145,964]  initial_domain
[Symmetry] Graph for symmetry has 233 nodes and 739 arcs.
[Symmetry] Symmetry computation done. time: 3.0498e-05 dtime: 4.775e-05
#Model   0.02s var:40/40 constraints:124/124

Starting search at 0.02s with 32 workers.
16 full problem subsolvers: [core, default_lp, lb_tree_search, max_lp, no_lp, objective_lb_search, objective_lb_search_max_lp, objective_lb_search_no_lp, objective_shaving_search_max_lp, objective_shaving_search_no_lp, probing, probing_max_lp, pseudo_costs, quick_restart, quick_restart_no_lp, reduced_costs]
14 first solution subsolvers: [fj_long_default, fj_long_lin_default, fj_long_random, fj_short_default, fj_short_lin_default, fj_short_lin_random, fj_short_random, fs_random(2), fs_random_no_lp(2), fs_random_quick_restart(2), fs_random_quick_restart_no_lp]
11 incomplete subsolvers: [feasibility_pump, graph_arc_lns, graph_cst_lns, graph_dec_lns, graph_var_lns, rins/rens, rnd_cst_lns, rnd_var_lns, violation_ls(3)]
3 helper subsolvers: [neighborhood_helper, synchronization_agent, update_gap_integral]
#1       0.02s best:498   next:[145,497]  no_lp (fixed_bools=0/31)
#Bound   0.02s best:498   next:[148,497]  pseudo_costs
#Bound   0.03s best:498   next:[149,497]  bool_core (num_cores=1 [cover] a=3 d=1 fixed=2/30 clauses=7)
#Bound   0.03s best:498   next:[181,497]  pseudo_costs
#2       0.03s best:453   next:[181,452]  no_lp (fixed_bools=0/34)
#3       0.03s best:377   next:[181,376]  no_lp (fixed_bools=0/38)
#4       0.03s best:353   next:[181,352]  no_lp (fixed_bools=0/42)
#5       0.03s best:335   next:[181,334]  no_lp (fixed_bools=2/43)
#6       0.03s best:327   next:[181,326]  no_lp (fixed_bools=2/45)
#7       0.03s best:326   next:[181,325]  no_lp (fixed_bools=2/45)
#Bound   0.03s best:326   next:[193,325]  pseudo_costs
#8       0.03s best:296   next:[193,295]  no_lp (fixed_bools=2/50)
#9       0.03s best:286   next:[193,285]  no_lp (fixed_bools=2/51)
#Bound   0.03s best:286   next:[197,285]  pseudo_costs
#Bound   0.03s best:286   next:[209,285]  no_lp
#Done    0.03s no_lp
#Done    0.04s reduced_costs
#Model   0.04s var:34/40 constraints:57/124

Task timing                                  n [     min,      max]      avg      dev     time         n [     min,      max]      avg      dev    dtime
                             'core':         1 [ 17.79ms,  17.79ms]  17.79ms   0.00ns  17.79ms         1 [101.08us, 101.08us] 101.08us   0.00ns 101.08us
                       'default_lp':         1 [ 17.80ms,  17.80ms]  17.80ms   0.00ns  17.80ms         1 [ 20.22us,  20.22us]  20.22us   0.00ns  20.22us
                 'feasibility_pump':         0 [  0.00ns,   0.00ns]   0.00ns   0.00ns   0.00ns         0 [  0.00ns,   0.00ns]   0.00ns   0.00ns   0.00ns
                  'fj_long_default':         0 [  0.00ns,   0.00ns]   0.00ns   0.00ns   0.00ns         0 [  0.00ns,   0.00ns]   0.00ns   0.00ns   0.00ns
              'fj_long_lin_default':         0 [  0.00ns,   0.00ns]   0.00ns   0.00ns   0.00ns         0 [  0.00ns,   0.00ns]   0.00ns   0.00ns   0.00ns
                   'fj_long_random':         0 [  0.00ns,   0.00ns]   0.00ns   0.00ns   0.00ns         0 [  0.00ns,   0.00ns]   0.00ns   0.00ns   0.00ns
                 'fj_short_default':         0 [  0.00ns,   0.00ns]   0.00ns   0.00ns   0.00ns         0 [  0.00ns,   0.00ns]   0.00ns   0.00ns   0.00ns
             'fj_short_lin_default':         0 [  0.00ns,   0.00ns]   0.00ns   0.00ns   0.00ns         0 [  0.00ns,   0.00ns]   0.00ns   0.00ns   0.00ns
              'fj_short_lin_random':         0 [  0.00ns,   0.00ns]   0.00ns   0.00ns   0.00ns         0 [  0.00ns,   0.00ns]   0.00ns   0.00ns   0.00ns
                  'fj_short_random':         0 [  0.00ns,   0.00ns]   0.00ns   0.00ns   0.00ns         0 [  0.00ns,   0.00ns]   0.00ns   0.00ns   0.00ns
                        'fs_random':         0 [  0.00ns,   0.00ns]   0.00ns   0.00ns   0.00ns         0 [  0.00ns,   0.00ns]   0.00ns   0.00ns   0.00ns
                        'fs_random':         0 [  0.00ns,   0.00ns]   0.00ns   0.00ns   0.00ns         0 [  0.00ns,   0.00ns]   0.00ns   0.00ns   0.00ns
                  'fs_random_no_lp':         0 [  0.00ns,   0.00ns]   0.00ns   0.00ns   0.00ns         0 [  0.00ns,   0.00ns]   0.00ns   0.00ns   0.00ns
                  'fs_random_no_lp':         0 [  0.00ns,   0.00ns]   0.00ns   0.00ns   0.00ns         0 [  0.00ns,   0.00ns]   0.00ns   0.00ns   0.00ns
          'fs_random_quick_restart':         0 [  0.00ns,   0.00ns]   0.00ns   0.00ns   0.00ns         0 [  0.00ns,   0.00ns]   0.00ns   0.00ns   0.00ns
          'fs_random_quick_restart':         0 [  0.00ns,   0.00ns]   0.00ns   0.00ns   0.00ns         0 [  0.00ns,   0.00ns]   0.00ns   0.00ns   0.00ns
    'fs_random_quick_restart_no_lp':         0 [  0.00ns,   0.00ns]   0.00ns   0.00ns   0.00ns         0 [  0.00ns,   0.00ns]   0.00ns   0.00ns   0.00ns
                    'graph_arc_lns':         0 [  0.00ns,   0.00ns]   0.00ns   0.00ns   0.00ns         0 [  0.00ns,   0.00ns]   0.00ns   0.00ns   0.00ns
                    'graph_cst_lns':         0 [  0.00ns,   0.00ns]   0.00ns   0.00ns   0.00ns         0 [  0.00ns,   0.00ns]   0.00ns   0.00ns   0.00ns
                    'graph_dec_lns':         0 [  0.00ns,   0.00ns]   0.00ns   0.00ns   0.00ns         0 [  0.00ns,   0.00ns]   0.00ns   0.00ns   0.00ns
                    'graph_var_lns':         0 [  0.00ns,   0.00ns]   0.00ns   0.00ns   0.00ns         0 [  0.00ns,   0.00ns]   0.00ns   0.00ns   0.00ns
                   'lb_tree_search':         1 [ 15.90ms,  15.90ms]  15.90ms   0.00ns  15.90ms         0 [  0.00ns,   0.00ns]   0.00ns   0.00ns   0.00ns
                           'max_lp':         1 [ 17.67ms,  17.67ms]  17.67ms   0.00ns  17.67ms         0 [  0.00ns,   0.00ns]   0.00ns   0.00ns   0.00ns
                            'no_lp':         1 [ 12.67ms,  12.67ms]  12.67ms   0.00ns  12.67ms         1 [827.99us, 827.99us] 827.99us   0.00ns 827.99us
              'objective_lb_search':         1 [ 10.64ms,  10.64ms]  10.64ms   0.00ns  10.64ms         0 [  0.00ns,   0.00ns]   0.00ns   0.00ns   0.00ns
       'objective_lb_search_max_lp':         0 [  0.00ns,   0.00ns]   0.00ns   0.00ns   0.00ns         0 [  0.00ns,   0.00ns]   0.00ns   0.00ns   0.00ns
        'objective_lb_search_no_lp':         0 [  0.00ns,   0.00ns]   0.00ns   0.00ns   0.00ns         0 [  0.00ns,   0.00ns]   0.00ns   0.00ns   0.00ns
  'objective_shaving_search_max_lp':         1 [946.12us, 946.12us] 946.12us   0.00ns 946.12us         0 [  0.00ns,   0.00ns]   0.00ns   0.00ns   0.00ns
   'objective_shaving_search_no_lp':         1 [  7.94ms,   7.94ms]   7.94ms   0.00ns   7.94ms         0 [  0.00ns,   0.00ns]   0.00ns   0.00ns   0.00ns
                          'probing':         1 [ 10.83ms,  10.83ms]  10.83ms   0.00ns  10.83ms         0 [  0.00ns,   0.00ns]   0.00ns   0.00ns   0.00ns
                   'probing_max_lp':         1 [971.32us, 971.32us] 971.32us   0.00ns 971.32us         0 [  0.00ns,   0.00ns]   0.00ns   0.00ns   0.00ns
                     'pseudo_costs':         1 [ 16.18ms,  16.18ms]  16.18ms   0.00ns  16.18ms         1 [990.16us, 990.16us] 990.16us   0.00ns 990.16us
                    'quick_restart':         1 [ 17.24ms,  17.24ms]  17.24ms   0.00ns  17.24ms         1 [ 20.22us,  20.22us]  20.22us   0.00ns  20.22us
              'quick_restart_no_lp':         1 [ 16.26ms,  16.26ms]  16.26ms   0.00ns  16.26ms         1 [ 25.59us,  25.59us]  25.59us   0.00ns  25.59us
                    'reduced_costs':         1 [ 16.18ms,  16.18ms]  16.18ms   0.00ns  16.18ms         1 [405.21us, 405.21us] 405.21us   0.00ns 405.21us
                        'rins/rens':         0 [  0.00ns,   0.00ns]   0.00ns   0.00ns   0.00ns         0 [  0.00ns,   0.00ns]   0.00ns   0.00ns   0.00ns
                      'rnd_cst_lns':         0 [  0.00ns,   0.00ns]   0.00ns   0.00ns   0.00ns         0 [  0.00ns,   0.00ns]   0.00ns   0.00ns   0.00ns
                      'rnd_var_lns':         0 [  0.00ns,   0.00ns]   0.00ns   0.00ns   0.00ns         0 [  0.00ns,   0.00ns]   0.00ns   0.00ns   0.00ns
                     'violation_ls':         0 [  0.00ns,   0.00ns]   0.00ns   0.00ns   0.00ns         0 [  0.00ns,   0.00ns]   0.00ns   0.00ns   0.00ns
                     'violation_ls':         0 [  0.00ns,   0.00ns]   0.00ns   0.00ns   0.00ns         0 [  0.00ns,   0.00ns]   0.00ns   0.00ns   0.00ns
                     'violation_ls':         0 [  0.00ns,   0.00ns]   0.00ns   0.00ns   0.00ns         0 [  0.00ns,   0.00ns]   0.00ns   0.00ns   0.00ns

Search stats                        Bools  Conflicts  Branches  Restarts  BoolPropag  IntegerPropag
                           'core':     69         17        61        56         395          1'000
                     'default_lp':     17          0        34        34           6            163
                      'fs_random':      0          0         0         0           0              0
                      'fs_random':      0          0         0         0           0              0
                'fs_random_no_lp':      0          0         0         0           0              0
                'fs_random_no_lp':      0          0         0         0           0              0
        'fs_random_quick_restart':      0          0         0         0           0              0
        'fs_random_quick_restart':      0          0         0         0           0              0
  'fs_random_quick_restart_no_lp':      0          0         0         0           0              0
                 'lb_tree_search':     17          0        34        34           6            168
                         'max_lp':     17          0        34        34           6            169
                          'no_lp':     51         35       426       150         747          6'080
            'objective_lb_search':     17          0         0         0           0              0
     'objective_lb_search_max_lp':      0          0         0         0           0              0
      'objective_lb_search_no_lp':      0          0         0         0           0              0
                        'probing':     17          0        10        10           6             18
                 'probing_max_lp':     17          0         0         0           0              0
                   'pseudo_costs':     17          0        34        34          12            239
                  'quick_restart':     17          0        34        34           6            163
            'quick_restart_no_lp':     17          4        44        34          24            377
                  'reduced_costs':     17          0        34        34           6            173

SAT stats                           ClassicMinim  LitRemoved  LitLearned  LitForgotten  Subsumed  MClauses  MDecisions  MLitTrue  MSubsumed  MLitRemoved  MReused
                           'core':             0           0           0             0         0         0           0         0          0            0        0
                     'default_lp':             0           0           0             0         0         0           0         0          0            0        0
                      'fs_random':             0           0           0             0         0         0           0         0          0            0        0
                      'fs_random':             0           0           0             0         0         0           0         0          0            0        0
                'fs_random_no_lp':             0           0           0             0         0         0           0         0          0            0        0
                'fs_random_no_lp':             0           0           0             0         0         0           0         0          0            0        0
        'fs_random_quick_restart':             0           0           0             0         0         0           0         0          0            0        0
        'fs_random_quick_restart':             0           0           0             0         0         0           0         0          0            0        0
  'fs_random_quick_restart_no_lp':             0           0           0             0         0         0           0         0          0            0        0
                 'lb_tree_search':             0           0           0             0         0         0           0         0          0            0        0
                         'max_lp':             0           0           0             0         0         0           0         0          0            0        0
                          'no_lp':            11          18         112             0         6        10          39         0          4           13        2
            'objective_lb_search':             0           0           0             0         0         0           0         0          0            0        0
     'objective_lb_search_max_lp':             0           0           0             0         0         0           0         0          0            0        0
      'objective_lb_search_no_lp':             0           0           0             0         0         0           0         0          0            0        0
                        'probing':             0           0           0             0         0         0           0         0          0            0        0
                 'probing_max_lp':             0           0           0             0         0         0           0         0          0            0        0
                   'pseudo_costs':             0           0           0             0         0         0           0         0          0            0        0
                  'quick_restart':             0           0           0             0         0         0           0         0          0            0        0
            'quick_restart_no_lp':             0           0          13             0         1         0           0         0          0            0        0
                  'reduced_costs':             0           0           0             0         0         0           0         0          0            0        0

Lp stats                  Component  Iterations  AddedCuts  OPTIMAL  DUAL_F.  DUAL_U.
           'default_lp':          1          22         41        5        0        0
       'lb_tree_search':          1           0          0        0        0        0
               'max_lp':          1          36         52        1        1        0
  'objective_lb_search':          1           0          0        0        0        0
              'probing':          1           0          0        0        0        0
       'probing_max_lp':          1           0          0        0        0        0
         'pseudo_costs':          1         126        346       13        0        0
        'quick_restart':          1          22         39        5        0        0
        'reduced_costs':          1          78        165        8        0        0

Lp dimension                                                            Final dimension of first component
           'default_lp':    27 rows, 38 columns, 77 entries with magnitude in [9.917694e-02, 1.000000e+00]
       'lb_tree_search':  124 rows, 40 columns, 670 entries with magnitude in [3.084147e-02, 1.000000e+00]
               'max_lp':  147 rows, 40 columns, 737 entries with magnitude in [1.896097e-02, 1.000000e+00]
  'objective_lb_search':      0 rows, 38 columns, 0 entries with magnitude in [0.000000e+00, 0.000000e+00]
              'probing':      0 rows, 38 columns, 0 entries with magnitude in [0.000000e+00, 0.000000e+00]
       'probing_max_lp':  124 rows, 40 columns, 670 entries with magnitude in [3.084147e-02, 1.000000e+00]
         'pseudo_costs':  153 rows, 40 columns, 391 entries with magnitude in [5.343079e-03, 1.000000e+00]
        'quick_restart':    28 rows, 38 columns, 79 entries with magnitude in [9.917694e-02, 1.000000e+00]
        'reduced_costs':   97 rows, 40 columns, 394 entries with magnitude in [9.408611e-03, 1.000000e+00]

Lp debug                  CutPropag  CutEqPropag  Adjust  Overflow  Bad  BadScaling
           'default_lp':          0            0       2         0    1           0
       'lb_tree_search':          0            0       0         0    0           0
               'max_lp':          0            0       0         0    0           0
  'objective_lb_search':          0            0       0         0    0           0
              'probing':          0            0       0         0    0           0
       'probing_max_lp':          0            0       0         0    0           0
         'pseudo_costs':          0            0       8         0  262           0
        'quick_restart':          0            0       2         0    0           0
        'reduced_costs':          0            0       3         0   94           0

Lp pool                   Constraints  Updates  Simplif  Merged  Shortened  Split  Strenghtened  Cuts/Call
           'default_lp':           74        0        0       0          0      0             0      41/57
       'lb_tree_search':          124        0        0       0          0      0             0        0/0
               'max_lp':          176        0        0       0          0      0             0      52/80
  'objective_lb_search':           33        0        0       0          0      0             0        0/0
              'probing':           33        0        0       0          0      0             0        0/0
       'probing_max_lp':          124        0        0       0          0      0             0        0/0
         'pseudo_costs':          467       39      396       3        236      8           288    346/517
        'quick_restart':           72        0        0       0          0      0             0      39/54
        'reduced_costs':          289        3        0       0          0      4            29    165/238

Lp Cut            default_lp  max_lp  quick_restart  reduced_costs  pseudo_costs
          CG_FF:           2       4              2             18            47
           CG_K:           2       4              2              4            25
           CG_R:           -       -              -             10            19
          CG_RB:           -       -              -             37            93
         CG_RBP:           -       -              -             10            13
             IB:          29      34             29             38            48
       MIR_1_FF:           5       7              4             17            27
        MIR_1_K:           -       -              -              2             6
        MIR_1_R:           2       3              2              1             1
       MIR_1_RB:           1       -              -              6            14
      MIR_1_RBP:           -       -              -              1             2
       MIR_2_FF:           -       -              -              5             8
        MIR_2_R:           -       -              -              1             1
       MIR_2_RB:           -       -              -              5            11
      MIR_2_RBP:           -       -              -              1             1
       MIR_3_FF:           -       -              -              -             4
        MIR_3_R:           -       -              -              -             1
       MIR_3_RB:           -       -              -              -             4
       MIR_4_RB:           -       -              -              -             1
   ZERO_HALF_FF:           -       -              -              2             5
    ZERO_HALF_R:           -       -              -              4             9
   ZERO_HALF_RB:           -       -              -              2             5
  ZERO_HALF_RBP:           -       -              -              1             1

LNS stats           Improv/Calls  Closed  Difficulty  TimeLimit
  'graph_arc_lns':           0/0      0%        0.50       0.10
  'graph_cst_lns':           0/0      0%        0.50       0.10
  'graph_dec_lns':           0/0      0%        0.50       0.10
  'graph_var_lns':           0/0      0%        0.50       0.10
      'rins/rens':           0/0      0%        0.50       0.10
    'rnd_cst_lns':           0/0      0%        0.50       0.10
    'rnd_var_lns':           0/0      0%        0.50       0.10

LS stats                   Batches  Restarts  LinMoves  GenMoves  CompoundMoves  WeightUpdates
       'fj_long_default':        0         0         0         0              0              0
   'fj_long_lin_default':        0         0         0         0              0              0
        'fj_long_random':        0         0         0         0              0              0
      'fj_short_default':        0         0         0         0              0              0
  'fj_short_lin_default':        0         0         0         0              0              0
   'fj_short_lin_random':        0         0         0         0              0              0
       'fj_short_random':        0         0         0         0              0              0
          'violation_ls':        0         0         0         0              0              0
          'violation_ls':        0         0         0         0              0              0
          'violation_ls':        0         0         0         0              0              0

Solutions (9)    Num   Rank
       'no_lp':    9  [1,9]

Objective bounds     Num
       'bool_core':    1
  'initial_domain':    1
           'no_lp':    1
    'pseudo_costs':    4

Solution repositories    Added  Queried  Ignored  Synchro
  'feasible solutions':      9        0        0        9
        'lp solutions':      0        0        0        0
                'pump':      0        0

Improving bounds shared    Num
                 'no_lp':  170
          'pseudo_costs':   12

Clauses shared    Num
        'no_lp':   13

CpSolverResponse summary:
status: OPTIMAL
objective: 286
best_bound: 286
integers: 0
booleans: 0
conflicts: 0
branches: 0
propagations: 0
integer_propagations: 0
restarts: 0
lp_iterations: 0
walltime: 0.0416765
usertime: 0.0416766
deterministic_time: 0.00262064
gap_integral: 0.00603076
solution_fingerprint: 0x29249935a1904b14


--- Simulation Gantt à partir du modèle mathématique ---
