created virtual environment CPython3.12.4.final.0-64 in 329ms
  creator CPython3Posix(dest=/localscratch/aneumann.47038251.0/env, clear=False, no_vcs_ignore=False, global=False)
  seeder FromAppData(download=False, pip=bundle, via=copy, app_data_dir=/home/aneumann/.local/share/virtualenv)
    added seed packages: pip==24.2+computecanada
  activators BashActivator,CShellActivator,FishActivator,NushellActivator,PowerShellActivator,PythonActivator
Looking in links: /cvmfs/soft.computecanada.ca/custom/python/wheelhouse/gentoo2023/x86-64-v3, /cvmfs/soft.computecanada.ca/custom/python/wheelhouse/gentoo2023/generic, /cvmfs/soft.computecanada.ca/custom/python/wheelhouse/generic
Requirement already satisfied: pip in /localscratch/aneumann.47038251.0/env/lib/python3.12/site-packages (24.2+computecanada)
Processing /cvmfs/soft.computecanada.ca/custom/python/wheelhouse/generic/pip-25.0+computecanada-py3-none-any.whl
Installing collected packages: pip
  Attempting uninstall: pip
    Found existing installation: pip 24.2+computecanada
    Uninstalling pip-24.2+computecanada:
      Successfully uninstalled pip-24.2+computecanada
Successfully installed pip-24.2+computecanada
Looking in links: /cvmfs/soft.computecanada.ca/custom/python/wheelhouse/gentoo2023/x86-64-v3, /cvmfs/soft.computecanada.ca/custom/python/wheelhouse/gentoo2023/generic, /cvmfs/soft.computecanada.ca/custom/python/wheelhouse/generic
ERROR: protobuf-5.28.3-cp38-abi3-manylinux2014_x86_64.whl is not a supported wheel on this platform.
Looking in links: /cvmfs/soft.computecanada.ca/custom/python/wheelhouse/gentoo2023/x86-64-v3, /cvmfs/soft.computecanada.ca/custom/python/wheelhouse/gentoo2023/generic, /cvmfs/soft.computecanada.ca/custom/python/wheelhouse/generic
Processing /home/aneumann/projects/def-adhaj/aneumann/GNRS/wheels/immutabledict-4.2.0-py3-none-any.whl
Installing collected packages: immutabledict
Successfully installed immutabledict-4.2.0
Looking in links: /cvmfs/soft.computecanada.ca/custom/python/wheelhouse/gentoo2023/x86-64-v3, /cvmfs/soft.computecanada.ca/custom/python/wheelhouse/gentoo2023/generic, /cvmfs/soft.computecanada.ca/custom/python/wheelhouse/generic
Processing /cvmfs/soft.computecanada.ca/custom/python/wheelhouse/generic/ortools-9.10.4067+computecanada-cp312-cp312-linux_x86_64.whl (from -r /home/aneumann/projects/def-adhaj/aneumann/GNRS/requirements/or.txt (line 1))
Processing /cvmfs/soft.computecanada.ca/custom/python/wheelhouse/gentoo2023/x86-64-v3/matplotlib-3.10.0+computecanada-cp312-cp312-linux_x86_64.whl (from -r /home/aneumann/projects/def-adhaj/aneumann/GNRS/requirements/or.txt (line 2))
Processing /cvmfs/soft.computecanada.ca/custom/python/wheelhouse/gentoo2023/x86-64-v3/pandas-2.2.3+computecanada-cp312-cp312-linux_x86_64.whl (from -r /home/aneumann/projects/def-adhaj/aneumann/GNRS/requirements/or.txt (line 3))
Processing /cvmfs/soft.computecanada.ca/custom/python/wheelhouse/generic/absl_py-2.3.0+computecanada-py3-none-any.whl (from ortools<9.11,>=9.10->-r /home/aneumann/projects/def-adhaj/aneumann/GNRS/requirements/or.txt (line 1))
Processing /cvmfs/soft.computecanada.ca/custom/python/wheelhouse/gentoo2023/generic/numpy-2.2.2+computecanada-cp312-cp312-linux_x86_64.whl (from ortools<9.11,>=9.10->-r /home/aneumann/projects/def-adhaj/aneumann/GNRS/requirements/or.txt (line 1))
Processing /cvmfs/soft.computecanada.ca/custom/python/wheelhouse/gentoo2023/x86-64-v3/protobuf-6.31.1+computecanada-cp312-cp312-linux_x86_64.whl (from ortools<9.11,>=9.10->-r /home/aneumann/projects/def-adhaj/aneumann/GNRS/requirements/or.txt (line 1))
Requirement already satisfied: immutabledict>=3.0.0 in /localscratch/aneumann.47038251.0/env/lib/python3.12/site-packages (from ortools<9.11,>=9.10->-r /home/aneumann/projects/def-adhaj/aneumann/GNRS/requirements/or.txt (line 1)) (4.2.0)
Processing /cvmfs/soft.computecanada.ca/custom/python/wheelhouse/gentoo2023/generic/contourpy-1.3.1+computecanada-cp312-cp312-linux_x86_64.whl (from matplotlib->-r /home/aneumann/projects/def-adhaj/aneumann/GNRS/requirements/or.txt (line 2))
Processing /cvmfs/soft.computecanada.ca/custom/python/wheelhouse/generic/cycler-0.12.1+computecanada-py3-none-any.whl (from matplotlib->-r /home/aneumann/projects/def-adhaj/aneumann/GNRS/requirements/or.txt (line 2))
Processing /cvmfs/soft.computecanada.ca/custom/python/wheelhouse/generic/fonttools-4.59.0+computecanada-cp312-cp312-linux_x86_64.whl (from matplotlib->-r /home/aneumann/projects/def-adhaj/aneumann/GNRS/requirements/or.txt (line 2))
Processing /cvmfs/soft.computecanada.ca/custom/python/wheelhouse/gentoo2023/x86-64-v3/kiwisolver-1.4.8+computecanada-cp312-cp312-linux_x86_64.whl (from matplotlib->-r /home/aneumann/projects/def-adhaj/aneumann/GNRS/requirements/or.txt (line 2))
Processing /cvmfs/soft.computecanada.ca/custom/python/wheelhouse/generic/packaging-25.0+computecanada-py3-none-any.whl (from matplotlib->-r /home/aneumann/projects/def-adhaj/aneumann/GNRS/requirements/or.txt (line 2))
Processing /cvmfs/soft.computecanada.ca/custom/python/wheelhouse/gentoo2023/x86-64-v3/pillow-11.1.0+computecanada-cp312-cp312-linux_x86_64.whl (from matplotlib->-r /home/aneumann/projects/def-adhaj/aneumann/GNRS/requirements/or.txt (line 2))
Processing /cvmfs/soft.computecanada.ca/custom/python/wheelhouse/generic/pyparsing-3.2.3+computecanada-py3-none-any.whl (from matplotlib->-r /home/aneumann/projects/def-adhaj/aneumann/GNRS/requirements/or.txt (line 2))
Processing /cvmfs/soft.computecanada.ca/custom/python/wheelhouse/generic/python_dateutil-2.9.0.post0+computecanada-py2.py3-none-any.whl (from matplotlib->-r /home/aneumann/projects/def-adhaj/aneumann/GNRS/requirements/or.txt (line 2))
Processing /cvmfs/soft.computecanada.ca/custom/python/wheelhouse/generic/pytz-2025.2+computecanada-py2.py3-none-any.whl (from pandas->-r /home/aneumann/projects/def-adhaj/aneumann/GNRS/requirements/or.txt (line 3))
Processing /cvmfs/soft.computecanada.ca/custom/python/wheelhouse/generic/tzdata-2025.2+computecanada-py2.py3-none-any.whl (from pandas->-r /home/aneumann/projects/def-adhaj/aneumann/GNRS/requirements/or.txt (line 3))
Processing /cvmfs/soft.computecanada.ca/custom/python/wheelhouse/generic/six-1.17.0+computecanada-py2.py3-none-any.whl (from python-dateutil>=2.7->matplotlib->-r /home/aneumann/projects/def-adhaj/aneumann/GNRS/requirements/or.txt (line 2))
Installing collected packages: pytz, tzdata, six, pyparsing, protobuf, pillow, packaging, numpy, kiwisolver, fonttools, cycler, absl-py, python-dateutil, contourpy, pandas, matplotlib, ortools
Successfully installed absl-py-2.3.0+computecanada contourpy-1.3.1+computecanada cycler-0.12.1+computecanada fonttools-4.59.0+computecanada kiwisolver-1.4.8+computecanada matplotlib-3.10.0+computecanada numpy-2.2.2+computecanada ortools-9.10.4067+computecanada packaging-25.0+computecanada pandas-2.2.3+computecanada pillow-11.1.0+computecanada protobuf-6.31.1+computecanada pyparsing-3.2.3+computecanada python-dateutil-2.9.0.post0+computecanada pytz-2025.2+computecanada six-1.17.0+computecanada tzdata-2025.2+computecanada

Starting CP-SAT solver v9.10.4067
Parameters: max_time_in_seconds: 86400 max_memory_in_mb: 185000 log_search_progress: true enumerate_all_solutions: false num_search_workers: 32 absolute_gap_limit: 0 relative_gap_limit: 0

Initial optimization model '': (model_fingerprint: 0xbe01e8cd094501df)
#Variables: 161 (#ints: 6 in objective)
  - 107 Booleans in [0,1]
  - 54 in [0,333]
#kLinear1: 26
#kLinear2: 168
#kLinear3: 79
#kLinearN: 809 (#terms: 8'845)

Starting presolve at 0.00s
  2.86e-04s  0.00e+00d  [DetectDominanceRelations] 
  8.92e-03s  0.00e+00d  [PresolveToFixPoint] #num_loops=8 #num_dual_strengthening=3 
  1.67e-05s  0.00e+00d  [ExtractEncodingFromLinear] #potential_supersets=3 
[Symmetry] Graph for symmetry has 1'015 nodes and 5'521 arcs.
[Symmetry] Symmetry computation done. time: 0.000415704 dtime: 0.0004936
[Symmetry] #generators: 1, average support size: 16
[Symmetry] The model contains 70 duplicate constraints !
[Symmetry] 8 orbits with sizes: 2,2,2,2,2,2,2,2
[Symmetry] Num fixable by intersecting at_most_one with orbits: 1 largest_orbit: 2
  1.94e-03s  2.52e-04d  [Probe] #probed=136 #new_bounds=5 #equiv=1 
  4.93e-05s  0.00e+00d  [MaxClique] Merged 16(32 literals) into 2(4 literals) at_most_ones. 
  2.39e-04s  0.00e+00d  [DetectDominanceRelations] 
  3.17e-03s  0.00e+00d  [PresolveToFixPoint] #num_loops=5 #num_dual_strengthening=3 
  1.07e-03s  0.00e+00d  [ProcessAtMostOneAndLinear] 
  6.71e-04s  0.00e+00d  [DetectDuplicateConstraints] #duplicates=90 #without_enforcements=83 
  3.18e-04s  1.62e-05d  [DetectDominatedLinearConstraints] #relevant_constraints=524 #num_inclusions=500 
  1.35e-04s  0.00e+00d  [DetectDifferentVariables] #different=12 #cliques=1 #size=3 
  8.18e-05s  3.92e-06d  [ProcessSetPPC] #relevant_constraints=274 
  8.37e-06s  0.00e+00d  [FindAlmostIdenticalLinearConstraints] 
  4.18e-05s  1.93e-05d  [FindBigAtMostOneAndLinearOverlap] 
  5.52e-04s  3.01e-04d  [FindBigVerticalLinearOverlap] #blocks=7 #saved_nz=380 
  4.18e-05s  1.08e-05d  [FindBigHorizontalLinearOverlap] #linears=270 
  8.74e-06s  0.00e+00d  [MergeClauses] 
  2.53e-04s  0.00e+00d  [DetectDominanceRelations] 
  4.03e-03s  0.00e+00d  [PresolveToFixPoint] #num_loops=2 #num_dual_strengthening=1 
  2.43e-04s  0.00e+00d  [DetectDominanceRelations] 
  2.63e-03s  0.00e+00d  [PresolveToFixPoint] #num_loops=1 #num_dual_strengthening=1 
[Symmetry] Graph for symmetry has 925 nodes and 4'711 arcs.
[Symmetry] Symmetry computation done. time: 0.000162456 dtime: 0.00027669
  1.69e-03s  2.47e-04d  [Probe] #probed=136 #new_bounds=3 
  4.74e-06s  0.00e+00d  [MaxClique] 
  2.45e-04s  0.00e+00d  [DetectDominanceRelations] 
  3.43e-03s  0.00e+00d  [PresolveToFixPoint] #num_loops=2 #num_dual_strengthening=1 
  9.05e-04s  0.00e+00d  [ProcessAtMostOneAndLinear] 
  5.60e-04s  0.00e+00d  [DetectDuplicateConstraints] #without_enforcements=91 
  2.29e-04s  1.22e-05d  [DetectDominatedLinearConstraints] #relevant_constraints=442 #num_inclusions=347 
  4.20e-05s  0.00e+00d  [DetectDifferentVariables] 
  7.50e-05s  3.07e-06d  [ProcessSetPPC] #relevant_constraints=254 
  1.06e-05s  1.50e-08d  [FindAlmostIdenticalLinearConstraints] #num_tested_pairs=1 
  2.31e-05s  1.72e-05d  [FindBigAtMostOneAndLinearOverlap] 
  4.15e-04s  2.49e-04d  [FindBigVerticalLinearOverlap] #blocks=3 #saved_nz=183 
  3.89e-05s  9.41e-06d  [FindBigHorizontalLinearOverlap] #linears=249 
  4.22e-06s  0.00e+00d  [MergeClauses] 
  2.41e-04s  0.00e+00d  [DetectDominanceRelations] 
  3.18e-03s  0.00e+00d  [PresolveToFixPoint] #num_loops=2 #num_dual_strengthening=1 
  2.43e-04s  0.00e+00d  [DetectDominanceRelations] 
  2.55e-03s  0.00e+00d  [PresolveToFixPoint] #num_loops=1 #num_dual_strengthening=1 
[Symmetry] Graph for symmetry has 930 nodes and 4'527 arcs.
[Symmetry] Symmetry computation done. time: 0.00015914 dtime: 0.00026888
  1.53e-03s  2.46e-04d  [Probe] #probed=136 #new_bounds=1 
  4.75e-06s  0.00e+00d  [MaxClique] 
  2.46e-04s  0.00e+00d  [DetectDominanceRelations] 
  2.81e-03s  0.00e+00d  [PresolveToFixPoint] #num_loops=2 #num_dual_strengthening=1 
  8.23e-04s  0.00e+00d  [ProcessAtMostOneAndLinear] 
  5.57e-04s  0.00e+00d  [DetectDuplicateConstraints] #without_enforcements=95 
  1.75e-04s  8.94e-06d  [DetectDominatedLinearConstraints] #relevant_constraints=377 #num_inclusions=179 
  4.24e-05s  0.00e+00d  [DetectDifferentVariables] 
  6.84e-05s  2.66e-06d  [ProcessSetPPC] #relevant_constraints=239 
  1.10e-05s  1.50e-08d  [FindAlmostIdenticalLinearConstraints] #num_tested_pairs=1 
  2.23e-05s  1.60e-05d  [FindBigAtMostOneAndLinearOverlap] 
  3.43e-04s  2.26e-04d  [FindBigVerticalLinearOverlap] #blocks=2 #saved_nz=108 
  3.70e-05s  8.63e-06d  [FindBigHorizontalLinearOverlap] #linears=232 
  4.31e-06s  0.00e+00d  [MergeClauses] 
  2.38e-04s  0.00e+00d  [DetectDominanceRelations] 
  2.64e-03s  0.00e+00d  [PresolveToFixPoint] #num_loops=2 #num_dual_strengthening=1 
  3.14e-05s  0.00e+00d  [ExpandObjective] #entries=54 #tight_variables=25 #tight_constraints=13 

Presolve summary:
  - 29 affine relations were detected.
  - rule 'TODO dual: only one blocking constraint?' was applied 407 times.
  - rule 'TODO dual: only one blocking enforced constraint?' was applied 52 times.
  - rule 'TODO dual: only one unspecified blocking constraint?' was applied 45 times.
  - rule 'TODO duplicate: identical constraint with different enforcements' was applied 269 times.
  - rule 'affine: new relation' was applied 29 times.
  - rule 'at_most_one: removed literals' was applied 2 times.
  - rule 'at_most_one: size one' was applied 2 times.
  - rule 'at_most_one: transformed into max clique.' was applied 1 time.
  - rule 'deductions: 69 stored' was applied 1 time.
  - rule 'dual: fix variable' was applied 15 times.
  - rule 'dual: reduced domain' was applied 29 times.
  - rule 'duplicate: merged rhs of linear constraint' was applied 16 times.
  - rule 'duplicate: removed constraint' was applied 90 times.
  - rule 'enforcement: false literal' was applied 4 times.
  - rule 'exactly_one: x and not(x)' was applied 1 time.
  - rule 'incompatible linear: add implication' was applied 9 times.
  - rule 'linear matrix: common vertical rectangle' was applied 12 times.
  - rule 'linear: always true' was applied 326 times.
  - rule 'linear: doubleton free' was applied 7 times.
  - rule 'linear: empty' was applied 18 times.
  - rule 'linear: extracted enforcement literal' was applied 1'868 times.
  - rule 'linear: fixed or dup variables' was applied 816 times.
  - rule 'linear: positive equal one' was applied 3 times.
  - rule 'linear: reduced variable domains' was applied 67 times.
  - rule 'linear: remapped using affine relations' was applied 813 times.
  - rule 'linear: simplified rhs' was applied 1'716 times.
  - rule 'linear: tightened into equality' was applied 3 times.
  - rule 'linear: variable substitution 1' was applied 7 times.
  - rule 'no_overlap: inferred from x != y constraints' was applied 1 time.
  - rule 'presolve: 53 unused variables removed.' was applied 1 time.
  - rule 'presolve: iteration' was applied 3 times.
  - rule 'probing: reduced enforced constraint to implication.' was applied 16 times.
  - rule 'symmetry: fixed to false in general orbit' was applied 1 time.

Presolved optimization model '': (model_fingerprint: 0xc9caf2473fa308d1)
#Variables: 84 (#ints: 6 in objective)
  - 35 Booleans in [0,1]
  - 1 in [-979,-696][-663,-363][-330,-30][3,303][336,636][669,969][1002,1256]
  - 1 in [-646,-363][-330,-30][3,303][336,590]
  - 1 in [-313,-30][3,303][336,619]
  - 1 in [-291,-51][42,282][375,598]
  - 1 in [-2,238]
  - 1 in [-2,271]
  - 1 in [-2,283]
  - 1 in [-2,312]
  - 1 in [0,174]
  - 1 in [0,223]
  - 1 in [0,239]
  - 3 in [0,240]
  - 1 in [0,246]
  - 1 in [0,247]
  - 4 in [0,252]
  - 1 in [0,273]
  - 3 in [0,285]
  - 3 in [0,300]
  - 1 in [0,314]
  - 1 in [3,243]
  - 1 in [3,276]
  - 1 in [3,288]
  - 1 in [3,303]
  - 1 in [3,303][336,636]
  - 1 in [3,317]
  - 1 in [19,304]
  - 1 in [19,304][352,637]
  - 1 in [19,304][352,637][685,879]
  - 1 in [42,282]
  - 1 in [42,282][375,615]
  - 1 in [75,322]
  - 1 in [76,322]
  - 1 in [83,322]
  - 4 in [91,322]
  - 3 in [102,333]
#kExactlyOne: 2 (#literals: 6)
#kInterval: 3
#kLinear2: 306 (#enforced: 282 #multi: 253)
#kLinear3: 45 (#enforced: 32)
#kLinearN: 251 (#enforced: 199 #multi: 19) (#terms: 1'802)
#kNoOverlap: 1 (#intervals: 3)

Preloading model.
#Bound   0.05s best:inf   next:[102,1462] initial_domain
[Symmetry] Graph for symmetry has 843 nodes and 4'417 arcs.
[Symmetry] Symmetry computation done. time: 0.000151516 dtime: 0.00025613
#Model   0.06s var:84/84 constraints:608/608

Starting search at 0.06s with 32 workers.
17 full problem subsolvers: [core, default_lp, fixed, lb_tree_search, max_lp, no_lp, objective_lb_search, objective_lb_search_max_lp, objective_lb_search_no_lp, objective_shaving_search_max_lp, objective_shaving_search_no_lp, probing, probing_max_lp, pseudo_costs, quick_restart, quick_restart_no_lp, reduced_costs]
13 first solution subsolvers: [fj_long_default, fj_long_lin_default, fj_long_random, fj_short_default, fj_short_lin_default, fj_short_lin_random, fj_short_random, fs_random(2), fs_random_no_lp, fs_random_quick_restart(2), fs_random_quick_restart_no_lp]
13 incomplete subsolvers: [feasibility_pump, graph_arc_lns, graph_cst_lns, graph_dec_lns, graph_var_lns, rins/rens, rnd_cst_lns, rnd_var_lns, scheduling_intervals_lns, scheduling_precedences_lns, scheduling_time_window_lns, violation_ls(2)]
3 helper subsolvers: [neighborhood_helper, synchronization_agent, update_gap_integral]
#Bound   0.06s best:inf   next:[112,1462] fixed
#Bound   0.06s best:inf   next:[130,1462] fixed
#1       0.07s best:565   next:[130,564]  fixed (fixed_bools=0/60)
#2       0.08s best:506   next:[130,505]  fixed (fixed_bools=0/132)
#Bound   0.11s best:506   next:[131,505]  objective_shaving_search_max_lp (vars=86 csts=612)
#3       0.13s best:465   next:[131,464]  no_lp (fixed_bools=0/60)
#4       0.13s best:453   next:[131,452]  no_lp (fixed_bools=0/68)
#5       0.13s best:451   next:[131,450]  no_lp (fixed_bools=0/82)
#Bound   0.13s best:451   next:[132,450]  bool_core (num_cores=3 [cover] a=5 d=1 fixed=18/94 clauses=158)
#Bound   0.13s best:451   next:[133,450]  bool_core (num_cores=3 [cover] a=5 d=1 fixed=19/97 clauses=176)
#Bound   0.13s best:451   next:[134,450]  bool_core (num_cores=3 [cover] a=5 d=1 fixed=20/100 clauses=195)
#Bound   0.13s best:451   next:[135,450]  bool_core (num_cores=3 [cover] a=5 d=1 fixed=21/103 clauses=215)
#Bound   0.13s best:451   next:[136,450]  bool_core (num_cores=3 [cover] a=5 d=1 fixed=22/106 clauses=236)
#Bound   0.13s best:451   next:[137,450]  bool_core (num_cores=3 [cover] a=5 d=1 fixed=23/109 clauses=258)
#Bound   0.13s best:451   next:[138,450]  bool_core (num_cores=3 [cover] a=5 d=1 fixed=24/112 clauses=281)
#Bound   0.13s best:451   next:[139,450]  bool_core (num_cores=3 [cover] a=5 d=1 fixed=25/115 clauses=305)
#6       0.13s best:389   next:[139,388]  no_lp (fixed_bools=0/90)
#Bound   0.13s best:389   next:[140,388]  bool_core (num_cores=3 [cover] a=5 d=1 fixed=26/118 clauses=330)
#Bound   0.13s best:389   next:[141,388]  bool_core (num_cores=3 [cover] a=5 d=1 fixed=27/121 clauses=356)
#7       0.14s best:382   next:[141,381]  no_lp (fixed_bools=0/93)
#Bound   0.15s best:382   next:[146,381]  objective_lb_search_no_lp
#8       0.15s best:376   next:[146,375]  no_lp (fixed_bools=2/100)
#Bound   0.15s best:376   next:[158,375]  objective_lb_search_no_lp
#9       0.15s best:364   next:[158,363]  no_lp (fixed_bools=2/105)
#10      0.15s best:343   next:[158,342]  no_lp (fixed_bools=2/110)
#11      0.15s best:319   next:[158,318]  no_lp (fixed_bools=2/112)
#12      0.16s best:275   next:[158,274]  no_lp (fixed_bools=2/117)
#Bound   0.17s best:275   next:[165,274]  objective_lb_search
#Bound   0.18s best:275   next:[201,274]  objective_lb_search_no_lp
#Bound   0.18s best:275   next:[223,274]  objective_lb_search_no_lp
#Bound   0.19s best:275   next:[226,274]  objective_lb_search_no_lp
#Bound   0.20s best:275   next:[231,274]  objective_lb_search_no_lp
#Done    0.21s quick_restart_no_lp
#Done    0.21s no_lp
#Done    0.21s objective_lb_search_no_lp
#Done    0.21s objective_lb_search
#Done    0.21s default_lp
#Done    0.22s core
#Done    0.22s reduced_costs
#Done    0.22s pseudo_costs
#Model   0.22s var:71/84 constraints:223/608 compo:70,1

Task timing                                  n [     min,      max]      avg      dev     time         n [     min,      max]      avg      dev    dtime
                             'core':         1 [160.78ms, 160.78ms] 160.78ms   0.00ns 160.78ms         1 [  4.08ms,   4.08ms]   4.08ms   0.00ns   4.08ms
                       'default_lp':         1 [155.76ms, 155.76ms] 155.76ms   0.00ns 155.76ms         1 [ 14.17ms,  14.17ms]  14.17ms   0.00ns  14.17ms
                 'feasibility_pump':         1 [118.59ms, 118.59ms] 118.59ms   0.00ns 118.59ms         0 [  0.00ns,   0.00ns]   0.00ns   0.00ns   0.00ns
                            'fixed':         1 [162.02ms, 162.02ms] 162.02ms   0.00ns 162.02ms         1 [ 26.62ms,  26.62ms]  26.62ms   0.00ns  26.62ms
                  'fj_long_default':         0 [  0.00ns,   0.00ns]   0.00ns   0.00ns   0.00ns         0 [  0.00ns,   0.00ns]   0.00ns   0.00ns   0.00ns
              'fj_long_lin_default':         0 [  0.00ns,   0.00ns]   0.00ns   0.00ns   0.00ns         0 [  0.00ns,   0.00ns]   0.00ns   0.00ns   0.00ns
                   'fj_long_random':         0 [  0.00ns,   0.00ns]   0.00ns   0.00ns   0.00ns         0 [  0.00ns,   0.00ns]   0.00ns   0.00ns   0.00ns
                 'fj_short_default':         0 [  0.00ns,   0.00ns]   0.00ns   0.00ns   0.00ns         0 [  0.00ns,   0.00ns]   0.00ns   0.00ns   0.00ns
             'fj_short_lin_default':         0 [  0.00ns,   0.00ns]   0.00ns   0.00ns   0.00ns         0 [  0.00ns,   0.00ns]   0.00ns   0.00ns   0.00ns
              'fj_short_lin_random':         0 [  0.00ns,   0.00ns]   0.00ns   0.00ns   0.00ns         0 [  0.00ns,   0.00ns]   0.00ns   0.00ns   0.00ns
                  'fj_short_random':         0 [  0.00ns,   0.00ns]   0.00ns   0.00ns   0.00ns         0 [  0.00ns,   0.00ns]   0.00ns   0.00ns   0.00ns
                        'fs_random':         0 [  0.00ns,   0.00ns]   0.00ns   0.00ns   0.00ns         0 [  0.00ns,   0.00ns]   0.00ns   0.00ns   0.00ns
                        'fs_random':         0 [  0.00ns,   0.00ns]   0.00ns   0.00ns   0.00ns         0 [  0.00ns,   0.00ns]   0.00ns   0.00ns   0.00ns
                  'fs_random_no_lp':         0 [  0.00ns,   0.00ns]   0.00ns   0.00ns   0.00ns         0 [  0.00ns,   0.00ns]   0.00ns   0.00ns   0.00ns
          'fs_random_quick_restart':         0 [  0.00ns,   0.00ns]   0.00ns   0.00ns   0.00ns         0 [  0.00ns,   0.00ns]   0.00ns   0.00ns   0.00ns
          'fs_random_quick_restart':         0 [  0.00ns,   0.00ns]   0.00ns   0.00ns   0.00ns         0 [  0.00ns,   0.00ns]   0.00ns   0.00ns   0.00ns
    'fs_random_quick_restart_no_lp':         0 [  0.00ns,   0.00ns]   0.00ns   0.00ns   0.00ns         0 [  0.00ns,   0.00ns]   0.00ns   0.00ns   0.00ns
                    'graph_arc_lns':         0 [  0.00ns,   0.00ns]   0.00ns   0.00ns   0.00ns         0 [  0.00ns,   0.00ns]   0.00ns   0.00ns   0.00ns
                    'graph_cst_lns':         0 [  0.00ns,   0.00ns]   0.00ns   0.00ns   0.00ns         0 [  0.00ns,   0.00ns]   0.00ns   0.00ns   0.00ns
                    'graph_dec_lns':         0 [  0.00ns,   0.00ns]   0.00ns   0.00ns   0.00ns         0 [  0.00ns,   0.00ns]   0.00ns   0.00ns   0.00ns
                    'graph_var_lns':         0 [  0.00ns,   0.00ns]   0.00ns   0.00ns   0.00ns         0 [  0.00ns,   0.00ns]   0.00ns   0.00ns   0.00ns
                   'lb_tree_search':         1 [147.08ms, 147.08ms] 147.08ms   0.00ns 147.08ms         0 [  0.00ns,   0.00ns]   0.00ns   0.00ns   0.00ns
                           'max_lp':         1 [161.82ms, 161.82ms] 161.82ms   0.00ns 161.82ms         0 [  0.00ns,   0.00ns]   0.00ns   0.00ns   0.00ns
                            'no_lp':         1 [152.30ms, 152.30ms] 152.30ms   0.00ns 152.30ms         1 [ 15.16ms,  15.16ms]  15.16ms   0.00ns  15.16ms
              'objective_lb_search':         1 [137.34ms, 137.34ms] 137.34ms   0.00ns 137.34ms         1 [  2.11ms,   2.11ms]   2.11ms   0.00ns   2.11ms
       'objective_lb_search_max_lp':         1 [127.29ms, 127.29ms] 127.29ms   0.00ns 127.29ms         0 [  0.00ns,   0.00ns]   0.00ns   0.00ns   0.00ns
        'objective_lb_search_no_lp':         1 [123.95ms, 123.95ms] 123.95ms   0.00ns 123.95ms         1 [  3.95ms,   3.95ms]   3.95ms   0.00ns   3.95ms
  'objective_shaving_search_max_lp':         1 [ 34.02ms,  34.02ms]  34.02ms   0.00ns  34.02ms         0 [  0.00ns,   0.00ns]   0.00ns   0.00ns   0.00ns
   'objective_shaving_search_no_lp':         1 [ 41.73ms,  41.73ms]  41.73ms   0.00ns  41.73ms         0 [  0.00ns,   0.00ns]   0.00ns   0.00ns   0.00ns
                          'probing':         1 [146.21ms, 146.21ms] 146.21ms   0.00ns 146.21ms         0 [  0.00ns,   0.00ns]   0.00ns   0.00ns   0.00ns
                   'probing_max_lp':         1 [143.49ms, 143.49ms] 143.49ms   0.00ns 143.49ms         0 [  0.00ns,   0.00ns]   0.00ns   0.00ns   0.00ns
                     'pseudo_costs':         1 [147.62ms, 147.62ms] 147.62ms   0.00ns 147.62ms         1 [ 18.40ms,  18.40ms]  18.40ms   0.00ns  18.40ms
                    'quick_restart':         1 [161.10ms, 161.10ms] 161.10ms   0.00ns 161.10ms         1 [  2.71ms,   2.71ms]   2.71ms   0.00ns   2.71ms
              'quick_restart_no_lp':         1 [139.02ms, 139.02ms] 139.02ms   0.00ns 139.02ms         1 [  2.44ms,   2.44ms]   2.44ms   0.00ns   2.44ms
                    'reduced_costs':         1 [149.11ms, 149.11ms] 149.11ms   0.00ns 149.11ms         1 [  1.39ms,   1.39ms]   1.39ms   0.00ns   1.39ms
                        'rins/rens':         0 [  0.00ns,   0.00ns]   0.00ns   0.00ns   0.00ns         0 [  0.00ns,   0.00ns]   0.00ns   0.00ns   0.00ns
                      'rnd_cst_lns':         0 [  0.00ns,   0.00ns]   0.00ns   0.00ns   0.00ns         0 [  0.00ns,   0.00ns]   0.00ns   0.00ns   0.00ns
                      'rnd_var_lns':         0 [  0.00ns,   0.00ns]   0.00ns   0.00ns   0.00ns         0 [  0.00ns,   0.00ns]   0.00ns   0.00ns   0.00ns
         'scheduling_intervals_lns':         0 [  0.00ns,   0.00ns]   0.00ns   0.00ns   0.00ns         0 [  0.00ns,   0.00ns]   0.00ns   0.00ns   0.00ns
       'scheduling_precedences_lns':         0 [  0.00ns,   0.00ns]   0.00ns   0.00ns   0.00ns         0 [  0.00ns,   0.00ns]   0.00ns   0.00ns   0.00ns
       'scheduling_time_window_lns':         0 [  0.00ns,   0.00ns]   0.00ns   0.00ns   0.00ns         0 [  0.00ns,   0.00ns]   0.00ns   0.00ns   0.00ns
                     'violation_ls':         0 [  0.00ns,   0.00ns]   0.00ns   0.00ns   0.00ns         0 [  0.00ns,   0.00ns]   0.00ns   0.00ns   0.00ns
                     'violation_ls':         1 [105.65ms, 105.65ms] 105.65ms   0.00ns 105.65ms         0 [  0.00ns,   0.00ns]   0.00ns   0.00ns   0.00ns

Search stats                        Bools  Conflicts  Branches  Restarts  BoolPropag  IntegerPropag
                           'core':    280         97       624       292       8'775         13'450
                     'default_lp':     74         85       717       384       1'122         15'303
                          'fixed':    235        478     2'740       496      32'905         79'183
                      'fs_random':      0          0         0         0           0              0
                      'fs_random':      0          0         0         0           0              0
                'fs_random_no_lp':      0          0         0         0           0              0
        'fs_random_quick_restart':      0          0         0         0           0              0
        'fs_random_quick_restart':      0          0         0         0           0              0
  'fs_random_quick_restart_no_lp':      0          0         0         0           0              0
                 'lb_tree_search':     38          0        76        76          12            545
                         'max_lp':     35          0        70        70          12            480
                          'no_lp':    146        368     1'526       332      14'079         78'047
            'objective_lb_search':     37          9       169       135         193          2'790
     'objective_lb_search_max_lp':     38          0        76        76          12            545
      'objective_lb_search_no_lp':     44        125       519       270       1'746         20'722
                        'probing':     38          0        76        76          12            541
                 'probing_max_lp':     38          0        76        76          12            545
                   'pseudo_costs':     35         50       149        71         349          8'154
                  'quick_restart':     63          0       126        71          19          1'311
            'quick_restart_no_lp':     70         93       345       170       2'131         12'933
                  'reduced_costs':     38          0        76        76          38            793

SAT stats                           ClassicMinim  LitRemoved  LitLearned  LitForgotten  Subsumed  MClauses  MDecisions  MLitTrue  MSubsumed  MLitRemoved  MReused
                           'core':            30          84         117             0         0        10          56         0          0            0        0
                     'default_lp':            30          47         615             0         5        12          60         0          0            0        0
                          'fixed':           330         748       3'027             0        15       195       1'400         0        106          691       47
                      'fs_random':             0           0           0             0         0         0           0         0          0            0        0
                      'fs_random':             0           0           0             0         0         0           0         0          0            0        0
                'fs_random_no_lp':             0           0           0             0         0         0           0         0          0            0        0
        'fs_random_quick_restart':             0           0           0             0         0         0           0         0          0            0        0
        'fs_random_quick_restart':             0           0           0             0         0         0           0         0          0            0        0
  'fs_random_quick_restart_no_lp':             0           0           0             0         0         0           0         0          0            0        0
                 'lb_tree_search':             0           0           0             0         0         0           0         0          0            0        0
                         'max_lp':             0           0           0             0         0         0           0         0          0            0        0
                          'no_lp':           253         563       2'553             0        23        49         269         0         19           88        8
            'objective_lb_search':             7          12          21             0         1         4          20         0          0            0        0
     'objective_lb_search_max_lp':             0           0           0             0         0         0           0         0          0            0        0
      'objective_lb_search_no_lp':            95         227         538             0         9        18          85         0          2            9        2
                        'probing':             0           0           0             0         0         0           0         0          0            0        0
                 'probing_max_lp':             0           0           0             0         0         0           0         0          0            0        0
                   'pseudo_costs':            12          16         445             0         5         0           0         0          0            0        0
                  'quick_restart':             0           0           0             0         0         0           0         0          0            0        0
            'quick_restart_no_lp':            38          83         324             0         5        15          46         0         11           48        0
                  'reduced_costs':             0           0           0             0         0         0           0         0          0            0        0

Lp stats                         Component  Iterations  AddedCuts  OPTIMAL  DUAL_F.  DUAL_U.
                  'default_lp':          1         690        657      162        0        0
                       'fixed':          1         816        377      485        0        0
              'lb_tree_search':          1           0          0        0        0        0
                      'max_lp':          1          29         60        1        0        0
         'objective_lb_search':          1         137        420       29        0        0
  'objective_lb_search_max_lp':          1          26          0        2        0        0
                     'probing':          1           0          0        0        0        0
              'probing_max_lp':          1           0          0        0        0        0
                'pseudo_costs':          1         855        923       98       20        0
               'quick_restart':          1         202        395       47        0        0
               'reduced_costs':          1         144        697       11        0        0

Lp dimension                                                                    Final dimension of first component
                  'default_lp':   297 rows, 81 columns, 537 entries with magnitude in [1.748214e-03, 1.000000e+00]
                       'fixed':    43 rows, 81 columns, 138 entries with magnitude in [5.022813e-02, 1.000000e+00]
              'lb_tree_search':  604 rows, 84 columns, 4254 entries with magnitude in [3.258407e-02, 1.000000e+00]
                      'max_lp':  605 rows, 84 columns, 4257 entries with magnitude in [3.258407e-02, 1.000000e+00]
         'objective_lb_search':  210 rows, 81 columns, 1206 entries with magnitude in [8.658739e-04, 1.000000e+00]
  'objective_lb_search_max_lp':    33 rows, 84 columns, 118 entries with magnitude in [1.663472e-01, 1.000000e+00]
                     'probing':       0 rows, 81 columns, 0 entries with magnitude in [0.000000e+00, 0.000000e+00]
              'probing_max_lp':  604 rows, 84 columns, 4254 entries with magnitude in [3.258407e-02, 1.000000e+00]
                'pseudo_costs':  403 rows, 84 columns, 1953 entries with magnitude in [2.095606e-03, 1.000000e+00]
               'quick_restart':  215 rows, 81 columns, 1192 entries with magnitude in [1.153477e-04, 1.000000e+00]
               'reduced_costs':  283 rows, 84 columns, 1317 entries with magnitude in [4.273270e-04, 1.000000e+00]

Lp debug                         CutPropag  CutEqPropag  Adjust  Overflow    Bad  BadScaling
                  'default_lp':          0            0      43         0  1'230           0
                       'fixed':          0            0      54         0    370           0
              'lb_tree_search':          0            0       0         0      0           0
                      'max_lp':          0            0       0         0      1           0
         'objective_lb_search':          0            1      20         0    573           0
  'objective_lb_search_max_lp':          0            0       0         0      0           0
                     'probing':          0            0       0         0      0           0
              'probing_max_lp':          0            0       0         0      0           0
                'pseudo_costs':          0            2      82         0    880           0
               'quick_restart':          0            0      27         0    570           0
               'reduced_costs':          2            2       6         0    601           0

Lp pool                          Constraints  Updates  Simplif  Merged  Shortened  Split  Strenghtened  Cuts/Call
                  'default_lp':          746      289      910       2        654     47           636  657/1'157
                       'fixed':          444       34       64      24          0      0           168    377/657
              'lb_tree_search':          604        0        0       0          0      0             0        0/0
                      'max_lp':          664        0        0       0          0      0             0      60/66
         'objective_lb_search':          492      122      103      19          0      3           226    420/729
  'objective_lb_search_max_lp':          604        0        0       0          0      0             0        0/0
                     'probing':           91        0        0       0          0      0             0        0/0
              'probing_max_lp':          604        0        0       0          0      0             0        0/0
                'pseudo_costs':        1'526       63      808       1          0     20         1'901  923/1'544
               'quick_restart':          458      102      138      28          0      8           310    395/690
               'reduced_costs':        1'284       69      981      17          0      6         2'443  697/1'107

Lp Cut                                         default_lp  fixed  max_lp  quick_restart  reduced_costs  pseudo_costs  objective_lb_search
                                       CG_FF:          70     32       -             25            100            87                   32
                                        CG_K:          52     21       -             17             53            57                   16
                                        CG_R:          45     21       -             27             41            42                   41
                                       CG_RB:         116     51       -             67            146           278                   78
                                      CG_RBP:          17      9       -              6             23            36                   13
                                      Clique:           -      -       -              -              -             1                    -
                                          IB:         109    131      49            118            101           105                  117
                                    MIR_1_FF:          27     16       3             13             44            55                   14
                                     MIR_1_K:          12      7       -              8              4            11                    6
                                     MIR_1_R:          11      6       1              4              2             5                    5
                                    MIR_1_RB:          25     21       4             18             35            55                   22
                                   MIR_1_RBP:           2      2       -              5              2            10                    4
                                   MIR_1_RLT:           -      -       -              -              -             1                    -
                                    MIR_2_FF:          19      9       -             11             12            16                    8
                                     MIR_2_K:           3      2       -              2              4             6                    2
                                     MIR_2_R:           7      5       -              3              8             9                    3
                                    MIR_2_RB:          18      4       -             10             18            27                   12
                                   MIR_2_RBP:           4      -       -              4              3             4                    4
                                    MIR_3_FF:           8      1       -              5              2             7                    4
                                     MIR_3_K:           2      -       -              1              2             3                    1
                                     MIR_3_R:          12      4       -              2              3             8                    4
                                    MIR_3_RB:          14      5       -              6              6            12                    5
                                   MIR_3_RBP:           2      1       -              4              -             -                    2
                                    MIR_4_FF:           7      1       -              4              3             4                    4
                                     MIR_4_K:           1      1       -              1              1             -                    -
                                     MIR_4_R:           9      2       -              4              1             4                    2
                                    MIR_4_RB:           8      1       -              2              3             7                    3
                                   MIR_4_RBP:           1      1       -              -              -             2                    -
                                    MIR_5_FF:           4      -       -              -              2             1                    2
                                     MIR_5_K:           -      -       -              -              2             -                    -
                                     MIR_5_R:           6      -       -              -              -             1                    1
                                    MIR_5_RB:           7      -       -              -              1             -                    1
                                   MIR_5_RBP:           1      -       -              -              1             -                    -
                                    MIR_6_FF:           2      -       -              1              -             1                    -
                                     MIR_6_R:           1      -       -              1              -             -                    -
                                    MIR_6_RB:           1      1       -              -              1             1                    -
  NoOverlapCompletionTimeExhaustive_weighted:           -      -       1              -              1             1                    -
                 NoOverlapDisjunctionOnStart:           -      -       2              -              1             1                    -
                                ZERO_HALF_FF:          12      5       -              7             19            13                    2
                                 ZERO_HALF_K:           1      -       -              3              4             3                    1
                                 ZERO_HALF_R:          10     10       -              7             28            26                    8
                                ZERO_HALF_RB:          10      7       -              7             15            16                    3
                               ZERO_HALF_RBP:           1      -       -              2              5             7                    -

LNS stats                        Improv/Calls  Closed  Difficulty  TimeLimit
               'graph_arc_lns':           0/0      0%        0.50       0.10
               'graph_cst_lns':           0/0      0%        0.50       0.10
               'graph_dec_lns':           0/0      0%        0.50       0.10
               'graph_var_lns':           0/0      0%        0.50       0.10
                   'rins/rens':           0/0      0%        0.50       0.10
                 'rnd_cst_lns':           0/0      0%        0.50       0.10
                 'rnd_var_lns':           0/0      0%        0.50       0.10
    'scheduling_intervals_lns':           0/0      0%        0.50       0.10
  'scheduling_precedences_lns':           0/0      0%        0.50       0.10
  'scheduling_time_window_lns':           0/0      0%        0.50       0.10

LS stats                   Batches  Restarts  LinMoves  GenMoves  CompoundMoves  WeightUpdates
       'fj_long_default':        0         0         0         0              0              0
   'fj_long_lin_default':        0         0         0         0              0              0
        'fj_long_random':        0         0         0         0              0              0
      'fj_short_default':        0         0         0         0              0              0
  'fj_short_lin_default':        0         0         0         0              0              0
   'fj_short_lin_random':        0         0         0         0              0              0
       'fj_short_random':        0         0         0         0              0              0
          'violation_ls':        0         0         0         0              0              0
          'violation_ls':        0         0         0         0              0              0

Solutions (12)    Num    Rank
        'fixed':    2   [1,2]
        'no_lp':   10  [3,12]

Objective bounds                      Num
                        'bool_core':   10
                            'fixed':    2
                   'initial_domain':    1
              'objective_lb_search':    1
        'objective_lb_search_no_lp':    6
  'objective_shaving_search_max_lp':    1

Solution repositories    Added  Queried  Ignored  Synchro
  'feasible solutions':     17        1        0       14
        'lp solutions':      0        0        0        0
                'pump':      0        0

Improving bounds shared    Num
                  'core':    3
            'default_lp':   49
                 'fixed':    2
                 'no_lp':  106
   'objective_lb_search':   10
   'quick_restart_no_lp':  207
         'reduced_costs':    1

Clauses shared                  Num
                       'core':    1
                 'default_lp':    7
                      'fixed':    1
                      'no_lp':    8
        'objective_lb_search':    5
  'objective_lb_search_no_lp':    1
        'quick_restart_no_lp':    4

CpSolverResponse summary:
status: OPTIMAL
objective: 275
best_bound: 275
integers: 0
booleans: 0
conflicts: 0
branches: 0
propagations: 0
integer_propagations: 0
restarts: 0
lp_iterations: 0
walltime: 0.227348
usertime: 0.227348
deterministic_time: 0.0926717
gap_integral: 0
solution_fingerprint: 0x59826d75cf5f77a3


--- Simulation Gantt à partir du modèle mathématique ---
