created virtual environment CPython3.12.4.final.0-64 in 316ms
  creator CPython3Posix(dest=/localscratch/aneumann.46806155.0/env, clear=False, no_vcs_ignore=False, global=False)
  seeder FromAppData(download=False, pip=bundle, via=copy, app_data_dir=/home/aneumann/.local/share/virtualenv)
    added seed packages: pip==24.2+computecanada
  activators BashActivator,CShellActivator,FishActivator,NushellActivator,PowerShellActivator,PythonActivator
Looking in links: /cvmfs/soft.computecanada.ca/custom/python/wheelhouse/gentoo2023/x86-64-v3, /cvmfs/soft.computecanada.ca/custom/python/wheelhouse/gentoo2023/generic, /cvmfs/soft.computecanada.ca/custom/python/wheelhouse/generic
Requirement already satisfied: pip in /localscratch/aneumann.46806155.0/env/lib/python3.12/site-packages (24.2+computecanada)
Processing /cvmfs/soft.computecanada.ca/custom/python/wheelhouse/generic/pip-25.0+computecanada-py3-none-any.whl
Installing collected packages: pip
  Attempting uninstall: pip
    Found existing installation: pip 24.2+computecanada
    Uninstalling pip-24.2+computecanada:
      Successfully uninstalled pip-24.2+computecanada
Successfully installed pip-25.0+computecanada
Looking in links: /cvmfs/soft.computecanada.ca/custom/python/wheelhouse/gentoo2023/x86-64-v3, /cvmfs/soft.computecanada.ca/custom/python/wheelhouse/gentoo2023/generic, /cvmfs/soft.computecanada.ca/custom/python/wheelhouse/generic
ERROR: protobuf-5.28.3-cp38-abi3-manylinux2014_x86_64.whl is not a supported wheel on this platform.
Looking in links: /cvmfs/soft.computecanada.ca/custom/python/wheelhouse/gentoo2023/x86-64-v3, /cvmfs/soft.computecanada.ca/custom/python/wheelhouse/gentoo2023/generic, /cvmfs/soft.computecanada.ca/custom/python/wheelhouse/generic
Processing /home/aneumann/projects/def-adhaj/aneumann/GNRS/wheels/immutabledict-4.2.0-py3-none-any.whl
Installing collected packages: immutabledict
Successfully installed immutabledict-4.2.0
Looking in links: /cvmfs/soft.computecanada.ca/custom/python/wheelhouse/gentoo2023/x86-64-v3, /cvmfs/soft.computecanada.ca/custom/python/wheelhouse/gentoo2023/generic, /cvmfs/soft.computecanada.ca/custom/python/wheelhouse/generic
Processing /cvmfs/soft.computecanada.ca/custom/python/wheelhouse/generic/ortools-9.10.4067+computecanada-cp312-cp312-linux_x86_64.whl (from -r /home/aneumann/projects/def-adhaj/aneumann/GNRS/requirements/or.txt (line 1))
Processing /cvmfs/soft.computecanada.ca/custom/python/wheelhouse/gentoo2023/x86-64-v3/matplotlib-3.10.0+computecanada-cp312-cp312-linux_x86_64.whl (from -r /home/aneumann/projects/def-adhaj/aneumann/GNRS/requirements/or.txt (line 2))
Processing /cvmfs/soft.computecanada.ca/custom/python/wheelhouse/gentoo2023/x86-64-v3/pandas-2.2.3+computecanada-cp312-cp312-linux_x86_64.whl (from -r /home/aneumann/projects/def-adhaj/aneumann/GNRS/requirements/or.txt (line 3))
Processing /cvmfs/soft.computecanada.ca/custom/python/wheelhouse/generic/absl_py-2.3.0+computecanada-py3-none-any.whl (from ortools<9.11,>=9.10->-r /home/aneumann/projects/def-adhaj/aneumann/GNRS/requirements/or.txt (line 1))
Processing /cvmfs/soft.computecanada.ca/custom/python/wheelhouse/gentoo2023/generic/numpy-2.2.2+computecanada-cp312-cp312-linux_x86_64.whl (from ortools<9.11,>=9.10->-r /home/aneumann/projects/def-adhaj/aneumann/GNRS/requirements/or.txt (line 1))
Processing /cvmfs/soft.computecanada.ca/custom/python/wheelhouse/gentoo2023/x86-64-v3/protobuf-6.31.1+computecanada-cp312-cp312-linux_x86_64.whl (from ortools<9.11,>=9.10->-r /home/aneumann/projects/def-adhaj/aneumann/GNRS/requirements/or.txt (line 1))
Requirement already satisfied: immutabledict>=3.0.0 in /localscratch/aneumann.46806155.0/env/lib/python3.12/site-packages (from ortools<9.11,>=9.10->-r /home/aneumann/projects/def-adhaj/aneumann/GNRS/requirements/or.txt (line 1)) (4.2.0)
Processing /cvmfs/soft.computecanada.ca/custom/python/wheelhouse/gentoo2023/generic/contourpy-1.3.1+computecanada-cp312-cp312-linux_x86_64.whl (from matplotlib->-r /home/aneumann/projects/def-adhaj/aneumann/GNRS/requirements/or.txt (line 2))
Processing /cvmfs/soft.computecanada.ca/custom/python/wheelhouse/generic/cycler-0.12.1+computecanada-py3-none-any.whl (from matplotlib->-r /home/aneumann/projects/def-adhaj/aneumann/GNRS/requirements/or.txt (line 2))
Processing /cvmfs/soft.computecanada.ca/custom/python/wheelhouse/generic/fonttools-4.59.0+computecanada-cp312-cp312-linux_x86_64.whl (from matplotlib->-r /home/aneumann/projects/def-adhaj/aneumann/GNRS/requirements/or.txt (line 2))
Processing /cvmfs/soft.computecanada.ca/custom/python/wheelhouse/gentoo2023/x86-64-v3/kiwisolver-1.4.8+computecanada-cp312-cp312-linux_x86_64.whl (from matplotlib->-r /home/aneumann/projects/def-adhaj/aneumann/GNRS/requirements/or.txt (line 2))
Processing /cvmfs/soft.computecanada.ca/custom/python/wheelhouse/generic/packaging-25.0+computecanada-py3-none-any.whl (from matplotlib->-r /home/aneumann/projects/def-adhaj/aneumann/GNRS/requirements/or.txt (line 2))
Processing /cvmfs/soft.computecanada.ca/custom/python/wheelhouse/gentoo2023/x86-64-v3/pillow-11.1.0+computecanada-cp312-cp312-linux_x86_64.whl (from matplotlib->-r /home/aneumann/projects/def-adhaj/aneumann/GNRS/requirements/or.txt (line 2))
Processing /cvmfs/soft.computecanada.ca/custom/python/wheelhouse/generic/pyparsing-3.2.3+computecanada-py3-none-any.whl (from matplotlib->-r /home/aneumann/projects/def-adhaj/aneumann/GNRS/requirements/or.txt (line 2))
Processing /cvmfs/soft.computecanada.ca/custom/python/wheelhouse/generic/python_dateutil-2.9.0.post0+computecanada-py2.py3-none-any.whl (from matplotlib->-r /home/aneumann/projects/def-adhaj/aneumann/GNRS/requirements/or.txt (line 2))
Processing /cvmfs/soft.computecanada.ca/custom/python/wheelhouse/generic/pytz-2025.2+computecanada-py2.py3-none-any.whl (from pandas->-r /home/aneumann/projects/def-adhaj/aneumann/GNRS/requirements/or.txt (line 3))
Processing /cvmfs/soft.computecanada.ca/custom/python/wheelhouse/generic/tzdata-2025.2+computecanada-py2.py3-none-any.whl (from pandas->-r /home/aneumann/projects/def-adhaj/aneumann/GNRS/requirements/or.txt (line 3))
Processing /cvmfs/soft.computecanada.ca/custom/python/wheelhouse/generic/six-1.17.0+computecanada-py2.py3-none-any.whl (from python-dateutil>=2.7->matplotlib->-r /home/aneumann/projects/def-adhaj/aneumann/GNRS/requirements/or.txt (line 2))
Installing collected packages: pytz, tzdata, six, pyparsing, protobuf, pillow, packaging, numpy, kiwisolver, fonttools, cycler, absl-py, python-dateutil, contourpy, pandas, matplotlib, ortools
Successfully installed absl-py-2.3.0+computecanada contourpy-1.3.1+computecanada cycler-0.12.1+computecanada fonttools-4.59.0+computecanada kiwisolver-1.4.8+computecanada matplotlib-3.10.0+computecanada numpy-2.2.2+computecanada ortools-9.10.4067+computecanada packaging-25.0+computecanada pandas-2.2.3+computecanada pillow-11.1.0+computecanada protobuf-6.31.1+computecanada pyparsing-3.2.3+computecanada python-dateutil-2.9.0.post0+computecanada pytz-2025.2+computecanada six-1.17.0+computecanada tzdata-2025.2+computecanada

Starting CP-SAT solver v9.10.4067
Parameters: max_time_in_seconds: 86400 max_memory_in_mb: 185000 log_search_progress: true enumerate_all_solutions: false num_search_workers: 32 absolute_gap_limit: 0 relative_gap_limit: 0

Initial optimization model '': (model_fingerprint: 0xe3141e73b832e423)
#Variables: 419 (#ints: 11 in objective)
  - 312 Booleans in [0,1]
  - 107 in [0,690]
#kLinear1: 52
#kLinear2: 682
#kLinear3: 308
#kLinearN: 7'434 (#terms: 123'104)

Starting presolve at 0.00s
  5.19e-03s  0.00e+00d  [DetectDominanceRelations] 
  9.69e-02s  0.00e+00d  [PresolveToFixPoint] #num_loops=8 #num_dual_strengthening=3 
  5.77e-05s  0.00e+00d  [ExtractEncodingFromLinear] #potential_supersets=6 
[Symmetry] Graph for symmetry has 8'343 nodes and 98'938 arcs.
[Symmetry] Symmetry computation done. time: 0.00471527 dtime: 0.00783187
[Symmetry] #generators: 1, average support size: 32
[Symmetry] The model contains 284 duplicate constraints !
[Symmetry] 16 orbits with sizes: 2,2,2,2,2,2,2,2,2,2,...
[Symmetry] Num fixable by intersecting at_most_one with orbits: 1 largest_orbit: 2
  2.75e-02s  5.51e-03d  [Probe] #probed=466 #new_bounds=9 #equiv=1 
  8.15e-05s  0.00e+00d  [MaxClique] Merged 8(16 literals) into 5(10 literals) at_most_ones. 
  5.09e-03s  0.00e+00d  [DetectDominanceRelations] 
  4.45e-02s  0.00e+00d  [PresolveToFixPoint] #num_loops=5 #num_dual_strengthening=3 
  2.18e-02s  0.00e+00d  [ProcessAtMostOneAndLinear] 
  7.56e-03s  0.00e+00d  [DetectDuplicateConstraints] #duplicates=400 #without_enforcements=188 
  7.36e-03s  5.08e-04d  [DetectDominatedLinearConstraints] #relevant_constraints=6'689 #num_inclusions=4'641 
  7.65e-04s  0.00e+00d  [DetectDifferentVariables] #different=42 #cliques=1 #size=8 
  1.73e-03s  1.48e-04d  [ProcessSetPPC] #relevant_constraints=6'150 
  4.23e-05s  0.00e+00d  [FindAlmostIdenticalLinearConstraints] 
  4.43e-04s  6.59e-04d  [FindBigAtMostOneAndLinearOverlap] 
  1.70e-02s  9.55e-03d  [FindBigVerticalLinearOverlap] #blocks=78 #saved_nz=16'509 
  8.60e-04s  3.46e-04d  [FindBigHorizontalLinearOverlap] #linears=6'056 
  3.09e-05s  0.00e+00d  [MergeClauses] 
  5.50e-03s  0.00e+00d  [DetectDominanceRelations] 
  6.69e-02s  0.00e+00d  [PresolveToFixPoint] #num_loops=2 #num_dual_strengthening=1 
  5.49e-03s  0.00e+00d  [DetectDominanceRelations] 
  3.91e-02s  0.00e+00d  [PresolveToFixPoint] #num_loops=1 #num_dual_strengthening=1 
[Symmetry] Graph for symmetry has 8'200 nodes and 81'129 arcs.
[Symmetry] Symmetry computation done. time: 0.00214012 dtime: 0.00430932
  2.58e-02s  4.78e-03d  [Probe] #probed=466 #new_bounds=43 
  2.27e-05s  0.00e+00d  [MaxClique] 
  5.47e-03s  0.00e+00d  [DetectDominanceRelations] 
  5.63e-02s  0.00e+00d  [PresolveToFixPoint] #num_loops=2 #num_dual_strengthening=1 
  2.07e-02s  0.00e+00d  [ProcessAtMostOneAndLinear] 
  6.81e-03s  0.00e+00d  [DetectDuplicateConstraints] #without_enforcements=205 
  4.95e-03s  3.32e-04d  [DetectDominatedLinearConstraints] #relevant_constraints=6'476 #num_inclusions=1'488 
  6.10e-04s  0.00e+00d  [DetectDifferentVariables] 
  1.55e-03s  1.13e-04d  [ProcessSetPPC] #relevant_constraints=5'997 
  5.24e-05s  1.20e-07d  [FindAlmostIdenticalLinearConstraints] #num_tested_pairs=7 
  2.19e-04s  2.80e-04d  [FindBigAtMostOneAndLinearOverlap] 
  1.31e-02s  7.19e-03d  [FindBigVerticalLinearOverlap] #blocks=122 #saved_nz=13'267 
  8.38e-04s  2.69e-04d  [FindBigHorizontalLinearOverlap] #linears=5'656 
  2.72e-05s  0.00e+00d  [MergeClauses] 
  4.72e-03s  0.00e+00d  [DetectDominanceRelations] 
  7.00e-02s  0.00e+00d  [PresolveToFixPoint] #num_loops=3 #num_dual_strengthening=1 
  4.79e-03s  0.00e+00d  [DetectDominanceRelations] 
  4.48e-02s  0.00e+00d  [PresolveToFixPoint] #num_loops=1 #num_dual_strengthening=1 
[Symmetry] Graph for symmetry has 8'541 nodes and 67'963 arcs.
[Symmetry] Symmetry computation done. time: 0.00197918 dtime: 0.00380458
  2.43e-02s  4.26e-03d  [Probe] #probed=466 #new_bounds=85 
  2.32e-05s  0.00e+00d  [MaxClique] 
  4.70e-03s  0.00e+00d  [DetectDominanceRelations] 
  6.65e-02s  0.00e+00d  [PresolveToFixPoint] #num_loops=2 #num_dual_strengthening=1 
  1.93e-02s  0.00e+00d  [ProcessAtMostOneAndLinear] 
  6.75e-03s  0.00e+00d  [DetectDuplicateConstraints] #without_enforcements=215 
  3.84e-03s  2.47e-04d  [DetectDominatedLinearConstraints] #relevant_constraints=6'455 #num_inclusions=943 
  6.50e-04s  0.00e+00d  [DetectDifferentVariables] 
  1.27e-03s  8.38e-05d  [ProcessSetPPC] #relevant_constraints=5'603 
  7.48e-05s  1.72e-06d  [FindAlmostIdenticalLinearConstraints] #num_tested_pairs=102 
  1.98e-04s  2.17e-04d  [FindBigAtMostOneAndLinearOverlap] 
  9.87e-03s  5.05e-03d  [FindBigVerticalLinearOverlap] #blocks=117 #saved_nz=9'130 
  7.32e-04s  2.11e-04d  [FindBigHorizontalLinearOverlap] #linears=5'201 
  2.77e-05s  0.00e+00d  [MergeClauses] 
  4.16e-03s  0.00e+00d  [DetectDominanceRelations] 
  6.80e-02s  0.00e+00d  [PresolveToFixPoint] #num_loops=2 #num_dual_strengthening=1 
  1.70e-04s  0.00e+00d  [ExpandObjective] #entries=1'341 #tight_variables=505 #tight_constraints=286 

Presolve summary:
  - 106 affine relations were detected.
  - rule 'TODO dual: only one blocking constraint?' was applied 933 times.
  - rule 'TODO dual: only one blocking enforced constraint?' was applied 104 times.
  - rule 'TODO dual: only one unspecified blocking constraint?' was applied 65 times.
  - rule 'TODO duplicate: identical constraint with different enforcements' was applied 608 times.
  - rule 'affine: new relation' was applied 106 times.
  - rule 'at_most_one: removed literals' was applied 5 times.
  - rule 'at_most_one: size one' was applied 5 times.
  - rule 'at_most_one: transformed into max clique.' was applied 1 time.
  - rule 'deductions: 382 stored' was applied 1 time.
  - rule 'dual: fix variable' was applied 30 times.
  - rule 'dual: reduced domain' was applied 65 times.
  - rule 'duplicate: merged rhs of linear constraint' was applied 100 times.
  - rule 'duplicate: removed constraint' was applied 400 times.
  - rule 'enforcement: false literal' was applied 8 times.
  - rule 'exactly_one: x and not(x)' was applied 1 time.
  - rule 'incompatible linear: add implication' was applied 84 times.
  - rule 'linear matrix: common vertical rectangle' was applied 317 times.
  - rule 'linear: always true' was applied 905 times.
  - rule 'linear: doubleton free' was applied 14 times.
  - rule 'linear: empty' was applied 36 times.
  - rule 'linear: extracted enforcement literal' was applied 10'599 times.
  - rule 'linear: fixed or dup variables' was applied 7'600 times.
  - rule 'linear: positive equal one' was applied 6 times.
  - rule 'linear: reduced variable domains' was applied 424 times.
  - rule 'linear: remapped using affine relations' was applied 7'544 times.
  - rule 'linear: simplified rhs' was applied 23'207 times.
  - rule 'linear: tightened into equality' was applied 8 times.
  - rule 'linear: variable substitution 1' was applied 14 times.
  - rule 'linear: variable substitution 2' was applied 7 times.
  - rule 'linear: variable substitution 3' was applied 7 times.
  - rule 'no_overlap: inferred from x != y constraints' was applied 1 time.
  - rule 'presolve: 107 unused variables removed.' was applied 1 time.
  - rule 'presolve: iteration' was applied 3 times.
  - rule 'probing: reduced enforced constraint to implication.' was applied 8 times.
  - rule 'symmetry: fixed to false in general orbit' was applied 1 time.

Presolved optimization model '': (model_fingerprint: 0xc87f4dd584898621)
#Variables: 495 (#ints: 11 in objective)
  - 121 Booleans in [0,1]
  - 306 different domains in [-6166,7492] with a largest complexity of 13.
#kExactlyOne: 5 (#literals: 15)
#kInterval: 8
#kLinear2: 938 (#enforced: 886 #multi: 669)
#kLinear3: 731 (#enforced: 476 #multi: 35)
#kLinearN: 5'628 (#enforced: 5'357 #multi: 56) (#terms: 43'703)
#kNoOverlap: 1 (#intervals: 8)

Preloading model.
#Bound   0.82s best:inf   next:[168,6338] initial_domain
[Symmetry] Graph for symmetry has 8'623 nodes and 58'925 arcs.
[Symmetry] Symmetry computation done. time: 0.00170489 dtime: 0.00335651
#Model   0.84s var:495/495 constraints:7311/7311

Starting search at 0.84s with 32 workers.
17 full problem subsolvers: [core, default_lp, fixed, lb_tree_search, max_lp, no_lp, objective_lb_search, objective_lb_search_max_lp, objective_lb_search_no_lp, objective_shaving_search_max_lp, objective_shaving_search_no_lp, probing, probing_max_lp, pseudo_costs, quick_restart, quick_restart_no_lp, reduced_costs]
13 first solution subsolvers: [fj_long_default, fj_long_lin_default, fj_long_random, fj_short_default, fj_short_lin_default, fj_short_lin_random, fj_short_random, fs_random(2), fs_random_no_lp, fs_random_quick_restart(2), fs_random_quick_restart_no_lp]
13 incomplete subsolvers: [feasibility_pump, graph_arc_lns, graph_cst_lns, graph_dec_lns, graph_var_lns, rins/rens, rnd_cst_lns, rnd_var_lns, scheduling_intervals_lns, scheduling_precedences_lns, scheduling_time_window_lns, violation_ls(2)]
3 helper subsolvers: [neighborhood_helper, synchronization_agent, update_gap_integral]
#1       1.20s best:5858  next:[168,5857] fj_long_default(batch:1 #lin_moves:7'681 #lin_evals:31'668 #weight_updates:116)
#2       1.27s best:2352  next:[168,2351] no_lp (fixed_bools=0/168)
#Bound   1.29s best:2352  next:[169,2351] objective_shaving_search_no_lp (vars=497 csts=7318)
#3       1.31s best:2351  next:[169,2350] violation_ls(batch:1 #solutions_imported:1 #lin_moves:0 #lin_evals:1'405 #gen_moves:565 #gen_evals:148 #comp_moves:41 #backtracks:262 #weight_updates:12)
#4       1.32s best:2164  next:[169,2163] no_lp (fixed_bools=0/189)
#Bound   1.33s best:2164  next:[581,2163] reduced_costs
#Bound   1.35s best:2164  next:[652,2163] reduced_costs
#Bound   1.45s best:2164  next:[653,2163] reduced_costs
#5       1.46s best:2156  next:[653,2155] no_lp (fixed_bools=0/199)
#6       1.47s best:2060  next:[653,2059] no_lp (fixed_bools=0/212)
#7       1.50s best:2035  next:[653,2034] no_lp (fixed_bools=0/219)
#8       1.51s best:2016  next:[653,2015] no_lp (fixed_bools=0/224)
#9       1.54s best:2012  next:[653,2011] no_lp (fixed_bools=0/231)
#10      1.57s best:1790  next:[653,1789] no_lp (fixed_bools=0/243)
#11      1.60s best:1778  next:[653,1777] no_lp (fixed_bools=0/247)
#12      1.64s best:1750  next:[653,1749] no_lp (fixed_bools=0/258)
#13      1.67s best:1633  next:[653,1632] no_lp (fixed_bools=0/272)
#14      1.69s best:1629  next:[653,1628] no_lp (fixed_bools=0/275)
#15      1.73s best:1628  next:[653,1627] no_lp (fixed_bools=0/276)
#16      1.81s best:1614  next:[653,1613] no_lp (fixed_bools=0/288)
#17      1.83s best:1611  next:[653,1610] no_lp (fixed_bools=0/297)
#18      1.94s best:1607  next:[653,1606] no_lp (fixed_bools=0/312)
#19      2.02s best:1589  next:[653,1588] no_lp (fixed_bools=0/325)
#20      2.05s best:1581  next:[653,1580] no_lp (fixed_bools=0/336)
#21      2.18s best:1564  next:[653,1563] no_lp (fixed_bools=0/343)
#22      2.38s best:1561  next:[653,1560] no_lp (fixed_bools=0/364)
#23      2.40s best:1554  next:[653,1553] no_lp (fixed_bools=0/365)
#24      2.48s best:1553  next:[653,1552] rins_pump_lns (d=0.50 s=79 t=0.10 p=0.00 stall=0 h=auto_l0) [presolve]
#25      2.65s best:1542  next:[653,1541] no_lp (fixed_bools=0/378)
#Bound   2.93s best:1542  next:[681,1541] max_lp
#26      3.02s best:1515  next:[681,1514] no_lp (fixed_bools=0/391)
#Bound   3.22s best:1515  next:[682,1514] pseudo_costs
#27      3.23s best:1486  next:[682,1485] no_lp (fixed_bools=0/408)
#28      3.26s best:1485  next:[682,1484] no_lp (fixed_bools=0/408)
#29      3.29s best:1483  next:[682,1482] no_lp (fixed_bools=0/409)
#30      3.31s best:1481  next:[682,1480] no_lp (fixed_bools=0/410)
#31      3.32s best:1479  next:[682,1478] no_lp (fixed_bools=0/411)
#32      3.34s best:1471  next:[682,1470] quick_restart_no_lp (fixed_bools=0/280)
#33      3.42s best:1388  next:[682,1387] scheduling_intervals_lns (d=0.50 s=65 t=0.10 p=0.00 stall=0 h=auto_l0)
#Bound   3.48s best:1388  next:[685,1387] objective_lb_search_max_lp
#Bound   4.48s best:1388  next:[690,1387] objective_lb_search
#34      4.88s best:1368  next:[690,1367] scheduling_precedences_lns (d=0.29 s=102 t=0.10 p=0.00 stall=0 h=auto_l0)
#Bound   4.95s best:1368  next:[691,1367] objective_lb_search_max_lp
#Bound   5.11s best:1368  next:[706,1367] objective_lb_search_max_lp
#35      6.56s best:1358  next:[706,1357] quick_restart_no_lp (fixed_bools=1/506)
#36      6.58s best:1353  next:[706,1352] quick_restart_no_lp (fixed_bools=1/516)
#Bound   6.70s best:1353  next:[710,1352] objective_lb_search
#37      6.79s best:1347  next:[710,1346] graph_arc_lns (d=0.99 s=196 t=0.10 p=1.00 stall=7 h=auto_l0)
#38      6.90s best:1346  next:[710,1345] violation_ls(batch:13 #solutions_imported:8 #lin_moves:42'996 #lin_evals:236'673 #gen_moves:12'636 #gen_evals:2'928 #comp_moves:1'277 #backtracks:5'676 #weight_updates:39'358)
#39      7.00s best:1345  next:[710,1344] quick_restart_no_lp (fixed_bools=1/564)
#40      7.29s best:1344  next:[710,1343] quick_restart_no_lp (fixed_bools=1/619)
#Bound   7.29s best:1344  next:[712,1343] objective_lb_search_max_lp
#41      7.34s best:1343  next:[712,1342] quick_restart_no_lp (fixed_bools=1/619)
#42      7.53s best:1339  next:[712,1338] quick_restart_no_lp (fixed_bools=2/634)
#43      7.55s best:1335  next:[712,1334] quick_restart_no_lp (fixed_bools=3/636)
#44      7.56s best:1332  next:[712,1331] quick_restart_no_lp (fixed_bools=3/638)
#45      7.57s best:1331  next:[712,1330] quick_restart_no_lp (fixed_bools=3/640)
#46      7.58s best:1329  next:[712,1328] violation_ls(batch:14 #solutions_imported:9 #lin_moves:42'997 #lin_evals:236'684 #gen_moves:12'636 #gen_evals:2'928 #comp_moves:1'277 #backtracks:5'676 #weight_updates:39'358)
#47      7.58s best:1328  next:[712,1327] violation_ls(batch:14 #solutions_imported:9 #lin_moves:44'972 #lin_evals:285'756 #gen_moves:34'472 #gen_evals:7'220 #comp_moves:2'146 #backtracks:16'157 #weight_updates:25'459)
#48      7.64s best:1316  next:[712,1315] rins_pump_lns (d=0.84 s=205 t=0.10 p=0.64 stall=1 h=auto_l0)
#Bound   8.23s best:1316  next:[714,1315] objective_lb_search_no_lp
#Bound   9.13s best:1316  next:[717,1315] objective_lb_search_no_lp
#Bound   9.37s best:1316  next:[718,1315] objective_lb_search_max_lp
#Bound  10.02s best:1316  next:[719,1315] lb_tree_search (nodes=304/304 rc=0 decisions=3818 @root=11 restarts=3) 
#Bound  10.39s best:1316  next:[720,1315] lb_tree_search (nodes=328/328 rc=0 decisions=3953 @root=12 restarts=3) 
#Bound  10.85s best:1316  next:[723,1315] objective_lb_search_no_lp
#Bound  11.83s best:1316  next:[724,1315] objective_lb_search_no_lp
#Bound  11.94s best:1316  next:[752,1315] objective_lb_search_max_lp
#49     12.30s best:1308  next:[752,1307] no_lp (fixed_bools=0/657)
#Bound  12.99s best:1308  next:[753,1307] objective_lb_search_max_lp
#Bound  13.31s best:1308  next:[754,1307] objective_lb_search_no_lp
#50     13.48s best:1307  next:[754,1306] no_lp (fixed_bools=4/677)
#51     13.49s best:1306  next:[754,1305] no_lp (fixed_bools=4/677)
#52     13.51s best:1305  next:[754,1304] no_lp (fixed_bools=4/677)
#53     13.53s best:1298  next:[754,1297] no_lp (fixed_bools=4/678)
#54     13.55s best:1295  next:[754,1294] no_lp (fixed_bools=4/679)
#55     13.57s best:1294  next:[754,1293] no_lp (fixed_bools=4/679)
#56     14.36s best:1287  next:[754,1286] rnd_cst_lns (d=0.98 s=374 t=0.10 p=0.68 stall=1 h=auto_l0)
#Bound  14.70s best:1287  next:[757,1286] objective_lb_search
#Bound  15.56s best:1287  next:[759,1286] objective_lb_search_max_lp
#Bound  16.43s best:1287  next:[765,1286] objective_lb_search_no_lp
#57     16.45s best:1284  next:[765,1283] graph_var_lns (d=0.98 s=418 t=0.10 p=0.68 stall=22 h=auto_l0)
#Bound  16.72s best:1284  next:[775,1283] objective_lb_search_max_lp
#Bound  18.06s best:1284  next:[798,1283] objective_lb_search_max_lp
#58     20.53s best:1277  next:[798,1276] rnd_var_lns (d=0.98 s=487 t=0.10 p=0.63 stall=7 h=auto_l0)
#Bound  22.49s best:1277  next:[799,1276] objective_shaving_search_no_lp (vars=565 csts=7176)
#Bound  23.46s best:1277  next:[801,1276] objective_lb_search
#Bound  24.13s best:1277  next:[802,1276] objective_lb_search_no_lp
#Bound  25.63s best:1277  next:[804,1276] objective_lb_search_no_lp
#Bound  27.17s best:1277  next:[806,1276] objective_lb_search_no_lp
#Bound  29.12s best:1277  next:[808,1276] objective_lb_search_no_lp
#Bound  30.64s best:1277  next:[809,1276] objective_lb_search_no_lp
#Bound  34.80s best:1277  next:[813,1276] objective_lb_search_max_lp
#Bound  41.73s best:1277  next:[814,1276] objective_shaving_search_no_lp (vars=565 csts=7176)
#Bound  44.09s best:1277  next:[815,1276] objective_lb_search_no_lp
#Bound  45.22s best:1277  next:[816,1276] objective_lb_search_no_lp
#Bound  48.00s best:1277  next:[818,1276] objective_lb_search_no_lp
#Bound  50.06s best:1277  next:[819,1276] objective_lb_search_no_lp
#Bound  56.96s best:1277  next:[820,1276] lb_tree_search (nodes=5189/5203 rc=30 decisions=33259 @root=29 restarts=10) 
#Bound  61.04s best:1277  next:[821,1276] lb_tree_search (nodes=5308/5323 rc=32 decisions=34942 @root=30 restarts=10) 
#Bound  61.53s best:1277  next:[822,1276] objective_lb_search_no_lp
#Bound  64.06s best:1277  next:[823,1276] objective_lb_search_no_lp
#Bound  65.74s best:1277  next:[824,1276] objective_lb_search_no_lp
#Bound  67.26s best:1277  next:[826,1276] objective_lb_search_max_lp
#Bound  67.68s best:1277  next:[828,1276] objective_lb_search_max_lp
#Bound  69.70s best:1277  next:[829,1276] objective_lb_search_no_lp
#Bound  73.89s best:1277  next:[831,1276] objective_lb_search_no_lp
#Bound  75.55s best:1277  next:[832,1276] objective_lb_search_no_lp
#Bound  77.59s best:1277  next:[833,1276] objective_lb_search
#Bound  79.96s best:1277  next:[834,1276] objective_lb_search_no_lp
#Bound  82.32s best:1277  next:[837,1276] objective_lb_search_no_lp
#Bound  84.91s best:1277  next:[838,1276] objective_lb_search
#Bound  86.60s best:1277  next:[839,1276] objective_lb_search
#Bound  96.17s best:1277  next:[840,1276] objective_shaving_search_no_lp (vars=574 csts=7209)
#Bound 101.32s best:1277  next:[841,1276] objective_lb_search
#Bound 105.47s best:1277  next:[844,1276] objective_lb_search_no_lp
#Bound 106.47s best:1277  next:[846,1276] objective_lb_search_no_lp
#Bound 107.71s best:1277  next:[848,1276] objective_lb_search_no_lp
#Bound 110.88s best:1277  next:[849,1276] objective_lb_search_no_lp
#Bound 115.56s best:1277  next:[850,1276] objective_lb_search_no_lp
#Bound 119.13s best:1277  next:[853,1276] objective_lb_search_no_lp
#Bound 129.97s best:1277  next:[857,1276] objective_lb_search_no_lp
#Bound 134.89s best:1277  next:[860,1276] objective_lb_search_no_lp
#Bound 143.55s best:1277  next:[861,1276] objective_lb_search_no_lp
#Bound 145.71s best:1277  next:[862,1276] objective_lb_search_no_lp
#Bound 156.74s best:1277  next:[863,1276] objective_lb_search_no_lp
#Bound 168.51s best:1277  next:[864,1276] objective_lb_search_no_lp
#Bound 173.38s best:1277  next:[866,1276] objective_lb_search_no_lp
#Bound 176.91s best:1277  next:[868,1276] objective_lb_search_no_lp
#Bound 185.67s best:1277  next:[869,1276] objective_lb_search_no_lp
#Bound 198.42s best:1277  next:[870,1276] objective_lb_search_no_lp
#Bound 201.22s best:1277  next:[871,1276] objective_lb_search_no_lp
#Bound 205.16s best:1277  next:[876,1276] objective_lb_search_no_lp
#Bound 210.43s best:1277  next:[878,1276] objective_lb_search_no_lp
#Bound 221.82s best:1277  next:[892,1276] objective_lb_search_no_lp
#Bound 237.32s best:1277  next:[893,1276] objective_lb_search_no_lp
#Bound 248.33s best:1277  next:[894,1276] objective_lb_search_no_lp
#Bound 266.48s best:1277  next:[895,1276] objective_lb_search_no_lp
#Bound 275.75s best:1277  next:[896,1276] objective_lb_search_no_lp
#Bound 285.87s best:1277  next:[897,1276] objective_lb_search_no_lp
#Bound 301.54s best:1277  next:[898,1276] objective_lb_search_no_lp
#Bound 316.87s best:1277  next:[899,1276] objective_lb_search_no_lp
#Bound 319.19s best:1277  next:[901,1276] objective_lb_search
#Bound 332.64s best:1277  next:[902,1276] objective_lb_search_no_lp
#Bound 351.91s best:1277  next:[904,1276] objective_lb_search_no_lp
#Bound 364.96s best:1277  next:[905,1276] objective_lb_search_no_lp
#Bound 377.24s best:1277  next:[906,1276] objective_lb_search_no_lp
#Bound 385.91s best:1277  next:[907,1276] objective_lb_search_no_lp
#Bound 410.95s best:1277  next:[908,1276] lb_tree_search (nodes=19009/19018 rc=246 decisions=200255 @root=63 restarts=12) 
#Bound 430.31s best:1277  next:[909,1276] lb_tree_search (nodes=19476/19485 rc=253 decisions=206213 @root=64 restarts=12) 
#Bound 449.84s best:1277  next:[910,1276] objective_lb_search_no_lp
#Bound 452.93s best:1277  next:[913,1276] objective_lb_search_no_lp
#Bound 470.90s best:1277  next:[914,1276] objective_lb_search_no_lp
#Bound 485.96s best:1277  next:[915,1276] objective_lb_search_no_lp
#Bound 488.99s best:1277  next:[916,1276] objective_lb_search_no_lp
#Bound 503.79s best:1277  next:[918,1276] objective_lb_search_no_lp
#Bound 510.70s best:1277  next:[919,1276] objective_lb_search_no_lp
#Bound 512.73s best:1277  next:[921,1276] objective_lb_search_no_lp
#Bound 526.24s best:1277  next:[923,1276] objective_lb_search_no_lp
#Bound 537.00s best:1277  next:[925,1276] objective_lb_search_no_lp
#Bound 543.91s best:1277  next:[927,1276] objective_lb_search_no_lp
#Bound 544.41s best:1277  next:[929,1276] objective_lb_search_no_lp
#Bound 556.07s best:1277  next:[930,1276] objective_lb_search_no_lp
#Bound 580.12s best:1277  next:[931,1276] objective_lb_search_no_lp
#Bound 590.55s best:1277  next:[932,1276] objective_lb_search_no_lp
#Bound 603.73s best:1277  next:[933,1276] objective_lb_search_no_lp
#Bound 610.70s best:1277  next:[934,1276] objective_lb_search_no_lp
#Bound 616.56s best:1277  next:[935,1276] objective_lb_search_no_lp
#Bound 645.81s best:1277  next:[936,1276] objective_lb_search_no_lp
#Bound 705.61s best:1277  next:[937,1276] objective_lb_search_no_lp
#Bound 730.97s best:1277  next:[938,1276] objective_lb_search_no_lp
#Bound 795.32s best:1277  next:[939,1276] lb_tree_search (nodes=32385/32391 rc=488 decisions=363179 @root=95 restarts=13) 
#Bound 821.61s best:1277  next:[940,1276] lb_tree_search (nodes=32984/32990 rc=503 decisions=370941 @root=96 restarts=13) 
#Bound 824.33s best:1277  next:[941,1276] objective_lb_search_no_lp
#Bound 865.90s best:1277  next:[942,1276] lb_tree_search (nodes=34123/34129 rc=536 decisions=384816 @root=99 restarts=13) 
#Bound 899.93s best:1277  next:[943,1276] lb_tree_search (nodes=34616/34624 rc=551 decisions=393707 @root=100 restarts=13) 
#Bound 938.56s best:1277  next:[944,1276] lb_tree_search (nodes=35320/35328 rc=568 decisions=403587 @root=103 restarts=13) 
#Bound 953.65s best:1277  next:[945,1276] objective_lb_search_no_lp
#Bound 996.78s best:1277  next:[946,1276] lb_tree_search (nodes=36837/36847 rc=605 decisions=421814 @root=107 restarts=13) 
#Bound 1031.16s best:1277  next:[947,1276] objective_lb_search_no_lp
#59    1047.50s best:1276  next:[947,1275] graph_arc_lns (d=0.99 s=17892 t=0.16 p=0.51 stall=1019 h=auto_l0)
#Bound 1059.97s best:1276  next:[948,1275] objective_lb_search_no_lp
#Bound 1102.22s best:1276  next:[949,1275] lb_tree_search (nodes=39068/39078 rc=660 decisions=453473 @root=113 restarts=13) 
#Bound 1140.76s best:1276  next:[950,1275] lb_tree_search (nodes=39879/39889 rc=677 decisions=464712 @root=116 restarts=13) 
#Bound 1179.12s best:1276  next:[951,1275] lb_tree_search (nodes=40527/40538 rc=707 decisions=475973 @root=119 restarts=13) 
#Bound 1208.37s best:1276  next:[952,1275] objective_lb_search
#Bound 1248.65s best:1276  next:[953,1275] objective_lb_search_no_lp
#Bound 1295.76s best:1276  next:[954,1275] objective_lb_search_no_lp
#Bound 1341.23s best:1276  next:[955,1275] lb_tree_search (nodes=44408/44419 rc=821 decisions=524580 @root=130 restarts=13) 
#Bound 1386.32s best:1276  next:[956,1275] lb_tree_search (nodes=45440/45451 rc=849 decisions=537439 @root=133 restarts=13) 
#Bound 1430.76s best:1276  next:[957,1275] lb_tree_search (nodes=46197/46208 rc=871 decisions=550012 @root=136 restarts=13) 
#Bound 1483.51s best:1276  next:[958,1275] lb_tree_search (nodes=47167/47178 rc=904 decisions=564132 @root=139 restarts=13) 
#Bound 1487.46s best:1276  next:[962,1275] objective_lb_search_no_lp
#Bound 1532.22s best:1276  next:[969,1275] objective_lb_search_no_lp
#Bound 1668.21s best:1276  next:[970,1275] objective_shaving_search_no_lp (vars=568 csts=7179)
#Bound 1723.41s best:1276  next:[971,1275] objective_lb_search_no_lp
#Bound 1792.77s best:1276  next:[972,1275] objective_lb_search_no_lp
#Bound 1854.51s best:1276  next:[973,1275] objective_lb_search_no_lp
#Bound 1888.85s best:1276  next:[974,1275] objective_lb_search_no_lp
#Bound 1937.43s best:1276  next:[975,1275] objective_lb_search_no_lp
#Bound 1986.05s best:1276  next:[976,1275] objective_lb_search_no_lp
#Bound 2033.84s best:1276  next:[977,1275] objective_lb_search_no_lp
#Bound 2123.56s best:1276  next:[978,1275] objective_lb_search_no_lp
#Bound 2182.10s best:1276  next:[979,1275] objective_lb_search_no_lp
#Bound 2266.05s best:1276  next:[981,1275] objective_lb_search_no_lp
#Bound 2360.40s best:1276  next:[982,1275] objective_lb_search_no_lp
#Bound 2445.21s best:1276  next:[983,1275] lb_tree_search (nodes=91179/93001 rc=1239 decisions=966037 @root=216 restarts=14) 
#Bound 2455.81s best:1276  next:[984,1275] objective_lb_search
#Bound 2550.16s best:1276  next:[985,1275] lb_tree_search (nodes=94626/96453 rc=1288 decisions=1005399 @root=225 restarts=14) 
#Bound 2621.83s best:1276  next:[986,1275] lb_tree_search (nodes=96463/98294 rc=1312 decisions=1029315 @root=228 restarts=14) 
#Bound 2696.88s best:1276  next:[987,1275] lb_tree_search (nodes=98497/100329 rc=1338 decisions=1055003 @root=233 restarts=14) 
#Bound 2765.71s best:1276  next:[988,1275] objective_lb_search
#Bound 2844.31s best:1276  next:[989,1275] lb_tree_search (nodes=102530/104368 rc=1391 decisions=1105700 @root=243 restarts=14) 
#Bound 2915.06s best:1276  next:[990,1275] lb_tree_search (nodes=104192/106032 rc=1416 decisions=1130803 @root=246 restarts=14) 
#Bound 2935.04s best:1276  next:[991,1275] objective_lb_search
#Bound 3044.29s best:1276  next:[995,1275] objective_lb_search_no_lp
#Bound 3052.68s best:1276  next:[998,1275] objective_lb_search_no_lp
#Bound 3057.66s best:1276  next:[1001,1275] objective_lb_search_no_lp
#Bound 3066.10s best:1276  next:[1002,1275] objective_lb_search_no_lp
#Bound 3069.89s best:1276  next:[1010,1275] objective_lb_search_no_lp
#Bound 3073.90s best:1276  next:[1011,1275] objective_lb_search_no_lp
#Bound 3074.88s best:1276  next:[1012,1275] objective_lb_search_no_lp
#Bound 3077.43s best:1276  next:[1014,1275] objective_lb_search_no_lp
#Bound 3082.71s best:1276  next:[1015,1275] objective_lb_search_no_lp
#Bound 3089.91s best:1276  next:[1016,1275] objective_lb_search_no_lp
#Bound 3096.32s best:1276  next:[1017,1275] objective_lb_search_no_lp
#Bound 3102.01s best:1276  next:[1018,1275] objective_lb_search_no_lp
#Bound 3122.12s best:1276  next:[1019,1275] objective_lb_search_no_lp
#Bound 3474.02s best:1276  next:[1020,1275] objective_lb_search_no_lp
#Bound 3789.41s best:1276  next:[1021,1275] objective_lb_search_no_lp
#Bound 4072.37s best:1276  next:[1022,1275] objective_lb_search_no_lp
#Bound 4230.01s best:1276  next:[1023,1275] lb_tree_search (nodes=215863/216033 rc=1809 decisions=1816110 @root=383 restarts=15) 
#Bound 4373.78s best:1276  next:[1024,1275] lb_tree_search (nodes=218895/219104 rc=1853 decisions=1865154 @root=392 restarts=15) 
#Bound 4516.15s best:1276  next:[1025,1275] lb_tree_search (nodes=222001/222249 rc=1890 decisions=1916311 @root=401 restarts=15) 
#Bound 4665.82s best:1276  next:[1026,1275] lb_tree_search (nodes=225829/226092 rc=1946 decisions=1972593 @root=412 restarts=15) 
#Bound 4840.28s best:1276  next:[1027,1275] lb_tree_search (nodes=229683/229960 rc=2006 decisions=2028545 @root=425 restarts=15) 
#Bound 4998.16s best:1276  next:[1028,1275] lb_tree_search (nodes=233804/234094 rc=2081 decisions=2086515 @root=436 restarts=15) 
#Bound 5170.37s best:1276  next:[1029,1275] lb_tree_search (nodes=238087/238384 rc=2137 decisions=2144881 @root=447 restarts=15) 
#Bound 5333.59s best:1276  next:[1030,1275] lb_tree_search (nodes=241671/241978 rc=2187 decisions=2202105 @root=460 restarts=15) 
#Bound 5521.79s best:1276  next:[1031,1275] lb_tree_search (nodes=245158/245471 rc=2259 decisions=2263168 @root=471 restarts=15) 
#Bound 5700.12s best:1276  next:[1032,1275] lb_tree_search (nodes=249107/249423 rc=2340 decisions=2327640 @root=484 restarts=15) 
#Bound 5886.85s best:1276  next:[1033,1275] lb_tree_search (nodes=253803/254126 rc=2430 decisions=2394328 @root=497 restarts=15) 
#Bound 6074.42s best:1276  next:[1034,1275] lb_tree_search (nodes=258451/258782 rc=2511 decisions=2460579 @root=512 restarts=15) 
#Bound 6264.95s best:1276  next:[1035,1275] lb_tree_search (nodes=262044/262389 rc=2594 decisions=2524320 @root=523 restarts=15) 
#Bound 6463.27s best:1276  next:[1036,1275] lb_tree_search (nodes=266329/266678 rc=2672 decisions=2595988 @root=538 restarts=15) 
#Bound 6606.24s best:1276  next:[1037,1275] objective_lb_search_no_lp
#Bound 6744.44s best:1276  next:[1038,1275] objective_lb_search_no_lp
#Bound 7013.50s best:1276  next:[1039,1275] objective_lb_search_no_lp
#Bound 7243.46s best:1276  next:[1040,1275] lb_tree_search (nodes=284841/285205 rc=3023 decisions=2871063 @root=594 restarts=15) 
#Bound 7441.68s best:1276  next:[1041,1275] objective_lb_search_no_lp
#Bound 7630.35s best:1276  next:[1042,1275] objective_lb_search_no_lp
#Bound 7875.03s best:1276  next:[1043,1275] lb_tree_search (nodes=296593/300179 rc=3282 decisions=3097545 @root=638 restarts=15) 
#Bound 8099.66s best:1276  next:[1044,1275] lb_tree_search (nodes=301285/304937 rc=3379 decisions=3176924 @root=654 restarts=15) 
#Bound 8215.66s best:1276  next:[1045,1275] objective_lb_search_no_lp
#Bound 8435.18s best:1276  next:[1046,1275] objective_lb_search_no_lp
#Bound 8747.09s best:1276  next:[1047,1275] lb_tree_search (nodes=318300/322005 rc=3661 decisions=3404171 @root=701 restarts=15) 
#Bound 8996.04s best:1276  next:[1048,1275] lb_tree_search (nodes=322952/326662 rc=3789 decisions=3487262 @root=718 restarts=15) 
#Bound 9248.49s best:1276  next:[1049,1275] lb_tree_search (nodes=327886/331613 rc=3906 decisions=3576315 @root=736 restarts=15) 
#Bound 9536.25s best:1276  next:[1050,1275] lb_tree_search (nodes=333906/337650 rc=4034 decisions=3669234 @root=755 restarts=15) 
#Bound 9795.34s best:1276  next:[1051,1275] lb_tree_search (nodes=333890/342106 rc=4134 decisions=3757539 @root=775 restarts=15) 
#Bound 10064.70s best:1276  next:[1052,1275] lb_tree_search (nodes=339590/348077 rc=4279 decisions=3854177 @root=794 restarts=15) 
#Bound 10320.09s best:1276  next:[1053,1275] lb_tree_search (nodes=342514/353085 rc=4392 decisions=3945345 @root=812 restarts=15) 
#Bound 10595.53s best:1276  next:[1054,1275] lb_tree_search (nodes=340946/358302 rc=4528 decisions=4039183 @root=834 restarts=15) 
#Bound 10810.29s best:1276  next:[1055,1275] lb_tree_search (nodes=309383/362895 rc=4664 decisions=4122722 @root=849 restarts=15) 
#Bound 11016.50s best:1276  next:[1056,1275] lb_tree_search (nodes=302006/368459 rc=4765 decisions=4205283 @root=864 restarts=15) 
#Bound 11232.98s best:1276  next:[1057,1275] lb_tree_search (nodes=306839/374221 rc=4874 decisions=4287802 @root=881 restarts=15) 
#Bound 11454.41s best:1276  next:[1058,1275] lb_tree_search (nodes=312452/380339 rc=4981 decisions=4371867 @root=898 restarts=15) 
#Bound 11681.91s best:1276  next:[1059,1275] lb_tree_search (nodes=318160/386329 rc=5076 decisions=4452942 @root=915 restarts=15) 
#Bound 11902.31s best:1276  next:[1060,1275] lb_tree_search (nodes=324288/392710 rc=5184 decisions=4536477 @root=930 restarts=15) 
#Bound 12122.51s best:1276  next:[1061,1275] lb_tree_search (nodes=327802/398562 rc=5283 decisions=4618845 @root=948 restarts=15) 
#Bound 12353.93s best:1276  next:[1062,1275] lb_tree_search (nodes=332533/403394 rc=5396 decisions=4700420 @root=965 restarts=15) 
#Bound 12597.19s best:1276  next:[1063,1275] lb_tree_search (nodes=337275/408244 rc=5547 decisions=4788459 @root=982 restarts=15) 
#Bound 12833.99s best:1276  next:[1064,1275] lb_tree_search (nodes=343272/414357 rc=5684 decisions=4880082 @root=1001 restarts=15) 
#Bound 13077.73s best:1276  next:[1065,1275] lb_tree_search (nodes=350229/421427 rc=5824 decisions=4975518 @root=1020 restarts=15) 
#Bound 13317.42s best:1276  next:[1066,1275] lb_tree_search (nodes=356874/428182 rc=5960 decisions=5069267 @root=1037 restarts=15) 
#Bound 13548.59s best:1276  next:[1067,1275] lb_tree_search (nodes=362596/433949 rc=6114 decisions=5159642 @root=1058 restarts=15) 
#Bound 13828.92s best:1276  next:[1068,1275] lb_tree_search (nodes=367799/439249 rc=6251 decisions=5256952 @root=1077 restarts=15) 
#Bound 14108.63s best:1276  next:[1069,1275] lb_tree_search (nodes=373877/445539 rc=6425 decisions=5355764 @root=1096 restarts=15) 
#Bound 14411.86s best:1276  next:[1070,1275] lb_tree_search (nodes=380974/452710 rc=6591 decisions=5460625 @root=1117 restarts=15) 
#Bound 14686.61s best:1276  next:[1071,1275] lb_tree_search (nodes=388408/460214 rc=6737 decisions=5564348 @root=1138 restarts=15) 
#Bound 14973.66s best:1276  next:[1072,1275] lb_tree_search (nodes=396071/467989 rc=6883 decisions=5669722 @root=1159 restarts=15) 
#Bound 15176.10s best:1276  next:[1073,1275] objective_lb_search_no_lp
#Bound 15477.93s best:1276  next:[1074,1275] lb_tree_search (nodes=410540/482541 rc=7147 decisions=5866846 @root=1198 restarts=15) 
#Bound 15787.13s best:1276  next:[1075,1275] lb_tree_search (nodes=417751/489851 rc=7300 decisions=5978462 @root=1221 restarts=15) 
#Bound 15996.07s best:1276  next:[1076,1275] objective_lb_search_no_lp
#Bound 16323.10s best:1276  next:[1077,1275] lb_tree_search (nodes=434103/506303 rc=7649 decisions=6198209 @root=1266 restarts=15) 
#Bound 16577.06s best:1276  next:[1078,1275] objective_lb_search_no_lp
#Bound 16923.61s best:1276  next:[1079,1275] lb_tree_search (nodes=450934/523245 rc=7970 decisions=6416720 @root=1309 restarts=15) 
#Bound 17218.07s best:1276  next:[1080,1275] objective_lb_search_no_lp
#Bound 17540.32s best:1276  next:[1081,1275] objective_lb_search_no_lp
#Bound 17809.80s best:1276  next:[1082,1275] objective_lb_search_no_lp
#Bound 18219.63s best:1276  next:[1083,1275] lb_tree_search (nodes=484121/556925 rc=8704 decisions=6890228 @root=1405 restarts=15) 
#Bound 18365.07s best:1276  next:[1085,1275] objective_lb_search_no_lp
#Bound 18591.76s best:1276  next:[1086,1275] objective_lb_search_no_lp
#Bound 18986.04s best:1276  next:[1087,1275] objective_lb_search_no_lp
#Bound 19295.16s best:1276  next:[1088,1275] objective_lb_search_no_lp
#Bound 19638.53s best:1276  next:[1089,1275] lb_tree_search (nodes=468913/602721 rc=9534 decisions=7444877 @root=1517 restarts=15) 
#Bound 19977.40s best:1276  next:[1090,1275] lb_tree_search (nodes=469657/611049 rc=9764 decisions=7559936 @root=1541 restarts=15) 
#Bound 20269.99s best:1276  next:[1091,1275] lb_tree_search (nodes=442676/619307 rc=9985 decisions=7668663 @root=1562 restarts=15) 
#Model 20414.04s var:494/495 constraints:7092/7311
#Bound 20454.30s best:1276  next:[1092,1275] objective_lb_search_no_lp
#Bound 20509.20s best:1276  next:[1093,1275] objective_lb_search_no_lp
#Bound 20674.10s best:1276  next:[1094,1275] objective_lb_search_no_lp
#Model 20754.87s var:491/495 constraints:6941/7311
#Bound 20832.09s best:1276  next:[1095,1275] objective_lb_search_no_lp
#Bound 21022.85s best:1276  next:[1096,1275] objective_lb_search_no_lp
#Bound 21214.76s best:1276  next:[1097,1275] objective_lb_search_no_lp
#Bound 21392.63s best:1276  next:[1098,1275] objective_lb_search_no_lp
#Bound 21594.79s best:1276  next:[1099,1275] objective_lb_search_no_lp
#Bound 21920.03s best:1276  next:[1100,1275] objective_lb_search_no_lp
#Bound 22189.25s best:1276  next:[1101,1275] objective_lb_search_no_lp
#Bound 22471.72s best:1276  next:[1102,1275] lb_tree_search (nodes=431566/689966 rc=11421 decisions=8506193 @root=1733 restarts=15) 
#Bound 22565.43s best:1276  next:[1103,1275] objective_lb_search_no_lp
#Bound 22793.58s best:1276  next:[1108,1275] objective_lb_search_no_lp
#Bound 23225.56s best:1276  next:[1109,1275] objective_lb_search_no_lp
#Bound 23385.26s best:1276  next:[1110,1275] objective_lb_search_no_lp
#Bound 23443.66s best:1276  next:[1111,1275] objective_lb_search_no_lp
#Model 23444.80s var:489/495 constraints:6849/7311
#Model 23462.40s var:485/495 constraints:6525/7311
#Bound 23497.89s best:1276  next:[1112,1275] objective_lb_search_no_lp
#Bound 23531.38s best:1276  next:[1113,1275] objective_lb_search_no_lp
#Bound 23576.89s best:1276  next:[1114,1275] objective_lb_search_no_lp
#Bound 23605.94s best:1276  next:[1115,1275] objective_lb_search_no_lp
#Bound 23628.15s best:1276  next:[1117,1275] objective_lb_search_no_lp
#Bound 23640.33s best:1276  next:[1119,1275] objective_lb_search_no_lp
#Bound 23672.97s best:1276  next:[1120,1275] objective_lb_search_no_lp
#Bound 23674.19s best:1276  next:[1121,1275] objective_lb_search_no_lp
#Bound 23675.74s best:1276  next:[1122,1275] objective_lb_search_no_lp
#Bound 23731.71s best:1276  next:[1126,1275] objective_lb_search_no_lp
#Bound 23791.40s best:1276  next:[1127,1275] objective_lb_search_no_lp
#Model 23913.98s var:483/495 constraints:6270/7311
#Model 24029.55s var:482/495 constraints:6258/7311
#Bound 24053.85s best:1276  next:[1130,1275] objective_lb_search_max_lp
#Model 24150.59s var:480/495 constraints:5995/7311
#Model 24195.72s var:479/495 constraints:5972/7311
#Bound 24203.11s best:1276  next:[1131,1275] objective_lb_search_no_lp
#Model 24229.80s var:473/495 constraints:5573/7311
#Bound 24230.07s best:1276  next:[1132,1275] objective_lb_search_no_lp
#Bound 24233.29s best:1276  next:[1146,1275] objective_lb_search_max_lp
#Model 24233.74s var:469/495 constraints:5237/7311
#Model 24236.31s var:468/495 constraints:5200/7311
#Model 24253.39s var:467/495 constraints:5107/7311
#Bound 24255.29s best:1276  next:[1147,1275] objective_lb_search
#Model 24256.90s var:465/495 constraints:4857/7311
#Bound 24257.90s best:1276  next:[1148,1275] objective_lb_search_max_lp
#Bound 24265.38s best:1276  next:[1150,1275] objective_lb_search_no_lp
#Model 24265.84s var:464/495 constraints:4743/7311
#Bound 24267.51s best:1276  next:[1165,1275] objective_lb_search_no_lp
#Bound 24269.19s best:1276  next:[1169,1275] objective_lb_search_no_lp
#Model 24271.22s var:463/495 constraints:4687/7311
#Model 24271.53s var:461/495 constraints:4435/7311
#Bound 24272.34s best:1276  next:[1170,1275] objective_lb_search_no_lp
#Model 24275.12s var:456/495 constraints:3948/7311
#Model 24275.21s var:453/495 constraints:3639/7311
#Model 24276.05s var:452/495 constraints:3526/7311
#Model 24276.77s var:451/495 constraints:3476/7311
#Bound 24280.34s best:1276  next:[1173,1275] objective_lb_search_no_lp
#Model 24281.42s var:450/495 constraints:3404/7311
#Bound 24281.61s best:1276  next:[1174,1275] objective_lb_search_no_lp
#Bound 24282.51s best:1276  next:[1176,1275] objective_lb_search_no_lp
#Model 24283.82s var:447/495 constraints:3081/7311
#Model 24284.02s var:445/495 constraints:2997/7311
#Bound 24284.12s best:1276  next:[1177,1275] objective_shaving_search_no_lp (vars=307 csts=3107)
#Model 24284.25s var:444/495 constraints:2987/7311
#Model 24284.32s var:442/495 constraints:2837/7311
#Bound 24284.41s best:1276  next:[1178,1275] objective_shaving_search_no_lp (vars=272 csts=2621)
#Model 24284.41s var:441/495 constraints:2793/7311
#Model 24284.41s var:440/495 constraints:2739/7311
#Model 24284.45s var:436/495 constraints:2389/7311
#Model 24284.60s var:433/495 constraints:2231/7311
#Bound 24284.65s best:1276  next:[1179,1275] objective_shaving_search_no_lp (vars=255 csts=2270)
#Model 24284.67s var:431/495 constraints:2070/7311
#Model 24284.67s var:430/495 constraints:2002/7311
#Done  24284.67s no_lp

Task timing                                  n [     min,      max]      avg      dev     time         n [     min,      max]      avg      dev    dtime
                             'core':         1 [   6.75h,    6.75h]    6.75h   0.00ns    6.75h         1 [   6.98h,    6.98h]    6.98h   0.00ns    6.98h
                       'default_lp':         1 [   6.75h,    6.75h]    6.75h   0.00ns    6.75h         1 [   1.40h,    1.40h]    1.40h   0.00ns    1.40h
                 'feasibility_pump':      9179 [172.51ms,    1.80s] 330.67ms  74.05ms   50.59m      9178 [ 37.83ms, 132.95ms]  57.19ms 943.66us    8.75m
                            'fixed':         1 [   6.75h,    6.75h]    6.75h   0.00ns    6.75h         1 [   2.50h,    2.50h]    2.50h   0.00ns    2.50h
                  'fj_long_default':         1 [288.86ms, 288.86ms] 288.86ms   0.00ns 288.86ms         1 [ 85.16ms,  85.16ms]  85.16ms   0.00ns  85.16ms
              'fj_long_lin_default':         1 [417.38ms, 417.38ms] 417.38ms   0.00ns 417.38ms         1 [ 98.80ms,  98.80ms]  98.80ms   0.00ns  98.80ms
                   'fj_long_random':         1 [   1.32s,    1.32s]    1.32s   0.00ns    1.32s         1 [106.66ms, 106.66ms] 106.66ms   0.00ns 106.66ms
                 'fj_short_default':         1 [432.26ms, 432.26ms] 432.26ms   0.00ns 432.26ms         1 [104.61ms, 104.61ms] 104.61ms   0.00ns 104.61ms
             'fj_short_lin_default':         2 [109.75ms, 230.07ms] 169.91ms  60.16ms 339.82ms         2 [103.16ms, 108.13ms] 105.65ms   2.49ms 211.30ms
              'fj_short_lin_random':         1 [447.77ms, 447.77ms] 447.77ms   0.00ns 447.77ms         1 [104.12ms, 104.12ms] 104.12ms   0.00ns 104.12ms
                  'fj_short_random':         1 [326.07ms, 326.07ms] 326.07ms   0.00ns 326.07ms         1 [107.16ms, 107.16ms] 107.16ms   0.00ns 107.16ms
                        'fs_random':         1 [376.65ms, 376.65ms] 376.65ms   0.00ns 376.65ms         1 [  1.72ms,   1.72ms]   1.72ms   0.00ns   1.72ms
                        'fs_random':         1 [535.71ms, 535.71ms] 535.71ms   0.00ns 535.71ms         1 [ 20.00ns,  20.00ns]  20.00ns   0.00ns  20.00ns
                  'fs_random_no_lp':         1 [326.28ms, 326.28ms] 326.28ms   0.00ns 326.28ms         0 [  0.00ns,   0.00ns]   0.00ns   0.00ns   0.00ns
          'fs_random_quick_restart':         1 [   1.26s,    1.26s]    1.26s   0.00ns    1.26s         1 [ 20.00ns,  20.00ns]  20.00ns   0.00ns  20.00ns
          'fs_random_quick_restart':         1 [832.88ms, 832.88ms] 832.88ms   0.00ns 832.88ms         1 [ 20.00ns,  20.00ns]  20.00ns   0.00ns  20.00ns
    'fs_random_quick_restart_no_lp':         1 [449.00ms, 449.00ms] 449.00ms   0.00ns 449.00ms         0 [  0.00ns,   0.00ns]   0.00ns   0.00ns   0.00ns
                    'graph_arc_lns':      9179 [348.68us,   23.71s]    3.84s    4.15s    9.79h      9158 [ 10.00ns,    3.33s] 564.31ms 723.74ms    1.44h
                    'graph_cst_lns':      9178 [  5.12ms,   19.61s]    3.12s    3.05s    7.97h      9148 [ 10.00ns,    2.33s] 427.32ms 506.29ms    1.09h
                    'graph_dec_lns':      9178 [  7.36ms,   29.72s]    3.96s    4.32s   10.09h      9165 [ 10.00ns,    3.70s] 583.85ms 757.91ms    1.49h
                    'graph_var_lns':      9179 [  6.31ms,   25.96s]    3.85s    4.41s    9.83h      9159 [ 10.00ns,    3.52s] 558.32ms 759.03ms    1.42h
                   'lb_tree_search':         1 [   6.75h,    6.75h]    6.75h   0.00ns    6.75h         1 [   2.83h,    2.83h]    2.83h   0.00ns    2.83h
                           'max_lp':         1 [   6.75h,    6.75h]    6.75h   0.00ns    6.75h         1 [   1.71h,    1.71h]    1.71h   0.00ns    1.71h
                            'no_lp':         1 [   6.75h,    6.75h]    6.75h   0.00ns    6.75h         1 [   1.43h,    1.43h]    1.43h   0.00ns    1.43h
              'objective_lb_search':         1 [   6.75h,    6.75h]    6.75h   0.00ns    6.75h         1 [   1.61h,    1.61h]    1.61h   0.00ns    1.61h
       'objective_lb_search_max_lp':         1 [   6.75h,    6.75h]    6.75h   0.00ns    6.75h         1 [   2.10h,    2.10h]    2.10h   0.00ns    2.10h
        'objective_lb_search_no_lp':         1 [   6.75h,    6.75h]    6.75h   0.00ns    6.75h         1 [   1.06h,    1.06h]    1.06h   0.00ns    1.06h
  'objective_shaving_search_max_lp':       280 [ 60.08ms,    7.20m]    1.45m    1.83m    6.75h       275 [  4.00ms,    1.48m]   18.00s   22.57s    1.37h
   'objective_shaving_search_no_lp':       282 [ 11.16ms,    7.20m]    1.44m    1.83m    6.75h       275 [  3.97ms,    1.11m]   12.56s   15.92s   57.55m
                          'probing':         1 [   6.75h,    6.75h]    6.75h   0.00ns    6.75h         1 [   3.80h,    3.80h]    3.80h   0.00ns    3.80h
                   'probing_max_lp':         1 [   6.75h,    6.75h]    6.75h   0.00ns    6.75h         1 [   5.13h,    5.13h]    5.13h   0.00ns    5.13h
                     'pseudo_costs':         1 [   6.75h,    6.75h]    6.75h   0.00ns    6.75h         1 [   1.80h,    1.80h]    1.80h   0.00ns    1.80h
                    'quick_restart':         1 [   6.75h,    6.75h]    6.75h   0.00ns    6.75h         1 [   3.15h,    3.15h]    3.15h   0.00ns    3.15h
              'quick_restart_no_lp':         1 [   6.75h,    6.75h]    6.75h   0.00ns    6.75h         1 [   4.45h,    4.45h]    4.45h   0.00ns    4.45h
                    'reduced_costs':         1 [   6.75h,    6.75h]    6.75h   0.00ns    6.75h         1 [   2.73h,    2.73h]    2.73h   0.00ns    2.73h
                        'rins/rens':      9179 [162.82us,    1.79s] 451.83ms 324.61ms    1.15h      6963 [ 10.00ns, 105.84ms]  78.06ms  31.71ms    9.06m
                      'rnd_cst_lns':      9179 [  6.48ms,   25.68s]    3.89s    4.22s    9.93h      9160 [ 10.00ns,    3.31s] 567.43ms 729.44ms    1.44h
                      'rnd_var_lns':      9179 [  7.57ms,   22.48s]    3.42s    3.50s    8.71h      9165 [ 10.00ns,    2.74s] 490.67ms 605.17ms    1.25h
         'scheduling_intervals_lns':      9178 [  3.44ms,   24.78s]    5.53s    4.24s   14.10h      9160 [100.00ms,    4.03s] 829.40ms 734.81ms    2.11h
       'scheduling_precedences_lns':      9178 [  3.42ms,   25.48s]    5.50s    4.18s   14.02h      9160 [100.00ms,    3.47s] 826.76ms 731.82ms    2.10h
       'scheduling_time_window_lns':      9178 [  3.45ms,   24.45s]    5.49s    4.18s   14.00h      9163 [100.00ms,    3.41s] 824.95ms 731.39ms    2.10h
                     'violation_ls':      9179 [  1.24ms, 483.64ms] 134.42ms  48.21ms   20.56m      9179 [  1.01us, 443.00ms] 138.18ms  53.10ms   21.14m
                     'violation_ls':      9179 [969.63us, 457.90ms] 128.87ms  43.75ms   19.71m      9179 [990.00ns, 343.10ms] 129.07ms  44.16ms   19.74m

Search stats                          Bools   Conflicts    Branches   Restarts      BoolPropag   IntegerPropag
                           'core':   10'851   5'262'511   8'053'960    163'924  13'289'815'059   8'352'861'773
                     'default_lp':      121   5'176'396  17'123'284  1'347'031     143'792'417   9'562'525'054
                          'fixed':    4'040  14'643'214  18'595'335        242   6'734'473'502   9'161'091'129
                      'fs_random':      121           0           0          0               0               0
                      'fs_random':      121           0         245        242              30           9'186
                'fs_random_no_lp':      122           0         242        242              30           9'039
        'fs_random_quick_restart':      121           0           0          0               0               0
        'fs_random_quick_restart':      121           0           0          0               0               0
  'fs_random_quick_restart_no_lp':      121           0           0          0               0               0
                 'lb_tree_search':      149       2'663  18'805'929  3'711'521      52'246'548   2'338'807'472
                         'max_lp':      121   3'752'087  17'525'910  1'431'972     139'426'360   8'303'579'352
                          'no_lp':    2'244  12'157'238  25'251'686  1'142'442   6'537'271'401  15'221'960'265
            'objective_lb_search':      514   3'962'981  18'895'836  1'788'363     319'521'162   8'627'310'396
     'objective_lb_search_max_lp':      510   2'304'499  22'914'082  2'627'507     375'537'945   7'447'815'330
      'objective_lb_search_no_lp':      549   8'528'031  20'673'798  1'612'168     334'041'629  13'573'258'084
                        'probing':      897         652     392'696    144'465       2'502'733      20'645'265
                 'probing_max_lp':      897         673     391'522    144'076       2'533'928      20'805'092
                   'pseudo_costs':      121   5'257'778  23'779'761  3'133'002     149'408'657   8'433'408'567
                  'quick_restart':   14'216   1'917'324  26'510'915    622'786   7'110'699'760   2'750'805'142
            'quick_restart_no_lp':   14'279   4'981'069  23'366'141    623'384  13'540'336'758   4'753'762'365
                  'reduced_costs':  134'694   4'007'091  17'486'307    336'800  59'684'667'813   6'044'060'544

SAT stats                           ClassicMinim   LitRemoved   LitLearned  LitForgotten  Subsumed   MClauses  MDecisions  MLitTrue  MSubsumed  MLitRemoved  MReused
                           'core':     4'989'934   65'210'627   86'859'097    58'021'282     9'963     76'925     387'122         1      1'266        8'125      650
                     'default_lp':     4'476'053   21'028'347   93'859'788    77'735'342    49'259    668'940  10'441'667         0     45'858      372'697  149'131
                          'fixed':    13'309'476  104'573'219  520'141'478   499'946'082    15'891          0           0         0          0            0        0
                      'fs_random':             0            0            0             0         0          0           0         0          0            0        0
                      'fs_random':             0            0            0             0         0          0           0         0          0            0        0
                'fs_random_no_lp':             0            0            0             0         0          0           0         0          0            0        0
        'fs_random_quick_restart':             0            0            0             0         0          0           0         0          0            0        0
        'fs_random_quick_restart':             0            0            0             0         0          0           0         0          0            0        0
  'fs_random_quick_restart_no_lp':             0            0            0             0         0          0           0         0          0            0        0
                 'lb_tree_search':           820        1'705       28'925             0        13  1'796'442   9'009'712         0        225          963  153'691
                         'max_lp':     3'370'839   17'374'810   66'962'328    52'729'375    27'859    703'771  12'662'909         0     42'025      374'239  186'334
                          'no_lp':    11'178'351   91'414'650  254'933'543   228'214'158    42'653    521'727   7'090'094       153    122'346      948'233   72'779
            'objective_lb_search':     3'645'525   20'225'825   60'598'598    37'194'431    24'619    910'036  13'507'038         6     95'077      784'718  199'815
     'objective_lb_search_max_lp':     2'143'724   11'627'677   36'993'576    19'428'675    12'457  1'266'102  19'328'283         0     38'814      338'369  314'221
      'objective_lb_search_no_lp':     7'661'092   45'447'681  130'934'149    86'290'828    61'817    840'940   9'864'540         4    131'698    1'076'749  142'646
                        'probing':             5           16          856             0         0          0           0         0          0            0        0
                 'probing_max_lp':             3            6          860             0         0          0           0         0          0            0        0
                   'pseudo_costs':     4'331'027   17'420'526  102'059'489    84'415'888    77'614  1'544'701  15'436'456         0     14'091      121'230  272'405
                  'quick_restart':     1'713'341   19'489'075   36'999'724    23'918'513     8'864    258'240   4'013'060        74    187'620    2'375'235   30'569
            'quick_restart_no_lp':     4'603'734   76'581'577  123'846'417    85'380'877     6'481     73'472   1'099'670        11     60'304      717'928    4'888
                  'reduced_costs':     3'555'204   46'090'667  100'842'848    90'918'573    14'866    201'282   2'008'773         3    105'392      773'988   32'564

Lp stats                         Component   Iterations  AddedCuts     OPTIMAL    DUAL_F.  DUAL_U.
                  'default_lp':          1   48'231'200  1'065'031  10'845'321          0        0
                       'fixed':          1    6'434'317        877  14'677'658          0        0
                   'fs_random':          1            0          0           0          0        0
                   'fs_random':          1          454        391          12          0        0
     'fs_random_quick_restart':          1            0          0           0          0        0
     'fs_random_quick_restart':          1            0          0           0          0        0
              'lb_tree_search':          1  167'004'444    312'563   8'530'843  4'343'684        0
                      'max_lp':          1   86'347'169    757'644   6'180'893  5'533'941      785
         'objective_lb_search':          1   59'127'849    782'957   8'733'864          3        2
  'objective_lb_search_max_lp':          1   97'505'907    377'436   4'570'050  3'424'741      699
                     'probing':          1   62'536'222  2'180'827     925'597      6'525        1
              'probing_max_lp':          1   73'076'910    466'863     643'350    154'621        0
                'pseudo_costs':          1   86'492'584    684'032   6'914'503  5'507'618    2'238
               'quick_restart':          1   83'715'348  1'138'292   5'455'696        305        8
               'reduced_costs':          1   39'002'010    848'915   5'484'323  2'336'667      128

Lp dimension                                                                      Final dimension of first component
                  'default_lp':   464 rows, 478 columns, 1704 entries with magnitude in [4.655765e-03, 1.000000e+00]
                       'fixed':   325 rows, 478 columns, 1168 entries with magnitude in [2.483652e-02, 1.000000e+00]
                   'fs_random':        0 rows, 478 columns, 0 entries with magnitude in [0.000000e+00, 0.000000e+00]
                   'fs_random':   374 rows, 478 columns, 1286 entries with magnitude in [1.242953e-02, 1.000000e+00]
     'fs_random_quick_restart':        0 rows, 478 columns, 0 entries with magnitude in [0.000000e+00, 0.000000e+00]
     'fs_random_quick_restart':        0 rows, 478 columns, 0 entries with magnitude in [0.000000e+00, 0.000000e+00]
              'lb_tree_search':   998 rows, 495 columns, 4383 entries with magnitude in [3.542855e-04, 1.000000e+00]
                      'max_lp':   741 rows, 495 columns, 3512 entries with magnitude in [1.982300e-04, 1.000000e+00]
         'objective_lb_search':   650 rows, 478 columns, 2550 entries with magnitude in [1.556660e-04, 1.000000e+00]
  'objective_lb_search_max_lp':   853 rows, 495 columns, 3395 entries with magnitude in [5.109466e-04, 1.000000e+00]
                     'probing':  1140 rows, 478 columns, 7899 entries with magnitude in [1.161027e-05, 1.000000e+00]
              'probing_max_lp':  1578 rows, 495 columns, 8783 entries with magnitude in [1.618504e-04, 1.000000e+00]
                'pseudo_costs':   706 rows, 495 columns, 2462 entries with magnitude in [8.331208e-04, 1.000000e+00]
               'quick_restart':  1140 rows, 478 columns, 5422 entries with magnitude in [1.540823e-04, 1.000000e+00]
               'reduced_costs':   432 rows, 495 columns, 1472 entries with magnitude in [7.427851e-03, 1.000000e+00]

Lp debug                         CutPropag  CutEqPropag     Adjust  Overflow          Bad  BadScaling
                  'default_lp':         53          917  4'682'502         0    5'052'700           0
                       'fixed':          0            1          0         0        1'161           0
                   'fs_random':          0            0          0         0            0           0
                   'fs_random':          0            0          0         0          303           0
     'fs_random_quick_restart':          0            0          0         0            0           0
     'fs_random_quick_restart':          0            0          0         0            0           0
              'lb_tree_search':         54          986  9'352'392         0    7'009'536           0
                      'max_lp':        103          919  7'039'975         0    5'687'018           0
         'objective_lb_search':         49          932  4'793'046         0    6'405'401           0
  'objective_lb_search_max_lp':         72          386  5'900'362         0    6'192'952           0
                     'probing':         92       24'791    666'491         0  564'863'082           0
              'probing_max_lp':        152       10'617    797'529         0  474'204'384           0
                'pseudo_costs':        269        1'005  5'812'100         0    6'467'384           0
               'quick_restart':        396        1'224  3'061'162         0   13'359'970           0
               'reduced_costs':        152          811  5'562'776         0    5'832'435           0

Lp pool                          Constraints  Updates    Simplif  Merged  Shortened      Split  Strenghtened            Cuts/Call
                  'default_lp':        6'418   18'778     84'248   3'196     12'171    247'523       122'371  1'065'031/6'120'540
                       'fixed':        1'460        3          2       0          0          3            98           877/15'995
                   'fs_random':          583        0          0       0          0          0             0                  0/0
                   'fs_random':          974        1          0       0          0          0            61              391/640
     'fs_random_quick_restart':          583        0          0       0          0          0             0                  0/0
     'fs_random_quick_restart':          583        0          0       0          0          0             0                  0/0
              'lb_tree_search':       15'872   21'872    659'649     993     20'609    448'003       523'022    312'563/2'842'594
                      'max_lp':       14'472   19'631    931'242   2'474     11'909    435'987       597'485    757'644/3'147'842
         'objective_lb_search':        8'282   22'836    129'759   2'258     17'465    413'596       101'178    782'957/4'930'622
  'objective_lb_search_max_lp':       15'167   18'617    881'230   1'571     19'185    460'516       542'096    377'436/2'115'853
                     'probing':       10'339  217'961    127'533      71     16'981  1'052'519       234'879  2'180'827/4'985'252
              'probing_max_lp':       17'069  206'961    890'703      96     26'715  1'631'800       511'159    466'863/1'197'123
                'pseudo_costs':       12'578   19'708  1'146'015   3'756     22'780    479'604       597'906    684'032/2'441'350
               'quick_restart':        8'315   38'466    200'571   1'560     14'894  3'067'510       153'717  1'138'292/5'083'505
               'reduced_costs':       13'799   16'085    952'683   3'418     10'330    276'534       590'060    848'915/2'600'516

Lp Cut                                                      fs_ran   defaul  fixed   max_lp   quick_   reduce   pseudo   lb_tre   probin   object   probin   object
                                                    CG_FF:      22   43'755     52   30'276    9'701   45'842   39'170   11'728   29'108   29'483    1'789   13'686
                                                     CG_K:      13   30'945     30   32'543    6'668   48'444   41'900   13'080   24'942   24'010    1'411   16'230
                                                    CG_KL:       -        1      -        4        1       20        8        -        3        4        -        2
                                                     CG_R:       7   51'765     26   30'432   14'915   48'390   43'755   12'469   80'498   34'678    6'334   13'735
                                                    CG_RB:      17   86'958     49   69'989   28'476   87'753   87'171   26'378  111'234   62'921    3'624   34'887
                                                   CG_RBP:       1   16'892      7   19'275    4'515   23'488   18'532    5'321   18'709    8'239      895    5'073
                                                   Clique:       -        -      -    4'846        -    7'406    8'825    2'548        -        -    1'197    1'974
                                                       IB:     188  587'312    426  341'019  914'122  316'784  173'502  108'129  214'698  431'905   59'999  159'997
                                                 MIR_1_FF:      38   20'682     51   17'133   12'810   24'624   22'779    9'508  120'860   17'468    7'757   10'353
                                                  MIR_1_K:       7    4'350      8    6'619    2'245    7'546    7'988    3'906   29'727    4'247    1'704    3'921
                                                 MIR_1_KL:       -      706      -      895      310    1'093      583       90    2'030       73      508       10
                                                  MIR_1_R:      14    8'033     17    4'370    3'829    6'486    6'230    2'510   43'421    6'081    3'614    2'332
                                                 MIR_1_RB:      16   34'952     47   37'357   21'048   45'809   42'550   19'478  172'793   26'723   11'848   20'358
                                                MIR_1_RBP:       1    2'204      7    8'339    1'033    8'233    2'902    1'487    5'984      565      710    1'120
                                                MIR_1_RLT:       -        -      -      210        -      513      361      167        -        -      597      162
                                                 MIR_2_FF:       9   17'091     19   11'712    9'084   16'351   15'993    7'273   63'838   13'131    7'094    7'250
                                                  MIR_2_K:       3    4'138      8    4'198    1'678    4'989    4'987    2'473   18'933    2'895    1'715    2'459
                                                 MIR_2_KL:       -      603      -      817      338      983      358      183    2'181       44      383       27
                                                  MIR_2_R:       2    5'898      6    3'473    3'816    4'367    5'346    2'482   37'567    4'575    5'732    2'210
                                                 MIR_2_RB:      10   26'538     31   21'186   16'272   23'915   25'494   11'789  107'373   20'108   10'249   11'244
                                                MIR_2_RBP:       2    2'857      6    3'655    1'463    4'075    1'726      660    8'943      652    1'119      387
                                                 MIR_3_FF:       6   10'607     12    7'792    5'857    9'549   11'292    5'181   34'621    8'300    4'845    5'397
                                                  MIR_3_K:       1    3'283      3    3'460    1'254    3'602    4'835    1'891   10'389    2'214    1'384    2'091
                                                 MIR_3_KL:       -      408      -      725      297      732      319      168    2'501       78      312       50
                                                  MIR_3_R:       2    3'891      3    2'731    2'840    2'795    4'936    2'111   20'905    3'207    4'494    2'193
                                                 MIR_3_RB:       2   17'862      8   13'515   11'669   14'198   15'776    7'593   68'342   13'523    6'963    7'196
                                                MIR_3_RBP:       -    1'949      3    2'239      996    2'435    1'291      441    5'539      499      617      332
                                                 MIR_4_FF:       1    6'718      3    5'026    3'617    5'729    6'970    3'371   19'344    5'477    2'691    3'249
                                                  MIR_4_K:       -    2'197      1    2'190      995    2'531    3'116    1'044    6'525    1'676      727    1'105
                                                 MIR_4_KL:       -      348      -      529      299      504      285      147    2'455       96      159       64
                                                  MIR_4_R:       1    2'597      -    1'822    1'941    1'664    3'144    1'510   11'826    2'547    2'421    1'333
                                                 MIR_4_RB:       1   11'971     11    8'592    7'458    9'233    9'616    4'423   39'716    8'617    3'843    3'928
                                                MIR_4_RBP:       -    1'221      -    1'246      625    1'506      892      302    3'193      412      371      253
                                                 MIR_5_FF:       2    3'899      1    3'010    2'303    3'119    4'037    1'992   11'224    3'703    1'551    2'056
                                                  MIR_5_K:       -    1'468      -    1'594      680    1'648    1'924      818    4'201    1'185      439      808
                                                 MIR_5_KL:       -      259      -      356      252      319      202      140    1'881      109      106       78
                                                  MIR_5_R:       1    1'698      -    1'038    1'251      999    1'768      936    6'438    1'775    1'555      770
                                                 MIR_5_RB:       2    7'438      4    5'559    4'519    6'064    6'136    2'615   22'502    5'577    2'175    2'464
                                                MIR_5_RBP:       1      747      -      752      455      858      672      293    2'382      379      206      260
                                                 MIR_6_FF:       -    2'312      -    1'646    1'383    1'762    2'235    1'017    7'389    2'179      721    1'136
                                                  MIR_6_K:       -      965      1    1'023      426    1'052    1'169      531    2'297      712      224      531
                                                 MIR_6_KL:       -      149      -      194      181      173      145      119    1'328      103       69       61
                                                  MIR_6_R:       -    1'034      -      664      752      756    1'124      501    3'414    1'180      711      428
                                                 MIR_6_RB:       2    4'433      4    3'532    2'750    3'776    3'898    1'541   13'839    3'540    1'158    1'443
                                                MIR_6_RBP:       -      544      -      554      399      622      471      296    2'083      278      156      225
         NoOverlapCompletionTimeExhaustiveMirror_weighted:       -        -      -        -        -       12        8        -        -        -        -        3
  NoOverlapCompletionTimeExhaustiveMirror_weighted_lifted:       -        -      -        -        -        2        2        -        -        -        -        2
               NoOverlapCompletionTimeExhaustive_weighted:       -        -      -    1'166        -    1'713    1'420      408        -        -        1      698
        NoOverlapCompletionTimeExhaustive_weighted_lifted:       -        -      -      434        -      899    1'273      186        -        -        3      181
                          NoOverlapCompletionTimeQueyrane:       -        -      -       24        -       34      156        1        -        -        1        4
                   NoOverlapCompletionTimeQueyrane_lifted:       -        -      -       44        -       75      149        5        -        -        1        2
                              NoOverlapDetectedPrecedence:       -        -      -        -        -        -        1        2        -        -        -        1
                                NoOverlapDisjunctionOnEnd:       -        -      -        7        -       63       33        -        -        -        -        6
                              NoOverlapDisjunctionOnStart:       -        -      -      465        -    1'321    2'152       71        -        -        5       31
                                             ZERO_HALF_FF:       3    5'389      5    3'768    1'586    5'520    5'379    1'839    6'371    3'871      370    1'888
                                              ZERO_HALF_K:       3    2'052      3    3'316      621    4'748    4'286    1'853    3'514    1'670      210    2'215
                                             ZERO_HALF_KL:       -        3      -        3        7        8        5        1       10        6        -        1
                                              ZERO_HALF_R:       8   14'226     16   21'062   23'587   21'404   22'075   22'672  670'274   14'504  281'709   22'255
                                             ZERO_HALF_RB:       5    7'677      8    7'322    5'340    8'231    9'093    4'237   80'100    6'478   13'142    4'782
                                            ZERO_HALF_RBP:       -    2'006      1    1'896    1'628    2'148    1'587      648   23'382    1'260    5'244      499

LNS stats                        Improv/Calls  Closed  Difficulty  TimeLimit
               'graph_arc_lns':       16/9176     50%        1.00       3.33
               'graph_cst_lns':       49/9170     51%        0.99       2.33
               'graph_dec_lns':        9/9178     50%        0.99       3.46
               'graph_var_lns':       10/9178     51%        1.00       3.46
                   'rins/rens':     1167/8099     50%        0.86       0.10
                 'rnd_cst_lns':       18/9178     50%        0.99       3.33
                 'rnd_var_lns':       33/9179     50%        0.99       2.79
    'scheduling_intervals_lns':        4/9164     12%        0.00       3.46
  'scheduling_precedences_lns':        6/9164     12%        0.00       3.46
  'scheduling_time_window_lns':        5/9164     12%        0.00       3.46

LS stats                   Batches  Restarts    LinMoves    GenMoves  CompoundMoves  WeightUpdates
       'fj_long_default':        1         1       7'681           0              0            116
   'fj_long_lin_default':        1         1           0       2'175            295              0
        'fj_long_random':        1         1       9'881           0              0            119
      'fj_short_default':        1         1           0       1'862            240              0
  'fj_short_lin_default':        2         1           0       3'257            445              0
   'fj_short_lin_random':        1         1           0       1'856            302              0
       'fj_short_random':        1         1           0       2'057            298              0
          'violation_ls':    9'179         0  38'759'175  15'542'377        873'488      3'880'777
          'violation_ls':    9'179         0  43'439'207  13'952'455        784'927      5'700'398

Solutions (59)                   Num     Rank
             'fj_long_default':    1    [1,1]
               'graph_arc_lns':    2  [37,59]
               'graph_var_lns':    1  [57,57]
                       'no_lp':   35   [2,55]
         'quick_restart_no_lp':   10  [32,45]
               'rins_pump_lns':    2  [24,48]
                 'rnd_cst_lns':    1  [56,56]
                 'rnd_var_lns':    1  [58,58]
    'scheduling_intervals_lns':    1  [33,33]
  'scheduling_precedences_lns':    1  [34,34]
                'violation_ls':    4   [3,47]

Objective bounds                     Num
                  'initial_domain':    1
                  'lb_tree_search':   77
                          'max_lp':    1
             'objective_lb_search':   14
      'objective_lb_search_max_lp':   16
       'objective_lb_search_no_lp':  163
  'objective_shaving_search_no_lp':    8
                    'pseudo_costs':    1
                   'reduced_costs':    3

Solution repositories      Added  Queried  Ignored  Synchro
  'feasible solutions':   89'383  208'801        2   87'585
        'lp solutions':  214'601    4'561        0  158'540
                'pump':  192'723    4'618

Improving bounds shared             Num
                        'core':      20
                  'default_lp':     296
              'lb_tree_search':      89
                      'max_lp':     354
                       'no_lp':   1'656
         'objective_lb_search':     103
  'objective_lb_search_max_lp':      88
                     'probing':   3'920
              'probing_max_lp':   2'587
                'pseudo_costs':     544
               'quick_restart':   3'462
         'quick_restart_no_lp':  16'105
               'reduced_costs':   1'131

Clauses shared                   Num
                        'core':   29
                  'default_lp':  132
              'lb_tree_search':   31
                      'max_lp':   97
                       'no_lp':  212
         'objective_lb_search':  114
  'objective_lb_search_max_lp':   12
   'objective_lb_search_no_lp':   23
                     'probing':    1
              'probing_max_lp':    1
                'pseudo_costs':  174
               'quick_restart':   32
         'quick_restart_no_lp':   59
               'reduced_costs':    8

CpSolverResponse summary:
status: OPTIMAL
objective: 1276
best_bound: 1276
integers: 492
booleans: 122
conflicts: 0
branches: 242
propagations: 30
integer_propagations: 9039
restarts: 242
lp_iterations: 0
walltime: 24285
usertime: 24285
deterministic_time: 217550
gap_integral: 366862
solution_fingerprint: 0x9f069fd443ce5fb3


--- Simulation Gantt  partir du modle mathmatique ---
