created virtual environment CPython3.12.4.final.0-64 in 563ms
  creator CPython3Posix(dest=/localscratch/aneumann.47038318.0/env, clear=False, no_vcs_ignore=False, global=False)
  seeder FromAppData(download=False, pip=bundle, via=copy, app_data_dir=/home/aneumann/.local/share/virtualenv)
    added seed packages: pip==24.2+computecanada
  activators BashActivator,CShellActivator,FishActivator,NushellActivator,PowerShellActivator,PythonActivator
Looking in links: /cvmfs/soft.computecanada.ca/custom/python/wheelhouse/gentoo2023/x86-64-v3, /cvmfs/soft.computecanada.ca/custom/python/wheelhouse/gentoo2023/generic, /cvmfs/soft.computecanada.ca/custom/python/wheelhouse/generic
Requirement already satisfied: pip in /localscratch/aneumann.47038318.0/env/lib/python3.12/site-packages (24.2+computecanada)
Processing /cvmfs/soft.computecanada.ca/custom/python/wheelhouse/generic/pip-25.0+computecanada-py3-none-any.whl
Installing collected packages: pip
  Attempting uninstall: pip
    Found existing installation: pip 24.2+computecanada
    Uninstalling pip-24.2+computecanada:
      Successfully uninstalled pip-24.2+computecanada
Successfully installed pip-25.0+computecanada
Looking in links: /cvmfs/soft.computecanada.ca/custom/python/wheelhouse/gentoo2023/x86-64-v3, /cvmfs/soft.computecanada.ca/custom/python/wheelhouse/gentoo2023/generic, /cvmfs/soft.computecanada.ca/custom/python/wheelhouse/generic
ERROR: protobuf-5.28.3-cp38-abi3-manylinux2014_x86_64.whl is not a supported wheel on this platform.
Looking in links: /cvmfs/soft.computecanada.ca/custom/python/wheelhouse/gentoo2023/x86-64-v3, /cvmfs/soft.computecanada.ca/custom/python/wheelhouse/gentoo2023/generic, /cvmfs/soft.computecanada.ca/custom/python/wheelhouse/generic
Processing /home/aneumann/projects/def-adhaj/aneumann/GNRS/wheels/immutabledict-4.2.0-py3-none-any.whl
Installing collected packages: immutabledict
Successfully installed immutabledict-4.2.0
Looking in links: /cvmfs/soft.computecanada.ca/custom/python/wheelhouse/gentoo2023/x86-64-v3, /cvmfs/soft.computecanada.ca/custom/python/wheelhouse/gentoo2023/generic, /cvmfs/soft.computecanada.ca/custom/python/wheelhouse/generic
Processing /cvmfs/soft.computecanada.ca/custom/python/wheelhouse/generic/ortools-9.10.4067+computecanada-cp312-cp312-linux_x86_64.whl (from -r /home/aneumann/projects/def-adhaj/aneumann/GNRS/requirements/or.txt (line 1))
Processing /cvmfs/soft.computecanada.ca/custom/python/wheelhouse/gentoo2023/x86-64-v3/matplotlib-3.10.0+computecanada-cp312-cp312-linux_x86_64.whl (from -r /home/aneumann/projects/def-adhaj/aneumann/GNRS/requirements/or.txt (line 2))
Processing /cvmfs/soft.computecanada.ca/custom/python/wheelhouse/gentoo2023/x86-64-v3/pandas-2.2.3+computecanada-cp312-cp312-linux_x86_64.whl (from -r /home/aneumann/projects/def-adhaj/aneumann/GNRS/requirements/or.txt (line 3))
Processing /cvmfs/soft.computecanada.ca/custom/python/wheelhouse/generic/absl_py-2.3.0+computecanada-py3-none-any.whl (from ortools<9.11,>=9.10->-r /home/aneumann/projects/def-adhaj/aneumann/GNRS/requirements/or.txt (line 1))
Processing /cvmfs/soft.computecanada.ca/custom/python/wheelhouse/gentoo2023/generic/numpy-2.2.2+computecanada-cp312-cp312-linux_x86_64.whl (from ortools<9.11,>=9.10->-r /home/aneumann/projects/def-adhaj/aneumann/GNRS/requirements/or.txt (line 1))
Processing /cvmfs/soft.computecanada.ca/custom/python/wheelhouse/gentoo2023/x86-64-v3/protobuf-6.31.1+computecanada-cp312-cp312-linux_x86_64.whl (from ortools<9.11,>=9.10->-r /home/aneumann/projects/def-adhaj/aneumann/GNRS/requirements/or.txt (line 1))
Requirement already satisfied: immutabledict>=3.0.0 in /localscratch/aneumann.47038318.0/env/lib/python3.12/site-packages (from ortools<9.11,>=9.10->-r /home/aneumann/projects/def-adhaj/aneumann/GNRS/requirements/or.txt (line 1)) (4.2.0)
Processing /cvmfs/soft.computecanada.ca/custom/python/wheelhouse/gentoo2023/generic/contourpy-1.3.1+computecanada-cp312-cp312-linux_x86_64.whl (from matplotlib->-r /home/aneumann/projects/def-adhaj/aneumann/GNRS/requirements/or.txt (line 2))
Processing /cvmfs/soft.computecanada.ca/custom/python/wheelhouse/generic/cycler-0.12.1+computecanada-py3-none-any.whl (from matplotlib->-r /home/aneumann/projects/def-adhaj/aneumann/GNRS/requirements/or.txt (line 2))
Processing /cvmfs/soft.computecanada.ca/custom/python/wheelhouse/generic/fonttools-4.59.0+computecanada-cp312-cp312-linux_x86_64.whl (from matplotlib->-r /home/aneumann/projects/def-adhaj/aneumann/GNRS/requirements/or.txt (line 2))
Processing /cvmfs/soft.computecanada.ca/custom/python/wheelhouse/gentoo2023/x86-64-v3/kiwisolver-1.4.8+computecanada-cp312-cp312-linux_x86_64.whl (from matplotlib->-r /home/aneumann/projects/def-adhaj/aneumann/GNRS/requirements/or.txt (line 2))
Processing /cvmfs/soft.computecanada.ca/custom/python/wheelhouse/generic/packaging-25.0+computecanada-py3-none-any.whl (from matplotlib->-r /home/aneumann/projects/def-adhaj/aneumann/GNRS/requirements/or.txt (line 2))
Processing /cvmfs/soft.computecanada.ca/custom/python/wheelhouse/gentoo2023/x86-64-v3/pillow-11.1.0+computecanada-cp312-cp312-linux_x86_64.whl (from matplotlib->-r /home/aneumann/projects/def-adhaj/aneumann/GNRS/requirements/or.txt (line 2))
Processing /cvmfs/soft.computecanada.ca/custom/python/wheelhouse/generic/pyparsing-3.2.3+computecanada-py3-none-any.whl (from matplotlib->-r /home/aneumann/projects/def-adhaj/aneumann/GNRS/requirements/or.txt (line 2))
Processing /cvmfs/soft.computecanada.ca/custom/python/wheelhouse/generic/python_dateutil-2.9.0.post0+computecanada-py2.py3-none-any.whl (from matplotlib->-r /home/aneumann/projects/def-adhaj/aneumann/GNRS/requirements/or.txt (line 2))
Processing /cvmfs/soft.computecanada.ca/custom/python/wheelhouse/generic/pytz-2025.2+computecanada-py2.py3-none-any.whl (from pandas->-r /home/aneumann/projects/def-adhaj/aneumann/GNRS/requirements/or.txt (line 3))
Processing /cvmfs/soft.computecanada.ca/custom/python/wheelhouse/generic/tzdata-2025.2+computecanada-py2.py3-none-any.whl (from pandas->-r /home/aneumann/projects/def-adhaj/aneumann/GNRS/requirements/or.txt (line 3))
Processing /cvmfs/soft.computecanada.ca/custom/python/wheelhouse/generic/six-1.17.0+computecanada-py2.py3-none-any.whl (from python-dateutil>=2.7->matplotlib->-r /home/aneumann/projects/def-adhaj/aneumann/GNRS/requirements/or.txt (line 2))
Installing collected packages: pytz, tzdata, six, pyparsing, protobuf, pillow, packaging, numpy, kiwisolver, fonttools, cycler, absl-py, python-dateutil, contourpy, pandas, matplotlib, ortools
Successfully installed absl-py-2.3.0+computecanada contourpy-1.3.1+computecanada cycler-0.12.1+computecanada fonttools-4.59.0+computecanada kiwisolver-1.4.8+computecanada matplotlib-3.10.0+computecanada numpy-2.2.2+computecanada ortools-9.10.4067+computecanada packaging-25.0+computecanada pandas-2.2.3+computecanada pillow-11.1.0+computecanada protobuf-6.31.1+computecanada pyparsing-3.2.3+computecanada python-dateutil-2.9.0.post0+computecanada pytz-2025.2+computecanada six-1.17.0+computecanada tzdata-2025.2+computecanada

Starting CP-SAT solver v9.10.4067
Parameters: max_time_in_seconds: 86400 max_memory_in_mb: 185000 log_search_progress: true enumerate_all_solutions: false num_search_workers: 32 absolute_gap_limit: 0 relative_gap_limit: 0

Initial optimization model '': (model_fingerprint: 0xba3820b92f77786a)
#Variables: 1'002 (#ints: 17 in objective)
  - 821 Booleans in [0,1]
  - 181 in [0,1366]
#kLinear1: 91
#kLinear2: 2'002
#kLinear3: 786
#kLinearN: 41'360 (#terms: 1'292'593)

Starting presolve at 0.03s
  6.04e-02s  0.00e+00d  [DetectDominanceRelations] 
  9.63e-01s  0.00e+00d  [PresolveToFixPoint] #num_loops=8 #num_dual_strengthening=3 
  4.40e-04s  0.00e+00d  [ExtractEncodingFromLinear] #potential_supersets=12 
[Symmetry] Graph for symmetry has 44'165 nodes and 1'163'883 arcs.
[Symmetry] Symmetry computation done. time: 0.039338 dtime: 0.0834979
[Symmetry] #generators: 1, average support size: 56
[Symmetry] The model contains 1054 duplicate constraints !
[Symmetry] 28 orbits with sizes: 2,2,2,2,2,2,2,2,2,2,...
[Symmetry] Num fixable by intersecting at_most_one with orbits: 1 largest_orbit: 2
  4.55e-01s  1.17e-01d  [Probe] #probed=1'398 #new_bounds=9 #equiv=1 
  4.00e-04s  0.00e+00d  [MaxClique] 
  5.99e-02s  0.00e+00d  [DetectDominanceRelations] 
  4.38e-01s  0.00e+00d  [PresolveToFixPoint] #num_loops=5 #num_dual_strengthening=3 
  2.39e-01s  0.00e+00d  [ProcessAtMostOneAndLinear] 
  5.51e-02s  0.00e+00d  [DetectDuplicateConstraints] #duplicates=1'327 #without_enforcements=110 
  1.42e-01s  1.40e-02d  [DetectDominatedLinearConstraints] #relevant_constraints=39'477 #num_inclusions=25'000 
  5.69e-03s  0.00e+00d  [DetectDifferentVariables] #different=87 #cliques=1 #size=11 
  2.29e-02s  2.09e-03d  [ProcessSetPPC] #relevant_constraints=38'323 
  6.29e-04s  0.00e+00d  [FindAlmostIdenticalLinearConstraints] 
  7.45e-03s  1.09e-02d  [FindBigAtMostOneAndLinearOverlap] 
  3.98e-01s  2.36e-01d  [FindBigVerticalLinearOverlap] #blocks=493 #saved_nz=247'445 
  1.02e-02s  4.32e-03d  [FindBigHorizontalLinearOverlap] #linears=37'674 
  3.37e-04s  0.00e+00d  [MergeClauses] 
  6.40e-02s  0.00e+00d  [DetectDominanceRelations] 
  5.32e-01s  0.00e+00d  [PresolveToFixPoint] #num_loops=3 #num_dual_strengthening=1 
  6.38e-02s  0.00e+00d  [DetectDominanceRelations] 
  3.18e-01s  0.00e+00d  [PresolveToFixPoint] #num_loops=1 #num_dual_strengthening=1 
[Symmetry] Graph for symmetry has 44'387 nodes and 912'523 arcs.
[Symmetry] Symmetry computation done. time: 0.0218008 dtime: 0.0458207
  4.07e-01s  9.46e-02d  [Probe] #probed=1'398 #new_bounds=340 
  3.33e-04s  0.00e+00d  [MaxClique] 
  6.35e-02s  0.00e+00d  [DetectDominanceRelations] 
  4.91e-01s  0.00e+00d  [PresolveToFixPoint] #num_loops=2 #num_dual_strengthening=1 
  2.29e-01s  0.00e+00d  [ProcessAtMostOneAndLinear] 
  5.02e-02s  0.00e+00d  [DetectDuplicateConstraints] #without_enforcements=110 
  8.94e-02s  7.83e-03d  [DetectDominatedLinearConstraints] #relevant_constraints=39'542 #num_inclusions=4'412 
  5.19e-03s  0.00e+00d  [DetectDifferentVariables] 
  2.09e-02s  1.58e-03d  [ProcessSetPPC] #relevant_constraints=37'695 
  6.76e-04s  3.81e-06d  [FindAlmostIdenticalLinearConstraints] #num_tested_pairs=229 
  4.15e-03s  4.34e-03d  [FindBigAtMostOneAndLinearOverlap] 
  3.55e-01s  1.67e-01d  [FindBigVerticalLinearOverlap] #blocks=2'649 #saved_nz=264'503 
  9.67e-03s  2.90e-03d  [FindBigHorizontalLinearOverlap] #linears=34'976 
  3.57e-04s  0.00e+00d  [MergeClauses] 
  4.77e-02s  0.00e+00d  [DetectDominanceRelations] 
  5.44e-01s  0.00e+00d  [PresolveToFixPoint] #num_loops=3 #num_dual_strengthening=1 
  4.75e-02s  0.00e+00d  [DetectDominanceRelations] 
  3.40e-01s  0.00e+00d  [PresolveToFixPoint] #num_loops=1 #num_dual_strengthening=1 
[Symmetry] Graph for symmetry has 51'459 nodes and 650'052 arcs.
[Symmetry] Symmetry computation done. time: 0.0169519 dtime: 0.0324497
  3.79e-01s  7.70e-02d  [Probe] #probed=1'398 #new_bounds=1'562 
  3.57e-04s  0.00e+00d  [MaxClique] 
  4.78e-02s  0.00e+00d  [DetectDominanceRelations] 
  5.17e-01s  0.00e+00d  [PresolveToFixPoint] #num_loops=2 #num_dual_strengthening=1 
  2.21e-01s  0.00e+00d  [ProcessAtMostOneAndLinear] 
  4.55e-02s  0.00e+00d  [DetectDuplicateConstraints] #without_enforcements=110 
  5.99e-02s  4.20e-03d  [DetectDominatedLinearConstraints] #relevant_constraints=41'569 #num_inclusions=1'291 
  5.31e-03s  0.00e+00d  [DetectDifferentVariables] 
  1.59e-02s  1.02e-03d  [ProcessSetPPC] #relevant_constraints=35'102 
  1.39e-03s  1.44e-04d  [FindAlmostIdenticalLinearConstraints] #num_tested_pairs=8'809 
  3.54e-03s  2.87e-03d  [FindBigAtMostOneAndLinearOverlap] 
  1.85e-01s  8.68e-02d  [FindBigVerticalLinearOverlap] #blocks=1'832 #saved_nz=164'022 
  8.13e-03s  1.95e-03d  [FindBigHorizontalLinearOverlap] #linears=29'798 
  3.72e-04s  0.00e+00d  [MergeClauses] 
  3.77e-02s  0.00e+00d  [DetectDominanceRelations] 
  5.29e-01s  0.00e+00d  [PresolveToFixPoint] #num_loops=3 #num_dual_strengthening=1 
  3.16e-03s  0.00e+00d  [ExpandObjective] #entries=21'095 #tight_variables=7'638 #tight_constraints=4'080 

Presolve summary:
  - 322 affine relations were detected.
  - rule 'TODO dual: only one blocking constraint?' was applied 2'700 times.
  - rule 'TODO dual: only one blocking enforced constraint?' was applied 234 times.
  - rule 'TODO dual: only one unspecified blocking constraint?' was applied 146 times.
  - rule 'TODO duplicate: identical constraint with different enforcements' was applied 330 times.
  - rule 'TODO linear inclusion: superset is equality' was applied 2 times.
  - rule 'TODO linear2: contains a Boolean.' was applied 72 times.
  - rule 'affine: new relation' was applied 322 times.
  - rule 'at_most_one: removed literals' was applied 8 times.
  - rule 'at_most_one: size one' was applied 8 times.
  - rule 'deductions: 3001 stored' was applied 1 time.
  - rule 'dual: fix variable' was applied 48 times.
  - rule 'dual: reduced domain' was applied 112 times.
  - rule 'duplicate: merged rhs of linear constraint' was applied 255 times.
  - rule 'duplicate: removed constraint' was applied 1'327 times.
  - rule 'enforcement: false literal' was applied 8 times.
  - rule 'exactly_one: x and not(x)' was applied 1 time.
  - rule 'incompatible linear: add implication' was applied 165 times.
  - rule 'linear matrix: common vertical rectangle' was applied 4'974 times.
  - rule 'linear: always true' was applied 2'169 times.
  - rule 'linear: doubleton free' was applied 25 times.
  - rule 'linear: empty' was applied 58 times.
  - rule 'linear: extracted enforcement literal' was applied 41'463 times.
  - rule 'linear: fixed or dup variables' was applied 41'476 times.
  - rule 'linear: positive equal one' was applied 12 times.
  - rule 'linear: reduced variable domains' was applied 4'215 times.
  - rule 'linear: reduced variable domains in derived constraint' was applied 2 times.
  - rule 'linear: remapped using affine relations' was applied 41'942 times.
  - rule 'linear: simplified rhs' was applied 139'610 times.
  - rule 'linear: tightened into equality' was applied 7 times.
  - rule 'linear: variable substitution 1' was applied 25 times.
  - rule 'linear: variable substitution 2' was applied 484 times.
  - rule 'linear: variable substitution 3' was applied 360 times.
  - rule 'no_overlap: inferred from x != y constraints' was applied 1 time.
  - rule 'presolve: 172 unused variables removed.' was applied 1 time.
  - rule 'presolve: iteration' was applied 3 times.
  - rule 'probing: reduced enforced constraint to implication.' was applied 8 times.
  - rule 'symmetry: fixed to false in general orbit' was applied 1 time.

Presolved optimization model '': (model_fingerprint: 0xc8a27a8bdb69aff8)
#Variables: 4'613 (#ints: 17 in objective)
  - 359 Booleans in [0,1]
  - 3'123 different domains in [-31322,38102] with a largest complexity of 29.
#kExactlyOne: 11 (#literals: 33)
#kInterval: 11
#kLinear2: 1'857 (#enforced: 1'748 #multi: 899)
#kLinear3: 5'811 (#enforced: 2'786 #multi: 46)
#kLinearN: 36'773 (#enforced: 35'010) (#terms: 419'621)
#kNoOverlap: 1 (#intervals: 11)

Preloading model.
#Bound   8.49s best:inf   next:[146,20499] initial_domain
[Symmetry] Graph for symmetry has 54'662 nodes and 487'175 arcs.
[Symmetry] Symmetry computation done. time: 0.0137318 dtime: 0.0247305
#Model   8.58s var:4613/4613 constraints:44464/44464

Starting search at 8.61s with 32 workers.
17 full problem subsolvers: [core, default_lp, fixed, lb_tree_search, max_lp, no_lp, objective_lb_search, objective_lb_search_max_lp, objective_lb_search_no_lp, objective_shaving_search_max_lp, objective_shaving_search_no_lp, probing, probing_max_lp, pseudo_costs, quick_restart, quick_restart_no_lp, reduced_costs]
13 first solution subsolvers: [fj_long_default, fj_long_lin_default, fj_long_random, fj_short_default, fj_short_lin_default, fj_short_lin_random, fj_short_random, fs_random(2), fs_random_no_lp, fs_random_quick_restart(2), fs_random_quick_restart_no_lp]
13 incomplete subsolvers: [feasibility_pump, graph_arc_lns, graph_cst_lns, graph_dec_lns, graph_var_lns, rins/rens, rnd_cst_lns, rnd_var_lns, scheduling_intervals_lns, scheduling_precedences_lns, scheduling_time_window_lns, violation_ls(2)]
3 helper subsolvers: [neighborhood_helper, synchronization_agent, update_gap_integral]
#Bound   9.77s best:inf   next:[147,20499] objective_shaving_search_max_lp (vars=4613 csts=44474)
#Bound   9.84s best:inf   next:[439,20499] no_lp (initial_propagation)
#Bound  10.62s best:inf   next:[456,20499] objective_lb_search_no_lp
#1      10.89s best:8950  next:[456,8949] fs_random_quick_restart_no_lp (fixed_bools=0/420)
#Bound  11.13s best:8950  next:[467,8949] objective_lb_search
#Bound  11.47s best:8950  next:[471,8949] objective_lb_search
#Bound  11.53s best:8950  next:[620,8949] objective_lb_search_no_lp
#2      11.59s best:8949  next:[620,8948] violation_ls(batch:4 #solutions_imported:1 #lin_moves:0 #lin_evals:67'727 #gen_moves:25'107 #gen_evals:2'153 #comp_moves:8'499 #backtracks:8'302 #weight_updates:162)
#Bound  11.65s best:8949  next:[1126,8948] objective_lb_search_max_lp
#3      11.82s best:8948  next:[1126,8947] rins_lp_lns (d=0.81 s=115 t=0.10 p=1.00 stall=2 h=auto_l0) [presolve]
#Bound  11.83s best:8948  next:[1127,8947] objective_lb_search_max_lp
#4      11.93s best:8947  next:[1127,8946] violation_ls(batch:5 #solutions_imported:2 #lin_moves:0 #lin_evals:72'909 #gen_moves:27'353 #gen_evals:2'430 #comp_moves:8'737 #backtracks:9'306 #weight_updates:200)
#5      11.96s best:8946  next:[1127,8945] violation_ls(batch:5 #solutions_imported:2 #lin_moves:42'688 #lin_evals:185'701 #weight_updates:473)
#Bound  12.29s best:8946  next:[1129,8945] reduced_costs
#6      12.33s best:8944  next:[1129,8943] rnd_cst_lns (d=0.91 s=124 t=0.10 p=1.00 stall=4 h=auto_l0) [hint]
#7      12.55s best:8205  next:[1129,8204] no_lp (fixed_bools=0/476)
#8      13.22s best:8047  next:[1129,8046] no_lp (fixed_bools=0/502)
#9      13.73s best:7641  next:[1129,7640] quick_restart_no_lp (fixed_bools=0/489)
#10     14.03s best:7463  next:[1129,7462] quick_restart_no_lp (fixed_bools=0/501)
#Bound  14.10s best:7463  next:[1132,7462] max_lp
#Bound  15.09s best:7463  next:[1133,7462] probing_max_lp
#Bound  16.18s best:7463  next:[1136,7462] probing_max_lp
#Bound  16.45s best:7463  next:[1138,7462] max_lp
#Bound  16.82s best:7463  next:[1139,7462] lb_tree_search
#11     17.09s best:7459  next:[1139,7458] quick_restart (fixed_bools=0/437)
#12     17.17s best:7262  next:[1139,7261] rins_lp_lns (d=0.91 s=165 t=0.10 p=1.00 stall=1 h=auto_l0)
#Bound  17.41s best:7262  next:[1142,7261] probing_max_lp
#Bound  18.10s best:7262  next:[1146,7261] lb_tree_search
#Bound  18.73s best:7262  next:[1150,7261] max_lp
#13     19.86s best:6971  next:[1150,6970] rins_lp_lns (d=0.94 s=180 t=0.10 p=1.00 stall=0 h=auto_l0)
#Bound  20.44s best:6971  next:[1156,6970] max_lp
#Bound  20.99s best:6971  next:[1158,6970] max_lp
#Bound  22.44s best:6971  next:[1165,6970] max_lp
#14     23.87s best:6967  next:[1165,6966] graph_arc_lns (d=0.98 s=200 t=0.10 p=1.00 stall=9 h=auto_l0)
#15     25.92s best:6959  next:[1165,6958] quick_restart_no_lp (fixed_bools=0/568)
#16     26.27s best:6914  next:[1165,6913] quick_restart_no_lp (fixed_bools=0/576)
#Bound  26.33s best:6914  next:[1167,6913] max_lp
#17     27.78s best:6913  next:[1167,6912] violation_ls(batch:13 #solutions_imported:8 #lin_moves:46'733 #lin_evals:292'873 #gen_moves:43'965 #gen_evals:3'844 #comp_moves:11'875 #backtracks:16'038 #weight_updates:3'633)
#18     27.79s best:6912  next:[1167,6911] violation_ls(batch:13 #solutions_imported:7 #lin_moves:69'374 #lin_evals:365'016 #gen_moves:28'748 #gen_evals:3'098 #comp_moves:6'747 #backtracks:10'996 #weight_updates:4'015)
#19     27.81s best:6867  next:[1167,6866] rins_lp_lns (d=0.90 s=234 t=0.10 p=0.67 stall=0 h=auto_l0)
#Bound  28.41s best:6867  next:[1172,6866] max_lp
#20     30.39s best:6823  next:[1172,6822] rins_pump_lns (d=0.92 s=248 t=0.10 p=0.70 stall=0 h=auto_l0)
#21     32.55s best:6802  next:[1172,6801] graph_var_lns (d=0.99 s=253 t=0.10 p=1.00 stall=0 h=auto_l0)
#22     34.15s best:6786  next:[1172,6785] rins_pump_lns (d=0.94 s=260 t=0.10 p=0.73 stall=0 h=auto_l0)
#23     38.94s best:6693  next:[1172,6692] rins_lp_lns (d=0.94 s=284 t=0.10 p=0.69 stall=0 h=auto_l0)
#Bound  39.76s best:6693  next:[1173,6692] objective_shaving_search_max_lp (vars=5601 csts=45182)
#Bound  40.79s best:6693  next:[1177,6692] objective_lb_search_max_lp
#24     41.83s best:6681  next:[1177,6680] graph_var_lns (d=0.99 s=289 t=0.10 p=0.93 stall=1 h=auto_l0)
#25     42.65s best:6656  next:[1177,6655] quick_restart_no_lp (fixed_bools=0/853)
#26     43.85s best:6631  next:[1177,6630] quick_restart_no_lp (fixed_bools=0/865)
#27     46.00s best:6587  next:[1177,6586] rnd_cst_lns (d=0.99 s=304 t=0.10 p=0.94 stall=0 h=auto_l0)
#28     47.36s best:6581  next:[1177,6580] graph_dec_lns (d=1.00 s=308 t=0.10 p=1.00 stall=4 h=auto_l0)
#29     50.43s best:6520  next:[1177,6519] graph_cst_lns (d=1.00 s=319 t=0.10 p=0.94 stall=0 h=auto_l0)
#30     52.61s best:6518  next:[1177,6517] violation_ls(batch:21 #solutions_imported:15 #lin_moves:75'718 #lin_evals:473'687 #gen_moves:76'590 #gen_evals:7'450 #comp_moves:15'227 #backtracks:30'669 #weight_updates:5'020)
#31     52.62s best:6516  next:[1177,6515] violation_ls(batch:21 #solutions_imported:14 #lin_moves:97'943 #lin_evals:549'502 #gen_moves:60'503 #gen_evals:6'432 #comp_moves:11'487 #backtracks:24'500 #weight_updates:5'787)
#Bound  53.22s best:6516  next:[1178,6515] objective_shaving_search_max_lp (vars=5601 csts=45182)
#32     55.60s best:6515  next:[1178,6514] rnd_var_lns (d=1.00 s=339 t=0.10 p=0.89 stall=1 h=auto_l0)
#33     55.77s best:6346  next:[1178,6345] rnd_cst_lns (d=1.00 s=340 t=0.10 p=0.89 stall=1 h=auto_l0)
#34     55.84s best:6345  next:[1178,6344] violation_ls(batch:22 #solutions_imported:15 #lin_moves:97'943 #lin_evals:552'400 #gen_moves:61'907 #gen_evals:6'500 #comp_moves:11'641 #backtracks:25'125 #weight_updates:5'814)
#35     57.86s best:6344  next:[1178,6343] quick_restart_no_lp (fixed_bools=0/958)
#36     58.70s best:6291  next:[1178,6290] graph_arc_lns (d=0.99 s=356 t=0.10 p=0.85 stall=0 h=auto_l0)
#37     59.21s best:6290  next:[1178,6289] violation_ls(batch:23 #solutions_imported:17 #lin_moves:75'718 #lin_evals:512'396 #gen_moves:91'963 #gen_evals:8'888 #comp_moves:17'686 #backtracks:37'125 #weight_updates:5'188)
#38     59.23s best:6289  next:[1178,6288] violation_ls(batch:23 #solutions_imported:16 #lin_moves:99'300 #lin_evals:557'352 #gen_moves:61'907 #gen_evals:6'500 #comp_moves:11'641 #backtracks:25'125 #weight_updates:5'927)
#39     60.06s best:5876  next:[1178,5875] rins_lp_lns (d=0.94 s=362 t=0.10 p=0.63 stall=0 h=auto_l0)
#40     62.10s best:5852  next:[1178,5851] graph_var_lns (d=0.99 s=367 t=0.10 p=0.81 stall=0 h=auto_l0)
#41     63.13s best:5848  next:[1178,5847] quick_restart_no_lp (fixed_bools=0/1052)
#42     64.14s best:5702  next:[1178,5701] graph_dec_lns (d=1.00 s=370 t=0.10 p=0.86 stall=0 h=auto_l0)
#Bound  64.32s best:5702  next:[1179,5701] objective_shaving_search_max_lp (vars=5601 csts=45182)
#43     65.81s best:5391  next:[1179,5390] rins_lp_lns (d=0.91 s=388 t=0.10 p=0.57 stall=1 h=auto_l0)
#44     68.83s best:5364  next:[1179,5363] graph_var_lns (d=0.99 s=393 t=0.10 p=0.78 stall=0 h=auto_l0)
#45     70.59s best:5361  next:[1179,5360] quick_restart_no_lp (fixed_bools=0/1219)
#46     70.95s best:5358  next:[1179,5357] quick_restart_no_lp (fixed_bools=0/1225)
#47     72.86s best:5357  next:[1179,5356] violation_ls(batch:27 #solutions_imported:21 #lin_moves:94'104 #lin_evals:597'259 #gen_moves:99'454 #gen_evals:9'832 #comp_moves:18'900 #backtracks:40'263 #weight_updates:6'870)
#48     72.87s best:5356  next:[1179,5355] violation_ls(batch:27 #solutions_imported:20 #lin_moves:107'392 #lin_evals:627'738 #gen_moves:77'177 #gen_evals:8'282 #comp_moves:13'797 #backtracks:31'680 #weight_updates:7'977)
#49     73.17s best:5342  next:[1179,5341] quick_restart (fixed_bools=0/726)
#50     74.16s best:5228  next:[1179,5227] rnd_cst_lns (d=1.00 s=404 t=0.10 p=0.80 stall=1 h=auto_l0)
#51     74.51s best:5211  next:[1179,5210] quick_restart_no_lp (fixed_bools=0/1304)
#52     75.55s best:5210  next:[1179,5209] violation_ls(batch:28 #solutions_imported:22 #lin_moves:95'129 #lin_evals:600'901 #gen_moves:99'454 #gen_evals:9'832 #comp_moves:18'900 #backtracks:40'263 #weight_updates:7'020)
#53     75.56s best:5209  next:[1179,5208] violation_ls(batch:28 #solutions_imported:21 #lin_moves:107'413 #lin_evals:627'835 #gen_moves:77'177 #gen_evals:8'282 #comp_moves:13'797 #backtracks:31'680 #weight_updates:7'987)
#Bound  77.68s best:5209  next:[1180,5208] objective_shaving_search_max_lp (vars=5601 csts=45182)
#54     78.12s best:5164  next:[1180,5163] rnd_var_lns (d=0.99 s=427 t=0.10 p=0.77 stall=0 h=auto_l0)
#55     82.30s best:4984  next:[1180,4983] rins_lp_lns (d=0.93 s=450 t=0.10 p=0.58 stall=1 h=auto_l0)
#56     85.94s best:4938  next:[1180,4937] rnd_cst_lns (d=0.99 s=454 t=0.10 p=0.75 stall=0 h=auto_l0)
#Bound  90.56s best:4938  next:[1181,4937] objective_shaving_search_max_lp (vars=5602 csts=45183)
#Bound  90.78s best:4938  next:[1206,4937] objective_lb_search_max_lp
#57     91.95s best:4917  next:[1206,4916] graph_cst_lns (d=0.99 s=469 t=0.10 p=0.75 stall=0 h=auto_l0)
#58     98.15s best:4785  next:[1206,4784] rins_lp_lns (d=0.93 s=501 t=0.10 p=0.57 stall=1 h=auto_l0)
#59     99.88s best:4783  next:[1206,4782] rins_lp_lns (d=0.91 s=513 t=0.10 p=0.55 stall=0 h=auto_l0)
#60    104.91s best:4767  next:[1206,4766] rins_lp_lns (d=0.93 s=525 t=0.10 p=0.56 stall=0 h=auto_l0)
#61    109.69s best:4763  next:[1206,4762] graph_dec_lns (d=1.00 s=533 t=0.10 p=0.71 stall=0 h=auto_l0)
#Bound 111.37s best:4763  next:[1208,4762] objective_lb_search_max_lp
#62    112.22s best:4738  next:[1208,4737] quick_restart (fixed_bools=0/865)
#63    112.97s best:4720  next:[1208,4719] quick_restart_no_lp (fixed_bools=0/1647)
#64    114.57s best:4719  next:[1208,4718] violation_ls(batch:39 #solutions_imported:30 #lin_moves:150'990 #lin_evals:959'342 #gen_moves:136'543 #gen_evals:12'058 #comp_moves:22'752 #backtracks:56'868 #weight_updates:11'545)
#65    114.58s best:4718  next:[1208,4717] violation_ls(batch:39 #solutions_imported:29 #lin_moves:136'863 #lin_evals:892'156 #gen_moves:137'381 #gen_evals:12'448 #comp_moves:19'795 #backtracks:58'774 #weight_updates:9'073)
#66    118.81s best:4563  next:[1208,4562] rins_lp_lns (d=0.93 s=575 t=0.10 p=0.56 stall=1 h=auto_l0)
#67    122.78s best:4464  next:[1208,4463] graph_cst_lns (d=1.00 s=582 t=0.10 p=0.71 stall=0 h=auto_l0)
#68    129.00s best:4428  next:[1208,4427] rins_lp_lns (d=0.94 s=613 t=0.10 p=0.56 stall=0 h=auto_l0)
#69    132.39s best:4396  next:[1208,4395] graph_cst_lns (d=1.00 s=620 t=0.10 p=0.70 stall=0 h=auto_l0)
#70    134.42s best:4384  next:[1208,4383] quick_restart_no_lp (fixed_bools=0/1922)
#Bound 134.99s best:4384  next:[1211,4383] objective_lb_search_max_lp
#71    135.82s best:4383  next:[1211,4382] violation_ls(batch:45 #solutions_imported:34 #lin_moves:179'463 #lin_evals:1'129'113 #gen_moves:155'707 #gen_evals:12'826 #comp_moves:25'060 #backtracks:65'296 #weight_updates:13'426)
#72    135.87s best:4382  next:[1211,4381] violation_ls(batch:45 #solutions_imported:33 #lin_moves:145'447 #lin_evals:1'011'447 #gen_moves:173'211 #gen_evals:14'143 #comp_moves:24'738 #backtracks:74'213 #weight_updates:10'761)
#73    138.74s best:4372  next:[1211,4371] rnd_var_lns (d=1.00 s=642 t=0.10 p=0.67 stall=0 h=auto_l0)
#74    141.06s best:4348  next:[1211,4347] graph_dec_lns (d=1.00 s=647 t=0.10 p=0.67 stall=3 h=auto_l0)
#75    143.35s best:4344  next:[1211,4343] rins_lp_lns (d=0.93 s=663 t=0.10 p=0.55 stall=1 h=auto_l0)
#76    146.69s best:4336  next:[1211,4335] quick_restart_no_lp (fixed_bools=0/2005)
#Bound 168.14s best:4336  next:[1212,4335] objective_shaving_search_max_lp (vars=5602 csts=45183)
#77    172.89s best:4335  next:[1212,4334] rnd_cst_lns (d=1.00 s=751 t=0.10 p=0.65 stall=1 h=auto_l0)
#78    175.21s best:4329  next:[1212,4328] graph_arc_lns (d=0.99 s=767 t=0.10 p=0.62 stall=0 h=auto_l0)
#79    180.00s best:4328  next:[1212,4327] quick_restart_no_lp (fixed_bools=0/2089)
#80    182.76s best:4327  next:[1212,4326] violation_ls(batch:58 #solutions_imported:39 #lin_moves:179'490 #lin_evals:1'368'161 #gen_moves:241'145 #gen_evals:18'998 #comp_moves:34'277 #backtracks:103'393 #weight_updates:13'936)
#81    182.78s best:4326  next:[1212,4325] violation_ls(batch:58 #solutions_imported:38 #lin_moves:217'557 #lin_evals:1'337'925 #gen_moves:197'096 #gen_evals:14'880 #comp_moves:25'423 #backtracks:85'809 #weight_updates:38'821)
#82    184.09s best:4316  next:[1212,4315] rnd_var_lns (d=1.00 s=788 t=0.10 p=0.64 stall=0 h=auto_l0)
#83    186.25s best:4315  next:[1212,4314] violation_ls(batch:59 #solutions_imported:39 #lin_moves:217'557 #lin_evals:1'354'848 #gen_moves:205'108 #gen_evals:15'026 #comp_moves:25'847 #backtracks:89'603 #weight_updates:38'905)
#84    186.27s best:4306  next:[1212,4305] rnd_var_lns (d=1.00 s=800 t=0.10 p=0.62 stall=0 h=auto_l0)
#85    188.66s best:4287  next:[1212,4286] rins_lp_lns (d=0.92 s=821 t=0.10 p=0.53 stall=1 h=auto_l0)
#Bound 195.41s best:4287  next:[1213,4286] objective_shaving_search_max_lp (vars=5602 csts=45183)
#Bound 196.10s best:4287  next:[1332,4286] objective_lb_search_max_lp
#Bound 262.68s best:4287  next:[1344,4286] objective_lb_search_max_lp
#Bound 413.21s best:4287  next:[1348,4286] objective_lb_search_max_lp
#86    760.38s best:4282  next:[1348,4281] graph_dec_lns (d=1.00 s=2713 t=0.10 p=0.54 stall=7 h=auto_l0)
#Bound 780.04s best:4282  next:[1350,4281] objective_lb_search_max_lp
#87    995.27s best:4228  next:[1350,4227] graph_arc_lns (d=1.00 s=3527 t=0.10 p=0.53 stall=2 h=auto_l0)
#Bound 996.13s best:4228  next:[1351,4227] objective_lb_search_max_lp
#Bound 1050.13s best:4228  next:[1353,4227] objective_lb_search_max_lp
#Bound 1230.87s best:4228  next:[1354,4227] objective_lb_search_max_lp
#Bound 1238.38s best:4228  next:[1355,4227] objective_lb_search_max_lp
#Bound 1261.07s best:4228  next:[1356,4227] objective_lb_search_max_lp
#Bound 1338.93s best:4228  next:[1359,4227] objective_lb_search_max_lp
#Bound 1369.21s best:4228  next:[1361,4227] objective_lb_search_max_lp
#Bound 1457.38s best:4228  next:[1370,4227] objective_lb_search_max_lp
#Bound 1661.90s best:4228  next:[1374,4227] objective_lb_search_max_lp
#Bound 1837.82s best:4228  next:[1375,4227] objective_lb_search_max_lp
#Bound 2353.39s best:4228  next:[1379,4227] objective_lb_search_max_lp
#88    2702.80s best:4207  next:[1379,4206] rnd_var_lns (d=1.00 s=9434 t=0.10 p=0.51 stall=4 h=auto_l0)
#89    2705.86s best:4206  next:[1379,4205] quick_restart_no_lp (fixed_bools=0/5315)
#90    2705.95s best:4205  next:[1379,4204] violation_ls(batch:759 #solutions_imported:44 #perturbations:5 #lin_moves:3'524'763 #lin_evals:19'371'895 #gen_moves:1'580'566 #gen_evals:335'930 #comp_moves:69'340 #backtracks:755'512 #weight_updates:333'788)
#91    2706.02s best:4204  next:[1379,4203] violation_ls(batch:759 #solutions_imported:43 #perturbations:5 #lin_moves:1'437'179 #lin_evals:16'683'380 #gen_moves:4'908'606 #gen_evals:209'832 #comp_moves:160'675 #backtracks:2'373'879 #weight_updates:1'173'362)
#92    2707.58s best:4199  next:[1379,4198] rins_lp_lns (d=0.94 s=9456 t=0.10 p=0.50 stall=5 h=auto_l0)
#Bound 2718.58s best:4199  next:[1383,4198] objective_lb_search_max_lp
#Bound 2842.26s best:4199  next:[1384,4198] objective_lb_search_max_lp
#Bound 3253.40s best:4199  next:[1386,4198] objective_lb_search_max_lp
#Bound 3694.19s best:4199  next:[1401,4198] objective_lb_search_max_lp
#Bound 4131.42s best:4199  next:[1403,4198] objective_lb_search_max_lp
#Bound 4263.86s best:4199  next:[1405,4198] objective_lb_search_max_lp
#Bound 4365.45s best:4199  next:[1409,4198] objective_lb_search_max_lp
#Bound 4945.03s best:4199  next:[1413,4198] objective_lb_search_max_lp
#Bound 5067.53s best:4199  next:[1416,4198] objective_lb_search_max_lp
#Bound 6038.55s best:4199  next:[1417,4198] objective_lb_search_max_lp
#Bound 6421.11s best:4199  next:[1418,4198] objective_lb_search_max_lp
#Bound 7455.49s best:4199  next:[1420,4198] objective_lb_search_max_lp
#93    7535.26s best:4197  next:[1420,4196] graph_dec_lns (d=1.00 s=26219 t=0.10 p=0.50 stall=0 h=auto_l0)
#94    7536.48s best:4191  next:[1420,4190] rins_pump_lns (d=0.93 s=26235 t=0.10 p=0.50 stall=0 h=auto_l0)
#95    7594.35s best:4158  next:[1420,4157] rnd_var_lns (d=1.00 s=26435 t=0.10 p=0.50 stall=3 h=auto_l0)
#96    7613.17s best:4132  next:[1420,4131] rnd_cst_lns (d=1.00 s=26497 t=0.10 p=0.50 stall=0 h=auto_l0)
#Bound 7696.21s best:4132  next:[1421,4131] objective_lb_search_max_lp
#Bound 7919.33s best:4132  next:[1423,4131] objective_lb_search_max_lp
#Bound 8345.69s best:4132  next:[1425,4131] objective_lb_search_max_lp
#Bound 9036.79s best:4132  next:[1426,4131] objective_lb_search_max_lp
#Bound 9139.95s best:4132  next:[1427,4131] objective_lb_search_max_lp
#Bound 9311.86s best:4132  next:[1428,4131] objective_lb_search_max_lp
#Bound 9749.47s best:4132  next:[1429,4131] objective_lb_search_max_lp
#Bound 10367.15s best:4132  next:[1430,4131] objective_lb_search_max_lp
#Bound 10414.94s best:4132  next:[1432,4131] objective_lb_search_max_lp
#Bound 10536.95s best:4132  next:[1436,4131] objective_lb_search_max_lp
#97    11116.19s best:4108  next:[1436,4107] rnd_var_lns (d=1.00 s=38669 t=0.10 p=0.50 stall=0 h=auto_l0)
#98    11624.89s best:4107  next:[1436,4106] quick_restart (fixed_bools=20/6999)
#99    11670.85s best:4084  next:[1436,4083] graph_var_lns (d=1.00 s=40619 t=0.10 p=0.50 stall=0 h=auto_l0)
#100   11678.28s best:4073  next:[1436,4072] rnd_var_lns (d=1.00 s=40642 t=0.10 p=0.50 stall=0 h=auto_l0)
#101   11683.03s best:4070  next:[1436,4069] graph_cst_lns (d=1.00 s=40658 t=0.10 p=0.50 stall=0 h=auto_l0)
#102   11684.37s best:4067  next:[1436,4066] quick_restart_no_lp (fixed_bools=24/10593)
#103   11684.88s best:4066  next:[1436,4065] violation_ls(batch:3291 #solutions_imported:54 #perturbations:28 #lin_moves:15'645'300 #lin_evals:102'999'219 #gen_moves:3'816'018 #gen_evals:1'634'569 #comp_moves:144'981 #backtracks:1'835'202 #weight_updates:1'429'299)
#104   11684.89s best:4065  next:[1436,4064] violation_ls(batch:3291 #solutions_imported:53 #perturbations:28 #lin_moves:15'062'498 #lin_evals:111'746'922 #gen_moves:6'329'451 #gen_evals:1'333'630 #comp_moves:286'705 #backtracks:3'020'882 #weight_updates:1'318'931)
#105   11685.65s best:4064  next:[1436,4063] quick_restart_no_lp (fixed_bools=24/10596)
#Bound 11812.42s best:4064  next:[1438,4063] objective_lb_search_max_lp
#Bound 12868.63s best:4064  next:[1439,4063] objective_lb_search_max_lp
#Bound 13375.30s best:4064  next:[1440,4063] objective_lb_search_max_lp
#Bound 13675.95s best:4064  next:[1447,4063] objective_lb_search_max_lp
#Bound 15578.83s best:4064  next:[1448,4063] bool_core (num_cores=361 [size:1 mw:1] a=1 d=8 fixed=964/18894 clauses=2'606'844)
#Bound 15630.30s best:4064  next:[1449,4063] bool_core (num_cores=362 [size:1 mw:1] a=1 d=8 fixed=965/18927 clauses=2'615'979)
#Bound 15686.25s best:4064  next:[1450,4063] bool_core (num_cores=363 [size:1 mw:1] a=1 d=8 fixed=966/18960 clauses=2'625'400)
#Bound 15711.77s best:4064  next:[1451,4063] bool_core (num_cores=364 [size:1 mw:1] a=1 d=8 fixed=967/18993 clauses=2'631'524)
#Bound 15736.21s best:4064  next:[1452,4063] bool_core (num_cores=365 [size:1 mw:1] a=1 d=8 fixed=968/19026 clauses=2'640'250)
#Bound 15842.45s best:4064  next:[1453,4063] bool_core (num_cores=366 [size:1 mw:1] a=1 d=8 fixed=969/19059 clauses=2'652'864)
#Bound 15933.60s best:4064  next:[1454,4063] bool_core (num_cores=367 [size:1 mw:1] a=1 d=8 fixed=970/19092 clauses=2'661'062)
#Bound 15964.90s best:4064  next:[1455,4063] bool_core (num_cores=368 [size:1 mw:1] a=1 d=8 fixed=971/19125 clauses=2'666'489)
#Bound 15993.99s best:4064  next:[1456,4063] bool_core (num_cores=369 [size:1 mw:1] a=1 d=8 fixed=972/19158 clauses=2'675'138)
#Bound 16025.03s best:4064  next:[1457,4063] bool_core (num_cores=370 [size:1 mw:1] a=1 d=8 fixed=973/19191 clauses=2'684'053)
#Bound 16057.19s best:4064  next:[1458,4063] bool_core (num_cores=371 [size:1 mw:1] a=1 d=8 fixed=974/19224 clauses=2'692'908)
#Bound 16092.21s best:4064  next:[1459,4063] bool_core (num_cores=372 [size:1 mw:1] a=1 d=8 fixed=975/19257 clauses=2'701'867)
#Bound 16166.75s best:4064  next:[1460,4063] bool_core (num_cores=373 [size:1 mw:1] a=1 d=8 fixed=976/19290 clauses=2'711'814)
#Bound 16288.70s best:4064  next:[1461,4063] bool_core (num_cores=374 [size:1 mw:1] a=1 d=8 fixed=977/19323 clauses=2'721'483)
#Bound 16321.91s best:4064  next:[1462,4063] bool_core (num_cores=375 [size:1 mw:1] a=1 d=8 fixed=978/19356 clauses=2'727'621)
#Bound 16357.91s best:4064  next:[1463,4063] bool_core (num_cores=376 [size:1 mw:1] a=1 d=8 fixed=979/19389 clauses=2'736'588)
#Bound 16394.78s best:4064  next:[1464,4063] bool_core (num_cores=377 [size:1 mw:1] a=1 d=8 fixed=980/19422 clauses=2'745'612)
#Bound 16436.16s best:4064  next:[1465,4063] bool_core (num_cores=378 [size:1 mw:1] a=1 d=8 fixed=981/19455 clauses=2'754'488)
#Bound 16479.73s best:4064  next:[1466,4063] bool_core (num_cores=379 [size:1 mw:1] a=1 d=8 fixed=982/19488 clauses=2'763'652)
#Bound 16665.50s best:4064  next:[1467,4063] bool_core (num_cores=380 [size:1 mw:1] a=1 d=8 fixed=983/19521 clauses=2'778'481)
#Bound 17287.24s best:4064  next:[1468,4063] bool_core (num_cores=381 [size:1 mw:1] a=1 d=8 fixed=984/19555 clauses=2'789'274)
#Bound 18314.56s best:4064  next:[1469,4063] bool_core (num_cores=382 [size:1 mw:1] a=1 d=8 fixed=985/19597 clauses=2'835'631)
#Bound 19074.34s best:4064  next:[1470,4063] bool_core (num_cores=383 [size:1 mw:1] a=1 d=8 fixed=986/19638 clauses=2'818'072)
#Bound 19217.50s best:4064  next:[1471,4063] bool_core (num_cores=384 [size:1 mw:1] a=1 d=8 fixed=987/19671 clauses=2'813'027)
#Bound 19475.29s best:4064  next:[1472,4063] bool_core (num_cores=385 [size:1 mw:1] a=1 d=8 fixed=988/19706 clauses=2'825'150)
#Bound 20029.21s best:4064  next:[1473,4063] bool_core (num_cores=386 [size:1 mw:1] a=1 d=8 fixed=989/19747 clauses=2'839'260)
#Bound 20602.15s best:4064  next:[1474,4063] bool_core (num_cores=387 [size:1 mw:1] a=1 d=8 fixed=990/19783 clauses=2'850'348)
#Bound 20783.95s best:4064  next:[1475,4063] bool_core (num_cores=388 [size:1 mw:1] a=1 d=8 fixed=991/19816 clauses=2'851'000)
#Bound 20841.19s best:4064  next:[1476,4063] bool_core (num_cores=389 [size:1 mw:1] a=1 d=8 fixed=992/19849 clauses=2'856'938)
#Bound 21095.80s best:4064  next:[1477,4063] bool_core (num_cores=390 [size:1 mw:1] a=1 d=8 fixed=993/19883 clauses=2'872'296)
#Bound 21452.02s best:4064  next:[1478,4063] bool_core (num_cores=391 [size:1 mw:1] a=1 d=8 fixed=994/19917 clauses=2'880'314)
#Bound 21829.16s best:4064  next:[1479,4063] bool_core (num_cores=392 [size:1 mw:1] a=1 d=8 fixed=995/19950 clauses=2'895'839)
#Bound 22210.24s best:4064  next:[1480,4063] bool_core (num_cores=393 [size:1 mw:1] a=1 d=8 fixed=996/19984 clauses=2'901'150)
#Bound 22645.29s best:4064  next:[1481,4063] bool_core (num_cores=394 [size:1 mw:1] a=1 d=8 fixed=997/20018 clauses=2'908'961)
#Bound 23598.29s best:4064  next:[1482,4063] bool_core (num_cores=395 [size:1 mw:1] a=1 d=8 fixed=998/20062 clauses=2'928'533)
#Bound 24075.13s best:4064  next:[1483,4063] bool_core (num_cores=396 [size:1 mw:1] a=1 d=8 fixed=999/20096 clauses=2'933'284)
#Bound 24164.81s best:4064  next:[1484,4063] bool_core (num_cores=397 [size:1 mw:1] a=1 d=8 fixed=1000/20131 clauses=2'932'811)
#Bound 24214.91s best:4064  next:[1485,4063] bool_core (num_cores=398 [size:1 mw:1] a=1 d=8 fixed=1001/20164 clauses=2'941'063)
#Bound 24270.50s best:4064  next:[1486,4063] bool_core (num_cores=399 [size:1 mw:1] a=1 d=8 fixed=1002/20197 clauses=2'950'445)
#Bound 24455.44s best:4064  next:[1487,4063] bool_core (num_cores=400 [size:1 mw:1] a=1 d=8 fixed=1003/20230 clauses=2'962'879)
#Bound 24512.17s best:4064  next:[1488,4063] bool_core (num_cores=401 [size:1 mw:1] a=1 d=8 fixed=1004/20263 clauses=2'969'145)
#Bound 25016.08s best:4064  next:[1489,4063] bool_core (num_cores=402 [size:1 mw:1] a=1 d=8 fixed=1005/20301 clauses=2'994'362)
#Bound 25765.28s best:4064  next:[1490,4063] bool_core (num_cores=403 [size:1 mw:1] a=1 d=8 fixed=1006/20337 clauses=3'003'705)
#Bound 26272.10s best:4064  next:[1491,4063] bool_core (num_cores=404 [size:1 mw:1] a=1 d=8 fixed=1007/20372 clauses=3'006'957)
#Bound 26340.90s best:4064  next:[1492,4063] bool_core (num_cores=405 [size:1 mw:1] a=1 d=8 fixed=1008/20405 clauses=3'007'793)
#Bound 27317.58s best:4064  next:[1493,4063] bool_core (num_cores=406 [size:1 mw:1] a=1 d=8 fixed=1009/20448 clauses=3'037'147)
#Bound 28475.16s best:4064  next:[1494,4063] bool_core (num_cores=407 [size:1 mw:1] a=1 d=8 fixed=1010/20487 clauses=3'050'281)
#Bound 28539.68s best:4064  next:[1495,4063] bool_core (num_cores=408 [size:1 mw:1] a=1 d=8 fixed=1011/20520 clauses=3'036'756)
#Bound 28627.17s best:4064  next:[1496,4063] bool_core (num_cores=409 [size:1 mw:1] a=1 d=8 fixed=1012/20553 clauses=3'047'788)
#Bound 28686.07s best:4064  next:[1497,4063] bool_core (num_cores=410 [size:1 mw:1] a=1 d=8 fixed=1013/20586 clauses=3'055'928)
#Bound 29809.11s best:4064  next:[1498,4063] bool_core (num_cores=411 [size:1 mw:1] a=1 d=8 fixed=1014/20625 clauses=3'081'161)
#Bound 30175.05s best:4064  next:[1499,4063] bool_core (num_cores=412 [size:1 mw:1] a=1 d=8 fixed=1015/20659 clauses=3'080'825)
#Bound 30546.13s best:4064  next:[1500,4063] bool_core (num_cores=413 [size:1 mw:1] a=1 d=8 fixed=1016/20694 clauses=3'096'511)
#Bound 31698.59s best:4064  next:[1501,4063] bool_core (num_cores=414 [size:1 mw:1] a=1 d=8 fixed=1017/20737 clauses=3'113'632)
#Bound 31794.60s best:4064  next:[1502,4063] bool_core (num_cores=415 [size:1 mw:1] a=1 d=8 fixed=1018/20770 clauses=3'105'094)
#Bound 31879.42s best:4064  next:[1503,4063] bool_core (num_cores=416 [size:1 mw:1] a=1 d=8 fixed=1019/20803 clauses=3'115'762)
#Bound 31996.88s best:4064  next:[1504,4063] bool_core (num_cores=417 [size:1 mw:1] a=1 d=8 fixed=1020/20836 clauses=3'124'605)
#Bound 32074.23s best:4064  next:[1505,4063] bool_core (num_cores=418 [size:1 mw:1] a=1 d=8 fixed=1021/20869 clauses=3'134'264)
#Bound 32237.33s best:4064  next:[1506,4063] bool_core (num_cores=419 [size:1 mw:1] a=1 d=8 fixed=1022/20902 clauses=3'144'756)
#Bound 32593.80s best:4064  next:[1507,4063] bool_core (num_cores=420 [size:1 mw:1] a=1 d=8 fixed=1023/20935 clauses=3'161'692)
#Bound 32721.50s best:4064  next:[1508,4063] bool_core (num_cores=421 [size:1 mw:1] a=1 d=8 fixed=1024/20968 clauses=3'164'229)
#Bound 32816.18s best:4064  next:[1509,4063] bool_core (num_cores=422 [size:1 mw:1] a=1 d=8 fixed=1025/21001 clauses=3'173'012)
#Bound 32897.26s best:4064  next:[1510,4063] bool_core (num_cores=423 [size:1 mw:1] a=1 d=8 fixed=1026/21034 clauses=3'180'583)
#Bound 32981.71s best:4064  next:[1511,4063] bool_core (num_cores=424 [size:1 mw:1] a=1 d=8 fixed=1027/21067 clauses=3'191'799)
#Bound 33069.16s best:4064  next:[1512,4063] bool_core (num_cores=425 [size:1 mw:1] a=1 d=8 fixed=1028/21100 clauses=3'201'724)
#Bound 33156.51s best:4064  next:[1513,4063] bool_core (num_cores=426 [size:1 mw:1] a=1 d=8 fixed=1029/21133 clauses=3'210'577)
#Bound 33236.62s best:4064  next:[1514,4063] bool_core (num_cores=427 [size:1 mw:1] a=1 d=8 fixed=1030/21166 clauses=3'220'861)
#Bound 33671.77s best:4064  next:[1515,4063] bool_core (num_cores=428 [size:1 mw:1] a=1 d=8 fixed=1031/21199 clauses=3'239'229)
#Bound 36146.52s best:4064  next:[1516,4063] bool_core (num_cores=429 [size:1 mw:1] a=1 d=8 fixed=1032/21257 clauses=3'263'706)
#Bound 37040.66s best:4064  next:[1517,4063] bool_core (num_cores=430 [size:1 mw:1] a=1 d=8 fixed=1036/21299 clauses=3'283'771)
#Bound 38396.47s best:4064  next:[1518,4063] bool_core (num_cores=431 [size:1 mw:1] a=1 d=8 fixed=1037/21339 clauses=3'281'063)
#Bound 38723.02s best:4064  next:[1519,4063] bool_core (num_cores=432 [size:1 mw:1] a=1 d=8 fixed=1038/21372 clauses=3'276'500)
#Bound 40022.80s best:4064  next:[1520,4063] bool_core (num_cores=433 [size:1 mw:1] a=1 d=8 fixed=1039/21416 clauses=3'305'755)
#Bound 40901.51s best:4064  next:[1521,4063] bool_core (num_cores=434 [size:1 mw:1] a=1 d=8 fixed=1040/21455 clauses=3'310'138)
#Bound 41753.13s best:4064  next:[1522,4063] bool_core (num_cores=435 [size:1 mw:1] a=1 d=8 fixed=1041/21499 clauses=3'319'000)
#Bound 42607.96s best:4064  next:[1523,4063] bool_core (num_cores=436 [size:1 mw:1] a=1 d=8 fixed=1042/21537 clauses=3'329'242)
#Bound 42744.32s best:4064  next:[1524,4063] bool_core (num_cores=437 [size:1 mw:1] a=1 d=8 fixed=1043/21570 clauses=3'328'621)
#Bound 45520.33s best:4064  next:[1525,4063] bool_core (num_cores=438 [size:1 mw:1] a=1 d=8 fixed=1044/21635 clauses=3'358'188)
#Bound 47139.72s best:4064  next:[1526,4063] bool_core (num_cores=439 [size:1 mw:1] a=1 d=8 fixed=1045/21677 clauses=3'360'654)
#Bound 48196.12s best:4064  next:[1527,4063] bool_core (num_cores=440 [size:1 mw:1] a=1 d=8 fixed=1049/21715 clauses=3'371'721)
#Bound 49627.50s best:4064  next:[1528,4063] bool_core (num_cores=441 [size:1 mw:1] a=1 d=8 fixed=1050/21759 clauses=3'391'959)
#Bound 51284.45s best:4064  next:[1529,4063] bool_core (num_cores=442 [size:1 mw:1] a=1 d=8 fixed=1051/21797 clauses=3'400'906)
#Bound 51569.83s best:4064  next:[1530,4063] bool_core (num_cores=443 [size:1 mw:1] a=1 d=8 fixed=1052/21830 clauses=3'397'622)
#Bound 51717.22s best:4064  next:[1531,4063] bool_core (num_cores=444 [size:1 mw:1] a=1 d=8 fixed=1053/21863 clauses=3'403'210)
#Bound 51837.05s best:4064  next:[1532,4063] bool_core (num_cores=445 [size:1 mw:1] a=1 d=8 fixed=1054/21896 clauses=3'415'205)
#Bound 54143.27s best:4064  next:[1533,4063] bool_core (num_cores=446 [size:1 mw:1] a=1 d=8 fixed=1055/21939 clauses=3'438'447)
#Bound 55842.37s best:4064  next:[1534,4063] bool_core (num_cores=447 [size:1 mw:1] a=1 d=8 fixed=1056/21992 clauses=3'444'820)
#Bound 56977.20s best:4064  next:[1535,4063] bool_core (num_cores=448 [size:1 mw:1] a=1 d=8 fixed=1057/22029 clauses=3'467'934)
#Bound 60098.04s best:4064  next:[1536,4063] bool_core (num_cores=449 [size:1 mw:1] a=1 d=8 fixed=1058/22091 clauses=3'473'746)
#Bound 61132.11s best:4064  next:[1537,4063] bool_core (num_cores=450 [size:1 mw:1] a=1 d=8 fixed=1059/22128 clauses=3'484'385)
#Bound 61291.13s best:4064  next:[1538,4063] bool_core (num_cores=451 [size:1 mw:1] a=1 d=8 fixed=1060/22161 clauses=3'483'274)
#Bound 61435.80s best:4064  next:[1539,4063] bool_core (num_cores=452 [size:1 mw:1] a=1 d=8 fixed=1061/22194 clauses=3'491'446)
#Bound 65720.37s best:4064  next:[1540,4063] bool_core (num_cores=453 [size:1 mw:1] a=1 d=8 fixed=1062/22269 clauses=3'533'721)
#Bound 66748.36s best:4064  next:[1541,4063] bool_core (num_cores=454 [size:1 mw:1] a=1 d=8 fixed=1063/22315 clauses=3'522'852)
#Bound 68703.54s best:4064  next:[1542,4063] objective_lb_search_max_lp
#Bound 71113.50s best:4064  next:[1543,4063] bool_core (num_cores=456 [size:1 mw:1] a=1 d=8 fixed=1065/22401 clauses=3'545'223)
#Bound 71678.41s best:4064  next:[1544,4063] bool_core (num_cores=457 [size:1 mw:1] a=1 d=8 fixed=1066/22434 clauses=3'554'749)
#Bound 71857.27s best:4064  next:[1545,4063] bool_core (num_cores=458 [size:1 mw:1] a=1 d=8 fixed=1067/22467 clauses=3'558'668)
#Bound 72034.24s best:4064  next:[1546,4063] bool_core (num_cores=459 [size:1 mw:1] a=1 d=8 fixed=1068/22500 clauses=3'572'479)
#Bound 72214.81s best:4064  next:[1547,4063] bool_core (num_cores=460 [size:1 mw:1] a=1 d=8 fixed=1069/22533 clauses=3'582'936)
#Bound 72395.00s best:4064  next:[1548,4063] bool_core (num_cores=461 [size:1 mw:1] a=1 d=8 fixed=1070/22566 clauses=3'592'115)
#Bound 72604.91s best:4064  next:[1549,4063] bool_core (num_cores=462 [size:1 mw:1] a=1 d=8 fixed=1071/22599 clauses=3'602'607)
#Bound 72786.66s best:4064  next:[1550,4063] bool_core (num_cores=463 [size:1 mw:1] a=1 d=8 fixed=1072/22632 clauses=3'611'680)
#Bound 72997.05s best:4064  next:[1551,4063] bool_core (num_cores=464 [size:1 mw:1] a=1 d=8 fixed=1073/22665 clauses=3'622'110)
#Bound 73795.33s best:4064  next:[1552,4063] bool_core (num_cores=465 [size:1 mw:1] a=1 d=8 fixed=1074/22698 clauses=3'637'149)
#Bound 74521.01s best:4064  next:[1553,4063] bool_core (num_cores=466 [size:1 mw:1] a=1 d=8 fixed=1075/22731 clauses=3'652'789)
#Bound 78893.62s best:4064  next:[1554,4063] bool_core (num_cores=467 [size:1 mw:1] a=1 d=8 fixed=1076/22815 clauses=3'669'670)
#Bound 83894.64s best:4064  next:[1555,4063] objective_lb_search_max_lp
#Bound 84419.45s best:4064  next:[1556,4063] objective_lb_search_max_lp

Task timing                                  n [     min,      max]      avg      dev     time         n [     min,      max]      avg      dev    dtime
                             'core':         1 [  24.00h,   24.00h]   24.00h   0.00ns   24.00h         1 [  11.88h,   11.88h]   11.88h   0.00ns   11.88h
                       'default_lp':         1 [  24.00h,   24.00h]   24.00h   0.00ns   24.00h         1 [   1.97h,    1.97h]    1.97h   0.00ns    1.97h
                 'feasibility_pump':      7966 [334.91ms,    2.45m]   10.84s    2.39s   23.99h      7965 [493.29ms,   23.09s]    1.02s 331.77ms    2.26h
                            'fixed':         1 [  24.00h,   24.00h]   24.00h   0.00ns   24.00h         1 [   1.87h,    1.87h]    1.87h   0.00ns    1.87h
                  'fj_long_default':         5 [132.18ms,    1.07s] 334.85ms 368.87ms    1.67s         5 [132.44ms, 184.07ms] 157.32ms  16.87ms 786.62ms
              'fj_long_lin_default':         5 [171.74ms,    1.04s] 350.69ms 345.39ms    1.75s         5 [208.87ms, 245.25ms] 231.09ms  12.79ms    1.16s
                   'fj_long_random':         3 [134.68ms,    1.33s] 545.88ms 554.57ms    1.64s         3 [133.32ms, 197.37ms] 161.91ms  26.60ms 485.73ms
                 'fj_short_default':        10 [170.71ms, 719.72ms] 234.07ms 162.00ms    2.34s        10 [218.56ms, 253.39ms] 237.55ms   9.08ms    2.38s
             'fj_short_lin_default':         4 [168.22ms,    1.18s] 427.41ms 436.27ms    1.71s         4 [208.82ms, 232.10ms] 225.03ms   9.49ms 900.11ms
              'fj_short_lin_random':         5 [171.77ms,    1.00s] 340.99ms 329.80ms    1.70s         5 [203.74ms, 257.29ms] 235.99ms  18.98ms    1.18s
                  'fj_short_random':         5 [174.66ms, 983.75ms] 345.87ms 319.01ms    1.73s         5 [197.81ms, 250.64ms] 232.83ms  19.26ms    1.16s
                        'fs_random':         1 [   2.20s,    2.20s]    2.20s   0.00ns    2.20s         1 [  1.88ms,   1.88ms]   1.88ms   0.00ns   1.88ms
                        'fs_random':         1 [   2.24s,    2.24s]    2.24s   0.00ns    2.24s         1 [ 37.79us,  37.79us]  37.79us   0.00ns  37.79us
                  'fs_random_no_lp':         1 [   2.31s,    2.31s]    2.31s   0.00ns    2.31s         1 [ 14.57ms,  14.57ms]  14.57ms   0.00ns  14.57ms
          'fs_random_quick_restart':         1 [   2.21s,    2.21s]    2.21s   0.00ns    2.21s         1 [766.20us, 766.20us] 766.20us   0.00ns 766.20us
          'fs_random_quick_restart':         1 [   2.28s,    2.28s]    2.28s   0.00ns    2.28s         1 [  3.54ms,   3.54ms]   3.54ms   0.00ns   3.54ms
    'fs_random_quick_restart_no_lp':         1 [   2.25s,    2.25s]    2.25s   0.00ns    2.25s         1 [ 30.15ms,  30.15ms]  30.15ms   0.00ns  30.15ms
                    'graph_arc_lns':     25371 [178.44ms,    8.43s]    4.68s    1.08s   32.95h     25358 [ 54.26us, 200.42ms]  69.76ms  36.73ms   29.48m
                    'graph_cst_lns':     25371 [ 60.41ms,    9.41s]    5.16s    1.04s   36.39h     25355 [ 48.82us, 164.94ms]  70.82ms  35.99ms   29.93m
                    'graph_dec_lns':     25371 [193.29ms,    9.09s]    4.95s    1.01s   34.87h     25356 [ 10.00ns, 201.50ms]  72.41ms  34.30ms   30.60m
                    'graph_var_lns':     25371 [197.23ms,   10.75s]    4.72s    1.26s   33.24h     25339 [ 10.00ns, 200.41ms]  66.54ms  39.06ms   28.10m
                   'lb_tree_search':         1 [  24.00h,   24.00h]   24.00h   0.00ns   24.00h         1 [  12.65h,   12.65h]   12.65h   0.00ns   12.65h
                           'max_lp':         1 [  24.00h,   24.00h]   24.00h   0.00ns   24.00h         1 [   4.16h,    4.16h]    4.16h   0.00ns    4.16h
                            'no_lp':         1 [  24.00h,   24.00h]   24.00h   0.00ns   24.00h         1 [   1.46h,    1.46h]    1.46h   0.00ns    1.46h
              'objective_lb_search':         1 [  24.00h,   24.00h]   24.00h   0.00ns   24.00h         1 [   2.50h,    2.50h]    2.50h   0.00ns    2.50h
       'objective_lb_search_max_lp':         1 [  24.00h,   24.00h]   24.00h   0.00ns   24.00h         1 [   3.92h,    3.92h]    3.92h   0.00ns    3.92h
        'objective_lb_search_no_lp':         1 [  24.00h,   24.00h]   24.00h   0.00ns   24.00h         1 [   1.33h,    1.33h]    1.33h   0.00ns    1.33h
  'objective_shaving_search_max_lp':       175 [115.59ms,    1.39h]    8.23m   13.17m   24.00h       161 [ 53.33ms,    7.02m]   39.14s    1.07m    1.75h
   'objective_shaving_search_no_lp':       173 [101.27ms,    1.39h]    8.32m   13.22m   24.00h       160 [ 54.88ms,    3.02m]   18.08s   28.53s   48.21m
                          'probing':         1 [  24.00h,   24.00h]   24.00h   0.00ns   24.00h         1 [   1.46h,    1.46h]    1.46h   0.00ns    1.46h
                   'probing_max_lp':         1 [  24.00h,   24.00h]   24.00h   0.00ns   24.00h         1 [   5.47h,    5.47h]    5.47h   0.00ns    5.47h
                     'pseudo_costs':         1 [  24.00h,   24.00h]   24.00h   0.00ns   24.00h         1 [   2.48h,    2.48h]    2.48h   0.00ns    2.48h
                    'quick_restart':         1 [  24.00h,   24.00h]   24.00h   0.00ns   24.00h         1 [   3.11h,    3.11h]    3.11h   0.00ns    3.11h
              'quick_restart_no_lp':         1 [  24.00h,   24.00h]   24.00h   0.00ns   24.00h         1 [   1.56h,    1.56h]    1.56h   0.00ns    1.56h
                    'reduced_costs':         1 [  24.00h,   24.00h]   24.00h   0.00ns   24.00h         1 [   3.06h,    3.06h]    3.06h   0.00ns    3.06h
                        'rins/rens':     25372 [  1.15ms,    4.49s]    1.20s 780.24ms    8.48h     22240 [ 10.00ns, 116.37ms]  70.76ms  43.46ms   26.23m
                      'rnd_cst_lns':     25371 [165.87ms,   10.71s]    5.10s    1.03s   35.91h     25352 [ 10.00ns, 155.18ms]  71.71ms  35.25ms   30.30m
                      'rnd_var_lns':     25371 [ 86.24ms,    9.05s]    4.88s    1.01s   34.38h     25354 [ 10.00ns, 201.31ms]  72.11ms  34.56ms   30.47m
         'scheduling_intervals_lns':     25371 [   1.87s,    8.64s]    5.55s 346.78ms   39.10h     25368 [100.01ms, 200.46ms] 100.27ms 673.80us   42.39m
       'scheduling_precedences_lns':     25371 [764.78ms,    8.04s]    5.44s 344.74ms   38.36h     25368 [100.01ms, 200.85ms] 100.27ms 676.10us   42.39m
       'scheduling_time_window_lns':     25371 [   1.32s,    8.22s]    5.54s 345.00ms   39.07h     25367 [100.01ms, 200.43ms] 100.28ms 920.40us   42.39m
                     'violation_ls':     25371 [  7.53ms, 609.30ms] 218.75ms  57.67ms    1.54h     25371 [  1.43us, 357.60ms] 214.17ms  53.50ms    1.51h
                     'violation_ls':     25371 [  7.55ms, 674.16ms] 214.72ms  51.95ms    1.51h     25371 [  1.41us, 368.75ms] 211.67ms  49.61ms    1.49h

Search stats                          Bools  Conflicts    Branches   Restarts      BoolPropag   IntegerPropag
                           'core':   22'912  3'985'025   6'276'182    105'315  23'474'255'161  25'668'796'377
                     'default_lp':   36'885  1'474'178   8'501'516    263'848   6'275'954'688  18'172'255'829
                          'fixed':    2'864  8'934'311  21'858'104        718   4'457'812'734  23'669'055'047
                      'fs_random':      359          0         718        718              66         220'743
                      'fs_random':      359          0         718        718              66         220'743
                'fs_random_no_lp':      374          1         735        718             427         288'763
        'fs_random_quick_restart':      359          0         718        718              66         220'743
        'fs_random_quick_restart':      359          0         718        718              66         220'744
  'fs_random_quick_restart_no_lp':      420          1       1'129        719              78         371'816
                 'lb_tree_search':      414      1'461  14'582'497  3'059'127      50'716'783  15'598'652'307
                         'max_lp':    4'381  1'147'759  12'728'725  1'329'351     679'241'575  23'703'567'916
                          'no_lp':    7'691  1'514'299   9'265'232    592'133   1'722'975'777  22'667'395'561
            'objective_lb_search':    2'892    489'205   7'378'864  1'615'530     221'708'610  16'864'558'223
     'objective_lb_search_max_lp':    1'602    558'161   8'890'799  2'041'436     163'958'740  19'357'906'652
      'objective_lb_search_no_lp':    1'586    835'503   4'790'363  1'023'646     128'258'627  18'700'315'240
                        'probing':    8'922      7'762     123'215     60'934       5'982'479     102'232'613
                 'probing_max_lp':    8'922      7'744      64'970     37'960       4'491'875      78'738'114
                   'pseudo_costs':    8'922  1'047'199  16'519'467  1'727'285     969'205'727  20'666'091'137
                  'quick_restart':   24'911    420'321  12'210'327    204'494   2'653'379'220  12'889'581'045
            'quick_restart_no_lp':   27'669  1'158'250  10'322'814    168'041   4'851'986'153  19'750'793'065
                  'reduced_costs':  135'741  1'215'099  10'695'823    333'992  15'901'218'326  18'150'347'699

SAT stats                           ClassicMinim  LitRemoved   LitLearned  LitForgotten  Subsumed   MClauses  MDecisions  MLitTrue  MSubsumed  MLitRemoved  MReused
                           'core':     3'841'609  81'343'523   63'561'454    43'178'808     4'127     45'689     240'955         0      3'431       29'534      612
                     'default_lp':     1'269'886  13'217'650   47'515'975    39'454'810     3'343    101'666   1'190'728         0     28'743      306'971   18'830
                          'fixed':     4'353'912   9'198'538  239'008'357   237'101'083    47'242          0           0         0          0            0        0
                      'fs_random':             0           0            0             0         0          0           0         0          0            0        0
                      'fs_random':             0           0            0             0         0          0           0         0          0            0        0
                'fs_random_no_lp':             0           0            2             0         0          0           0         0          0            0        0
        'fs_random_quick_restart':             0           0            0             0         0          0           0         0          0            0        0
        'fs_random_quick_restart':             0           0            0             0         0          0           0         0          0            0        0
  'fs_random_quick_restart_no_lp':             0           0            4             0         0          0           0         0          0            0        0
                 'lb_tree_search':             0           0        4'653             0         0  1'322'774   6'729'830         0        211          836  116'421
                         'max_lp':     1'012'520  10'761'484   23'937'827    18'140'840    14'376    362'955   3'708'880         0     36'926      324'358   59'825
                          'no_lp':     1'350'334  11'813'036   34'171'647    29'826'320     9'780    105'998   1'068'388         0     21'909      171'001   23'102
            'objective_lb_search':       463'934   6'804'394   10'028'738     4'536'037     2'913    545'636   3'317'825         0      3'345       21'983   62'107
     'objective_lb_search_max_lp':       476'046   3'162'035    8'717'748     3'455'797     8'719    516'977   3'894'418         0      3'404       25'872   69'378
      'objective_lb_search_no_lp':       788'962   9'796'938   20'189'078    11'387'743     6'564    375'633   2'144'420         0      1'352       11'343   39'661
                        'probing':             0           0        7'774             0         0          0           0         0          0            0        0
                 'probing_max_lp':             0           0        7'744             0         0          0           0         0          0            0        0
                   'pseudo_costs':       791'059   3'730'043   28'907'363    26'651'457     4'852    510'983   3'746'510         0      4'205       23'140   69'436
                  'quick_restart':       340'503   3'732'546   11'956'154     9'342'187     3'448     65'755   1'199'758         1     36'605      478'413   11'148
            'quick_restart_no_lp':       974'511  12'493'026   37'573'305    31'764'166     3'017     27'482     477'903         0     19'204      255'540    2'366
                  'reduced_costs':       963'542   8'109'051   32'944'244    29'286'902    12'987    179'995   1'635'477        23     50'458      318'840   50'416

Lp stats                         Component  Iterations  AddedCuts    OPTIMAL    DUAL_F.  DUAL_U.
                  'default_lp':          1  10'603'909    759'292  2'736'672         31       71
                       'fixed':          1   1'254'146      1'456  8'781'585          0        0
                   'fs_random':          1       1'205         50          3          0        0
                   'fs_random':          1       1'471        250          7          0        0
     'fs_random_quick_restart':          1       1'327        179          5          0        0
     'fs_random_quick_restart':          1       1'602        324          9          0        0
              'lb_tree_search':          1  99'079'774     66'653     14'574  7'899'833        0
                      'max_lp':          1  40'810'833    411'424    312'088  3'786'223       15
         'objective_lb_search':          1  31'484'252    919'109  2'042'740      2'080        7
  'objective_lb_search_max_lp':          1  25'969'973     32'217     10'329  2'019'672        1
                     'probing':          1  14'171'267  3'249'833    312'234      3'013        8
              'probing_max_lp':          1   9'621'786    470'693    128'644     38'074        0
                'pseudo_costs':          1  19'681'961  1'050'896  1'514'656  1'381'908      109
               'quick_restart':          1  45'885'162  4'195'787  2'481'877      7'298       35
               'reduced_costs':          1  25'821'546    846'606  1'171'797  2'092'079       55

Lp dimension                                                                        Final dimension of first component
                  'default_lp':  4242 rows, 4583 columns, 15898 entries with magnitude in [1.627206e-03, 1.000000e+00]
                       'fixed':  3930 rows, 4583 columns, 14848 entries with magnitude in [3.660322e-03, 1.000000e+00]
                   'fs_random':   1052 rows, 4583 columns, 5015 entries with magnitude in [3.660322e-03, 1.000000e+00]
                   'fs_random':    952 rows, 4583 columns, 4707 entries with magnitude in [3.660322e-03, 1.000000e+00]
     'fs_random_quick_restart':   1002 rows, 4583 columns, 4866 entries with magnitude in [3.660322e-03, 1.000000e+00]
     'fs_random_quick_restart':   1102 rows, 4583 columns, 5169 entries with magnitude in [3.660322e-03, 1.000000e+00]
              'lb_tree_search':  8845 rows, 4613 columns, 58993 entries with magnitude in [8.597049e-05, 1.000000e+00]
                      'max_lp':  5045 rows, 4613 columns, 20721 entries with magnitude in [8.517380e-05, 1.000000e+00]
         'objective_lb_search':  4583 rows, 4583 columns, 17423 entries with magnitude in [1.956098e-03, 1.000000e+00]
  'objective_lb_search_max_lp':  8614 rows, 4613 columns, 42580 entries with magnitude in [2.247907e-04, 1.000000e+00]
                     'probing':  6825 rows, 4583 columns, 35003 entries with magnitude in [2.291941e-05, 1.000000e+00]
              'probing_max_lp':  6152 rows, 4613 columns, 53149 entries with magnitude in [1.957040e-04, 1.000000e+00]
                'pseudo_costs':  4492 rows, 4613 columns, 16977 entries with magnitude in [2.212526e-03, 1.000000e+00]
               'quick_restart':  5447 rows, 4583 columns, 22697 entries with magnitude in [2.644151e-04, 1.000000e+00]
               'reduced_costs':  4452 rows, 4613 columns, 17078 entries with magnitude in [3.660322e-03, 1.000000e+00]

Lp debug                         CutPropag  CutEqPropag     Adjust  Overflow            Bad  BadScaling
                  'default_lp':         13          218    310'840         0     17'806'636           0
                       'fixed':          0            0          0         0          3'253           0
                   'fs_random':          0            0          0         0              0           0
                   'fs_random':          0            0          0         0          1'599           0
     'fs_random_quick_restart':          0            0          0         0          2'236           0
     'fs_random_quick_restart':          0            0          0         0            883           0
              'lb_tree_search':         48          205  7'016'008         0     59'357'798           0
                      'max_lp':         46          103  3'338'303         0     22'390'330           0
         'objective_lb_search':         43          449  1'536'735         0     43'670'169           0
  'objective_lb_search_max_lp':         45           49  1'914'851         0      8'943'557           0
                     'probing':        682       17'362    306'400         0  3'600'989'545           0
              'probing_max_lp':        314        3'071    166'715         0  2'053'350'034           0
                'pseudo_costs':        153          245    493'408         0     55'606'611           0
               'quick_restart':        383        1'325  1'186'481         0    246'415'798           0
               'reduced_costs':         96          177  1'575'626         0     46'730'400           0

Lp pool                          Constraints  Updates  Simplif  Merged  Shortened      Split  Strenghtened            Cuts/Call
                  'default_lp':       14'083    2'607    8'646     117          0     35'007        46'443    759'292/2'238'601
                       'fixed':        6'364        0        0       0          0          0            62          1'456/4'065
                   'fs_random':        4'958        0        0       0          0          0            49                50/50
                   'fs_random':        5'158        0        0       0          0          0            50              250/579
     'fs_random_quick_restart':        5'087        0        0       0          0          0            49              179/297
     'fs_random_quick_restart':        5'232        0        0       0          0          0            51              324/745
              'lb_tree_search':       54'098    6'198  409'736       7          0    290'707       418'349       66'653/158'330
                      'max_lp':       53'857    2'715  354'709      19          0    232'991       416'930      411'424/904'254
         'objective_lb_search':       13'965    7'317   14'335      52          0    229'241        66'167    919'109/3'508'776
  'objective_lb_search_max_lp':       53'646    1'194  414'062      23          0    138'684       411'213        32'217/71'279
                     'probing':       14'724  386'536   16'075      17          0  3'738'735       687'549  3'249'833/5'344'736
              'probing_max_lp':       54'135   85'682  340'418      10          0    780'526       398'413    470'693/1'064'181
                'pseudo_costs':       54'312    6'488  345'775      36          0    709'650       508'906  1'050'896/2'312'309
               'quick_restart':       14'625   25'880   11'700      70          0  2'051'387       245'543  4'195'787/9'695'122
               'reduced_costs':       54'017    5'751  384'346      41          0    690'696       502'617    846'606/1'921'863

Lp Cut                                                      fs_ran  fs_ran  fs_ran  fs_ran   defaul  fixed   max_lp     quick_   reduce   pseudo  lb_tre   probin   object   probin  object
                                                    CG_FF:      12       -       7      18   34'146     19   18'701     46'392   50'563   62'800     975   83'058   20'063    2'630   1'374
                                                     CG_K:       9       -       6      15   27'426     18   18'769     30'119   53'718   67'854     726   40'334   11'463    1'693     881
                                                    CG_KL:       -       -       -       -       53      -        8        247      115      115       -      624       39        1       -
                                                     CG_R:       6       -       4       9   14'953     10    9'234     28'733   24'543   30'385     903   61'961    8'492    3'333     377
                                                    CG_RB:       2       -       -       5   76'894      8   49'199    201'476   99'022  142'576   2'912  388'715   79'845    6'240   3'095
                                                   CG_RBP:       -       -       -       -    9'906      -    7'506     20'351   17'903   22'250     358   28'739    7'898      831     414
                                                   Clique:       -       -       -       -        -      -    4'934          -   13'575   21'799     242        -        -    1'305     220
                                                       IB:      66      50      56      72  386'783  1'157  148'381  3'058'898  232'100  269'197   6'888  732'592  612'416   64'323   7'337
                                                 MIR_1_FF:      63       -      50      80   23'206     88   15'209     84'754   40'513   46'746   1'919  110'898   20'597   12'438   1'361
                                                  MIR_1_K:      18       -      15      25    2'705     28    1'903     12'198    4'625    5'237     161   22'059    2'248    1'973     150
                                                 MIR_1_KL:       -       -       -       -      532      -      321      1'851      830      507      45    6'793      158    1'466      25
                                                  MIR_1_R:      20       -      16      24    4'852     25    1'702     14'408    5'684    6'965     329   35'184    2'866    3'695     169
                                                 MIR_1_RB:      10       -       6      17   30'866     21   34'339    142'767   69'811   81'713   5'684  287'885   31'487   38'874   3'724
                                                MIR_1_RBP:       1       -       1       2    2'161      3    9'777      8'407   19'668   23'133     807   11'441    2'065    3'516     723
                                                MIR_1_RLT:       -       -       -       -        -      -      354          -    1'158    1'580      39        -        -      830      16
                                                 MIR_2_FF:       8       -       6      11   17'104     13    7'702     48'244   21'252   26'848     865   76'420   12'294    7'430     657
                                                  MIR_2_K:       8       -       4       8    2'850      7    1'326      7'141    3'624    4'348     101    9'126    1'675    1'249     109
                                                 MIR_2_KL:       -       -       -       -      328      -      227      1'320      627      458      30    6'559      128    1'221      22
                                                  MIR_2_R:       3       -       2       5    3'704      5    1'449     10'468    4'184    5'092     669   49'570    2'475    6'972     232
                                                 MIR_2_RB:      11       -       3      19   22'249     21   13'498     94'797   30'255   39'738   2'546  226'847   19'868   20'416   1'462
                                                MIR_2_RBP:       -       -       -       -    2'057      4    3'086      6'863    6'733    9'061     333   11'885    1'750    2'252     229
                                                 MIR_3_FF:       2       -       -       3   11'518      1    5'029     31'581   13'598   18'096     551   56'009    7'855    3'986     414
                                                  MIR_3_K:       2       -       -       2    2'095      2    1'129      4'871    3'019    3'490     103    6'474    1'104    1'154     103
                                                 MIR_3_KL:       -       -       -       -      207      -      174      1'006      561      490      45    5'949       72    1'102      34
                                                  MIR_3_R:       1       -       -       2    2'495      -    1'212      7'011    2'808    3'742     579   35'381    1'710    3'689     299
                                                 MIR_3_RB:       3       -       -       3   14'276      4    8'122     62'145   17'793   24'255   1'562  172'078   13'292   11'328     975
                                                MIR_3_RBP:       -       -       -       -    1'178      1    1'760      4'910    3'581    4'968     136    8'523    1'351      930     126
                                                 MIR_4_FF:       -       -       -       -    8'026      3    2'511     20'554    7'154    9'937     222   40'152    5'225    2'012     186
                                                  MIR_4_K:       -       -       -       -    1'525      2      683      3'478    1'763    2'139      80    4'580      835      713      60
                                                 MIR_4_KL:       -       -       -       -      121      -      187        859      510      467      76    6'044       45    1'163      30
                                                  MIR_4_R:       -       -       -       -    1'761      -      566      4'988    1'499    2'114     230   24'935    1'260    1'617     115
                                                 MIR_4_RB:       1       -       1       -    9'409      8    4'142     39'543    9'582   12'701     684  123'299    8'354    5'228     445
                                                MIR_4_RBP:       -       -       -       -      595      1      731      2'726    1'733    2'453      78    5'475      720      525      54
                                                 MIR_5_FF:       -       -       -       -    5'558      -    1'561     13'950    4'118    5'647     169   31'210    3'489    1'247     117
                                                  MIR_5_K:       -       -       -       -    1'094      1      488      2'358    1'153    1'312      61    4'185      556      612      47
                                                 MIR_5_KL:       -       -       -       -       86      -      188      1'088      480      472      84    7'363       69    1'636      53
                                                  MIR_5_R:       -       -       -       -    1'019      -      336      3'062      847    1'038     121   17'162      832      710      61
                                                 MIR_5_RB:       -       -       -       -    6'226      -    2'496     25'216    5'421    7'091     438   89'353    5'210    3'511     238
                                                MIR_5_RBP:       -       -       -       -      321      -      434      1'838      963    1'364      60    3'973      378      440      47
                                                 MIR_6_FF:       -       -       -       -    3'563      -      908      9'509    2'316    3'225     111   25'364    2'268      854      71
                                                  MIR_6_K:       -       -       -       -      660      -      270      1'909      800      777      36    4'828      351      521      34
                                                 MIR_6_KL:       -       -       -       -       59      -      204      1'667      549      600     139   11'957      136    1'869      66
                                                  MIR_6_R:       -       -       -       -      592      -      215      1'927      557      607      55   11'659      499      345      36
                                                 MIR_6_RB:       -       -       -       -    3'948      -    1'525     16'994    3'280    4'400     284   70'657    3'392    2'797     163
                                                MIR_6_RBP:       -       -       -       -      186      -      266      1'383      656      933      54    4'067      249      478      38
         NoOverlapCompletionTimeExhaustiveMirror_weighted:       -       -       -       -        -      -        -          -        3        6       -        -        -        -       -
  NoOverlapCompletionTimeExhaustiveMirror_weighted_lifted:       -       -       -       -        -      -        -          -        3        2       -        -        -        -       -
               NoOverlapCompletionTimeExhaustive_weighted:       -       -       -       -        -      -       37          -      126      127       -        -        -        -       1
        NoOverlapCompletionTimeExhaustive_weighted_lifted:       -       -       -       -        -      -      599          -    1'447    2'304       5        -        -        4      16
                          NoOverlapCompletionTimeQueyrane:       -       -       -       -        -      -       67          -      306      303       4        -        -        6       7
                   NoOverlapCompletionTimeQueyrane_lifted:       -       -       -       -        -      -      214          -      719      820       3        -        -        3      11
                                NoOverlapDisjunctionOnEnd:       -       -       -       -        -      -        3          -       37       38       -        -        -        -       -
                              NoOverlapDisjunctionOnStart:       -       -       -       -        -      -      595          -    1'472    2'522       5        -        -        5      22
                                             ZERO_HALF_FF:       2       -       1       2    5'542      3    4'008     12'072   12'079   13'266     252   17'170    3'521      885     192
                                              ZERO_HALF_K:       1       -       1       1    1'854      -    1'333      3'689    4'300    5'297     116    3'986    1'127      656     121
                                             ZERO_HALF_KL:       -       -       -       -       47      -        6         65       41       56       -       49       18        2       -
                                              ZERO_HALF_R:       1       -       -       1    4'915      2    9'922     57'396   15'416   15'702  28'389  169'923    8'611  206'584   4'182
                                             ZERO_HALF_RB:       -       -       -       -    6'402      1    8'894     30'052   19'488   22'235   3'610   70'963    6'956   15'090     937
                                            ZERO_HALF_RBP:       -       -       -       -    1'239      -    2'984      8'506    5'925    7'498   1'779   26'375    1'797   16'303     339

LNS stats                        Improv/Calls  Closed  Difficulty  TimeLimit
               'graph_arc_lns':   11576/25370     50%        1.00       0.10
               'graph_cst_lns':   11853/25368     50%        1.00       0.10
               'graph_dec_lns':   10510/25370     50%        1.00       0.10
               'graph_var_lns':   12438/25370     50%        1.00       0.10
                   'rins/rens':    2658/23864     50%        0.94       0.11
                 'rnd_cst_lns':   11663/25370     50%        1.00       0.10
                 'rnd_var_lns':   10634/25370     50%        1.00       0.10
    'scheduling_intervals_lns':   25369/25369      0%        0.00       0.10
  'scheduling_precedences_lns':   25369/25369      0%        0.00       0.10
  'scheduling_time_window_lns':   25369/25369      0%        0.00       0.10

LS stats                   Batches  Restarts     LinMoves    GenMoves  CompoundMoves  WeightUpdates
       'fj_long_default':        5         1       49'871           0              0            129
   'fj_long_lin_default':        5         1            0       7'669          1'355              0
        'fj_long_random':        3         1       29'915           0              0             85
      'fj_short_default':       10         1            0      14'758          2'055              0
  'fj_short_lin_default':        4         1            0       6'625            870              0
   'fj_short_lin_random':        5         1            0       7'750          1'187              0
       'fj_short_random':        5         1            0       8'026          1'116              0
          'violation_ls':   25'371         0  114'608'039  18'343'238        693'464      4'476'500
          'violation_ls':   25'371         0  115'951'371  20'207'009        804'236      2'435'928

Solutions (105)                     Num      Rank
  'fs_random_quick_restart_no_lp':    1     [1,1]
                  'graph_arc_lns':    4   [14,87]
                  'graph_cst_lns':    5  [29,101]
                  'graph_dec_lns':    6   [28,93]
                  'graph_var_lns':    5   [21,99]
                          'no_lp':    2     [7,8]
                  'quick_restart':    4   [11,98]
            'quick_restart_no_lp':   18   [9,105]
                    'rins_lp_lns':   16    [3,92]
                  'rins_pump_lns':    3   [20,94]
                    'rnd_cst_lns':    7    [6,96]
                    'rnd_var_lns':    9  [32,100]
                   'violation_ls':   25   [2,104]

Objective bounds                      Num
                        'bool_core':  106
                   'initial_domain':    1
                   'lb_tree_search':    2
                           'max_lp':    8
                            'no_lp':    1
              'objective_lb_search':    2
       'objective_lb_search_max_lp':   50
        'objective_lb_search_no_lp':    2
  'objective_shaving_search_max_lp':    8
                   'probing_max_lp':    3
                    'reduced_costs':    1

Solution repositories      Added  Queried  Ignored  Synchro
  'feasible solutions':  104'936  577'228        0  103'703
        'lp solutions':   65'738   12'671        0   64'076
                'pump':  166'819   12'701

Improving bounds shared             Num
                        'core':      10
                  'default_lp':     182
              'lb_tree_search':      38
                      'max_lp':     158
                       'no_lp':     846
         'objective_lb_search':      29
  'objective_lb_search_max_lp':     199
                     'probing':  57'153
              'probing_max_lp':  12'833
                'pseudo_costs':     446
               'quick_restart':   3'818
         'quick_restart_no_lp':   3'197
               'reduced_costs':   1'230

Clauses shared                   Num
                        'core':    2
                  'default_lp':   21
             'fs_random_no_lp':    1
              'lb_tree_search':    7
                      'max_lp':   15
                       'no_lp':   10
         'objective_lb_search':    5
  'objective_lb_search_max_lp':    6
   'objective_lb_search_no_lp':   10
                'pseudo_costs':   82
               'quick_restart':   22
         'quick_restart_no_lp':   36
               'reduced_costs':    3

CpSolverResponse summary:
status: FEASIBLE
objective: 4064
best_bound: 1556
integers: 4605
booleans: 359
conflicts: 0
branches: 718
propagations: 66
integer_propagations: 220743
restarts: 718
lp_iterations: 1471
walltime: 86401.4
usertime: 86401.4
deterministic_time: 260045
gap_integral: 2.03668e+06
solution_fingerprint: 0x615859957a2bc7d6


--- Simulation Gantt  partir du modle mathmatique ---
