created virtual environment CPython3.12.4.final.0-64 in 568ms
  creator CPython3Posix(dest=/localscratch/aneumann.47038297.0/env, clear=False, no_vcs_ignore=False, global=False)
  seeder FromAppData(download=False, pip=bundle, via=copy, app_data_dir=/home/aneumann/.local/share/virtualenv)
    added seed packages: pip==24.2+computecanada
  activators BashActivator,CShellActivator,FishActivator,NushellActivator,PowerShellActivator,PythonActivator
Looking in links: /cvmfs/soft.computecanada.ca/custom/python/wheelhouse/gentoo2023/x86-64-v3, /cvmfs/soft.computecanada.ca/custom/python/wheelhouse/gentoo2023/generic, /cvmfs/soft.computecanada.ca/custom/python/wheelhouse/generic
Requirement already satisfied: pip in /localscratch/aneumann.47038297.0/env/lib/python3.12/site-packages (24.2+computecanada)
Processing /cvmfs/soft.computecanada.ca/custom/python/wheelhouse/generic/pip-25.0+computecanada-py3-none-any.whl
Installing collected packages: pip
  Attempting uninstall: pip
    Found existing installation: pip 24.2+computecanada
    Uninstalling pip-24.2+computecanada:
      Successfully uninstalled pip-24.2+computecanada
Successfully installed pip-25.0+computecanada
Looking in links: /cvmfs/soft.computecanada.ca/custom/python/wheelhouse/gentoo2023/x86-64-v3, /cvmfs/soft.computecanada.ca/custom/python/wheelhouse/gentoo2023/generic, /cvmfs/soft.computecanada.ca/custom/python/wheelhouse/generic
ERROR: protobuf-5.28.3-cp38-abi3-manylinux2014_x86_64.whl is not a supported wheel on this platform.
Looking in links: /cvmfs/soft.computecanada.ca/custom/python/wheelhouse/gentoo2023/x86-64-v3, /cvmfs/soft.computecanada.ca/custom/python/wheelhouse/gentoo2023/generic, /cvmfs/soft.computecanada.ca/custom/python/wheelhouse/generic
Processing /home/aneumann/projects/def-adhaj/aneumann/GNRS/wheels/immutabledict-4.2.0-py3-none-any.whl
Installing collected packages: immutabledict
Successfully installed immutabledict-4.2.0
Looking in links: /cvmfs/soft.computecanada.ca/custom/python/wheelhouse/gentoo2023/x86-64-v3, /cvmfs/soft.computecanada.ca/custom/python/wheelhouse/gentoo2023/generic, /cvmfs/soft.computecanada.ca/custom/python/wheelhouse/generic
Processing /cvmfs/soft.computecanada.ca/custom/python/wheelhouse/generic/ortools-9.10.4067+computecanada-cp312-cp312-linux_x86_64.whl (from -r /home/aneumann/projects/def-adhaj/aneumann/GNRS/requirements/or.txt (line 1))
Processing /cvmfs/soft.computecanada.ca/custom/python/wheelhouse/gentoo2023/x86-64-v3/matplotlib-3.10.0+computecanada-cp312-cp312-linux_x86_64.whl (from -r /home/aneumann/projects/def-adhaj/aneumann/GNRS/requirements/or.txt (line 2))
Processing /cvmfs/soft.computecanada.ca/custom/python/wheelhouse/gentoo2023/x86-64-v3/pandas-2.2.3+computecanada-cp312-cp312-linux_x86_64.whl (from -r /home/aneumann/projects/def-adhaj/aneumann/GNRS/requirements/or.txt (line 3))
Processing /cvmfs/soft.computecanada.ca/custom/python/wheelhouse/generic/absl_py-2.3.0+computecanada-py3-none-any.whl (from ortools<9.11,>=9.10->-r /home/aneumann/projects/def-adhaj/aneumann/GNRS/requirements/or.txt (line 1))
Processing /cvmfs/soft.computecanada.ca/custom/python/wheelhouse/gentoo2023/generic/numpy-2.2.2+computecanada-cp312-cp312-linux_x86_64.whl (from ortools<9.11,>=9.10->-r /home/aneumann/projects/def-adhaj/aneumann/GNRS/requirements/or.txt (line 1))
Processing /cvmfs/soft.computecanada.ca/custom/python/wheelhouse/gentoo2023/x86-64-v3/protobuf-6.31.1+computecanada-cp312-cp312-linux_x86_64.whl (from ortools<9.11,>=9.10->-r /home/aneumann/projects/def-adhaj/aneumann/GNRS/requirements/or.txt (line 1))
Requirement already satisfied: immutabledict>=3.0.0 in /localscratch/aneumann.47038297.0/env/lib/python3.12/site-packages (from ortools<9.11,>=9.10->-r /home/aneumann/projects/def-adhaj/aneumann/GNRS/requirements/or.txt (line 1)) (4.2.0)
Processing /cvmfs/soft.computecanada.ca/custom/python/wheelhouse/gentoo2023/generic/contourpy-1.3.1+computecanada-cp312-cp312-linux_x86_64.whl (from matplotlib->-r /home/aneumann/projects/def-adhaj/aneumann/GNRS/requirements/or.txt (line 2))
Processing /cvmfs/soft.computecanada.ca/custom/python/wheelhouse/generic/cycler-0.12.1+computecanada-py3-none-any.whl (from matplotlib->-r /home/aneumann/projects/def-adhaj/aneumann/GNRS/requirements/or.txt (line 2))
Processing /cvmfs/soft.computecanada.ca/custom/python/wheelhouse/generic/fonttools-4.59.0+computecanada-cp312-cp312-linux_x86_64.whl (from matplotlib->-r /home/aneumann/projects/def-adhaj/aneumann/GNRS/requirements/or.txt (line 2))
Processing /cvmfs/soft.computecanada.ca/custom/python/wheelhouse/gentoo2023/x86-64-v3/kiwisolver-1.4.8+computecanada-cp312-cp312-linux_x86_64.whl (from matplotlib->-r /home/aneumann/projects/def-adhaj/aneumann/GNRS/requirements/or.txt (line 2))
Processing /cvmfs/soft.computecanada.ca/custom/python/wheelhouse/generic/packaging-25.0+computecanada-py3-none-any.whl (from matplotlib->-r /home/aneumann/projects/def-adhaj/aneumann/GNRS/requirements/or.txt (line 2))
Processing /cvmfs/soft.computecanada.ca/custom/python/wheelhouse/gentoo2023/x86-64-v3/pillow-11.1.0+computecanada-cp312-cp312-linux_x86_64.whl (from matplotlib->-r /home/aneumann/projects/def-adhaj/aneumann/GNRS/requirements/or.txt (line 2))
Processing /cvmfs/soft.computecanada.ca/custom/python/wheelhouse/generic/pyparsing-3.2.3+computecanada-py3-none-any.whl (from matplotlib->-r /home/aneumann/projects/def-adhaj/aneumann/GNRS/requirements/or.txt (line 2))
Processing /cvmfs/soft.computecanada.ca/custom/python/wheelhouse/generic/python_dateutil-2.9.0.post0+computecanada-py2.py3-none-any.whl (from matplotlib->-r /home/aneumann/projects/def-adhaj/aneumann/GNRS/requirements/or.txt (line 2))
Processing /cvmfs/soft.computecanada.ca/custom/python/wheelhouse/generic/pytz-2025.2+computecanada-py2.py3-none-any.whl (from pandas->-r /home/aneumann/projects/def-adhaj/aneumann/GNRS/requirements/or.txt (line 3))
Processing /cvmfs/soft.computecanada.ca/custom/python/wheelhouse/generic/tzdata-2025.2+computecanada-py2.py3-none-any.whl (from pandas->-r /home/aneumann/projects/def-adhaj/aneumann/GNRS/requirements/or.txt (line 3))
Processing /cvmfs/soft.computecanada.ca/custom/python/wheelhouse/generic/six-1.17.0+computecanada-py2.py3-none-any.whl (from python-dateutil>=2.7->matplotlib->-r /home/aneumann/projects/def-adhaj/aneumann/GNRS/requirements/or.txt (line 2))
Installing collected packages: pytz, tzdata, six, pyparsing, protobuf, pillow, packaging, numpy, kiwisolver, fonttools, cycler, absl-py, python-dateutil, contourpy, pandas, matplotlib, ortools
Successfully installed absl-py-2.3.0+computecanada contourpy-1.3.1+computecanada cycler-0.12.1+computecanada fonttools-4.59.0+computecanada kiwisolver-1.4.8+computecanada matplotlib-3.10.0+computecanada numpy-2.2.2+computecanada ortools-9.10.4067+computecanada packaging-25.0+computecanada pandas-2.2.3+computecanada pillow-11.1.0+computecanada protobuf-6.31.1+computecanada pyparsing-3.2.3+computecanada python-dateutil-2.9.0.post0+computecanada pytz-2025.2+computecanada six-1.17.0+computecanada tzdata-2025.2+computecanada

Starting CP-SAT solver v9.10.4067
Parameters: max_time_in_seconds: 86400 max_memory_in_mb: 185000 log_search_progress: true enumerate_all_solutions: false num_search_workers: 32 absolute_gap_limit: 0 relative_gap_limit: 0

Initial optimization model '': (model_fingerprint: 0x3c02ba82a44a334f)
#Variables: 1'002 (#ints: 17 in objective)
  - 821 Booleans in [0,1]
  - 181 in [0,1211]
#kLinear1: 91
#kLinear2: 2'002
#kLinear3: 786
#kLinearN: 41'360 (#terms: 952'645)

Starting presolve at 0.02s
  4.41e-02s  0.00e+00d  [DetectDominanceRelations] 
  7.22e-01s  0.00e+00d  [PresolveToFixPoint] #num_loops=8 #num_dual_strengthening=3 
  4.30e-04s  0.00e+00d  [ExtractEncodingFromLinear] #potential_supersets=8 
[Symmetry] Graph for symmetry has 43'774 nodes and 813'581 arcs.
[Symmetry] Symmetry computation done. time: 0.0337257 dtime: 0.0610867
[Symmetry] #generators: 1, average support size: 48
[Symmetry] The model contains 928 duplicate constraints !
[Symmetry] 24 orbits with sizes: 2,2,2,2,2,2,2,2,2,2,...
[Symmetry] Num fixable by intersecting at_most_one with orbits: 1 largest_orbit: 2
  3.10e-01s  7.29e-02d  [Probe] #probed=1'364 #new_bounds=17 #equiv=1 
  3.96e-04s  0.00e+00d  [MaxClique] 
  4.34e-02s  0.00e+00d  [DetectDominanceRelations] 
  3.48e-01s  0.00e+00d  [PresolveToFixPoint] #num_loops=5 #num_dual_strengthening=3 
  1.76e-01s  0.00e+00d  [ProcessAtMostOneAndLinear] 
  4.86e-02s  0.00e+00d  [DetectDuplicateConstraints] #duplicates=1'317 #without_enforcements=240 
  9.13e-02s  5.75e-03d  [DetectDominatedLinearConstraints] #relevant_constraints=38'920 #num_inclusions=15'157 
  5.22e-03s  0.00e+00d  [DetectDifferentVariables] #different=148 #cliques=1 #size=16 
  1.43e-02s  1.38e-03d  [ProcessSetPPC] #relevant_constraints=38'117 
  5.81e-04s  0.00e+00d  [FindAlmostIdenticalLinearConstraints] 
  4.05e-03s  4.90e-03d  [FindBigAtMostOneAndLinearOverlap] 
  2.46e-01s  1.17e-01d  [FindBigVerticalLinearOverlap] #blocks=305 #saved_nz=183'790 
  9.55e-03s  2.89e-03d  [FindBigHorizontalLinearOverlap] #linears=37'032 
  3.19e-04s  0.00e+00d  [MergeClauses] 
  4.37e-02s  0.00e+00d  [DetectDominanceRelations] 
  3.91e-01s  0.00e+00d  [PresolveToFixPoint] #num_loops=3 #num_dual_strengthening=1 
  4.37e-02s  0.00e+00d  [DetectDominanceRelations] 
  2.32e-01s  0.00e+00d  [PresolveToFixPoint] #num_loops=1 #num_dual_strengthening=1 
[Symmetry] Graph for symmetry has 43'433 nodes and 625'818 arcs.
[Symmetry] Symmetry computation done. time: 0.0178318 dtime: 0.0338355
  2.89e-01s  6.06e-02d  [Probe] #probed=1'368 #new_bounds=216 #new_binary_clauses=1 
  3.20e-04s  0.00e+00d  [MaxClique] 
  4.35e-02s  0.00e+00d  [DetectDominanceRelations] 
  3.49e-01s  0.00e+00d  [PresolveToFixPoint] #num_loops=2 #num_dual_strengthening=1 
  1.64e-01s  0.00e+00d  [ProcessAtMostOneAndLinear] 
  4.37e-02s  0.00e+00d  [DetectDuplicateConstraints] #without_enforcements=240 
  6.30e-02s  3.77e-03d  [DetectDominatedLinearConstraints] #relevant_constraints=38'844 #num_inclusions=1'910 
  4.79e-03s  0.00e+00d  [DetectDifferentVariables] 
  1.33e-02s  1.00e-03d  [ProcessSetPPC] #relevant_constraints=37'034 
  6.15e-04s  1.87e-06d  [FindAlmostIdenticalLinearConstraints] #num_tested_pairs=101 
  2.17e-03s  2.05e-03d  [FindBigAtMostOneAndLinearOverlap] 
  1.92e-01s  7.90e-02d  [FindBigVerticalLinearOverlap] #blocks=964 #saved_nz=166'395 
  7.62e-03s  1.93e-03d  [FindBigHorizontalLinearOverlap] #linears=30'543 
  3.16e-04s  0.00e+00d  [MergeClauses] 
  3.21e-02s  0.00e+00d  [DetectDominanceRelations] 
  3.49e-01s  0.00e+00d  [PresolveToFixPoint] #num_loops=3 #num_dual_strengthening=1 
  3.19e-02s  0.00e+00d  [DetectDominanceRelations] 
  2.19e-01s  0.00e+00d  [PresolveToFixPoint] #num_loops=1 #num_dual_strengthening=1 
[Symmetry] Graph for symmetry has 46'040 nodes and 460'166 arcs.
[Symmetry] Symmetry computation done. time: 0.013183 dtime: 0.0252912
  2.36e-01s  4.34e-02d  [Probe] #probed=1'368 #new_bounds=664 #new_binary_clauses=1 
  3.34e-04s  0.00e+00d  [MaxClique] 
  3.18e-02s  0.00e+00d  [DetectDominanceRelations] 
  3.32e-01s  0.00e+00d  [PresolveToFixPoint] #num_loops=2 #num_dual_strengthening=1 
  1.45e-01s  0.00e+00d  [ProcessAtMostOneAndLinear] 
  3.97e-02s  0.00e+00d  [DetectDuplicateConstraints] #without_enforcements=240 
  4.34e-02s  2.42e-03d  [DetectDominatedLinearConstraints] #relevant_constraints=39'089 #num_inclusions=119 
  4.77e-03s  0.00e+00d  [DetectDifferentVariables] 
  1.11e-02s  6.48e-04d  [ProcessSetPPC] #relevant_constraints=30'616 
  7.99e-04s  4.11e-05d  [FindAlmostIdenticalLinearConstraints] #num_tested_pairs=2'302 
  1.83e-03s  1.36e-03d  [FindBigAtMostOneAndLinearOverlap] 
  1.08e-01s  4.35e-02d  [FindBigVerticalLinearOverlap] #blocks=955 #saved_nz=112'250 
  5.22e-03s  1.19e-03d  [FindBigHorizontalLinearOverlap] #linears=20'379 
  3.34e-04s  0.00e+00d  [MergeClauses] 
  2.49e-02s  0.00e+00d  [DetectDominanceRelations] 
  3.12e-01s  0.00e+00d  [PresolveToFixPoint] #num_loops=3 #num_dual_strengthening=1 
  1.90e-03s  0.00e+00d  [ExpandObjective] #entries=10'363 #tight_variables=3'419 #tight_constraints=1'869 

Presolve summary:
  - 319 affine relations were detected.
  - rule 'TODO dual: only one blocking constraint?' was applied 2'171 times.
  - rule 'TODO dual: only one blocking enforced constraint?' was applied 234 times.
  - rule 'TODO dual: only one unspecified blocking constraint?' was applied 137 times.
  - rule 'TODO duplicate: identical constraint with different enforcements' was applied 720 times.
  - rule 'TODO linear2: contains a Boolean.' was applied 36 times.
  - rule 'affine: new relation' was applied 319 times.
  - rule 'at_most_one: removed literals' was applied 5 times.
  - rule 'at_most_one: size one' was applied 5 times.
  - rule 'deductions: 2032 stored' was applied 1 time.
  - rule 'dual: fix variable' was applied 48 times.
  - rule 'dual: reduced domain' was applied 117 times.
  - rule 'duplicate: merged rhs of linear constraint' was applied 375 times.
  - rule 'duplicate: removed constraint' was applied 1'317 times.
  - rule 'enforcement: false literal' was applied 16 times.
  - rule 'exactly_one: x and not(x)' was applied 1 time.
  - rule 'incompatible linear: add implication' was applied 360 times.
  - rule 'linear matrix: common vertical rectangle' was applied 2'224 times.
  - rule 'linear1: always true' was applied 2 times.
  - rule 'linear: always true' was applied 2'458 times.
  - rule 'linear: doubleton free' was applied 25 times.
  - rule 'linear: empty' was applied 66 times.
  - rule 'linear: extracted enforcement literal' was applied 41'087 times.
  - rule 'linear: fixed or dup variables' was applied 41'997 times.
  - rule 'linear: positive equal one' was applied 8 times.
  - rule 'linear: reduced variable domains' was applied 2'184 times.
  - rule 'linear: remapped using affine relations' was applied 41'463 times.
  - rule 'linear: simplified rhs' was applied 147'630 times.
  - rule 'linear: tightened into equality' was applied 9 times.
  - rule 'linear: variable substitution 1' was applied 25 times.
  - rule 'linear: variable substitution 2' was applied 206 times.
  - rule 'linear: variable substitution 3' was applied 81 times.
  - rule 'no_overlap: inferred from x != y constraints' was applied 1 time.
  - rule 'presolve: 189 unused variables removed.' was applied 1 time.
  - rule 'presolve: iteration' was applied 3 times.
  - rule 'probing: reduced enforced constraint to implication.' was applied 5 times.
  - rule 'symmetry: fixed to false in general orbit' was applied 1 time.

Presolved optimization model '': (model_fingerprint: 0xdeb3a5bc9ec5ff3c)
#Variables: 2'406 (#ints: 17 in objective)
  - 347 Booleans in [0,1]
  - 1'615 different domains in [-20581,24120] with a largest complexity of 22.
#kExactlyOne: 7 (#literals: 21)
#kInterval: 16
#kLinear1: 2 (#enforced: 2 #multi: 1)
#kLinear2: 3'692 (#enforced: 3'571 #multi: 941)
#kLinear3: 11'657 (#enforced: 10'179)
#kLinearN: 26'610 (#enforced: 25'518) (#terms: 262'524)
#kNoOverlap: 1 (#intervals: 16)

Preloading model.
#Bound   5.84s best:inf   next:[164,17947] initial_domain
[Symmetry] Graph for symmetry has 47'699 nodes and 348'587 arcs.
[Symmetry] Symmetry computation done. time: 0.011143 dtime: 0.0197303
#Model   5.91s var:2406/2406 constraints:41985/41985

Starting search at 5.93s with 32 workers.
17 full problem subsolvers: [core, default_lp, fixed, lb_tree_search, max_lp, no_lp, objective_lb_search, objective_lb_search_max_lp, objective_lb_search_no_lp, objective_shaving_search_max_lp, objective_shaving_search_no_lp, probing, probing_max_lp, pseudo_costs, quick_restart, quick_restart_no_lp, reduced_costs]
13 first solution subsolvers: [fj_long_default, fj_long_lin_default, fj_long_random, fj_short_default, fj_short_lin_default, fj_short_lin_random, fj_short_random, fs_random(2), fs_random_no_lp, fs_random_quick_restart(2), fs_random_quick_restart_no_lp]
13 incomplete subsolvers: [feasibility_pump, graph_arc_lns, graph_cst_lns, graph_dec_lns, graph_var_lns, rins/rens, rnd_cst_lns, rnd_var_lns, scheduling_intervals_lns, scheduling_precedences_lns, scheduling_time_window_lns, violation_ls(2)]
3 helper subsolvers: [neighborhood_helper, synchronization_agent, update_gap_integral]
#Bound   6.59s best:inf   next:[231,17947] fs_random_quick_restart_no_lp (initial_propagation)
#Bound   7.04s best:inf   next:[248,17947] objective_lb_search_no_lp
#1       7.11s best:7063  next:[248,7062] no_lp (fixed_bools=0/427)
#Bound   7.16s best:7063  next:[249,7062] objective_lb_search
#Bound   7.20s best:7063  next:[279,7062] objective_lb_search_no_lp
#Bound   7.32s best:7063  next:[1257,7062] pseudo_costs
#Bound   7.39s best:7063  next:[1845,7062] pseudo_costs
#Bound   7.47s best:7063  next:[2313,7062] pseudo_costs
#2       7.49s best:6993  next:[2313,6992] no_lp (fixed_bools=0/452)
#Bound   7.60s best:6993  next:[2322,6992] objective_lb_search_max_lp
#3       7.67s best:6535  next:[2322,6534] no_lp (fixed_bools=0/488)
#4       7.82s best:6039  next:[2322,6038] no_lp (fixed_bools=0/517)
#5       8.11s best:6003  next:[2322,6002] no_lp (fixed_bools=0/535)
#6       8.47s best:5785  next:[2322,5784] no_lp (fixed_bools=0/563)
#7       9.02s best:5781  next:[2322,5780] no_lp (fixed_bools=0/565)
#Bound   9.14s best:5781  next:[2348,5780] reduced_costs
#Bound   9.33s best:5781  next:[2351,5780] reduced_costs
#Bound   9.52s best:5781  next:[2352,5780] reduced_costs
#Bound  11.50s best:5781  next:[2358,5780] objective_lb_search_max_lp
#8      12.69s best:5775  next:[2358,5774] quick_restart_no_lp (fixed_bools=0/741)
#9      13.08s best:5378  next:[2358,5377] no_lp (fixed_bools=0/602)
#Bound  13.35s best:5378  next:[2387,5377] reduced_costs
#10     13.47s best:5369  next:[2387,5368] no_lp (fixed_bools=0/606)
#11     14.22s best:5366  next:[2387,5365] no_lp (fixed_bools=0/634)
#12     14.46s best:5355  next:[2387,5354] no_lp (fixed_bools=0/654)
#13     14.90s best:5354  next:[2387,5353] quick_restart_no_lp (fixed_bools=0/829)
#14     15.01s best:5353  next:[2387,5352] no_lp (fixed_bools=0/666)
#15     15.96s best:5350  next:[2387,5349] rnd_var_lns (d=0.98 s=160 t=0.10 p=1.00 stall=9 h=auto_l0) [hint]
#16     16.31s best:5349  next:[2387,5348] violation_ls(batch:11 #solutions_imported:8 #lin_moves:65'679 #lin_evals:314'372 #gen_moves:13'375 #gen_evals:2'205 #comp_moves:2'391 #backtracks:5'488 #weight_updates:15'474)
#17     17.54s best:5348  next:[2387,5347] rnd_var_lns (d=0.99 s=172 t=0.10 p=1.00 stall=0 h=auto_l0) [hint]
#18     18.05s best:5346  next:[2387,5345] quick_restart_no_lp (fixed_bools=0/967)
#19     18.50s best:5341  next:[2387,5340] quick_restart_no_lp (fixed_bools=0/972)
#20     19.01s best:5339  next:[2387,5338] quick_restart_no_lp (fixed_bools=0/978)
#21     19.20s best:5332  next:[2387,5331] quick_restart_no_lp (fixed_bools=0/985)
#22     19.30s best:5295  next:[2387,5294] rnd_var_lns (d=0.99 s=184 t=0.10 p=1.00 stall=0 h=auto_l0)
#Bound  19.32s best:5295  next:[2389,5294] pseudo_costs
#23     19.44s best:5237  next:[2389,5236] rins_lp_lns (d=0.85 s=193 t=0.10 p=0.71 stall=7 h=auto_l0)
#24     20.03s best:5236  next:[2389,5235] graph_dec_lns (d=0.99 s=189 t=0.10 p=1.00 stall=0 h=auto_l0)
#25     20.34s best:5234  next:[2389,5233] quick_restart_no_lp (fixed_bools=0/1069)
#26     20.87s best:5231  next:[2389,5230] quick_restart_no_lp (fixed_bools=0/1075)
#27     21.18s best:5169  next:[2389,5168] rnd_var_lns (d=0.99 s=198 t=0.10 p=1.00 stall=0 h=auto_l0)
#28     21.24s best:5168  next:[2389,5167] violation_ls(batch:14 #solutions_imported:11 #lin_moves:57'239 #lin_evals:331'710 #gen_moves:50'920 #gen_evals:7'930 #comp_moves:5'439 #backtracks:22'730 #weight_updates:3'512)
#29     21.25s best:5167  next:[2389,5166] violation_ls(batch:14 #solutions_imported:11 #lin_moves:73'452 #lin_evals:365'709 #gen_moves:20'612 #gen_evals:3'260 #comp_moves:3'503 #backtracks:8'550 #weight_updates:18'009)
#30     21.49s best:5165  next:[2389,5164] quick_restart_no_lp (fixed_bools=0/1133)
#31     21.77s best:5133  next:[2389,5132] quick_restart_no_lp (fixed_bools=0/1162)
#32     21.88s best:5116  next:[2389,5115] quick_restart_no_lp (fixed_bools=0/1170)
#33     22.42s best:5034  next:[2389,5033] graph_arc_lns (d=0.99 s=201 t=0.10 p=1.00 stall=2 h=auto_l0)
#34     22.66s best:5030  next:[2389,5029] quick_restart_no_lp (fixed_bools=0/1232)
#35     22.85s best:5007  next:[2389,5006] quick_restart_no_lp (fixed_bools=0/1261)
#36     22.96s best:5006  next:[2389,5005] quick_restart_no_lp (fixed_bools=0/1262)
#37     23.07s best:5005  next:[2389,5004] violation_ls(batch:15 #solutions_imported:12 #lin_moves:57'239 #lin_evals:331'725 #gen_moves:50'925 #gen_evals:7'930 #comp_moves:5'440 #backtracks:22'732 #weight_updates:3'512)
#38     23.09s best:5004  next:[2389,5003] violation_ls(batch:15 #solutions_imported:12 #lin_moves:73'453 #lin_evals:365'726 #gen_moves:20'612 #gen_evals:3'260 #comp_moves:3'503 #backtracks:8'550 #weight_updates:18'009)
#39     23.24s best:4983  next:[2389,4982] quick_restart_no_lp (fixed_bools=0/1273)
#40     23.50s best:4982  next:[2389,4981] quick_restart_no_lp (fixed_bools=0/1278)
#41     23.69s best:4964  next:[2389,4963] quick_restart_no_lp (fixed_bools=0/1291)
#Bound  24.61s best:4964  next:[2444,4963] objective_lb_search_max_lp
#42     24.96s best:4961  next:[2444,4960] quick_restart_no_lp (fixed_bools=0/1418)
#43     25.43s best:4960  next:[2444,4959] violation_ls(batch:16 #solutions_imported:13 #lin_moves:57'257 #lin_evals:331'835 #gen_moves:50'925 #gen_evals:7'930 #comp_moves:5'440 #backtracks:22'732 #weight_updates:3'521)
#44     25.44s best:4959  next:[2444,4958] violation_ls(batch:16 #solutions_imported:13 #lin_moves:73'453 #lin_evals:365'815 #gen_moves:20'647 #gen_evals:3'263 #comp_moves:3'506 #backtracks:8'566 #weight_updates:18'009)
#45     26.02s best:4958  next:[2444,4957] quick_restart_no_lp (fixed_bools=0/1482)
#46     26.62s best:4795  next:[2444,4794] graph_cst_lns (d=0.99 s=226 t=0.10 p=1.00 stall=12 h=auto_l0)
#47     27.11s best:4774  next:[2444,4773] graph_dec_lns (d=0.99 s=227 t=0.10 p=1.00 stall=0 h=auto_l0)
#48     28.08s best:4772  next:[2444,4771] violation_ls(batch:17 #solutions_imported:14 #lin_moves:57'258 #lin_evals:331'852 #gen_moves:50'925 #gen_evals:7'930 #comp_moves:5'440 #backtracks:22'732 #weight_updates:3'521)
#49     28.09s best:4771  next:[2444,4770] violation_ls(batch:17 #solutions_imported:14 #lin_moves:73'454 #lin_evals:365'832 #gen_moves:20'647 #gen_evals:3'263 #comp_moves:3'506 #backtracks:8'566 #weight_updates:18'009)
#50     29.08s best:4755  next:[2444,4754] quick_restart_no_lp (fixed_bools=0/1632)
#51     30.39s best:4754  next:[2444,4753] violation_ls(batch:18 #solutions_imported:15 #lin_moves:57'259 #lin_evals:331'868 #gen_moves:50'925 #gen_evals:7'930 #comp_moves:5'440 #backtracks:22'732 #weight_updates:3'521)
#52     30.40s best:4750  next:[2444,4749] quick_restart_no_lp (fixed_bools=0/1680)
#53     30.53s best:4650  next:[2444,4649] rins_lp_lns (d=0.85 s=257 t=0.10 p=0.64 stall=2 h=auto_l0)
#54     32.43s best:4644  next:[2444,4643] graph_dec_lns (d=1.00 s=253 t=0.10 p=1.00 stall=0 h=auto_l0)
#55     33.04s best:4643  next:[2444,4642] violation_ls(batch:19 #solutions_imported:16 #lin_moves:73'561 #lin_evals:366'494 #gen_moves:20'658 #gen_evals:3'264 #comp_moves:3'507 #backtracks:8'571 #weight_updates:18'072)
#56     33.45s best:4629  next:[2444,4628] rnd_var_lns (d=0.99 s=260 t=0.10 p=0.94 stall=0 h=auto_l0)
#57     34.67s best:4587  next:[2444,4586] graph_dec_lns (d=0.99 s=265 t=0.10 p=0.94 stall=1 h=auto_l0)
#58     37.10s best:4586  next:[2444,4585] quick_restart_no_lp (fixed_bools=0/1800)
#59     38.41s best:4581  next:[2444,4580] rins_lp_lns (d=0.82 s=293 t=0.10 p=0.57 stall=2 h=auto_l0)
#60     40.58s best:4551  next:[2444,4550] rnd_cst_lns (d=0.99 s=297 t=0.10 p=0.84 stall=2 h=auto_l0)
#61     41.43s best:4541  next:[2444,4540] quick_restart_no_lp (fixed_bools=0/1920)
#62     41.95s best:4505  next:[2444,4504] graph_cst_lns (d=0.99 s=300 t=0.10 p=0.89 stall=0 h=auto_l0)
#63     43.28s best:4500  next:[2444,4499] quick_restart_no_lp (fixed_bools=0/1983)
#64     43.43s best:4495  next:[2444,4494] quick_restart_no_lp (fixed_bools=0/1987)
#65     43.52s best:4440  next:[2444,4439] rins_lp_lns (d=0.88 s=317 t=0.10 p=0.62 stall=0 h=auto_l0)
#66     46.55s best:4425  next:[2444,4424] rnd_var_lns (d=0.99 s=320 t=0.10 p=0.81 stall=1 h=auto_l0)
#Bound  52.80s best:4425  next:[2463,4424] objective_lb_search_max_lp
#67     55.22s best:4404  next:[2463,4403] rnd_var_lns (d=0.99 s=369 t=0.10 p=0.76 stall=2 h=auto_l0)
#68     56.30s best:4401  next:[2463,4400] quick_restart_no_lp (fixed_bools=0/2286)
#69     57.10s best:4398  next:[2463,4397] quick_restart_no_lp (fixed_bools=0/2308)
#70     57.48s best:4395  next:[2463,4394] quick_restart_no_lp (fixed_bools=0/2313)
#71     57.80s best:4392  next:[2463,4391] quick_restart_no_lp (fixed_bools=0/2322)
#72     57.87s best:4391  next:[2463,4390] quick_restart_no_lp (fixed_bools=0/2329)
#73     58.26s best:4390  next:[2463,4389] violation_ls(batch:29 #solutions_imported:23 #lin_moves:76'798 #lin_evals:541'357 #gen_moves:106'243 #gen_evals:16'589 #comp_moves:14'659 #backtracks:45'773 #weight_updates:4'497)
#74     58.27s best:4389  next:[2463,4388] violation_ls(batch:29 #solutions_imported:22 #lin_moves:114'241 #lin_evals:621'825 #gen_moves:48'487 #gen_evals:7'174 #comp_moves:8'495 #backtracks:19'986 #weight_updates:27'625)
#75     58.99s best:4388  next:[2463,4387] quick_restart_no_lp (fixed_bools=0/2348)
#76     59.62s best:4387  next:[2463,4386] quick_restart_no_lp (fixed_bools=0/2348)
#77     59.79s best:4384  next:[2463,4383] quick_restart_no_lp (fixed_bools=0/2353)
#78     60.53s best:4383  next:[2463,4382] violation_ls(batch:30 #solutions_imported:24 #lin_moves:76'830 #lin_evals:541'517 #gen_moves:106'243 #gen_evals:16'589 #comp_moves:14'659 #backtracks:45'773 #weight_updates:4'513)
#79     60.54s best:4382  next:[2463,4381] violation_ls(batch:30 #solutions_imported:23 #lin_moves:114'241 #lin_evals:621'877 #gen_moves:48'509 #gen_evals:7'176 #comp_moves:8'499 #backtracks:19'995 #weight_updates:27'625)
#80     61.43s best:4374  next:[2463,4373] rnd_var_lns (d=0.99 s=394 t=0.10 p=0.74 stall=0 h=auto_l0)
#81     62.06s best:4371  next:[2463,4370] quick_restart_no_lp (fixed_bools=0/2449)
#82     62.73s best:4370  next:[2463,4369] rnd_cst_lns (d=0.99 s=407 t=0.10 p=0.74 stall=1 h=auto_l0)
#83     62.91s best:4368  next:[2463,4367] rins_lp_lns (d=0.86 s=415 t=0.10 p=0.57 stall=2 h=auto_l0)
#84     63.05s best:4360  next:[2463,4359] rnd_var_lns (d=0.99 s=406 t=0.10 p=0.75 stall=1 h=auto_l0)
#85     65.67s best:4357  next:[2463,4356] rnd_cst_lns (d=0.99 s=419 t=0.10 p=0.72 stall=0 h=auto_l0)
#86     71.69s best:4351  next:[2463,4350] graph_arc_lns (d=0.99 s=445 t=0.10 p=0.71 stall=4 h=auto_l0)
#87     79.44s best:4309  next:[2463,4308] rins_lp_lns (d=0.88 s=488 t=0.10 p=0.57 stall=3 h=auto_l0)
#Bound  81.02s best:4309  next:[2466,4308] objective_lb_search_max_lp
#88     82.99s best:4308  next:[2466,4307] quick_restart_no_lp (fixed_bools=0/2707)
#89     83.10s best:4306  next:[2466,4305] violation_ls(batch:39 #solutions_imported:29 #lin_moves:160'463 #lin_evals:875'671 #gen_moves:66'297 #gen_evals:8'629 #comp_moves:10'257 #backtracks:28'007 #weight_updates:41'570)
#90     83.69s best:4282  next:[2466,4281] quick_restart_no_lp (fixed_bools=0/2721)
#91     88.12s best:4259  next:[2466,4258] quick_restart_no_lp (fixed_bools=0/2778)
#92     88.30s best:4256  next:[2466,4255] quick_restart_no_lp (fixed_bools=0/2783)
#93     88.47s best:4254  next:[2466,4253] violation_ls(batch:41 #solutions_imported:32 #lin_moves:106'362 #lin_evals:798'271 #gen_moves:162'786 #gen_evals:21'108 #comp_moves:17'244 #backtracks:72'739 #weight_updates:5'586)
#94     88.48s best:4253  next:[2466,4252] violation_ls(batch:41 #solutions_imported:31 #lin_moves:160'464 #lin_evals:897'673 #gen_moves:76'144 #gen_evals:9'338 #comp_moves:10'602 #backtracks:32'757 #weight_updates:41'678)
#95     88.53s best:4217  next:[2466,4216] rins_lp_lns (d=0.88 s=539 t=0.10 p=0.56 stall=1 h=auto_l0)
#96     89.02s best:4210  next:[2466,4209] quick_restart_no_lp (fixed_bools=0/2841)
#97     90.56s best:4206  next:[2466,4205] quick_restart_no_lp (fixed_bools=0/2851)
#98     90.74s best:4205  next:[2466,4204] violation_ls(batch:42 #solutions_imported:33 #lin_moves:106'362 #lin_evals:798'359 #gen_moves:162'833 #gen_evals:21'109 #comp_moves:17'247 #backtracks:72'761 #weight_updates:5'586)
#99     90.75s best:4204  next:[2466,4203] violation_ls(batch:42 #solutions_imported:32 #lin_moves:160'464 #lin_evals:897'750 #gen_moves:76'176 #gen_evals:9'339 #comp_moves:10'604 #backtracks:32'772 #weight_updates:41'678)
#100    91.79s best:4203  next:[2466,4202] quick_restart_no_lp (fixed_bools=0/2858)
#101    93.43s best:4201  next:[2466,4200] quick_restart_no_lp (fixed_bools=0/2862)
#102    93.46s best:4200  next:[2466,4199] violation_ls(batch:43 #solutions_imported:34 #lin_moves:106'362 #lin_evals:798'374 #gen_moves:162'840 #gen_evals:21'109 #comp_moves:17'248 #backtracks:72'764 #weight_updates:5'586)
#103    93.47s best:4199  next:[2466,4198] violation_ls(batch:43 #solutions_imported:33 #lin_moves:160'710 #lin_evals:898'943 #gen_moves:76'176 #gen_evals:9'339 #comp_moves:10'604 #backtracks:32'772 #weight_updates:41'797)
#104    93.73s best:4176  next:[2466,4175] graph_arc_lns (d=0.99 s=557 t=0.10 p=0.66 stall=1 h=auto_l0)
#105    94.13s best:4120  next:[2466,4119] rins_pump_lns (d=0.88 s=563 t=0.10 p=0.56 stall=1 h=auto_l0)
#Bound 102.70s best:4120  next:[2468,4119] objective_lb_search_max_lp
#106   114.50s best:4119  next:[2468,4118] graph_dec_lns (d=0.99 s=658 t=0.10 p=0.65 stall=3 h=auto_l0)
#107   127.55s best:4118  next:[2468,4117] quick_restart (fixed_bools=0/1793)
#108   127.98s best:4117  next:[2468,4116] quick_restart_no_lp (fixed_bools=0/3451)
#109   128.44s best:4116  next:[2468,4115] violation_ls(batch:57 #solutions_imported:37 #lin_moves:137'174 #lin_evals:1'090'806 #gen_moves:232'965 #gen_evals:28'152 #comp_moves:20'586 #backtracks:106'156 #weight_updates:27'194)
#110   128.46s best:4115  next:[2468,4114] violation_ls(batch:57 #solutions_imported:36 #lin_moves:160'774 #lin_evals:1'110'045 #gen_moves:132'284 #gen_evals:23'528 #comp_moves:20'586 #backtracks:55'826 #weight_updates:42'168)
#111   129.79s best:4110  next:[2468,4109] quick_restart_no_lp (fixed_bools=0/3469)
#112   130.35s best:4109  next:[2468,4108] quick_restart_no_lp (fixed_bools=0/3483)
#113   131.23s best:4105  next:[2468,4104] rnd_var_lns (d=0.99 s=739 t=0.10 p=0.62 stall=2 h=auto_l0)
#114   138.33s best:4089  next:[2468,4088] rnd_var_lns (d=0.99 s=777 t=0.10 p=0.62 stall=1 h=auto_l0)
#115   142.52s best:4086  next:[2468,4085] graph_cst_lns (d=0.99 s=794 t=0.10 p=0.62 stall=2 h=auto_l0)
#116   142.83s best:4083  next:[2468,4082] quick_restart_no_lp (fixed_bools=2/3583)
#117   142.97s best:4082  next:[2468,4081] violation_ls(batch:63 #solutions_imported:40 #lin_moves:137'180 #lin_evals:1'185'599 #gen_moves:269'272 #gen_evals:32'572 #comp_moves:26'160 #backtracks:121'520 #weight_updates:27'564)
#118   142.98s best:4081  next:[2468,4080] violation_ls(batch:63 #solutions_imported:39 #lin_moves:180'504 #lin_evals:1'242'620 #gen_moves:154'665 #gen_evals:25'882 #comp_moves:24'218 #backtracks:65'196 #weight_updates:42'654)
#119   143.60s best:4080  next:[2468,4079] quick_restart_no_lp (fixed_bools=2/3591)
#120   146.28s best:4079  next:[2468,4078] violation_ls(batch:64 #solutions_imported:40 #lin_moves:180'504 #lin_evals:1'254'015 #gen_moves:159'676 #gen_evals:26'165 #comp_moves:24'437 #backtracks:67'592 #weight_updates:42'722)
#121   146.43s best:4065  next:[2468,4064] rins_lp_lns (d=0.87 s=825 t=0.10 p=0.53 stall=2 h=auto_l0)
#Bound 183.68s best:4065  next:[2470,4064] objective_lb_search_max_lp
#Bound 212.52s best:4065  next:[2472,4064] objective_lb_search_max_lp
#Bound 263.39s best:4065  next:[2474,4064] objective_lb_search_max_lp
#Bound 291.45s best:4065  next:[2475,4064] objective_lb_search_max_lp
#Bound 342.44s best:4065  next:[2476,4064] objective_lb_search_max_lp
#122   436.95s best:4051  next:[2476,4050] quick_restart_no_lp (fixed_bools=2/5178)
#123   438.27s best:4047  next:[2476,4046] quick_restart_no_lp (fixed_bools=2/5185)
#124   439.36s best:4045  next:[2476,4044] quick_restart_no_lp (fixed_bools=2/5195)
#125   439.90s best:4044  next:[2476,4043] quick_restart_no_lp (fixed_bools=2/5196)
#126   439.94s best:4043  next:[2476,4042] violation_ls(batch:178 #solutions_imported:43 #perturbations:1 #lin_moves:146'861 #lin_evals:3'211'396 #gen_moves:442'297 #gen_evals:151'603 #comp_moves:51'577 #backtracks:195'283 #weight_updates:28'040)
#127   441.94s best:4040  next:[2476,4039] quick_restart_no_lp (fixed_bools=2/5202)
#128   442.01s best:4039  next:[2476,4038] violation_ls(batch:179 #solutions_imported:44 #perturbations:1 #lin_moves:146'862 #lin_evals:3'211'413 #gen_moves:442'297 #gen_evals:151'603 #comp_moves:51'577 #backtracks:195'283 #weight_updates:28'040)
#129   442.02s best:4037  next:[2476,4036] violation_ls(batch:179 #solutions_imported:43 #perturbations:1 #lin_moves:190'210 #lin_evals:3'079'738 #gen_moves:344'816 #gen_evals:140'910 #comp_moves:53'627 #backtracks:145'510 #weight_updates:43'145)
#130   444.19s best:4029  next:[2476,4028] rnd_var_lns (d=1.00 s=2287 t=0.10 p=0.55 stall=3 h=auto_l0)
#Bound 458.72s best:4029  next:[2483,4028] objective_lb_search_max_lp
#131   468.39s best:4014  next:[2483,4013] quick_restart_no_lp (fixed_bools=2/5414)
#132   469.04s best:4013  next:[2483,4012] violation_ls(batch:189 #solutions_imported:46 #perturbations:1 #lin_moves:146'910 #lin_evals:3'364'410 #gen_moves:473'907 #gen_evals:161'015 #comp_moves:56'276 #backtracks:208'723 #weight_updates:28'258)
#133   469.05s best:4012  next:[2483,4011] violation_ls(batch:189 #solutions_imported:45 #perturbations:1 #lin_moves:190'210 #lin_evals:3'237'361 #gen_moves:376'055 #gen_evals:148'703 #comp_moves:58'462 #backtracks:158'707 #weight_updates:43'295)
#134   497.89s best:4011  next:[2483,4010] quick_restart_no_lp (fixed_bools=2/5532)
#135   498.25s best:4009  next:[2483,4008] quick_restart_no_lp (fixed_bools=2/5547)
#136   498.89s best:4008  next:[2483,4007] violation_ls(batch:200 #solutions_imported:48 #perturbations:1 #lin_moves:146'911 #lin_evals:3'550'588 #gen_moves:557'610 #gen_evals:171'003 #comp_moves:59'802 #backtracks:248'809 #weight_updates:28'977)
#137   505.68s best:3997  next:[2483,3996] quick_restart_no_lp (fixed_bools=2/5602)
#Bound 562.78s best:3997  next:[2486,3996] objective_lb_search_max_lp
#Bound 596.18s best:3997  next:[2487,3996] objective_lb_search_max_lp
#Bound 657.46s best:3997  next:[2488,3996] objective_lb_search_max_lp
#Bound 693.07s best:3997  next:[2489,3996] objective_lb_search_max_lp
#Bound 704.47s best:3997  next:[2490,3996] objective_lb_search_max_lp
#Bound 807.19s best:3997  next:[2491,3996] objective_lb_search_max_lp
#Bound 823.34s best:3997  next:[2494,3996] objective_lb_search_max_lp
#138   903.75s best:3961  next:[2494,3960] rnd_var_lns (d=0.99 s=4511 t=0.10 p=0.52 stall=0 h=auto_l0)
#Bound 997.64s best:3961  next:[2498,3960] objective_lb_search_max_lp
#139   1002.26s best:3934  next:[2498,3933] rnd_cst_lns (d=0.99 s=4982 t=0.10 p=0.52 stall=3 h=auto_l0)
#140   1003.07s best:3933  next:[2498,3932] violation_ls(batch:391 #solutions_imported:52 #perturbations:2 #lin_moves:1'648'194 #lin_evals:14'717'787 #gen_moves:873'851 #gen_evals:209'300 #comp_moves:70'297 #backtracks:401'674 #weight_updates:40'045)
#141   1003.08s best:3932  next:[2498,3931] violation_ls(batch:391 #solutions_imported:50 #perturbations:2 #lin_moves:1'188'424 #lin_evals:9'255'538 #gen_moves:780'492 #gen_evals:283'236 #comp_moves:80'327 #backtracks:349'968 #weight_updates:47'441)
#142   1004.46s best:3930  next:[2498,3929] quick_restart_no_lp (fixed_bools=2/7354)
#143   1005.04s best:3929  next:[2498,3928] quick_restart_no_lp (fixed_bools=2/7358)
#144   1005.25s best:3928  next:[2498,3927] quick_restart_no_lp (fixed_bools=2/7358)
#145   1006.10s best:3927  next:[2498,3926] violation_ls(batch:392 #solutions_imported:53 #perturbations:2 #lin_moves:1'648'194 #lin_evals:14'717'900 #gen_moves:873'910 #gen_evals:209'305 #comp_moves:70'300 #backtracks:401'702 #weight_updates:40'045)
#146   1006.11s best:3926  next:[2498,3925] violation_ls(batch:392 #solutions_imported:51 #perturbations:2 #lin_moves:1'188'424 #lin_evals:9'255'541 #gen_moves:780'493 #gen_evals:283'236 #comp_moves:80'328 #backtracks:349'968 #weight_updates:47'441)
#147   1006.54s best:3925  next:[2498,3924] quick_restart_no_lp (fixed_bools=2/7376)
#148   1008.21s best:3924  next:[2498,3923] graph_cst_lns (d=0.99 s=5011 t=0.10 p=0.52 stall=0 h=auto_l0)
#149   1379.73s best:3910  next:[2498,3909] rins_lp_lns (d=0.87 s=6794 t=0.10 p=0.50 stall=13 h=auto_l0)
#150   1382.73s best:3907  next:[2498,3906] rins_pump_lns (d=0.88 s=6806 t=0.10 p=0.50 stall=0 h=auto_l0)
#151   1383.02s best:3903  next:[2498,3902] quick_restart_no_lp (fixed_bools=2/8250)
#152   1383.28s best:3900  next:[2498,3899] rnd_var_lns (d=0.99 s=6797 t=0.10 p=0.51 stall=3 h=auto_l0)
#153   1384.85s best:3899  next:[2498,3898] violation_ls(batch:534 #solutions_imported:56 #perturbations:3 #lin_moves:3'044'860 #lin_evals:23'541'268 #gen_moves:873'910 #gen_evals:209'305 #comp_moves:70'300 #backtracks:401'702 #weight_updates:53'682)
#154   1386.48s best:3898  next:[2498,3897] rnd_cst_lns (d=0.99 s=6811 t=0.10 p=0.51 stall=0 h=auto_l0)
#155   1387.02s best:3893  next:[2498,3892] rnd_var_lns (d=0.99 s=6822 t=0.10 p=0.51 stall=0 h=auto_l0)
#156   1387.22s best:3892  next:[2498,3891] violation_ls(batch:535 #solutions_imported:57 #perturbations:3 #lin_moves:3'044'860 #lin_evals:23'552'375 #gen_moves:878'895 #gen_evals:209'877 #comp_moves:70'525 #backtracks:404'082 #weight_updates:53'751)
#157   1387.44s best:3891  next:[2498,3890] violation_ls(batch:535 #solutions_imported:55 #perturbations:3 #lin_moves:1'588'576 #lin_evals:15'035'818 #gen_moves:972'640 #gen_evals:387'409 #comp_moves:107'253 #backtracks:432'565 #weight_updates:57'630)
#158   1387.85s best:3879  next:[2498,3878] rins_pump_lns (d=0.88 s=6832 t=0.10 p=0.50 stall=1 h=auto_l0)
#159   1407.29s best:3877  next:[2498,3876] graph_var_lns (d=0.99 s=6914 t=0.10 p=0.51 stall=3 h=auto_l0)
#160   1409.10s best:3876  next:[2498,3875] violation_ls(batch:543 #solutions_imported:59 #perturbations:3 #lin_moves:3'085'205 #lin_evals:23'753'052 #gen_moves:885'960 #gen_evals:210'663 #comp_moves:70'752 #backtracks:407'501 #weight_updates:83'489)
#161   1410.37s best:3867  next:[2498,3866] graph_arc_lns (d=0.99 s=6927 t=0.10 p=0.51 stall=5 h=auto_l0)
#162   1410.85s best:3862  next:[2498,3861] quick_restart_no_lp (fixed_bools=2/8529)
#163   1411.30s best:3857  next:[2498,3856] quick_restart_no_lp (fixed_bools=2/8537)
#164   1411.95s best:3856  next:[2498,3855] violation_ls(batch:544 #solutions_imported:60 #perturbations:3 #lin_moves:3'094'099 #lin_evals:23'780'163 #gen_moves:885'960 #gen_evals:210'663 #comp_moves:70'752 #backtracks:407'501 #weight_updates:83'893)
#165   1411.96s best:3855  next:[2498,3854] violation_ls(batch:544 #solutions_imported:58 #perturbations:3 #lin_moves:1'588'577 #lin_evals:15'186'094 #gen_moves:1'037'566 #gen_evals:395'420 #comp_moves:111'296 #backtracks:463'002 #weight_updates:58'245)
#166   1412.10s best:3837  next:[2498,3836] rins_pump_lns (d=0.87 s=6947 t=0.10 p=0.50 stall=2 h=auto_l0)
#167   1416.30s best:3822  next:[2498,3821] rins_lp_lns (d=0.88 s=6972 t=0.10 p=0.50 stall=1 h=auto_l0)
#Bound 1435.94s best:3822  next:[2501,3821] objective_lb_search_max_lp
#Bound 1607.97s best:3822  next:[2503,3821] objective_lb_search_max_lp
#Bound 1635.30s best:3822  next:[2504,3821] objective_lb_search_max_lp
#168   1706.40s best:3821  next:[2504,3820] graph_arc_lns (d=0.99 s=8406 t=0.10 p=0.51 stall=0 h=auto_l0)
#Bound 1879.49s best:3821  next:[2506,3820] objective_lb_search_max_lp
#Bound 2014.04s best:3821  next:[2507,3820] objective_lb_search_max_lp
#169   2018.65s best:3819  next:[2507,3818] graph_dec_lns (d=0.99 s=9945 t=0.10 p=0.51 stall=2 h=auto_l0)
#Bound 2181.22s best:3819  next:[2508,3818] objective_lb_search_max_lp
#170   2250.22s best:3814  next:[2508,3813] rnd_var_lns (d=0.99 s=11118 t=0.10 p=0.51 stall=0 h=auto_l0)
#171   2255.31s best:3766  next:[2508,3765] rnd_var_lns (d=0.99 s=11143 t=0.10 p=0.51 stall=0 h=auto_l0)
#172   2275.24s best:3734  next:[2508,3733] graph_arc_lns (d=0.99 s=11236 t=0.10 p=0.51 stall=13 h=auto_l0)
#173   2434.65s best:3722  next:[2508,3721] graph_arc_lns (d=0.99 s=12010 t=0.10 p=0.51 stall=7 h=auto_l0)
#Bound 2436.93s best:3722  next:[2509,3721] objective_lb_search_max_lp
#Bound 2458.71s best:3722  next:[2510,3721] objective_lb_search_max_lp
#Bound 2737.34s best:3722  next:[2511,3721] objective_lb_search_max_lp
#Bound 2855.41s best:3722  next:[2513,3721] objective_lb_search_max_lp
#Bound 3212.76s best:3722  next:[2514,3721] objective_lb_search_max_lp
#Bound 3235.97s best:3722  next:[2515,3721] objective_lb_search_max_lp
#Bound 3543.12s best:3722  next:[2517,3721] objective_lb_search_max_lp
#Bound 3739.73s best:3722  next:[2518,3721] objective_lb_search_max_lp
#Bound 4049.73s best:3722  next:[2520,3721] objective_lb_search_max_lp
#Bound 4931.25s best:3722  next:[2523,3721] objective_lb_search_max_lp
#Bound 5774.06s best:3722  next:[2525,3721] objective_lb_search_max_lp
#Bound 6219.03s best:3722  next:[2527,3721] objective_lb_search_max_lp
#Bound 6498.92s best:3722  next:[2528,3721] objective_lb_search_max_lp
#Bound 6673.92s best:3722  next:[2529,3721] objective_lb_search_max_lp
#Bound 7088.13s best:3722  next:[2530,3721] objective_lb_search_max_lp
#Bound 7892.12s best:3722  next:[2531,3721] objective_lb_search_max_lp
#Bound 9628.26s best:3722  next:[2532,3721] objective_lb_search_max_lp
#Bound 9931.54s best:3722  next:[2533,3721] objective_lb_search_max_lp
#Bound 10447.15s best:3722  next:[2534,3721] objective_lb_search_max_lp
#Bound 11153.05s best:3722  next:[2535,3721] objective_lb_search_max_lp
#Bound 12277.72s best:3722  next:[2536,3721] objective_lb_search_max_lp
#Bound 12683.42s best:3722  next:[2539,3721] objective_lb_search_max_lp
#174   12848.27s best:3703  next:[2539,3702] rnd_var_lns (d=0.99 s=63143 t=0.10 p=0.50 stall=2 h=auto_l0)
#175   12872.08s best:3677  next:[2539,3676] rnd_var_lns (d=0.99 s=63270 t=0.10 p=0.50 stall=0 h=auto_l0)
#Bound 14824.93s best:3677  next:[2541,3676] objective_lb_search_max_lp
#Bound 15420.61s best:3677  next:[2542,3676] objective_lb_search_max_lp
#Bound 16008.66s best:3677  next:[2543,3676] objective_lb_search_max_lp
#Bound 16565.18s best:3677  next:[2544,3676] objective_lb_search_max_lp
#Bound 17140.86s best:3677  next:[2546,3676] objective_lb_search_max_lp
#Bound 18848.14s best:3677  next:[2548,3676] objective_lb_search_max_lp
#Bound 19895.19s best:3677  next:[2549,3676] objective_lb_search_max_lp
#Bound 21088.52s best:3677  next:[2550,3676] objective_lb_search_max_lp
#Bound 21471.08s best:3677  next:[2551,3676] objective_lb_search_max_lp
#Bound 23093.64s best:3677  next:[2553,3676] objective_lb_search_max_lp
#Bound 23670.20s best:3677  next:[2554,3676] objective_lb_search_max_lp
#Bound 25647.61s best:3677  next:[2555,3676] objective_lb_search_max_lp
#Bound 26923.70s best:3677  next:[2556,3676] lb_tree_search (nodes=439346/445418 rc=3197 decisions=4112163 @root=827 restarts=14) 
#Bound 27519.39s best:3677  next:[2557,3676] objective_lb_search_max_lp
#Bound 28270.00s best:3677  next:[2558,3676] objective_lb_search_max_lp
#Bound 29054.03s best:3677  next:[2559,3676] objective_lb_search_max_lp
#Bound 30718.54s best:3677  next:[2561,3676] objective_lb_search_max_lp
#Bound 32786.49s best:3677  next:[2563,3676] objective_lb_search_max_lp
#Bound 33564.15s best:3677  next:[2565,3676] objective_lb_search_max_lp
#Bound 36287.07s best:3677  next:[2566,3676] objective_lb_search_max_lp
#Bound 37004.60s best:3677  next:[2567,3676] objective_lb_search_max_lp
#Bound 40006.08s best:3677  next:[2568,3676] objective_lb_search_max_lp
#Bound 42104.17s best:3677  next:[2569,3676] lb_tree_search (nodes=434109/434174 rc=5095 decisions=6431997 @root=1291 restarts=15) 
#Bound 43745.73s best:3677  next:[2570,3676] lb_tree_search (nodes=478175/478253 rc=5271 decisions=6683050 @root=1340 restarts=15) 
#Bound 45492.69s best:3677  next:[2571,3676] lb_tree_search (nodes=524368/524452 rc=5462 decisions=6951097 @root=1395 restarts=15) 
#Bound 46172.69s best:3677  next:[2572,3676] objective_lb_search_max_lp
#Bound 48385.27s best:3677  next:[2573,3676] lb_tree_search (nodes=591313/598684 rc=5829 decisions=7400657 @root=1485 restarts=15) 
#Bound 50093.68s best:3677  next:[2574,3676] lb_tree_search (nodes=631962/640023 rc=6009 decisions=7670110 @root=1540 restarts=15) 
#Bound 51915.56s best:3677  next:[2575,3676] lb_tree_search (nodes=673712/682295 rc=6208 decisions=7952087 @root=1595 restarts=15) 
#Bound 53802.46s best:3677  next:[2576,3676] objective_lb_search_max_lp
#Bound 54637.19s best:3677  next:[2577,3676] objective_lb_search_max_lp
#Bound 56644.52s best:3677  next:[2578,3676] objective_lb_search_max_lp
#Bound 57939.46s best:3677  next:[2579,3676] objective_lb_search_max_lp
#Bound 59027.28s best:3677  next:[2581,3676] objective_lb_search_max_lp
#Bound 61800.26s best:3677  next:[2582,3676] objective_lb_search_max_lp
#Bound 62806.83s best:3677  next:[2583,3676] objective_lb_search_max_lp
#Bound 65560.16s best:3677  next:[2584,3676] objective_lb_search_max_lp
#Bound 69930.25s best:3677  next:[2585,3676] lb_tree_search (nodes=1129442/1140287 rc=8769 decisions=10777024 @root=2160 restarts=15) 
#Bound 72866.57s best:3677  next:[2586,3676] lb_tree_search (nodes=1192272/1203325 rc=9158 decisions=11227888 @root=2251 restarts=15) 
#Bound 75896.30s best:3677  next:[2587,3676] lb_tree_search (nodes=1260915/1272140 rc=9544 decisions=11707708 @root=2346 restarts=15) 
#Bound 79058.82s best:3677  next:[2588,3676] lb_tree_search (nodes=1331171/1342552 rc=9910 decisions=12209458 @root=2447 restarts=15) 
#Bound 82379.15s best:3677  next:[2589,3676] objective_lb_search_max_lp
#Bound 85871.83s best:3677  next:[2590,3676] lb_tree_search (nodes=1486261/1497938 rc=10808 decisions=13297612 @root=2663 restarts=15) 

Task timing                                  n [     min,      max]      avg      dev     time         n [     min,      max]      avg      dev    dtime
                             'core':         1 [  24.00h,   24.00h]   24.00h   0.00ns   24.00h         1 [  27.53h,   27.53h]   27.53h   0.00ns   27.53h
                       'default_lp':         1 [  24.00h,   24.00h]   24.00h   0.00ns   24.00h         1 [   2.77h,    2.77h]    2.77h   0.00ns    2.77h
                 'feasibility_pump':     25628 [101.19us,    1.14m]    3.37s 556.21ms   23.98h     25617 [234.03ms,   10.87s] 455.23ms  67.64ms    3.24h
                            'fixed':         1 [  24.00h,   24.00h]   24.00h   0.00ns   24.00h         1 [   2.09h,    2.09h]    2.09h   0.00ns    2.09h
                  'fj_long_default':         1 [426.71ms, 426.71ms] 426.71ms   0.00ns 426.71ms         1 [346.63ms, 346.63ms] 346.63ms   0.00ns 346.63ms
              'fj_long_lin_default':         1 [329.56ms, 329.56ms] 329.56ms   0.00ns 329.56ms         1 [192.35ms, 192.35ms] 192.35ms   0.00ns 192.35ms
                   'fj_long_random':         1 [459.92ms, 459.92ms] 459.92ms   0.00ns 459.92ms         1 [347.33ms, 347.33ms] 347.33ms   0.00ns 347.33ms
                 'fj_short_default':         2 [167.39ms,    1.01s] 587.75ms 420.37ms    1.18s         2 [187.51ms, 198.35ms] 192.93ms   5.42ms 385.86ms
             'fj_short_lin_default':         1 [344.10ms, 344.10ms] 344.10ms   0.00ns 344.10ms         1 [193.44ms, 193.44ms] 193.44ms   0.00ns 193.44ms
              'fj_short_lin_random':         1 [333.67ms, 333.67ms] 333.67ms   0.00ns 333.67ms         1 [197.37ms, 197.37ms] 197.37ms   0.00ns 197.37ms
                  'fj_short_random':         1 [314.29ms, 314.29ms] 314.29ms   0.00ns 314.29ms         1 [185.84ms, 185.84ms] 185.84ms   0.00ns 185.84ms
                        'fs_random':         1 [   1.13s,    1.13s]    1.13s   0.00ns    1.13s         1 [ 33.38ms,  33.38ms]  33.38ms   0.00ns  33.38ms
                        'fs_random':         1 [   1.14s,    1.14s]    1.14s   0.00ns    1.14s         1 [ 27.31ms,  27.31ms]  27.31ms   0.00ns  27.31ms
                  'fs_random_no_lp':         1 [   1.14s,    1.14s]    1.14s   0.00ns    1.14s         1 [ 11.80ms,  11.80ms]  11.80ms   0.00ns  11.80ms
          'fs_random_quick_restart':         1 [   1.13s,    1.13s]    1.13s   0.00ns    1.13s         1 [  1.04ms,   1.04ms]   1.04ms   0.00ns   1.04ms
          'fs_random_quick_restart':         1 [   1.15s,    1.15s]    1.15s   0.00ns    1.15s         1 [ 15.74ms,  15.74ms]  15.74ms   0.00ns  15.74ms
    'fs_random_quick_restart_no_lp':         1 [   1.13s,    1.13s]    1.13s   0.00ns    1.13s         1 [ 50.15ms,  50.15ms]  50.15ms   0.00ns  50.15ms
                    'graph_arc_lns':     35499 [117.56ms,    6.67s]    3.08s 685.26ms   30.36h     35485 [ 10.00ns, 147.03ms]  75.92ms  32.02ms   44.90m
                    'graph_cst_lns':     35499 [ 44.60ms,    6.03s]    3.20s 730.48ms   31.59h     35468 [ 10.00ns, 201.06ms]  72.05ms  33.91ms   42.59m
                    'graph_dec_lns':     35498 [133.24ms,    7.63s]    3.08s 685.04ms   30.40h     35488 [ 10.00ns, 200.64ms]  73.04ms  32.81ms   43.20m
                    'graph_var_lns':     35499 [111.86ms,    7.27s]    3.02s 838.59ms   29.75h     35461 [ 10.00ns, 200.96ms]  70.61ms  35.32ms   41.73m
                   'lb_tree_search':         1 [  24.00h,   24.00h]   24.00h   0.00ns   24.00h         1 [   9.54h,    9.54h]    9.54h   0.00ns    9.54h
                           'max_lp':         1 [  24.00h,   24.00h]   24.00h   0.00ns   24.00h         1 [   5.07h,    5.07h]    5.07h   0.00ns    5.07h
                            'no_lp':         1 [  24.00h,   24.00h]   24.00h   0.00ns   24.00h         1 [   2.53h,    2.53h]    2.53h   0.00ns    2.53h
              'objective_lb_search':         1 [  24.00h,   24.00h]   24.00h   0.00ns   24.00h         1 [   3.13h,    3.13h]    3.13h   0.00ns    3.13h
       'objective_lb_search_max_lp':         1 [  24.00h,   24.00h]   24.00h   0.00ns   24.00h         1 [   4.31h,    4.31h]    4.31h   0.00ns    4.31h
        'objective_lb_search_no_lp':         1 [  24.00h,   24.00h]   24.00h   0.00ns   24.00h         1 [   2.14h,    2.14h]    2.14h   0.00ns    2.14h
  'objective_shaving_search_max_lp':        99 [ 76.79ms,    1.21h]   14.54m   16.68m   24.00h        94 [ 29.10ms,   11.39m]    2.45m    2.87m    3.84h
   'objective_shaving_search_no_lp':        99 [171.38ms,    1.21h]   14.54m   16.68m   24.00h        93 [ 29.14ms,    3.12m]   40.83s   44.76s    1.05h
                          'probing':         1 [  24.00h,   24.00h]   24.00h   0.00ns   24.00h         1 [   3.89h,    3.89h]    3.89h   0.00ns    3.89h
                   'probing_max_lp':         1 [  24.00h,   24.00h]   24.00h   0.00ns   24.00h         1 [   4.91h,    4.91h]    4.91h   0.00ns    4.91h
                     'pseudo_costs':         1 [  24.00h,   24.00h]   24.00h   0.00ns   24.00h         1 [   3.46h,    3.46h]    3.46h   0.00ns    3.46h
                    'quick_restart':         1 [  24.00h,   24.00h]   24.00h   0.00ns   24.00h         1 [   4.88h,    4.88h]    4.88h   0.00ns    4.88h
              'quick_restart_no_lp':         1 [  24.00h,   24.00h]   24.00h   0.00ns   24.00h         1 [   3.45h,    3.45h]    3.45h   0.00ns    3.45h
                    'reduced_costs':         1 [  24.00h,   24.00h]   24.00h   0.00ns   24.00h         1 [   4.94h,    4.94h]    4.94h   0.00ns    4.94h
                        'rins/rens':     35499 [577.42us,    3.37s]    1.02s 678.52ms   10.04h     30931 [ 10.00ns, 150.19ms]  79.99ms  50.18ms   41.23m
                      'rnd_cst_lns':     35499 [ 39.48ms,    6.78s]    3.19s 720.19ms   31.50h     35472 [ 10.00ns, 200.81ms]  72.77ms  33.21ms   43.02m
                      'rnd_var_lns':     35499 [109.96ms,    6.83s]    3.05s 705.83ms   30.09h     35474 [ 10.00ns, 200.25ms]  72.21ms  33.76ms   42.69m
         'scheduling_intervals_lns':     35498 [625.88ms,    7.74s]    4.55s 336.46ms   44.84h     35496 [100.01ms, 100.96ms] 100.23ms 157.03us   59.30m
       'scheduling_precedences_lns':     35498 [552.00ms,    8.07s]    4.78s 369.87ms   47.13h     35495 [100.01ms, 200.67ms] 100.24ms 555.33us   59.30m
       'scheduling_time_window_lns':     35498 [560.19ms,    7.27s]    4.56s 340.33ms   44.93h     35495 [100.01ms, 200.51ms] 100.23ms 554.94us   59.30m
                     'violation_ls':     35499 [  4.63ms, 952.83ms] 259.69ms  93.01ms    2.56h     35499 [  1.17us, 779.36ms] 277.07ms 107.17ms    2.73h
                     'violation_ls':     35499 [  5.04ms, 882.78ms] 251.77ms  80.71ms    2.48h     35499 [  1.53us, 737.17ms] 254.91ms  77.98ms    2.51h

Search stats                          Bools  Conflicts    Branches    Restarts      BoolPropag   IntegerPropag
                           'core':   30'005  5'983'314   8'846'716      77'078  45'602'826'594  17'558'383'760
                     'default_lp':   31'767  2'443'359  21'282'635     757'416   9'474'692'937  19'469'661'430
                          'fixed':    3'365  5'710'071   5'733'519       2'112   2'009'727'037  24'485'098'972
                      'fs_random':      349          0         715         698              50          89'161
                      'fs_random':      349          0         719         698              52          88'152
                'fs_random_no_lp':      364         10         713         698             577         122'649
        'fs_random_quick_restart':      349          0         698         698              50          86'360
        'fs_random_quick_restart':      349          0         717         698              62          87'047
  'fs_random_quick_restart_no_lp':      349         10       1'727       1'304              99         239'077
                 'lb_tree_search':      469      2'946  41'400'834  10'957'017     149'002'084  18'772'691'985
                         'max_lp':    6'102  2'194'839  29'745'570   2'340'660   3'220'529'662  23'323'891'043
                          'no_lp':    8'947  4'049'186  23'194'053   1'210'439   5'610'069'883  30'377'317'101
            'objective_lb_search':    2'038  1'437'769  21'302'537   6'147'015     435'913'158  19'890'585'390
     'objective_lb_search_max_lp':    2'590  1'191'336  18'480'317   2'998'386   1'012'446'072  21'478'896'636
      'objective_lb_search_no_lp':    1'054  2'295'672  16'684'319   4'633'488     230'291'432  24'972'062'224
                        'probing':    4'587      3'566     277'232     108'967       6'246'708      63'198'159
                 'probing_max_lp':    4'587      3'560     270'151     106'613       6'182'273      62'341'889
                   'pseudo_costs':   11'184  2'107'157  36'689'025   3'335'993   3'078'329'847  22'528'225'130
                  'quick_restart':   34'375  1'183'774  39'446'158     495'245   9'901'563'816  13'941'434'590
            'quick_restart_no_lp':   37'485  3'606'416  31'553'813     525'319  24'463'253'946  26'054'661'893
                  'reduced_costs':  204'611  3'676'910  22'722'174     452'927  64'775'835'347  18'461'647'968

SAT stats                           ClassicMinim   LitRemoved   LitLearned  LitForgotten  Subsumed   MClauses  MDecisions  MLitTrue  MSubsumed  MLitRemoved  MReused
                           'core':     5'810'486  139'705'119  132'813'702    83'742'434     4'160     33'421     165'719         0        395        1'360      354
                     'default_lp':     2'239'688   30'807'287   79'950'819    66'607'429     7'336    312'437   3'122'050         0     59'876      730'137   52'006
                          'fixed':     4'079'826   29'270'489  232'308'758   229'562'095    45'146        543       5'666         0        337        2'718      135
                      'fs_random':             0            0            0             0         0          0           0         0          0            0        0
                      'fs_random':             0            0            0             0         0          0           0         0          0            0        0
                'fs_random_no_lp':             0            0           70             0         0          0           0         0          0            0        0
        'fs_random_quick_restart':             0            0            0             0         0          0           0         0          0            0        0
        'fs_random_quick_restart':             0            0            0             0         0          0           0         0          0            0        0
  'fs_random_quick_restart_no_lp':             0            0           41             0         0          0           0         0          0            0        0
                 'lb_tree_search':            18          130       10'179             0         0  5'059'523  26'038'724         0        726        2'880  326'650
                         'max_lp':     2'027'861   18'493'311   42'995'022    33'354'749    13'489    835'631   8'218'852         0     28'073      227'327  169'198
                          'no_lp':     3'785'390   38'568'818   85'522'442    72'364'298    31'444    245'004   3'040'098         0     42'091      416'549   67'274
            'objective_lb_search':     1'403'760   34'575'055   43'810'942    28'656'075     5'923  2'849'988  15'263'932         0      1'478        8'063  286'072
     'objective_lb_search_max_lp':     1'156'866   17'430'626   19'629'059    10'059'973     3'895    782'217   8'988'034         0     24'065      191'022  174'320
      'objective_lb_search_no_lp':     2'223'416   50'467'138   70'349'943    52'680'758    12'284  2'168'709  11'351'871         0        499        2'724  218'718
                        'probing':             0            0        3'606             0         0          0           0         0          0            0        0
                 'probing_max_lp':             0            0        3'596             0         0          0           0         0          0            0        0
                   'pseudo_costs':     1'873'014   16'660'453   59'242'480    54'350'825     3'768  1'045'772   8'015'634         0      3'147       18'599  171'120
                  'quick_restart':       974'819   10'131'612   33'724'223    26'783'884    11'894    205'408   3'341'611         0    130'388    1'564'617   29'990
            'quick_restart_no_lp':     3'077'397   38'499'449  124'430'770   105'019'058    12'577    115'134   1'788'213         1     75'568      881'319   13'219
                  'reduced_costs':     3'155'002   36'309'002  127'687'697   114'586'795    23'973    250'699   2'905'989         5     99'164      769'294   74'163

Lp stats                         Component   Iterations  AddedCuts    OPTIMAL     DUAL_F.  DUAL_U.
                  'default_lp':          1   38'568'847    935'349  5'936'323           1      145
                       'fixed':          1    4'754'042      2'981  6'370'104           0        0
                   'fs_random':          1        2'696        779         43           1        0
                   'fs_random':          1        2'955        872         49           0        0
     'fs_random_quick_restart':          1        2'180        650         33           0        0
     'fs_random_quick_restart':          1          841        382          5           0        0
              'lb_tree_search':          1  196'713'615    295'881    537'038  18'287'470        0
                      'max_lp':          1  100'128'215    614'450  1'593'989   9'265'369        4
         'objective_lb_search':          1   59'063'152    947'578  5'426'904           7       12
  'objective_lb_search_max_lp':          1   77'973'523    236'397    966'511   7'244'311       64
                     'probing':          1   35'615'285  5'870'062    647'750       2'725        9
              'probing_max_lp':          1   20'621'527    448'432    313'422     177'267        1
                'pseudo_costs':          1   51'456'479    775'613  3'227'186   3'985'067      125
               'quick_restart':          1  110'521'217  5'661'067  5'849'385       2'314        3
               'reduced_costs':          1   37'924'610    534'845  3'910'594   2'932'031      202

Lp dimension                                                                        Final dimension of first component
                  'default_lp':   2361 rows, 2394 columns, 9029 entries with magnitude in [4.968444e-03, 1.000000e+00]
                       'fixed':   1989 rows, 2394 columns, 7874 entries with magnitude in [1.089248e-02, 1.000000e+00]
                   'fs_random':   1587 rows, 2394 columns, 6443 entries with magnitude in [2.299220e-02, 1.000000e+00]
                   'fs_random':   1687 rows, 2394 columns, 6780 entries with magnitude in [2.873611e-02, 1.000000e+00]
     'fs_random_quick_restart':   1287 rows, 2394 columns, 5321 entries with magnitude in [2.873611e-02, 1.000000e+00]
     'fs_random_quick_restart':    637 rows, 2394 columns, 2869 entries with magnitude in [2.873611e-02, 1.000000e+00]
              'lb_tree_search':  4077 rows, 2406 columns, 21248 entries with magnitude in [3.379244e-04, 1.000000e+00]
                      'max_lp':   2443 rows, 2406 columns, 9721 entries with magnitude in [4.378875e-03, 1.000000e+00]
         'objective_lb_search':   2083 rows, 2394 columns, 8200 entries with magnitude in [9.754638e-03, 1.000000e+00]
  'objective_lb_search_max_lp':  3010 rows, 2406 columns, 13571 entries with magnitude in [4.972632e-04, 1.000000e+00]
                     'probing':  4673 rows, 2394 columns, 22169 entries with magnitude in [1.718251e-04, 1.000000e+00]
              'probing_max_lp':  4067 rows, 2406 columns, 33841 entries with magnitude in [8.731931e-05, 1.000000e+00]
                'pseudo_costs':   2209 rows, 2406 columns, 8681 entries with magnitude in [2.168199e-03, 1.000000e+00]
               'quick_restart':  3489 rows, 2394 columns, 14714 entries with magnitude in [1.865897e-04, 1.000000e+00]
               'reduced_costs':  2503 rows, 2406 columns, 10744 entries with magnitude in [1.799159e-03, 1.000000e+00]

Lp debug                         CutPropag  CutEqPropag      Adjust  Overflow            Bad  BadScaling
                  'default_lp':         17          166     668'411         0     10'486'082           0
                       'fixed':          0            0       9'636         0         27'403           0
                   'fs_random':          0            0           0         0          2'702           0
                   'fs_random':          0            0           0         0          2'726           0
     'fs_random_quick_restart':          0            0           0         0          1'819           0
     'fs_random_quick_restart':          0            0           0         0          2'731           0
              'lb_tree_search':         20          703  18'818'304         0     50'297'376           0
                      'max_lp':         43          320   9'197'608         0     16'600'442           0
         'objective_lb_search':         65          433   2'016'350         0     18'695'187           0
  'objective_lb_search_max_lp':         27          462   8'169'219         0     20'915'090           0
                     'probing':        424       31'485     641'263         0  2'453'725'555           0
              'probing_max_lp':        198        8'164     490'688         0  2'197'509'154           0
                'pseudo_costs':        134          581   3'715'732         0     26'162'636           0
               'quick_restart':        180        1'213   2'739'150         0     77'974'898           0
               'reduced_costs':         65          376   4'204'927         0     19'318'228           0

Lp pool                          Constraints  Updates  Simplif  Merged  Shortened      Split  Strenghtened             Cuts/Call
                  'default_lp':       11'890    3'748   11'164     157          0     61'161        53'979     935'349/5'178'508
                       'fixed':        5'679        1       26       0          0          0           344         2'981/146'890
                   'fs_random':        3'477        0        0       0          0          0           196             779/2'174
                   'fs_random':        3'570        0        0       0          0          0           195             872/2'290
     'fs_random_quick_restart':        3'080        1        0       0          0          0           194               382/800
     'fs_random_quick_restart':        3'348        1        0       0          0          0           199             650/1'873
              'lb_tree_search':       51'818    8'302  359'338      31          0    635'472       399'493       295'881/953'516
                      'max_lp':       51'352    5'539  287'010      66          0    333'002       342'240     614'450/1'924'864
         'objective_lb_search':       12'216    8'603   13'560      60          0    189'370        72'888     947'578/6'850'359
  'objective_lb_search_max_lp':       51'328    5'275  372'918      37          0    531'570       391'518       236'397/989'514
                     'probing':       11'721  710'248   20'645      39          0  2'323'983       984'167  5'870'062/10'563'822
              'probing_max_lp':       51'370  126'011  318'273      30          0  1'194'971       418'256     448'432/1'575'606
                'pseudo_costs':       51'492    7'480  366'996      89          0    542'025       444'893     775'613/2'343'184
               'quick_restart':       11'644   22'971   11'600     121          0  2'255'289       173'510  5'661'067/17'791'940
               'reduced_costs':       51'740    6'676  316'492      73          0    438'324       369'929     534'845/1'833'760

Lp Cut                                                      fs_ran  fs_ran  fs_ran  fs_ran   defaul  fixed   max_lp     quick_   reduce   pseudo  lb_tre     probin   object   probin   object
                                                    CG_FF:      34      34      30      34   49'611    171   22'538     30'982   35'059   50'569   8'726    139'040   34'843    2'789    9'163
                                                     CG_K:      32      32      28      32   36'924    133   28'973     16'510   39'615   54'143   9'108     71'568   23'176    2'124    9'991
                                                    CG_KL:       -       -       -       -       58      2       22         93      151       82       6      1'414      126        -        9
                                                     CG_R:      27      27      21      27   26'095     89   11'940     23'139   18'524   29'685   6'375    140'053   17'427    2'359    5'619
                                                    CG_RB:       3       3       2       3   75'744    210   48'280     85'234   47'422   78'553  21'054    471'642   76'526    2'973   18'207
                                                   CG_RBP:       -       -       -       -    8'770     23    9'874      7'511   11'358   18'181   4'440     39'072    8'324      454    5'400
                                                   Clique:       -       -       -       -        -      -    5'190          -   10'395   17'577   1'235          -        -    1'451    1'399
                                                       IB:     369     477      64     265  520'948  1'429  339'608  4'948'226  189'134  262'705  97'085  1'304'008  561'315  105'361  102'932
                                                 MIR_1_FF:      98      97      87      98   24'070    165   13'714     48'249   20'477   32'716   9'349    250'101   24'057   23'389    6'684
                                                  MIR_1_K:      20      19      16      20    3'167     42    2'546      4'898    2'974    4'493   1'960     23'457    2'755    4'150    1'167
                                                 MIR_1_KL:       -       -       -       -    1'302      -    1'471      1'587      964      670     603     21'305      271    4'429      182
                                                  MIR_1_R:      27      27      23      27    6'520     49    2'575      9'583    4'110    7'102   1'805     92'375    5'340   10'077    1'266
                                                 MIR_1_RB:      38      36      31      38   34'882    178   30'453    102'798   35'891   51'476  21'182    574'445   41'259   21'501   14'854
                                                MIR_1_RBP:       3       3       3       3    2'355     11    7'497      7'917    7'480   10'302   3'504     35'026    3'275    1'673    2'986
                                                MIR_1_RLT:       -       -       -       -        -      -      333          -      482      881     309          -        -    1'125      175
                                                 MIR_2_FF:      29      27      19      26   17'976     77    6'821     28'916   10'653   16'759   4'681    135'470   16'097   12'508    3'210
                                                  MIR_2_K:      13      13       6       9    3'555     33    2'294      3'762    2'862    4'033   1'491     18'011    2'630    4'444      789
                                                 MIR_2_KL:       -       -       -       -      886      -    1'227      1'162      768      399     459     21'721      137    5'001      108
                                                  MIR_2_R:      10      11       7      11    4'526     30    1'602      8'627    2'670    4'344   1'401     80'817    3'919    5'538      795
                                                 MIR_2_RB:      26      25      13      20   24'021     93   12'639     68'324   15'787   23'574   9'521    407'073   26'184   14'820    5'824
                                                MIR_2_RBP:       -       1       -       2    2'067      5    2'305      6'232    2'764    3'659   1'258     27'358    2'515    2'005      839
                                                 MIR_3_FF:       3       3       1       -   11'437     22    3'584     18'073    6'043    9'703   2'362     83'737    9'954    5'057    1'613
                                                  MIR_3_K:       3       3       1       2    2'297      4    1'740      2'600    2'208    2'786   1'179     13'887    1'527    3'069      589
                                                 MIR_3_KL:       -       -       -       -      620      -      976        889      706      404     434     18'362       90    4'468      138
                                                  MIR_3_R:       2       3       -       -    2'635      5      755      5'679    1'261    2'160     711     46'636    2'516    2'475      467
                                                 MIR_3_RB:      10       9       6       6   14'290     36    6'505     43'401    8'366   11'947   4'862    287'047   15'165    9'250    2'916
                                                MIR_3_RBP:       -       1       -       1    1'334      3    1'273      4'472    1'554    2'255     909     22'364    1'772    1'393      548
                                                 MIR_4_FF:       -       -       1       -    6'855     13    2'132     11'461    3'348    5'467   1'652     54'400    6'262    2'202    1'127
                                                  MIR_4_K:       -       -       1       -    1'604      2    1'198      2'275    1'424    1'707     803     12'735    1'291    1'962      468
                                                 MIR_4_KL:       1       1       1       1      446      1      746      1'083      628      326     413     17'667      157    4'023      164
                                                  MIR_4_R:       -       -       -       -    1'749      -      477      4'364      613    1'262     551     30'029    2'013      959      379
                                                 MIR_4_RB:       3       2       1       3    8'495     24    3'473     25'263    4'328    6'265   2'918    179'899    8'953    4'916    1'694
                                                MIR_4_RBP:       -       -       -       -      756      1      695      2'357      937    1'257     587     14'068    1'114      919      393
                                                 MIR_5_FF:       -       -       1       -    3'983      8    1'182      7'400    1'714    2'989   1'099     38'593    4'058    1'422      718
                                                  MIR_5_K:       -       -       -       -      970      1      920      1'747      985    1'022     853     12'200      909    2'114      580
                                                 MIR_5_KL:       -       -       -       -      400      3      758      1'792      732      459     695     25'880      274    4'948      351
                                                  MIR_5_R:       -       -       -       -    1'102      4      273      2'905      308      663     411     19'902    1'421      498      312
                                                 MIR_5_RB:       1       -       2       -    5'101     11    1'990     15'890    2'280    3'468   1'990    129'410    5'483    3'957    1'132
                                                MIR_5_RBP:       -       -       -       -      377      -      384      1'360      581      626     478     11'777      630      843      266
                                                 MIR_6_FF:       -       -       -       -    2'413      4      655      4'721      958    1'560     790     26'295    2'653    1'651      497
                                                  MIR_6_K:       -       -       -       -      722      1      752      1'959      750      750     758     16'533      802    2'336      447
                                                 MIR_6_KL:       -       -       -       -      477      -      803      2'953      921      736   1'051     48'400      471    7'244      613
                                                  MIR_6_R:       -       -       -       -      545      1      201      1'651      234      358     298     11'709      933      605      178
                                                 MIR_6_RB:       -       -       -       -    3'394      9    1'494     10'984    1'629    2'027   1'749    119'138    3'760    4'552      920
                                                MIR_6_RBP:       -       -       -       -      234      -      338        854      476      448     491     12'772      396    1'410      290
         NoOverlapCompletionTimeExhaustiveMirror_weighted:       -       -       -       -        -      -       48          -      101       98       -          -        -        -        5
  NoOverlapCompletionTimeExhaustiveMirror_weighted_lifted:       -       -       -       -        -      -        7          -       26       18       -          -        -        -        -
               NoOverlapCompletionTimeExhaustive_weighted:       -       -       -       -        -      -      682          -    1'387    2'203      21          -        -        1       85
        NoOverlapCompletionTimeExhaustive_weighted_lifted:       -       -       -       -        -      -      381          -      591    1'026       8          -        -        4       44
                          NoOverlapCompletionTimeQueyrane:       -       -       -       -        -      -      375          -      709      815     118          -        -        6      121
                                NoOverlapDisjunctionOnEnd:       -       -       -       -        -      -      149          -      311      342       2          -        -        -       18
                              NoOverlapDisjunctionOnStart:       -       -       -       -        -      -      441          -      887    1'794       5          -        -        5       25
                                             ZERO_HALF_FF:       7       6       6       9    5'343     30    2'553      6'645    4'183    6'003   1'003     32'156    4'334      584    1'023
                                              ZERO_HALF_K:       4       1       -       1    1'535      4    2'726      1'335    3'697    4'355   1'053      4'160    1'112      454      880
                                             ZERO_HALF_KL:       -       -       -       -        7      -        2          6        4        5       -         26       13        1        1
                                              ZERO_HALF_R:       4       5       3       4    5'306     21   13'272     50'457   11'721   14'068  52'659    551'499   10'153  123'087   20'568
                                             ZERO_HALF_RB:      11       6       6       7    6'266     27    6'631     17'787    6'768    9'651   5'446    123'940    7'448   14'040    4'062
                                            ZERO_HALF_RBP:       1       -       2       1    1'179      6    1'977      4'954    1'936    2'687   1'970     50'885    1'738    9'806    1'166

LNS stats                        Improv/Calls  Closed  Difficulty  TimeLimit
               'graph_arc_lns':    5377/35497     50%        0.99       0.10
               'graph_cst_lns':   10272/35496     50%        0.99       0.10
               'graph_dec_lns':    6714/35497     50%        0.99       0.10
               'graph_var_lns':   10630/35497     50%        0.99       0.10
                   'rins/rens':    3734/33486     50%        0.88       0.15
                 'rnd_cst_lns':    9350/35497     50%        0.99       0.10
                 'rnd_var_lns':    7435/35498     50%        0.99       0.10
    'scheduling_intervals_lns':   35495/35496      0%        0.00       0.10
  'scheduling_precedences_lns':   35495/35496      0%        0.00       0.10
  'scheduling_time_window_lns':   35496/35496      0%        0.00       0.10

LS stats                   Batches  Restarts     LinMoves    GenMoves  CompoundMoves  WeightUpdates
       'fj_long_default':        1         1        9'954           0              0             46
   'fj_long_lin_default':        1         1            0       3'170            650              0
        'fj_long_random':        1         1        9'954           0              0             46
      'fj_short_default':        2         1            0       3'672            699              0
  'fj_short_lin_default':        1         1            0       2'968            425              0
   'fj_short_lin_random':        1         1            0       2'716            402              0
       'fj_short_random':        1         1            0       1'665            453              0
          'violation_ls':   35'499         0  171'027'976  16'688'765        683'084      2'173'714
          'violation_ls':   35'499         0  179'452'760  15'190'079        699'463      3'046'208

Solutions (175)           Num       Rank
        'graph_arc_lns':    7   [33,173]
        'graph_cst_lns':    4   [46,148]
        'graph_dec_lns':    6   [24,169]
        'graph_var_lns':    1  [159,159]
                'no_lp':   12     [1,14]
        'quick_restart':    1  [107,107]
  'quick_restart_no_lp':   63    [8,163]
          'rins_lp_lns':   10   [23,167]
        'rins_pump_lns':    4  [105,166]
          'rnd_cst_lns':    5   [60,154]
          'rnd_var_lns':   19   [15,175]
         'violation_ls':   43   [16,165]

Objective bounds                    Num
  'fs_random_quick_restart_no_lp':    1
                 'initial_domain':    1
                 'lb_tree_search':   12
            'objective_lb_search':    1
     'objective_lb_search_max_lp':   79
      'objective_lb_search_no_lp':    2
                   'pseudo_costs':    4
                  'reduced_costs':    4

Solution repositories      Added  Queried  Ignored  Synchro
  'feasible solutions':  193'211  807'500        0  189'920
        'lp solutions':  139'851   17'910        0  132'614
                'pump':  537'821   17'589

Improving bounds shared                Num
                     'default_lp':     172
  'fs_random_quick_restart_no_lp':     413
                 'lb_tree_search':      14
                         'max_lp':     411
                          'no_lp':     326
            'objective_lb_search':      64
     'objective_lb_search_max_lp':      26
                        'probing':  17'143
                 'probing_max_lp':   8'205
                   'pseudo_costs':     453
                  'quick_restart':   3'032
            'quick_restart_no_lp':   1'996
                  'reduced_costs':     318

Clauses shared                      Num
                           'core':    2
                     'default_lp':   16
                          'fixed':    1
  'fs_random_quick_restart_no_lp':    1
                 'lb_tree_search':    1
                         'max_lp':   36
                          'no_lp':   14
            'objective_lb_search':   17
     'objective_lb_search_max_lp':   11
      'objective_lb_search_no_lp':   16
                   'pseudo_costs':   39
                  'quick_restart':   12
            'quick_restart_no_lp':   64
                  'reduced_costs':    3

CpSolverResponse summary:
status: FEASIBLE
objective: 3677
best_bound: 2590
integers: 2398
booleans: 349
conflicts: 0
branches: 715
propagations: 50
integer_propagations: 89161
restarts: 698
lp_iterations: 2696
walltime: 86401.5
usertime: 86401.5
deterministic_time: 381480
gap_integral: 2.66943e+06
solution_fingerprint: 0xa2e77f9719cf18eb


--- Simulation Gantt  partir du modle mathmatique ---
