created virtual environment CPython3.12.4.final.0-64 in 396ms
  creator CPython3Posix(dest=/localscratch/aneumann.45381397.0/env, clear=False, no_vcs_ignore=False, global=False)
  seeder FromAppData(download=False, pip=bundle, via=copy, app_data_dir=/home/aneumann/.local/share/virtualenv)
    added seed packages: pip==24.2+computecanada
  activators BashActivator,CShellActivator,FishActivator,NushellActivator,PowerShellActivator,PythonActivator
Looking in links: /cvmfs/soft.computecanada.ca/custom/python/wheelhouse/gentoo2023/x86-64-v3, /cvmfs/soft.computecanada.ca/custom/python/wheelhouse/gentoo2023/generic, /cvmfs/soft.computecanada.ca/custom/python/wheelhouse/generic
Requirement already satisfied: pip in /localscratch/aneumann.45381397.0/env/lib/python3.12/site-packages (24.2+computecanada)
Processing /cvmfs/soft.computecanada.ca/custom/python/wheelhouse/generic/pip-25.0+computecanada-py3-none-any.whl
Installing collected packages: pip
  Attempting uninstall: pip
    Found existing installation: pip 24.2+computecanada
    Uninstalling pip-24.2+computecanada:
      Successfully uninstalled pip-24.2+computecanada
Successfully installed pip-24.2+computecanada
Looking in links: /cvmfs/soft.computecanada.ca/custom/python/wheelhouse/gentoo2023/x86-64-v3, /cvmfs/soft.computecanada.ca/custom/python/wheelhouse/gentoo2023/generic, /cvmfs/soft.computecanada.ca/custom/python/wheelhouse/generic
ERROR: protobuf-5.28.3-cp38-abi3-manylinux2014_x86_64.whl is not a supported wheel on this platform.
Looking in links: /cvmfs/soft.computecanada.ca/custom/python/wheelhouse/gentoo2023/x86-64-v3, /cvmfs/soft.computecanada.ca/custom/python/wheelhouse/gentoo2023/generic, /cvmfs/soft.computecanada.ca/custom/python/wheelhouse/generic
Processing /home/aneumann/projects/def-adhaj/aneumann/GNRS/wheels/immutabledict-4.2.0-py3-none-any.whl
Installing collected packages: immutabledict
Successfully installed immutabledict-4.2.0
Looking in links: /cvmfs/soft.computecanada.ca/custom/python/wheelhouse/gentoo2023/x86-64-v3, /cvmfs/soft.computecanada.ca/custom/python/wheelhouse/gentoo2023/generic, /cvmfs/soft.computecanada.ca/custom/python/wheelhouse/generic
Processing /cvmfs/soft.computecanada.ca/custom/python/wheelhouse/generic/ortools-9.10.4067+computecanada-cp312-cp312-linux_x86_64.whl (from -r /home/aneumann/projects/def-adhaj/aneumann/GNRS/requirements/or.txt (line 1))
Processing /cvmfs/soft.computecanada.ca/custom/python/wheelhouse/gentoo2023/x86-64-v3/matplotlib-3.10.0+computecanada-cp312-cp312-linux_x86_64.whl (from -r /home/aneumann/projects/def-adhaj/aneumann/GNRS/requirements/or.txt (line 2))
Processing /cvmfs/soft.computecanada.ca/custom/python/wheelhouse/gentoo2023/x86-64-v3/pandas-2.2.3+computecanada-cp312-cp312-linux_x86_64.whl (from -r /home/aneumann/projects/def-adhaj/aneumann/GNRS/requirements/or.txt (line 3))
Processing /cvmfs/soft.computecanada.ca/custom/python/wheelhouse/generic/absl_py-2.3.0+computecanada-py3-none-any.whl (from ortools<9.11,>=9.10->-r /home/aneumann/projects/def-adhaj/aneumann/GNRS/requirements/or.txt (line 1))
Processing /cvmfs/soft.computecanada.ca/custom/python/wheelhouse/gentoo2023/generic/numpy-2.2.2+computecanada-cp312-cp312-linux_x86_64.whl (from ortools<9.11,>=9.10->-r /home/aneumann/projects/def-adhaj/aneumann/GNRS/requirements/or.txt (line 1))
Processing /cvmfs/soft.computecanada.ca/custom/python/wheelhouse/gentoo2023/x86-64-v3/protobuf-6.31.1+computecanada-cp312-cp312-linux_x86_64.whl (from ortools<9.11,>=9.10->-r /home/aneumann/projects/def-adhaj/aneumann/GNRS/requirements/or.txt (line 1))
Requirement already satisfied: immutabledict>=3.0.0 in /localscratch/aneumann.45381397.0/env/lib/python3.12/site-packages (from ortools<9.11,>=9.10->-r /home/aneumann/projects/def-adhaj/aneumann/GNRS/requirements/or.txt (line 1)) (4.2.0)
Processing /cvmfs/soft.computecanada.ca/custom/python/wheelhouse/gentoo2023/generic/contourpy-1.3.1+computecanada-cp312-cp312-linux_x86_64.whl (from matplotlib->-r /home/aneumann/projects/def-adhaj/aneumann/GNRS/requirements/or.txt (line 2))
Processing /cvmfs/soft.computecanada.ca/custom/python/wheelhouse/generic/cycler-0.12.1+computecanada-py3-none-any.whl (from matplotlib->-r /home/aneumann/projects/def-adhaj/aneumann/GNRS/requirements/or.txt (line 2))
Processing /cvmfs/soft.computecanada.ca/custom/python/wheelhouse/generic/fonttools-4.58.4+computecanada-cp312-cp312-linux_x86_64.whl (from matplotlib->-r /home/aneumann/projects/def-adhaj/aneumann/GNRS/requirements/or.txt (line 2))
Processing /cvmfs/soft.computecanada.ca/custom/python/wheelhouse/gentoo2023/x86-64-v3/kiwisolver-1.4.8+computecanada-cp312-cp312-linux_x86_64.whl (from matplotlib->-r /home/aneumann/projects/def-adhaj/aneumann/GNRS/requirements/or.txt (line 2))
Processing /cvmfs/soft.computecanada.ca/custom/python/wheelhouse/generic/packaging-25.0+computecanada-py3-none-any.whl (from matplotlib->-r /home/aneumann/projects/def-adhaj/aneumann/GNRS/requirements/or.txt (line 2))
Processing /cvmfs/soft.computecanada.ca/custom/python/wheelhouse/gentoo2023/x86-64-v3/pillow-11.1.0+computecanada-cp312-cp312-linux_x86_64.whl (from matplotlib->-r /home/aneumann/projects/def-adhaj/aneumann/GNRS/requirements/or.txt (line 2))
Processing /cvmfs/soft.computecanada.ca/custom/python/wheelhouse/generic/pyparsing-3.2.3+computecanada-py3-none-any.whl (from matplotlib->-r /home/aneumann/projects/def-adhaj/aneumann/GNRS/requirements/or.txt (line 2))
Processing /cvmfs/soft.computecanada.ca/custom/python/wheelhouse/generic/python_dateutil-2.9.0.post0+computecanada-py2.py3-none-any.whl (from matplotlib->-r /home/aneumann/projects/def-adhaj/aneumann/GNRS/requirements/or.txt (line 2))
Processing /cvmfs/soft.computecanada.ca/custom/python/wheelhouse/generic/pytz-2025.2+computecanada-py2.py3-none-any.whl (from pandas->-r /home/aneumann/projects/def-adhaj/aneumann/GNRS/requirements/or.txt (line 3))
Processing /cvmfs/soft.computecanada.ca/custom/python/wheelhouse/generic/tzdata-2025.2+computecanada-py2.py3-none-any.whl (from pandas->-r /home/aneumann/projects/def-adhaj/aneumann/GNRS/requirements/or.txt (line 3))
Processing /cvmfs/soft.computecanada.ca/custom/python/wheelhouse/generic/six-1.17.0+computecanada-py2.py3-none-any.whl (from python-dateutil>=2.7->matplotlib->-r /home/aneumann/projects/def-adhaj/aneumann/GNRS/requirements/or.txt (line 2))
Installing collected packages: pytz, tzdata, six, pyparsing, protobuf, pillow, packaging, numpy, kiwisolver, fonttools, cycler, absl-py, python-dateutil, contourpy, pandas, matplotlib, ortools
Successfully installed absl-py-2.3.0+computecanada contourpy-1.3.1+computecanada cycler-0.12.1+computecanada fonttools-4.58.4+computecanada kiwisolver-1.4.8+computecanada matplotlib-3.10.0+computecanada numpy-2.2.2+computecanada ortools-9.10.4067+computecanada packaging-25.0+computecanada pandas-2.2.3+computecanada pillow-11.1.0+computecanada protobuf-6.31.1+computecanada pyparsing-3.2.3+computecanada python-dateutil-2.9.0.post0+computecanada pytz-2025.2+computecanada six-1.17.0+computecanada tzdata-2025.2+computecanada

Starting CP-SAT solver v9.10.4067
Parameters: max_time_in_seconds: 86400 max_memory_in_mb: 185000 log_search_progress: true enumerate_all_solutions: false num_search_workers: 32 absolute_gap_limit: 0 relative_gap_limit: 0

Initial optimization model '': (model_fingerprint: 0x77d88b2f594ac89c)
#Variables: 238 (#ints: 8 in objective)
  - 159 Booleans in [0,1]
  - 79 in [0,488]
#kLinear1: 34
#kLinear2: 377
#kLinear3: 151
#kLinearN: 1'595 (#terms: 20'552)

Starting presolve at 0.00s
  6.47e-04s  0.00e+00d  [DetectDominanceRelations] 
  1.13e-02s  0.00e+00d  [PresolveToFixPoint] #num_loops=6 #num_dual_strengthening=3 
  2.25e-05s  0.00e+00d  [ExtractEncodingFromLinear] #potential_supersets=3 
[Symmetry] Graph for symmetry has 2'031 nodes and 14'906 arcs.
[Symmetry] Symmetry computation done. time: 0.000873383 dtime: 0.00141877
[Symmetry] #generators: 1, average support size: 20
[Symmetry] The model contains 193 duplicate constraints !
[Symmetry] 10 orbits with sizes: 2,2,2,2,2,2,2,2,2,2
[Symmetry] Num fixable by intersecting at_most_one with orbits: 1 largest_orbit: 2
  3.56e-03s  7.03e-04d  [Probe] #probed=206 #fixed_bools=2 #new_bounds=14 #equiv=1 
  7.81e-05s  0.00e+00d  [MaxClique] Merged 41(82 literals) into 12(24 literals) at_most_ones. 
  5.36e-04s  0.00e+00d  [DetectDominanceRelations] 
  4.97e-03s  0.00e+00d  [PresolveToFixPoint] #num_loops=4 #num_dual_strengthening=3 
  1.62e-03s  0.00e+00d  [ProcessAtMostOneAndLinear] 
  7.98e-04s  0.00e+00d  [DetectDuplicateConstraints] #duplicates=222 #without_enforcements=112 
  6.10e-04s  5.94e-05d  [DetectDominatedLinearConstraints] #relevant_constraints=1'182 #num_inclusions=767 #num_redundant=1 
  1.75e-04s  0.00e+00d  [DetectDifferentVariables] #different=25 
  1.56e-04s  1.58e-05d  [ProcessSetPPC] #relevant_constraints=824 
  1.01e-05s  0.00e+00d  [FindAlmostIdenticalLinearConstraints] 
  7.70e-05s  7.52e-05d  [FindBigAtMostOneAndLinearOverlap] 
  1.37e-03s  1.07e-03d  [FindBigVerticalLinearOverlap] #blocks=23 #saved_nz=1'766 
  8.54e-05s  3.85e-05d  [FindBigHorizontalLinearOverlap] #linears=799 
  1.27e-05s  0.00e+00d  [MergeClauses] 
  5.62e-04s  0.00e+00d  [DetectDominanceRelations] 
  5.87e-03s  0.00e+00d  [PresolveToFixPoint] #num_loops=2 #num_dual_strengthening=1 
  5.49e-04s  0.00e+00d  [DetectDominanceRelations] 
  3.61e-03s  0.00e+00d  [PresolveToFixPoint] #num_loops=1 #num_dual_strengthening=1 
[Symmetry] Graph for symmetry has 1'820 nodes and 11'987 arcs.
[Symmetry] Symmetry computation done. time: 0.000266361 dtime: 0.000669
  2.55e-03s  6.55e-04d  [Probe] #probed=202 #new_bounds=20 
  4.91e-06s  0.00e+00d  [MaxClique] 
  5.54e-04s  0.00e+00d  [DetectDominanceRelations] 
  5.35e-03s  0.00e+00d  [PresolveToFixPoint] #num_loops=2 #num_dual_strengthening=1 
  1.39e-03s  0.00e+00d  [ProcessAtMostOneAndLinear] 
  6.78e-04s  0.00e+00d  [DetectDuplicateConstraints] #without_enforcements=127 
  4.07e-04s  3.92e-05d  [DetectDominatedLinearConstraints] #relevant_constraints=1'042 #num_inclusions=364 
  1.27e-04s  0.00e+00d  [DetectDifferentVariables] #different=29 #cliques=1 #size=3 
  1.40e-04s  1.15e-05d  [ProcessSetPPC] #relevant_constraints=739 
  1.47e-05s  1.50e-08d  [FindAlmostIdenticalLinearConstraints] #num_tested_pairs=1 
  3.24e-05s  3.52e-05d  [FindBigAtMostOneAndLinearOverlap] 
  9.56e-04s  7.93e-04d  [FindBigVerticalLinearOverlap] #blocks=21 #saved_nz=1'300 
  7.69e-05s  2.83e-05d  [FindBigHorizontalLinearOverlap] #linears=665 
  4.43e-06s  0.00e+00d  [MergeClauses] 
  5.40e-04s  0.00e+00d  [DetectDominanceRelations] 
  5.33e-03s  0.00e+00d  [PresolveToFixPoint] #num_loops=2 #num_dual_strengthening=1 
  5.39e-04s  0.00e+00d  [DetectDominanceRelations] 
  3.73e-03s  0.00e+00d  [PresolveToFixPoint] #num_loops=1 #num_dual_strengthening=1 
  2.50e-03s  6.36e-04d  [Probe] #probed=202 #new_bounds=16 
  4.68e-06s  0.00e+00d  [MaxClique] 
  5.42e-04s  0.00e+00d  [DetectDominanceRelations] 
  4.83e-03s  0.00e+00d  [PresolveToFixPoint] #num_loops=2 #num_dual_strengthening=1 
  1.20e-03s  0.00e+00d  [ProcessAtMostOneAndLinear] 
  6.81e-04s  0.00e+00d  [DetectDuplicateConstraints] #without_enforcements=162 
  3.02e-04s  2.44e-05d  [DetectDominatedLinearConstraints] #relevant_constraints=897 #num_inclusions=155 
  7.18e-05s  0.00e+00d  [DetectDifferentVariables] 
  1.14e-04s  7.84e-06d  [ProcessSetPPC] #relevant_constraints=599 
  1.64e-05s  1.35e-07d  [FindAlmostIdenticalLinearConstraints] #num_tested_pairs=8 
  3.05e-05s  2.95e-05d  [FindBigAtMostOneAndLinearOverlap] 
  6.58e-04s  6.12e-04d  [FindBigVerticalLinearOverlap] #blocks=6 #saved_nz=361 
  6.64e-05s  2.37e-05d  [FindBigHorizontalLinearOverlap] #linears=587 
  4.88e-06s  0.00e+00d  [MergeClauses] 
  5.22e-04s  0.00e+00d  [DetectDominanceRelations] 
  4.20e-03s  0.00e+00d  [PresolveToFixPoint] #num_loops=2 #num_dual_strengthening=1 
  4.99e-05s  0.00e+00d  [ExpandObjective] #entries=172 #tight_variables=61 #tight_constraints=37 

Presolve summary:
  - 42 affine relations were detected.
  - rule 'TODO dual: only one blocking constraint?' was applied 572 times.
  - rule 'TODO dual: only one unspecified blocking constraint?' was applied 104 times.
  - rule 'TODO duplicate: identical constraint with different enforcements' was applied 401 times.
  - rule 'TODO no_overlap: with task always last' was applied 1 time.
  - rule 'affine: new relation' was applied 42 times.
  - rule 'all_diff: inferred from x != y constraints' was applied 1 time.
  - rule 'at_most_one: removed literals' was applied 12 times.
  - rule 'at_most_one: size one' was applied 12 times.
  - rule 'at_most_one: transformed into max clique.' was applied 1 time.
  - rule 'deductions: 151 stored' was applied 1 time.
  - rule 'dual: fix variable' was applied 21 times.
  - rule 'dual: reduced domain' was applied 36 times.
  - rule 'duplicate: merged rhs of linear constraint' was applied 31 times.
  - rule 'duplicate: removed constraint' was applied 222 times.
  - rule 'enforcement: false literal' was applied 17 times.
  - rule 'enforcement: true literal' was applied 9 times.
  - rule 'exactly_one: x and not(x)' was applied 1 time.
  - rule 'incompatible linear: add implication' was applied 18 times.
  - rule 'linear inclusion: redundant containing constraint' was applied 1 time.
  - rule 'linear matrix: common vertical rectangle' was applied 50 times.
  - rule 'linear: always true' was applied 489 times.
  - rule 'linear: doubleton free' was applied 9 times.
  - rule 'linear: empty' was applied 26 times.
  - rule 'linear: extracted enforcement literal' was applied 4'237 times.
  - rule 'linear: fixed or dup variables' was applied 1'636 times.
  - rule 'linear: positive equal one' was applied 3 times.
  - rule 'linear: reduced variable domains' was applied 144 times.
  - rule 'linear: remapped using affine relations' was applied 1'633 times.
  - rule 'linear: simplified rhs' was applied 5'310 times.
  - rule 'linear: variable substitution 1' was applied 9 times.
  - rule 'linear: variable substitution 2' was applied 4 times.
  - rule 'linear: variable substitution 3' was applied 1 time.
  - rule 'presolve: 76 unused variables removed.' was applied 1 time.
  - rule 'presolve: iteration' was applied 3 times.
  - rule 'probing: reduced enforced constraint to implication.' was applied 41 times.
  - rule 'symmetry: fixed to false in general orbit' was applied 1 time.

Presolved optimization model '': (model_fingerprint: 0xe28602c49cc9d135)
#Variables: 156 (#ints: 8 in objective)
  - 50 Booleans in [0,1]
  - 1 in [-2318,-1979][-1949,-1491][-1461,-1003][- ... 1,949][979,1437][1467,1925][1955,2413][2443,2800]
  - 1 in [-2270,-1979][-1949,-1491][-1461,-1003][- ... ][3,461][491,949][979,1437][1467,1925][1955,2347]
  - 1 in [-1886,-1534][-1466,-1046][-978,-558][-490,-70][-2,418][486,906][974,1394][1462,1781]
  - 1 in [-1883,-1491][-1461,-1003][-973,-515][-485,-27][3,461][491,949][979,1437][1467,1824]
  - 2 in [-1883,-1491][-1461,-1003][-973,-515][-485,-27][3,461][491,949][979,1437][1467,1859]
  - 1 in [-1879,-1480][-1461,-992][-973,-504][-485,-16][3,472][491,960][979,1448][1467,1835]
  - 1 in [-1411,-1026][-923,-538][-435,-50][53,438][541,926][1029,1414][1517,1836]
  - 1 in [-1395,-1003][-973,-515][-485,-27][3,461][491,949][979,1336]
  - 1 in [-1391,-992][-973,-504][-485,-16][3,472][491,960][979,1347]
  - 2 in [-923,-538][-435,-50][53,438][541,926][1029,1414][1517,1902][2005,2324]
  - 1 in [-910,-558][-490,-70][-2,418][486,805]
  - 1 in [-909,-540][-485,-52][3,436][491,924][979,1383]
  - 1 in [-908,-543][-490,-55][-2,363]
  - 1 in [-907,-515][-485,-27][3,461][491,949][979,1437][1467,1859]
  - 1 in [-905,-504][-485,-16][3,472][491,960][979,1448][1467,1868]
  - 2 in [-488,-55][0,433]
  - 3 in [-488,-30][0,458]
  - 1 in [-482,-52][3,436][491,895]
  - 1 in [-439,-41][14,447][502,834]
  - 1 in [-437,-55][-2,396]
  - 1 in [-435,-50][53,438][541,926][1029,1414][1517,1836]
  - 1 in [-434,-52][3,436][491,924][979,1383]
  - 1 in [-422,-70][-2,418][486,838]
  - 1 in [-419,-27][3,461][491,883]
  - 1 in [-417,-16][3,404]
  - 1 in [-417,-16][3,472][491,960][979,1448][1467,1868]
  - 1 in [-2,386]
  - 1 in [-2,418]
  - 1 in [-2,420]
  - 1 in [-2,420][486,838]
  - 1 in [-2,420][486,908][974,1326]
  - 1 in [-2,433]
  - 4 in [0,352]
  - 1 in [0,357]
  - 2 in [0,365]
  - 1 in [0,383]
  - 3 in [0,385]
  - 1 in [0,385][488,873]
  - 1 in [0,394]
  - 3 in [0,399]
  - 1 in [0,406]
  - 1 in [0,420]
  - 1 in [0,422]
  - 1 in [0,432]
  - 3 in [0,433]
  - 1 in [0,435]
  - 3 in [0,458]
  - 1 in [0,469]
  - 1 in [3,388]
  - 1 in [3,423]
  - 1 in [3,425]
  - 1 in [3,436]
  - 1 in [3,436][491,918]
  - 1 in [3,438]
  - 1 in [3,461]
  - 1 in [3,461][491,949]
  - 1 in [3,472]
  - 1 in [5,425]
  - 1 in [14,447]
  - 1 in [19,452]
  - 2 in [45,477]
  - 1 in [49,447][502,884]
  - 1 in [51,483]
  - 1 in [53,418][486,851]
  - 1 in [53,438]
  - 1 in [53,438][541,926][1029,1363]
  - 1 in [53,438][541,926][1029,1414][1517,1836]
  - 2 in [57,477]
  - 1 in [63,483]
  - 2 in [71,477]
  - 1 in [77,483]
  - 2 in [78,477]
  - 2 in [83,477]
  - 1 in [84,483]
  - 1 in [89,483]
  - 3 in [94,477]
  - 1 in [100,483]
  - 3 in [120,477]
  - 1 in [126,483]
  - 1 in [136,488]
#kAllDiff: 1
#kExactlyOne: 2 (#literals: 6)
#kLinear2: 589 (#enforced: 534 #multi: 476)
#kLinear3: 124 (#enforced: 72)
#kLinearN: 640 (#enforced: 586) (#terms: 4'759)

Preloading model.
#Bound   0.08s best:inf   next:[141,3284] initial_domain
#Model   0.08s var:156/156 constraints:1356/1356

Starting search at 0.08s with 32 workers.
16 full problem subsolvers: [core, default_lp, lb_tree_search, max_lp, no_lp, objective_lb_search, objective_lb_search_max_lp, objective_lb_search_no_lp, objective_shaving_search_max_lp, objective_shaving_search_no_lp, probing, probing_max_lp, pseudo_costs, quick_restart, quick_restart_no_lp, reduced_costs]
14 first solution subsolvers: [fj_long_default, fj_long_lin_default, fj_long_random, fj_short_default, fj_short_lin_default, fj_short_lin_random, fj_short_random, fs_random(2), fs_random_no_lp(2), fs_random_quick_restart(2), fs_random_quick_restart_no_lp]
11 incomplete subsolvers: [feasibility_pump, graph_arc_lns, graph_cst_lns, graph_dec_lns, graph_var_lns, rins/rens, rnd_cst_lns, rnd_var_lns, violation_ls(3)]
3 helper subsolvers: [neighborhood_helper, synchronization_agent, update_gap_integral]
#Bound   0.10s best:inf   next:[216,3284] default_lp
#Bound   0.10s best:inf   next:[228,3284] default_lp
#1       0.10s best:1303  next:[228,1302] no_lp (fixed_bools=0/78)
#Bound   0.11s best:1303  next:[245,1302] default_lp
#Bound   0.11s best:1303  next:[253,1302] objective_lb_search_no_lp
#2       0.11s best:895   next:[253,894]  no_lp (fixed_bools=0/87)
#Bound   0.11s best:895   next:[255,894]  objective_lb_search_no_lp
#Bound   0.11s best:895   next:[259,894]  objective_lb_search_no_lp
#Bound   0.11s best:895   next:[260,894]  objective_lb_search_no_lp
#Bound   0.11s best:895   next:[281,894]  objective_lb_search_no_lp
#3       0.11s best:861   next:[281,860]  no_lp (fixed_bools=0/95)
#Bound   0.11s best:861   next:[282,860]  objective_lb_search_no_lp
#Bound   0.11s best:861   next:[296,860]  objective_lb_search_no_lp
#4       0.12s best:843   next:[296,842]  quick_restart_no_lp (fixed_bools=0/95)
#Bound   0.12s best:843   next:[379,842]  objective_lb_search_no_lp
#Bound   0.12s best:843   next:[410,842]  objective_lb_search_no_lp
#Bound   0.13s best:843   next:[413,842]  objective_lb_search_no_lp
#Bound   0.17s best:843   next:[415,842]  objective_lb_search_no_lp
#Bound   0.18s best:843   next:[417,842]  objective_lb_search_no_lp
#Bound   0.18s best:843   next:[419,842]  objective_lb_search_no_lp
#5       0.18s best:837   next:[419,836]  quick_restart_no_lp (fixed_bools=0/100)
#Bound   0.18s best:837   next:[441,836]  objective_lb_search_no_lp
#Bound   0.18s best:837   next:[445,836]  objective_lb_search_no_lp
#Bound   0.19s best:837   next:[446,836]  objective_lb_search_no_lp
#6       0.19s best:787   next:[446,786]  graph_arc_lns (d=0.81 s=71 t=0.10 p=1.00 stall=2 h=auto_l0)
#Bound   0.21s best:787   next:[447,786]  objective_lb_search_no_lp
#7       0.27s best:785   next:[576,784]  rnd_var_lns (d=0.96 s=84 t=0.10 p=1.00 stall=6 h=auto_l0)
#8       0.28s best:783   next:[576,782]  quick_restart_no_lp (fixed_bools=0/130)
#9       0.41s best:771   next:[599,770]  no_lp (fixed_bools=1/136)
#10      0.51s best:766   next:[599,765]  graph_dec_lns (d=0.96 s=110 t=0.10 p=1.00 stall=0 h=auto_l0)
#11      0.52s best:765   next:[599,764]  violation_ls(batch:8 #solutions_imported:6 #lin_moves:19'011 #lin_evals:178'185 #gen_moves:41'349 #gen_evals:5'028 #comp_moves:1'903 #backtracks:19'706 #weight_updates:1'414)
#12      0.53s best:764   next:[599,763]  quick_restart (fixed_bools=1/149)
#13      0.53s best:756   next:[599,755]  max_lp (fixed_bools=0/90)
#Bound   1.00s best:756   next:[629,755]  objective_lb_search [skipped_logs=6]
#Model   1.20s var:155/156 constraints:1184/1356
#Model   1.25s var:154/156 constraints:1126/1356
#Model   1.37s var:153/156 constraints:1097/1356
#Model   1.51s var:152/156 constraints:1019/1356
#Model   1.54s var:150/156 constraints:893/1356
#Model   1.58s var:149/156 constraints:850/1356
#Model   1.58s var:148/156 constraints:819/1356
#Model   1.60s var:146/156 constraints:781/1356
#Model   1.61s var:142/156 constraints:669/1356
#Model   1.61s var:140/156 constraints:618/1356
#Done    1.62s no_lp
#Done    1.62s objective_lb_search_no_lp
#Model   1.62s var:133/156 constraints:490/1356
#Bound   1.62s best:756   next:[726,755]  objective_lb_search_no_lp [skipped_logs=13]

Task timing                                  n [     min,      max]      avg      dev     time         n [     min,      max]      avg      dev    dtime
                             'core':         1 [   1.53s,    1.53s]    1.53s   0.00ns    1.53s         1 [   2.47s,    2.47s]    2.47s   0.00ns    2.47s
                       'default_lp':         1 [   1.53s,    1.53s]    1.53s   0.00ns    1.53s         1 [502.49ms, 502.49ms] 502.49ms   0.00ns 502.49ms
                 'feasibility_pump':        18 [  6.78ms,  83.31ms]  26.78ms  14.86ms 482.04ms        17 [  6.91ms,  10.56ms]   7.18ms 846.39us 122.03ms
                  'fj_long_default':         0 [  0.00ns,   0.00ns]   0.00ns   0.00ns   0.00ns         0 [  0.00ns,   0.00ns]   0.00ns   0.00ns   0.00ns
              'fj_long_lin_default':         0 [  0.00ns,   0.00ns]   0.00ns   0.00ns   0.00ns         0 [  0.00ns,   0.00ns]   0.00ns   0.00ns   0.00ns
                   'fj_long_random':         0 [  0.00ns,   0.00ns]   0.00ns   0.00ns   0.00ns         0 [  0.00ns,   0.00ns]   0.00ns   0.00ns   0.00ns
                 'fj_short_default':         1 [ 40.65ms,  40.65ms]  40.65ms   0.00ns  40.65ms         1 [ 58.22ms,  58.22ms]  58.22ms   0.00ns  58.22ms
             'fj_short_lin_default':         0 [  0.00ns,   0.00ns]   0.00ns   0.00ns   0.00ns         0 [  0.00ns,   0.00ns]   0.00ns   0.00ns   0.00ns
              'fj_short_lin_random':         0 [  0.00ns,   0.00ns]   0.00ns   0.00ns   0.00ns         0 [  0.00ns,   0.00ns]   0.00ns   0.00ns   0.00ns
                  'fj_short_random':         0 [  0.00ns,   0.00ns]   0.00ns   0.00ns   0.00ns         0 [  0.00ns,   0.00ns]   0.00ns   0.00ns   0.00ns
                        'fs_random':         1 [  9.17ms,   9.17ms]   9.17ms   0.00ns   9.17ms         1 [ 20.00ns,  20.00ns]  20.00ns   0.00ns  20.00ns
                        'fs_random':         1 [  9.58ms,   9.58ms]   9.58ms   0.00ns   9.58ms         1 [ 20.00ns,  20.00ns]  20.00ns   0.00ns  20.00ns
                  'fs_random_no_lp':         1 [  7.18ms,   7.18ms]   7.18ms   0.00ns   7.18ms         0 [  0.00ns,   0.00ns]   0.00ns   0.00ns   0.00ns
                  'fs_random_no_lp':         1 [  7.77ms,   7.77ms]   7.77ms   0.00ns   7.77ms         0 [  0.00ns,   0.00ns]   0.00ns   0.00ns   0.00ns
          'fs_random_quick_restart':         1 [  9.01ms,   9.01ms]   9.01ms   0.00ns   9.01ms         1 [ 20.00ns,  20.00ns]  20.00ns   0.00ns  20.00ns
          'fs_random_quick_restart':         1 [  9.52ms,   9.52ms]   9.52ms   0.00ns   9.52ms         1 [ 20.00ns,  20.00ns]  20.00ns   0.00ns  20.00ns
    'fs_random_quick_restart_no_lp':         1 [  7.59ms,   7.59ms]   7.59ms   0.00ns   7.59ms         0 [  0.00ns,   0.00ns]   0.00ns   0.00ns   0.00ns
                    'graph_arc_lns':        18 [  2.40ms, 405.99ms] 104.87ms 122.02ms    1.89s        17 [ 10.00ns, 100.11ms]  21.38ms  32.70ms 363.41ms
                    'graph_cst_lns':        18 [554.67us,   3.95ms] 975.47us 863.35us  17.56ms         2 [ 10.00ns,  10.00ns]  10.00ns   0.00ns  20.00ns
                    'graph_dec_lns':        18 [  2.44ms, 407.19ms]  97.74ms 119.99ms    1.76s        15 [ 10.00ns, 124.36ms]  20.62ms  37.33ms 309.29ms
                    'graph_var_lns':        18 [  1.78ms, 435.96ms]  92.80ms 117.79ms    1.67s        13 [ 10.00ns, 174.72ms]  22.36ms  51.22ms 290.67ms
                   'lb_tree_search':         1 [   1.52s,    1.52s]    1.52s   0.00ns    1.52s         1 [927.50ms, 927.50ms] 927.50ms   0.00ns 927.50ms
                           'max_lp':         1 [   1.53s,    1.53s]    1.53s   0.00ns    1.53s         1 [872.82ms, 872.82ms] 872.82ms   0.00ns 872.82ms
                            'no_lp':         1 [   1.52s,    1.52s]    1.52s   0.00ns    1.52s         1 [414.09ms, 414.09ms] 414.09ms   0.00ns 414.09ms
              'objective_lb_search':         1 [   1.52s,    1.52s]    1.52s   0.00ns    1.52s         1 [498.46ms, 498.46ms] 498.46ms   0.00ns 498.46ms
       'objective_lb_search_max_lp':         1 [   1.52s,    1.52s]    1.52s   0.00ns    1.52s         1 [855.82ms, 855.82ms] 855.82ms   0.00ns 855.82ms
        'objective_lb_search_no_lp':         1 [   1.52s,    1.52s]    1.52s   0.00ns    1.52s         1 [357.54ms, 357.54ms] 357.54ms   0.00ns 357.54ms
  'objective_shaving_search_max_lp':        18 [  1.37ms, 190.86ms]  71.91ms  50.28ms    1.29s        15 [297.90us,  56.60ms]  12.79ms  15.09ms 191.84ms
   'objective_shaving_search_no_lp':        19 [  2.15ms, 184.00ms]  71.58ms  52.07ms    1.36s        15 [298.77us,  36.36ms]  13.24ms  11.08ms 198.57ms
                          'probing':         1 [   1.52s,    1.52s]    1.52s   0.00ns    1.52s         1 [181.14ms, 181.14ms] 181.14ms   0.00ns 181.14ms
                   'probing_max_lp':         1 [   1.52s,    1.52s]    1.52s   0.00ns    1.52s         1 [344.61ms, 344.61ms] 344.61ms   0.00ns 344.61ms
                     'pseudo_costs':         1 [   1.52s,    1.52s]    1.52s   0.00ns    1.52s         1 [644.60ms, 644.60ms] 644.60ms   0.00ns 644.60ms
                    'quick_restart':         1 [   1.52s,    1.52s]    1.52s   0.00ns    1.52s         1 [478.51ms, 478.51ms] 478.51ms   0.00ns 478.51ms
              'quick_restart_no_lp':         1 [   1.52s,    1.52s]    1.52s   0.00ns    1.52s         1 [403.46ms, 403.46ms] 403.46ms   0.00ns 403.46ms
                    'reduced_costs':         1 [   1.52s,    1.52s]    1.52s   0.00ns    1.52s         1 [668.09ms, 668.09ms] 668.09ms   0.00ns 668.09ms
                        'rins/rens':        18 [841.67us, 462.71ms] 202.09ms 165.58ms    3.64s        16 [415.00ns, 152.54ms]  54.22ms  50.65ms 867.56ms
                      'rnd_cst_lns':        18 [619.51us, 349.23ms]  59.63ms  94.15ms    1.07s        10 [ 10.00ns, 193.92ms]  20.59ms  57.80ms 205.86ms
                      'rnd_var_lns':        18 [  1.91ms, 456.69ms] 120.25ms 147.98ms    2.16s        16 [ 10.00ns, 103.07ms]  26.20ms  38.34ms 419.25ms
                     'violation_ls':        18 [  2.36ms,  81.67ms]  41.95ms  14.32ms 755.06ms        18 [  2.61ms,  54.69ms]  45.72ms  10.80ms 823.00ms
                     'violation_ls':        18 [344.37us,  87.43ms]  37.98ms  15.67ms 683.69ms        18 [133.74us,  58.82ms]  46.45ms  12.28ms 836.14ms
                     'violation_ls':        18 [403.84us,  59.97ms]  32.34ms  14.53ms 582.05ms        18 [340.50us,  50.79ms]  36.45ms  16.76ms 656.09ms

Search stats                        Bools  Conflicts  Branches  Restarts  BoolPropag  IntegerPropag
                           'core':  2'834      2'006    16'748     5'533   3'401'622      1'449'128
                     'default_lp':     50      1'972     9'669     2'150      39'167        977'187
                      'fs_random':     50          0       100       100          12          1'258
                      'fs_random':     50          0        30        30          12            240
                'fs_random_no_lp':     50          0        48        48          12            547
                'fs_random_no_lp':     50          0         8         8           6             28
        'fs_random_quick_restart':     50          0         0         0           0              0
        'fs_random_quick_restart':     50          0        48        48          12            547
  'fs_random_quick_restart_no_lp':     50          0        18        18          12             80
                 'lb_tree_search':     50         48     6'656     1'853       7'318        224'937
                         'max_lp':    127      1'076     4'920     1'287      45'205        524'222
                          'no_lp':    326      4'677    12'548     2'111     307'868      1'860'275
            'objective_lb_search':     74      1'315     8'519     2'212      36'538        823'644
     'objective_lb_search_max_lp':     62        815     4'967     1'645      17'042        423'653
      'objective_lb_search_no_lp':    113      4'821    11'291     1'785      81'212      1'737'513
                        'probing':    132         34       230       230         619          6'378
                 'probing_max_lp':     92         20       164       164         293          3'512
                   'pseudo_costs':     50        849     8'400     2'131      28'083        734'652
                  'quick_restart':    178        765    10'726     3'106      62'601        628'716
            'quick_restart_no_lp':    215      4'322    16'508     2'197     210'238      1'744'828
                  'reduced_costs':    397      1'311    11'510     2'201     321'995        785'642

SAT stats                           ClassicMinim  LitRemoved  LitLearned  LitForgotten  Subsumed  MClauses  MDecisions  MLitTrue  MSubsumed  MLitRemoved  MReused
                           'core':         1'519       5'471       6'134             0        18     2'426      12'134         0         34          102        8
                     'default_lp':         1'079       2'210      15'263             0       167       939       6'571         0        418        2'360      122
                      'fs_random':             0           0           0             0         0         0           0         0          0            0        0
                      'fs_random':             0           0           0             0         0         0           0         0          0            0        0
                'fs_random_no_lp':             0           0           0             0         0         0           0         0          0            0        0
                'fs_random_no_lp':             0           0           0             0         0         0           0         0          0            0        0
        'fs_random_quick_restart':             0           0           0             0         0         0           0         0          0            0        0
        'fs_random_quick_restart':             0           0           0             0         0         0           0         0          0            0        0
  'fs_random_quick_restart_no_lp':             0           0           0             0         0         0           0         0          0            0        0
                 'lb_tree_search':             0           0         195             0         3       545       2'738         0         14           61       48
                         'max_lp':           491       1'079       8'370             0        93       352       2'321         0        112          617       61
                          'no_lp':         3'461       9'476      34'971             0       175       623       4'630         1        233        1'446       71
            'objective_lb_search':           839       1'973       8'207             0       109       826       5'775         0        251        1'321      207
     'objective_lb_search_max_lp':           420         741       5'355             0        80       403       2'601         0         87          509       99
      'objective_lb_search_no_lp':         3'351       8'382      31'767             0       274       680       4'570         0        292        1'610      103
                        'probing':             0           0          34             0         0         0           0         0          0            0        0
                 'probing_max_lp':             0           0          20             0         0         0           0         0          0            0        0
                   'pseudo_costs':           329         605       6'568             0       115       815       6'336         1        146          834      220
                  'quick_restart':           417         879       6'562             0        54       596       4'764         0        134          807      103
            'quick_restart_no_lp':         2'661       6'950      37'739             0       197       799       4'985        53        337        2'106      100
                  'reduced_costs':           678       1'767      10'617             0        50       784       4'540         0        238        1'260      104

Lp stats                         Component  Iterations  AddedCuts  OPTIMAL  DUAL_F.  DUAL_U.
                  'default_lp':          1      16'719      2'080    2'359        0        0
                   'fs_random':          1           0          0        0        0        0
                   'fs_random':          1           0          0        0        0        0
     'fs_random_quick_restart':          1           0          0        0        0        0
     'fs_random_quick_restart':          1           0          0        0        0        0
              'lb_tree_search':          1      27'936      2'708    1'486      613        0
                      'max_lp':          1      20'950      2'306    1'392      414        0
         'objective_lb_search':          1      16'254      1'978    1'790        1        0
  'objective_lb_search_max_lp':          1      24'817      2'116    1'105      480        1
                     'probing':          1       1'834      1'571      510        1        1
              'probing_max_lp':          1       1'283      1'872      262        3        0
                'pseudo_costs':          1      17'246      2'808    1'041      338        0
               'quick_restart':          1      12'231      2'355    1'703        0        0
               'reduced_costs':          1      17'690      2'442    1'629      401        0

Lp dimension                                                                      Final dimension of first component
                  'default_lp':    191 rows, 153 columns, 715 entries with magnitude in [4.560200e-03, 1.000000e+00]
                   'fs_random':        0 rows, 153 columns, 0 entries with magnitude in [0.000000e+00, 0.000000e+00]
                   'fs_random':        0 rows, 153 columns, 0 entries with magnitude in [0.000000e+00, 0.000000e+00]
     'fs_random_quick_restart':        0 rows, 153 columns, 0 entries with magnitude in [0.000000e+00, 0.000000e+00]
     'fs_random_quick_restart':        0 rows, 153 columns, 0 entries with magnitude in [0.000000e+00, 0.000000e+00]
              'lb_tree_search':  1049 rows, 156 columns, 5071 entries with magnitude in [9.521600e-04, 1.000000e+00]
                      'max_lp':   652 rows, 156 columns, 1492 entries with magnitude in [1.152604e-03, 1.000000e+00]
         'objective_lb_search':   395 rows, 153 columns, 1936 entries with magnitude in [1.327937e-03, 1.000000e+00]
  'objective_lb_search_max_lp':   684 rows, 156 columns, 2620 entries with magnitude in [2.807700e-03, 1.000000e+00]
                     'probing':   491 rows, 153 columns, 3732 entries with magnitude in [4.036816e-04, 1.000000e+00]
              'probing_max_lp':    171 rows, 156 columns, 972 entries with magnitude in [3.119887e-03, 1.000000e+00]
                'pseudo_costs':   948 rows, 156 columns, 3731 entries with magnitude in [4.099340e-04, 1.000000e+00]
               'quick_restart':   412 rows, 153 columns, 1963 entries with magnitude in [7.355532e-04, 1.000000e+00]
               'reduced_costs':   459 rows, 156 columns, 1822 entries with magnitude in [4.620306e-03, 1.000000e+00]

Lp debug                         CutPropag  CutEqPropag  Adjust  Overflow      Bad  BadScaling
                  'default_lp':         10            2   1'192         0   12'912           0
                   'fs_random':          0            0       0         0        0           0
                   'fs_random':          0            0       0         0        0           0
     'fs_random_quick_restart':          0            0       0         0        0           0
     'fs_random_quick_restart':          0            0       0         0        0           0
              'lb_tree_search':         20            0   1'307         0   16'188           0
                      'max_lp':         18            0     815         0   11'565           0
         'objective_lb_search':          7           32   1'185         0   23'204           0
  'objective_lb_search_max_lp':         21            0     830         0   14'989           0
                     'probing':          1           15     350         0  133'767           0
              'probing_max_lp':          9            3     253         0   86'465           0
                'pseudo_costs':          5            1     702         0   14'912           0
               'quick_restart':         37           32   1'184         0   40'299           0
               'reduced_costs':          7            1     948         0   10'967           0

Lp pool                          Constraints  Updates  Simplif  Merged  Shortened  Split  Strenghtened    Cuts/Call
                  'default_lp':        2'204      179    4'151      39        893    356         1'909  2'080/4'490
                   'fs_random':          163        0        0       0          0      0             0          0/0
                   'fs_random':          163        0        0       0          0      0             0          0/0
     'fs_random_quick_restart':          163        0        0       0          0      0             0          0/0
     'fs_random_quick_restart':          163        0        0       0          0      0             0          0/0
              'lb_tree_search':        4'038      228   17'194      25      1'901    327        12'448  2'708/5'378
                      'max_lp':        3'651      229   12'258      10      3'346    111        11'322  2'306/4'651
         'objective_lb_search':        2'136      270    4'900       5        786  1'225         1'590  1'978/4'144
  'objective_lb_search_max_lp':        3'464      193   12'035       7      2'280    130        12'114  2'116/4'047
                     'probing':        1'727      290       28       7          0    434           197  1'571/2'724
              'probing_max_lp':        3'226       85    1'750       1          0    258         3'690  1'872/3'335
                'pseudo_costs':        4'148      183   16'444      15      3'581    206        14'571  2'808/5'497
               'quick_restart':        2'516      427   13'799       2      1'653  1'863         3'437  2'355/4'761
               'reduced_costs':        3'779      127    7'120      18        794    196         9'467  2'442/4'898

Lp Cut            defaul  max_lp  quick_  reduce  pseudo  lb_tre  probin  object  probin  object
          CG_FF:     112     118     128     110     141     137      52     110     149      78
           CG_K:      52      80      45      67      64      56      26      26      51      31
           CG_R:      54      95      98      81      23     115      51      66      58      42
          CG_RB:     428     345     399     387     437     429     268     388     375     250
         CG_RBP:      62      47      68      46      35      53      46      58      39      16
         Clique:       -      23       -      16      25      34       -       -       2      26
             IB:     360     214     312     282     295     250     211     291     120     284
       MIR_1_FF:     112     182     128     143     157     177      86      92     134     143
        MIR_1_K:      23      28      24      21      40      38      11      20      14      17
        MIR_1_R:      15       8      18      20       9      15      11       9       9      11
       MIR_1_RB:     161     251     176     244     283     275     137     160     187     205
      MIR_1_RBP:      10      27       7      33      33      28       5       6      21      23
      MIR_1_RLT:       -       -       -       -       -       4       -       -       1       -
       MIR_2_FF:      53      79      69      80     100      90      41      64      70      88
        MIR_2_K:       9      23      25      16      22      34       3      11       9      26
       MIR_2_KL:       1       -       2       2       2       1       1       1       -       1
        MIR_2_R:      12      26      19      36      39      27      16      16      20      43
       MIR_2_RB:     103     140     143     124     183     136      79     105      96     136
      MIR_2_RBP:       7      16       9      30      29      21       5      10      12      24
       MIR_3_FF:      36      48      45      51      51      47      28      25      25      46
        MIR_3_K:      15      17      17      14      21      14       6       8       7       7
       MIR_3_KL:       1       -       2       -       1       -       -       2       -       1
        MIR_3_R:      11      17      14      27      35      16      10      16      11      21
       MIR_3_RB:      67      67      85      76      99      78      65      65      31      59
      MIR_3_RBP:      12       8      16      14      21      12      11       4       4      16
       MIR_4_FF:      26      23      31      20      41      27      17      33      14      34
        MIR_4_K:       5      11      14       7      14      16       8      10       2      12
       MIR_4_KL:       -       -       5       -       -       -       -       1       -       1
        MIR_4_R:      14       8      14      11      16      12      10      15       8      13
       MIR_4_RB:      36      52      52      32      45      47      41      47      14      30
      MIR_4_RBP:       2       4       3       8       5      11       1       -       2       2
       MIR_5_FF:       8      14      14      13      18      13      10      12       4       9
        MIR_5_K:       7       2       7       5       3      10       3       4       -       3
       MIR_5_KL:       -       -       -       1       -       -       -       -       -       -
        MIR_5_R:       7      10      10      13      11      12       6       7       2       5
       MIR_5_RB:      23      18      27      18      29      34      20      23       3       9
      MIR_5_RBP:       1       1       5       8       1       8       1       1       -       3
       MIR_6_FF:       1       2       6       -       6       3       3       2       -       4
        MIR_6_K:       4       -       2       2       4       3       2       2       -       -
       MIR_6_KL:       -       -       -       -       -       -       1       -       -       -
        MIR_6_R:       1       3       4       3       5       6       4       5       -       4
       MIR_6_RB:      11       5       9       6       9      13      12      10       3       4
      MIR_6_RBP:       -       3       -       2       6       1       -       -       -       2
   ZERO_HALF_FF:      32      37      24      46      48      50      23      21      29      48
    ZERO_HALF_K:       3       6       7       7       6      10       3       3       -       6
    ZERO_HALF_R:     121     180     210     226     285     243     184     172     271     235
   ZERO_HALF_RB:      57      53      55      75      91      80      42      52      58      76
  ZERO_HALF_RBP:       5      15       7      19      20      22      11       5      17      22

LNS stats           Improv/Calls  Closed  Difficulty  TimeLimit
  'graph_arc_lns':          1/17     82%        0.99       0.10
  'graph_cst_lns':           1/3    100%        0.88       0.10
  'graph_dec_lns':          2/17     82%        0.99       0.10
  'graph_var_lns':          1/17     76%        0.98       0.10
      'rins/rens':          4/18     56%        0.88       0.10
    'rnd_cst_lns':          1/13     77%        0.97       0.10
    'rnd_var_lns':          2/18     72%        0.98       0.10

LS stats                   Batches  Restarts  LinMoves  GenMoves  CompoundMoves  WeightUpdates
       'fj_long_default':        0         0         0         0              0              0
   'fj_long_lin_default':        0         0         0         0              0              0
        'fj_long_random':        0         0         0         0              0              0
      'fj_short_default':        1         1         0     4'113            533             10
  'fj_short_lin_default':        0         0         0         0              0              0
   'fj_short_lin_random':        0         0         0         0              0              0
       'fj_short_random':        0         0         0         0              0              0
          'violation_ls':       18         0   139'202       319             11         20'957
          'violation_ls':       18         0    19'011   116'056          4'707          1'776
          'violation_ls':       18         0    37'768   127'598          2'700          3'011

Solutions (13)            Num     Rank
        'graph_arc_lns':    1    [6,6]
        'graph_dec_lns':    1  [10,10]
               'max_lp':    1  [13,13]
                'no_lp':    4    [1,9]
        'quick_restart':    1  [12,12]
  'quick_restart_no_lp':    3    [4,8]
          'rnd_var_lns':    1    [7,7]
         'violation_ls':    1  [11,11]

Objective bounds                     Num
                      'default_lp':    3
                  'initial_domain':    1
                  'lb_tree_search':    2
             'objective_lb_search':    7
       'objective_lb_search_no_lp':   27
  'objective_shaving_search_no_lp':    2

Solution repositories    Added  Queried  Ignored  Synchro
  'feasible solutions':    108      319        2       77
        'lp solutions':     47        6        0       38
                'pump':    354       12

Improving bounds shared          Num
                        'core':    3
                  'default_lp':   47
              'lb_tree_search':   16
                      'max_lp':   29
                       'no_lp':  304
         'objective_lb_search':   16
  'objective_lb_search_max_lp':   17
   'objective_lb_search_no_lp':   65
                     'probing':   35
              'probing_max_lp':   18
                'pseudo_costs':   41
               'quick_restart':   79
         'quick_restart_no_lp':  108
               'reduced_costs':   44

Clauses shared                   Num
                  'default_lp':   18
              'lb_tree_search':    1
                      'max_lp':   12
                       'no_lp':   61
  'objective_lb_search_max_lp':    3
   'objective_lb_search_no_lp':    1
                'pseudo_costs':   21
               'quick_restart':    6
         'quick_restart_no_lp':   19
               'reduced_costs':   21

CpSolverResponse summary:
status: OPTIMAL
objective: 756
best_bound: 756
integers: 154
booleans: 50
conflicts: 0
branches: 48
propagations: 12
integer_propagations: 547
restarts: 48
lp_iterations: 0
walltime: 1.64393
usertime: 1.64393
deterministic_time: 14.9623
gap_integral: 58.7366
solution_fingerprint: 0x1964ffcf21cf2fea

