created virtual environment CPython3.12.4.final.0-64 in 6625ms
  creator CPython3Posix(dest=/localscratch/aneumann.63447046.0/env, clear=False, no_vcs_ignore=False, global=False)
  seeder FromAppData(download=False, pip=bundle, via=copy, app_data_dir=/home/aneumann/.local/share/virtualenv)
    added seed packages: pip==25.1.1
  activators BashActivator,CShellActivator,FishActivator,NushellActivator,PowerShellActivator,PythonActivator
Looking in links: /cvmfs/soft.computecanada.ca/custom/python/wheelhouse/gentoo2023/x86-64-v3, /cvmfs/soft.computecanada.ca/custom/python/wheelhouse/gentoo2023/generic, /cvmfs/soft.computecanada.ca/custom/python/wheelhouse/generic
Requirement already satisfied: pip in /localscratch/aneumann.63447046.0/env/lib/python3.12/site-packages (25.1.1)
Looking in links: /cvmfs/soft.computecanada.ca/custom/python/wheelhouse/gentoo2023/x86-64-v3, /cvmfs/soft.computecanada.ca/custom/python/wheelhouse/gentoo2023/generic, /cvmfs/soft.computecanada.ca/custom/python/wheelhouse/generic
ERROR: protobuf-5.28.3-cp38-abi3-manylinux2014_x86_64.whl is not a supported wheel on this platform.
Looking in links: /cvmfs/soft.computecanada.ca/custom/python/wheelhouse/gentoo2023/x86-64-v3, /cvmfs/soft.computecanada.ca/custom/python/wheelhouse/gentoo2023/generic, /cvmfs/soft.computecanada.ca/custom/python/wheelhouse/generic
Processing /home/aneumann/projects/def-adhaj/aneumann/GNRS/wheels/immutabledict-4.2.0-py3-none-any.whl
Installing collected packages: immutabledict
Successfully installed immutabledict-4.2.0
Looking in links: /cvmfs/soft.computecanada.ca/custom/python/wheelhouse/gentoo2023/x86-64-v3, /cvmfs/soft.computecanada.ca/custom/python/wheelhouse/gentoo2023/generic, /cvmfs/soft.computecanada.ca/custom/python/wheelhouse/generic
Processing /cvmfs/soft.computecanada.ca/custom/python/wheelhouse/generic/ortools-9.10.4067+computecanada-cp312-cp312-linux_x86_64.whl (from -r /home/aneumann/projects/def-adhaj/aneumann/GNRS/requirements/or.txt (line 1))
Processing /cvmfs/soft.computecanada.ca/custom/python/wheelhouse/gentoo2023/x86-64-v3/matplotlib-3.10.0+computecanada-cp312-cp312-linux_x86_64.whl (from -r /home/aneumann/projects/def-adhaj/aneumann/GNRS/requirements/or.txt (line 2))
Processing /cvmfs/soft.computecanada.ca/custom/python/wheelhouse/gentoo2023/x86-64-v3/pandas-2.2.3+computecanada-cp312-cp312-linux_x86_64.whl (from -r /home/aneumann/projects/def-adhaj/aneumann/GNRS/requirements/or.txt (line 3))
Processing /cvmfs/soft.computecanada.ca/custom/python/wheelhouse/generic/absl_py-2.2.2+computecanada-py3-none-any.whl (from ortools<9.11,>=9.10->-r /home/aneumann/projects/def-adhaj/aneumann/GNRS/requirements/or.txt (line 1))
Processing /cvmfs/soft.computecanada.ca/custom/python/wheelhouse/gentoo2023/generic/numpy-2.2.2+computecanada-cp312-cp312-linux_x86_64.whl (from ortools<9.11,>=9.10->-r /home/aneumann/projects/def-adhaj/aneumann/GNRS/requirements/or.txt (line 1))
Processing /cvmfs/soft.computecanada.ca/custom/python/wheelhouse/gentoo2023/x86-64-v3/protobuf-6.30.2+computecanada-cp312-cp312-linux_x86_64.whl (from ortools<9.11,>=9.10->-r /home/aneumann/projects/def-adhaj/aneumann/GNRS/requirements/or.txt (line 1))
Requirement already satisfied: immutabledict>=3.0.0 in /localscratch/aneumann.63447046.0/env/lib/python3.12/site-packages (from ortools<9.11,>=9.10->-r /home/aneumann/projects/def-adhaj/aneumann/GNRS/requirements/or.txt (line 1)) (4.2.0)
Processing /cvmfs/soft.computecanada.ca/custom/python/wheelhouse/gentoo2023/generic/contourpy-1.3.1+computecanada-cp312-cp312-linux_x86_64.whl (from matplotlib->-r /home/aneumann/projects/def-adhaj/aneumann/GNRS/requirements/or.txt (line 2))
Processing /cvmfs/soft.computecanada.ca/custom/python/wheelhouse/generic/cycler-0.12.1+computecanada-py3-none-any.whl (from matplotlib->-r /home/aneumann/projects/def-adhaj/aneumann/GNRS/requirements/or.txt (line 2))
Processing /cvmfs/soft.computecanada.ca/custom/python/wheelhouse/generic/fonttools-4.58.2+computecanada-cp312-cp312-linux_x86_64.whl (from matplotlib->-r /home/aneumann/projects/def-adhaj/aneumann/GNRS/requirements/or.txt (line 2))
Processing /cvmfs/soft.computecanada.ca/custom/python/wheelhouse/gentoo2023/x86-64-v3/kiwisolver-1.4.8+computecanada-cp312-cp312-linux_x86_64.whl (from matplotlib->-r /home/aneumann/projects/def-adhaj/aneumann/GNRS/requirements/or.txt (line 2))
Processing /cvmfs/soft.computecanada.ca/custom/python/wheelhouse/generic/packaging-25.0+computecanada-py3-none-any.whl (from matplotlib->-r /home/aneumann/projects/def-adhaj/aneumann/GNRS/requirements/or.txt (line 2))
Processing /cvmfs/soft.computecanada.ca/custom/python/wheelhouse/gentoo2023/x86-64-v3/pillow-11.1.0+computecanada-cp312-cp312-linux_x86_64.whl (from matplotlib->-r /home/aneumann/projects/def-adhaj/aneumann/GNRS/requirements/or.txt (line 2))
Processing /cvmfs/soft.computecanada.ca/custom/python/wheelhouse/generic/pyparsing-3.2.1+computecanada-py3-none-any.whl (from matplotlib->-r /home/aneumann/projects/def-adhaj/aneumann/GNRS/requirements/or.txt (line 2))
Processing /cvmfs/soft.computecanada.ca/custom/python/wheelhouse/generic/python_dateutil-2.9.0.post0+computecanada-py2.py3-none-any.whl (from matplotlib->-r /home/aneumann/projects/def-adhaj/aneumann/GNRS/requirements/or.txt (line 2))
Processing /cvmfs/soft.computecanada.ca/custom/python/wheelhouse/generic/pytz-2025.2+computecanada-py2.py3-none-any.whl (from pandas->-r /home/aneumann/projects/def-adhaj/aneumann/GNRS/requirements/or.txt (line 3))
Processing /cvmfs/soft.computecanada.ca/custom/python/wheelhouse/generic/tzdata-2025.2+computecanada-py2.py3-none-any.whl (from pandas->-r /home/aneumann/projects/def-adhaj/aneumann/GNRS/requirements/or.txt (line 3))
Processing /cvmfs/soft.computecanada.ca/custom/python/wheelhouse/generic/six-1.17.0+computecanada-py2.py3-none-any.whl (from python-dateutil>=2.7->matplotlib->-r /home/aneumann/projects/def-adhaj/aneumann/GNRS/requirements/or.txt (line 2))
Installing collected packages: pytz, tzdata, six, pyparsing, protobuf, pillow, packaging, numpy, kiwisolver, fonttools, cycler, absl-py, python-dateutil, contourpy, pandas, matplotlib, ortools

Successfully installed absl-py-2.2.2+computecanada contourpy-1.3.1+computecanada cycler-0.12.1+computecanada fonttools-4.58.2+computecanada kiwisolver-1.4.8+computecanada matplotlib-3.10.0+computecanada numpy-2.2.2+computecanada ortools-9.10.4067+computecanada packaging-25.0+computecanada pandas-2.2.3+computecanada pillow-11.1.0+computecanada protobuf-6.30.2+computecanada pyparsing-3.2.1+computecanada python-dateutil-2.9.0.post0+computecanada pytz-2025.2+computecanada six-1.17.0+computecanada tzdata-2025.2+computecanada

Starting CP-SAT solver v9.10.4067
Parameters: max_time_in_seconds: 3600 max_memory_in_mb: 12000 log_search_progress: true enumerate_all_solutions: false absolute_gap_limit: 0 relative_gap_limit: 0
Setting number of workers to 48

Initial optimization model '': (model_fingerprint: 0x732987983edb6f22)
#Variables: 1'369 (#ints: 20 in objective)
  - 1'134 Booleans in [0,1]
  - 235 in [0,1774]
#kLinear1: 109
#kLinear2: 3'731
#kLinear3: 1'105
#kLinearN: 49'643 (#terms: 1'469'637)

Starting presolve at 0.04s
  8.43e-02s  0.00e+00d  [DetectDominanceRelations] 
  1.59e+00s  0.00e+00d  [PresolveToFixPoint] #num_loops=6 #num_dual_strengthening=3 
  1.03e-03s  0.00e+00d  [ExtractEncodingFromLinear] #potential_supersets=12 
[Symmetry] Graph for symmetry has 53'563 nodes and 1'306'887 arcs.
[Symmetry] Symmetry computation done. time: 0.0778305 dtime: 0.113586
[Symmetry] #generators: 1, average support size: 62
[Symmetry] The model contains 2297 duplicate constraints !
[Symmetry] 31 orbits with sizes: 2,2,2,2,2,2,2,2,2,2,...
[Symmetry] Num fixable by intersecting at_most_one with orbits: 1 largest_orbit: 2
  8.96e-01s  1.43e-01d  [Probe] #probed=1'956 #fixed_bools=11 #new_bounds=36 #equiv=1 
  6.82e-04s  0.00e+00d  [MaxClique] Merged 16(32 literals) into 11(22 literals) at_most_ones. 
  8.43e-02s  0.00e+00d  [DetectDominanceRelations] 
  8.36e-01s  0.00e+00d  [PresolveToFixPoint] #num_loops=4 #num_dual_strengthening=3 
  3.17e-01s  0.00e+00d  [ProcessAtMostOneAndLinear] 
  8.27e-02s  0.00e+00d  [DetectDuplicateConstraints] #duplicates=2'772 #without_enforcements=272 
  2.14e-01s  9.45e-03d  [DetectDominatedLinearConstraints] #relevant_constraints=46'343 #num_inclusions=9'365 #num_redundant=6 
  9.54e-03s  0.00e+00d  [DetectDifferentVariables] #different=196 
  3.21e-02s  2.32e-03d  [ProcessSetPPC] #relevant_constraints=44'936 
  1.08e-03s  0.00e+00d  [FindAlmostIdenticalLinearConstraints] 
  2.03e-02s  1.43e-02d  [FindBigAtMostOneAndLinearOverlap] 
  9.09e-01s  2.66e-01d  [FindBigVerticalLinearOverlap] #blocks=562 #saved_nz=349'353 
  1.57e-02s  4.45e-03d  [FindBigHorizontalLinearOverlap] #linears=44'089 
  6.69e-04s  0.00e+00d  [MergeClauses] 
  8.71e-02s  0.00e+00d  [DetectDominanceRelations] 
  7.44e-01s  0.00e+00d  [PresolveToFixPoint] #num_loops=3 #num_dual_strengthening=1 
  8.56e-02s  0.00e+00d  [DetectDominanceRelations] 
  4.42e-01s  0.00e+00d  [PresolveToFixPoint] #num_loops=1 #num_dual_strengthening=1 
[Symmetry] Graph for symmetry has 52'454 nodes and 949'029 arcs.
[Symmetry] Symmetry computation done. time: 0.0312764 dtime: 0.0531306
  6.55e-01s  1.04e-01d  [Probe] #probed=1'936 #new_bounds=532 
  2.98e-04s  0.00e+00d  [MaxClique] 
  8.46e-02s  0.00e+00d  [DetectDominanceRelations] 
  8.06e-01s  0.00e+00d  [PresolveToFixPoint] #num_loops=5 #num_dual_strengthening=3 
  2.88e-01s  0.00e+00d  [ProcessAtMostOneAndLinear] 
  6.78e-02s  0.00e+00d  [DetectDuplicateConstraints] #without_enforcements=272 
  1.26e-01s  6.65e-03d  [DetectDominatedLinearConstraints] #relevant_constraints=46'301 #num_inclusions=422 
  8.58e-03s  0.00e+00d  [DetectDifferentVariables] #different=220 #cliques=6 #size=18 
  2.49e-02s  1.60e-03d  [ProcessSetPPC] #relevant_constraints=44'056 
  6.90e-04s  4.27e-06d  [FindAlmostIdenticalLinearConstraints] #num_tested_pairs=268 
  5.79e-03s  4.82e-03d  [FindBigAtMostOneAndLinearOverlap] 
  3.48e-01s  1.34e-01d  [FindBigVerticalLinearOverlap] #blocks=2'111 #saved_nz=306'682 
  1.09e-02s  2.74e-03d  [FindBigHorizontalLinearOverlap] #linears=36'646 
  5.06e-04s  0.00e+00d  [MergeClauses] 
  5.87e-02s  0.00e+00d  [DetectDominanceRelations] 
  6.87e-01s  0.00e+00d  [PresolveToFixPoint] #num_loops=3 #num_dual_strengthening=1 
  5.89e-02s  0.00e+00d  [DetectDominanceRelations] 
  4.38e-01s  0.00e+00d  [PresolveToFixPoint] #num_loops=1 #num_dual_strengthening=1 
  5.43e-01s  7.49e-02d  [Probe] #probed=1'938 #new_bounds=1'202 
  6.25e-04s  0.00e+00d  [MaxClique] 
  5.77e-02s  0.00e+00d  [DetectDominanceRelations] 
  6.06e-01s  0.00e+00d  [PresolveToFixPoint] #num_loops=2 #num_dual_strengthening=1 
  2.54e-01s  0.00e+00d  [ProcessAtMostOneAndLinear] 
  6.21e-02s  0.00e+00d  [DetectDuplicateConstraints] #without_enforcements=272 
  8.78e-02s  4.80e-03d  [DetectDominatedLinearConstraints] #relevant_constraints=47'470 #num_inclusions=131 
  8.36e-03s  0.00e+00d  [DetectDifferentVariables] 
  1.90e-02s  9.54e-04d  [ProcessSetPPC] #relevant_constraints=36'813 
  1.73e-03s  1.22e-04d  [FindAlmostIdenticalLinearConstraints] #num_tested_pairs=5'573 
  5.48e-03s  3.29e-03d  [FindBigAtMostOneAndLinearOverlap] 
  2.73e-01s  7.73e-02d  [FindBigVerticalLinearOverlap] #blocks=1'795 #saved_nz=183'612 
  9.43e-03s  1.66e-03d  [FindBigHorizontalLinearOverlap] #linears=28'374 
  6.80e-04s  0.00e+00d  [MergeClauses] 
  4.57e-02s  0.00e+00d  [DetectDominanceRelations] 
  6.95e-01s  0.00e+00d  [PresolveToFixPoint] #num_loops=3 #num_dual_strengthening=1 
  3.56e-03s  0.00e+00d  [ExpandObjective] #entries=21'669 #tight_variables=6'461 #tight_constraints=3'413 

Presolve summary:
  - 449 affine relations were detected.
  - rule 'TODO dual: only one blocking constraint?' was applied 3'562 times.
  - rule 'TODO dual: only one unspecified blocking constraint?' was applied 300 times.
  - rule 'TODO duplicate: identical constraint with different enforcements' was applied 816 times.
  - rule 'TODO no_overlap: with task always last' was applied 6 times.
  - rule 'affine: new relation' was applied 449 times.
  - rule 'all_diff: inferred from x != y constraints' was applied 6 times.
  - rule 'at_most_one: removed literals' was applied 11 times.
  - rule 'at_most_one: size one' was applied 11 times.
  - rule 'at_most_one: transformed into max clique.' was applied 1 time.
  - rule 'deductions: 4286 stored' was applied 1 time.
  - rule 'dual: fix variable' was applied 57 times.
  - rule 'dual: reduced domain' was applied 170 times.
  - rule 'duplicate: merged rhs of linear constraint' was applied 487 times.
  - rule 'duplicate: removed constraint' was applied 2'772 times.
  - rule 'enforcement: false literal' was applied 64 times.
  - rule 'enforcement: true literal' was applied 49 times.
  - rule 'exactly_one: x and not(x)' was applied 1 time.
  - rule 'incompatible linear: add implication' was applied 408 times.
  - rule 'linear inclusion: redundant containing constraint' was applied 6 times.
  - rule 'linear matrix: common vertical rectangle' was applied 4'468 times.
  - rule 'linear2: contains a Boolean.' was applied 2 times.
  - rule 'linear: always true' was applied 3'397 times.
  - rule 'linear: doubleton free' was applied 30 times.
  - rule 'linear: empty' was applied 74 times.
  - rule 'linear: extracted enforcement literal' was applied 49'393 times.
  - rule 'linear: fixed or dup variables' was applied 50'703 times.
  - rule 'linear: positive equal one' was applied 12 times.
  - rule 'linear: reduced variable domains' was applied 3'294 times.
  - rule 'linear: remapped using affine relations' was applied 50'228 times.
  - rule 'linear: simplified rhs' was applied 204'272 times.
  - rule 'linear: variable substitution 1' was applied 30 times.
  - rule 'linear: variable substitution 2' was applied 624 times.
  - rule 'linear: variable substitution 3' was applied 290 times.
  - rule 'presolve: 227 unused variables removed.' was applied 1 time.
  - rule 'presolve: iteration' was applied 3 times.
  - rule 'probing: reduced enforced constraint to implication.' was applied 16 times.
  - rule 'symmetry: fixed to false in general orbit' was applied 1 time.

Presolved optimization model '': (model_fingerprint: 0xf3f0f8cfd5ec537c)
#Variables: 4'217 (#ints: 20 in objective)
  - 488 Booleans in [0,1]
  - 2'901 different domains in [-42462,42422] with a largest complexity of 27.
#kAllDiff: 6
#kExactlyOne: 11 (#literals: 33)
#kLinear1: 2 (#enforced: 2)
#kLinear2: 3'486 (#enforced: 3'287 #multi: 1'362)
#kLinear3: 9'809 (#enforced: 7'741)
#kLinearN: 38'026 (#enforced: 35'475) (#terms: 371'657)

Preloading model.
#Bound  12.67s best:inf   next:[216,31963] initial_domain
#Model  12.76s var:4217/4217 constraints:51340/51340

Starting search at 12.79s with 48 workers.
16 full problem subsolvers: [core, default_lp, lb_tree_search, max_lp, no_lp, objective_lb_search, objective_lb_search_max_lp, objective_lb_search_no_lp, objective_shaving_search_max_lp, objective_shaving_search_no_lp, probing, probing_max_lp, pseudo_costs, quick_restart, quick_restart_no_lp, reduced_costs]
30 first solution subsolvers: [fj_long_default(2), fj_long_lin_default, fj_long_lin_perturb, fj_long_lin_random, fj_long_perturb, fj_long_random, fj_short_default(2), fj_short_lin_default(2), fj_short_lin_perturb, fj_short_lin_random, fj_short_perturb, fj_short_random, fs_random(4), fs_random_no_lp(4), fs_random_quick_restart(4), fs_random_quick_restart_no_lp(3)]
13 incomplete subsolvers: [feasibility_pump, graph_arc_lns, graph_cst_lns, graph_dec_lns, graph_var_lns, rins/rens, rnd_cst_lns, rnd_var_lns, violation_ls(5)]
3 helper subsolvers: [neighborhood_helper, synchronization_agent, update_gap_integral]
#Bound  14.54s best:inf   next:[217,31963] objective_shaving_search_no_lp (vars=4217 csts=51356)
#Bound  15.09s best:inf   next:[321,31963] objective_lb_search_no_lp
#1      16.82s best:13705 next:[321,13704] fs_random_quick_restart_no_lp (fixed_bools=0/586)
#2      17.38s best:13704 next:[321,13703] violation_ls(batch:2 #solutions_imported:1 #lin_moves:0 #lin_evals:36'648 #gen_moves:10'294 #gen_evals:838 #comp_moves:2'496 #backtracks:3'899 #weight_updates:85)
#3      17.42s best:13703 next:[321,13702] violation_ls(batch:3 #solutions_imported:2 #lin_moves:0 #lin_evals:36'810 #gen_moves:10'356 #gen_evals:847 #comp_moves:2'498 #backtracks:3'929 #weight_updates:85)
#4      17.43s best:13702 next:[321,13701] violation_ls(batch:3 #solutions_imported:2 #lin_moves:0 #lin_evals:40'679 #gen_moves:14'020 #gen_evals:2'114 #comp_moves:1'820 #backtracks:6'099 #weight_updates:130)
#5      17.44s best:13701 next:[321,13700] violation_ls(batch:5 #solutions_imported:4 #lin_moves:0 #lin_evals:36'885 #gen_moves:10'393 #gen_evals:849 #comp_moves:2'501 #backtracks:3'946 #weight_updates:85)
#6      17.55s best:13700 next:[321,13699] violation_ls(batch:4 #solutions_imported:2 #lin_moves:252 #lin_evals:62'327 #gen_moves:17'045 #gen_evals:2'794 #comp_moves:4'305 #backtracks:6'370 #weight_updates:173)
#7      17.60s best:13699 next:[321,13698] violation_ls(batch:5 #solutions_imported:3 #lin_moves:4'103 #lin_evals:78'064 #gen_moves:17'045 #gen_evals:2'794 #comp_moves:4'305 #backtracks:6'370 #weight_updates:851)
#8      17.71s best:13698 next:[321,13697] violation_ls(batch:6 #solutions_imported:4 #lin_moves:4'103 #lin_evals:91'499 #gen_moves:21'369 #gen_evals:3'507 #comp_moves:4'605 #backtracks:8'382 #weight_updates:921)
#9      17.74s best:13697 next:[321,13696] violation_ls(batch:5 #solutions_imported:4 #lin_moves:10'191 #lin_evals:91'290 #gen_moves:19'678 #gen_evals:2'523 #comp_moves:1'004 #backtracks:9'335 #weight_updates:552)
#10     17.88s best:13696 next:[321,13695] violation_ls(batch:5 #solutions_imported:4 #lin_moves:20'332 #lin_evals:133'299 #gen_moves:11'680 #gen_evals:1'288 #comp_moves:633 #backtracks:5'522 #weight_updates:739)
#11     17.89s best:13695 next:[321,13694] violation_ls(batch:6 #solutions_imported:5 #lin_moves:20'332 #lin_evals:133'310 #gen_moves:11'687 #gen_evals:1'290 #comp_moves:634 #backtracks:5'525 #weight_updates:739)
#Bound  17.95s best:13695 next:[340,13694] objective_lb_search_max_lp
#12     17.97s best:13694 next:[340,13693] violation_ls(batch:7 #solutions_imported:6 #lin_moves:11'040 #lin_evals:115'797 #gen_moves:26'948 #gen_evals:3'552 #comp_moves:1'803 #backtracks:12'570 #weight_updates:901)
#13     17.99s best:13693 next:[340,13692] violation_ls(batch:8 #solutions_imported:7 #lin_moves:11'479 #lin_evals:118'047 #gen_moves:26'948 #gen_evals:3'552 #comp_moves:1'803 #backtracks:12'570 #weight_updates:1'119)
#14     18.06s best:13692 next:[340,13691] violation_ls(batch:9 #solutions_imported:7 #lin_moves:4'668 #lin_evals:129'989 #gen_moves:34'035 #gen_evals:5'162 #comp_moves:5'335 #backtracks:14'349 #weight_updates:1'391)
#15     18.07s best:13691 next:[340,13690] violation_ls(batch:10 #solutions_imported:8 #lin_moves:4'668 #lin_evals:130'156 #gen_moves:34'112 #gen_evals:5'169 #comp_moves:5'336 #backtracks:14'387 #weight_updates:1'391)
#16     18.12s best:13690 next:[340,13689] violation_ls(batch:9 #solutions_imported:8 #lin_moves:499 #lin_evals:105'140 #gen_moves:36'015 #gen_evals:5'141 #comp_moves:3'624 #backtracks:16'188 #weight_updates:670)
#17     18.18s best:13689 next:[340,13688] violation_ls(batch:10 #solutions_imported:9 #lin_moves:5'152 #lin_evals:125'214 #gen_moves:36'015 #gen_evals:5'141 #comp_moves:3'624 #backtracks:16'188 #weight_updates:1'791)
#18     18.20s best:13688 next:[340,13687] violation_ls(batch:11 #solutions_imported:10 #lin_moves:5'391 #lin_evals:126'291 #gen_moves:36'015 #gen_evals:5'141 #comp_moves:3'624 #backtracks:16'188 #weight_updates:1'854)
#19     18.29s best:13687 next:[340,13686] violation_ls(batch:12 #solutions_imported:10 #lin_moves:5'063 #lin_evals:155'804 #gen_moves:41'906 #gen_evals:6'047 #comp_moves:6'047 #backtracks:17'927 #weight_updates:1'695)
#Bound  18.31s best:13687 next:[341,13686] objective_lb_search
#20     18.37s best:13686 next:[341,13685] violation_ls(batch:10 #solutions_imported:9 #lin_moves:21'525 #lin_evals:175'472 #gen_moves:26'948 #gen_evals:3'552 #comp_moves:1'803 #backtracks:12'570 #weight_updates:1'455)
#21     18.38s best:13685 next:[341,13684] violation_ls(batch:11 #solutions_imported:10 #lin_moves:21'525 #lin_evals:175'513 #gen_moves:26'967 #gen_evals:3'554 #comp_moves:1'804 #backtracks:12'579 #weight_updates:1'455)
#22     18.48s best:13684 next:[341,13683] violation_ls(batch:13 #solutions_imported:11 #lin_moves:5'470 #lin_evals:157'972 #gen_moves:41'906 #gen_evals:6'047 #comp_moves:6'047 #backtracks:17'927 #weight_updates:1'914)
#23     18.68s best:13683 next:[341,13682] rins_lp_lns (d=0.81 s=375 t=0.10 p=1.00 stall=2 h=auto_l0) [presolve]
#24     18.87s best:13682 next:[341,13681] violation_ls(batch:14 #solutions_imported:13 #lin_moves:37'823 #lin_evals:231'197 #gen_moves:26'967 #gen_evals:3'554 #comp_moves:1'804 #backtracks:12'579 #weight_updates:2'579)
#25     18.88s best:13562 next:[341,13561] rins_lp_lns (d=0.88 s=377 t=0.10 p=1.00 stall=3 h=auto_l0)
#26     20.96s best:13260 next:[341,13259] quick_restart_no_lp (fixed_bools=1/702)
#27     21.03s best:13258 next:[341,13257] violation_ls(batch:17 #solutions_imported:12 #lin_moves:48'166 #lin_evals:379'847 #gen_moves:43'853 #gen_evals:7'215 #comp_moves:4'536 #backtracks:19'651 #weight_updates:3'186)
#28     21.03s best:13124 next:[341,13123] no_lp (fixed_bools=0/554)
#29     23.30s best:13036 next:[341,13035] graph_var_lns (d=0.99 s=394 t=0.10 p=1.00 stall=10 h=auto_l0)
#30     24.50s best:13035 next:[341,13034] violation_ls(batch:20 #solutions_imported:16 #lin_moves:41'204 #lin_evals:350'090 #gen_moves:57'098 #gen_evals:8'541 #comp_moves:8'010 #backtracks:24'538 #weight_updates:3'122)
#31     25.25s best:13034 next:[341,13033] violation_ls(batch:21 #solutions_imported:16 #lin_moves:5'470 #lin_evals:300'328 #gen_moves:88'971 #gen_evals:13'637 #comp_moves:11'253 #backtracks:38'852 #weight_updates:2'368)
#32     25.26s best:13033 next:[341,13032] violation_ls(batch:21 #solutions_imported:15 #lin_moves:68'048 #lin_evals:466'849 #gen_moves:52'091 #gen_evals:8'198 #comp_moves:4'877 #backtracks:23'596 #weight_updates:3'638)
#33     25.27s best:13032 next:[341,13031] violation_ls(batch:21 #solutions_imported:17 #lin_moves:47'030 #lin_evals:399'302 #gen_moves:62'442 #gen_evals:8'309 #comp_moves:6'937 #backtracks:27'738 #weight_updates:10'587)
#34     25.28s best:13031 next:[341,13030] violation_ls(batch:21 #solutions_imported:17 #lin_moves:41'212 #lin_evals:350'143 #gen_moves:57'098 #gen_evals:8'541 #comp_moves:8'010 #backtracks:24'538 #weight_updates:3'126)
#35     25.29s best:13030 next:[341,13029] violation_ls(batch:21 #solutions_imported:16 #lin_moves:69'537 #lin_evals:479'243 #gen_moves:57'639 #gen_evals:7'488 #comp_moves:6'160 #backtracks:25'733 #weight_updates:3'157)
#36     25.34s best:11892 next:[341,11891] rnd_cst_lns (d=0.99 s=435 t=0.10 p=1.00 stall=1 h=auto_l0)
#37     26.06s best:11610 next:[341,11609] rnd_var_lns (d=0.99 s=433 t=0.10 p=1.00 stall=0 h=auto_l0)
#38     27.32s best:11609 next:[341,11608] violation_ls(batch:22 #solutions_imported:16 #lin_moves:68'301 #lin_evals:468'118 #gen_moves:52'091 #gen_evals:8'198 #comp_moves:4'877 #backtracks:23'596 #weight_updates:3'706)
#39     27.53s best:11608 next:[341,11607] violation_ls(batch:22 #solutions_imported:18 #lin_moves:41'212 #lin_evals:360'021 #gen_moves:59'810 #gen_evals:8'979 #comp_moves:8'264 #backtracks:25'767 #weight_updates:3'184)
#40     27.57s best:11607 next:[341,11606] violation_ls(batch:22 #solutions_imported:17 #lin_moves:69'796 #lin_evals:480'628 #gen_moves:57'639 #gen_evals:7'488 #comp_moves:6'160 #backtracks:25'733 #weight_updates:3'278)
#41     30.32s best:11606 next:[341,11605] violation_ls(batch:23 #solutions_imported:19 #lin_moves:47'652 #lin_evals:412'398 #gen_moves:65'218 #gen_evals:8'705 #comp_moves:7'195 #backtracks:28'997 #weight_updates:10'786)
#42     30.40s best:11605 next:[341,11604] violation_ls(batch:23 #solutions_imported:19 #lin_moves:43'775 #lin_evals:368'836 #gen_moves:59'810 #gen_evals:8'979 #comp_moves:8'264 #backtracks:25'767 #weight_updates:3'437)
#43     30.43s best:11604 next:[341,11603] violation_ls(batch:23 #solutions_imported:18 #lin_moves:69'892 #lin_evals:481'113 #gen_moves:57'639 #gen_evals:7'488 #comp_moves:6'160 #backtracks:25'733 #weight_updates:3'328)
#Bound  31.66s best:11604 next:[342,11603] objective_shaving_search_no_lp (vars=5586 csts=52287)
#44     31.77s best:11595 next:[342,11594] graph_cst_lns (d=0.99 s=499 t=0.10 p=1.00 stall=1 h=auto_l0)
#45     32.75s best:11594 next:[342,11593] violation_ls(batch:24 #solutions_imported:20 #lin_moves:45'204 #lin_evals:374'110 #gen_moves:59'810 #gen_evals:8'979 #comp_moves:8'264 #backtracks:25'767 #weight_updates:3'563)
#46     32.77s best:11593 next:[342,11592] violation_ls(batch:24 #solutions_imported:19 #lin_moves:70'106 #lin_evals:482'127 #gen_moves:57'639 #gen_evals:7'488 #comp_moves:6'160 #backtracks:25'733 #weight_updates:3'388)
#47     33.94s best:11592 next:[342,11591] violation_ls(batch:25 #solutions_imported:20 #lin_moves:5'702 #lin_evals:350'422 #gen_moves:102'815 #gen_evals:16'225 #comp_moves:13'679 #backtracks:44'559 #weight_updates:2'610)
#48     34.08s best:11591 next:[342,11590] violation_ls(batch:25 #solutions_imported:19 #lin_moves:71'937 #lin_evals:521'167 #gen_moves:65'431 #gen_evals:10'645 #comp_moves:5'624 #backtracks:29'890 #weight_updates:4'120)
#49     34.42s best:11590 next:[342,11589] violation_ls(batch:25 #solutions_imported:21 #lin_moves:47'652 #lin_evals:450'582 #gen_moves:76'746 #gen_evals:10'907 #comp_moves:9'116 #backtracks:33'799 #weight_updates:10'916)
#50     34.45s best:11589 next:[342,11588] violation_ls(batch:25 #solutions_imported:20 #lin_moves:70'355 #lin_evals:483'247 #gen_moves:57'639 #gen_evals:7'488 #comp_moves:6'160 #backtracks:25'733 #weight_updates:3'458)
#51     35.47s best:11334 next:[342,11333] graph_cst_lns (d=0.99 s=511 t=0.10 p=1.00 stall=1 h=auto_l0)
#52     35.57s best:11302 next:[342,11301] graph_var_lns (d=0.99 s=509 t=0.10 p=0.89 stall=0 h=auto_l0)
#53     36.38s best:11301 next:[342,11300] violation_ls(batch:26 #solutions_imported:21 #lin_moves:5'702 #lin_evals:362'704 #gen_moves:106'097 #gen_evals:16'724 #comp_moves:13'949 #backtracks:46'065 #weight_updates:2'676)
#54     36.40s best:11300 next:[342,11299] violation_ls(batch:26 #solutions_imported:20 #lin_moves:72'159 #lin_evals:522'368 #gen_moves:65'431 #gen_evals:10'645 #comp_moves:5'624 #backtracks:29'890 #weight_updates:4'231)
#55     36.44s best:11299 next:[342,11298] violation_ls(batch:26 #solutions_imported:22 #lin_moves:48'026 #lin_evals:383'928 #gen_moves:59'810 #gen_evals:8'979 #comp_moves:8'264 #backtracks:25'767 #weight_updates:3'893)
#56     36.95s best:11261 next:[342,11260] graph_dec_lns (d=1.00 s=500 t=0.10 p=0.94 stall=0 h=auto_l0)
#57     37.64s best:11260 next:[342,11259] violation_ls(batch:27 #solutions_imported:22 #lin_moves:5'951 #lin_evals:363'812 #gen_moves:106'097 #gen_evals:16'724 #comp_moves:13'949 #backtracks:46'065 #weight_updates:2'736)
#58     37.76s best:11259 next:[342,11258] violation_ls(batch:27 #solutions_imported:21 #lin_moves:72'159 #lin_evals:526'308 #gen_moves:66'649 #gen_evals:11'091 #comp_moves:5'690 #backtracks:30'466 #weight_updates:4'252)
#59     37.78s best:11258 next:[342,11257] violation_ls(batch:27 #solutions_imported:23 #lin_moves:48'052 #lin_evals:452'781 #gen_moves:76'746 #gen_evals:10'907 #comp_moves:9'116 #backtracks:33'799 #weight_updates:11'167)
#60     37.82s best:11257 next:[342,11256] violation_ls(batch:27 #solutions_imported:23 #lin_moves:48'026 #lin_evals:384'945 #gen_moves:60'080 #gen_evals:9'054 #comp_moves:8'268 #backtracks:25'900 #weight_updates:3'893)
#61     37.83s best:11256 next:[342,11255] violation_ls(batch:27 #solutions_imported:22 #lin_moves:70'480 #lin_evals:491'832 #gen_moves:60'037 #gen_evals:7'851 #comp_moves:6'356 #backtracks:26'834 #weight_updates:3'541)
#62     38.17s best:11081 next:[342,11080] graph_dec_lns (d=0.99 s=526 t=0.10 p=0.84 stall=0 h=auto_l0)
#63     40.02s best:11080 next:[342,11079] violation_ls(batch:28 #solutions_imported:23 #lin_moves:9'781 #lin_evals:376'790 #gen_moves:106'097 #gen_evals:16'724 #comp_moves:13'949 #backtracks:46'065 #weight_updates:3'079)
#64     40.06s best:11079 next:[342,11078] violation_ls(batch:28 #solutions_imported:22 #lin_moves:72'165 #lin_evals:526'355 #gen_moves:66'649 #gen_evals:11'091 #comp_moves:5'690 #backtracks:30'466 #weight_updates:4'257)
#65     40.09s best:11078 next:[342,11077] violation_ls(batch:28 #solutions_imported:24 #lin_moves:48'052 #lin_evals:452'819 #gen_moves:76'762 #gen_evals:10'907 #comp_moves:9'118 #backtracks:33'806 #weight_updates:11'167)
#66     40.10s best:11077 next:[342,11076] violation_ls(batch:28 #solutions_imported:24 #lin_moves:48'048 #lin_evals:385'073 #gen_moves:60'080 #gen_evals:9'054 #comp_moves:8'268 #backtracks:25'900 #weight_updates:3'914)
#67     41.24s best:10481 next:[342,10480] rins_lp_lns (d=0.93 s=551 t=0.10 p=0.58 stall=0 h=auto_l0)
#Bound  41.98s best:10481 next:[343,10480] objective_shaving_search_no_lp (vars=5580 csts=52277)
#68     42.62s best:10480 next:[343,10479] violation_ls(batch:29 #solutions_imported:24 #lin_moves:11'417 #lin_evals:383'850 #gen_moves:106'097 #gen_evals:16'724 #comp_moves:13'949 #backtracks:46'065 #weight_updates:3'540)
#69     42.63s best:10479 next:[343,10478] violation_ls(batch:29 #solutions_imported:23 #lin_moves:72'167 #lin_evals:526'382 #gen_moves:66'649 #gen_evals:11'091 #comp_moves:5'690 #backtracks:30'466 #weight_updates:4'258)
#70     42.68s best:10478 next:[343,10477] violation_ls(batch:29 #solutions_imported:25 #lin_moves:48'052 #lin_evals:452'986 #gen_moves:76'828 #gen_evals:10'912 #comp_moves:9'120 #backtracks:33'838 #weight_updates:11'167)
#71     42.71s best:10477 next:[343,10476] violation_ls(batch:29 #solutions_imported:25 #lin_moves:48'098 #lin_evals:385'334 #gen_moves:60'080 #gen_evals:9'054 #comp_moves:8'268 #backtracks:25'900 #weight_updates:3'939)
#72     42.80s best:10476 next:[343,10475] violation_ls(batch:29 #solutions_imported:24 #lin_moves:80'456 #lin_evals:524'872 #gen_moves:60'037 #gen_evals:7'851 #comp_moves:6'356 #backtracks:26'834 #weight_updates:3'833)
#73     43.87s best:10332 next:[343,10331] rins_lp_lns (d=0.90 s=577 t=0.10 p=0.52 stall=0 h=auto_l0)
#74     44.22s best:10204 next:[343,10203] rins_lp_lns (d=0.88 s=589 t=0.10 p=0.50 stall=0 h=auto_l0)
#Bound  49.18s best:10204 next:[348,10203] objective_lb_search
#75     49.75s best:10142 next:[348,10141] graph_arc_lns (d=0.99 s=598 t=0.10 p=0.67 stall=1 h=auto_l0)
#76     49.78s best:10141 next:[348,10140] violation_ls(batch:34 #solutions_imported:27 #lin_moves:75'971 #lin_evals:514'024 #gen_moves:60'080 #gen_evals:9'054 #comp_moves:8'268 #backtracks:25'900 #weight_updates:17'131)
#77     49.80s best:10140 next:[348,10139] violation_ls(batch:34 #solutions_imported:26 #lin_moves:80'859 #lin_evals:611'036 #gen_moves:81'171 #gen_evals:10'879 #comp_moves:10'452 #backtracks:35'353 #weight_updates:4'213)
#78     50.41s best:10091 next:[348,10090] rins_lp_lns (d=0.88 s=625 t=0.10 p=0.50 stall=1 h=auto_l0)
#79     51.85s best:10086 next:[348,10085] quick_restart_no_lp (fixed_bools=1/1150)
#80     52.53s best:10085 next:[348,10084] violation_ls(batch:36 #solutions_imported:28 #lin_moves:59'207 #lin_evals:632'259 #gen_moves:112'830 #gen_evals:17'806 #comp_moves:14'434 #backtracks:49'189 #weight_updates:6'111)
#81     52.54s best:10084 next:[348,10083] violation_ls(batch:36 #solutions_imported:27 #lin_moves:99'815 #lin_evals:688'079 #gen_moves:80'802 #gen_evals:13'339 #comp_moves:6'491 #backtracks:37'136 #weight_updates:16'766)
#82     52.56s best:10083 next:[348,10082] violation_ls(batch:36 #solutions_imported:29 #lin_moves:57'894 #lin_evals:605'806 #gen_moves:104'428 #gen_evals:15'464 #comp_moves:13'406 #backtracks:45'485 #weight_updates:11'547)
#83     52.56s best:10082 next:[348,10081] violation_ls(batch:36 #solutions_imported:29 #lin_moves:75'972 #lin_evals:533'425 #gen_moves:67'448 #gen_evals:10'203 #comp_moves:8'467 #backtracks:29'484 #weight_updates:17'220)
#84     52.59s best:10081 next:[348,10080] violation_ls(batch:36 #solutions_imported:28 #lin_moves:80'859 #lin_evals:631'804 #gen_moves:87'705 #gen_evals:11'941 #comp_moves:11'044 #backtracks:38'324 #weight_updates:4'278)
#Bound  52.94s best:10081 next:[612,10080] objective_lb_search_no_lp
#85     53.23s best:10061 next:[612,10060] graph_var_lns (d=0.99 s=647 t=0.10 p=0.69 stall=0 h=auto_l0)
#86     54.12s best:10016 next:[612,10015] rins_lp_lns (d=0.86 s=677 t=0.10 p=0.48 stall=1 h=auto_l0)
#87     54.23s best:10015 next:[612,10014] violation_ls(batch:37 #solutions_imported:30 #lin_moves:60'301 #lin_evals:616'271 #gen_moves:104'428 #gen_evals:15'464 #comp_moves:13'406 #backtracks:45'485 #weight_updates:12'241)
#88     54.26s best:10014 next:[612,10013] violation_ls(batch:37 #solutions_imported:29 #lin_moves:82'527 #lin_evals:639'018 #gen_moves:87'705 #gen_evals:11'941 #comp_moves:11'044 #backtracks:38'324 #weight_updates:4'631)
#89     55.70s best:9997  next:[612,9996] graph_arc_lns (d=0.99 s=634 t=0.10 p=0.68 stall=0 h=auto_l0)
#90     55.76s best:9995  next:[612,9994] violation_ls(batch:38 #solutions_imported:30 #lin_moves:59'208 #lin_evals:653'874 #gen_moves:119'905 #gen_evals:18'900 #comp_moves:14'791 #backtracks:52'546 #weight_updates:6'215)
#91     55.77s best:9993  next:[612,9992] violation_ls(batch:38 #solutions_imported:29 #lin_moves:99'815 #lin_evals:708'000 #gen_moves:87'526 #gen_evals:14'485 #comp_moves:7'013 #backtracks:40'234 #weight_updates:16'835)
#92     55.77s best:9991  next:[612,9990] violation_ls(batch:38 #solutions_imported:31 #lin_moves:60'302 #lin_evals:616'291 #gen_moves:104'428 #gen_evals:15'464 #comp_moves:13'406 #backtracks:45'485 #weight_updates:12'241)
#93     55.78s best:9989  next:[612,9988] violation_ls(batch:38 #solutions_imported:31 #lin_moves:80'075 #lin_evals:550'505 #gen_moves:67'448 #gen_evals:10'203 #comp_moves:8'467 #backtracks:29'484 #weight_updates:18'081)
#94     55.79s best:9987  next:[612,9986] violation_ls(batch:38 #solutions_imported:30 #lin_moves:82'527 #lin_evals:639'135 #gen_moves:87'744 #gen_evals:11'949 #comp_moves:11'045 #backtracks:38'343 #weight_updates:4'631)
#95     56.39s best:9351  next:[612,9350] rins_lp_lns (d=0.88 s=689 t=0.10 p=0.50 stall=0 h=auto_l0)
#96     59.71s best:9347  next:[612,9346] rins_lp_lns (d=0.88 s=701 t=0.10 p=0.50 stall=0 h=auto_l0)
#97     60.60s best:9330  next:[612,9329] rnd_var_lns (d=0.99 s=707 t=0.10 p=0.69 stall=0 h=auto_l0)
#98     62.18s best:9329  next:[612,9328] violation_ls(batch:42 #solutions_imported:33 #lin_moves:93'262 #lin_evals:724'525 #gen_moves:102'717 #gen_evals:14'120 #comp_moves:11'500 #backtracks:45'602 #weight_updates:5'985)
#99     62.65s best:9328  next:[612,9327] violation_ls(batch:43 #solutions_imported:33 #lin_moves:59'208 #lin_evals:740'024 #gen_moves:150'715 #gen_evals:23'066 #comp_moves:15'826 #backtracks:67'433 #weight_updates:6'536)
#100    62.67s best:9327  next:[612,9326] violation_ls(batch:43 #solutions_imported:33 #lin_moves:129'205 #lin_evals:837'028 #gen_moves:96'247 #gen_evals:15'297 #comp_moves:7'290 #backtracks:44'456 #weight_updates:17'601)
#101    62.68s best:9326  next:[612,9325] violation_ls(batch:43 #solutions_imported:35 #lin_moves:60'302 #lin_evals:701'991 #gen_moves:132'175 #gen_evals:19'563 #comp_moves:16'111 #backtracks:57'995 #weight_updates:12'516)
#102    62.70s best:9325  next:[612,9324] violation_ls(batch:43 #solutions_imported:35 #lin_moves:99'734 #lin_evals:650'838 #gen_moves:81'660 #gen_evals:12'313 #comp_moves:9'477 #backtracks:36'079 #weight_updates:18'575)
#103    62.71s best:9324  next:[612,9323] violation_ls(batch:43 #solutions_imported:34 #lin_moves:93'280 #lin_evals:724'626 #gen_moves:102'717 #gen_evals:14'120 #comp_moves:11'500 #backtracks:45'602 #weight_updates:5'994)
#104    64.95s best:9323  next:[612,9322] violation_ls(batch:44 #solutions_imported:34 #lin_moves:59'733 #lin_evals:742'779 #gen_moves:150'715 #gen_evals:23'066 #comp_moves:15'826 #backtracks:67'433 #weight_updates:6'763)
#105    65.24s best:9322  next:[612,9321] violation_ls(batch:44 #solutions_imported:36 #lin_moves:61'919 #lin_evals:709'007 #gen_moves:132'175 #gen_evals:19'563 #comp_moves:16'111 #backtracks:57'995 #weight_updates:12'987)
#106    65.48s best:9279  next:[612,9278] rnd_cst_lns (d=1.00 s=720 t=0.10 p=0.76 stall=0 h=auto_l0)
#107    66.36s best:9211  next:[612,9210] graph_arc_lns (d=0.99 s=722 t=0.10 p=0.70 stall=1 h=auto_l0)
#108    66.65s best:9210  next:[612,9209] violation_ls(batch:45 #solutions_imported:35 #lin_moves:59'733 #lin_evals:743'035 #gen_moves:150'797 #gen_evals:23'079 #comp_moves:15'830 #backtracks:67'472 #weight_updates:6'763)
#109    66.66s best:9209  next:[612,9208] violation_ls(batch:45 #solutions_imported:35 #lin_moves:129'280 #lin_evals:859'576 #gen_moves:103'962 #gen_evals:16'258 #comp_moves:7'657 #backtracks:48'129 #weight_updates:17'730)
#110    66.67s best:9208  next:[612,9207] violation_ls(batch:45 #solutions_imported:37 #lin_moves:62'055 #lin_evals:709'609 #gen_moves:132'175 #gen_evals:19'563 #comp_moves:16'111 #backtracks:57'995 #weight_updates:13'045)
#111    66.68s best:9207  next:[612,9206] violation_ls(batch:45 #solutions_imported:37 #lin_moves:99'885 #lin_evals:673'283 #gen_moves:88'725 #gen_evals:13'310 #comp_moves:10'182 #backtracks:39'258 #weight_updates:18'768)
#112    67.13s best:8898  next:[612,8897] rins_lp_lns (d=0.88 s=773 t=0.10 p=0.50 stall=1 h=auto_l0)
#113    71.01s best:8862  next:[612,8861] rins_lp_lns (d=0.90 s=785 t=0.10 p=0.51 stall=0 h=auto_l0)
#114    72.42s best:8838  next:[612,8837] graph_dec_lns (d=0.99 s=784 t=0.10 p=0.68 stall=0 h=auto_l0)
#115    72.53s best:8837  next:[612,8836] violation_ls(batch:48 #solutions_imported:38 #lin_moves:65'804 #lin_evals:801'366 #gen_moves:164'143 #gen_evals:25'454 #comp_moves:16'563 #backtracks:73'776 #weight_updates:7'261)
#116    72.54s best:8836  next:[612,8835] violation_ls(batch:48 #solutions_imported:40 #lin_moves:62'055 #lin_evals:748'583 #gen_moves:145'227 #gen_evals:21'890 #comp_moves:17'252 #backtracks:63'949 #weight_updates:13'195)
#117    72.55s best:8835  next:[612,8834] violation_ls(batch:48 #solutions_imported:40 #lin_moves:109'674 #lin_evals:726'532 #gen_moves:95'709 #gen_evals:14'457 #comp_moves:10'418 #backtracks:42'631 #weight_updates:19'059)
#118    72.56s best:8834  next:[612,8833] violation_ls(batch:48 #solutions_imported:39 #lin_moves:101'141 #lin_evals:817'453 #gen_moves:123'126 #gen_evals:17'488 #comp_moves:12'888 #backtracks:55'111 #weight_updates:8'374)
#119    74.41s best:8833  next:[612,8832] violation_ls(batch:49 #solutions_imported:39 #lin_moves:65'804 #lin_evals:801'370 #gen_moves:164'145 #gen_evals:25'455 #comp_moves:16'565 #backtracks:73'776 #weight_updates:7'261)
#120    74.43s best:8832  next:[612,8831] violation_ls(batch:49 #solutions_imported:39 #lin_moves:146'236 #lin_evals:929'814 #gen_moves:104'002 #gen_evals:16'260 #comp_moves:7'659 #backtracks:48'148 #weight_updates:21'413)
#121    74.45s best:8831  next:[612,8830] violation_ls(batch:49 #solutions_imported:41 #lin_moves:62'488 #lin_evals:750'954 #gen_moves:145'227 #gen_evals:21'890 #comp_moves:17'252 #backtracks:63'949 #weight_updates:13'507)
#122    74.46s best:8830  next:[612,8829] violation_ls(batch:49 #solutions_imported:41 #lin_moves:109'711 #lin_evals:726'754 #gen_moves:95'709 #gen_evals:14'457 #comp_moves:10'418 #backtracks:42'631 #weight_updates:19'094)
#123    74.61s best:8546  next:[612,8545] rins_lp_lns (d=0.90 s=821 t=0.10 p=0.51 stall=1 h=auto_l0)
#124    76.04s best:8545  next:[612,8544] violation_ls(batch:50 #solutions_imported:40 #lin_moves:73'436 #lin_evals:826'301 #gen_moves:164'145 #gen_evals:25'455 #comp_moves:16'565 #backtracks:73'776 #weight_updates:7'523)
#125    76.05s best:8544  next:[612,8543] violation_ls(batch:50 #solutions_imported:40 #lin_moves:146'322 #lin_evals:930'353 #gen_moves:104'002 #gen_evals:16'260 #comp_moves:7'659 #backtracks:48'148 #weight_updates:21'495)
#126    77.75s best:8543  next:[612,8542] violation_ls(batch:51 #solutions_imported:41 #lin_moves:146'688 #lin_evals:932'263 #gen_moves:104'002 #gen_evals:16'260 #comp_moves:7'659 #backtracks:48'148 #weight_updates:21'684)
#127    77.76s best:8542  next:[612,8541] violation_ls(batch:51 #solutions_imported:43 #lin_moves:62'488 #lin_evals:771'398 #gen_moves:152'634 #gen_evals:22'916 #comp_moves:17'672 #backtracks:67'440 #weight_updates:13'576)
#128    80.27s best:8479  next:[612,8478] rnd_cst_lns (d=0.99 s=840 t=0.10 p=0.66 stall=0 h=auto_l0)
#129    80.55s best:8478  next:[612,8477] violation_ls(batch:53 #solutions_imported:43 #lin_moves:73'436 #lin_evals:885'288 #gen_moves:183'548 #gen_evals:28'803 #comp_moves:17'769 #backtracks:82'873 #weight_updates:7'737)
#130    80.70s best:8477  next:[612,8476] violation_ls(batch:53 #solutions_imported:43 #lin_moves:130'536 #lin_evals:986'768 #gen_moves:130'534 #gen_evals:18'608 #comp_moves:13'136 #backtracks:58'689 #weight_updates:9'065)
#131    80.86s best:8454  next:[612,8453] graph_arc_lns (d=0.99 s=842 t=0.10 p=0.64 stall=1 h=auto_l0)
#132    81.51s best:8371  next:[612,8370] rins_lp_lns (d=0.86 s=881 t=0.10 p=0.49 stall=0 h=auto_l0)
#133    83.94s best:8350  next:[612,8349] graph_var_lns (d=0.99 s=865 t=0.10 p=0.62 stall=1 h=auto_l0)
#134    84.64s best:8349  next:[612,8348] violation_ls(batch:56 #solutions_imported:45 #lin_moves:93'264 #lin_evals:983'384 #gen_moves:183'548 #gen_evals:28'803 #comp_moves:17'769 #backtracks:82'873 #weight_updates:7'933)
#135    84.68s best:8204  next:[612,8203] rins_lp_lns (d=0.88 s=905 t=0.10 p=0.50 stall=2 h=auto_l0)
#136    90.00s best:8189  next:[612,8188] rins_lp_lns (d=0.88 s=941 t=0.10 p=0.50 stall=1 h=auto_l0)
#137   100.58s best:8177  next:[612,8176] rins_lp_lns (d=0.90 s=1013 t=0.10 p=0.51 stall=0 h=auto_l0)
#138   106.78s best:8172  next:[612,8171] rnd_cst_lns (d=1.00 s=960 t=0.10 p=0.65 stall=4 h=auto_l0)
#Bound 111.17s best:8172  next:[613,8171] objective_shaving_search_no_lp (vars=5608 csts=52311)
#139   115.95s best:8115  next:[613,8114] rnd_var_lns (d=1.00 s=1091 t=0.10 p=0.62 stall=0 h=auto_l0)
#Bound 138.37s best:8115  next:[633,8114] objective_lb_search
#140   140.22s best:8101  next:[633,8100] graph_dec_lns (d=1.00 s=1242 t=0.10 p=0.60 stall=1 h=auto_l0)
#141   149.59s best:7945  next:[633,7944] graph_var_lns (d=0.99 s=1325 t=0.10 p=0.59 stall=2 h=auto_l0)
#142   149.94s best:7944  next:[633,7943] violation_ls(batch:92 #solutions_imported:52 #lin_moves:350'368 #lin_evals:2'001'463 #gen_moves:172'728 #gen_evals:26'847 #comp_moves:17'801 #backtracks:77'437 #weight_updates:69'726)
#143   149.95s best:7943  next:[633,7942] violation_ls(batch:92 #solutions_imported:51 #lin_moves:477'568 #lin_evals:2'361'864 #gen_moves:130'588 #gen_evals:18'614 #comp_moves:13'140 #backtracks:58'714 #weight_updates:42'033)
#144   151.07s best:7594  next:[633,7593] rins_lp_lns (d=0.89 s=1353 t=0.10 p=0.50 stall=1 h=auto_l0)
#145   162.14s best:7559  next:[633,7558] graph_var_lns (d=0.99 s=1385 t=0.10 p=0.57 stall=0 h=auto_l0)
#146   163.28s best:7558  next:[633,7557] violation_ls(batch:100 #solutions_imported:54 #lin_moves:330'621 #lin_evals:2'222'231 #gen_moves:289'002 #gen_evals:42'709 #comp_moves:22'223 #backtracks:133'364 #weight_updates:63'001)
#147   163.28s best:7557  next:[633,7556] violation_ls(batch:100 #solutions_imported:54 #lin_moves:514'164 #lin_evals:2'440'252 #gen_moves:145'965 #gen_evals:22'176 #comp_moves:9'590 #backtracks:68'156 #weight_updates:66'381)
#148   163.29s best:7556  next:[633,7555] violation_ls(batch:100 #solutions_imported:55 #lin_moves:254'579 #lin_evals:2'044'389 #gen_moves:306'352 #gen_evals:48'205 #comp_moves:33'797 #backtracks:136'219 #weight_updates:32'802)
#149   163.35s best:7555  next:[633,7554] violation_ls(batch:100 #solutions_imported:53 #lin_moves:480'395 #lin_evals:2'488'076 #gen_moves:155'103 #gen_evals:27'197 #comp_moves:17'749 #backtracks:68'663 #weight_updates:42'442)
#150   164.93s best:7554  next:[633,7553] violation_ls(batch:101 #solutions_imported:55 #lin_moves:330'876 #lin_evals:2'223'525 #gen_moves:289'002 #gen_evals:42'709 #comp_moves:22'223 #backtracks:133'364 #weight_updates:63'126)
#151   165.28s best:7553  next:[633,7552] violation_ls(batch:101 #solutions_imported:55 #lin_moves:363'533 #lin_evals:2'231'823 #gen_moves:218'945 #gen_evals:32'794 #comp_moves:20'946 #backtracks:98'973 #weight_updates:71'162)
#152   165.72s best:7533  next:[633,7532] rins_lp_lns (d=0.91 s=1437 t=0.10 p=0.51 stall=0 h=auto_l0)
#153   171.53s best:7481  next:[633,7480] rins_lp_lns (d=0.90 s=1473 t=0.10 p=0.51 stall=0 h=auto_l0)
#Bound 205.63s best:7481  next:[634,7480] objective_shaving_search_max_lp (vars=5594 csts=52297)
#154   217.59s best:7476  next:[634,7475] rnd_var_lns (d=0.99 s=1781 t=0.10 p=0.56 stall=0 h=auto_l0)
#155   217.69s best:7475  next:[634,7474] violation_ls(batch:133 #solutions_imported:58 #lin_moves:358'141 #lin_evals:2'839'460 #gen_moves:354'083 #gen_evals:62'572 #comp_moves:33'389 #backtracks:160'313 #weight_updates:76'118)
#156   217.70s best:7474  next:[634,7473] violation_ls(batch:133 #solutions_imported:58 #lin_moves:660'794 #lin_evals:3'242'488 #gen_moves:176'414 #gen_evals:26'350 #comp_moves:15'781 #backtracks:80'278 #weight_updates:190'038)
#157   217.71s best:7473  next:[634,7472] violation_ls(batch:133 #solutions_imported:59 #lin_moves:435'951 #lin_evals:2'913'666 #gen_moves:313'159 #gen_evals:49'422 #comp_moves:34'020 #backtracks:139'509 #weight_updates:161'512)
#158   217.72s best:7472  next:[634,7471] violation_ls(batch:133 #solutions_imported:58 #lin_moves:672'439 #lin_evals:3'233'750 #gen_moves:218'975 #gen_evals:32'796 #comp_moves:20'950 #backtracks:98'986 #weight_updates:72'256)
#159   217.74s best:7471  next:[634,7470] violation_ls(batch:133 #solutions_imported:57 #lin_moves:653'692 #lin_evals:3'319'654 #gen_moves:162'258 #gen_evals:28'332 #comp_moves:18'021 #backtracks:72'104 #weight_updates:179'230)
#Bound 218.21s best:7471  next:[652,7470] objective_lb_search_no_lp
#160   219.79s best:7452  next:[652,7451] rins_lp_lns (d=0.89 s=1835 t=0.10 p=0.50 stall=1 h=auto_l0)
#Bound 263.61s best:7452  next:[688,7451] objective_lb_search_max_lp
#Bound 340.20s best:7452  next:[692,7451] objective_lb_search_max_lp
#Bound 420.63s best:7452  next:[695,7451] objective_lb_search
#161   425.05s best:7446  next:[695,7445] rins_lp_lns (d=0.90 s=3272 t=0.10 p=0.50 stall=9 h=auto_l0)
#162   443.36s best:7410  next:[695,7409] rnd_cst_lns (d=1.00 s=3327 t=0.10 p=0.53 stall=1 h=auto_l0)
#Bound 445.03s best:7410  next:[696,7409] objective_lb_search_no_lp
#Bound 454.07s best:7410  next:[700,7409] objective_lb_search
#Bound 495.30s best:7410  next:[702,7409] objective_lb_search_no_lp
#Bound 502.51s best:7410  next:[708,7409] objective_lb_search
#Bound 552.63s best:7410  next:[716,7409] objective_lb_search_no_lp
#Bound 572.89s best:7410  next:[719,7409] objective_lb_search_no_lp
#Bound 634.80s best:7410  next:[726,7409] objective_lb_search
#Bound 756.44s best:7410  next:[744,7409] objective_lb_search_max_lp
#163   826.47s best:7408  next:[744,7407] graph_dec_lns (d=1.00 s=6002 t=0.10 p=0.52 stall=1 h=auto_l0)
#164   986.36s best:7396  next:[744,7395] rnd_cst_lns (d=1.00 s=7094 t=0.10 p=0.51 stall=3 h=auto_l0)
#165   986.90s best:7390  next:[744,7389] rins_pump_lns (d=0.90 s=7159 t=0.10 p=0.50 stall=6 h=auto_l0)
#166   1001.26s best:7350  next:[744,7349] graph_var_lns (d=0.99 s=7251 t=0.10 p=0.51 stall=14 h=folio_rnd)
#167   1001.29s best:7348  next:[744,7347] violation_ls(batch:583 #solutions_imported:64 #perturbations:3 #lin_moves:2'969'040 #lin_evals:16'564'841 #gen_moves:1'258'436 #gen_evals:207'020 #comp_moves:76'650 #backtracks:590'783 #weight_updates:80'361)
#168   1001.29s best:7346  next:[744,7345] violation_ls(batch:583 #solutions_imported:63 #perturbations:3 #lin_moves:3'360'176 #lin_evals:22'254'781 #gen_moves:378'462 #gen_evals:103'630 #comp_moves:52'751 #backtracks:162'781 #weight_updates:863'040)
#Bound 1018.56s best:7346  next:[745,7345] objective_shaving_search_max_lp (vars=5547 csts=52250)
#169   1058.25s best:7290  next:[745,7289] rnd_var_lns (d=1.00 s=7661 t=0.10 p=0.51 stall=0 h=auto_l0)
#170   1059.70s best:7289  next:[745,7288] violation_ls(batch:619 #solutions_imported:66 #perturbations:3 #lin_moves:2'976'630 #lin_evals:17'221'328 #gen_moves:1'331'863 #gen_evals:232'433 #comp_moves:87'833 #backtracks:621'890 #weight_updates:82'014)
#171   1061.28s best:7288  next:[745,7287] violation_ls(batch:620 #solutions_imported:67 #perturbations:3 #lin_moves:2'946'699 #lin_evals:18'066'070 #gen_moves:1'164'281 #gen_evals:175'929 #comp_moves:73'152 #backtracks:545'486 #weight_updates:669'389)
#172   1061.29s best:7287  next:[745,7286] violation_ls(batch:620 #solutions_imported:67 #perturbations:3 #lin_moves:1'892'627 #lin_evals:14'530'441 #gen_moves:1'899'749 #gen_evals:358'899 #comp_moves:97'445 #backtracks:901'043 #weight_updates:172'544)
#173   1062.17s best:7286  next:[745,7285] violation_ls(batch:621 #solutions_imported:68 #perturbations:3 #lin_moves:2'948'381 #lin_evals:18'073'389 #gen_moves:1'164'281 #gen_evals:175'929 #comp_moves:73'152 #backtracks:545'486 #weight_updates:669'839)
#174   1062.18s best:7285  next:[745,7284] violation_ls(batch:621 #solutions_imported:68 #perturbations:3 #lin_moves:1'892'628 #lin_evals:14'530'461 #gen_moves:1'899'749 #gen_evals:358'899 #comp_moves:97'445 #backtracks:901'043 #weight_updates:172'544)
#175   1065.98s best:7275  next:[745,7274] graph_cst_lns (d=1.00 s=7713 t=0.10 p=0.51 stall=8 h=auto_l0)
#176   1066.69s best:7274  next:[745,7273] violation_ls(batch:623 #solutions_imported:68 #perturbations:3 #lin_moves:3'709'943 #lin_evals:23'558'613 #gen_moves:404'741 #gen_evals:107'658 #comp_moves:55'999 #backtracks:174'294 #weight_updates:864'167)
#177   1069.05s best:7273  next:[745,7272] violation_ls(batch:624 #solutions_imported:71 #perturbations:3 #lin_moves:3'394'216 #lin_evals:23'351'327 #gen_moves:1'207'388 #gen_evals:198'237 #comp_moves:68'387 #backtracks:569'416 #weight_updates:422'707)
#178   1069.22s best:7272  next:[745,7271] violation_ls(batch:624 #solutions_imported:69 #perturbations:3 #lin_moves:3'710'166 #lin_evals:23'559'911 #gen_moves:404'741 #gen_evals:107'658 #comp_moves:55'999 #backtracks:174'294 #weight_updates:864'305)
#179   1070.28s best:7265  next:[745,7264] rnd_var_lns (d=1.00 s=7757 t=0.10 p=0.51 stall=3 h=auto_l0)
#Bound 1079.77s best:7265  next:[746,7264] objective_lb_search
#Bound 1103.17s best:7265  next:[762,7264] objective_lb_search_no_lp
#Bound 1227.98s best:7265  next:[774,7264] objective_lb_search_max_lp
#Bound 1306.09s best:7265  next:[781,7264] objective_lb_search_max_lp
#Bound 1369.58s best:7265  next:[783,7264] objective_lb_search_max_lp
#Bound 1377.16s best:7265  next:[789,7264] objective_lb_search
#Bound 1429.63s best:7265  next:[791,7264] objective_lb_search_no_lp
#Bound 1489.70s best:7265  next:[811,7264] objective_lb_search_no_lp
#Bound 1718.32s best:7265  next:[813,7264] objective_lb_search_no_lp
#180   1727.65s best:7259  next:[813,7258] graph_cst_lns (d=1.00 s=12236 t=0.10 p=0.51 stall=0 h=auto_l0)
#181   1727.76s best:7258  next:[813,7257] violation_ls(batch:996 #solutions_imported:73 #perturbations:6 #lin_moves:4'087'312 #lin_evals:31'752'687 #gen_moves:2'279'495 #gen_evals:504'491 #comp_moves:104'978 #backtracks:1'087'151 #weight_updates:734'412)
#182   1727.79s best:7257  next:[813,7256] violation_ls(batch:996 #solutions_imported:73 #perturbations:6 #lin_moves:3'671'576 #lin_evals:26'340'509 #gen_moves:1'560'760 #gen_evals:540'084 #comp_moves:95'193 #backtracks:732'647 #weight_updates:946'836)
#Bound 1820.80s best:7257  next:[814,7256] lb_tree_search (nodes=4541/4541 rc=24 decisions=50829 @root=25 restarts=12) 
#Bound 1845.88s best:7257  next:[815,7256] lb_tree_search (nodes=4592/4592 rc=24 decisions=51356 @root=26 restarts=12) 
#Bound 1873.28s best:7257  next:[817,7256] objective_lb_search_no_lp
#Bound 1898.08s best:7257  next:[818,7256] lb_tree_search (nodes=4841/4841 rc=27 decisions=53142 @root=28 restarts=12) 
#Bound 1907.19s best:7257  next:[820,7256] objective_lb_search_no_lp
#Bound 1935.73s best:7257  next:[822,7256] objective_lb_search
#Bound 1976.08s best:7257  next:[823,7256] lb_tree_search (nodes=5173/5173 rc=27 decisions=55715 @root=30 restarts=12) 
#Bound 2025.86s best:7257  next:[824,7256] lb_tree_search (nodes=5226/5226 rc=27 decisions=56210 @root=31 restarts=12) 
#Bound 2070.76s best:7257  next:[825,7256] lb_tree_search (nodes=5298/5298 rc=27 decisions=56792 @root=32 restarts=12) 
#Bound 2094.30s best:7257  next:[826,7256] lb_tree_search (nodes=5362/5362 rc=27 decisions=57339 @root=33 restarts=12) 
#Bound 2149.99s best:7257  next:[832,7256] objective_lb_search_no_lp
#Bound 2286.21s best:7257  next:[833,7256] lb_tree_search (nodes=5719/5719 rc=38 decisions=60229 @root=37 restarts=12) 
#Bound 2317.90s best:7257  next:[846,7256] objective_lb_search_max_lp
#Bound 2441.44s best:7257  next:[854,7256] objective_lb_search_max_lp
#Bound 2599.11s best:7257  next:[871,7256] objective_lb_search_max_lp
#Bound 2823.22s best:7257  next:[876,7256] objective_lb_search_max_lp
#Bound 3355.73s best:7257  next:[877,7256] objective_shaving_search_no_lp (vars=5582 csts=52285)

Task timing                                  n [     min,      max]      avg      dev     time         n [     min,      max]      avg      dev    dtime
                             'core':         1 [  59.79m,   59.79m]   59.79m   0.00ns   59.79m         1 [   2.06m,    2.06m]    2.06m   0.00ns    2.06m
                       'default_lp':         1 [  59.79m,   59.79m]   59.79m   0.00ns   59.79m         1 [   1.20m,    1.20m]    1.20m   0.00ns    1.20m
                 'feasibility_pump':       140 [247.51us,    6.46m]   25.62s   42.26s   59.78m       124 [482.24ms,   28.05s]    1.21s    2.54s    2.51m
                  'fj_long_default':        12 [167.56ms,    1.34s] 308.11ms 313.41ms    3.70s        12 [ 84.27ms, 175.91ms] 133.68ms  25.42ms    1.60s
                  'fj_long_default':        12 [175.79ms,    1.35s] 309.31ms 314.55ms    3.71s        12 [101.34ms, 185.34ms] 129.53ms  24.59ms    1.55s
              'fj_long_lin_default':        13 [164.90ms,    1.25s] 285.61ms 278.17ms    3.71s        13 [163.85ms, 205.03ms] 192.92ms  12.71ms    2.51s
              'fj_long_lin_perturb':        14 [184.07ms,    1.03s] 274.10ms 210.90ms    3.84s        14 [101.31ms, 225.69ms] 150.63ms  34.10ms    2.11s
               'fj_long_lin_random':        11 [174.23ms,    1.46s] 329.73ms 359.75ms    3.63s        11 [114.70ms, 216.99ms] 166.36ms  30.97ms    1.83s
                  'fj_long_perturb':        12 [179.45ms,    1.44s] 301.97ms 343.23ms    3.62s        12 [172.09ms, 204.17ms] 190.03ms   9.67ms    2.28s
                   'fj_long_random':        11 [185.48ms,    1.44s] 337.06ms 351.36ms    3.71s        11 [104.36ms, 191.14ms] 144.64ms  29.21ms    1.59s
                 'fj_short_default':        10 [204.50ms,    1.62s] 384.50ms 413.50ms    3.85s        10 [136.25ms, 221.29ms] 170.74ms  26.88ms    1.71s
                 'fj_short_default':        18 [180.71ms, 479.80ms] 221.25ms  64.88ms    3.98s        18 [179.17ms, 208.51ms] 194.03ms   8.79ms    3.49s
             'fj_short_lin_default':        13 [160.31ms,    1.36s] 300.56ms 312.87ms    3.91s        13 [173.13ms, 205.57ms] 187.65ms   9.82ms    2.44s
             'fj_short_lin_default':        14 [173.47ms,    1.21s] 271.45ms 261.69ms    3.80s        14 [160.61ms, 190.12ms] 179.67ms   6.62ms    2.52s
             'fj_short_lin_perturb':        11 [197.63ms,    1.26s] 328.20ms 295.71ms    3.61s        11 [112.02ms, 209.67ms] 168.32ms  31.22ms    1.85s
              'fj_short_lin_random':        13 [169.79ms,    1.30s] 293.84ms 292.38ms    3.82s        13 [172.40ms, 206.40ms] 189.72ms   9.88ms    2.47s
                 'fj_short_perturb':        11 [214.20ms,    1.18s] 336.92ms 266.91ms    3.71s        11 [133.27ms, 190.78ms] 163.35ms  21.92ms    1.80s
                  'fj_short_random':        14 [164.89ms,    1.28s] 273.11ms 280.07ms    3.82s        14 [164.01ms, 194.26ms] 182.55ms   8.48ms    2.56s
                        'fs_random':         1 [   4.04s,    4.04s]    4.04s   0.00ns    4.04s         1 [158.73ms, 158.73ms] 158.73ms   0.00ns 158.73ms
                        'fs_random':         1 [   4.04s,    4.04s]    4.04s   0.00ns    4.04s         1 [189.88ms, 189.88ms] 189.88ms   0.00ns 189.88ms
                        'fs_random':         1 [   4.04s,    4.04s]    4.04s   0.00ns    4.04s         1 [229.23ms, 229.23ms] 229.23ms   0.00ns 229.23ms
                        'fs_random':         1 [   4.04s,    4.04s]    4.04s   0.00ns    4.04s         1 [258.58ms, 258.58ms] 258.58ms   0.00ns 258.58ms
                  'fs_random_no_lp':         1 [   4.01s,    4.01s]    4.01s   0.00ns    4.01s         1 [ 47.37ms,  47.37ms]  47.37ms   0.00ns  47.37ms
                  'fs_random_no_lp':         1 [   4.01s,    4.01s]    4.01s   0.00ns    4.01s         1 [186.14ms, 186.14ms] 186.14ms   0.00ns 186.14ms
                  'fs_random_no_lp':         1 [   4.01s,    4.01s]    4.01s   0.00ns    4.01s         1 [189.90ms, 189.90ms] 189.90ms   0.00ns 189.90ms
                  'fs_random_no_lp':         1 [   4.11s,    4.11s]    4.11s   0.00ns    4.11s         1 [218.85ms, 218.85ms] 218.85ms   0.00ns 218.85ms
          'fs_random_quick_restart':         1 [   4.04s,    4.04s]    4.04s   0.00ns    4.04s         1 [194.70ms, 194.70ms] 194.70ms   0.00ns 194.70ms
          'fs_random_quick_restart':         1 [   4.04s,    4.04s]    4.04s   0.00ns    4.04s         1 [199.78ms, 199.78ms] 199.78ms   0.00ns 199.78ms
          'fs_random_quick_restart':         1 [   4.04s,    4.04s]    4.04s   0.00ns    4.04s         1 [250.07ms, 250.07ms] 250.07ms   0.00ns 250.07ms
          'fs_random_quick_restart':         1 [   4.04s,    4.04s]    4.04s   0.00ns    4.04s         1 [270.22ms, 270.22ms] 270.22ms   0.00ns 270.22ms
    'fs_random_quick_restart_no_lp':         1 [   4.11s,    4.11s]    4.11s   0.00ns    4.11s         1 [ 45.10ms,  45.10ms]  45.10ms   0.00ns  45.10ms
    'fs_random_quick_restart_no_lp':         1 [   4.11s,    4.11s]    4.11s   0.00ns    4.11s         1 [153.23ms, 153.23ms] 153.23ms   0.00ns 153.23ms
    'fs_random_quick_restart_no_lp':         1 [   4.14s,    4.14s]    4.14s   0.00ns    4.14s         1 [ 67.80ms,  67.80ms]  67.80ms   0.00ns  67.80ms
                    'graph_arc_lns':      2052 [297.52ms,   24.84s]    8.44s    3.86s    4.81h      2026 [ 15.02us, 200.92ms]  77.17ms  30.31ms    2.61m
                    'graph_cst_lns':      2052 [ 67.05ms,   24.58s]    8.64s    4.13s    4.93h      2012 [ 10.00ns, 201.45ms]  70.90ms  36.58ms    2.38m
                    'graph_dec_lns':      2052 [320.44ms,   24.44s]    9.28s    4.15s    5.29h      2025 [ 10.00ns, 201.53ms]  74.77ms  33.77ms    2.52m
                    'graph_var_lns':      2052 [425.56ms,   24.78s]    6.63s    3.05s    3.78h      2031 [ 10.00ns, 200.75ms]  73.69ms  33.49ms    2.49m
                   'lb_tree_search':         1 [  59.79m,   59.79m]   59.79m   0.00ns   59.79m         1 [  13.06m,   13.06m]   13.06m   0.00ns   13.06m
                           'max_lp':         1 [  59.79m,   59.79m]   59.79m   0.00ns   59.79m         1 [   2.71m,    2.71m]    2.71m   0.00ns    2.71m
                            'no_lp':         1 [  59.78m,   59.78m]   59.78m   0.00ns   59.78m         1 [  55.95s,   55.95s]   55.95s   0.00ns   55.95s
              'objective_lb_search':         1 [  59.79m,   59.79m]   59.79m   0.00ns   59.79m         1 [   2.63m,    2.63m]    2.63m   0.00ns    2.63m
       'objective_lb_search_max_lp':         1 [  59.78m,   59.78m]   59.78m   0.00ns   59.78m         1 [   2.14m,    2.14m]    2.14m   0.00ns    2.14m
        'objective_lb_search_no_lp':         1 [  59.77m,   59.77m]   59.77m   0.00ns   59.77m         1 [  59.85s,   59.85s]   59.85s   0.00ns   59.85s
  'objective_shaving_search_max_lp':        52 [381.21ms,    8.88m]    1.15m    1.52m   59.79m        46 [ 46.01ms,    8.17s]    1.19s    1.40s   54.81s
   'objective_shaving_search_no_lp':        52 [334.93ms,    8.87m]    1.15m    1.52m   59.78m        47 [ 46.21ms,    6.27s] 984.67ms    1.14s   46.28s
                          'probing':         1 [  59.79m,   59.79m]   59.79m   0.00ns   59.79m         1 [   3.38m,    3.38m]    3.38m   0.00ns    3.38m
                   'probing_max_lp':         1 [  59.79m,   59.79m]   59.79m   0.00ns   59.79m         1 [   8.10m,    8.10m]    8.10m   0.00ns    8.10m
                     'pseudo_costs':         1 [  59.79m,   59.79m]   59.79m   0.00ns   59.79m         1 [   2.52m,    2.52m]    2.52m   0.00ns    2.52m
                    'quick_restart':         1 [  59.79m,   59.79m]   59.79m   0.00ns   59.79m         1 [   2.62m,    2.62m]    2.62m   0.00ns    2.62m
              'quick_restart_no_lp':         1 [  59.79m,   59.79m]   59.79m   0.00ns   59.79m         1 [   1.33m,    1.33m]    1.33m   0.00ns    1.33m
                    'reduced_costs':         1 [  59.77m,   59.77m]   59.77m   0.00ns   59.77m         1 [   3.74m,    3.74m]    3.74m   0.00ns    3.74m
                        'rins/rens':      2053 [  1.72ms,   12.46s]    2.53s    2.33s    1.44h      1748 [ 10.00ns, 203.23ms]  63.46ms  43.58ms    1.85m
                      'rnd_cst_lns':      2052 [115.42ms,   23.51s]    8.10s    3.68s    4.62h      2018 [ 10.00ns, 200.74ms]  73.99ms  34.05ms    2.49m
                      'rnd_var_lns':      2053 [189.74ms,   24.98s]    8.52s    3.87s    4.86h      2028 [ 10.00ns, 200.96ms]  73.00ms  34.55ms    2.47m
                     'violation_ls':      2052 [  8.18ms,    2.00s] 387.78ms 250.61ms   13.26m      2052 [510.00ns, 673.47ms] 212.48ms  80.91ms    7.27m
                     'violation_ls':      2053 [  6.91ms,    2.03s] 392.90ms 252.67ms   13.44m      2053 [  2.10us, 496.58ms] 206.48ms  74.87ms    7.06m
                     'violation_ls':      2053 [  7.41ms,    2.19s] 408.31ms 283.34ms   13.97m      2053 [600.00ns, 510.48ms] 217.20ms  95.73ms    7.43m
                     'violation_ls':      2053 [  7.94ms,    1.75s] 384.18ms 231.24ms   13.15m      2053 [  2.04us, 476.30ms] 202.64ms  69.66ms    6.93m
                     'violation_ls':      2053 [  8.24ms,    1.54s] 374.13ms 229.49ms   12.80m      2053 [  2.07us, 435.61ms] 191.05ms  64.59ms    6.54m

Search stats                        Bools  Conflicts  Branches  Restarts  BoolPropag  IntegerPropag
                           'core':  4'419     33'697   151'796    16'360  49'210'496    315'664'681
                     'default_lp':    688      9'033   111'074    36'042   1'163'355    208'935'010
                      'fs_random':    490          0     1'007       980          70        207'305
                      'fs_random':    490          0     1'018       980          70        208'010
                      'fs_random':    490          3     1'008       980          74        205'058
                      'fs_random':    490          3     1'025       980          94        209'848
                'fs_random_no_lp':    490          1     1'373       980         228        403'290
                'fs_random_no_lp':    490         50     2'884     1'873         793        896'752
                'fs_random_no_lp':    490         70     3'054     2'026         616        915'805
                'fs_random_no_lp':    490         92     3'271     2'067       1'142      1'026'051
        'fs_random_quick_restart':    490          0     1'010       980          70        204'728
        'fs_random_quick_restart':    490          0     1'021       980          71        210'288
        'fs_random_quick_restart':    490          1     1'031       980          77        213'936
        'fs_random_quick_restart':    490          1     1'040       980         147        205'299
  'fs_random_quick_restart_no_lp':    490         14     3'010     1'983         433        781'114
  'fs_random_quick_restart_no_lp':    490          8     1'531       980         199        478'863
  'fs_random_quick_restart_no_lp':    586          0     1'543       981          93        415'924
                 'lb_tree_search':    490        256   242'269    67'286     346'402    141'031'637
                         'max_lp':    537     12'391   271'863    84'338   1'251'961    311'228'547
                          'no_lp':    965     13'769   111'217    35'946   1'808'651    238'523'217
            'objective_lb_search':    554      5'401   103'730    44'466   1'028'500    167'587'062
     'objective_lb_search_max_lp':    566      9'110    94'036    36'389   1'440'638    201'576'915
      'objective_lb_search_no_lp':    624     14'162    53'175    15'304   2'002'838    205'399'222
                        'probing':    732          7     1'457     1'457       4'350        494'098
                 'probing_max_lp':    612          6     1'218     1'218       3'998        482'568
                   'pseudo_costs':    545     15'120   197'472    59'742   1'207'930    298'986'067
                  'quick_restart':  2'103      4'292   269'969    56'213   3'013'406    177'198'589
            'quick_restart_no_lp':  6'520     17'844   369'341    20'970  13'950'428    328'348'854
                  'reduced_costs':  5'835     24'788   325'432    37'113  28'572'893    336'639'544

SAT stats                           ClassicMinim  LitRemoved  LitLearned  LitForgotten  Subsumed  MClauses  MDecisions  MLitTrue  MSubsumed  MLitRemoved  MReused
                           'core':        28'924     141'982     237'114        12'976       119     2'649      12'540         0        623        1'944       17
                     'default_lp':         4'201       7'731     287'380             0       190    10'047      59'514         0        165          697      689
                      'fs_random':             0           0           0             0         0         0           0         0          0            0        0
                      'fs_random':             0           0           0             0         0         0           0         0          0            0        0
                      'fs_random':             0           0          10             0         0         0           0         0          0            0        0
                      'fs_random':             0           0          17             0         0         0           0         0          0            0        0
                'fs_random_no_lp':             0           0           3             0         0         0           0         0          0            0        0
                'fs_random_no_lp':             0           0         382             0         0         0           0         0          0            0        0
                'fs_random_no_lp':             0           0         441             0         0        89         499         0         23           97        5
                'fs_random_no_lp':             1           1         353             0         0        66         363         0         20           80        7
        'fs_random_quick_restart':             0           0           0             0         0         0           0         0          0            0        0
        'fs_random_quick_restart':             0           0           0             0         0         0           0         0          0            0        0
        'fs_random_quick_restart':             0           0           2             0         0         0           0         0          0            0        0
        'fs_random_quick_restart':             0           0           4             0         0         0           0         0          0            0        0
  'fs_random_quick_restart_no_lp':             0           0           0             0         0         0           0         0          0            0        0
  'fs_random_quick_restart_no_lp':             1           2          43             0         0         0           0         0          0            0        0
  'fs_random_quick_restart_no_lp':             4           4          53             0         0        38         237         0          0            0       19
                 'lb_tree_search':             0           0         808             0         0    20'092     104'775         0         29          114    1'719
                         'max_lp':         8'182      30'335     436'322       178'444       131    29'675     190'303         0        417        1'849    2'896
                          'no_lp':         9'904      23'195     561'544       191'684       204     7'363      46'637         0         71          349      853
            'objective_lb_search':         3'821       9'356      44'705             0       287     4'817      36'219         0        331        1'947    1'237
     'objective_lb_search_max_lp':         6'585      16'959      74'020             0       335     4'607      34'921         0        582        3'845      656
      'objective_lb_search_no_lp':        10'654      30'478     126'426        22'771       433     2'193      16'358         0        736        4'611      299
                        'probing':             0           0           7             0         0         0           0         0          0            0        0
                 'probing_max_lp':             0           0           6             0         0         0           0         0          0            0        0
                   'pseudo_costs':        10'085      32'636     548'302       172'444       134    19'889     124'162         0        462        2'017    2'337
                  'quick_restart':         2'213       7'791      94'626             0        88    12'803     100'791         2        254        1'274    1'504
            'quick_restart_no_lp':        10'230      39'118     444'697       142'277       228     5'239      43'079         4        668        3'547      692
                  'reduced_costs':        12'960      37'720     317'180       159'372       540     6'109      59'532         1      1'553        9'965    1'573

Lp stats                         Component  Iterations  AddedCuts  OPTIMAL  DUAL_F.  DUAL_U.
                  'default_lp':          1     177'376     19'934   17'884        1        1
                   'fs_random':          1       5'945        827       61        0        0
                   'fs_random':          1       6'393        832       63        0        0
                   'fs_random':          1       7'643        862       85        0        0
                   'fs_random':          1       7'872      1'005       81        0        0
     'fs_random_quick_restart':          1       6'760        964       71        0        0
     'fs_random_quick_restart':          1       6'820        777       67        0        0
     'fs_random_quick_restart':          1       7'858        992       93        0        0
     'fs_random_quick_restart':          1       8'274      1'103      102        0        0
              'lb_tree_search':          1   1'456'485     39'090      527   61'495        0
                      'max_lp':          1     457'927     55'860    8'674   35'414        3
         'objective_lb_search':          1     736'753     35'333   16'234      223        2
  'objective_lb_search_max_lp':          1     227'785     28'769      238   16'424        0
                     'probing':          1     119'518     55'670    3'901       29        1
              'probing_max_lp':          1     169'732     73'728    1'515       52        0
                'pseudo_costs':          1     535'172     61'824   13'510   40'224        0
               'quick_restart':          1     735'843     78'685   48'348       48        0
               'reduced_costs':          1     702'990     67'409   16'204   56'363        0

Lp dimension                                                                        Final dimension of first component
                  'default_lp':  3953 rows, 4136 columns, 17625 entries with magnitude in [4.633269e-03, 1.000000e+00]
                   'fs_random':  2450 rows, 4136 columns, 11551 entries with magnitude in [2.374232e-02, 1.000000e+00]
                   'fs_random':  2500 rows, 4136 columns, 11747 entries with magnitude in [2.374232e-02, 1.000000e+00]
                   'fs_random':  3000 rows, 4136 columns, 13797 entries with magnitude in [2.374232e-02, 1.000000e+00]
                   'fs_random':  3100 rows, 4136 columns, 14385 entries with magnitude in [2.374232e-02, 1.000000e+00]
     'fs_random_quick_restart':  2650 rows, 4136 columns, 12404 entries with magnitude in [2.374232e-02, 1.000000e+00]
     'fs_random_quick_restart':  2700 rows, 4136 columns, 12608 entries with magnitude in [2.374232e-02, 1.000000e+00]
     'fs_random_quick_restart':  3250 rows, 4136 columns, 14837 entries with magnitude in [2.374232e-02, 1.000000e+00]
     'fs_random_quick_restart':  3500 rows, 4136 columns, 15786 entries with magnitude in [3.719039e-03, 1.000000e+00]
              'lb_tree_search':  9515 rows, 4217 columns, 45271 entries with magnitude in [1.414435e-04, 1.000000e+00]
                      'max_lp':  4689 rows, 4217 columns, 20935 entries with magnitude in [2.570462e-03, 1.000000e+00]
         'objective_lb_search':  4978 rows, 4136 columns, 22293 entries with magnitude in [3.290066e-03, 1.000000e+00]
  'objective_lb_search_max_lp':  8521 rows, 4217 columns, 38353 entries with magnitude in [6.280238e-04, 1.000000e+00]
                     'probing':  4455 rows, 4136 columns, 22545 entries with magnitude in [3.477848e-04, 1.000000e+00]
              'probing_max_lp':  7825 rows, 4217 columns, 75373 entries with magnitude in [3.843830e-04, 1.000000e+00]
                'pseudo_costs':  3998 rows, 4217 columns, 17735 entries with magnitude in [6.617295e-03, 1.000000e+00]
               'quick_restart':  4748 rows, 4136 columns, 21148 entries with magnitude in [2.585485e-04, 1.000000e+00]
               'reduced_costs':  4049 rows, 4217 columns, 18037 entries with magnitude in [2.338122e-03, 1.000000e+00]

Lp debug                         CutPropag  CutEqPropag  Adjust  Overflow         Bad  BadScaling
                  'default_lp':          2           13   1'171         0     918'418           0
                   'fs_random':          0            0       0         0       4'361           0
                   'fs_random':          0            0       0         0       4'427           0
                   'fs_random':          0            0       0         0       4'441           0
                   'fs_random':          0            0       0         0       4'493           0
     'fs_random_quick_restart':          0            0       0         0       3'069           0
     'fs_random_quick_restart':          0            0       0         0       3'075           0
     'fs_random_quick_restart':          0            0       0         0       4'415           0
     'fs_random_quick_restart':          0            0       0         0       4'456           0
              'lb_tree_search':         24            4  36'951         0   2'545'887           0
                      'max_lp':         29            0   9'799         0   1'884'757           0
         'objective_lb_search':          1           21   5'230         0   2'831'320           0
  'objective_lb_search_max_lp':          5            6   9'607         0   1'808'907           0
                     'probing':         20          305   3'694         0  58'593'868           0
              'probing_max_lp':        161          171   1'516         0  19'828'554           0
                'pseudo_costs':         29            2   8'958         0   2'346'147           0
               'quick_restart':          1           46  18'369         0   4'626'760           0
               'reduced_costs':         26            8  27'933         0   2'972'445           0

Lp pool                          Constraints  Updates  Simplif  Merged  Shortened   Split  Strenghtened       Cuts/Call
                  'default_lp':       14'762      155    1'527       1          0     862         3'492   19'934/48'096
                   'fs_random':        5'656        0        0       0          0       0           456       827/2'868
                   'fs_random':        5'661        0        0       0          0       0           456       832/2'851
                   'fs_random':        5'691        0        0       0          0       0           456       862/3'407
                   'fs_random':        5'834        0        0       0          0       0           456     1'005/3'312
     'fs_random_quick_restart':        5'606        0        0       0          0       0           456       777/2'931
     'fs_random_quick_restart':        5'793        0        0       0          0       0           456       964/3'037
     'fs_random_quick_restart':        5'821        0        0       0          0       0           456       992/3'228
     'fs_random_quick_restart':        5'932        0        0       0          0       0           456     1'103/3'506
              'lb_tree_search':       61'409      172    8'149      15          0   1'390        22'948   39'090/66'535
                      'max_lp':       61'178      129    7'791      16          0   1'777        23'059   55'860/94'637
         'objective_lb_search':       14'162      655    2'150       0          0   9'179         7'200   35'333/92'695
  'objective_lb_search_max_lp':       61'085      102    7'213      18          0     930        14'788   28'769/56'540
                     'probing':       14'499    5'435    1'228       0          0  10'285        10'959  55'670/108'537
              'probing_max_lp':       61'046    2'201    3'426      16          0   5'808        30'874  73'728/154'982
                'pseudo_costs':       61'138      162    7'940      20          0   2'401        27'043  61'824/111'937
               'quick_restart':       14'508      797      551       6          0  11'144         8'570  78'685/207'712
               'reduced_costs':       60'724      268    9'463      19          0   2'318        25'651  67'409/153'445

Lp Cut            fs_ran  fs_ran  fs_ran  fs_ran  fs_ran  fs_ran  fs_ran  fs_ran  defaul  max_lp  quick_  reduce  pseudo  lb_tre  probin  object  probin  object
          CG_FF:      44      34      44      44      44      34      44      44   1'556   3'101   3'008   4'407   3'690   1'408   2'677   1'554   1'333   1'492
           CG_K:      26      23      26      26      26      23      26      26     809   2'363   1'500   3'922   2'215     587   1'921     846     673     854
          CG_KL:       -       -       -       -       -       -       -       -       2       -      12      10       3       -      21      15       -       1
           CG_R:      24      23      24      24      24      23      24      24     556   1'547   1'543   1'818   1'189     643   1'958     574     767     504
          CG_RB:      35      23      35      35      35      23      35      35   4'450  10'327  10'052  10'419  10'432   6'369   9'448   5'107   5'826   6'344
         CG_RBP:       4       3       4       4       4       3       4       4     398     995     751     787     821     495     663     308     404     566
         Clique:       -       -       -       -       -       -       -       -       -     698       -     887     646     319       -       -     215     253
             IB:     400     761     581     363     450     658     400     541   6'143   8'688  41'918  11'571  11'405   2'127   6'671  15'626   1'624   3'012
       MIR_1_FF:      86      74      85      86      85      74      85      86     703   2'335   1'920   2'925   2'398   1'627   2'577   1'061   2'606   1'192
        MIR_1_K:      25      22      25      24      24      22      25      25     101     210     264     404     233      92     300     115     155     102
       MIR_1_KL:       -       -       1       -       -       -       -       -       -       9      10      14      10       6       9      11       4       3
        MIR_1_R:      25      22      25      25      25      22      25      25     153     228     435     497     240      97     878     166     389     164
       MIR_1_RB:      27      21      28      24      26      24      27      28   1'091   6'289   3'930   6'522   6'465   5'467   5'261   2'056   9'284   2'988
      MIR_1_RBP:       -       -       -       -       -       -       -       -      73   2'617     277   2'203   2'462   1'913     274     151   2'288     696
      MIR_1_RLT:       -       -       -       -       -       -       -       -       -      35       -      61      34      15       -       -      14      17
       MIR_2_FF:      21      22      21      20      23      19      22      21     386   1'138   1'001   1'658   1'366     952   1'222     465   1'502     734
        MIR_2_K:      18      12      15      14      16      12      18      16      90     176     151     382     262     143     202      74     236     164
       MIR_2_KL:       1       1       -       1       1       1       1       1       2      20      20      39      28      14      20      24      18      14
        MIR_2_R:       4       6       5       5       4       5       5       5      99     369     285     546     521     784     773     140   2'169     347
       MIR_2_RB:      33      25      35      34      35      24      40      34     736   2'369   2'382   3'203   3'144   2'597   3'229   1'247   4'442   1'665
      MIR_2_RBP:       -       -       -       -       -       -       -       -      80     992     291   1'026   1'234     795     240     158   1'060     384
       MIR_3_FF:       6       3       5       6      11       3       7       4     199     485     523     831     696     512     620     273     801     408
        MIR_3_K:       4       4       5       7       3       5       4       4      45     179      97     294     191     126     110      49     182     131
       MIR_3_KL:       -       -       -       -       -       -       -       -       6      30      34      73      50      18      66      35      36      24
        MIR_3_R:       3       1       3       2       2       -       3       2      76     210     216     305     307     515     534     118   1'381     267
       MIR_3_RB:      11       6      12      13      13       5      11       9     369   1'023   1'312   1'561   1'370   1'164   2'167     750   2'272     882
      MIR_3_RBP:       -       -       -       -       1       -       1       -      56     373     181     456     511     304     203     102     513     239
       MIR_4_FF:       2       2       2       2       2       1       3       1     112     255     278     424     316     169     390     161     312     201
        MIR_4_K:       4       2       5       3       1       2       3       3      34      88     104     193     112      68     130      77     107      78
       MIR_4_KL:       -       -       -       -       -       -       -       -      10      31      62      87      49      22     125      70      35      32
        MIR_4_R:       -       -       -       -       -       -       -       1      42      74     126     178     121     219     345     100     482     112
       MIR_4_RB:       8       7      12       7       6       5       8      10     218     449     799     771     629     519   1'257     578     931     390
      MIR_4_RBP:       -       -       -       -       -       -       -       -      22     154     104     168     172     139     107      61     234      98
       MIR_5_FF:       2       3       1       2       -       -       4       2      46     131     142     231     150     101     282     115     204     106
        MIR_5_K:       -       1       1       -       -       -       -       1      23      67      96     139      86      39     161      86      96      52
       MIR_5_KL:       -       -       -       -       -       -       -       -      11      40      83      92      54      17     230     100      25      34
        MIR_5_R:       4       1       -       -       -       -       1       2      25      67      81     125      82      88     195      47     188      49
       MIR_5_RB:       3       -       -       1       -       -       -       2     122     286     483     460     351     246     898     379     421     196
      MIR_5_RBP:       -       -       -       -       -       -       -       -       9     100      43     119      82      70     101      46     128      66
       MIR_6_FF:       -       -       -       -       -       -       1       -      27      60      97     112      95      59     170      93      95      37
        MIR_6_K:       -       -       -       -       -       -       -       -      24      46      87      99      67      38     223     100      49      40
       MIR_6_KL:       -       -       -       -       -       -       -       -      18      46      93     100      72      27     469     107      30      36
        MIR_6_R:       -       -       -       -       -       -       1       -      11      29      55      77      35      40     116      32      96      23
       MIR_6_RB:       -       -       -       -       -       -       -       -      80     155     347     271     217     120     875     332     261     114
      MIR_6_RBP:       -       -       -       -       -       -       -       -       7      36      38      72      72      31     155      34      85      31
   ZERO_HALF_FF:       3       -       2       3       -       2       2       4     202   1'031     559   1'111     913     523     429     215     623     318
    ZERO_HALF_K:       -       -       -       -       -       -       -       -      49     253     112     308     196      87      95      37      97      73
   ZERO_HALF_KL:       -       -       -       -       -       -       -       -       -       3       1       3       7       1       -       1       3       2
    ZERO_HALF_R:       1       -       1       -       -       -       -       -     263   2'194   1'421   2'251   2'414   5'036   5'142     818  25'110   2'109
   ZERO_HALF_RB:       3       1       2       2       1       2       2       4     329   2'566   1'145   2'428   2'678   1'783   1'362     597   2'453     888
  ZERO_HALF_RBP:       -       -       -       -       -       -       -       -      71     893     216     769     931     559     369     122   1'469     237

LNS stats           Improv/Calls  Closed  Difficulty  TimeLimit
  'graph_arc_lns':      656/2047     50%        0.99       0.10
  'graph_cst_lns':      739/2038     50%        1.00       0.10
  'graph_dec_lns':      703/2049     50%        1.00       0.10
  'graph_var_lns':      582/2049     50%        0.99       0.10
      'rins/rens':      416/1843     50%        0.90       0.10
    'rnd_cst_lns':      664/2046     50%        1.00       0.10
    'rnd_var_lns':      726/2047     50%        1.00       0.10

LS stats                   Batches  Restarts   LinMoves   GenMoves  CompoundMoves  WeightUpdates
       'fj_long_default':       12         1    119'810          0              0            190
       'fj_long_default':       12         1    119'820          0              0            180
   'fj_long_lin_default':       13         1          0     17'492          2'330              1
   'fj_long_lin_perturb':       14         1    138'122          0              0          1'878
    'fj_long_lin_random':       11         1    108'461          0              0          1'539
       'fj_long_perturb':       12         1          0     16'752          2'074              1
        'fj_long_random':       11         1    109'832          0              0            168
      'fj_short_default':       10         2     99'330          0              0            670
      'fj_short_default':       18         1          0     24'815          2'755              1
  'fj_short_lin_default':       13         1          0     16'329          1'390              0
  'fj_short_lin_default':       14         1          0     20'242          1'856              1
  'fj_short_lin_perturb':       11         1     69'865      5'436          1'598            135
   'fj_short_lin_random':       13         1          0     18'814          2'116              1
      'fj_short_perturb':       11         1    109'733          0              0            267
       'fj_short_random':       14         1          0     19'449          2'094              1
          'violation_ls':    2'052         0  8'222'824  1'736'172        148'286        919'500
          'violation_ls':    2'053         0  6'787'540  3'778'466        207'540        580'081
          'violation_ls':    2'053         0  7'610'151  2'417'142        168'245      1'008'446
          'violation_ls':    2'053         0  8'905'237  3'694'079        163'544        920'281
          'violation_ls':    2'053         0  9'330'780  2'295'954        123'452        468'066

Solutions (182)                     Num       Rank
  'fs_random_quick_restart_no_lp':    1      [1,1]
                  'graph_arc_lns':    4   [75,131]
                  'graph_cst_lns':    4   [44,180]
                  'graph_dec_lns':    5   [56,163]
                  'graph_var_lns':    7   [29,166]
                          'no_lp':    1    [28,28]
            'quick_restart_no_lp':    2    [26,79]
                    'rins_lp_lns':   21   [23,161]
                  'rins_pump_lns':    1  [165,165]
                    'rnd_cst_lns':    6   [36,164]
                    'rnd_var_lns':    6   [37,179]
                   'violation_ls':  124    [2,182]

Objective bounds                      Num
                   'initial_domain':    1
                   'lb_tree_search':    8
              'objective_lb_search':   10
       'objective_lb_search_max_lp':   11
        'objective_lb_search_no_lp':   14
  'objective_shaving_search_max_lp':    2
   'objective_shaving_search_no_lp':    5

Solution repositories    Added  Queried  Ignored  Synchro
  'feasible solutions':  9'960   40'567        0    9'397
        'lp solutions':  1'694    1'259        0    1'669
                'pump':  2'221      794

Improving bounds shared          Num
                        'core':   11
                  'default_lp':  105
             'fs_random_no_lp':  363
              'lb_tree_search':  462
                      'max_lp':  156
                       'no_lp':   98
         'objective_lb_search':    2
  'objective_lb_search_max_lp':    6
                     'probing':   74
              'probing_max_lp':  217
                'pseudo_costs':  280
               'quick_restart':  690
         'quick_restart_no_lp':  262
               'reduced_costs':  153

Clauses shared                      Num
                           'core':    8
                     'default_lp':   28
                'fs_random_no_lp':   12
  'fs_random_quick_restart_no_lp':    1
                 'lb_tree_search':   13
                         'max_lp':   23
                          'no_lp':   10
            'objective_lb_search':    6
     'objective_lb_search_max_lp':    5
      'objective_lb_search_no_lp':    8
                   'pseudo_costs':   46
                  'quick_restart':   24
            'quick_restart_no_lp':  129
                  'reduced_costs':    1

CpSolverResponse summary:
status: FEASIBLE
objective: 7257
best_bound: 877
integers: 4137
booleans: 490
conflicts: 1
branches: 1373
propagations: 228
integer_propagations: 403290
restarts: 980
lp_iterations: 0
walltime: 3601.16
usertime: 3601.16
deterministic_time: 6254.4
gap_integral: 54926.7
solution_fingerprint: 0x6a9866da8cfb3cb


--- Simulation Gantt  partir du modle mathmatique ---
{'big':0, 'due_date':163, 'pos_time':5, 'status':0, 'blocked':0, 'operations':["{'type':1, 'processing_time':24}", "{'type':0, 'processing_time':22}"]}
{'big':0, 'due_date':245, 'pos_time':5, 'status':0, 'blocked':0, 'operations':["{'type':0, 'processing_time':48}", "{'type':1, 'processing_time':36}"]}
{'big':1, 'due_date':256, 'pos_time':5, 'status':0, 'blocked':0, 'operations':["{'type':0, 'processing_time':41}", "{'type':1, 'processing_time':52}"]}
{'big':0, 'due_date':263, 'pos_time':5, 'status':0, 'blocked':0, 'operations':["{'type':0, 'processing_time':47}", "{'type':1, 'processing_time':54}"]}
{'big':1, 'due_date':106, 'pos_time':5, 'status':0, 'blocked':0, 'operations':["{'type':1, 'processing_time':29}", "{'type':0, 'processing_time':43}"]}
{'big':0, 'due_date':221, 'pos_time':5, 'status':0, 'blocked':0, 'operations':["{'type':1, 'processing_time':42}"]}
{'big':0, 'due_date':195, 'pos_time':5, 'status':0, 'blocked':0, 'operations':["{'type':1, 'processing_time':53}", "{'type':0, 'processing_time':37}"]}
{'big':1, 'due_date':300, 'pos_time':5, 'status':0, 'blocked':0, 'operations':["{'type':0, 'processing_time':21}", "{'type':1, 'processing_time':50}"]}
{'big':0, 'due_date':224, 'pos_time':5, 'status':0, 'blocked':0, 'operations':["{'type':1, 'processing_time':48}"]}
{'big':0, 'due_date':156, 'pos_time':5, 'status':0, 'blocked':0, 'operations':["{'type':1, 'processing_time':58}"]}
{'big':1, 'due_date':195, 'pos_time':5, 'status':0, 'blocked':0, 'operations':["{'type':0, 'processing_time':10}", "{'type':1, 'processing_time':43}"]}
{'big':0, 'due_date':132, 'pos_time':5, 'status':0, 'blocked':0, 'operations':["{'type':0, 'processing_time':57}", "{'type':1, 'processing_time':56}"]}
{'big':1, 'due_date':108, 'pos_time':5, 'status':0, 'blocked':0, 'operations':["{'type':1, 'processing_time':45}"]}
{'big':1, 'due_date':144, 'pos_time':5, 'status':0, 'blocked':0, 'operations':["{'type':0, 'processing_time':38}"]}
{'big':0, 'due_date':179, 'pos_time':5, 'status':0, 'blocked':0, 'operations':["{'type':1, 'processing_time':60}", "{'type':0, 'processing_time':39}"]}
{'big':0, 'due_date':152, 'pos_time':5, 'status':0, 'blocked':0, 'operations':["{'type':0, 'processing_time':19}"]}
{'big':0, 'due_date':82, 'pos_time':5, 'status':0, 'blocked':0, 'operations':["{'type':1, 'processing_time':22}"]}
{'big':0, 'due_date':129, 'pos_time':5, 'status':0, 'blocked':0, 'operations':["{'type':1, 'processing_time':44}"]}
{'big':1, 'due_date':267, 'pos_time':5, 'status':0, 'blocked':0, 'operations':["{'type':1, 'processing_time':46}", "{'type':0, 'processing_time':50}"]}
