created virtual environment CPython3.12.4.final.0-64 in 8233ms
  creator CPython3Posix(dest=/localscratch/aneumann.63447116.0/env, clear=False, no_vcs_ignore=False, global=False)
  seeder FromAppData(download=False, pip=bundle, via=copy, app_data_dir=/home/aneumann/.local/share/virtualenv)
    added seed packages: pip==25.1.1
  activators BashActivator,CShellActivator,FishActivator,NushellActivator,PowerShellActivator,PythonActivator
Looking in links: /cvmfs/soft.computecanada.ca/custom/python/wheelhouse/gentoo2023/x86-64-v3, /cvmfs/soft.computecanada.ca/custom/python/wheelhouse/gentoo2023/generic, /cvmfs/soft.computecanada.ca/custom/python/wheelhouse/generic
Requirement already satisfied: pip in /localscratch/aneumann.63447116.0/env/lib/python3.12/site-packages (25.1.1)
Looking in links: /cvmfs/soft.computecanada.ca/custom/python/wheelhouse/gentoo2023/x86-64-v3, /cvmfs/soft.computecanada.ca/custom/python/wheelhouse/gentoo2023/generic, /cvmfs/soft.computecanada.ca/custom/python/wheelhouse/generic
ERROR: protobuf-5.28.3-cp38-abi3-manylinux2014_x86_64.whl is not a supported wheel on this platform.
Looking in links: /cvmfs/soft.computecanada.ca/custom/python/wheelhouse/gentoo2023/x86-64-v3, /cvmfs/soft.computecanada.ca/custom/python/wheelhouse/gentoo2023/generic, /cvmfs/soft.computecanada.ca/custom/python/wheelhouse/generic
Processing /home/aneumann/projects/def-adhaj/aneumann/GNRS/wheels/immutabledict-4.2.0-py3-none-any.whl
Installing collected packages: immutabledict
Successfully installed immutabledict-4.2.0
Looking in links: /cvmfs/soft.computecanada.ca/custom/python/wheelhouse/gentoo2023/x86-64-v3, /cvmfs/soft.computecanada.ca/custom/python/wheelhouse/gentoo2023/generic, /cvmfs/soft.computecanada.ca/custom/python/wheelhouse/generic
Processing /cvmfs/soft.computecanada.ca/custom/python/wheelhouse/generic/ortools-9.10.4067+computecanada-cp312-cp312-linux_x86_64.whl (from -r /home/aneumann/projects/def-adhaj/aneumann/GNRS/requirements/or.txt (line 1))
Processing /cvmfs/soft.computecanada.ca/custom/python/wheelhouse/gentoo2023/x86-64-v3/matplotlib-3.10.0+computecanada-cp312-cp312-linux_x86_64.whl (from -r /home/aneumann/projects/def-adhaj/aneumann/GNRS/requirements/or.txt (line 2))
Processing /cvmfs/soft.computecanada.ca/custom/python/wheelhouse/gentoo2023/x86-64-v3/pandas-2.2.3+computecanada-cp312-cp312-linux_x86_64.whl (from -r /home/aneumann/projects/def-adhaj/aneumann/GNRS/requirements/or.txt (line 3))
Processing /cvmfs/soft.computecanada.ca/custom/python/wheelhouse/generic/absl_py-2.2.2+computecanada-py3-none-any.whl (from ortools<9.11,>=9.10->-r /home/aneumann/projects/def-adhaj/aneumann/GNRS/requirements/or.txt (line 1))
Processing /cvmfs/soft.computecanada.ca/custom/python/wheelhouse/gentoo2023/generic/numpy-2.2.2+computecanada-cp312-cp312-linux_x86_64.whl (from ortools<9.11,>=9.10->-r /home/aneumann/projects/def-adhaj/aneumann/GNRS/requirements/or.txt (line 1))
Processing /cvmfs/soft.computecanada.ca/custom/python/wheelhouse/gentoo2023/x86-64-v3/protobuf-6.30.2+computecanada-cp312-cp312-linux_x86_64.whl (from ortools<9.11,>=9.10->-r /home/aneumann/projects/def-adhaj/aneumann/GNRS/requirements/or.txt (line 1))
Requirement already satisfied: immutabledict>=3.0.0 in /localscratch/aneumann.63447116.0/env/lib/python3.12/site-packages (from ortools<9.11,>=9.10->-r /home/aneumann/projects/def-adhaj/aneumann/GNRS/requirements/or.txt (line 1)) (4.2.0)
Processing /cvmfs/soft.computecanada.ca/custom/python/wheelhouse/gentoo2023/generic/contourpy-1.3.1+computecanada-cp312-cp312-linux_x86_64.whl (from matplotlib->-r /home/aneumann/projects/def-adhaj/aneumann/GNRS/requirements/or.txt (line 2))
Processing /cvmfs/soft.computecanada.ca/custom/python/wheelhouse/generic/cycler-0.12.1+computecanada-py3-none-any.whl (from matplotlib->-r /home/aneumann/projects/def-adhaj/aneumann/GNRS/requirements/or.txt (line 2))
Processing /cvmfs/soft.computecanada.ca/custom/python/wheelhouse/generic/fonttools-4.58.2+computecanada-cp312-cp312-linux_x86_64.whl (from matplotlib->-r /home/aneumann/projects/def-adhaj/aneumann/GNRS/requirements/or.txt (line 2))
Processing /cvmfs/soft.computecanada.ca/custom/python/wheelhouse/gentoo2023/x86-64-v3/kiwisolver-1.4.8+computecanada-cp312-cp312-linux_x86_64.whl (from matplotlib->-r /home/aneumann/projects/def-adhaj/aneumann/GNRS/requirements/or.txt (line 2))
Processing /cvmfs/soft.computecanada.ca/custom/python/wheelhouse/generic/packaging-25.0+computecanada-py3-none-any.whl (from matplotlib->-r /home/aneumann/projects/def-adhaj/aneumann/GNRS/requirements/or.txt (line 2))
Processing /cvmfs/soft.computecanada.ca/custom/python/wheelhouse/gentoo2023/x86-64-v3/pillow-11.1.0+computecanada-cp312-cp312-linux_x86_64.whl (from matplotlib->-r /home/aneumann/projects/def-adhaj/aneumann/GNRS/requirements/or.txt (line 2))
Processing /cvmfs/soft.computecanada.ca/custom/python/wheelhouse/generic/pyparsing-3.2.1+computecanada-py3-none-any.whl (from matplotlib->-r /home/aneumann/projects/def-adhaj/aneumann/GNRS/requirements/or.txt (line 2))
Processing /cvmfs/soft.computecanada.ca/custom/python/wheelhouse/generic/python_dateutil-2.9.0.post0+computecanada-py2.py3-none-any.whl (from matplotlib->-r /home/aneumann/projects/def-adhaj/aneumann/GNRS/requirements/or.txt (line 2))
Processing /cvmfs/soft.computecanada.ca/custom/python/wheelhouse/generic/pytz-2025.2+computecanada-py2.py3-none-any.whl (from pandas->-r /home/aneumann/projects/def-adhaj/aneumann/GNRS/requirements/or.txt (line 3))
Processing /cvmfs/soft.computecanada.ca/custom/python/wheelhouse/generic/tzdata-2025.2+computecanada-py2.py3-none-any.whl (from pandas->-r /home/aneumann/projects/def-adhaj/aneumann/GNRS/requirements/or.txt (line 3))
Processing /cvmfs/soft.computecanada.ca/custom/python/wheelhouse/generic/six-1.17.0+computecanada-py2.py3-none-any.whl (from python-dateutil>=2.7->matplotlib->-r /home/aneumann/projects/def-adhaj/aneumann/GNRS/requirements/or.txt (line 2))
Installing collected packages: pytz, tzdata, six, pyparsing, protobuf, pillow, packaging, numpy, kiwisolver, fonttools, cycler, absl-py, python-dateutil, contourpy, pandas, matplotlib, ortools

Successfully installed absl-py-2.2.2+computecanada contourpy-1.3.1+computecanada cycler-0.12.1+computecanada fonttools-4.58.2+computecanada kiwisolver-1.4.8+computecanada matplotlib-3.10.0+computecanada numpy-2.2.2+computecanada ortools-9.10.4067+computecanada packaging-25.0+computecanada pandas-2.2.3+computecanada pillow-11.1.0+computecanada protobuf-6.30.2+computecanada pyparsing-3.2.1+computecanada python-dateutil-2.9.0.post0+computecanada pytz-2025.2+computecanada six-1.17.0+computecanada tzdata-2025.2+computecanada

Starting CP-SAT solver v9.10.4067
Parameters: max_time_in_seconds: 3600 max_memory_in_mb: 12000 log_search_progress: true enumerate_all_solutions: false absolute_gap_limit: 0 relative_gap_limit: 0
Setting number of workers to 48

Initial optimization model '': (model_fingerprint: 0x133cab1d7ae1554d)
#Variables: 790 (#ints: 16 in objective)
  - 615 Booleans in [0,1]
  - 175 in [0,1169]
#kLinear1: 78
#kLinear2: 1'965
#kLinear3: 687
#kLinearN: 19'095 (#terms: 477'868)

Starting presolve at 0.01s
  2.59e-02s  0.00e+00d  [DetectDominanceRelations] 
  5.00e-01s  0.00e+00d  [PresolveToFixPoint] #num_loops=6 #num_dual_strengthening=3 
  1.60e-04s  0.00e+00d  [ExtractEncodingFromLinear] #potential_supersets=2 
[Symmetry] Graph for symmetry has 20'911 nodes and 397'707 arcs.
[Symmetry] Symmetry computation done. time: 0.0232459 dtime: 0.0323674
[Symmetry] #generators: 1, average support size: 34
[Symmetry] The model contains 1143 duplicate constraints !
[Symmetry] 17 orbits with sizes: 2,2,2,2,2,2,2,2,2,2,...
[Symmetry] Num fixable by intersecting at_most_one with orbits: 1 largest_orbit: 2
  1.78e-01s  2.89e-02d  [Probe] #probed=956 #fixed_bools=6 #new_bounds=30 #equiv=1 
  8.24e-05s  0.00e+00d  [MaxClique] 
  2.58e-02s  0.00e+00d  [DetectDominanceRelations] 
  2.61e-01s  0.00e+00d  [PresolveToFixPoint] #num_loops=4 #num_dual_strengthening=3 
  9.73e-02s  0.00e+00d  [ProcessAtMostOneAndLinear] 
  2.59e-02s  0.00e+00d  [DetectDuplicateConstraints] #duplicates=1'328 #without_enforcements=90 
  5.00e-02s  2.65e-03d  [DetectDominatedLinearConstraints] #relevant_constraints=17'421 #num_inclusions=3'973 #num_redundant=5 
  3.03e-03s  0.00e+00d  [DetectDifferentVariables] #different=86 
  9.33e-03s  6.77e-04d  [ProcessSetPPC] #relevant_constraints=16'508 
  1.43e-04s  0.00e+00d  [FindAlmostIdenticalLinearConstraints] 
  4.75e-04s  4.58e-04d  [FindBigAtMostOneAndLinearOverlap] 
  1.85e-01s  6.59e-02d  [FindBigVerticalLinearOverlap] #blocks=270 #saved_nz=97'354 
  4.03e-03s  1.37e-03d  [FindBigHorizontalLinearOverlap] #linears=16'434 
  1.00e-04s  0.00e+00d  [MergeClauses] 
  2.66e-02s  0.00e+00d  [DetectDominanceRelations] 
  2.28e-01s  0.00e+00d  [PresolveToFixPoint] #num_loops=3 #num_dual_strengthening=1 
  2.68e-02s  0.00e+00d  [DetectDominanceRelations] 
  1.42e-01s  0.00e+00d  [PresolveToFixPoint] #num_loops=1 #num_dual_strengthening=1 
[Symmetry] Graph for symmetry has 20'314 nodes and 296'318 arcs.
[Symmetry] Symmetry computation done. time: 0.0106966 dtime: 0.0173137
  1.49e-01s  2.18e-02d  [Probe] #probed=944 #new_bounds=281 
  8.60e-05s  0.00e+00d  [MaxClique] 
  2.67e-02s  0.00e+00d  [DetectDominanceRelations] 
  2.62e-01s  0.00e+00d  [PresolveToFixPoint] #num_loops=5 #num_dual_strengthening=3 
  8.54e-02s  0.00e+00d  [ProcessAtMostOneAndLinear] 
  2.29e-02s  0.00e+00d  [DetectDuplicateConstraints] #without_enforcements=90 
  3.18e-02s  1.75e-03d  [DetectDominatedLinearConstraints] #relevant_constraints=17'423 #num_inclusions=1'211 
  2.98e-03s  0.00e+00d  [DetectDifferentVariables] #different=104 #cliques=5 #size=15 
  7.61e-03s  4.81e-04d  [ProcessSetPPC] #relevant_constraints=16'434 
  2.07e-04s  1.61e-06d  [FindAlmostIdenticalLinearConstraints] #num_tested_pairs=107 
  2.20e-04s  1.53e-04d  [FindBigAtMostOneAndLinearOverlap] 
  1.08e-01s  3.78e-02d  [FindBigVerticalLinearOverlap] #blocks=646 #saved_nz=90'135 
  3.38e-03s  8.81e-04d  [FindBigHorizontalLinearOverlap] #linears=14'806 
  1.05e-04s  0.00e+00d  [MergeClauses] 
  1.86e-02s  0.00e+00d  [DetectDominanceRelations] 
  2.63e-01s  0.00e+00d  [PresolveToFixPoint] #num_loops=3 #num_dual_strengthening=1 
  1.86e-02s  0.00e+00d  [DetectDominanceRelations] 
  1.57e-01s  0.00e+00d  [PresolveToFixPoint] #num_loops=1 #num_dual_strengthening=1 
  1.28e-01s  1.65e-02d  [Probe] #probed=944 #new_bounds=399 
  9.39e-05s  0.00e+00d  [MaxClique] 
  1.86e-02s  0.00e+00d  [DetectDominanceRelations] 
  2.35e-01s  0.00e+00d  [PresolveToFixPoint] #num_loops=2 #num_dual_strengthening=1 
  6.86e-02s  0.00e+00d  [ProcessAtMostOneAndLinear] 
  2.05e-02s  0.00e+00d  [DetectDuplicateConstraints] #without_enforcements=90 
  2.06e-02s  1.07e-03d  [DetectDominatedLinearConstraints] #relevant_constraints=17'732 #num_inclusions=94 
  2.57e-03s  0.00e+00d  [DetectDifferentVariables] 
  5.55e-03s  2.94e-04d  [ProcessSetPPC] #relevant_constraints=14'845 
  4.22e-04s  2.61e-05d  [FindAlmostIdenticalLinearConstraints] #num_tested_pairs=1'047 
  2.13e-04s  1.05e-04d  [FindBigAtMostOneAndLinearOverlap] 
  5.54e-02s  1.84e-02d  [FindBigVerticalLinearOverlap] #blocks=480 #saved_nz=38'859 
  2.91e-03s  6.57e-04d  [FindBigHorizontalLinearOverlap] #linears=13'234 
  1.08e-04s  0.00e+00d  [MergeClauses] 
  1.51e-02s  0.00e+00d  [DetectDominanceRelations] 
  2.73e-01s  0.00e+00d  [PresolveToFixPoint] #num_loops=3 #num_dual_strengthening=1 
  8.03e-04s  0.00e+00d  [ExpandObjective] #entries=6'298 #tight_variables=1'850 #tight_constraints=982 

Presolve summary:
  - 222 affine relations were detected.
  - rule 'TODO dual: only one blocking constraint?' was applied 2'206 times.
  - rule 'TODO dual: only one unspecified blocking constraint?' was applied 240 times.
  - rule 'TODO duplicate: identical constraint with different enforcements' was applied 270 times.
  - rule 'TODO no_overlap: with task always last' was applied 5 times.
  - rule 'affine: new relation' was applied 222 times.
  - rule 'all_diff: inferred from x != y constraints' was applied 5 times.
  - rule 'deductions: 1369 stored' was applied 1 time.
  - rule 'dual: fix variable' was applied 45 times.
  - rule 'dual: reduced domain' was applied 137 times.
  - rule 'duplicate: merged rhs of linear constraint' was applied 195 times.
  - rule 'duplicate: removed constraint' was applied 1'328 times.
  - rule 'enforcement: false literal' was applied 55 times.
  - rule 'enforcement: true literal' was applied 25 times.
  - rule 'exactly_one: x and not(x)' was applied 1 time.
  - rule 'incompatible linear: add implication' was applied 135 times.
  - rule 'linear inclusion: redundant containing constraint' was applied 5 times.
  - rule 'linear matrix: common vertical rectangle' was applied 1'396 times.
  - rule 'linear1: always true' was applied 1 time.
  - rule 'linear: always true' was applied 2'219 times.
  - rule 'linear: doubleton free' was applied 21 times.
  - rule 'linear: empty' was applied 68 times.
  - rule 'linear: extracted enforcement literal' was applied 18'581 times.
  - rule 'linear: fixed or dup variables' was applied 19'490 times.
  - rule 'linear: positive equal one' was applied 2 times.
  - rule 'linear: reduced variable domains' was applied 1'322 times.
  - rule 'linear: remapped using affine relations' was applied 19'290 times.
  - rule 'linear: simplified rhs' was applied 79'098 times.
  - rule 'linear: variable substitution 1' was applied 21 times.
  - rule 'linear: variable substitution 2' was applied 186 times.
  - rule 'linear: variable substitution 3' was applied 79 times.
  - rule 'presolve: 185 unused variables removed.' was applied 1 time.
  - rule 'presolve: iteration' was applied 3 times.
  - rule 'symmetry: fixed to false in general orbit' was applied 1 time.

Presolved optimization model '': (model_fingerprint: 0xdf1a7365e504b5bc)
#Variables: 1'493 (#ints: 16 in objective)
  - 229 Booleans in [0,1]
  - 882 different domains in [-20943,20926] with a largest complexity of 23.
#kAllDiff: 5
#kExactlyOne: 1 (#literals: 3)
#kLinear2: 1'253 (#enforced: 1'120 #multi: 421)
#kLinear3: 4'194 (#enforced: 3'456)
#kLinearN: 13'589 (#enforced: 12'973) (#terms: 133'041)

Preloading model.
#Bound   3.75s best:inf   next:[181,16227] initial_domain
#Model   3.78s var:1493/1493 constraints:19042/19042

Starting search at 3.79s with 48 workers.
16 full problem subsolvers: [core, default_lp, lb_tree_search, max_lp, no_lp, objective_lb_search, objective_lb_search_max_lp, objective_lb_search_no_lp, objective_shaving_search_max_lp, objective_shaving_search_no_lp, probing, probing_max_lp, pseudo_costs, quick_restart, quick_restart_no_lp, reduced_costs]
30 first solution subsolvers: [fj_long_default(2), fj_long_lin_default, fj_long_lin_perturb, fj_long_lin_random, fj_long_perturb, fj_long_random, fj_short_default(2), fj_short_lin_default(2), fj_short_lin_perturb, fj_short_lin_random, fj_short_perturb, fj_short_random, fs_random(4), fs_random_no_lp(4), fs_random_quick_restart(4), fs_random_quick_restart_no_lp(3)]
13 incomplete subsolvers: [feasibility_pump, graph_arc_lns, graph_cst_lns, graph_dec_lns, graph_var_lns, rins/rens, rnd_cst_lns, rnd_var_lns, violation_ls(5)]
3 helper subsolvers: [neighborhood_helper, synchronization_agent, update_gap_integral]
#Bound   4.05s best:inf   next:[222,16227] objective_lb_search_no_lp
#Bound   4.42s best:inf   next:[359,16227] objective_lb_search_no_lp
#1       4.89s best:6505  next:[359,6504] fs_random_quick_restart_no_lp (fixed_bools=0/267)
#2       4.89s best:6479  next:[359,6478] no_lp (fixed_bools=0/267)
#3       5.05s best:6474  next:[359,6473] quick_restart_no_lp (fixed_bools=0/269)
#4       5.05s best:6472  next:[359,6471] violation_ls(batch:1 #solutions_imported:1 #lin_moves:0 #lin_evals:36 #gen_moves:17 #gen_evals:3 #comp_moves:1 #backtracks:8 #weight_updates:0)
#5       5.06s best:6470  next:[359,6469] violation_ls(batch:2 #solutions_imported:2 #lin_moves:0 #lin_evals:65 #gen_moves:30 #gen_evals:6 #comp_moves:2 #backtracks:14 #weight_updates:0)
#6       5.06s best:6469  next:[359,6468] violation_ls(batch:3 #solutions_imported:3 #lin_moves:1 #lin_evals:81 #gen_moves:30 #gen_evals:6 #comp_moves:2 #backtracks:14 #weight_updates:0)
#7       5.13s best:5863  next:[359,5862] no_lp (fixed_bools=0/290)
#8       5.84s best:5858  next:[359,5857] rnd_cst_lns (d=0.94 s=165 t=0.10 p=1.00 stall=5 h=auto_l0) [presolve]
#9       5.90s best:5857  next:[359,5856] violation_ls(batch:13 #solutions_imported:6 #lin_moves:48'791 #lin_evals:253'479 #gen_moves:30 #gen_evals:6 #comp_moves:2 #backtracks:14 #weight_updates:41'379)
#10      5.91s best:5856  next:[359,5855] violation_ls(batch:9 #solutions_imported:4 #lin_moves:38'787 #lin_evals:220'048 #gen_moves:6'939 #gen_evals:877 #comp_moves:1'356 #backtracks:2'791 #weight_updates:31'490)
#11      5.92s best:5855  next:[359,5854] violation_ls(batch:8 #solutions_imported:4 #lin_moves:40'221 #lin_evals:198'126 #gen_moves:12'806 #gen_evals:2'304 #comp_moves:2'064 #backtracks:5'371 #weight_updates:781)
#12      5.92s best:5854  next:[359,5853] violation_ls(batch:9 #solutions_imported:5 #lin_moves:40'358 #lin_evals:198'782 #gen_moves:12'806 #gen_evals:2'304 #comp_moves:2'064 #backtracks:5'371 #weight_updates:836)
#13      5.97s best:5853  next:[359,5852] violation_ls(batch:10 #solutions_imported:6 #lin_moves:40'358 #lin_evals:206'375 #gen_moves:15'615 #gen_evals:3'024 #comp_moves:2'197 #backtracks:6'709 #weight_updates:882)
#14      5.98s best:5827  next:[359,5826] rins_lp_lns (d=0.71 s=215 t=0.10 p=1.00 stall=1 h=auto_l0)
#15      6.28s best:5700  next:[359,5699] rins_lp_lns (d=0.81 s=221 t=0.10 p=1.00 stall=0 h=auto_l0)
#16      7.17s best:5695  next:[359,5694] quick_restart_no_lp (fixed_bools=0/347)
#17      7.26s best:5690  next:[359,5689] quick_restart_no_lp (fixed_bools=0/350)
#18      7.27s best:5688  next:[359,5687] violation_ls(batch:17 #solutions_imported:8 #lin_moves:60'981 #lin_evals:401'553 #gen_moves:27'284 #gen_evals:3'717 #comp_moves:5'284 #backtracks:10'993 #weight_updates:49'444)
#19      7.30s best:5686  next:[359,5685] violation_ls(batch:18 #solutions_imported:9 #lin_moves:60'982 #lin_evals:401'566 #gen_moves:27'284 #gen_evals:3'717 #comp_moves:5'284 #backtracks:10'993 #weight_updates:49'444)
#20      7.30s best:5685  next:[359,5684] violation_ls(batch:13 #solutions_imported:6 #lin_moves:55'568 #lin_evals:357'819 #gen_moves:43'212 #gen_evals:5'948 #comp_moves:4'274 #backtracks:19'465 #weight_updates:4'883)
#21      7.34s best:5684  next:[359,5683] violation_ls(batch:19 #solutions_imported:10 #lin_moves:61'560 #lin_evals:404'365 #gen_moves:27'284 #gen_evals:3'717 #comp_moves:5'284 #backtracks:10'993 #weight_updates:49'660)
#22      7.39s best:5683  next:[359,5682] violation_ls(batch:11 #solutions_imported:6 #lin_moves:58'996 #lin_evals:326'088 #gen_moves:26'597 #gen_evals:4'855 #comp_moves:2'318 #backtracks:12'132 #weight_updates:1'316)
#23      7.40s best:5682  next:[359,5681] violation_ls(batch:12 #solutions_imported:7 #lin_moves:59'545 #lin_evals:328'718 #gen_moves:26'597 #gen_evals:4'855 #comp_moves:2'318 #backtracks:12'132 #weight_updates:1'548)
#24      7.42s best:5681  next:[359,5680] violation_ls(batch:13 #solutions_imported:8 #lin_moves:59'545 #lin_evals:328'782 #gen_moves:26'626 #gen_evals:4'858 #comp_moves:2'319 #backtracks:12'146 #weight_updates:1'548)
#25      7.53s best:5680  next:[359,5679] violation_ls(batch:15 #solutions_imported:8 #lin_moves:67'985 #lin_evals:397'405 #gen_moves:43'212 #gen_evals:5'948 #comp_moves:4'274 #backtracks:19'465 #weight_updates:6'117)
#26      7.53s best:5679  next:[359,5678] violation_ls(batch:20 #solutions_imported:10 #lin_moves:59'632 #lin_evals:365'259 #gen_moves:20'855 #gen_evals:4'887 #comp_moves:3'846 #backtracks:8'496 #weight_updates:41'957)
#27      7.55s best:5678  next:[359,5677] violation_ls(batch:20 #solutions_imported:11 #lin_moves:62'003 #lin_evals:406'572 #gen_moves:27'284 #gen_evals:3'717 #comp_moves:5'284 #backtracks:10'993 #weight_updates:49'867)
#28      7.57s best:5677  next:[359,5676] violation_ls(batch:15 #solutions_imported:10 #lin_moves:59'545 #lin_evals:350'607 #gen_moves:33'192 #gen_evals:5'828 #comp_moves:3'565 #backtracks:14'806 #weight_updates:1'612)
#29      8.18s best:5548  next:[359,5547] rins_lp_lns (d=0.88 s=223 t=0.10 p=1.00 stall=0 h=auto_l0)
#30      8.64s best:5532  next:[359,5531] rins_lp_lns (d=0.94 s=243 t=0.10 p=1.00 stall=0 h=auto_l0)
#31      8.73s best:5257  next:[359,5256] graph_dec_lns (d=0.99 s=242 t=0.10 p=1.00 stall=0 h=auto_l0)
#32      8.74s best:5256  next:[359,5255] violation_ls(batch:21 #solutions_imported:13 #lin_moves:109'509 #lin_evals:541'247 #gen_moves:33'192 #gen_evals:5'828 #comp_moves:3'565 #backtracks:14'806 #weight_updates:2'408)
#33      8.75s best:5255  next:[359,5254] violation_ls(batch:21 #solutions_imported:11 #lin_moves:59'632 #lin_evals:365'389 #gen_moves:20'904 #gen_evals:4'897 #comp_moves:3'849 #backtracks:8'519 #weight_updates:41'957)
#34      8.75s best:5254  next:[359,5253] violation_ls(batch:21 #solutions_imported:12 #lin_moves:62'003 #lin_evals:406'708 #gen_moves:27'336 #gen_evals:3'723 #comp_moves:5'286 #backtracks:11'018 #weight_updates:49'867)
#35      9.09s best:5253  next:[359,5252] violation_ls(batch:22 #solutions_imported:11 #lin_moves:77'718 #lin_evals:462'622 #gen_moves:35'159 #gen_evals:7'964 #comp_moves:4'001 #backtracks:15'577 #weight_updates:33'876)
#36      9.10s best:5252  next:[359,5251] violation_ls(batch:22 #solutions_imported:13 #lin_moves:104'427 #lin_evals:578'547 #gen_moves:56'301 #gen_evals:8'275 #comp_moves:5'912 #backtracks:25'188 #weight_updates:10'268)
#37      9.10s best:5251  next:[359,5250] violation_ls(batch:22 #solutions_imported:14 #lin_moves:109'635 #lin_evals:541'802 #gen_moves:33'192 #gen_evals:5'828 #comp_moves:3'565 #backtracks:14'806 #weight_updates:2'459)
#38      9.11s best:5250  next:[359,5249] violation_ls(batch:22 #solutions_imported:12 #lin_moves:60'125 #lin_evals:367'246 #gen_moves:20'904 #gen_evals:4'897 #comp_moves:3'849 #backtracks:8'519 #weight_updates:42'033)
#39      9.12s best:5249  next:[359,5248] violation_ls(batch:22 #solutions_imported:13 #lin_moves:62'003 #lin_evals:406'865 #gen_moves:27'395 #gen_evals:3'739 #comp_moves:5'289 #backtracks:11'046 #weight_updates:49'867)
#40     10.29s best:5248  next:[359,5247] violation_ls(batch:23 #solutions_imported:12 #lin_moves:77'875 #lin_evals:463'510 #gen_moves:35'159 #gen_evals:7'964 #comp_moves:4'001 #backtracks:15'577 #weight_updates:34'001)
#41     10.78s best:4773  next:[359,4772] rins_lp_lns (d=0.86 s=320 t=0.10 p=0.60 stall=0 h=auto_l0)
#Bound  10.92s best:4773  next:[464,4772] objective_lb_search_no_lp
#Bound  13.30s best:4773  next:[466,4772] objective_lb_search_no_lp
#42     13.77s best:4772  next:[466,4771] quick_restart_no_lp (fixed_bools=0/431)
#43     13.92s best:4741  next:[466,4740] graph_arc_lns (d=0.99 s=355 t=0.10 p=0.78 stall=0 h=auto_l0)
#44     14.13s best:4739  next:[466,4738] violation_ls(batch:28 #solutions_imported:14 #lin_moves:77'876 #lin_evals:544'381 #gen_moves:62'090 #gen_evals:13'071 #comp_moves:5'183 #backtracks:28'446 #weight_updates:34'292)
#45     14.14s best:4737  next:[466,4736] violation_ls(batch:28 #solutions_imported:15 #lin_moves:153'956 #lin_evals:752'786 #gen_moves:56'314 #gen_evals:8'275 #comp_moves:5'913 #backtracks:25'194 #weight_updates:10'739)
#46     14.14s best:4735  next:[466,4734] violation_ls(batch:28 #solutions_imported:16 #lin_moves:109'636 #lin_evals:634'243 #gen_moves:64'076 #gen_evals:12'922 #comp_moves:5'083 #backtracks:29'485 #weight_updates:2'790)
#47     14.14s best:4733  next:[466,4732] violation_ls(batch:28 #solutions_imported:14 #lin_moves:87'372 #lin_evals:511'644 #gen_moves:20'904 #gen_evals:4'897 #comp_moves:3'849 #backtracks:8'519 #weight_updates:64'787)
#48     14.14s best:4731  next:[466,4730] violation_ls(batch:28 #solutions_imported:16 #lin_moves:62'004 #lin_evals:505'558 #gen_moves:57'281 #gen_evals:9'782 #comp_moves:10'827 #backtracks:23'217 #weight_updates:50'094)
#49     14.28s best:4687  next:[466,4686] rins_lp_lns (d=0.76 s=396 t=0.10 p=0.50 stall=3 h=auto_l0)
#50     15.50s best:4678  next:[466,4677] graph_var_lns (d=0.99 s=392 t=0.10 p=0.76 stall=0 h=auto_l0)
#51     15.85s best:4653  next:[466,4652] graph_var_lns (d=0.99 s=380 t=0.10 p=0.76 stall=0 h=auto_l0)
#52     15.85s best:4572  next:[466,4571] graph_dec_lns (d=1.00 s=345 t=0.10 p=1.00 stall=0 h=auto_l0)
#53     15.86s best:4571  next:[466,4570] violation_ls(batch:30 #solutions_imported:18 #lin_moves:119'235 #lin_evals:665'339 #gen_moves:64'076 #gen_evals:12'922 #comp_moves:5'083 #backtracks:29'485 #weight_updates:3'204)
#54     15.87s best:4570  next:[466,4569] violation_ls(batch:30 #solutions_imported:16 #lin_moves:97'023 #lin_evals:538'488 #gen_moves:20'904 #gen_evals:4'897 #comp_moves:3'849 #backtracks:8'519 #weight_updates:65'162)
#55     15.87s best:4569  next:[466,4568] violation_ls(batch:30 #solutions_imported:18 #lin_moves:71'607 #lin_evals:535'267 #gen_moves:57'316 #gen_evals:9'788 #comp_moves:10'830 #backtracks:23'233 #weight_updates:50'491)
#56     16.02s best:4568  next:[466,4567] violation_ls(batch:31 #solutions_imported:18 #lin_moves:163'610 #lin_evals:799'807 #gen_moves:63'311 #gen_evals:9'619 #comp_moves:6'203 #backtracks:28'546 #weight_updates:11'238)
#57     16.02s best:4567  next:[466,4566] violation_ls(batch:31 #solutions_imported:19 #lin_moves:119'235 #lin_evals:665'458 #gen_moves:64'119 #gen_evals:12'932 #comp_moves:5'086 #backtracks:29'505 #weight_updates:3'204)
#58     16.02s best:4566  next:[466,4565] violation_ls(batch:31 #solutions_imported:17 #lin_moves:97'023 #lin_evals:538'493 #gen_moves:20'907 #gen_evals:4'897 #comp_moves:3'852 #backtracks:8'519 #weight_updates:65'162)
#59     16.03s best:4565  next:[466,4564] violation_ls(batch:31 #solutions_imported:19 #lin_moves:71'632 #lin_evals:535'384 #gen_moves:57'316 #gen_evals:9'788 #comp_moves:10'830 #backtracks:23'233 #weight_updates:50'504)
#60     16.10s best:4564  next:[466,4563] violation_ls(batch:31 #solutions_imported:17 #lin_moves:87'418 #lin_evals:590'294 #gen_moves:69'011 #gen_evals:14'450 #comp_moves:5'466 #backtracks:31'761 #weight_updates:34'881)
#Bound  16.34s best:4564  next:[506,4563] objective_lb_search_no_lp
#61     16.52s best:4563  next:[506,4562] violation_ls(batch:32 #solutions_imported:18 #lin_moves:87'433 #lin_evals:590'367 #gen_moves:69'011 #gen_evals:14'450 #comp_moves:5'466 #backtracks:31'761 #weight_updates:34'889)
#62     16.52s best:4562  next:[506,4561] violation_ls(batch:32 #solutions_imported:19 #lin_moves:163'633 #lin_evals:799'940 #gen_moves:63'311 #gen_evals:9'619 #comp_moves:6'203 #backtracks:28'546 #weight_updates:11'260)
#63     16.52s best:4561  next:[506,4560] violation_ls(batch:32 #solutions_imported:20 #lin_moves:119'250 #lin_evals:665'551 #gen_moves:64'119 #gen_evals:12'932 #comp_moves:5'086 #backtracks:29'505 #weight_updates:3'218)
#64     16.53s best:4560  next:[506,4559] violation_ls(batch:32 #solutions_imported:18 #lin_moves:97'023 #lin_evals:538'555 #gen_moves:20'930 #gen_evals:4'903 #comp_moves:3'855 #backtracks:8'529 #weight_updates:65'162)
#65     16.65s best:4370  next:[506,4369] rins_lp_lns (d=0.84 s=446 t=0.10 p=0.55 stall=1 h=auto_l0)
#66     18.11s best:4339  next:[506,4338] graph_var_lns (d=0.99 s=454 t=0.10 p=0.73 stall=0 h=auto_l0)
#Bound  19.26s best:4339  next:[507,4338] objective_lb_search_no_lp
#67     20.36s best:4318  next:[507,4317] rnd_var_lns (d=0.99 s=476 t=0.10 p=0.70 stall=0 h=auto_l0)
#68     20.40s best:4276  next:[507,4275] rnd_var_lns (d=0.99 s=464 t=0.10 p=0.72 stall=0 h=auto_l0)
#69     22.67s best:4256  next:[507,4255] graph_var_lns (d=0.99 s=504 t=0.10 p=0.73 stall=0 h=auto_l0)
#Bound  25.13s best:4256  next:[513,4255] objective_lb_search_no_lp
#70     26.14s best:4239  next:[513,4238] graph_var_lns (d=0.99 s=589 t=0.10 p=0.64 stall=1 h=auto_l0)
#71     26.85s best:4235  next:[513,4234] quick_restart_no_lp (fixed_bools=0/516)
#Bound  27.54s best:4235  next:[538,4234] objective_lb_search_max_lp
#72     28.63s best:4231  next:[538,4230] rins_pump_lns (d=0.87 s=647 t=0.10 p=0.54 stall=0 h=auto_l0)
#Bound  29.67s best:4231  next:[560,4230] objective_lb_search_no_lp
#73     30.30s best:4220  next:[560,4219] graph_arc_lns (d=0.99 s=629 t=0.10 p=0.63 stall=0 h=auto_l0)
#74     31.23s best:4216  next:[560,4215] rins_pump_lns (d=0.87 s=685 t=0.10 p=0.54 stall=2 h=auto_l0)
#Bound  34.66s best:4216  next:[621,4215] objective_lb_search_no_lp
#Bound  48.55s best:4216  next:[636,4215] objective_lb_search_no_lp
#Bound  56.19s best:4216  next:[648,4215] objective_lb_search_max_lp
#Bound  80.89s best:4216  next:[651,4215] objective_lb_search_max_lp
#Bound  84.05s best:4216  next:[652,4215] objective_lb_search_no_lp
#Bound  86.31s best:4216  next:[657,4215] objective_lb_search_no_lp
#Bound  89.80s best:4216  next:[661,4215] objective_lb_search_no_lp
#Bound  91.25s best:4216  next:[669,4215] objective_lb_search_no_lp
#Bound 101.88s best:4216  next:[699,4215] objective_lb_search_no_lp
#Bound 108.62s best:4216  next:[702,4215] objective_lb_search_no_lp
#Bound 119.65s best:4216  next:[714,4215] objective_lb_search_no_lp
#Bound 122.95s best:4216  next:[768,4215] objective_lb_search
#Bound 142.94s best:4216  next:[841,4215] objective_lb_search
#Bound 220.43s best:4216  next:[842,4215] lb_tree_search (nodes=3549/3549 rc=8 decisions=20278 @root=17 restarts=10) 
#Bound 223.77s best:4216  next:[843,4215] lb_tree_search (nodes=3613/3613 rc=8 decisions=20847 @root=18 restarts=10) 
#Bound 226.54s best:4216  next:[844,4215] lb_tree_search (nodes=3662/3662 rc=8 decisions=21368 @root=19 restarts=10) 
#Bound 229.59s best:4216  next:[845,4215] lb_tree_search (nodes=3711/3711 rc=8 decisions=21847 @root=20 restarts=10) 
#Bound 234.03s best:4216  next:[846,4215] lb_tree_search (nodes=3756/3756 rc=8 decisions=22287 @root=21 restarts=10) 
#Bound 247.64s best:4216  next:[847,4215] lb_tree_search (nodes=3779/3779 rc=8 decisions=22669 @root=22 restarts=10) 
#Bound 269.26s best:4216  next:[877,4215] objective_lb_search
#Bound 320.39s best:4216  next:[878,4215] objective_lb_search
#Bound 327.78s best:4216  next:[879,4215] lb_tree_search (nodes=4820/4820 rc=10 decisions=29307 @root=25 restarts=10) 
#Bound 334.25s best:4216  next:[880,4215] objective_lb_search
#Bound 359.21s best:4216  next:[881,4215] lb_tree_search (nodes=4932/4932 rc=10 decisions=30390 @root=28 restarts=10) 
#Bound 362.44s best:4216  next:[914,4215] objective_lb_search
#Bound 392.86s best:4216  next:[916,4215] objective_lb_search
#Bound 422.38s best:4216  next:[917,4215] lb_tree_search (nodes=6446/6446 rc=13 decisions=39015 @root=30 restarts=10) 
#Bound 430.22s best:4216  next:[918,4215] lb_tree_search (nodes=6559/6559 rc=13 decisions=40120 @root=31 restarts=10) 
#Bound 436.32s best:4216  next:[919,4215] lb_tree_search (nodes=6671/6671 rc=15 decisions=41087 @root=32 restarts=10) 
#Bound 447.31s best:4216  next:[920,4215] lb_tree_search (nodes=6798/6798 rc=15 decisions=42159 @root=33 restarts=10) 
#Bound 474.19s best:4216  next:[921,4215] lb_tree_search (nodes=6878/6878 rc=15 decisions=43161 @root=34 restarts=10) 
#Bound 489.16s best:4216  next:[922,4215] lb_tree_search (nodes=7012/7012 rc=15 decisions=44262 @root=35 restarts=10) 
#Bound 513.08s best:4216  next:[923,4215] lb_tree_search (nodes=7057/7057 rc=15 decisions=44923 @root=36 restarts=10) 
#Bound 549.48s best:4216  next:[924,4215] lb_tree_search (nodes=7073/7073 rc=15 decisions=45428 @root=39 restarts=10) 
#Bound 556.08s best:4216  next:[925,4215] lb_tree_search (nodes=7194/7194 rc=16 decisions=46477 @root=40 restarts=10) 
#Bound 588.16s best:4216  next:[930,4215] objective_lb_search
#Bound 589.33s best:4216  next:[935,4215] objective_lb_search
#Bound 591.47s best:4216  next:[939,4215] objective_lb_search
#Bound 593.73s best:4216  next:[942,4215] objective_lb_search
#Bound 617.70s best:4216  next:[950,4215] objective_lb_search
#Bound 669.40s best:4216  next:[958,4215] objective_lb_search
#Bound 708.37s best:4216  next:[962,4215] objective_lb_search
#Bound 736.29s best:4216  next:[963,4215] lb_tree_search (nodes=10171/10171 rc=33 decisions=67357 @root=44 restarts=10) 
#Bound 742.85s best:4216  next:[966,4215] objective_lb_search
#Bound 756.70s best:4216  next:[968,4215] objective_lb_search
#Bound 798.02s best:4216  next:[983,4215] objective_lb_search
#Bound 834.80s best:4216  next:[985,4215] objective_lb_search
#Bound 888.80s best:4216  next:[986,4215] lb_tree_search (nodes=12297/12297 rc=38 decisions=82887 @root=47 restarts=10) 
#Bound 910.79s best:4216  next:[987,4215] lb_tree_search (nodes=12427/12427 rc=39 decisions=84400 @root=48 restarts=10) 
#Bound 914.76s best:4216  next:[988,4215] objective_lb_search
#Bound 954.22s best:4216  next:[989,4215] lb_tree_search (nodes=12608/12608 rc=40 decisions=86597 @root=49 restarts=10) 
#Bound 982.80s best:4216  next:[990,4215] lb_tree_search (nodes=12732/12732 rc=40 decisions=87981 @root=50 restarts=10) 
#Bound 998.32s best:4216  next:[991,4215] lb_tree_search (nodes=12891/12891 rc=40 decisions=89622 @root=51 restarts=10) 
#Bound 1015.31s best:4216  next:[992,4215] lb_tree_search (nodes=12997/12997 rc=40 decisions=90942 @root=52 restarts=10) 
#Bound 1054.77s best:4216  next:[993,4215] lb_tree_search (nodes=13124/13124 rc=41 decisions=92450 @root=53 restarts=10) 
#Bound 1073.12s best:4216  next:[994,4215] lb_tree_search (nodes=13364/13364 rc=41 decisions=94368 @root=54 restarts=10) 
#Bound 1087.42s best:4216  next:[995,4215] lb_tree_search (nodes=13509/13509 rc=42 decisions=95900 @root=55 restarts=10) 
#Bound 1120.80s best:4216  next:[996,4215] lb_tree_search (nodes=13655/13655 rc=42 decisions=97451 @root=56 restarts=10) 
#Bound 1158.76s best:4216  next:[997,4215] lb_tree_search (nodes=13738/13738 rc=42 decisions=98634 @root=58 restarts=10) 
#Bound 1166.59s best:4216  next:[998,4215] lb_tree_search (nodes=13835/13835 rc=42 decisions=99858 @root=59 restarts=10) 
#Bound 1210.16s best:4216  next:[999,4215] lb_tree_search (nodes=13918/13918 rc=42 decisions=101238 @root=60 restarts=10) 
#Bound 1235.76s best:4216  next:[1000,4215] lb_tree_search (nodes=13976/13976 rc=42 decisions=102271 @root=61 restarts=10) 
#Bound 1248.75s best:4216  next:[1001,4215] lb_tree_search (nodes=14083/14083 rc=42 decisions=103676 @root=62 restarts=10) 
#Bound 1272.90s best:4216  next:[1002,4215] lb_tree_search (nodes=14157/14157 rc=43 decisions=104909 @root=63 restarts=10) 
#Bound 1300.17s best:4216  next:[1003,4215] lb_tree_search (nodes=14263/14263 rc=43 decisions=106296 @root=64 restarts=10) 
#Bound 1312.77s best:4216  next:[1004,4215] lb_tree_search (nodes=14396/14396 rc=43 decisions=107782 @root=65 restarts=10) 
#Bound 1344.08s best:4216  next:[1005,4215] lb_tree_search (nodes=14519/14519 rc=43 decisions=109113 @root=67 restarts=10) 
#Bound 1354.44s best:4216  next:[1006,4215] lb_tree_search (nodes=14637/14637 rc=43 decisions=110675 @root=68 restarts=10) 
#Bound 1413.02s best:4216  next:[1007,4215] lb_tree_search (nodes=14692/14692 rc=43 decisions=111884 @root=69 restarts=10) 
#Bound 1423.49s best:4216  next:[1008,4215] lb_tree_search (nodes=14786/14786 rc=44 decisions=113216 @root=70 restarts=10) 
#Bound 1465.68s best:4216  next:[1009,4215] lb_tree_search (nodes=14839/14839 rc=44 decisions=114085 @root=72 restarts=10) 
#Bound 1473.33s best:4216  next:[1010,4215] lb_tree_search (nodes=15024/15024 rc=46 decisions=115721 @root=73 restarts=10) 
#Bound 1481.78s best:4216  next:[1011,4215] lb_tree_search (nodes=15185/15185 rc=47 decisions=117386 @root=74 restarts=10) 
#Bound 1524.68s best:4216  next:[1012,4215] lb_tree_search (nodes=15295/15295 rc=47 decisions=118864 @root=76 restarts=10) 
#Bound 1554.58s best:4216  next:[1013,4215] lb_tree_search (nodes=15396/15396 rc=48 decisions=120393 @root=77 restarts=10) 
#Bound 1571.79s best:4216  next:[1014,4215] lb_tree_search (nodes=15587/15587 rc=49 decisions=122061 @root=78 restarts=10) 
#Bound 1619.74s best:4216  next:[1015,4215] lb_tree_search (nodes=15652/15652 rc=49 decisions=123434 @root=79 restarts=10) 
#Bound 1630.17s best:4216  next:[1016,4215] lb_tree_search (nodes=15798/15798 rc=49 decisions=125192 @root=80 restarts=10) 
#Bound 1646.07s best:4216  next:[1017,4215] lb_tree_search (nodes=16022/16022 rc=49 decisions=127054 @root=81 restarts=10) 
#Bound 1690.96s best:4216  next:[1018,4215] lb_tree_search (nodes=16132/16132 rc=50 decisions=128501 @root=83 restarts=10) 
#Bound 1735.45s best:4216  next:[1019,4215] lb_tree_search (nodes=16187/16187 rc=50 decisions=129757 @root=84 restarts=10) 
#Bound 1747.55s best:4216  next:[1020,4215] lb_tree_search (nodes=16299/16299 rc=51 decisions=131128 @root=85 restarts=10) 
#Bound 1786.05s best:4216  next:[1021,4215] lb_tree_search (nodes=16372/16372 rc=52 decisions=132455 @root=86 restarts=10) 
#Bound 1798.95s best:4216  next:[1022,4215] lb_tree_search (nodes=16511/16511 rc=52 decisions=134072 @root=87 restarts=10) 
#Bound 1832.39s best:4216  next:[1023,4215] lb_tree_search (nodes=16659/16659 rc=53 decisions=135818 @root=88 restarts=10) 
#Bound 1843.88s best:4216  next:[1024,4215] lb_tree_search (nodes=16806/16806 rc=55 decisions=137501 @root=89 restarts=10) 
#Bound 1888.17s best:4216  next:[1025,4215] lb_tree_search (nodes=16923/16923 rc=56 decisions=139194 @root=90 restarts=10) 
#Bound 1911.53s best:4216  next:[1026,4215] lb_tree_search (nodes=17048/17048 rc=57 decisions=140954 @root=91 restarts=10) 
#Bound 1966.73s best:4216  next:[1027,4215] lb_tree_search (nodes=17162/17162 rc=58 decisions=142603 @root=92 restarts=10) 
#Bound 1984.72s best:4216  next:[1028,4215] lb_tree_search (nodes=17294/17294 rc=58 decisions=144270 @root=93 restarts=10) 
#Bound 2032.35s best:4216  next:[1029,4215] lb_tree_search (nodes=17370/17370 rc=58 decisions=145643 @root=94 restarts=10) 
#Bound 2073.95s best:4216  next:[1030,4215] lb_tree_search (nodes=17576/17576 rc=59 decisions=147671 @root=95 restarts=10) 
#Bound 2106.69s best:4216  next:[1031,4215] lb_tree_search (nodes=17685/17685 rc=59 decisions=149181 @root=96 restarts=10) 
#Bound 2125.61s best:4216  next:[1032,4215] lb_tree_search (nodes=17829/17829 rc=59 decisions=151057 @root=97 restarts=10) 
#Bound 2152.72s best:4216  next:[1033,4215] lb_tree_search (nodes=17924/17924 rc=59 decisions=152591 @root=98 restarts=10) 
#Bound 2176.54s best:4216  next:[1034,4215] lb_tree_search (nodes=18067/18067 rc=59 decisions=154267 @root=99 restarts=10) 
#Bound 2195.68s best:4216  next:[1035,4215] lb_tree_search (nodes=18214/18214 rc=59 decisions=155884 @root=100 restarts=10) 
#Bound 2239.67s best:4216  next:[1036,4215] lb_tree_search (nodes=18272/18272 rc=60 decisions=157317 @root=101 restarts=10) 
#Bound 2292.13s best:4216  next:[1037,4215] lb_tree_search (nodes=18347/18347 rc=60 decisions=158793 @root=102 restarts=10) 
#Bound 2307.20s best:4216  next:[1038,4215] lb_tree_search (nodes=18568/18568 rc=61 decisions=160671 @root=103 restarts=10) 
#Bound 2370.06s best:4216  next:[1039,4215] lb_tree_search (nodes=18689/18689 rc=61 decisions=162187 @root=104 restarts=10) 
#Bound 2421.22s best:4216  next:[1040,4215] lb_tree_search (nodes=18880/18880 rc=62 decisions=164190 @root=105 restarts=10) 
#Bound 2433.47s best:4216  next:[1041,4215] lb_tree_search (nodes=19087/19087 rc=62 decisions=166161 @root=106 restarts=10) 
#Bound 2450.83s best:4216  next:[1042,4215] lb_tree_search (nodes=19282/19282 rc=62 decisions=168370 @root=107 restarts=10) 
#Bound 2463.02s best:4216  next:[1043,4215] lb_tree_search (nodes=19463/19463 rc=62 decisions=170395 @root=108 restarts=10) 
#Bound 2496.22s best:4216  next:[1044,4215] lb_tree_search (nodes=19598/19598 rc=63 decisions=172109 @root=109 restarts=10) 
#Bound 2529.01s best:4216  next:[1045,4215] lb_tree_search (nodes=19713/19713 rc=63 decisions=174055 @root=110 restarts=10) 
#Bound 2542.25s best:4216  next:[1046,4215] lb_tree_search (nodes=19924/19924 rc=63 decisions=176257 @root=111 restarts=10) 
#Bound 2562.92s best:4216  next:[1047,4215] lb_tree_search (nodes=20082/20082 rc=63 decisions=178138 @root=112 restarts=10) 
#Bound 2582.58s best:4216  next:[1048,4215] lb_tree_search (nodes=20236/20236 rc=64 decisions=180001 @root=113 restarts=10) 
#Bound 2645.92s best:4216  next:[1049,4215] lb_tree_search (nodes=20318/20318 rc=65 decisions=181637 @root=114 restarts=10) 
#Bound 2661.79s best:4216  next:[1050,4215] lb_tree_search (nodes=20509/20509 rc=65 decisions=183906 @root=115 restarts=10) 
#Bound 2696.61s best:4216  next:[1051,4215] lb_tree_search (nodes=20692/20692 rc=66 decisions=185811 @root=116 restarts=10) 
#Bound 2707.88s best:4216  next:[1052,4215] lb_tree_search (nodes=20877/20877 rc=67 decisions=187943 @root=117 restarts=10) 
#Bound 2759.22s best:4216  next:[1053,4215] lb_tree_search (nodes=21079/21079 rc=67 decisions=190238 @root=118 restarts=10) 
#Bound 2798.34s best:4216  next:[1054,4215] lb_tree_search (nodes=21230/21230 rc=67 decisions=192438 @root=119 restarts=10) 
#Bound 2824.19s best:4216  next:[1055,4215] lb_tree_search (nodes=21331/21331 rc=67 decisions=194317 @root=120 restarts=10) 
#Bound 2871.44s best:4216  next:[1056,4215] lb_tree_search (nodes=21435/21435 rc=69 decisions=196301 @root=121 restarts=10) 
#Bound 2899.08s best:4216  next:[1057,4215] lb_tree_search (nodes=21655/21655 rc=69 decisions=198646 @root=122 restarts=10) 
#Bound 2925.14s best:4216  next:[1058,4215] lb_tree_search (nodes=21741/21741 rc=69 decisions=200401 @root=123 restarts=10) 
#Bound 2973.57s best:4216  next:[1059,4215] lb_tree_search (nodes=21883/21883 rc=69 decisions=202292 @root=124 restarts=10) 
#Bound 3009.85s best:4216  next:[1060,4215] lb_tree_search (nodes=22036/22036 rc=69 decisions=204449 @root=125 restarts=10) 
#Bound 3053.51s best:4216  next:[1061,4215] lb_tree_search (nodes=22148/22148 rc=70 decisions=206376 @root=126 restarts=10) 
#Bound 3065.40s best:4216  next:[1062,4215] lb_tree_search (nodes=22360/22360 rc=70 decisions=208623 @root=127 restarts=10) 
#Bound 3081.36s best:4216  next:[1063,4215] lb_tree_search (nodes=22567/22567 rc=71 decisions=210943 @root=128 restarts=10) 
#Bound 3108.16s best:4216  next:[1064,4215] lb_tree_search (nodes=22766/22766 rc=71 decisions=213294 @root=129 restarts=10) 
#Bound 3143.72s best:4216  next:[1065,4215] lb_tree_search (nodes=22900/22900 rc=73 decisions=215391 @root=130 restarts=10) 
#Bound 3173.46s best:4216  next:[1066,4215] lb_tree_search (nodes=23107/23107 rc=73 decisions=217937 @root=131 restarts=10) 
#Bound 3235.04s best:4216  next:[1067,4215] lb_tree_search (nodes=23264/23264 rc=73 decisions=220106 @root=134 restarts=10) 
#Bound 3274.97s best:4216  next:[1068,4215] lb_tree_search (nodes=23437/23437 rc=73 decisions=222603 @root=135 restarts=10) 
#Bound 3332.93s best:4216  next:[1069,4215] lb_tree_search (nodes=23597/23597 rc=74 decisions=224857 @root=136 restarts=10) 
#Bound 3401.91s best:4216  next:[1070,4215] lb_tree_search (nodes=23734/23734 rc=75 decisions=227146 @root=137 restarts=10) 
#Bound 3424.61s best:4216  next:[1071,4215] lb_tree_search (nodes=23987/23987 rc=78 decisions=230043 @root=138 restarts=10) 
#Bound 3436.77s best:4216  next:[1072,4215] lb_tree_search (nodes=24126/24126 rc=78 decisions=232314 @root=139 restarts=10) 
#Bound 3484.84s best:4216  next:[1073,4215] lb_tree_search (nodes=24281/24281 rc=80 decisions=234477 @root=140 restarts=10) 
#Bound 3539.03s best:4216  next:[1074,4215] lb_tree_search (nodes=24394/24394 rc=80 decisions=236609 @root=141 restarts=10) 
#Bound 3582.60s best:4216  next:[1075,4215] lb_tree_search (nodes=24528/24528 rc=80 decisions=239048 @root=142 restarts=10) 
#Bound 3599.27s best:4216  next:[1076,4215] lb_tree_search (nodes=24773/24773 rc=82 decisions=241913 @root=143 restarts=10) 

Task timing                                  n [     min,      max]      avg      dev     time         n [     min,      max]      avg      dev    dtime
                             'core':         1 [   1.00h,    1.00h]    1.00h   0.00ns    1.00h         1 [  10.81m,   10.81m]   10.81m   0.00ns   10.81m
                       'default_lp':         1 [  59.94m,   59.94m]   59.94m   0.00ns   59.94m         1 [   3.80m,    3.80m]    3.80m   0.00ns    3.80m
                 'feasibility_pump':       923 [ 90.83us,   14.50s]    3.89s    1.63s   59.88m       917 [174.44ms,    1.68s] 233.45ms  47.88ms    3.57m
                  'fj_long_default':         1 [695.96ms, 695.96ms] 695.96ms   0.00ns 695.96ms         1 [245.71ms, 245.71ms] 245.71ms   0.00ns 245.71ms
                  'fj_long_default':         2 [208.66ms, 554.39ms] 381.52ms 172.86ms 763.04ms         2 [161.87ms, 236.59ms] 199.23ms  37.36ms 398.46ms
              'fj_long_lin_default':         4 [122.92ms, 206.89ms] 145.58ms  35.43ms 582.34ms         4 [123.13ms, 135.82ms] 130.00ms   4.52ms 519.99ms
              'fj_long_lin_perturb':         1 [784.45ms, 784.45ms] 784.45ms   0.00ns 784.45ms         1 [299.78ms, 299.78ms] 299.78ms   0.00ns 299.78ms
               'fj_long_lin_random':         2 [235.21ms, 506.99ms] 371.10ms 135.89ms 742.20ms         2 [238.81ms, 298.36ms] 268.58ms  29.78ms 537.17ms
                  'fj_long_perturb':         2 [138.45ms, 502.21ms] 320.33ms 181.88ms 640.66ms         2 [121.98ms, 133.55ms] 127.77ms   5.79ms 255.53ms
                   'fj_long_random':         1 [511.33ms, 511.33ms] 511.33ms   0.00ns 511.33ms         1 [243.06ms, 243.06ms] 243.06ms   0.00ns 243.06ms
                 'fj_short_default':         1 [772.32ms, 772.32ms] 772.32ms   0.00ns 772.32ms         1 [296.58ms, 296.58ms] 296.58ms   0.00ns 296.58ms
                 'fj_short_default':         4 [124.96ms, 222.42ms] 157.73ms  38.07ms 630.90ms         4 [124.17ms, 142.10ms] 133.57ms   7.11ms 534.29ms
             'fj_short_lin_default':         3 [111.77ms, 328.20ms] 188.05ms  99.23ms 564.15ms         3 [118.25ms, 121.58ms] 120.03ms   1.37ms 360.09ms
             'fj_short_lin_default':         4 [128.06ms, 237.75ms] 158.42ms  46.01ms 633.70ms         4 [121.27ms, 132.00ms] 127.15ms   4.70ms 508.61ms
             'fj_short_lin_perturb':         1 [724.43ms, 724.43ms] 724.43ms   0.00ns 724.43ms         1 [237.35ms, 237.35ms] 237.35ms   0.00ns 237.35ms
              'fj_short_lin_random':         1 [540.53ms, 540.53ms] 540.53ms   0.00ns 540.53ms         1 [118.88ms, 118.88ms] 118.88ms   0.00ns 118.88ms
                 'fj_short_perturb':         1 [539.25ms, 539.25ms] 539.25ms   0.00ns 539.25ms         1 [237.40ms, 237.40ms] 237.40ms   0.00ns 237.40ms
                  'fj_short_random':         2 [120.57ms, 615.35ms] 367.96ms 247.39ms 735.92ms         2 [122.23ms, 123.25ms] 122.74ms 510.97us 245.48ms
                        'fs_random':         1 [   1.10s,    1.10s]    1.10s   0.00ns    1.10s         1 [ 12.28ms,  12.28ms]  12.28ms   0.00ns  12.28ms
                        'fs_random':         1 [   1.10s,    1.10s]    1.10s   0.00ns    1.10s         1 [ 12.28ms,  12.28ms]  12.28ms   0.00ns  12.28ms
                        'fs_random':         1 [   1.10s,    1.10s]    1.10s   0.00ns    1.10s         1 [ 12.28ms,  12.28ms]  12.28ms   0.00ns  12.28ms
                        'fs_random':         1 [   1.14s,    1.14s]    1.14s   0.00ns    1.14s         1 [  8.85ms,   8.85ms]   8.85ms   0.00ns   8.85ms
                  'fs_random_no_lp':         1 [   1.09s,    1.09s]    1.09s   0.00ns    1.09s         1 [ 35.71ms,  35.71ms]  35.71ms   0.00ns  35.71ms
                  'fs_random_no_lp':         1 [   1.10s,    1.10s]    1.10s   0.00ns    1.10s         1 [ 12.05ms,  12.05ms]  12.05ms   0.00ns  12.05ms
                  'fs_random_no_lp':         1 [   1.10s,    1.10s]    1.10s   0.00ns    1.10s         1 [ 33.68ms,  33.68ms]  33.68ms   0.00ns  33.68ms
                  'fs_random_no_lp':         1 [   1.10s,    1.10s]    1.10s   0.00ns    1.10s         1 [ 50.48ms,  50.48ms]  50.48ms   0.00ns  50.48ms
          'fs_random_quick_restart':         1 [   1.09s,    1.09s]    1.09s   0.00ns    1.09s         1 [ 12.28ms,  12.28ms]  12.28ms   0.00ns  12.28ms
          'fs_random_quick_restart':         1 [   1.10s,    1.10s]    1.10s   0.00ns    1.10s         1 [ 12.28ms,  12.28ms]  12.28ms   0.00ns  12.28ms
          'fs_random_quick_restart':         1 [   1.10s,    1.10s]    1.10s   0.00ns    1.10s         1 [ 12.28ms,  12.28ms]  12.28ms   0.00ns  12.28ms
          'fs_random_quick_restart':         1 [   1.14s,    1.14s]    1.14s   0.00ns    1.14s         1 [  8.85ms,   8.85ms]   8.85ms   0.00ns   8.85ms
    'fs_random_quick_restart_no_lp':         1 [   1.09s,    1.09s]    1.09s   0.00ns    1.09s         1 [ 12.98ms,  12.98ms]  12.98ms   0.00ns  12.98ms
    'fs_random_quick_restart_no_lp':         1 [   1.10s,    1.10s]    1.10s   0.00ns    1.10s         1 [ 13.25ms,  13.25ms]  13.25ms   0.00ns  13.25ms
    'fs_random_quick_restart_no_lp':         1 [   1.10s,    1.10s]    1.10s   0.00ns    1.10s         1 [ 14.18ms,  14.18ms]  14.18ms   0.00ns  14.18ms
                    'graph_arc_lns':      3929 [ 80.45ms,   15.06s]    4.03s    2.19s    4.40h      3878 [ 10.00ns, 204.59ms]  64.81ms  42.06ms    4.19m
                    'graph_cst_lns':      3929 [ 19.76ms,   13.63s]    4.06s    2.16s    4.43h      3846 [ 10.00ns, 201.23ms]  65.05ms  41.56ms    4.17m
                    'graph_dec_lns':      3929 [ 75.59ms,   15.81s]    4.46s    2.18s    4.87h      3882 [ 10.00ns, 200.72ms]  68.00ms  40.01ms    4.40m
                    'graph_var_lns':      3929 [ 49.21ms,   20.30s]    4.08s    2.22s    4.46h      3887 [ 10.00ns, 416.22ms]  92.10ms  61.03ms    5.97m
                   'lb_tree_search':         1 [  59.94m,   59.94m]   59.94m   0.00ns   59.94m         1 [  20.11m,   20.11m]   20.11m   0.00ns   20.11m
                           'max_lp':         1 [  59.94m,   59.94m]   59.94m   0.00ns   59.94m         1 [   4.63m,    4.63m]    4.63m   0.00ns    4.63m
                            'no_lp':         1 [  59.94m,   59.94m]   59.94m   0.00ns   59.94m         1 [   2.58m,    2.58m]    2.58m   0.00ns    2.58m
              'objective_lb_search':         1 [  59.94m,   59.94m]   59.94m   0.00ns   59.94m         1 [   6.94m,    6.94m]    6.94m   0.00ns    6.94m
       'objective_lb_search_max_lp':         1 [  59.94m,   59.94m]   59.94m   0.00ns   59.94m         1 [   9.38m,    9.38m]    9.38m   0.00ns    9.38m
        'objective_lb_search_no_lp':         1 [  59.94m,   59.94m]   59.94m   0.00ns   59.94m         1 [   2.27m,    2.27m]    2.27m   0.00ns    2.27m
  'objective_shaving_search_max_lp':       147 [653.43ms,    1.29m]   24.46s   17.67s   59.92m       144 [ 12.98ms,    2.86s] 869.99ms 693.51ms    2.09m
   'objective_shaving_search_no_lp':       148 [551.67ms,    1.29m]   24.29s   17.72s   59.93m       143 [ 12.95ms,    2.43s] 659.60ms 538.35ms    1.57m
                          'probing':         1 [  59.94m,   59.94m]   59.94m   0.00ns   59.94m         1 [   2.42m,    2.42m]    2.42m   0.00ns    2.42m
                   'probing_max_lp':         1 [  59.94m,   59.94m]   59.94m   0.00ns   59.94m         1 [   3.31m,    3.31m]    3.31m   0.00ns    3.31m
                     'pseudo_costs':         1 [  59.94m,   59.94m]   59.94m   0.00ns   59.94m         1 [   4.20m,    4.20m]    4.20m   0.00ns    4.20m
                    'quick_restart':         1 [  59.94m,   59.94m]   59.94m   0.00ns   59.94m         1 [   6.99m,    6.99m]    6.99m   0.00ns    6.99m
              'quick_restart_no_lp':         1 [  59.94m,   59.94m]   59.94m   0.00ns   59.94m         1 [   2.65m,    2.65m]    2.65m   0.00ns    2.65m
                    'reduced_costs':         1 [  59.94m,   59.94m]   59.94m   0.00ns   59.94m         1 [   5.52m,    5.52m]    5.52m   0.00ns    5.52m
                        'rins/rens':      3929 [474.77us,    7.69s]    1.49s    1.33s    1.63h      3422 [ 10.00ns, 204.52ms]  64.82ms  47.05ms    3.70m
                      'rnd_cst_lns':      3929 [ 20.21ms,   14.80s]    4.01s    2.08s    4.37h      3888 [ 10.00ns, 211.53ms]  67.38ms  41.52ms    4.37m
                      'rnd_var_lns':      3929 [ 39.54ms,   14.40s]    4.13s    2.11s    4.50h      3891 [ 10.00ns, 201.20ms]  66.67ms  40.58ms    4.32m
                     'violation_ls':      3928 [  2.39ms,    2.38s] 400.27ms 286.05ms   26.20m      3928 [  1.48us, 516.77ms] 185.25ms  92.77ms   12.13m
                     'violation_ls':      3928 [  2.44ms,    2.64s] 419.73ms 293.36ms   27.48m      3928 [  1.66us, 497.27ms] 198.05ms  95.10ms   12.97m
                     'violation_ls':      3929 [  2.53ms,    2.83s] 420.03ms 272.12ms   27.50m      3929 [530.00ns, 439.73ms] 188.06ms  81.43ms   12.31m
                     'violation_ls':      3929 [  2.85ms,    2.06s] 390.39ms 233.12ms   25.56m      3929 [  1.93us, 461.97ms] 171.10ms  59.98ms   11.20m
                     'violation_ls':      3929 [  2.99ms,    1.86s] 421.52ms 262.78ms   27.60m      3929 [  1.60us, 492.15ms] 181.22ms  74.95ms   11.87m

Search stats                         Bools  Conflicts   Branches  Restarts   BoolPropag  IntegerPropag
                           'core':   7'458    110'616    241'239    12'798  301'473'599    446'050'318
                     'default_lp':   2'476     86'670    632'318   146'026   22'639'754    524'519'278
                      'fs_random':     229          0        458       458            6         46'280
                      'fs_random':     229          0        458       458            6         46'280
                      'fs_random':     229          0        458       458            6         46'280
                      'fs_random':     229          0        458       458            6         46'280
                'fs_random_no_lp':     229         50        841       459        1'175        184'142
                'fs_random_no_lp':     229         50        884       459          471        172'612
                'fs_random_no_lp':     229         50        972       459        1'060        241'877
                'fs_random_no_lp':     261          0        620       459          105         97'045
        'fs_random_quick_restart':     229          0        458       458            6         46'280
        'fs_random_quick_restart':     229          0        458       458            6         46'280
        'fs_random_quick_restart':     229          0        458       458            6         46'280
        'fs_random_quick_restart':     229          0        458       458            6         46'280
  'fs_random_quick_restart_no_lp':     267          0        674       459           57        101'159
  'fs_random_quick_restart_no_lp':     267          4        758       459           32        106'990
  'fs_random_quick_restart_no_lp':     305          0        744       459           25        101'932
                 'lb_tree_search':     229        180    499'803   114'223    1'042'621    192'805'920
                         'max_lp':     232     82'867    671'892   221'235    3'409'237    573'989'887
                          'no_lp':   3'368    129'879    489'129    63'002   49'569'295    655'141'843
            'objective_lb_search':     404     21'980    249'783    49'440    4'749'088    385'316'146
     'objective_lb_search_max_lp':     396     21'081    375'706   114'961    4'178'934    411'952'474
      'objective_lb_search_no_lp':     682     73'663    230'190    42'057    7'171'117    466'630'381
                        'probing':   2'591      1'948      3'234     3'234      318'956      3'612'156
                 'probing_max_lp':   1'951      1'313      2'589     2'589      245'097      2'917'365
                   'pseudo_costs':     835     90'471    549'515   132'596   12'808'610    580'610'339
                  'quick_restart':   3'551     15'677    808'761   116'109   42'219'703    350'798'234
            'quick_restart_no_lp':   5'410     98'035    832'670    34'757   99'237'057    559'999'813
                  'reduced_costs':  29'154    131'434  1'177'114    38'497  579'263'178    510'865'382

SAT stats                           ClassicMinim  LitRemoved  LitLearned  LitForgotten  Subsumed  MClauses  MDecisions  MLitTrue  MSubsumed  MLitRemoved  MReused
                           'core':       101'665     517'492     786'323         7'998       840     5'294      25'384         0        384        1'200       84
                     'default_lp':        66'700     198'755   2'271'055     1'853'382       695    60'570     337'943         0        552        2'499    4'764
                      'fs_random':             0           0           0             0         0         0           0         0          0            0        0
                      'fs_random':             0           0           0             0         0         0           0         0          0            0        0
                      'fs_random':             0           0           0             0         0         0           0         0          0            0        0
                      'fs_random':             0           0           0             0         0         0           0         0          0            0        0
                'fs_random_no_lp':             0           0           0             0         0         0           0         0          0            0        0
                'fs_random_no_lp':             0           0         251             0         0         0           0         0          0            0        0
                'fs_random_no_lp':             1           1         365             0         0         0           0         0          0            0        0
                'fs_random_no_lp':             2           2         288             0         0         0           0         0          0            0        0
        'fs_random_quick_restart':             0           0           0             0         0         0           0         0          0            0        0
        'fs_random_quick_restart':             0           0           0             0         0         0           0         0          0            0        0
        'fs_random_quick_restart':             0           0           0             0         0         0           0         0          0            0        0
        'fs_random_quick_restart':             0           0           0             0         0         0           0         0          0            0        0
  'fs_random_quick_restart_no_lp':             0           0           0             0         0         0           0         0          0            0        0
  'fs_random_quick_restart_no_lp':             0           0           0             0         0         0           0         0          0            0        0
  'fs_random_quick_restart_no_lp':             0           0          22             0         0         0           0         0          0            0        0
                 'lb_tree_search':             0           0         598             0         0    38'072     213'239         0         15           63    2'169
                         'max_lp':        55'587     194'431   2'221'323     1'796'516     1'356    96'210     517'426         0        628        2'712    5'112
                          'no_lp':       105'657     411'781   3'226'467     2'698'373     1'074    23'552     175'527         0        917        5'122    3'016
            'objective_lb_search':        17'403      58'297     191'533        13'747       776    15'981     189'448         0      2'901       19'641    4'277
     'objective_lb_search_max_lp':        15'213      42'293     205'682         2'535       647    33'764     275'066         0      1'044        7'623    8'427
      'objective_lb_search_no_lp':        57'086     164'013     865'668       146'134     1'311    13'743     103'950         0        612        4'086    1'369
                        'probing':             0           0       1'948             0         0         0           0         0          0            0        0
                 'probing_max_lp':             0           0       1'313             0         0         0           0         0          0            0        0
                   'pseudo_costs':        62'503     197'744   1'884'852     1'451'452     2'304    54'476     332'024         0        228        1'015    7'987
                  'quick_restart':         9'852      38'663     280'779       101'955       410    45'179     367'881        40      1'699        9'641    8'985
            'quick_restart_no_lp':        73'622     406'775   2'050'089     1'472'925     1'319    10'887     109'500        22      3'261       23'264    1'727
                  'reduced_costs':        90'388     363'685   2'487'559     2'112'157     1'274    18'070     152'515         0      5'093       33'953    4'875

Lp stats                         Component  Iterations  AddedCuts  OPTIMAL  DUAL_F.  DUAL_U.
                  'default_lp':          1   1'302'605     77'054  124'457       16        6
                   'fs_random':          1       1'158        744        9        0        0
                   'fs_random':          1       1'315        939       10        0        0
                   'fs_random':          1       1'315        944       10        0        0
                   'fs_random':          1       1'315        945       10        0        0
     'fs_random_quick_restart':          1       1'158        750        9        0        0
     'fs_random_quick_restart':          1       1'315        936       10        0        0
     'fs_random_quick_restart':          1       1'315        950       10        0        0
     'fs_random_quick_restart':          1       1'315        955       10        0        0
              'lb_tree_search':          1   7'651'376     27'785   29'266  189'546        0
                      'max_lp':          1   1'500'559     97'875  106'683   88'959       87
         'objective_lb_search':          1   3'316'148     23'625   59'030      376       56
  'objective_lb_search_max_lp':          1   3'115'172     19'968   14'745   36'087       14
                     'probing':          1     167'859     32'585   10'212       10        0
              'probing_max_lp':          1      72'327     24'613    7'760      315        0
                'pseudo_costs':          1   1'312'078     90'644  107'889   74'187       43
               'quick_restart':          1   3'043'316     61'618   95'744      458        3
               'reduced_costs':          1   1'252'594    130'702  167'800   75'567       33

Lp dimension                                                                        Final dimension of first component
                  'default_lp':   1232 rows, 1458 columns, 5598 entries with magnitude in [2.459434e-02, 1.000000e+00]
                   'fs_random':    656 rows, 1458 columns, 3472 entries with magnitude in [2.924777e-02, 1.000000e+00]
                   'fs_random':    706 rows, 1458 columns, 3672 entries with magnitude in [2.924777e-02, 1.000000e+00]
                   'fs_random':    706 rows, 1458 columns, 3672 entries with magnitude in [2.924777e-02, 1.000000e+00]
                   'fs_random':    706 rows, 1458 columns, 3672 entries with magnitude in [2.924777e-02, 1.000000e+00]
     'fs_random_quick_restart':    656 rows, 1458 columns, 3472 entries with magnitude in [2.924777e-02, 1.000000e+00]
     'fs_random_quick_restart':    706 rows, 1458 columns, 3672 entries with magnitude in [2.924777e-02, 1.000000e+00]
     'fs_random_quick_restart':    706 rows, 1458 columns, 3672 entries with magnitude in [2.924777e-02, 1.000000e+00]
     'fs_random_quick_restart':    706 rows, 1458 columns, 3672 entries with magnitude in [2.924777e-02, 1.000000e+00]
              'lb_tree_search':  3497 rows, 1493 columns, 15003 entries with magnitude in [1.219875e-03, 1.000000e+00]
                      'max_lp':   1370 rows, 1493 columns, 6021 entries with magnitude in [8.166665e-03, 1.000000e+00]
         'objective_lb_search':  2749 rows, 1458 columns, 11815 entries with magnitude in [6.476745e-03, 1.000000e+00]
  'objective_lb_search_max_lp':  3727 rows, 1493 columns, 16201 entries with magnitude in [1.419922e-03, 1.000000e+00]
                     'probing':   1304 rows, 1458 columns, 6066 entries with magnitude in [1.021388e-02, 1.000000e+00]
              'probing_max_lp':   1392 rows, 1493 columns, 6125 entries with magnitude in [1.148895e-02, 1.000000e+00]
                'pseudo_costs':   1772 rows, 1493 columns, 7789 entries with magnitude in [1.311477e-03, 1.000000e+00]
               'quick_restart':  2297 rows, 1458 columns, 10785 entries with magnitude in [5.802116e-04, 1.000000e+00]
               'reduced_costs':   1659 rows, 1493 columns, 7370 entries with magnitude in [9.370325e-04, 1.000000e+00]

Lp debug                         CutPropag  CutEqPropag   Adjust  Overflow         Bad  BadScaling
                  'default_lp':         11           34   16'028         0   2'893'155           0
                   'fs_random':          0            0        0         0       3'293           0
                   'fs_random':          0            0        0         0       5'321           0
                   'fs_random':          0            0        0         0       5'323           0
                   'fs_random':          0            0        0         0       5'324           0
     'fs_random_quick_restart':          0            0        0         0       3'339           0
     'fs_random_quick_restart':          0            0        0         0       5'282           0
     'fs_random_quick_restart':          0            0        0         0       5'296           0
     'fs_random_quick_restart':          0            0        0         0       5'308           0
              'lb_tree_search':         13            3  164'955         0   2'234'462           0
                      'max_lp':         23           16   70'579         0   3'445'772           0
         'objective_lb_search':         12            2   32'563         0   2'388'992           0
  'objective_lb_search_max_lp':         10           10   43'665         0   1'384'268           0
                     'probing':         90          110    9'903         0  68'876'217           0
              'probing_max_lp':         53          100    8'039         0  47'526'049           0
                'pseudo_costs':         38           46   55'315         0   3'051'179           0
               'quick_restart':         16           32   44'745         0   7'385'713           0
               'reduced_costs':         44           29   73'027         0   3'472'482           0

Lp pool                          Constraints  Updates  Simplif  Merged  Shortened    Split  Strenghtened        Cuts/Call
                  'default_lp':       10'527      396   13'395      15          0   18'484        17'977   77'054/212'706
                   'fs_random':        2'232        0        0       0          0        0            58        744/1'596
                   'fs_random':        2'427        0        0       0          0        0            70        939/2'122
                   'fs_random':        2'432        0        0       0          0        0            68        944/2'139
                   'fs_random':        2'433        0        0       0          0        0            66        945/2'111
     'fs_random_quick_restart':        2'238        0        0       0          0        0            56        750/1'616
     'fs_random_quick_restart':        2'424        0        0       0          0        0            68        936/2'134
     'fs_random_quick_restart':        2'438        0        0       0          0        0            72        950/2'125
     'fs_random_quick_restart':        2'443        0        0       0          0        0            75        955/2'171
              'lb_tree_search':       28'815      326   91'829       7          0   10'101        79'477    27'785/98'020
                      'max_lp':       28'898      608   78'578      14          0   30'631        93'435   97'875/236'144
         'objective_lb_search':       11'112      285   28'395       1          0   13'483        10'613   23'625/133'669
  'objective_lb_search_max_lp':       28'994      255  144'771      11          0   11'796        90'137    19'968/60'610
                     'probing':       11'066    2'534    5'874       7          0  566'063         9'842    32'585/65'094
              'probing_max_lp':       28'626    1'623   59'987      24          0   87'299        64'175    24'613/57'614
                'pseudo_costs':       28'656      562   85'008      25          0   23'780        91'153   90'644/204'464
               'quick_restart':       11'093      813   19'011      13          0  108'913        17'624   61'618/250'026
               'reduced_costs':       28'713      603   80'851      26          0   21'908        94'132  130'702/315'269

Lp Cut            fs_ran  fs_ran  fs_ran  fs_ran  fs_ran  fs_ran  fs_ran  fs_ran  defaul  max_lp  quick_  reduce  pseudo  lb_tre  probin  object  probin  object
          CG_FF:      57      57      57      57      57      57      32      32   4'243   5'471   1'077   9'846   5'065     654     890     632     530     718
           CG_K:      54      54      54      54      54      54      30      30   3'407   5'238     565   9'543   4'864     593     530     391     341     624
          CG_KL:       -       -       -       -       -       -       -       -       -       -       -       7       -       -       -       -       -       -
           CG_R:      29      29      29      29      29      29      20      20   2'167   2'578     555   4'680   2'723     338   1'081     175     376     299
          CG_RB:      24      24      24      24      24      24       8       8   6'145   9'318   3'122  16'240  10'936   1'924   3'419   1'805   1'656   2'170
         CG_RBP:       1       1       1       1       1       1       -       -     692   1'350     324   2'407   1'827     113     289     123     102     235
         Clique:       -       -       -       -       -       -       -       -       -   1'170       -   2'177   1'224     196       -       -     177     185
             IB:     142     142     142     142     142     142     142     142  24'689  20'272  25'655  28'157  17'689   4'567   4'509   6'910   1'812   2'682
       MIR_1_FF:     245     245     245     245     245     246     208     207   3'957   4'543   1'956   6'134   4'322   1'141   1'688   1'038     938   1'028
        MIR_1_K:      66      66      66      66      66      66      53      53     566     509     222     770     459     116     192     119      77     113
       MIR_1_KL:       -       -       -       -       -       -       -       -      43      42      33      23       2       1       1       1       2       1
        MIR_1_R:      59      59      59      59      59      59      44      44     990     830     426   1'543     953     100     350     168     117     181
       MIR_1_RB:      57      56      56      57      57      56      44      45   6'701  10'509   5'500  10'620   8'726   3'419   3'188   2'443   2'622   2'196
      MIR_1_RBP:       1       1       1       1       1       1       -       -     964   2'932     608   2'698   2'279     717     229     272     690     457
      MIR_1_RLT:       -       -       -       -       -       -       -       -       -       1       -       8       6       -       -       -       -       1
       MIR_2_FF:      56      51      48      51      49      56      42      42   2'165   2'483     979   3'075   2'279     620     800     452     405     476
        MIR_2_K:      21      20      25      24      22      26      15      14     361     419     138     547     400      71     106      57      52      88
       MIR_2_KL:       -       -       -       -       -       -       -       -     103      81     102      78      47       2      14      10       7       3
        MIR_2_R:      10      10      11      11      11      12       4       4     538     603     369     794     670     320     467     133     312     201
       MIR_2_RB:      37      35      37      38      37      33      30      25   3'822   5'255   3'313   5'590   4'916   1'631   1'905   1'436   1'154   1'046
      MIR_2_RBP:       -       1       -       -       -       -       -       -     773   1'630     563   1'679   1'453     305     225     248     316     225
       MIR_3_FF:      12      13      13      13      12      17      13      11   1'067   1'271     552   1'677   1'280     304     391     243     267     254
        MIR_3_K:       7      10       8      10       7       9       4       5     263     427     126     506     363      71      52      63      48      67
       MIR_3_KL:       -       -       -       -       -       -       -       -      63      69      83      78      62       2      16      15       7       4
        MIR_3_R:       3       4       2       1       2       3       2       2     370     487     423     472     451     326     352     163     317     196
       MIR_3_RB:      16      23      22      19      15      22      15      17   1'951   2'909   1'959   3'123   2'707     876   1'113     840     674     653
      MIR_3_RBP:       -       -       -       -       -       -       -       -     420     876     379     974     921     179     146     180     145     140
       MIR_4_FF:       4       5       3       4       7       7       6       5     639     784     360   1'082     731     126     273     158     146     145
        MIR_4_K:       1       1       1       -       2       1       -       1     164     342     107     378     279      50      52      48      43      45
       MIR_4_KL:       -       -       -       -       -       -       -       -      26      53      61      71      42       4      11      18       3       5
        MIR_4_R:       -       2       -       -       2       1       1       1     260     367     342     377     353     261     247     142     169     176
       MIR_4_RB:       8       2      11       7       5       6       7       4   1'230   1'721   1'235   1'847   1'638     515     705     523     363     399
      MIR_4_RBP:       -       -       -       -       -       -       -       -     242     485     180     520     438      99      78      83      80      93
       MIR_5_FF:       -       -       3       2       3       1       1       1     420     500     243     655     494      91     200     132      95     116
        MIR_5_K:       -       -       -       1       1       -       -       -     197     254     105     321     299      60      56      73      41      58
       MIR_5_KL:       -       -       -       -       -       -       -       -      11      36      59      63      40       8      19      20       3      13
        MIR_5_R:       -       -       -       -       1       -       -       -     183     233     213     226     223     139     141      97     102     118
       MIR_5_RB:       -       1       2       2       2       -       1       -     666     907     669     966     877     241     376     277     174     226
      MIR_5_RBP:       -       -       -       -       -       -       -       -     129     260      99     263     233      76      45      46      41      58
       MIR_6_FF:       2       -       -       -       1       -       -       -     281     351     147     403     339      53     120      99      47      64
        MIR_6_K:       -       -       -       -       -       -       -       -     150     205      92     231     234      37      58      81      23      53
       MIR_6_KL:       -       -       -       -       -       -       -       -      13      21      22      39      19       7      16       9       2       8
        MIR_6_R:       -       -       -       -       -       -       -       -     104     197      84     145     130      67      54      48      54      54
       MIR_6_RB:       -       1       1       1       3       1       -       1     377     551     288     572     470     118     195     146     113     111
      MIR_6_RBP:       -       -       -       -       -       -       -       -      73     182      43     177     142      24      35      28      27      29
   ZERO_HALF_FF:      13      13      12      13      12      13      12      12     730     954     277   1'419     822     242     234     169     194     179
    ZERO_HALF_K:       2       -       1       7       -       1       7       7     279     495      76     936     444      65      49      40      55      36
    ZERO_HALF_R:      11       4       6       5       4       5       5       6   2'877   4'525   6'263   3'397   3'120   5'655   6'443   2'908   8'467   2'991
   ZERO_HALF_RB:       6       6       5       5       6       6       4       4   1'216   2'429   1'190   2'371   2'022     824     663     458     680     558
  ZERO_HALF_RBP:       -       -       -       1       -       -       -       1     327     750     434     797     631     437     562     105     547     190

LNS stats           Improv/Calls  Closed  Difficulty  TimeLimit
  'graph_arc_lns':      405/3925     50%        0.99       0.10
  'graph_cst_lns':      386/3880     50%        0.99       0.10
  'graph_dec_lns':      556/3926     50%        0.99       0.10
  'graph_var_lns':      120/3926     50%        0.99       0.22
      'rins/rens':      268/3654     50%        0.86       0.11
    'rnd_cst_lns':      415/3924     50%        0.99       0.10
    'rnd_var_lns':      501/3925     50%        0.99       0.10

LS stats                   Batches  Restarts    LinMoves   GenMoves  CompoundMoves  WeightUpdates
       'fj_long_default':        1         1       9'943          0              0             57
       'fj_long_default':        2         1      19'912          0              0             88
   'fj_long_lin_default':        4         1           0      5'357            791              0
   'fj_long_lin_perturb':        1         1       9'838          0              0            162
    'fj_long_lin_random':        2         1      19'774          0              0            226
       'fj_long_perturb':        2         1           0      3'970            893              1
        'fj_long_random':        1         1       9'942          0              0             58
      'fj_short_default':        1         1       9'888          0              0            112
      'fj_short_default':        4         1           0      6'712          1'065              1
  'fj_short_lin_default':        3         1           0      4'090            629              1
  'fj_short_lin_default':        4         1           0      6'654          1'265              1
  'fj_short_lin_perturb':        1         1       9'943          0              0             57
   'fj_short_lin_random':        1         1           0      1'668            458              0
      'fj_short_perturb':        1         1       9'943          0              0             57
       'fj_short_random':        2         1           0      3'799            874              0
          'violation_ls':    3'928         0  20'080'908  3'320'926        152'626        878'346
          'violation_ls':    3'928         0  20'294'715  3'291'001        117'926        720'054
          'violation_ls':    3'929         0  19'459'784  3'139'881        138'418        533'518
          'violation_ls':    3'929         0  22'994'642  2'285'120        102'748        280'962
          'violation_ls':    3'929         0  24'752'831  2'052'756         91'227        470'363

Solutions (74)                      Num     Rank
  'fs_random_quick_restart_no_lp':    1    [1,1]
                  'graph_arc_lns':    2  [43,73]
                  'graph_dec_lns':    2  [31,52]
                  'graph_var_lns':    5  [50,70]
                          'no_lp':    2    [2,7]
            'quick_restart_no_lp':    5   [3,71]
                    'rins_lp_lns':    7  [14,65]
                  'rins_pump_lns':    2  [72,74]
                    'rnd_cst_lns':    1    [8,8]
                    'rnd_var_lns':    2  [67,68]
                   'violation_ls':   45   [4,64]

Objective bounds                 Num
              'initial_domain':    1
              'lb_tree_search':  108
         'objective_lb_search':   19
  'objective_lb_search_max_lp':    3
   'objective_lb_search_no_lp':   17

Solution repositories     Added  Queried  Ignored  Synchro
  'feasible solutions':  24'632   77'583        1   23'275
        'lp solutions':   5'102    1'945        0    4'913
                'pump':  19'206    1'984

Improving bounds shared            Num
                        'core':     49
                  'default_lp':    292
             'fs_random_no_lp':    168
              'lb_tree_search':     21
                      'max_lp':    126
                       'no_lp':     85
         'objective_lb_search':     10
  'objective_lb_search_max_lp':     19
                     'probing':  5'072
              'probing_max_lp':  2'129
                'pseudo_costs':     55
               'quick_restart':     75
         'quick_restart_no_lp':    461
               'reduced_costs':    107

Clauses shared                      Num
                           'core':   24
                     'default_lp':   20
                'fs_random_no_lp':    6
  'fs_random_quick_restart_no_lp':    1
                 'lb_tree_search':    3
                         'max_lp':    3
                          'no_lp':    3
            'objective_lb_search':    2
     'objective_lb_search_max_lp':    4
      'objective_lb_search_no_lp':    5
                   'pseudo_costs':   20
                  'quick_restart':   15
            'quick_restart_no_lp':   63
                  'reduced_costs':    2

CpSolverResponse summary:
status: FEASIBLE
objective: 4216
best_bound: 1076
integers: 1459
booleans: 229
conflicts: 0
branches: 458
propagations: 6
integer_propagations: 46280
restarts: 458
lp_iterations: 1315
walltime: 3601.03
usertime: 3601.03
deterministic_time: 11072
gap_integral: 89310.5
solution_fingerprint: 0x9039cc71f5203af8


--- Simulation Gantt  partir du modle mathmatique ---
{'big':0, 'due_date':133, 'pos_time':5, 'status':0, 'blocked':0, 'operations':["{'type':0, 'processing_time':48}"]}
{'big':1, 'due_date':233, 'pos_time':5, 'status':0, 'blocked':0, 'operations':["{'type':0, 'processing_time':19}", "{'type':1, 'processing_time':55}"]}
{'big':1, 'due_date':186, 'pos_time':5, 'status':0, 'blocked':0, 'operations':["{'type':0, 'processing_time':39}", "{'type':1, 'processing_time':41}"]}
{'big':1, 'due_date':100, 'pos_time':5, 'status':0, 'blocked':0, 'operations':["{'type':1, 'processing_time':15}"]}
{'big':1, 'due_date':215, 'pos_time':5, 'status':0, 'blocked':0, 'operations':["{'type':0, 'processing_time':13}", "{'type':1, 'processing_time':56}"]}
{'big':1, 'due_date':243, 'pos_time':5, 'status':0, 'blocked':0, 'operations':["{'type':0, 'processing_time':55}", "{'type':1, 'processing_time':17}"]}
{'big':1, 'due_date':132, 'pos_time':5, 'status':0, 'blocked':0, 'operations':["{'type':1, 'processing_time':33}"]}
{'big':1, 'due_date':124, 'pos_time':5, 'status':0, 'blocked':0, 'operations':["{'type':0, 'processing_time':35}"]}
{'big':1, 'due_date':136, 'pos_time':5, 'status':0, 'blocked':0, 'operations':["{'type':0, 'processing_time':55}"]}
{'big':1, 'due_date':83, 'pos_time':5, 'status':0, 'blocked':0, 'operations':["{'type':1, 'processing_time':54}"]}
{'big':1, 'due_date':262, 'pos_time':5, 'status':0, 'blocked':0, 'operations':["{'type':0, 'processing_time':50}", "{'type':1, 'processing_time':14}"]}
{'big':0, 'due_date':191, 'pos_time':5, 'status':0, 'blocked':0, 'operations':["{'type':0, 'processing_time':24}"]}
{'big':1, 'due_date':207, 'pos_time':5, 'status':0, 'blocked':0, 'operations':["{'type':1, 'processing_time':47}", "{'type':0, 'processing_time':23}"]}
{'big':1, 'due_date':146, 'pos_time':5, 'status':0, 'blocked':0, 'operations':["{'type':1, 'processing_time':51}"]}
{'big':1, 'due_date':86, 'pos_time':5, 'status':0, 'blocked':0, 'operations':["{'type':0, 'processing_time':47}"]}
