created virtual environment CPython3.12.4.final.0-64 in 730ms
  creator CPython3Posix(dest=/localscratch/aneumann.47038324.0/env, clear=False, no_vcs_ignore=False, global=False)
  seeder FromAppData(download=False, pip=bundle, via=copy, app_data_dir=/home/aneumann/.local/share/virtualenv)
    added seed packages: pip==24.2+computecanada
  activators BashActivator,CShellActivator,FishActivator,NushellActivator,PowerShellActivator,PythonActivator
Looking in links: /cvmfs/soft.computecanada.ca/custom/python/wheelhouse/gentoo2023/x86-64-v3, /cvmfs/soft.computecanada.ca/custom/python/wheelhouse/gentoo2023/generic, /cvmfs/soft.computecanada.ca/custom/python/wheelhouse/generic
Requirement already satisfied: pip in /localscratch/aneumann.47038324.0/env/lib/python3.12/site-packages (24.2+computecanada)
Processing /cvmfs/soft.computecanada.ca/custom/python/wheelhouse/generic/pip-25.0+computecanada-py3-none-any.whl
Installing collected packages: pip
  Attempting uninstall: pip
    Found existing installation: pip 24.2+computecanada
    Uninstalling pip-24.2+computecanada:
      Successfully uninstalled pip-24.2+computecanada
Successfully installed pip-24.2+computecanada
Looking in links: /cvmfs/soft.computecanada.ca/custom/python/wheelhouse/gentoo2023/x86-64-v3, /cvmfs/soft.computecanada.ca/custom/python/wheelhouse/gentoo2023/generic, /cvmfs/soft.computecanada.ca/custom/python/wheelhouse/generic
ERROR: protobuf-5.28.3-cp38-abi3-manylinux2014_x86_64.whl is not a supported wheel on this platform.
Looking in links: /cvmfs/soft.computecanada.ca/custom/python/wheelhouse/gentoo2023/x86-64-v3, /cvmfs/soft.computecanada.ca/custom/python/wheelhouse/gentoo2023/generic, /cvmfs/soft.computecanada.ca/custom/python/wheelhouse/generic
Processing /home/aneumann/projects/def-adhaj/aneumann/GNRS/wheels/immutabledict-4.2.0-py3-none-any.whl
Installing collected packages: immutabledict
Successfully installed immutabledict-4.2.0
Looking in links: /cvmfs/soft.computecanada.ca/custom/python/wheelhouse/gentoo2023/x86-64-v3, /cvmfs/soft.computecanada.ca/custom/python/wheelhouse/gentoo2023/generic, /cvmfs/soft.computecanada.ca/custom/python/wheelhouse/generic
Processing /cvmfs/soft.computecanada.ca/custom/python/wheelhouse/generic/ortools-9.10.4067+computecanada-cp312-cp312-linux_x86_64.whl (from -r /home/aneumann/projects/def-adhaj/aneumann/GNRS/requirements/or.txt (line 1))
Processing /cvmfs/soft.computecanada.ca/custom/python/wheelhouse/gentoo2023/x86-64-v3/matplotlib-3.10.0+computecanada-cp312-cp312-linux_x86_64.whl (from -r /home/aneumann/projects/def-adhaj/aneumann/GNRS/requirements/or.txt (line 2))
Processing /cvmfs/soft.computecanada.ca/custom/python/wheelhouse/gentoo2023/x86-64-v3/pandas-2.2.3+computecanada-cp312-cp312-linux_x86_64.whl (from -r /home/aneumann/projects/def-adhaj/aneumann/GNRS/requirements/or.txt (line 3))
Processing /cvmfs/soft.computecanada.ca/custom/python/wheelhouse/generic/absl_py-2.3.0+computecanada-py3-none-any.whl (from ortools<9.11,>=9.10->-r /home/aneumann/projects/def-adhaj/aneumann/GNRS/requirements/or.txt (line 1))
Processing /cvmfs/soft.computecanada.ca/custom/python/wheelhouse/gentoo2023/generic/numpy-2.2.2+computecanada-cp312-cp312-linux_x86_64.whl (from ortools<9.11,>=9.10->-r /home/aneumann/projects/def-adhaj/aneumann/GNRS/requirements/or.txt (line 1))
Processing /cvmfs/soft.computecanada.ca/custom/python/wheelhouse/gentoo2023/x86-64-v3/protobuf-6.31.1+computecanada-cp312-cp312-linux_x86_64.whl (from ortools<9.11,>=9.10->-r /home/aneumann/projects/def-adhaj/aneumann/GNRS/requirements/or.txt (line 1))
Requirement already satisfied: immutabledict>=3.0.0 in /localscratch/aneumann.47038324.0/env/lib/python3.12/site-packages (from ortools<9.11,>=9.10->-r /home/aneumann/projects/def-adhaj/aneumann/GNRS/requirements/or.txt (line 1)) (4.2.0)
Processing /cvmfs/soft.computecanada.ca/custom/python/wheelhouse/gentoo2023/generic/contourpy-1.3.1+computecanada-cp312-cp312-linux_x86_64.whl (from matplotlib->-r /home/aneumann/projects/def-adhaj/aneumann/GNRS/requirements/or.txt (line 2))
Processing /cvmfs/soft.computecanada.ca/custom/python/wheelhouse/generic/cycler-0.12.1+computecanada-py3-none-any.whl (from matplotlib->-r /home/aneumann/projects/def-adhaj/aneumann/GNRS/requirements/or.txt (line 2))
Processing /cvmfs/soft.computecanada.ca/custom/python/wheelhouse/generic/fonttools-4.59.0+computecanada-cp312-cp312-linux_x86_64.whl (from matplotlib->-r /home/aneumann/projects/def-adhaj/aneumann/GNRS/requirements/or.txt (line 2))
Processing /cvmfs/soft.computecanada.ca/custom/python/wheelhouse/gentoo2023/x86-64-v3/kiwisolver-1.4.8+computecanada-cp312-cp312-linux_x86_64.whl (from matplotlib->-r /home/aneumann/projects/def-adhaj/aneumann/GNRS/requirements/or.txt (line 2))
Processing /cvmfs/soft.computecanada.ca/custom/python/wheelhouse/generic/packaging-25.0+computecanada-py3-none-any.whl (from matplotlib->-r /home/aneumann/projects/def-adhaj/aneumann/GNRS/requirements/or.txt (line 2))
Processing /cvmfs/soft.computecanada.ca/custom/python/wheelhouse/gentoo2023/x86-64-v3/pillow-11.1.0+computecanada-cp312-cp312-linux_x86_64.whl (from matplotlib->-r /home/aneumann/projects/def-adhaj/aneumann/GNRS/requirements/or.txt (line 2))
Processing /cvmfs/soft.computecanada.ca/custom/python/wheelhouse/generic/pyparsing-3.2.3+computecanada-py3-none-any.whl (from matplotlib->-r /home/aneumann/projects/def-adhaj/aneumann/GNRS/requirements/or.txt (line 2))
Processing /cvmfs/soft.computecanada.ca/custom/python/wheelhouse/generic/python_dateutil-2.9.0.post0+computecanada-py2.py3-none-any.whl (from matplotlib->-r /home/aneumann/projects/def-adhaj/aneumann/GNRS/requirements/or.txt (line 2))
Processing /cvmfs/soft.computecanada.ca/custom/python/wheelhouse/generic/pytz-2025.2+computecanada-py2.py3-none-any.whl (from pandas->-r /home/aneumann/projects/def-adhaj/aneumann/GNRS/requirements/or.txt (line 3))
Processing /cvmfs/soft.computecanada.ca/custom/python/wheelhouse/generic/tzdata-2025.2+computecanada-py2.py3-none-any.whl (from pandas->-r /home/aneumann/projects/def-adhaj/aneumann/GNRS/requirements/or.txt (line 3))
Processing /cvmfs/soft.computecanada.ca/custom/python/wheelhouse/generic/six-1.17.0+computecanada-py2.py3-none-any.whl (from python-dateutil>=2.7->matplotlib->-r /home/aneumann/projects/def-adhaj/aneumann/GNRS/requirements/or.txt (line 2))
Installing collected packages: pytz, tzdata, six, pyparsing, protobuf, pillow, packaging, numpy, kiwisolver, fonttools, cycler, absl-py, python-dateutil, contourpy, pandas, matplotlib, ortools
Successfully installed absl-py-2.3.0+computecanada contourpy-1.3.1+computecanada cycler-0.12.1+computecanada fonttools-4.59.0+computecanada kiwisolver-1.4.8+computecanada matplotlib-3.10.0+computecanada numpy-2.2.2+computecanada ortools-9.10.4067+computecanada packaging-25.0+computecanada pandas-2.2.3+computecanada pillow-11.1.0+computecanada protobuf-6.31.1+computecanada pyparsing-3.2.3+computecanada python-dateutil-2.9.0.post0+computecanada pytz-2025.2+computecanada six-1.17.0+computecanada tzdata-2025.2+computecanada

Starting CP-SAT solver v9.10.4067
Parameters: max_time_in_seconds: 86400 max_memory_in_mb: 185000 log_search_progress: true enumerate_all_solutions: false num_search_workers: 32 absolute_gap_limit: 0 relative_gap_limit: 0

Initial optimization model '': (model_fingerprint: 0xda8cdcd546c5ae46)
#Variables: 1'133 (#ints: 18 in objective)
  - 939 Booleans in [0,1]
  - 194 in [0,1337]
#kLinear1: 98
#kLinear2: 2'308
#kLinear3: 887
#kLinearN: 51'821 (#terms: 1'549'797)

Starting presolve at 0.02s
  4.77e-02s  0.00e+00d  [DetectDominanceRelations] 
  6.58e-01s  0.00e+00d  [PresolveToFixPoint] #num_loops=8 #num_dual_strengthening=3 
  3.81e-04s  0.00e+00d  [ExtractEncodingFromLinear] #potential_supersets=6 
[Symmetry] Graph for symmetry has 54'565 nodes and 1'360'601 arcs.
[Symmetry] Symmetry computation done. time: 0.0327705 dtime: 0.0897236
[Symmetry] #generators: 1, average support size: 46
[Symmetry] The model contains 1174 duplicate constraints !
[Symmetry] 23 orbits with sizes: 2,2,2,2,2,2,2,2,2,2,...
[Symmetry] Num fixable by intersecting at_most_one with orbits: 1 largest_orbit: 2
  5.14e-01s  1.36e-01d  [Probe] #probed=1'572 #new_bounds=23 #equiv=1 
  3.76e-04s  0.00e+00d  [MaxClique] Merged 7(14 literals) into 5(10 literals) at_most_ones. 
  4.76e-02s  0.00e+00d  [DetectDominanceRelations] 
  3.29e-01s  0.00e+00d  [PresolveToFixPoint] #num_loops=5 #num_dual_strengthening=3 
  1.56e-01s  0.00e+00d  [ProcessAtMostOneAndLinear] 
  3.71e-02s  0.00e+00d  [DetectDuplicateConstraints] #duplicates=1'556 #without_enforcements=182 
  1.29e-01s  1.61e-02d  [DetectDominatedLinearConstraints] #relevant_constraints=49'133 #num_inclusions=25'471 
  5.31e-03s  0.00e+00d  [DetectDifferentVariables] #different=114 #cliques=1 #size=14 
  1.87e-02s  2.41e-03d  [ProcessSetPPC] #relevant_constraints=47'940 
  6.03e-04s  0.00e+00d  [FindAlmostIdenticalLinearConstraints] 
  3.02e-03s  5.00e-03d  [FindBigAtMostOneAndLinearOverlap] 
  3.09e-01s  2.59e-01d  [FindBigVerticalLinearOverlap] #blocks=489 #saved_nz=290'712 
  1.04e-02s  5.03e-03d  [FindBigHorizontalLinearOverlap] #linears=46'987 
  3.16e-04s  0.00e+00d  [MergeClauses] 
  5.36e-02s  0.00e+00d  [DetectDominanceRelations] 
  3.42e-01s  0.00e+00d  [PresolveToFixPoint] #num_loops=3 #num_dual_strengthening=1 
  5.28e-02s  0.00e+00d  [DetectDominanceRelations] 
  2.18e-01s  0.00e+00d  [PresolveToFixPoint] #num_loops=1 #num_dual_strengthening=1 
[Symmetry] Graph for symmetry has 54'457 nodes and 1'064'837 arcs.
[Symmetry] Symmetry computation done. time: 0.0194315 dtime: 0.0528992
  4.11e-01s  1.03e-01d  [Probe] #probed=1'576 #new_bounds=353 #new_binary_clauses=1 
  3.19e-04s  0.00e+00d  [MaxClique] 
  5.33e-02s  0.00e+00d  [DetectDominanceRelations] 
  3.22e-01s  0.00e+00d  [PresolveToFixPoint] #num_loops=2 #num_dual_strengthening=1 
  1.44e-01s  0.00e+00d  [ProcessAtMostOneAndLinear] 
  3.28e-02s  0.00e+00d  [DetectDuplicateConstraints] #without_enforcements=182 
  8.73e-02s  1.06e-02d  [DetectDominatedLinearConstraints] #relevant_constraints=49'255 #num_inclusions=5'867 
  4.74e-03s  0.00e+00d  [DetectDifferentVariables] 
  1.41e-02s  1.82e-03d  [ProcessSetPPC] #relevant_constraints=46'967 
  5.75e-04s  2.73e-06d  [FindAlmostIdenticalLinearConstraints] #num_tested_pairs=173 
  1.29e-03s  1.95e-03d  [FindBigAtMostOneAndLinearOverlap] 
  2.81e-01s  1.81e-01d  [FindBigVerticalLinearOverlap] #blocks=2'719 #saved_nz=323'444 
  8.70e-03s  3.20e-03d  [FindBigHorizontalLinearOverlap] #linears=37'440 
  3.09e-04s  0.00e+00d  [MergeClauses] 
  3.77e-02s  0.00e+00d  [DetectDominanceRelations] 
  3.32e-01s  0.00e+00d  [PresolveToFixPoint] #num_loops=3 #num_dual_strengthening=1 
  3.74e-02s  0.00e+00d  [DetectDominanceRelations] 
  2.12e-01s  0.00e+00d  [PresolveToFixPoint] #num_loops=1 #num_dual_strengthening=1 
[Symmetry] Graph for symmetry has 61'784 nodes and 743'504 arcs.
[Symmetry] Symmetry computation done. time: 0.0140129 dtime: 0.0373478
  3.41e-01s  8.11e-02d  [Probe] #probed=1'576 #new_bounds=1'824 #new_binary_clauses=1 
  3.73e-04s  0.00e+00d  [MaxClique] 
  3.77e-02s  0.00e+00d  [DetectDominanceRelations] 
  3.24e-01s  0.00e+00d  [PresolveToFixPoint] #num_loops=2 #num_dual_strengthening=1 
  1.32e-01s  0.00e+00d  [ProcessAtMostOneAndLinear] 
  2.91e-02s  0.00e+00d  [DetectDuplicateConstraints] #without_enforcements=182 
  5.75e-02s  6.11e-03d  [DetectDominatedLinearConstraints] #relevant_constraints=50'637 #num_inclusions=1'207 
  4.55e-03s  0.00e+00d  [DetectDifferentVariables] 
  1.11e-02s  1.14e-03d  [ProcessSetPPC] #relevant_constraints=37'567 
  1.11e-03s  1.54e-04d  [FindAlmostIdenticalLinearConstraints] #num_tested_pairs=8'978 
  1.11e-03s  1.16e-03d  [FindBigAtMostOneAndLinearOverlap] 
  1.50e-01s  9.44e-02d  [FindBigVerticalLinearOverlap] #blocks=2'070 #saved_nz=199'135 
  6.18e-03s  2.01e-03d  [FindBigHorizontalLinearOverlap] #linears=26'125 
  3.31e-04s  0.00e+00d  [MergeClauses] 
  2.89e-02s  0.00e+00d  [DetectDominanceRelations] 
  3.04e-01s  0.00e+00d  [PresolveToFixPoint] #num_loops=3 #num_dual_strengthening=1 
  2.42e-03s  0.00e+00d  [ExpandObjective] #entries=22'807 #tight_variables=8'154 #tight_constraints=4'348 

Presolve summary:
  - 377 affine relations were detected.
  - rule 'TODO dual: only one blocking constraint?' was applied 2'692 times.
  - rule 'TODO dual: only one blocking enforced constraint?' was applied 260 times.
  - rule 'TODO dual: only one unspecified blocking constraint?' was applied 120 times.
  - rule 'TODO duplicate: identical constraint with different enforcements' was applied 546 times.
  - rule 'TODO linear2: contains a Boolean.' was applied 36 times.
  - rule 'affine: new relation' was applied 377 times.
  - rule 'at_most_one: removed literals' was applied 5 times.
  - rule 'at_most_one: size one' was applied 5 times.
  - rule 'at_most_one: transformed into max clique.' was applied 1 time.
  - rule 'deductions: 3695 stored' was applied 1 time.
  - rule 'dual: fix variable' was applied 51 times.
  - rule 'dual: reduced domain' was applied 124 times.
  - rule 'duplicate: merged rhs of linear constraint' was applied 354 times.
  - rule 'duplicate: removed constraint' was applied 1'556 times.
  - rule 'enforcement: false literal' was applied 22 times.
  - rule 'exactly_one: x and not(x)' was applied 1 time.
  - rule 'incompatible linear: add implication' was applied 273 times.
  - rule 'linear matrix: common vertical rectangle' was applied 5'278 times.
  - rule 'linear: always true' was applied 2'888 times.
  - rule 'linear: doubleton free' was applied 27 times.
  - rule 'linear: empty' was applied 76 times.
  - rule 'linear: extracted enforcement literal' was applied 51'316 times.
  - rule 'linear: fixed or dup variables' was applied 52'733 times.
  - rule 'linear: positive equal one' was applied 6 times.
  - rule 'linear: reduced variable domains' was applied 4'469 times.
  - rule 'linear: remapped using affine relations' was applied 52'880 times.
  - rule 'linear: simplified rhs' was applied 186'049 times.
  - rule 'linear: tightened into equality' was applied 12 times.
  - rule 'linear: variable substitution 1' was applied 27 times.
  - rule 'linear: variable substitution 2' was applied 564 times.
  - rule 'linear: variable substitution 3' was applied 283 times.
  - rule 'no_overlap: inferred from x != y constraints' was applied 1 time.
  - rule 'presolve: 207 unused variables removed.' was applied 1 time.
  - rule 'presolve: iteration' was applied 3 times.
  - rule 'probing: reduced enforced constraint to implication.' was applied 7 times.
  - rule 'symmetry: fixed to false in general orbit' was applied 1 time.

Presolved optimization model '': (model_fingerprint: 0xb7f2b462b7871df3)
#Variables: 4'953 (#ints: 18 in objective)
  - 394 Booleans in [0,1]
  - 3'438 different domains in [-31986,34656] with a largest complexity of 28.
#kExactlyOne: 5 (#literals: 15)
#kInterval: 14
#kLinear1: 2 (#enforced: 2 #multi: 1)
#kLinear2: 3'831 (#enforced: 3'733 #multi: 865)
#kLinear3: 19'158 (#enforced: 15'786 #multi: 42)
#kLinearN: 31'596 (#enforced: 29'972) (#terms: 424'060)
#kNoOverlap: 1 (#intervals: 14)

Preloading model.
#Bound   6.27s best:inf   next:[199,21114] initial_domain
[Symmetry] Graph for symmetry has 65'721 nodes and 545'869 arcs.
[Symmetry] Symmetry computation done. time: 0.0116076 dtime: 0.0280743
#Model   6.34s var:4953/4953 constraints:54607/54607

Starting search at 6.36s with 32 workers.
17 full problem subsolvers: [core, default_lp, fixed, lb_tree_search, max_lp, no_lp, objective_lb_search, objective_lb_search_max_lp, objective_lb_search_no_lp, objective_shaving_search_max_lp, objective_shaving_search_no_lp, probing, probing_max_lp, pseudo_costs, quick_restart, quick_restart_no_lp, reduced_costs]
13 first solution subsolvers: [fj_long_default, fj_long_lin_default, fj_long_random, fj_short_default, fj_short_lin_default, fj_short_lin_random, fj_short_random, fs_random(2), fs_random_no_lp, fs_random_quick_restart(2), fs_random_quick_restart_no_lp]
13 incomplete subsolvers: [feasibility_pump, graph_arc_lns, graph_cst_lns, graph_dec_lns, graph_var_lns, rins/rens, rnd_cst_lns, rnd_var_lns, scheduling_intervals_lns, scheduling_precedences_lns, scheduling_time_window_lns, violation_ls(2)]
3 helper subsolvers: [neighborhood_helper, synchronization_agent, update_gap_integral]
#Bound   7.08s best:inf   next:[216,21114] objective_lb_search_no_lp
#Bound   7.50s best:inf   next:[230,21114] objective_lb_search_no_lp
#Bound   7.80s best:inf   next:[259,21114] objective_lb_search
#Bound   7.96s best:inf   next:[543,21114] objective_lb_search_max_lp
#1       7.99s best:7706  next:[543,7705] fs_random_quick_restart_no_lp (fixed_bools=0/462)
#Bound   8.04s best:7706  next:[940,7705] objective_lb_search_max_lp
#Bound   8.08s best:7706  next:[1492,7705] pseudo_costs
#Bound   8.14s best:7706  next:[1647,7705] pseudo_costs
#Bound   8.53s best:7706  next:[1649,7705] objective_lb_search_max_lp
#2       9.09s best:7701  next:[1649,7700] graph_var_lns (d=0.88 s=128 t=0.10 p=1.00 stall=3 h=auto_l0) [presolve]
#3       9.54s best:7700  next:[1649,7699] violation_ls(batch:5 #solutions_imported:2 #lin_moves:0 #lin_evals:81'904 #gen_moves:30'670 #gen_evals:4'856 #comp_moves:8'029 #backtracks:11'315 #weight_updates:202)
#4       9.74s best:7699  next:[1649,7698] rnd_var_lns (d=0.91 s=143 t=0.10 p=1.00 stall=4 h=auto_l0) [presolve]
#Bound  10.55s best:7699  next:[1650,7698] probing_max_lp
#5      10.57s best:7234  next:[1650,7233] no_lp (fixed_bools=0/505)
#Bound  11.38s best:7234  next:[1656,7233] probing_max_lp
#6      11.61s best:6807  next:[1656,6806] no_lp (fixed_bools=0/528)
#7      12.11s best:6806  next:[1656,6805] violation_ls(batch:7 #solutions_imported:4 #lin_moves:59'986 #lin_evals:213'599 #weight_updates:927)
#8      12.80s best:6763  next:[1656,6762] no_lp (fixed_bools=0/540)
#9      13.26s best:6417  next:[1656,6416] rins_lp_lns (d=0.91 s=183 t=0.10 p=1.00 stall=4 h=auto_l0)
#Bound  14.73s best:6417  next:[1660,6416] objective_lb_search_max_lp
#Bound  15.06s best:6417  next:[1662,6416] objective_lb_search_max_lp
#Bound  15.35s best:6417  next:[1663,6416] objective_lb_search_max_lp
#Bound  16.04s best:6417  next:[1693,6416] objective_lb_search_max_lp
#10     16.77s best:6306  next:[1693,6305] no_lp (fixed_bools=0/568)
#11     18.26s best:6234  next:[1693,6233] no_lp (fixed_bools=0/587)
#12     19.01s best:6190  next:[1693,6189] rins_pump_lns (d=0.92 s=240 t=0.10 p=0.83 stall=0 h=auto_l0)
#13     20.11s best:6185  next:[1693,6184] graph_var_lns (d=0.99 s=245 t=0.10 p=1.00 stall=6 h=auto_l0) [hint]
#14     20.59s best:6085  next:[1693,6084] no_lp (fixed_bools=0/610)
#15     21.72s best:5800  next:[1693,5799] rins_lp_lns (d=0.94 s=252 t=0.10 p=0.86 stall=0 h=auto_l0)
#16     22.50s best:5740  next:[1693,5739] rins_lp_lns (d=0.92 s=264 t=0.10 p=0.75 stall=0 h=auto_l0)
#Bound  22.67s best:5740  next:[1697,5739] objective_lb_search_max_lp
#17     24.03s best:5735  next:[1697,5734] graph_dec_lns (d=0.99 s=272 t=0.10 p=1.00 stall=2 h=auto_l0)
#18     24.31s best:5728  next:[1697,5727] graph_arc_lns (d=0.99 s=270 t=0.10 p=1.00 stall=0 h=auto_l0)
#19     25.80s best:5684  next:[1697,5683] rins_pump_lns (d=0.92 s=290 t=0.10 p=0.70 stall=1 h=auto_l0)
#Bound  28.39s best:5684  next:[1700,5683] objective_lb_search_max_lp
#Bound  28.87s best:5684  next:[1701,5683] objective_lb_search_max_lp
#Bound  29.70s best:5684  next:[1702,5683] objective_lb_search_max_lp
#20     29.95s best:5528  next:[1702,5527] graph_cst_lns (d=1.00 s=309 t=0.10 p=1.00 stall=1 h=auto_l0)
#Bound  31.59s best:5528  next:[1717,5527] objective_lb_search_max_lp
#Bound  32.60s best:5528  next:[1719,5527] objective_lb_search_max_lp
#21     33.60s best:5517  next:[1719,5516] graph_cst_lns (d=1.00 s=327 t=0.10 p=1.00 stall=0 h=auto_l0)
#Bound  33.69s best:5517  next:[1731,5516] objective_lb_search_max_lp
#22     33.94s best:5500  next:[1731,5499] graph_var_lns (d=0.99 s=339 t=0.10 p=0.89 stall=1 h=auto_l0)
#23     35.65s best:5445  next:[1731,5444] rnd_var_lns (d=1.00 s=337 t=0.10 p=1.00 stall=0 h=auto_l0)
#24     36.80s best:5444  next:[1731,5443] violation_ls(batch:21 #solutions_imported:15 #lin_moves:146'996 #lin_evals:645'661 #gen_moves:31'742 #gen_evals:3'929 #comp_moves:2'923 #backtracks:14'406 #weight_updates:9'034)
#Bound  37.19s best:5444  next:[1742,5443] objective_lb_search_max_lp
#25     38.30s best:5440  next:[1742,5439] graph_var_lns (d=1.00 s=367 t=0.10 p=0.89 stall=0 h=auto_l0)
#26     38.43s best:5372  next:[1742,5371] rnd_var_lns (d=1.00 s=365 t=0.10 p=0.89 stall=0 h=auto_l0)
#27     38.45s best:5371  next:[1742,5370] violation_ls(batch:22 #solutions_imported:16 #lin_moves:149'376 #lin_evals:655'264 #gen_moves:31'742 #gen_evals:3'929 #comp_moves:2'923 #backtracks:14'406 #weight_updates:9'534)
#28     40.31s best:5365  next:[1742,5364] rnd_var_lns (d=1.00 s=379 t=0.10 p=0.90 stall=0 h=auto_l0)
#29     41.06s best:5364  next:[1742,5363] violation_ls(batch:23 #solutions_imported:18 #lin_moves:11'812 #lin_evals:410'799 #gen_moves:153'159 #gen_evals:19'422 #comp_moves:19'482 #backtracks:66'804 #weight_updates:2'630)
#30     41.07s best:5363  next:[1742,5362] violation_ls(batch:23 #solutions_imported:17 #lin_moves:149'376 #lin_evals:655'414 #gen_moves:31'819 #gen_evals:3'934 #comp_moves:2'924 #backtracks:14'444 #weight_updates:9'534)
#31     41.14s best:5348  next:[1742,5347] graph_dec_lns (d=1.00 s=372 t=0.10 p=0.95 stall=0 h=auto_l0)
#32     42.46s best:5317  next:[1742,5316] graph_cst_lns (d=1.00 s=383 t=0.10 p=0.89 stall=0 h=auto_l0)
#33     43.13s best:5303  next:[1742,5302] rins_lp_lns (d=0.90 s=400 t=0.10 p=0.59 stall=1 h=auto_l0)
#34     43.13s best:5302  next:[1742,5301] violation_ls(batch:24 #solutions_imported:19 #lin_moves:11'812 #lin_evals:410'831 #gen_moves:153'176 #gen_evals:19'426 #comp_moves:19'483 #backtracks:66'812 #weight_updates:2'630)
#35     43.14s best:5301  next:[1742,5300] violation_ls(batch:24 #solutions_imported:18 #lin_moves:149'377 #lin_evals:655'432 #gen_moves:31'819 #gen_evals:3'934 #comp_moves:2'924 #backtracks:14'444 #weight_updates:9'534)
#36     45.24s best:5293  next:[1742,5292] graph_dec_lns (d=1.00 s=396 t=0.10 p=0.86 stall=0 h=auto_l0)
#37     45.77s best:5155  next:[1742,5154] rins_pump_lns (d=0.92 s=412 t=0.10 p=0.61 stall=0 h=auto_l0)
#38     47.80s best:5149  next:[1742,5148] graph_var_lns (d=1.00 s=417 t=0.10 p=0.83 stall=0 h=auto_l0)
#39     48.25s best:5148  next:[1742,5147] violation_ls(batch:26 #solutions_imported:20 #lin_moves:161'770 #lin_evals:709'769 #gen_moves:31'819 #gen_evals:3'934 #comp_moves:2'924 #backtracks:14'444 #weight_updates:10'125)
#Bound  49.55s best:5148  next:[1772,5147] objective_lb_search_max_lp
#40     49.82s best:5088  next:[1772,5087] graph_cst_lns (d=1.00 s=419 t=0.10 p=0.86 stall=0 h=auto_l0)
#41     50.20s best:5087  next:[1772,5086] violation_ls(batch:27 #solutions_imported:22 #lin_moves:22'326 #lin_evals:473'629 #gen_moves:162'113 #gen_evals:20'269 #comp_moves:19'922 #backtracks:71'060 #weight_updates:4'453)
#42     50.58s best:5086  next:[1772,5085] quick_restart_no_lp (fixed_bools=0/837)
#43     52.27s best:5067  next:[1772,5066] rnd_var_lns (d=1.00 s=439 t=0.10 p=0.80 stall=0 h=auto_l0)
#44     53.10s best:4993  next:[1772,4992] graph_var_lns (d=1.00 s=443 t=0.10 p=0.84 stall=0 h=auto_l0)
#45     55.25s best:4936  next:[1772,4935] rins_pump_lns (d=0.92 s=462 t=0.10 p=0.59 stall=1 h=auto_l0)
#46     56.87s best:4923  next:[1772,4922] rnd_cst_lns (d=1.00 s=466 t=0.10 p=0.78 stall=0 h=auto_l0)
#47     57.06s best:4922  next:[1772,4921] violation_ls(batch:30 #solutions_imported:24 #lin_moves:178'108 #lin_evals:813'727 #gen_moves:51'038 #gen_evals:5'396 #comp_moves:4'203 #backtracks:23'413 #weight_updates:13'338)
#48     58.53s best:4891  next:[1772,4890] graph_cst_lns (d=1.00 s=469 t=0.10 p=0.81 stall=0 h=auto_l0)
#49     59.44s best:4890  next:[1772,4889] violation_ls(batch:31 #solutions_imported:26 #lin_moves:41'356 #lin_evals:575'098 #gen_moves:172'762 #gen_evals:20'933 #comp_moves:20'230 #backtracks:76'230 #weight_updates:5'516)
#50     59.45s best:4889  next:[1772,4888] violation_ls(batch:31 #solutions_imported:25 #lin_moves:178'394 #lin_evals:815'096 #gen_moves:51'038 #gen_evals:5'396 #comp_moves:4'203 #backtracks:23'413 #weight_updates:13'463)
#51     59.81s best:4825  next:[1772,4824] rins_pump_lns (d=0.92 s=486 t=0.10 p=0.58 stall=0 h=auto_l0)
#52     61.61s best:4824  next:[1772,4823] violation_ls(batch:32 #solutions_imported:27 #lin_moves:41'356 #lin_evals:575'179 #gen_moves:172'800 #gen_evals:20'937 #comp_moves:20'232 #backtracks:76'248 #weight_updates:5'516)
#Bound  62.23s best:4824  next:[1773,4823] objective_lb_search_max_lp
#53     70.37s best:4822  next:[1773,4821] graph_dec_lns (d=1.00 s=532 t=0.10 p=0.75 stall=0 h=auto_l0)
#54     73.84s best:4821  next:[1773,4820] violation_ls(batch:37 #solutions_imported:29 #lin_moves:87'788 #lin_evals:773'698 #gen_moves:172'800 #gen_evals:20'937 #comp_moves:20'232 #backtracks:76'248 #weight_updates:6'349)
#55     73.85s best:4820  next:[1773,4819] violation_ls(batch:37 #solutions_imported:28 #lin_moves:186'502 #lin_evals:932'313 #gen_moves:90'529 #gen_evals:8'067 #comp_moves:5'989 #backtracks:42'264 #weight_updates:15'675)
#56     74.39s best:4814  next:[1773,4813] rins_lp_lns (d=0.94 s=560 t=0.10 p=0.59 stall=1 h=auto_l0)
#57     77.95s best:4804  next:[1773,4803] graph_arc_lns (d=1.00 s=566 t=0.10 p=0.71 stall=0 h=auto_l0)
#Bound  78.71s best:4804  next:[1776,4803] objective_lb_search_max_lp
#58     80.69s best:4768  next:[1776,4767] graph_dec_lns (d=1.00 s=580 t=0.10 p=0.72 stall=0 h=auto_l0)
#59     81.10s best:4712  next:[1776,4711] rins_lp_lns (d=0.92 s=598 t=0.10 p=0.56 stall=1 h=auto_l0)
#60     88.50s best:4702  next:[1776,4701] graph_var_lns (d=1.00 s=627 t=0.10 p=0.70 stall=0 h=auto_l0)
#61     91.89s best:4690  next:[1776,4689] quick_restart_no_lp (fixed_bools=0/1434)
#62     92.93s best:4689  next:[1776,4688] violation_ls(batch:45 #solutions_imported:34 #lin_moves:161'337 #lin_evals:1'086'849 #gen_moves:172'800 #gen_evals:20'937 #comp_moves:20'232 #backtracks:76'248 #weight_updates:8'227)
#63     92.94s best:4688  next:[1776,4687] violation_ls(batch:45 #solutions_imported:33 #lin_moves:186'502 #lin_evals:1'074'833 #gen_moves:144'485 #gen_evals:12'623 #comp_moves:18'833 #backtracks:62'797 #weight_updates:16'088)
#64     95.47s best:4579  next:[1776,4578] rins_lp_lns (d=0.92 s=670 t=0.10 p=0.55 stall=1 h=auto_l0)
#Bound 104.68s best:4579  next:[1778,4578] objective_lb_search_max_lp
#65    110.07s best:4563  next:[1778,4562] rnd_cst_lns (d=1.00 s=736 t=0.10 p=0.66 stall=2 h=auto_l0)
#66    111.48s best:4558  next:[1778,4557] quick_restart_no_lp (fixed_bools=0/1658)
#67    112.68s best:4557  next:[1778,4556] quick_restart_no_lp (fixed_bools=0/1661)
#68    115.07s best:4547  next:[1778,4546] rins_lp_lns (d=0.93 s=770 t=0.10 p=0.54 stall=7 h=auto_l0)
#69    115.93s best:4503  next:[1778,4502] graph_arc_lns (d=1.00 s=764 t=0.10 p=0.65 stall=0 h=auto_l0)
#70    119.23s best:4502  next:[1778,4501] violation_ls(batch:56 #solutions_imported:37 #lin_moves:191'133 #lin_evals:1'383'383 #gen_moves:245'270 #gen_evals:25'232 #comp_moves:23'175 #backtracks:111'002 #weight_updates:10'515)
#71    119.24s best:4501  next:[1778,4500] violation_ls(batch:56 #solutions_imported:37 #lin_moves:186'503 #lin_evals:1'287'196 #gen_moves:246'721 #gen_evals:18'607 #comp_moves:24'168 #backtracks:111'240 #weight_updates:16'799)
#72    121.06s best:4495  next:[1778,4494] rnd_var_lns (d=1.00 s=797 t=0.10 p=0.65 stall=1 h=auto_l0)
#73    121.41s best:4494  next:[1778,4493] violation_ls(batch:57 #solutions_imported:38 #lin_moves:191'133 #lin_evals:1'400'818 #gen_moves:252'737 #gen_evals:25'495 #comp_moves:23'846 #backtracks:114'400 #weight_updates:10'599)
#74    123.89s best:4493  next:[1778,4492] violation_ls(batch:58 #solutions_imported:39 #lin_moves:193'532 #lin_evals:1'409'079 #gen_moves:252'737 #gen_evals:25'495 #comp_moves:23'846 #backtracks:114'400 #weight_updates:10'853)
#75    125.33s best:4492  next:[1778,4491] graph_arc_lns (d=1.00 s=812 t=0.10 p=0.64 stall=0 h=auto_l0)
#76    126.18s best:4491  next:[1778,4490] violation_ls(batch:59 #solutions_imported:40 #lin_moves:188'494 #lin_evals:1'340'180 #gen_moves:268'834 #gen_evals:19'557 #comp_moves:24'784 #backtracks:121'987 #weight_updates:17'481)
#77    126.66s best:4479  next:[1778,4478] rins_lp_lns (d=0.93 s=830 t=0.10 p=0.55 stall=4 h=auto_l0)
#78    129.15s best:4452  next:[1778,4451] rins_lp_lns (d=0.93 s=843 t=0.10 p=0.54 stall=0 h=auto_l0)
#Bound 131.13s best:4452  next:[1790,4451] objective_lb_search_max_lp
#79    134.33s best:4446  next:[1790,4445] graph_var_lns (d=1.00 s=860 t=0.10 p=0.66 stall=0 h=auto_l0)
#Bound 148.68s best:4446  next:[1791,4445] objective_lb_search_max_lp
#Bound 172.83s best:4446  next:[1792,4445] objective_lb_search_max_lp
#Bound 216.44s best:4446  next:[1798,4445] objective_lb_search_max_lp
#80    236.68s best:4423  next:[1798,4422] rnd_var_lns (d=1.00 s=1394 t=0.10 p=0.59 stall=2 h=auto_l0)
#81    238.43s best:4405  next:[1798,4404] graph_cst_lns (d=1.00 s=1411 t=0.10 p=0.58 stall=10 h=folio_rnd)
#82    240.40s best:4396  next:[1798,4395] quick_restart_no_lp (fixed_bools=0/2128)
#83    240.45s best:4394  next:[1798,4393] violation_ls(batch:107 #solutions_imported:45 #lin_moves:212'863 #lin_evals:2'401'431 #gen_moves:666'025 #gen_evals:57'657 #comp_moves:44'831 #backtracks:310'532 #weight_updates:14'218)
#84    240.46s best:4392  next:[1798,4391] violation_ls(batch:107 #solutions_imported:45 #lin_moves:218'095 #lin_evals:2'425'601 #gen_moves:686'355 #gen_evals:50'458 #comp_moves:42'292 #backtracks:321'973 #weight_updates:20'192)
#85    241.01s best:4378  next:[1798,4377] rins_pump_lns (d=0.94 s=1428 t=0.10 p=0.53 stall=4 h=auto_l0)
#Bound 251.70s best:4378  next:[1800,4377] objective_lb_search_max_lp
#86    275.44s best:4352  next:[1800,4351] graph_dec_lns (d=1.00 s=1598 t=0.10 p=0.57 stall=3 h=auto_l0)
#87    276.19s best:4351  next:[1800,4350] violation_ls(batch:122 #solutions_imported:47 #lin_moves:312'677 #lin_evals:2'842'443 #gen_moves:686'355 #gen_evals:50'458 #comp_moves:42'292 #backtracks:321'973 #weight_updates:72'023)
#88    276.98s best:4280  next:[1800,4279] rins_pump_lns (d=0.94 s=1614 t=0.10 p=0.53 stall=0 h=auto_l0)
#89    334.67s best:4260  next:[1800,4259] rnd_cst_lns (d=1.00 s=1888 t=0.10 p=0.56 stall=1 h=auto_l0)
#90    349.09s best:4188  next:[1800,4187] rins_pump_lns (d=0.93 s=1982 t=0.10 p=0.51 stall=10 h=auto_l0)
#Bound 361.52s best:4188  next:[1829,4187] objective_lb_search_max_lp
#91    364.13s best:4150  next:[1829,4149] quick_restart_no_lp (fixed_bools=0/2731)
#92    369.06s best:4125  next:[1829,4124] graph_var_lns (d=1.00 s=2075 t=0.10 p=0.55 stall=0 h=auto_l0)
#Bound 573.54s best:4125  next:[1830,4124] objective_lb_search_max_lp
#Bound 662.09s best:4125  next:[1834,4124] objective_lb_search_max_lp
#93    698.55s best:4106  next:[1834,4105] graph_dec_lns (d=1.00 s=3778 t=0.10 p=0.53 stall=1 h=auto_l0)
#94    713.10s best:4097  next:[1834,4096] graph_dec_lns (d=1.00 s=3852 t=0.10 p=0.53 stall=1 h=auto_l0)
#Bound 750.76s best:4097  next:[1836,4096] objective_lb_search_max_lp
#Bound 805.20s best:4097  next:[1843,4096] objective_lb_search_max_lp
#Bound 1248.53s best:4097  next:[1845,4096] objective_lb_search_max_lp
#Bound 1328.76s best:4097  next:[1847,4096] objective_lb_search_max_lp
#Bound 1471.18s best:4097  next:[1850,4096] objective_lb_search_max_lp
#Bound 1581.38s best:4097  next:[1852,4096] objective_lb_search_max_lp
#Bound 1826.46s best:4097  next:[1862,4096] objective_lb_search_max_lp
#Bound 1926.86s best:4097  next:[1863,4096] objective_lb_search_max_lp
#Bound 2147.19s best:4097  next:[1865,4096] objective_lb_search_max_lp
#95    2494.24s best:4047  next:[1865,4046] graph_dec_lns (d=1.00 s=12898 t=0.10 p=0.51 stall=1 h=auto_l0)
#96    2495.58s best:4046  next:[1865,4045] violation_ls(batch:1041 #solutions_imported:55 #perturbations:8 #lin_moves:4'173'585 #lin_evals:28'460'421 #gen_moves:1'312'077 #gen_evals:482'322 #comp_moves:131'449 #backtracks:590'144 #weight_updates:1'049'045)
#97    2497.41s best:4045  next:[1865,4044] quick_restart_no_lp (fixed_bools=1/6028)
#98    2498.13s best:4044  next:[1865,4043] rnd_var_lns (d=1.00 s=12917 t=0.10 p=0.51 stall=3 h=auto_l0)
#99    2498.15s best:4043  next:[1865,4042] violation_ls(batch:1042 #solutions_imported:56 #perturbations:8 #lin_moves:4'173'871 #lin_evals:28'461'857 #gen_moves:1'312'077 #gen_evals:482'322 #comp_moves:131'449 #backtracks:590'144 #weight_updates:1'049'158)
#100   2498.62s best:4040  next:[1865,4039] rnd_cst_lns (d=1.00 s=12918 t=0.10 p=0.51 stall=0 h=auto_l0)
#101   2499.92s best:4039  next:[1865,4038] violation_ls(batch:1043 #solutions_imported:57 #perturbations:8 #lin_moves:7'537'307 #lin_evals:52'097'141 #gen_moves:1'251'082 #gen_evals:167'839 #comp_moves:89'292 #backtracks:580'774 #weight_updates:602'799)
#102   2499.92s best:4038  next:[1865,4037] violation_ls(batch:1043 #solutions_imported:57 #perturbations:8 #lin_moves:4'173'871 #lin_evals:28'461'875 #gen_moves:1'312'085 #gen_evals:482'322 #comp_moves:131'453 #backtracks:590'146 #weight_updates:1'049'158)
#103   2504.19s best:4037  next:[1865,4036] quick_restart_no_lp (fixed_bools=1/6083)
#104   2504.93s best:4036  next:[1865,4035] quick_restart_no_lp (fixed_bools=1/6083)
#105   2504.94s best:4032  next:[1865,4031] rins_pump_lns (d=0.93 s=12963 t=0.10 p=0.50 stall=1 h=auto_l0)
#Bound 2600.66s best:4032  next:[1871,4031] objective_lb_search_max_lp
#106   2739.82s best:4030  next:[1871,4029] rnd_cst_lns (d=1.00 s=14136 t=0.10 p=0.51 stall=0 h=auto_l0)
#107   2748.40s best:4028  next:[1871,4027] quick_restart_no_lp (fixed_bools=1/6293)
#108   2748.58s best:4027  next:[1871,4026] violation_ls(batch:1145 #solutions_imported:61 #perturbations:8 #lin_moves:5'151'820 #lin_evals:32'572'175 #gen_moves:1'334'028 #gen_evals:484'051 #comp_moves:136'812 #backtracks:598'438 #weight_updates:1'051'334)
#109   2748.91s best:3989  next:[1871,3988] rins_pump_lns (d=0.94 s=14193 t=0.10 p=0.50 stall=1 h=auto_l0)
#110   2790.60s best:3984  next:[1871,3983] quick_restart_no_lp (fixed_bools=1/6405)
#111   3009.53s best:3961  next:[1871,3960] graph_arc_lns (d=1.00 s=15501 t=0.10 p=0.51 stall=1 h=auto_l0)
#112   3011.00s best:3947  next:[1871,3946] rins_pump_lns (d=0.94 s=15519 t=0.10 p=0.50 stall=2 h=auto_l0)
#Bound 3085.70s best:3947  next:[1872,3946] objective_lb_search_max_lp
#Bound 3346.49s best:3947  next:[1873,3946] objective_lb_search_max_lp
#Bound 3821.46s best:3947  next:[1874,3946] objective_lb_search_max_lp
#Bound 4439.21s best:3947  next:[1875,3946] lb_tree_search (nodes=72881/73349 rc=456 decisions=458859 @root=105 restarts=13) 
#Bound 4642.82s best:3947  next:[1877,3946] objective_lb_search_max_lp
#Bound 4717.03s best:3947  next:[1878,3946] objective_lb_search_max_lp
#Bound 4807.87s best:3947  next:[1881,3946] objective_lb_search_max_lp
#Bound 4975.10s best:3947  next:[1894,3946] objective_lb_search_max_lp
#Bound 5564.65s best:3947  next:[1900,3946] objective_lb_search_max_lp
#Bound 6706.42s best:3947  next:[1901,3946] objective_lb_search_max_lp
#Bound 6747.44s best:3947  next:[1902,3946] objective_lb_search_max_lp
#Bound 6814.55s best:3947  next:[1903,3946] objective_lb_search_max_lp
#Bound 7094.00s best:3947  next:[1907,3946] objective_lb_search_max_lp
#Bound 7358.33s best:3947  next:[1908,3946] objective_lb_search_max_lp
#Bound 7708.49s best:3947  next:[1909,3946] objective_lb_search_max_lp
#Bound 7808.77s best:3947  next:[1910,3946] objective_lb_search_max_lp
#Bound 8113.04s best:3947  next:[1911,3946] objective_lb_search_max_lp
#Bound 8615.83s best:3947  next:[1912,3946] lb_tree_search (nodes=80793/80926 rc=735 decisions=798348 @root=173 restarts=14) 
#Bound 8901.01s best:3947  next:[1913,3946] lb_tree_search (nodes=84403/84536 rc=744 decisions=817214 @root=178 restarts=14) 
#Bound 9179.54s best:3947  next:[1914,3946] lb_tree_search (nodes=87739/87875 rc=748 decisions=835893 @root=183 restarts=14) 
#Bound 9443.51s best:3947  next:[1915,3946] lb_tree_search (nodes=91177/91317 rc=761 decisions=854768 @root=186 restarts=14) 
#Bound 9695.82s best:3947  next:[1916,3946] lb_tree_search (nodes=94188/94329 rc=776 decisions=872236 @root=189 restarts=14) 
#Bound 9985.99s best:3947  next:[1917,3946] lb_tree_search (nodes=97798/97945 rc=784 decisions=892095 @root=194 restarts=14) 
#Bound 10306.20s best:3947  next:[1918,3946] lb_tree_search (nodes=101909/102062 rc=804 decisions=914025 @root=199 restarts=14) 
#Bound 10585.98s best:3947  next:[1919,3946] lb_tree_search (nodes=105711/105865 rc=813 decisions=934633 @root=204 restarts=14) 
#Bound 10800.84s best:3947  next:[1921,3946] objective_lb_search_max_lp
#Bound 11316.87s best:3947  next:[1922,3946] lb_tree_search (nodes=114799/114958 rc=848 decisions=986370 @root=214 restarts=14) 
#Bound 11612.94s best:3947  next:[1923,3946] lb_tree_search (nodes=118494/118686 rc=876 decisions=1007921 @root=219 restarts=14) 
#Bound 11894.90s best:3947  next:[1924,3946] lb_tree_search (nodes=121706/121901 rc=884 decisions=1027938 @root=222 restarts=14) 
#Bound 12192.00s best:3947  next:[1925,3946] lb_tree_search (nodes=124818/125024 rc=895 decisions=1047802 @root=225 restarts=14) 
#Bound 12516.60s best:3947  next:[1926,3946] lb_tree_search (nodes=128458/128668 rc=910 decisions=1069877 @root=230 restarts=14) 
#Bound 12827.16s best:3947  next:[1927,3946] lb_tree_search (nodes=131892/132106 rc=919 decisions=1091610 @root=235 restarts=14) 
#Bound 13126.94s best:3947  next:[1928,3946] lb_tree_search (nodes=135700/135916 rc=926 decisions=1114057 @root=240 restarts=14) 
#Bound 13468.55s best:3947  next:[1929,3946] lb_tree_search (nodes=139778/139997 rc=936 decisions=1137804 @root=245 restarts=14) 
#Bound 13833.70s best:3947  next:[1930,3946] lb_tree_search (nodes=144126/144348 rc=954 decisions=1163101 @root=250 restarts=14) 
#Bound 14221.07s best:3947  next:[1931,3946] lb_tree_search (nodes=148998/149225 rc=977 decisions=1189772 @root=255 restarts=14) 
#Bound 14597.81s best:3947  next:[1932,3946] lb_tree_search (nodes=153495/153723 rc=992 decisions=1216086 @root=260 restarts=14) 
#Bound 14977.11s best:3947  next:[1933,3946] lb_tree_search (nodes=158244/158480 rc=1006 decisions=1243032 @root=265 restarts=14) 
#Bound 15346.63s best:3947  next:[1934,3946] lb_tree_search (nodes=162373/162611 rc=1015 decisions=1268338 @root=270 restarts=14) 
#Bound 15741.47s best:3947  next:[1935,3946] lb_tree_search (nodes=166869/167107 rc=1033 decisions=1294867 @root=275 restarts=14) 
#Bound 16047.51s best:3947  next:[1937,3946] objective_lb_search_max_lp
#Bound 16627.61s best:3947  next:[1940,3946] objective_lb_search_max_lp
#Bound 17021.64s best:3947  next:[1943,3946] objective_lb_search_max_lp
#Bound 18181.08s best:3947  next:[1944,3946] lb_tree_search (nodes=196956/197217 rc=1183 decisions=1469864 @root=309 restarts=14) 
#Bound 18559.77s best:3947  next:[1945,3946] lb_tree_search (nodes=201148/201409 rc=1203 decisions=1497799 @root=314 restarts=14) 
#Bound 18947.16s best:3947  next:[1946,3946] lb_tree_search (nodes=205133/205394 rc=1218 decisions=1525641 @root=319 restarts=14) 
#Bound 19335.07s best:3947  next:[1947,3946] lb_tree_search (nodes=209008/209271 rc=1231 decisions=1553144 @root=324 restarts=14) 
#Bound 19735.72s best:3947  next:[1948,3946] lb_tree_search (nodes=213138/213403 rc=1239 decisions=1581842 @root=329 restarts=14) 
#Bound 20150.79s best:3947  next:[1949,3946] lb_tree_search (nodes=217285/217554 rc=1247 decisions=1610752 @root=336 restarts=14) 
#Bound 20602.78s best:3947  next:[1950,3946] lb_tree_search (nodes=222366/222637 rc=1264 decisions=1643028 @root=341 restarts=14) 
#Bound 21025.51s best:3947  next:[1951,3946] lb_tree_search (nodes=226710/226987 rc=1281 decisions=1672583 @root=346 restarts=14) 
#Bound 21506.64s best:3947  next:[1952,3946] lb_tree_search (nodes=231829/232114 rc=1302 decisions=1705320 @root=353 restarts=14) 
#Bound 21960.26s best:3947  next:[1953,3946] lb_tree_search (nodes=236190/236481 rc=1309 decisions=1735921 @root=360 restarts=14) 
#Bound 22432.17s best:3947  next:[1954,3946] lb_tree_search (nodes=240815/241107 rc=1329 decisions=1768072 @root=365 restarts=14) 
#Bound 22891.01s best:3947  next:[1955,3946] lb_tree_search (nodes=245411/245707 rc=1355 decisions=1799993 @root=370 restarts=14) 
#Bound 23392.41s best:3947  next:[1956,3946] lb_tree_search (nodes=250323/250621 rc=1367 decisions=1834145 @root=377 restarts=14) 
#Bound 23926.21s best:3947  next:[1957,3946] lb_tree_search (nodes=255793/256095 rc=1382 decisions=1870089 @root=386 restarts=14) 
#Bound 24370.28s best:3947  next:[1958,3946] lb_tree_search (nodes=260218/260522 rc=1397 decisions=1902595 @root=391 restarts=14) 
#Bound 24848.19s best:3947  next:[1959,3946] lb_tree_search (nodes=264849/265153 rc=1413 decisions=1936088 @root=398 restarts=14) 
#Bound 25346.27s best:3947  next:[1960,3946] lb_tree_search (nodes=269539/269844 rc=1425 decisions=1970370 @root=407 restarts=14) 
#Bound 25889.38s best:3947  next:[1961,3946] lb_tree_search (nodes=275254/275562 rc=1441 decisions=2008644 @root=414 restarts=14) 
#Bound 26433.40s best:3947  next:[1962,3946] lb_tree_search (nodes=280355/280665 rc=1452 decisions=2044932 @root=423 restarts=14) 
#Bound 26963.28s best:3947  next:[1963,3946] lb_tree_search (nodes=285530/285841 rc=1471 decisions=2082063 @root=430 restarts=14) 
#Bound 27517.91s best:3947  next:[1964,3946] lb_tree_search (nodes=290757/291069 rc=1480 decisions=2119964 @root=439 restarts=14) 
#Bound 28076.09s best:3947  next:[1965,3946] lb_tree_search (nodes=296260/296575 rc=1503 decisions=2158301 @root=448 restarts=14) 
#Bound 28614.07s best:3947  next:[1966,3946] lb_tree_search (nodes=301804/302119 rc=1525 decisions=2196797 @root=455 restarts=14) 
#Bound 29179.81s best:3947  next:[1967,3946] lb_tree_search (nodes=307568/307884 rc=1539 decisions=2236547 @root=464 restarts=14) 
#Bound 29748.28s best:3947  next:[1968,3946] lb_tree_search (nodes=313686/314003 rc=1549 decisions=2278416 @root=471 restarts=14) 
#Bound 30364.99s best:3947  next:[1969,3946] lb_tree_search (nodes=320187/320507 rc=1565 decisions=2321361 @root=480 restarts=14) 
#Bound 30938.86s best:3947  next:[1970,3946] lb_tree_search (nodes=325753/326076 rc=1586 decisions=2362049 @root=489 restarts=14) 
#Bound 31522.50s best:3947  next:[1971,3946] lb_tree_search (nodes=331456/331783 rc=1602 decisions=2403185 @root=496 restarts=14) 
#Bound 32133.76s best:3947  next:[1972,3946] lb_tree_search (nodes=337404/337731 rc=1618 decisions=2445756 @root=505 restarts=14) 
#Bound 32804.60s best:3947  next:[1973,3946] lb_tree_search (nodes=344420/344747 rc=1653 decisions=2492048 @root=514 restarts=14) 
#Bound 33460.48s best:3947  next:[1974,3946] lb_tree_search (nodes=350796/351124 rc=1685 decisions=2536476 @root=523 restarts=14) 
#Bound 34112.57s best:3947  next:[1975,3946] lb_tree_search (nodes=357621/357972 rc=1706 decisions=2582954 @root=530 restarts=14) 
#Bound 34761.26s best:3947  next:[1976,3946] lb_tree_search (nodes=364018/364370 rc=1715 decisions=2628717 @root=539 restarts=14) 
#Bound 35391.26s best:3947  next:[1977,3946] lb_tree_search (nodes=369904/370260 rc=1732 decisions=2672745 @root=548 restarts=14) 
#Bound 36028.58s best:3947  next:[1978,3946] lb_tree_search (nodes=375975/376333 rc=1770 decisions=2717788 @root=557 restarts=14) 
#Bound 36685.77s best:3947  next:[1979,3946] lb_tree_search (nodes=382939/383299 rc=1793 decisions=2766042 @root=564 restarts=14) 
#Bound 37356.43s best:3947  next:[1980,3946] lb_tree_search (nodes=389673/390034 rc=1811 decisions=2814055 @root=573 restarts=14) 
#Bound 38020.10s best:3947  next:[1981,3946] lb_tree_search (nodes=396168/396529 rc=1850 decisions=2861274 @root=582 restarts=14) 
#Bound 38691.68s best:3947  next:[1982,3946] lb_tree_search (nodes=402921/403283 rc=1863 decisions=2909913 @root=591 restarts=14) 
#Bound 39380.44s best:3947  next:[1983,3946] lb_tree_search (nodes=409361/409727 rc=1883 decisions=2958825 @root=602 restarts=14) 
#Bound 40051.93s best:3947  next:[1984,3946] lb_tree_search (nodes=415527/415894 rc=1911 decisions=3007155 @root=613 restarts=14) 
#Bound 40771.96s best:3947  next:[1985,3946] lb_tree_search (nodes=422308/422675 rc=1919 decisions=3057792 @root=624 restarts=14) 
#Bound 41479.36s best:3947  next:[1986,3946] lb_tree_search (nodes=428592/428959 rc=1936 decisions=3107276 @root=635 restarts=14) 
#Bound 42182.96s best:3947  next:[1987,3946] lb_tree_search (nodes=435306/435674 rc=1949 decisions=3157543 @root=646 restarts=14) 
#Bound 42961.86s best:3947  next:[1988,3946] lb_tree_search (nodes=443176/443545 rc=1972 decisions=3211822 @root=657 restarts=14) 
#Bound 43778.67s best:3947  next:[1989,3946] lb_tree_search (nodes=450100/450471 rc=2002 decisions=3263882 @root=668 restarts=14) 
#Bound 44582.95s best:3947  next:[1990,3946] lb_tree_search (nodes=457032/457404 rc=2024 decisions=3317958 @root=679 restarts=14) 
#Bound 45399.84s best:3947  next:[1991,3946] lb_tree_search (nodes=464436/464808 rc=2042 decisions=3373835 @root=692 restarts=14) 
#Bound 46202.00s best:3947  next:[1992,3946] lb_tree_search (nodes=471726/472101 rc=2089 decisions=3430051 @root=703 restarts=14) 
#Bound 46963.57s best:3947  next:[1993,3946] lb_tree_search (nodes=478524/478901 rc=2108 decisions=3484786 @root=714 restarts=14) 
#Bound 47708.15s best:3947  next:[1994,3946] lb_tree_search (nodes=484983/485360 rc=2126 decisions=3538143 @root=725 restarts=14) 
#Bound 48496.74s best:3947  next:[1995,3946] lb_tree_search (nodes=491908/492287 rc=2142 decisions=3595033 @root=736 restarts=14) 
#Bound 49332.49s best:3947  next:[1996,3946] lb_tree_search (nodes=500097/500483 rc=2171 decisions=3655310 @root=747 restarts=14) 
#Bound 50191.48s best:3947  next:[1997,3946] lb_tree_search (nodes=507950/508337 rc=2188 decisions=3714586 @root=760 restarts=14) 
#Bound 50979.49s best:3947  next:[1998,3946] lb_tree_search (nodes=514396/514784 rc=2203 decisions=3770690 @root=771 restarts=14) 
#Bound 51798.87s best:3947  next:[1999,3946] lb_tree_search (nodes=521567/521956 rc=2224 decisions=3829916 @root=782 restarts=14) 
#Bound 52610.98s best:3947  next:[2000,3946] lb_tree_search (nodes=528389/528778 rc=2237 decisions=3887857 @root=793 restarts=14) 
#Bound 53502.03s best:3947  next:[2001,3946] lb_tree_search (nodes=536107/536496 rc=2279 decisions=3948863 @root=806 restarts=14) 
#Bound 54303.00s best:3947  next:[2002,3946] lb_tree_search (nodes=542862/543252 rc=2301 decisions=4006913 @root=817 restarts=14) 
#Bound 55191.53s best:3947  next:[2003,3946] lb_tree_search (nodes=550762/551154 rc=2329 decisions=4070544 @root=830 restarts=14) 
#Bound 56013.30s best:3947  next:[2004,3946] lb_tree_search (nodes=558140/558532 rc=2351 decisions=4133200 @root=841 restarts=14) 
#Bound 56899.45s best:3947  next:[2005,3946] lb_tree_search (nodes=565548/565940 rc=2376 decisions=4197598 @root=854 restarts=14) 
#Bound 57749.31s best:3947  next:[2006,3946] lb_tree_search (nodes=572756/573148 rc=2400 decisions=4261466 @root=865 restarts=14) 
#Bound 58587.27s best:3947  next:[2007,3946] lb_tree_search (nodes=579382/579775 rc=2429 decisions=4321525 @root=878 restarts=14) 
#Bound 59470.59s best:3947  next:[2008,3946] lb_tree_search (nodes=585689/586083 rc=2440 decisions=4382262 @root=889 restarts=14) 
#Bound 60398.62s best:3947  next:[2009,3946] lb_tree_search (nodes=593006/593400 rc=2456 decisions=4446665 @root=902 restarts=14) 
#Bound 61259.66s best:3947  next:[2010,3946] lb_tree_search (nodes=600029/600431 rc=2481 decisions=4510567 @root=913 restarts=14) 
#Bound 62158.89s best:3947  next:[2011,3946] lb_tree_search (nodes=607403/607808 rc=2504 decisions=4575282 @root=926 restarts=14) 
#Bound 63055.85s best:3947  next:[2012,3946] lb_tree_search (nodes=614163/614569 rc=2529 decisions=4639059 @root=937 restarts=14) 
#Bound 64009.09s best:3947  next:[2013,3946] lb_tree_search (nodes=621983/622391 rc=2560 decisions=4706966 @root=952 restarts=14) 
#Bound 64922.00s best:3947  next:[2014,3946] lb_tree_search (nodes=629262/629670 rc=2586 decisions=4772810 @root=965 restarts=14) 
#Bound 65906.26s best:3947  next:[2015,3946] lb_tree_search (nodes=636846/637257 rc=2621 decisions=4840685 @root=978 restarts=14) 
#Bound 66916.58s best:3947  next:[2016,3946] lb_tree_search (nodes=644275/644686 rc=2646 decisions=4908997 @root=993 restarts=14) 
#Bound 67892.79s best:3947  next:[2017,3946] lb_tree_search (nodes=651346/651758 rc=2674 decisions=4976816 @root=1008 restarts=14) 
#Bound 68920.05s best:3947  next:[2018,3946] lb_tree_search (nodes=659579/660010 rc=2693 decisions=5048245 @root=1022 restarts=14) 
#Bound 69924.89s best:3947  next:[2019,3946] lb_tree_search (nodes=666931/667366 rc=2718 decisions=5118029 @root=1037 restarts=14) 
#Bound 70987.74s best:3947  next:[2020,3946] lb_tree_search (nodes=674864/675301 rc=2751 decisions=5190931 @root=1053 restarts=14) 
#Bound 72057.84s best:3947  next:[2021,3946] lb_tree_search (nodes=682667/683106 rc=2777 decisions=5263809 @root=1068 restarts=14) 
#Bound 73143.32s best:3947  next:[2022,3946] lb_tree_search (nodes=691217/691657 rc=2795 decisions=5340095 @root=1083 restarts=14) 
#Bound 74234.49s best:3947  next:[2023,3946] lb_tree_search (nodes=699851/700294 rc=2825 decisions=5416333 @root=1098 restarts=14) 
#Bound 75348.40s best:3947  next:[2024,3946] lb_tree_search (nodes=708885/709329 rc=2851 decisions=5494010 @root=1114 restarts=14) 
#Bound 76498.38s best:3947  next:[2025,3946] lb_tree_search (nodes=718501/718945 rc=2897 decisions=5575476 @root=1131 restarts=14) 
#Bound 77624.59s best:3947  next:[2026,3946] lb_tree_search (nodes=728043/728488 rc=2917 decisions=5656571 @root=1146 restarts=14) 
#Bound 78776.90s best:3947  next:[2027,3946] lb_tree_search (nodes=737674/738119 rc=2945 decisions=5738493 @root=1163 restarts=14) 
#Bound 79966.31s best:3947  next:[2028,3946] lb_tree_search (nodes=747355/747800 rc=2971 decisions=5822646 @root=1182 restarts=14) 
#Bound 81162.95s best:3947  next:[2029,3946] lb_tree_search (nodes=757525/757970 rc=2997 decisions=5908103 @root=1199 restarts=14) 
#Bound 81468.92s best:3947  next:[2031,3946] objective_lb_search_max_lp
#Bound 83214.24s best:3947  next:[2032,3946] objective_lb_search_max_lp
#Bound 85083.41s best:3947  next:[2033,3946] lb_tree_search (nodes=790079/790529 rc=3113 decisions=6178321 @root=1255 restarts=14) 
#Bound 86295.71s best:3947  next:[2034,3946] lb_tree_search (nodes=799936/800387 rc=3143 decisions=6265083 @root=1272 restarts=14) 

Task timing                                  n [     min,      max]      avg      dev     time         n [     min,      max]      avg      dev    dtime
                             'core':         1 [  24.00h,   24.00h]   24.00h   0.00ns   24.00h         1 [   8.39h,    8.39h]    8.39h   0.00ns    8.39h
                       'default_lp':         1 [  24.00h,   24.00h]   24.00h   0.00ns   24.00h         1 [   1.40h,    1.40h]    1.40h   0.00ns    1.40h
                 'feasibility_pump':      9311 [126.13us,    1.59m]    9.28s    1.37s   24.00h      9283 [334.45ms,   22.62s] 984.94ms 233.07ms    2.54h
                            'fixed':         1 [  24.00h,   24.00h]   24.00h   0.00ns   24.00h         1 [   1.40h,    1.40h]    1.40h   0.00ns    1.40h
                  'fj_long_default':         8 [113.65ms, 604.83ms] 196.12ms 155.32ms    1.57s         8 [217.48ms, 296.40ms] 249.93ms  24.44ms    2.00s
              'fj_long_lin_default':        10 [123.19ms, 339.56ms] 152.79ms  62.47ms    1.53s        10 [218.18ms, 278.41ms] 245.02ms  15.03ms    2.45s
                   'fj_long_random':         7 [139.11ms, 629.53ms] 218.44ms 168.02ms    1.53s         7 [238.82ms, 286.87ms] 261.66ms  15.59ms    1.83s
                 'fj_short_default':        11 [128.20ms, 263.49ms] 145.67ms  37.45ms    1.60s        11 [214.04ms, 274.00ms] 250.93ms  16.25ms    2.76s
             'fj_short_lin_default':         6 [129.43ms, 814.74ms] 255.09ms 250.54ms    1.53s         6 [216.18ms, 277.35ms] 242.84ms  20.81ms    1.46s
              'fj_short_lin_random':         8 [134.08ms, 498.83ms] 188.48ms 117.73ms    1.51s         8 [215.75ms, 263.50ms] 246.21ms  14.96ms    1.97s
                  'fj_short_random':         8 [123.22ms, 606.28ms] 201.20ms 154.13ms    1.61s         8 [193.01ms, 306.67ms] 248.75ms  29.92ms    1.99s
                        'fs_random':         1 [   1.67s,    1.67s]    1.67s   0.00ns    1.67s         1 [ 69.81ms,  69.81ms]  69.81ms   0.00ns  69.81ms
                        'fs_random':         1 [   1.67s,    1.67s]    1.67s   0.00ns    1.67s         1 [ 70.13ms,  70.13ms]  70.13ms   0.00ns  70.13ms
                  'fs_random_no_lp':         1 [   1.67s,    1.67s]    1.67s   0.00ns    1.67s         1 [ 23.51ms,  23.51ms]  23.51ms   0.00ns  23.51ms
          'fs_random_quick_restart':         1 [   1.63s,    1.63s]    1.63s   0.00ns    1.63s         1 [ 20.53ms,  20.53ms]  20.53ms   0.00ns  20.53ms
          'fs_random_quick_restart':         1 [   1.67s,    1.67s]    1.67s   0.00ns    1.67s         1 [ 45.16ms,  45.16ms]  45.16ms   0.00ns  45.16ms
    'fs_random_quick_restart_no_lp':         1 [   1.63s,    1.63s]    1.63s   0.00ns    1.63s         1 [ 32.12ms,  32.12ms]  32.12ms   0.00ns  32.12ms
                    'graph_arc_lns':     35667 [ 83.31ms,    8.82s]    3.08s 742.78ms   30.51h     35635 [ 10.00ns, 201.36ms]  67.43ms  38.20ms   40.05m
                    'graph_cst_lns':     35667 [ 80.11ms,    7.75s]    3.23s 687.92ms   31.97h     35649 [ 10.00ns, 138.53ms]  73.30ms  33.45ms   43.55m
                    'graph_dec_lns':     35667 [162.38ms,    7.56s]    3.26s 707.74ms   32.31h     35639 [ 10.00ns, 170.32ms]  73.36ms  33.28ms   43.58m
                    'graph_var_lns':     35667 [148.97ms,    7.67s]    2.93s 820.14ms   29.03h     35624 [ 10.00ns, 201.16ms]  64.32ms  40.43ms   38.19m
                   'lb_tree_search':         1 [  24.00h,   24.00h]   24.00h   0.00ns   24.00h         1 [  12.07h,   12.07h]   12.07h   0.00ns   12.07h
                           'max_lp':         1 [  24.00h,   24.00h]   24.00h   0.00ns   24.00h         1 [   2.21h,    2.21h]    2.21h   0.00ns    2.21h
                            'no_lp':         1 [  24.00h,   24.00h]   24.00h   0.00ns   24.00h         1 [   1.01h,    1.01h]    1.01h   0.00ns    1.01h
              'objective_lb_search':         1 [  24.00h,   24.00h]   24.00h   0.00ns   24.00h         1 [   3.28h,    3.28h]    3.28h   0.00ns    3.28h
       'objective_lb_search_max_lp':         1 [  24.00h,   24.00h]   24.00h   0.00ns   24.00h         1 [   2.92h,    2.92h]    2.92h   0.00ns    2.92h
        'objective_lb_search_no_lp':         1 [  24.00h,   24.00h]   24.00h   0.00ns   24.00h         1 [  55.37m,   55.37m]   55.37m   0.00ns   55.37m
  'objective_shaving_search_max_lp':       173 [314.65ms,   31.17m]    8.32m    6.20m   24.00h       164 [  3.45ms,    1.10m]   20.11s   14.16s   54.96m
   'objective_shaving_search_no_lp':       174 [258.03ms,   31.18m]    8.28m    6.21m   24.00h       162 [ 62.20ms,   39.49s]   11.01s    7.69s   29.72m
                          'probing':         1 [  24.00h,   24.00h]   24.00h   0.00ns   24.00h         1 [   7.33h,    7.33h]    7.33h   0.00ns    7.33h
                   'probing_max_lp':         1 [  24.00h,   24.00h]   24.00h   0.00ns   24.00h         1 [   7.25h,    7.25h]    7.25h   0.00ns    7.25h
                     'pseudo_costs':         1 [  24.00h,   24.00h]   24.00h   0.00ns   24.00h         1 [   2.01h,    2.01h]    2.01h   0.00ns    2.01h
                    'quick_restart':         1 [  24.00h,   24.00h]   24.00h   0.00ns   24.00h         1 [   4.82h,    4.82h]    4.82h   0.00ns    4.82h
              'quick_restart_no_lp':         1 [  24.00h,   24.00h]   24.00h   0.00ns   24.00h         1 [   1.64h,    1.64h]    1.64h   0.00ns    1.64h
                    'reduced_costs':         1 [  24.00h,   24.00h]   24.00h   0.00ns   24.00h         1 [   3.22h,    3.22h]    3.22h   0.00ns    3.22h
                        'rins/rens':     35667 [922.76us,    4.75s] 930.91ms 620.81ms    9.22h     31211 [ 10.00ns, 108.08ms]  64.47ms  43.57ms   33.53m
                      'rnd_cst_lns':     35667 [161.42ms,    7.80s]    3.25s 700.60ms   32.18h     35632 [ 10.00ns, 202.03ms]  73.15ms  33.58ms   43.44m
                      'rnd_var_lns':     35667 [102.50ms,    7.57s]    3.23s 732.12ms   32.02h     35632 [ 10.00ns, 197.39ms]  72.68ms  33.94ms   43.16m
         'scheduling_intervals_lns':     35667 [ 95.57ms,    9.25s]    4.61s 257.13ms   45.65h     35660 [100.01ms, 203.23ms] 100.83ms   1.25ms   59.93m
       'scheduling_precedences_lns':     35666 [222.73ms,   11.20s]    4.45s 270.57ms   44.05h     35663 [100.01ms, 203.18ms] 100.83ms 834.82us   59.93m
       'scheduling_time_window_lns':     35666 [211.30ms,    9.29s]    4.62s 257.51ms   45.74h     35664 [100.01ms, 101.96ms] 100.82ms 634.90us   59.93m
                     'violation_ls':     35667 [  5.02ms, 571.18ms] 164.06ms  34.16ms    1.63h     35667 [600.00ns, 537.58ms] 280.77ms  67.13ms    2.78h
                     'violation_ls':     35667 [  5.17ms, 519.69ms] 160.90ms  35.17ms    1.59h     35667 [  1.90us, 535.64ms] 278.70ms  68.41ms    2.76h

Search stats                          Bools  Conflicts    Branches   Restarts      BoolPropag   IntegerPropag
                           'core':   26'588  1'858'236   3'584'419     77'885  12'552'401'910  18'999'349'639
                     'default_lp':   11'987    600'283   6'461'470    440'768     718'516'379  14'059'555'644
                          'fixed':    2'834  2'602'542   2'609'050      1'809   1'049'586'643  20'878'026'716
                      'fs_random':      396          0         811        792              38         235'445
                      'fs_random':      396          0         814        792              50         229'157
                'fs_random_no_lp':      416          7         825        792             627         330'326
        'fs_random_quick_restart':      396          0         807        792              38         233'194
        'fs_random_quick_restart':      401          2         797        792             187         245'724
  'fs_random_quick_restart_no_lp':      462          1       1'250        793              45         386'034
                 'lb_tree_search':      487      1'767  13'270'372  2'903'903      70'158'135  21'523'584'431
                         'max_lp':    6'582    768'155   8'073'173    851'249     742'606'188  17'689'155'059
                          'no_lp':    8'315    811'659   6'367'793    503'293     986'345'192  15'916'666'768
            'objective_lb_search':    2'041    346'615   7'161'463  1'619'641     171'062'962  16'515'474'537
     'objective_lb_search_max_lp':    1'916    411'477   6'379'174  1'420'635     206'949'227  16'645'714'389
      'objective_lb_search_no_lp':    1'465    478'459   2'676'988    538'111     110'826'337  12'855'161'891
                        'probing':    9'605      8'411      78'168     44'954       4'601'012      92'309'614
                 'probing_max_lp':    9'605      8'397      77'614     44'690       4'741'317      95'626'806
                   'pseudo_costs':    1'117    666'870   5'167'512  1'007'165     205'140'187  16'924'181'784
                  'quick_restart':   19'266    386'861  20'667'104    285'090   2'719'229'549  16'197'717'057
            'quick_restart_no_lp':   25'468  1'204'499  10'336'548    175'879   5'183'181'947  20'108'150'323
                  'reduced_costs':  113'008  1'379'468   9'166'459    256'113  19'475'009'856  19'667'082'980

SAT stats                           ClassicMinim  LitRemoved  LitLearned  LitForgotten  Subsumed   MClauses  MDecisions  MLitTrue  MSubsumed  MLitRemoved  MReused
                           'core':     1'799'930  49'510'424  24'801'058     6'296'187     2'222     34'384     173'740         0        227          944      642
                     'default_lp':       506'496   3'456'709  15'878'900    14'240'872     3'118    143'409   1'185'664         0     13'875      106'894   29'889
                          'fixed':     1'518'713   6'543'782  84'736'727    84'111'016     4'128        132         942         0         36          241       21
                      'fs_random':             0           0           0             0         0          0           0         0          0            0        0
                      'fs_random':             0           0           0             0         0          0           0         0          0            0        0
                'fs_random_no_lp':             0           0          71             0         0          0           0         0          0            0        0
        'fs_random_quick_restart':             0           0           0             0         0          0           0         0          0            0        0
        'fs_random_quick_restart':             0           0          10             0         0          0           0         0          0            0        0
  'fs_random_quick_restart_no_lp':             0           0           2             0         0          0           0         0          0            0        0
                 'lb_tree_search':             6          32       5'757             0         0  1'183'480   6'087'122         0        458        1'730   60'431
                         'max_lp':       637'872   3'780'602  15'614'680    13'655'520     5'316    263'772   2'027'162         0     18'922      136'277   34'716
                          'no_lp':       725'996   5'369'053  21'198'851    19'450'191     3'802     80'517     736'557         0     13'190       88'679   19'063
            'objective_lb_search':       307'172   2'660'656   6'151'283     1'598'248     3'248    453'020   3'260'908         0      1'254       11'216   64'183
     'objective_lb_search_max_lp':       376'160   3'237'261   5'704'626     1'318'004     2'388    204'637   2'234'735         0      8'894       73'554   42'387
      'objective_lb_search_no_lp':       422'405   3'190'963   8'860'422     3'251'447     2'978    138'700   1'042'042         0      3'553       24'995   23'470
                        'probing':             0           0       8'411             0         0          0           0         0          0            0        0
                 'probing_max_lp':             0           0       8'397             0         0          0           0         0          0            0        0
                   'pseudo_costs':       547'889   2'233'970  13'245'853    12'055'904     7'354    286'432   2'298'940         0      2'989       19'161   50'237
                  'quick_restart':       321'152   3'040'497   9'824'806     7'208'803     4'144     79'419   1'746'513         0     41'469      547'779   14'570
            'quick_restart_no_lp':     1'025'773  13'012'973  37'130'488    30'347'547     2'286     28'149     496'201         0     19'362      233'174    2'066
                  'reduced_costs':     1'149'407  10'412'968  39'159'097    35'513'150     9'803    134'927   1'396'825        16     46'405      350'383   41'216

Lp stats                         Component  Iterations  AddedCuts    OPTIMAL    DUAL_F.  DUAL_U.
                  'default_lp':          1  10'800'087    615'676  1'447'122        173       97
                       'fixed':          1   1'647'730      2'783  2'640'798          0        0
                   'fs_random':          1       4'371        649         49          0        0
                   'fs_random':          1       4'477        627         53          0        0
     'fs_random_quick_restart':          1       2'205        572         18          0        0
     'fs_random_quick_restart':          1       3'520        598         39          0        0
              'lb_tree_search':          1  88'801'864     66'369     18'806  7'011'752        0
                      'max_lp':          1  19'267'295    498'953    495'931  1'680'114       18
         'objective_lb_search':          1  48'451'826  1'163'791  1'820'126      4'969      187
  'objective_lb_search_max_lp':          1  20'469'993     51'321     25'834  1'773'549        1
                     'probing':          1  38'555'784  2'779'244    212'463     17'934        1
              'probing_max_lp':          1  14'187'512    568'294    150'211     46'454        0
                'pseudo_costs':          1  19'393'581    724'115    741'364  1'545'241       69
               'quick_restart':          1  66'573'102  3'210'480  1'870'595     29'944       69
               'reduced_costs':          1  19'879'776    864'666  1'490'368  1'525'195       72

Lp dimension                                                                        Final dimension of first component
                  'default_lp':  5361 rows, 4916 columns, 19570 entries with magnitude in [1.989640e-03, 1.000000e+00]
                       'fixed':  4397 rows, 4916 columns, 16699 entries with magnitude in [3.739716e-03, 1.000000e+00]
                   'fs_random':   2039 rows, 4916 columns, 8460 entries with magnitude in [3.739716e-03, 1.000000e+00]
                   'fs_random':   2139 rows, 4916 columns, 8745 entries with magnitude in [3.739716e-03, 1.000000e+00]
     'fs_random_quick_restart':   1289 rows, 4916 columns, 5782 entries with magnitude in [3.739716e-03, 1.000000e+00]
     'fs_random_quick_restart':   1789 rows, 4916 columns, 7485 entries with magnitude in [3.739716e-03, 1.000000e+00]
              'lb_tree_search':  8998 rows, 4953 columns, 53901 entries with magnitude in [2.153632e-04, 1.000000e+00]
                      'max_lp':  6515 rows, 4953 columns, 29342 entries with magnitude in [1.756807e-04, 1.000000e+00]
         'objective_lb_search':  5396 rows, 4916 columns, 20717 entries with magnitude in [4.976267e-03, 1.000000e+00]
  'objective_lb_search_max_lp':  6681 rows, 4953 columns, 29131 entries with magnitude in [2.558330e-04, 1.000000e+00]
                     'probing':  7059 rows, 4916 columns, 35010 entries with magnitude in [2.530502e-05, 1.000000e+00]
              'probing_max_lp':  6402 rows, 4953 columns, 46276 entries with magnitude in [2.498753e-05, 1.000000e+00]
                'pseudo_costs':  5029 rows, 4953 columns, 19444 entries with magnitude in [7.414819e-04, 1.000000e+00]
               'quick_restart':  6065 rows, 4916 columns, 23756 entries with magnitude in [1.681117e-03, 1.000000e+00]
               'reduced_costs':  4838 rows, 4953 columns, 18601 entries with magnitude in [2.518597e-03, 1.000000e+00]

Lp debug                         CutPropag  CutEqPropag     Adjust  Overflow            Bad  BadScaling
                  'default_lp':         34          141     85'415         0     18'718'362           0
                       'fixed':          0            0          0         0         52'685           0
                   'fs_random':          0            0          0         0          4'865           0
                   'fs_random':          0            0          0         0          4'895           0
     'fs_random_quick_restart':          0            0          0         0          4'838           0
     'fs_random_quick_restart':          0            0          0         0          4'915           0
              'lb_tree_search':         73          127  6'929'433         0     56'904'688           0
                      'max_lp':         54          106    797'457         0     25'145'257           0
         'objective_lb_search':         34          161    839'257         0     39'260'817           0
  'objective_lb_search_max_lp':         22           31  1'752'994         0     12'653'680           0
                     'probing':        590        8'573    228'011         0  2'604'179'266           0
              'probing_max_lp':        436        4'523    196'664         0  2'568'286'061           0
                'pseudo_costs':         72          217    435'451         0     48'317'816           0
               'quick_restart':        205          592    964'762         0    190'164'180           0
               'reduced_costs':        219          117  1'136'887         0     51'843'126           0

Lp pool                          Constraints  Updates  Simplif  Merged  Shortened      Split  Strenghtened            Cuts/Call
                  'default_lp':       14'711    2'564   13'462      64          0     51'628        58'573    615'676/1'873'195
                       'fixed':        7'882        1        0       0          0          1           266         2'783/29'648
                   'fs_random':        5'726        0        0       0          0          0            74            627/2'771
                   'fs_random':        5'748        0        0       0          0          0            74            649/2'699
     'fs_random_quick_restart':        5'671        0        0       0          0          0            74            572/1'919
     'fs_random_quick_restart':        5'697        0        0       0          0          0            78            598/2'431
              'lb_tree_search':       63'945    5'859  562'487      16          0    311'538       572'603       66'369/166'799
                      'max_lp':       64'521    3'230  299'121      24          0    170'594       356'153    498'953/1'151'791
         'objective_lb_search':       14'847    5'787   21'080      43          0    166'294        92'228  1'163'791/4'703'806
  'objective_lb_search_max_lp':       63'896    1'423  560'677      17          0    177'436       568'815       51'321/131'612
                     'probing':       14'318  275'664   14'227      25          0  4'601'236       516'956  2'779'244/5'147'571
              'probing_max_lp':       63'873  143'457  517'878      13          0  1'515'070       575'360    568'294/1'529'825
                'pseudo_costs':       63'660    5'491  531'514      47          0    441'857       639'075    724'115/1'588'582
               'quick_restart':       14'405   18'433   20'742     174          0  2'060'275       193'487  3'210'480/8'261'678
               'reduced_costs':       64'190    5'603  545'095      68          0    597'981       637'166    864'666/2'073'347

Lp Cut                                                      fs_ran  fs_ran  fs_ran  fs_ran   defaul  fixed   max_lp     quick_   reduce   pseudo  lb_tre   probin   object   probin  object
                                                    CG_FF:      42      42      42      42   34'251    119   27'206     20'701   53'971   37'911   1'235   41'696   25'896    2'988   1'807
                                                     CG_K:      26      26      26      26   25'891     76   26'998     12'503   54'175   36'028   1'071   18'304   18'254    2'099   2'104
                                                    CG_KL:       -       -       -       -       86      -       46        190      231       76       -      392      207        1      24
                                                     CG_R:      26      26      26      26   15'604     64   12'290     10'336   23'510   18'105     669   36'501   10'679    2'888     586
                                                    CG_RB:      16      16      16      16   63'133    113   51'012     52'200   86'004   72'906   3'492  154'528   59'824    5'147   4'885
                                                   CG_RBP:       -       -       -       -    6'294      7    7'316      5'113   12'114   11'143     442   12'100    5'370      745     570
                                                   Clique:       -       -       -       -        -      -    8'989          -   17'919   13'940     353        -        -    2'160     382
                                                       IB:     190     249     258     217  275'761  1'551  195'127  2'477'599  306'807  219'699  11'021  618'397  773'811   91'488  13'922
                                                 MIR_1_FF:     122     121     121     120   21'298    202   17'575     49'719   33'841   30'032   1'735   80'487   26'396   12'383   1'631
                                                  MIR_1_K:      19      19      19      19    2'541     24    2'112      6'158    4'052    4'029     195    7'242    3'035    1'991     225
                                                 MIR_1_KL:       -       -       -       -      324      -      701      1'595      955      530      68    4'939      378    2'569      35
                                                  MIR_1_R:      35      35      35      35    4'826     54    2'739      8'237    6'156    5'162     423   23'267    4'719    5'012     304
                                                 MIR_1_RB:      17      19      18      19   34'697    116   36'204    123'929   64'872   63'584   5'241  269'287   53'612   29'328   4'930
                                                MIR_1_RBP:       2       2       2       2    2'915     13    9'079     15'241   15'129   16'377   1'031   17'434    6'358    3'951   1'012
                                                MIR_1_RLT:       -       -       -       -        -      -      179          -      382      256      29        -        -      486      20
                                                 MIR_2_FF:      14      12      16      16   15'659     53   10'121     30'321   19'776   19'589     772   53'004   17'666    6'762     925
                                                  MIR_2_K:      11      10       9       9    2'605     20    1'742      4'126    3'231    3'434     112    5'369    2'599    1'743     204
                                                 MIR_2_KL:       -       -       -       -      201      -      505      1'480      739      362      60    5'086      260    1'848      21
                                                  MIR_2_R:       4       4       5       4    3'304     13    1'857      7'128    3'958    4'087     585   39'798    3'679    4'680     306
                                                 MIR_2_RB:      17      15      18      14   21'437     91   16'086     80'533   28'984   31'173   2'636  199'109   30'662   17'378   2'388
                                                MIR_2_RBP:       1       -       1       -    2'114     14    3'017      9'404    5'329    6'273     358   13'444    4'035    2'178     365
                                                 MIR_3_FF:       5       8       5       6    9'632     34    5'795     20'188   11'492   12'611     527   37'246   10'843    3'584     588
                                                  MIR_3_K:       3       4       4       3    2'018     10    1'425      3'033    2'937    2'869      84    4'151    1'981    1'203     189
                                                 MIR_3_KL:       -       -       -       -      194      -      369      1'703      749      369      64    5'755      279    1'541      30
                                                  MIR_3_R:       4       3       4       3    1'931     10      944      4'912    2'050    2'345     438   27'122    2'158    2'432     210
                                                 MIR_3_RB:       7       7       7       9   12'491     50    8'236     46'490   15'437   17'445   1'360  135'316   17'218    9'057   1'294
                                                MIR_3_RBP:       -       1       -       -    1'278      7    1'640      5'595    2'935    3'305     251    9'309    2'539    1'068     224
                                                 MIR_4_FF:       -       2       3       2    6'285      8    3'420     13'106    6'722    7'970     342   26'250    6'987    1'998     425
                                                  MIR_4_K:       4       2       3       1    1'338      7    1'026      2'375    1'887    2'053      74    3'608    1'385    1'197     128
                                                 MIR_4_KL:       -       -       -       -      180      -      305      1'391      627      297      72    5'609      228    1'318      46
                                                  MIR_4_R:       -       -       2       1    1'225      3      559      2'973    1'188    1'373     279   16'384    1'365    1'135     126
                                                 MIR_4_RB:       1       1       3       2    8'020     25    4'607     26'903    8'433   10'038     808   87'766   10'723    5'087     774
                                                MIR_4_RBP:       -       -       -       -      623      -      792      2'622    1'413    1'571     149    5'722    1'433      635     112
                                                 MIR_5_FF:       -       -       1       2    3'938      8    1'845      8'546    3'622    4'357     272   19'499    4'850    1'302     350
                                                  MIR_5_K:       1       1       1       2      807      4      698      1'755    1'278    1'454      89    3'001    1'080      859     129
                                                 MIR_5_KL:       -       -       -       -      176      -      258      1'657      553      370      67    5'000      297    1'464      57
                                                  MIR_5_R:       -       -       1       -      824      2      325      1'890      594      769     160    9'757    1'174      695     101
                                                 MIR_5_RB:       -       -       1       -    4'974     14    2'712     17'166    4'722    5'601     532   63'516    7'011    3'100     571
                                                MIR_5_RBP:       -       -       -       -      393      1      397      1'457      687      796     103    3'924      851      423      97
                                                 MIR_6_FF:       -       -       -       -    2'457      2    1'051      5'652    2'106    2'530     216   15'825    3'064    1'070     190
                                                  MIR_6_K:       -       -       -       -      528      2      465      1'471      813      832      55    2'978      662      773      82
                                                 MIR_6_KL:       -       -       -       -      221      -      275      2'413      705      425     106    6'132      451    1'832      73
                                                  MIR_6_R:       -       -       -       -      536      -      223      1'125      412      428      87    6'120      933      365      68
                                                 MIR_6_RB:       1       -       -       -    3'440     14    1'658     12'212    2'913    3'446     333   53'415    4'872    2'330     351
                                                MIR_6_RBP:       -       -       -       -      181      1      229      1'020      499      429      90    3'367      538      469      43
         NoOverlapCompletionTimeExhaustiveMirror_weighted:       -       -       -       -        -      -        7          -       15        4       -        -        -        -       -
  NoOverlapCompletionTimeExhaustiveMirror_weighted_lifted:       -       -       -       -        -      -        2          -        6        3       -        -        -        -       3
               NoOverlapCompletionTimeExhaustive_weighted:       -       -       -       -        -      -       36          -      123       46       -        -        -        -       4
        NoOverlapCompletionTimeExhaustive_weighted_lifted:       -       -       -       -        -      -      768          -    1'708    1'683       4        -        -        4      17
                          NoOverlapCompletionTimeQueyrane:       -       -       -       -        -      -      177          -      459      196       8        -        -        4      11
                    NoOverlapCompletionTimeQueyraneMirror:       -       -       -       -        -      -        1          -        -        -       -        -        -        -       -
             NoOverlapCompletionTimeQueyraneMirror_lifted:       -       -       -       -        -      -        1          -        -        -       -        -        -        -       -
                   NoOverlapCompletionTimeQueyrane_lifted:       -       -       -       -        -      -      443          -      984      593       7        -        -        3      19
                                NoOverlapDisjunctionOnEnd:       -       -       -       -        -      -       28          -       41       21       -        -        -        -       5
                              NoOverlapDisjunctionOnStart:       -       -       -       -        -      -      707          -    1'401    1'402       5        -        -        5      14
                                             ZERO_HALF_FF:       1       1       -       1    4'683     13    3'740      5'835    7'138    5'960     272   11'664    4'677      705     187
                                              ZERO_HALF_K:       1       -       1       -    1'992      8    2'710      1'593    5'471    3'767     174    1'657    1'914      410     175
                                             ZERO_HALF_KL:       -       -       -       -       10      -        1         18        -        -       -       16       12        -       -
                                              ZERO_HALF_R:       -       -       -       -    5'498      8    9'717     73'235   14'440   15'322  23'020  438'355   14'977  261'034   6'263
                                             ZERO_HALF_RB:       2       1       1       1    5'473     12    7'895     19'246   12'164   12'008   2'362  112'115    9'380   35'782     833
                                            ZERO_HALF_RBP:       -       -       -       -    1'389     10    2'565      6'385    3'807    4'731   2'431   58'281    2'469   27'585     886

LNS stats                        Improv/Calls  Closed  Difficulty  TimeLimit
               'graph_arc_lns':   16921/35665     50%        1.00       0.10
               'graph_cst_lns':   15302/35663     50%        1.00       0.10
               'graph_dec_lns':   14331/35666     50%        1.00       0.10
               'graph_var_lns':   17200/35665     50%        1.00       0.10
                   'rins/rens':   10610/33509     50%        0.93       0.10
                 'rnd_cst_lns':   15373/35665     50%        1.00       0.10
                 'rnd_var_lns':   14649/35665     50%        1.00       0.10
    'scheduling_intervals_lns':   35664/35664      0%        0.00       0.10
  'scheduling_precedences_lns':   35664/35664      0%        0.00       0.10
  'scheduling_time_window_lns':   35664/35664      0%        0.00       0.10

LS stats                   Batches  Restarts     LinMoves    GenMoves  CompoundMoves  WeightUpdates
       'fj_long_default':        8         1       79'823           0              0            177
   'fj_long_lin_default':       10         1            0      12'091          2'927              0
        'fj_long_random':        7         1       69'843           0              0            157
      'fj_short_default':       11         1            0      13'114          2'491              0
  'fj_short_lin_default':        6         1            0       7'842          1'997              0
   'fj_short_lin_random':        8         1            0      11'072          2'227              0
       'fj_short_random':        8         1            0      11'168          2'430              0
          'violation_ls':   35'667         0  166'226'737  18'777'853        741'564      3'973'425
          'violation_ls':   35'667         0  183'884'665  14'945'429        547'986      2'524'137

Solutions (112)                     Num      Rank
  'fs_random_quick_restart_no_lp':    1     [1,1]
                  'graph_arc_lns':    5  [18,111]
                  'graph_cst_lns':    6   [20,81]
                  'graph_dec_lns':    9   [17,95]
                  'graph_var_lns':    9    [2,92]
                          'no_lp':    6    [5,14]
            'quick_restart_no_lp':   11  [42,110]
                    'rins_lp_lns':   10    [9,78]
                  'rins_pump_lns':   11  [12,112]
                    'rnd_cst_lns':    5  [46,106]
                    'rnd_var_lns':    8    [4,98]
                   'violation_ls':   31   [3,108]

Objective bounds                 Num
              'initial_domain':    1
              'lb_tree_search':  111
         'objective_lb_search':    1
  'objective_lb_search_max_lp':   59
   'objective_lb_search_no_lp':    2
              'probing_max_lp':    2
                'pseudo_costs':    2

Solution repositories      Added  Queried  Ignored  Synchro
  'feasible solutions':  143'305  811'476        0  141'175
        'lp solutions':   53'186   17'795        0   52'186
                'pump':  194'178   17'872

Improving bounds shared             Num
                        'core':       1
                  'default_lp':   1'011
              'lb_tree_search':     106
                      'max_lp':     806
                       'no_lp':   1'164
         'objective_lb_search':      44
  'objective_lb_search_max_lp':      30
                     'probing':  62'595
              'probing_max_lp':  21'490
                'pseudo_costs':   1'196
               'quick_restart':   2'246
         'quick_restart_no_lp':   2'423
               'reduced_costs':   2'105

Clauses shared                      Num
                           'core':    7
                     'default_lp':   55
  'fs_random_quick_restart_no_lp':    1
                 'lb_tree_search':   26
                         'max_lp':   36
                          'no_lp':   13
            'objective_lb_search':   22
     'objective_lb_search_max_lp':    7
      'objective_lb_search_no_lp':   23
                   'pseudo_costs':   54
                  'quick_restart':   34
            'quick_restart_no_lp':   34
                  'reduced_costs':    6

CpSolverResponse summary:
status: FEASIBLE
objective: 3947
best_bound: 2034
integers: 4944
booleans: 401
conflicts: 2
branches: 797
propagations: 187
integer_propagations: 245724
restarts: 792
lp_iterations: 2205
walltime: 86401.3
usertime: 86401.3
deterministic_time: 277720
gap_integral: 2.10056e+06
solution_fingerprint: 0x8a9f71c05f737342


--- Simulation Gantt  partir du modle mathmatique ---
