created virtual environment CPython3.12.4.final.0-64 in 389ms
  creator CPython3Posix(dest=/localscratch/aneumann.46806186.0/env, clear=False, no_vcs_ignore=False, global=False)
  seeder FromAppData(download=False, pip=bundle, via=copy, app_data_dir=/home/aneumann/.local/share/virtualenv)
    added seed packages: pip==24.2+computecanada
  activators BashActivator,CShellActivator,FishActivator,NushellActivator,PowerShellActivator,PythonActivator
Looking in links: /cvmfs/soft.computecanada.ca/custom/python/wheelhouse/gentoo2023/x86-64-v3, /cvmfs/soft.computecanada.ca/custom/python/wheelhouse/gentoo2023/generic, /cvmfs/soft.computecanada.ca/custom/python/wheelhouse/generic
Requirement already satisfied: pip in /localscratch/aneumann.46806186.0/env/lib/python3.12/site-packages (24.2+computecanada)
Processing /cvmfs/soft.computecanada.ca/custom/python/wheelhouse/generic/pip-25.0+computecanada-py3-none-any.whl
Installing collected packages: pip
  Attempting uninstall: pip
    Found existing installation: pip 24.2+computecanada
    Uninstalling pip-24.2+computecanada:
      Successfully uninstalled pip-24.2+computecanada
Successfully installed pip-25.0+computecanada
Looking in links: /cvmfs/soft.computecanada.ca/custom/python/wheelhouse/gentoo2023/x86-64-v3, /cvmfs/soft.computecanada.ca/custom/python/wheelhouse/gentoo2023/generic, /cvmfs/soft.computecanada.ca/custom/python/wheelhouse/generic
ERROR: protobuf-5.28.3-cp38-abi3-manylinux2014_x86_64.whl is not a supported wheel on this platform.
Looking in links: /cvmfs/soft.computecanada.ca/custom/python/wheelhouse/gentoo2023/x86-64-v3, /cvmfs/soft.computecanada.ca/custom/python/wheelhouse/gentoo2023/generic, /cvmfs/soft.computecanada.ca/custom/python/wheelhouse/generic
Processing /home/aneumann/projects/def-adhaj/aneumann/GNRS/wheels/immutabledict-4.2.0-py3-none-any.whl
Installing collected packages: immutabledict
Successfully installed immutabledict-4.2.0
Looking in links: /cvmfs/soft.computecanada.ca/custom/python/wheelhouse/gentoo2023/x86-64-v3, /cvmfs/soft.computecanada.ca/custom/python/wheelhouse/gentoo2023/generic, /cvmfs/soft.computecanada.ca/custom/python/wheelhouse/generic
Processing /cvmfs/soft.computecanada.ca/custom/python/wheelhouse/generic/ortools-9.10.4067+computecanada-cp312-cp312-linux_x86_64.whl (from -r /home/aneumann/projects/def-adhaj/aneumann/GNRS/requirements/or.txt (line 1))
Processing /cvmfs/soft.computecanada.ca/custom/python/wheelhouse/gentoo2023/x86-64-v3/matplotlib-3.10.0+computecanada-cp312-cp312-linux_x86_64.whl (from -r /home/aneumann/projects/def-adhaj/aneumann/GNRS/requirements/or.txt (line 2))
Processing /cvmfs/soft.computecanada.ca/custom/python/wheelhouse/gentoo2023/x86-64-v3/pandas-2.2.3+computecanada-cp312-cp312-linux_x86_64.whl (from -r /home/aneumann/projects/def-adhaj/aneumann/GNRS/requirements/or.txt (line 3))
Processing /cvmfs/soft.computecanada.ca/custom/python/wheelhouse/generic/absl_py-2.3.0+computecanada-py3-none-any.whl (from ortools<9.11,>=9.10->-r /home/aneumann/projects/def-adhaj/aneumann/GNRS/requirements/or.txt (line 1))
Processing /cvmfs/soft.computecanada.ca/custom/python/wheelhouse/gentoo2023/generic/numpy-2.2.2+computecanada-cp312-cp312-linux_x86_64.whl (from ortools<9.11,>=9.10->-r /home/aneumann/projects/def-adhaj/aneumann/GNRS/requirements/or.txt (line 1))
Processing /cvmfs/soft.computecanada.ca/custom/python/wheelhouse/gentoo2023/x86-64-v3/protobuf-6.31.1+computecanada-cp312-cp312-linux_x86_64.whl (from ortools<9.11,>=9.10->-r /home/aneumann/projects/def-adhaj/aneumann/GNRS/requirements/or.txt (line 1))
Requirement already satisfied: immutabledict>=3.0.0 in /localscratch/aneumann.46806186.0/env/lib/python3.12/site-packages (from ortools<9.11,>=9.10->-r /home/aneumann/projects/def-adhaj/aneumann/GNRS/requirements/or.txt (line 1)) (4.2.0)
Processing /cvmfs/soft.computecanada.ca/custom/python/wheelhouse/gentoo2023/generic/contourpy-1.3.1+computecanada-cp312-cp312-linux_x86_64.whl (from matplotlib->-r /home/aneumann/projects/def-adhaj/aneumann/GNRS/requirements/or.txt (line 2))
Processing /cvmfs/soft.computecanada.ca/custom/python/wheelhouse/generic/cycler-0.12.1+computecanada-py3-none-any.whl (from matplotlib->-r /home/aneumann/projects/def-adhaj/aneumann/GNRS/requirements/or.txt (line 2))
Processing /cvmfs/soft.computecanada.ca/custom/python/wheelhouse/generic/fonttools-4.59.0+computecanada-cp312-cp312-linux_x86_64.whl (from matplotlib->-r /home/aneumann/projects/def-adhaj/aneumann/GNRS/requirements/or.txt (line 2))
Processing /cvmfs/soft.computecanada.ca/custom/python/wheelhouse/gentoo2023/x86-64-v3/kiwisolver-1.4.8+computecanada-cp312-cp312-linux_x86_64.whl (from matplotlib->-r /home/aneumann/projects/def-adhaj/aneumann/GNRS/requirements/or.txt (line 2))
Processing /cvmfs/soft.computecanada.ca/custom/python/wheelhouse/generic/packaging-25.0+computecanada-py3-none-any.whl (from matplotlib->-r /home/aneumann/projects/def-adhaj/aneumann/GNRS/requirements/or.txt (line 2))
Processing /cvmfs/soft.computecanada.ca/custom/python/wheelhouse/gentoo2023/x86-64-v3/pillow-11.1.0+computecanada-cp312-cp312-linux_x86_64.whl (from matplotlib->-r /home/aneumann/projects/def-adhaj/aneumann/GNRS/requirements/or.txt (line 2))
Processing /cvmfs/soft.computecanada.ca/custom/python/wheelhouse/generic/pyparsing-3.2.3+computecanada-py3-none-any.whl (from matplotlib->-r /home/aneumann/projects/def-adhaj/aneumann/GNRS/requirements/or.txt (line 2))
Processing /cvmfs/soft.computecanada.ca/custom/python/wheelhouse/generic/python_dateutil-2.9.0.post0+computecanada-py2.py3-none-any.whl (from matplotlib->-r /home/aneumann/projects/def-adhaj/aneumann/GNRS/requirements/or.txt (line 2))
Processing /cvmfs/soft.computecanada.ca/custom/python/wheelhouse/generic/pytz-2025.2+computecanada-py2.py3-none-any.whl (from pandas->-r /home/aneumann/projects/def-adhaj/aneumann/GNRS/requirements/or.txt (line 3))
Processing /cvmfs/soft.computecanada.ca/custom/python/wheelhouse/generic/tzdata-2025.2+computecanada-py2.py3-none-any.whl (from pandas->-r /home/aneumann/projects/def-adhaj/aneumann/GNRS/requirements/or.txt (line 3))
Processing /cvmfs/soft.computecanada.ca/custom/python/wheelhouse/generic/six-1.17.0+computecanada-py2.py3-none-any.whl (from python-dateutil>=2.7->matplotlib->-r /home/aneumann/projects/def-adhaj/aneumann/GNRS/requirements/or.txt (line 2))
Installing collected packages: pytz, tzdata, six, pyparsing, protobuf, pillow, packaging, numpy, kiwisolver, fonttools, cycler, absl-py, python-dateutil, contourpy, pandas, matplotlib, ortools
Successfully installed absl-py-2.3.0+computecanada contourpy-1.3.1+computecanada cycler-0.12.1+computecanada fonttools-4.59.0+computecanada kiwisolver-1.4.8+computecanada matplotlib-3.10.0+computecanada numpy-2.2.2+computecanada ortools-9.10.4067+computecanada packaging-25.0+computecanada pandas-2.2.3+computecanada pillow-11.1.0+computecanada protobuf-6.31.1+computecanada pyparsing-3.2.3+computecanada python-dateutil-2.9.0.post0+computecanada pytz-2025.2+computecanada six-1.17.0+computecanada tzdata-2025.2+computecanada

Starting CP-SAT solver v9.10.4067
Parameters: max_time_in_seconds: 86400 max_memory_in_mb: 185000 log_search_progress: true enumerate_all_solutions: false num_search_workers: 32 absolute_gap_limit: 0 relative_gap_limit: 0

Initial optimization model '': (model_fingerprint: 0xc3838f6f11f340e3)
#Variables: 287 (#ints: 8 in objective)
  - 207 Booleans in [0,1]
  - 80 in [0,574]
#kLinear1: 40
#kLinear2: 382
#kLinear3: 155
#kLinearN: 3'099 (#terms: 39'208)

Starting presolve at 0.00s
  1.17e-03s  0.00e+00d  [DetectDominanceRelations] 
  2.17e-02s  0.00e+00d  [PresolveToFixPoint] #num_loops=8 #num_dual_strengthening=3 
  3.68e-05s  0.00e+00d  [ExtractEncodingFromLinear] #potential_supersets=5 
[Symmetry] Graph for symmetry has 3'504 nodes and 28'488 arcs.
[Symmetry] Symmetry computation done. time: 0.00135951 dtime: 0.00240316
[Symmetry] #generators: 1, average support size: 24
[Symmetry] The model contains 167 duplicate constraints !
[Symmetry] 12 orbits with sizes: 2,2,2,2,2,2,2,2,2,2,...
[Symmetry] Num fixable by intersecting at_most_one with orbits: 1 largest_orbit: 2
  6.92e-03s  1.44e-03d  [Probe] #probed=300 #new_bounds=5 #equiv=1 
  9.36e-05s  0.00e+00d  [MaxClique] Merged 31(62 literals) into 12(24 literals) at_most_ones. 
  1.05e-03s  0.00e+00d  [DetectDominanceRelations] 
  8.50e-03s  0.00e+00d  [PresolveToFixPoint] #num_loops=5 #num_dual_strengthening=3 
  3.49e-03s  0.00e+00d  [ProcessAtMostOneAndLinear] 
  1.80e-03s  0.00e+00d  [DetectDuplicateConstraints] #duplicates=236 #without_enforcements=329 
  1.32e-03s  1.08e-04d  [DetectDominatedLinearConstraints] #relevant_constraints=2'358 #num_inclusions=2'069 
  2.81e-04s  0.00e+00d  [DetectDifferentVariables] #different=32 #cliques=1 #size=7 
  3.10e-04s  3.11e-05d  [ProcessSetPPC] #relevant_constraints=1'811 
  1.68e-05s  0.00e+00d  [FindAlmostIdenticalLinearConstraints] 
  1.52e-04s  1.86e-04d  [FindBigAtMostOneAndLinearOverlap] 
  3.34e-03s  2.02e-03d  [FindBigVerticalLinearOverlap] #blocks=40 #saved_nz=4'634 
  2.04e-04s  7.04e-05d  [FindBigHorizontalLinearOverlap] #linears=1'671 
  1.75e-05s  0.00e+00d  [MergeClauses] 
  1.15e-03s  0.00e+00d  [DetectDominanceRelations] 
  1.51e-02s  0.00e+00d  [PresolveToFixPoint] #num_loops=2 #num_dual_strengthening=1 
  1.14e-03s  0.00e+00d  [DetectDominanceRelations] 
  8.61e-03s  0.00e+00d  [PresolveToFixPoint] #num_loops=1 #num_dual_strengthening=1 
[Symmetry] Graph for symmetry has 3'383 nodes and 22'870 arcs.
[Symmetry] Symmetry computation done. time: 0.00060611 dtime: 0.00129786
  6.30e-03s  1.37e-03d  [Probe] #probed=300 #new_bounds=25 
  7.26e-06s  0.00e+00d  [MaxClique] 
  1.14e-03s  0.00e+00d  [DetectDominanceRelations] 
  1.33e-02s  0.00e+00d  [PresolveToFixPoint] #num_loops=2 #num_dual_strengthening=1 
  3.20e-03s  0.00e+00d  [ProcessAtMostOneAndLinear] 
  1.62e-03s  0.00e+00d  [DetectDuplicateConstraints] #without_enforcements=373 
  7.85e-04s  5.71e-05d  [DetectDominatedLinearConstraints] #relevant_constraints=2'091 #num_inclusions=735 
  1.56e-04s  0.00e+00d  [DetectDifferentVariables] 
  2.76e-04s  2.04e-05d  [ProcessSetPPC] #relevant_constraints=1'585 
  2.21e-05s  1.15e-07d  [FindAlmostIdenticalLinearConstraints] #num_tested_pairs=7 
  8.39e-05s  1.03e-04d  [FindBigAtMostOneAndLinearOverlap] 
  2.04e-03s  1.42e-03d  [FindBigVerticalLinearOverlap] #blocks=37 #saved_nz=2'214 
  1.67e-04s  5.05e-05d  [FindBigHorizontalLinearOverlap] #linears=1'330 
  9.47e-06s  0.00e+00d  [MergeClauses] 
  1.07e-03s  0.00e+00d  [DetectDominanceRelations] 
  1.18e-02s  0.00e+00d  [PresolveToFixPoint] #num_loops=2 #num_dual_strengthening=1 
  1.06e-03s  0.00e+00d  [DetectDominanceRelations] 
  8.25e-03s  0.00e+00d  [PresolveToFixPoint] #num_loops=1 #num_dual_strengthening=1 
[Symmetry] Graph for symmetry has 3'478 nodes and 20'677 arcs.
[Symmetry] Symmetry computation done. time: 0.000564763 dtime: 0.00119007
  5.87e-03s  1.34e-03d  [Probe] #probed=300 #new_bounds=29 
  7.38e-06s  0.00e+00d  [MaxClique] 
  1.07e-03s  0.00e+00d  [DetectDominanceRelations] 
  1.11e-02s  0.00e+00d  [PresolveToFixPoint] #num_loops=2 #num_dual_strengthening=1 
  3.07e-03s  0.00e+00d  [ProcessAtMostOneAndLinear] 
  1.57e-03s  0.00e+00d  [DetectDuplicateConstraints] #without_enforcements=377 
  6.96e-04s  4.95e-05d  [DetectDominatedLinearConstraints] #relevant_constraints=2'106 #num_inclusions=654 
  1.55e-04s  0.00e+00d  [DetectDifferentVariables] 
  2.32e-04s  1.46e-05d  [ProcessSetPPC] #relevant_constraints=1'311 
  2.76e-05s  5.15e-07d  [FindAlmostIdenticalLinearConstraints] #num_tested_pairs=28 
  7.30e-05s  7.87e-05d  [FindBigAtMostOneAndLinearOverlap] 
  1.69e-03s  1.16e-03d  [FindBigVerticalLinearOverlap] #blocks=27 #saved_nz=1'632 
  1.38e-04s  3.82e-05d  [FindBigHorizontalLinearOverlap] #linears=1'117 
  9.30e-06s  0.00e+00d  [MergeClauses] 
  9.76e-04s  0.00e+00d  [DetectDominanceRelations] 
  1.04e-02s  0.00e+00d  [PresolveToFixPoint] #num_loops=2 #num_dual_strengthening=1 
  7.24e-05s  0.00e+00d  [ExpandObjective] #entries=425 #tight_variables=164 #tight_constraints=95 

Presolve summary:
  - 65 affine relations were detected.
  - rule 'TODO dual: only one blocking constraint?' was applied 624 times.
  - rule 'TODO dual: only one blocking enforced constraint?' was applied 104 times.
  - rule 'TODO dual: only one unspecified blocking constraint?' was applied 50 times.
  - rule 'TODO duplicate: identical constraint with different enforcements' was applied 1'079 times.
  - rule 'affine: new relation' was applied 65 times.
  - rule 'at_most_one: removed literals' was applied 12 times.
  - rule 'at_most_one: size one' was applied 12 times.
  - rule 'at_most_one: transformed into max clique.' was applied 1 time.
  - rule 'deductions: 212 stored' was applied 1 time.
  - rule 'dual: fix variable' was applied 21 times.
  - rule 'dual: reduced domain' was applied 45 times.
  - rule 'duplicate: merged rhs of linear constraint' was applied 66 times.
  - rule 'duplicate: removed constraint' was applied 236 times.
  - rule 'enforcement: false literal' was applied 4 times.
  - rule 'exactly_one: x and not(x)' was applied 1 time.
  - rule 'incompatible linear: add implication' was applied 63 times.
  - rule 'linear matrix: common vertical rectangle' was applied 104 times.
  - rule 'linear: always true' was applied 660 times.
  - rule 'linear: doubleton free' was applied 11 times.
  - rule 'linear: empty' was applied 26 times.
  - rule 'linear: extracted enforcement literal' was applied 6'857 times.
  - rule 'linear: fixed or dup variables' was applied 3'166 times.
  - rule 'linear: positive equal one' was applied 5 times.
  - rule 'linear: reduced variable domains' was applied 192 times.
  - rule 'linear: remapped using affine relations' was applied 3'098 times.
  - rule 'linear: simplified rhs' was applied 8'364 times.
  - rule 'linear: tightened into equality' was applied 5 times.
  - rule 'linear: variable substitution 1' was applied 11 times.
  - rule 'no_overlap: inferred from x != y constraints' was applied 1 time.
  - rule 'presolve: 79 unused variables removed.' was applied 1 time.
  - rule 'presolve: iteration' was applied 3 times.
  - rule 'probing: reduced enforced constraint to implication.' was applied 31 times.
  - rule 'symmetry: fixed to false in general orbit' was applied 1 time.

Presolved optimization model '': (model_fingerprint: 0xceeb8cfb6d86f40e)
#Variables: 236 (#ints: 8 in objective)
  - 79 Booleans in [0,1]
  - 126 different domains in [-3925,4483] with a largest complexity of 9.
#kExactlyOne: 4 (#literals: 12)
#kInterval: 7
#kLinear2: 779 (#enforced: 744 #multi: 633)
#kLinear3: 436 (#enforced: 348 #multi: 119)
#kLinearN: 1'528 (#enforced: 1'398 #multi: 39) (#terms: 9'293)
#kNoOverlap: 1 (#intervals: 7)

Preloading model.
#Bound   0.18s best:inf   next:[151,3842] initial_domain
[Symmetry] Graph for symmetry has 3'396 nodes and 19'064 arcs.
[Symmetry] Symmetry computation done. time: 0.000469864 dtime: 0.00111441
#Model   0.18s var:236/236 constraints:2755/2755

Starting search at 0.18s with 32 workers.
17 full problem subsolvers: [core, default_lp, fixed, lb_tree_search, max_lp, no_lp, objective_lb_search, objective_lb_search_max_lp, objective_lb_search_no_lp, objective_shaving_search_max_lp, objective_shaving_search_no_lp, probing, probing_max_lp, pseudo_costs, quick_restart, quick_restart_no_lp, reduced_costs]
13 first solution subsolvers: [fj_long_default, fj_long_lin_default, fj_long_random, fj_short_default, fj_short_lin_default, fj_short_lin_random, fj_short_random, fs_random(2), fs_random_no_lp, fs_random_quick_restart(2), fs_random_quick_restart_no_lp]
13 incomplete subsolvers: [feasibility_pump, graph_arc_lns, graph_cst_lns, graph_dec_lns, graph_var_lns, rins/rens, rnd_cst_lns, rnd_var_lns, scheduling_intervals_lns, scheduling_precedences_lns, scheduling_time_window_lns, violation_ls(2)]
3 helper subsolvers: [neighborhood_helper, synchronization_agent, update_gap_integral]
#1       0.21s best:1456  next:[151,1455] no_lp (fixed_bools=0/112)
#2       0.23s best:1446  next:[151,1445] no_lp (fixed_bools=0/114)
#3       0.24s best:1421  next:[151,1420] no_lp (fixed_bools=0/118)
#4       0.24s best:1412  next:[151,1411] no_lp (fixed_bools=0/123)
#5       0.24s best:1303  next:[151,1302] no_lp (fixed_bools=0/133)
#6       0.24s best:1233  next:[151,1232] no_lp (fixed_bools=0/135)
#7       0.25s best:1148  next:[151,1147] no_lp (fixed_bools=0/144)
#Bound   0.26s best:1148  next:[152,1147] objective_shaving_search_max_lp (vars=236 csts=2757)
#8       0.29s best:976   next:[152,975]  no_lp (fixed_bools=0/158)
#Bound   0.31s best:976   next:[158,975]  pseudo_costs
#Bound   0.32s best:976   next:[163,975]  objective_lb_search_no_lp
#Bound   0.32s best:976   next:[209,975]  objective_lb_search_no_lp
#Bound   0.36s best:976   next:[269,975]  pseudo_costs
#Bound   0.36s best:976   next:[365,975]  pseudo_costs
#Bound   0.38s best:976   next:[374,975]  pseudo_costs
#Bound   0.43s best:976   next:[378,975]  objective_lb_search_no_lp
#Bound   0.46s best:976   next:[379,975]  objective_lb_search_no_lp
#9       0.53s best:972   next:[379,971]  no_lp (fixed_bools=0/171)
#10      0.54s best:956   next:[379,955]  no_lp (fixed_bools=0/180)
#11      0.58s best:916   next:[379,915]  no_lp (fixed_bools=0/186)
#Bound   0.59s best:916   next:[420,915]  objective_lb_search_no_lp
#12      0.67s best:904   next:[420,903]  no_lp (fixed_bools=0/214)
#13      0.70s best:886   next:[420,885]  no_lp (fixed_bools=0/221)
#Bound   0.93s best:886   next:[424,885]  objective_lb_search_no_lp
#Bound   0.94s best:886   next:[429,885]  objective_lb_search_no_lp
#Bound   0.95s best:886   next:[438,885]  objective_lb_search_no_lp
#14      0.97s best:863   next:[438,862]  quick_restart_no_lp (fixed_bools=0/166)
#15      0.98s best:856   next:[438,855]  quick_restart_no_lp (fixed_bools=0/182)
#Bound   0.99s best:856   next:[440,855]  objective_lb_search_no_lp
#Bound   1.48s best:856   next:[441,855]  objective_lb_search_no_lp
#Bound   1.50s best:856   next:[516,855]  objective_lb_search_no_lp
#Bound   1.55s best:856   next:[518,855]  objective_lb_search_no_lp
#Bound   1.63s best:856   next:[528,855]  objective_lb_search_no_lp
#Bound   1.70s best:856   next:[531,855]  objective_lb_search_no_lp
#Bound   1.82s best:856   next:[532,855]  objective_lb_search_no_lp
#16      1.83s best:853   next:[532,852]  no_lp (fixed_bools=1/282)
#Bound   1.88s best:853   next:[534,852]  objective_lb_search_no_lp
#17      1.89s best:843   next:[534,842]  graph_var_lns (d=0.91 s=105 t=0.10 p=1.00 stall=4 h=auto_l0)
#Bound   1.95s best:843   next:[535,842]  objective_lb_search_no_lp [skipped_logs=0]
#18      2.60s best:807   next:[539,806]  scheduling_intervals_lns (d=0.50 s=45 t=0.10 p=0.00 stall=0 h=auto_l0)
#Bound   2.90s best:807   next:[554,806]  objective_lb_search_no_lp [skipped_logs=4]
#Bound   3.90s best:807   next:[573,806]  objective_lb_search_no_lp [skipped_logs=2]
#Bound   4.75s best:807   next:[581,806]  objective_lb_search_no_lp [skipped_logs=3]
#Bound   5.57s best:807   next:[582,806]  objective_shaving_search_no_lp (vars=261 csts=2499) [skipped_logs=0]
#Bound   6.84s best:807   next:[605,806]  objective_lb_search_no_lp [skipped_logs=6]
#Bound   7.12s best:807   next:[608,806]  objective_lb_search_no_lp [skipped_logs=0]
#Bound   8.49s best:807   next:[617,806]  objective_lb_search [skipped_logs=2]
#Bound   9.98s best:807   next:[623,806]  objective_lb_search_no_lp [skipped_logs=2]
#Bound  10.94s best:807   next:[629,806]  objective_lb_search_no_lp [skipped_logs=2]
#Bound  12.01s best:807   next:[638,806]  objective_lb_search_no_lp [skipped_logs=2]
#Bound  12.59s best:807   next:[640,806]  objective_lb_search_no_lp [skipped_logs=0]
#Model  13.83s var:235/236 constraints:2331/2755
#Bound  13.82s best:807   next:[642,806]  objective_lb_search_no_lp [skipped_logs=1]
#Bound  14.84s best:807   next:[654,806]  objective_lb_search_no_lp [skipped_logs=3]
#Bound  15.72s best:807   next:[657,806]  objective_lb_search_no_lp [skipped_logs=1]
#Bound  16.79s best:807   next:[661,806]  objective_lb_search_no_lp [skipped_logs=2]
#Bound  17.98s best:807   next:[669,806]  objective_lb_search_no_lp [skipped_logs=4]
#Bound  18.19s best:807   next:[674,806]  objective_lb_search_no_lp [skipped_logs=1]
#Bound  19.80s best:807   next:[680,806]  objective_lb_search_no_lp [skipped_logs=1]
#Bound  20.95s best:807   next:[710,806]  objective_lb_search_no_lp [skipped_logs=2]
#Model  21.61s var:233/236 constraints:2294/2755
#Bound  22.01s best:807   next:[713,806]  objective_lb_search_no_lp [skipped_logs=1]
#Model  22.38s var:231/236 constraints:2216/2755
#Model  22.76s var:226/236 constraints:1939/2755
#Model  22.85s var:225/236 constraints:1914/2755
#Model  22.97s var:224/236 constraints:1872/2755
#Model  22.99s var:223/236 constraints:1821/2755
#Bound  22.97s best:807   next:[755,806]  objective_lb_search_no_lp [skipped_logs=10]
#Model  23.03s var:219/236 constraints:1662/2755
#Model  23.09s var:213/236 constraints:1366/2755
#Model  23.10s var:210/236 constraints:1275/2755
#Done   23.12s quick_restart_no_lp
#Done   23.12s objective_lb_search_no_lp
#Model  23.12s var:205/236 constraints:1093/2755
#Done   23.12s no_lp
#Done   23.12s core
#Model  23.12s var:204/236 constraints:1040/2755 compo:203,1
#Bound  23.11s best:807   next:[778,806]  objective_lb_search_no_lp [skipped_logs=4]

Task timing                                  n [     min,      max]      avg      dev     time         n [     min,      max]      avg      dev    dtime
                             'core':         1 [  22.94s,   22.94s]   22.94s   0.00ns   22.94s         1 [  22.78s,   22.78s]   22.78s   0.00ns   22.78s
                       'default_lp':         1 [  22.94s,   22.94s]   22.94s   0.00ns   22.94s         1 [   5.66s,    5.66s]    5.66s   0.00ns    5.66s
                 'feasibility_pump':        78 [ 11.58ms, 366.72ms]  70.20ms  53.29ms    5.48s        77 [  2.89ms,  21.86ms]  12.08ms   1.53ms 929.80ms
                            'fixed':         1 [  22.94s,   22.94s]   22.94s   0.00ns   22.94s         1 [   5.20s,    5.20s]    5.20s   0.00ns    5.20s
                  'fj_long_default':         0 [  0.00ns,   0.00ns]   0.00ns   0.00ns   0.00ns         0 [  0.00ns,   0.00ns]   0.00ns   0.00ns   0.00ns
              'fj_long_lin_default':         0 [  0.00ns,   0.00ns]   0.00ns   0.00ns   0.00ns         0 [  0.00ns,   0.00ns]   0.00ns   0.00ns   0.00ns
                   'fj_long_random':         0 [  0.00ns,   0.00ns]   0.00ns   0.00ns   0.00ns         0 [  0.00ns,   0.00ns]   0.00ns   0.00ns   0.00ns
                 'fj_short_default':         1 [119.30ms, 119.30ms] 119.30ms   0.00ns 119.30ms         1 [ 85.00ms,  85.00ms]  85.00ms   0.00ns  85.00ms
             'fj_short_lin_default':         0 [  0.00ns,   0.00ns]   0.00ns   0.00ns   0.00ns         0 [  0.00ns,   0.00ns]   0.00ns   0.00ns   0.00ns
              'fj_short_lin_random':         0 [  0.00ns,   0.00ns]   0.00ns   0.00ns   0.00ns         0 [  0.00ns,   0.00ns]   0.00ns   0.00ns   0.00ns
                  'fj_short_random':         0 [  0.00ns,   0.00ns]   0.00ns   0.00ns   0.00ns         0 [  0.00ns,   0.00ns]   0.00ns   0.00ns   0.00ns
                        'fs_random':         1 [173.35ms, 173.35ms] 173.35ms   0.00ns 173.35ms         0 [  0.00ns,   0.00ns]   0.00ns   0.00ns   0.00ns
                        'fs_random':         1 [221.89ms, 221.89ms] 221.89ms   0.00ns 221.89ms         1 [ 20.00ns,  20.00ns]  20.00ns   0.00ns  20.00ns
                  'fs_random_no_lp':         1 [222.10ms, 222.10ms] 222.10ms   0.00ns 222.10ms         0 [  0.00ns,   0.00ns]   0.00ns   0.00ns   0.00ns
          'fs_random_quick_restart':         1 [ 31.65ms,  31.65ms]  31.65ms   0.00ns  31.65ms         0 [  0.00ns,   0.00ns]   0.00ns   0.00ns   0.00ns
          'fs_random_quick_restart':         1 [322.78ms, 322.78ms] 322.78ms   0.00ns 322.78ms         1 [ 20.00ns,  20.00ns]  20.00ns   0.00ns  20.00ns
    'fs_random_quick_restart_no_lp':         1 [140.61ms, 140.61ms] 140.61ms   0.00ns 140.61ms         0 [  0.00ns,   0.00ns]   0.00ns   0.00ns   0.00ns
                    'graph_arc_lns':        77 [ 10.48ms,    1.35s] 401.16ms 294.53ms   30.89s        75 [ 10.00ns, 102.28ms]  55.60ms  42.18ms    4.17s
                    'graph_cst_lns':        77 [  1.20ms,    1.04s] 327.74ms 282.67ms   25.24s        66 [ 10.00ns, 103.33ms]  54.64ms  44.08ms    3.61s
                    'graph_dec_lns':        77 [ 19.05ms, 931.20ms] 375.67ms 242.36ms   28.93s        77 [ 10.00ns, 102.13ms]  55.28ms  43.53ms    4.26s
                    'graph_var_lns':        77 [  4.38ms, 933.32ms] 422.00ms 251.69ms   32.49s        75 [ 10.00ns, 102.23ms]  58.91ms  41.13ms    4.42s
                   'lb_tree_search':         1 [  22.93s,   22.93s]   22.93s   0.00ns   22.93s         1 [   9.61s,    9.61s]    9.61s   0.00ns    9.61s
                           'max_lp':         1 [  22.94s,   22.94s]   22.94s   0.00ns   22.94s         1 [   6.26s,    6.26s]    6.26s   0.00ns    6.26s
                            'no_lp':         1 [  22.94s,   22.94s]   22.94s   0.00ns   22.94s         1 [   5.05s,    5.05s]    5.05s   0.00ns    5.05s
              'objective_lb_search':         1 [  22.94s,   22.94s]   22.94s   0.00ns   22.94s         1 [   5.35s,    5.35s]    5.35s   0.00ns    5.35s
       'objective_lb_search_max_lp':         1 [  22.93s,   22.93s]   22.93s   0.00ns   22.93s         1 [   9.89s,    9.89s]    9.89s   0.00ns    9.89s
        'objective_lb_search_no_lp':         1 [  22.93s,   22.93s]   22.93s   0.00ns   22.93s         1 [   4.28s,    4.28s]    4.28s   0.00ns    4.28s
  'objective_shaving_search_max_lp':        68 [ 13.20ms,    1.40s] 317.36ms 279.61ms   21.58s        62 [ 33.24us, 411.00ms]  60.28ms  82.39ms    3.74s
   'objective_shaving_search_no_lp':        70 [ 12.98ms,    1.41s] 315.85ms 275.91ms   22.11s        62 [557.43us, 264.93ms]  42.91ms  49.74ms    2.66s
                          'probing':         1 [  22.94s,   22.94s]   22.94s   0.00ns   22.94s         1 [   2.18s,    2.18s]    2.18s   0.00ns    2.18s
                   'probing_max_lp':         1 [  22.95s,   22.95s]   22.95s   0.00ns   22.95s         1 [   4.03s,    4.03s]    4.03s   0.00ns    4.03s
                     'pseudo_costs':         1 [  22.93s,   22.93s]   22.93s   0.00ns   22.93s         1 [   7.68s,    7.68s]    7.68s   0.00ns    7.68s
                    'quick_restart':         1 [  22.93s,   22.93s]   22.93s   0.00ns   22.93s         1 [   6.71s,    6.71s]    6.71s   0.00ns    6.71s
              'quick_restart_no_lp':         1 [  22.93s,   22.93s]   22.93s   0.00ns   22.93s         1 [   6.49s,    6.49s]    6.49s   0.00ns    6.49s
                    'reduced_costs':         1 [  22.94s,   22.94s]   22.94s   0.00ns   22.94s         1 [   5.77s,    5.77s]    5.77s   0.00ns    5.77s
                        'rins/rens':        77 [ 60.27us,    1.81s] 387.59ms 320.77ms   29.84s        63 [ 10.00ns, 200.98ms]  73.90ms  41.96ms    4.66s
                      'rnd_cst_lns':        77 [  1.17ms, 932.52ms] 372.17ms 228.64ms   28.66s        73 [ 10.00ns, 112.17ms]  60.05ms  42.43ms    4.38s
                      'rnd_var_lns':        77 [ 13.25ms,    1.04s] 369.25ms 256.88ms   28.43s        75 [ 10.00ns, 127.15ms]  56.66ms  45.51ms    4.25s
         'scheduling_intervals_lns':        77 [120.92ms,    2.31s] 599.87ms 391.64ms   46.19s        76 [  6.38ms, 126.20ms]  81.78ms  28.38ms    6.22s
       'scheduling_precedences_lns':        77 [ 16.39ms,    2.84s] 553.02ms 453.37ms   42.58s        77 [958.10us, 102.28ms]  68.72ms  36.63ms    5.29s
       'scheduling_time_window_lns':        77 [ 72.35ms,    1.20s] 375.61ms 221.50ms   28.92s        76 [  6.77ms, 102.08ms]  52.59ms  36.52ms    4.00s
                     'violation_ls':        77 [ 23.97ms, 132.10ms]  55.44ms  17.43ms    4.27s        77 [ 25.64ms,  83.40ms]  74.38ms   9.47ms    5.73s
                     'violation_ls':        77 [ 55.26ms,    1.08s]  90.66ms 115.51ms    6.98s        77 [ 63.37ms,  93.04ms]  80.37ms   6.39ms    6.19s

Search stats                        Bools  Conflicts  Branches  Restarts  BoolPropag  IntegerPropag
                           'core':  3'198     17'261    20'629       813  18'975'139     10'210'775
                     'default_lp':    403      9'906    56'002    10'100   1'470'304      9'030'806
                          'fixed':  1'107     43'318    49'642       521   6'356'803     11'366'287
                      'fs_random':     79          0         0         0           0              0
                      'fs_random':     79          0         0         0           0              0
                'fs_random_no_lp':     79          0         0         0           0              0
        'fs_random_quick_restart':     79          0         0         0           0              0
        'fs_random_quick_restart':     79          0       158       158          24          2'981
  'fs_random_quick_restart_no_lp':     79          0         0         0           0              0
                 'lb_tree_search':    100        243    42'188     6'571      97'732      2'484'280
                         'max_lp':     79      3'994    51'709    10'652     206'149      6'158'985
                          'no_lp':    747     26'906    70'489     8'729   5'323'506     17'646'267
            'objective_lb_search':    141      5'957    62'829    17'012     266'163      7'384'946
     'objective_lb_search_max_lp':    148      4'212    49'455    14'153     263'594      5'700'754
      'objective_lb_search_no_lp':    248     25'642    62'391     6'129     776'565     17'826'666
                        'probing':    414        216       786       786       9'355         56'925
                 'probing_max_lp':    262         67       457       457       3'763         28'417
                   'pseudo_costs':     79      4'905    59'185    11'879     243'187      7'251'546
                  'quick_restart':  1'017      7'525    68'464    10'724   3'978'129      7'392'473
            'quick_restart_no_lp':  1'792     27'358    98'502     9'432  10'928'957     14'732'339
                  'reduced_costs':    852      5'269    73'259    12'061   2'485'425      6'042'499

SAT stats                           ClassicMinim  LitRemoved  LitLearned  LitForgotten  Subsumed  MClauses  MDecisions  MLitTrue  MSubsumed  MLitRemoved  MReused
                           'core':        16'065     110'417     117'096             0        94        32         163         0          2            9        6
                     'default_lp':         7'184      25'571      95'512             0       390     4'863      38'224         0      1'979       12'845      681
                          'fixed':        22'703      72'073     775'593        55'674       158       144       1'171         0         63          631       49
                      'fs_random':             0           0           0             0         0         0           0         0          0            0        0
                      'fs_random':             0           0           0             0         0         0           0         0          0            0        0
                'fs_random_no_lp':             0           0           0             0         0         0           0         0          0            0        0
        'fs_random_quick_restart':             0           0           0             0         0         0           0         0          0            0        0
        'fs_random_quick_restart':             0           0           0             0         0         0           0         0          0            0        0
  'fs_random_quick_restart_no_lp':             0           0           0             0         0         0           0         0          0            0        0
                 'lb_tree_search':            22          27         956             0         0     2'197      11'407         0         25          106      263
                         'max_lp':         3'038       9'964      40'206             0       148     4'475      42'291         3        370        2'359    1'042
                          'no_lp':        23'001     127'129     313'840        96'715       361     3'898      27'396         0      1'416        9'101      471
            'objective_lb_search':         4'799      17'430      55'263             0       171     6'196      43'897         2        589        3'584    1'324
     'objective_lb_search_max_lp':         3'494      13'811      39'261             0       146     4'347      33'989         0        338        2'048      744
      'objective_lb_search_no_lp':        22'854     108'456     218'016         9'638       486     3'365      30'298         1      1'520       10'387      711
                        'probing':             0           0         216             0         0         0           0         0          0            0        0
                 'probing_max_lp':             0           0          67             0         0         0           0         0          0            0        0
                   'pseudo_costs':         3'357      10'674      50'206             0       246     5'179      48'524         0        614        3'967    1'377
                  'quick_restart':         4'706      16'290      67'963             0       361     5'267      51'453        95      2'392       19'532    1'084
            'quick_restart_no_lp':        19'491      86'907     302'980        55'640       409     4'561      41'014       100      2'476       20'214      604
                  'reduced_costs':         3'613      14'999      61'587             0       126     4'240      30'842         9        699        4'145      885

Lp stats                         Component  Iterations  AddedCuts  OPTIMAL  DUAL_F.  DUAL_U.
                  'default_lp':          1     101'713      7'649   18'390        0        0
                       'fixed':          1      24'519      1'167   44'140        0        0
                   'fs_random':          1           0          0        0        0        0
                   'fs_random':          1           0          0        0        0        0
     'fs_random_quick_restart':          1           0          0        0        0        0
     'fs_random_quick_restart':          1           0          0        1        0        0
              'lb_tree_search':          1     309'797      3'558   20'101    7'540        0
                      'max_lp':          1     142'206      6'345    9'285    2'945        2
         'objective_lb_search':          1     104'235      7'174   13'830        0        0
  'objective_lb_search_max_lp':          1     215'880      6'236   10'763    3'033        1
                     'probing':          1      15'711      6'212    3'016        0        1
              'probing_max_lp':          1      10'453      7'484    1'409       40        0
                'pseudo_costs':          1     177'145      6'425   10'953    3'243        2
               'quick_restart':          1     106'403      8'201   12'614        0        0
               'reduced_costs':          1     117'003      8'549    9'552    2'580        2

Lp dimension                                                                       Final dimension of first component
                  'default_lp':    780 rows, 226 columns, 2736 entries with magnitude in [2.219671e-04, 1.000000e+00]
                       'fixed':     134 rows, 226 columns, 462 entries with magnitude in [4.173919e-02, 1.000000e+00]
                   'fs_random':         0 rows, 226 columns, 0 entries with magnitude in [0.000000e+00, 0.000000e+00]
                   'fs_random':         0 rows, 226 columns, 0 entries with magnitude in [0.000000e+00, 0.000000e+00]
     'fs_random_quick_restart':         0 rows, 226 columns, 0 entries with magnitude in [0.000000e+00, 0.000000e+00]
     'fs_random_quick_restart':      68 rows, 226 columns, 243 entries with magnitude in [9.333167e-02, 1.000000e+00]
              'lb_tree_search':    412 rows, 236 columns, 1466 entries with magnitude in [1.546706e-02, 1.000000e+00]
                      'max_lp':   1059 rows, 236 columns, 3733 entries with magnitude in [1.024363e-03, 1.000000e+00]
         'objective_lb_search':    401 rows, 226 columns, 1772 entries with magnitude in [2.399140e-04, 1.000000e+00]
  'objective_lb_search_max_lp':    744 rows, 236 columns, 2596 entries with magnitude in [6.248265e-03, 1.000000e+00]
                     'probing':    681 rows, 226 columns, 3810 entries with magnitude in [1.532138e-03, 1.000000e+00]
              'probing_max_lp':  1351 rows, 236 columns, 15868 entries with magnitude in [4.095687e-04, 1.000000e+00]
                'pseudo_costs':    920 rows, 236 columns, 2842 entries with magnitude in [6.657207e-04, 1.000000e+00]
               'quick_restart':    625 rows, 226 columns, 3151 entries with magnitude in [2.417048e-05, 1.000000e+00]
               'reduced_costs':    906 rows, 236 columns, 2604 entries with magnitude in [8.206073e-04, 1.000000e+00]

Lp debug                         CutPropag  CutEqPropag  Adjust  Overflow        Bad  BadScaling
                  'default_lp':         14           18   9'556         0    101'920           0
                       'fixed':          0            0   2'146         0      1'994           0
                   'fs_random':          0            0       0         0          0           0
                   'fs_random':          0            0       0         0          0           0
     'fs_random_quick_restart':          0            0       0         0          0           0
     'fs_random_quick_restart':          0            0       0         0          0           0
              'lb_tree_search':          2            0  18'714         0     36'433           0
                      'max_lp':         26           19   6'436         0     77'748           0
         'objective_lb_search':         15           56   9'722         0     99'914           0
  'objective_lb_search_max_lp':          7            4   8'577         0     83'349           0
                     'probing':         16           75   2'952         0  1'819'015           0
              'probing_max_lp':          5           90     448         0    674'038           0
                'pseudo_costs':         26            3   7'424         0     74'305           0
               'quick_restart':         36           42   8'139         0    203'154           0
               'reduced_costs':         21            9   7'551         0    100'940           0

Lp pool                          Constraints  Updates  Simplif  Merged  Shortened   Split  Strenghtened     Cuts/Call
                  'default_lp':        7'805      787   27'941     101      4'823   6'585         9'151  7'649/20'810
                       'fixed':        1'413       49       55      11          0      24           137   1'167/2'442
                   'fs_random':          257        0        0       0          0       0             0           0/0
                   'fs_random':          257        0        0       0          0       0             0           0/0
     'fs_random_quick_restart':          257        0        0       0          0       0             0           0/0
     'fs_random_quick_restart':          257        0        0       0          0       0            10           0/0
              'lb_tree_search':        6'288      424   19'238      17        643     351        30'722  3'558/11'884
                      'max_lp':        8'994      711   83'753      98      9'005   2'452        50'713  6'345/14'955
         'objective_lb_search':        7'397      946   53'577      34      6'737   8'315        11'963  7'174/18'248
  'objective_lb_search_max_lp':        8'946      744   64'678      37      6'927   2'859        50'882  6'236/15'792
                     'probing':        6'464    1'306    7'179       5         63  10'261         2'811  6'212/11'375
              'probing_max_lp':       10'227    1'535   12'641       4        774   2'531        16'363  7'484/18'906
                'pseudo_costs':        9'128      664   58'737      44      6'008   2'650        48'674  6'425/15'124
               'quick_restart':        8'437    1'553   83'256      21      8'218  21'501        15'555  8'201/18'657
               'reduced_costs':       11'229      741   87'702      67     11'116   3'678        58'061  8'549/19'535

Lp Cut                                         defaul  fixed  max_lp  quick_  reduce  pseudo  lb_tre  probin  object  probin  object
                                       CG_FF:     447     81     341     505     443     306     160     320     423     117     256
                                        CG_K:     275     42     201     349     344     201     140     168     274      92     163
                                       CG_KL:       -      -       -       1       -       -       -       -       -       -       -
                                        CG_R:     397     46     209     664     287     152      88     224     463     129     118
                                       CG_RB:   1'474    162     669   1'522   1'075     776     330     971   1'675     223     566
                                      CG_RBP:     177     10      79     244     156      99      64     173     202      24      87
                                      Clique:       -      -      72       -      67      64      51       -       -      48      86
                                          IB:     944    381     476     781     595     611     435     565     789     179     530
                                    MIR_1_FF:     371     73     358     399     450     339     216     294     301     342     394
                                     MIR_1_K:      62     11      82      63     119      98      48      44      56      61      99
                                    MIR_1_KL:       4      -       5       3       -       2       1       8       -       -       -
                                     MIR_1_R:      92     20      42      89      66      51      17      74      66      35      46
                                    MIR_1_RB:     651    101     817     654   1'107     842     545     538     519     715     888
                                   MIR_1_RBP:      13      3     135      11     159     127      86      20      11      66      82
                                   MIR_1_RLT:       -      -      10       -      12      10       8       -       -      10       7
                                    MIR_2_FF:     225     32     197     236     255     207      88     205     201     253     197
                                     MIR_2_K:      30      7      32      43      48      37      14      29      29      24      39
                                    MIR_2_KL:       6      -       1       2       -       1       -       4       3       -       3
                                     MIR_2_R:      81      6      76      96      87      73      27     102      52      80      82
                                    MIR_2_RB:     410     46     321     417     429     293     154     424     358     277     339
                                   MIR_2_RBP:      13      3      35      23      38      34      11      49      13      21      28
                                    MIR_3_FF:     143     13     117     155     152     120      65     117     129     115     126
                                     MIR_3_K:      36      4      37      50      45      34       9      25      29      29      21
                                    MIR_3_KL:       2      -       3       2       3       3       1       5       2       -       2
                                     MIR_3_R:      72      7      47      82      36      29      21      66      79      39      32
                                    MIR_3_RB:     302     24     167     299     256     185      93     277     256     190     160
                                   MIR_3_RBP:      12      2      19      16      36      26       6      31       9      15      16
                                    MIR_4_FF:      85      -      65      71      91      75      31      78      69      77      77
                                     MIR_4_K:      37      4      27      27      33      21      13      20      23      13      17
                                    MIR_4_KL:       6      -       6       2       4       2       -       2       -       3       3
                                     MIR_4_R:      70      -      22      47      32      19       8      42      46      24      25
                                    MIR_4_RB:     189      5     106     185     141     101      42     165     147     108      98
                                   MIR_4_RBP:      29      -      12      18      26      19       5      10      15       9       9
                                    MIR_5_FF:      55      2      27      48      39      24      18      46      40      35      38
                                     MIR_5_K:      19      1      15      15      11       6       4      16       6      10      14
                                    MIR_5_KL:       1      -       1       2       -       1       -       2       -       -       1
                                     MIR_5_R:      38      -       3      28      12       7       4      33      41      19       9
                                    MIR_5_RB:     103      5      49      78      74      42      24      89      88      55      50
                                   MIR_5_RBP:      14      1      14       3      11       6       4       6       4       4       9
                                    MIR_6_FF:      25      -      16      26      29      20      11      32      22      20      26
                                     MIR_6_K:      17      -      10       7       6       3       1      10      10       3       4
                                    MIR_6_KL:       3      -       -       1       -       -       -       -       2       -       -
                                     MIR_6_R:      28      -       6      31       9       5       -      23      24      11       5
                                    MIR_6_RB:      65      3      32      55      47      26       9      41      40      35      39
                                   MIR_6_RBP:      10      -      10       7      15       6       2       6       3       1       4
  NoOverlapCompletionTimeExhaustive_weighted:       -      -      29       -      41      32      12       -       -      13      24
                 NoOverlapDisjunctionOnStart:       -      -      11       -      14       9       5       -       -       5       8
                                ZERO_HALF_FF:      71     17     104      84     131      84      47      51      62      49      79
                                 ZERO_HALF_K:      15      2      43      13      61      31      16       8      12      26      32
                                ZERO_HALF_KL:       -      -       1       -       -       -       -       -       -       -       -
                                 ZERO_HALF_R:     345     28     876     554   1'095     866     464     631     385   3'583   1'039
                                ZERO_HALF_RB:     148     21     245     167     321     250     152     139     164     213     227
                               ZERO_HALF_RBP:      37      4      67      26      41      50       8      29      32      84      32

LNS stats                        Improv/Calls  Closed  Difficulty  TimeLimit
               'graph_arc_lns':          1/77     58%        0.99       0.10
               'graph_cst_lns':          0/66     58%        0.98       0.10
               'graph_dec_lns':          0/77     56%        0.98       0.10
               'graph_var_lns':          3/77     56%        0.98       0.10
                   'rins/rens':          7/72     53%        0.90       0.10
                 'rnd_cst_lns':          0/74     54%        0.97       0.10
                 'rnd_var_lns':          2/77     55%        0.98       0.10
    'scheduling_intervals_lns':          4/77     48%        0.10       0.10
  'scheduling_precedences_lns':          5/77     48%        0.08       0.10
  'scheduling_time_window_lns':          3/77     66%        1.00       0.10

LS stats                   Batches  Restarts  LinMoves  GenMoves  CompoundMoves  WeightUpdates
       'fj_long_default':        0         0         0         0              0              0
   'fj_long_lin_default':        0         0         0         0              0              0
        'fj_long_random':        0         0         0         0              0              0
      'fj_short_default':        1         1         0     1'924            269              0
  'fj_short_lin_default':        0         0         0         0              0              0
   'fj_short_lin_random':        0         0         0         0              0              0
       'fj_short_random':        0         0         0         0              0              0
          'violation_ls':       77         0    58'345   259'255         22'718         11'896
          'violation_ls':       77         0   731'883    13'190            429         18'259

Solutions (18)                 Num     Rank
             'graph_var_lns':    1  [17,17]
                     'no_lp':   14   [1,16]
       'quick_restart_no_lp':    2  [14,15]
  'scheduling_intervals_lns':    1  [18,18]

Objective bounds                      Num
                   'initial_domain':    1
              'objective_lb_search':    1
        'objective_lb_search_no_lp':   90
  'objective_shaving_search_max_lp':    1
   'objective_shaving_search_no_lp':    1
                     'pseudo_costs':    4

Solution repositories    Added  Queried  Ignored  Synchro
  'feasible solutions':    713    1'752        3      669
        'lp solutions':    229       34        0      181
                'pump':  1'595       43

Improving bounds shared            Num
                        'core':      4
                  'default_lp':    108
              'lb_tree_search':      3
                      'max_lp':    132
                       'no_lp':    422
         'objective_lb_search':    101
  'objective_lb_search_max_lp':     29
   'objective_lb_search_no_lp':     17
                     'probing':    376
              'probing_max_lp':     26
                'pseudo_costs':     56
               'quick_restart':    478
         'quick_restart_no_lp':  2'145
               'reduced_costs':    162

Clauses shared                   Num
                  'default_lp':   33
              'lb_tree_search':    2
                      'max_lp':   54
                       'no_lp':   54
         'objective_lb_search':   74
  'objective_lb_search_max_lp':   18
                'pseudo_costs':   23
               'quick_restart':    4
         'quick_restart_no_lp':   11
               'reduced_costs':   27

CpSolverResponse summary:
status: OPTIMAL
objective: 807
best_bound: 807
integers: 233
booleans: 79
conflicts: 0
branches: 0
propagations: 0
integer_propagations: 0
restarts: 0
lp_iterations: 0
walltime: 23.1911
usertime: 23.1911
deterministic_time: 171.511
gap_integral: 404.85
solution_fingerprint: 0x865147cc96b916d2


--- Simulation Gantt  partir du modle mathmatique ---
