created virtual environment CPython3.12.4.final.0-64 in 2621ms
  creator CPython3Posix(dest=/localscratch/aneumann.47038298.0/env, clear=False, no_vcs_ignore=False, global=False)
  seeder FromAppData(download=False, pip=bundle, via=copy, app_data_dir=/home/aneumann/.local/share/virtualenv)
    added seed packages: pip==24.2+computecanada
  activators BashActivator,CShellActivator,FishActivator,NushellActivator,PowerShellActivator,PythonActivator
Looking in links: /cvmfs/soft.computecanada.ca/custom/python/wheelhouse/gentoo2023/x86-64-v3, /cvmfs/soft.computecanada.ca/custom/python/wheelhouse/gentoo2023/generic, /cvmfs/soft.computecanada.ca/custom/python/wheelhouse/generic
Requirement already satisfied: pip in /localscratch/aneumann.47038298.0/env/lib/python3.12/site-packages (24.2+computecanada)
Processing /cvmfs/soft.computecanada.ca/custom/python/wheelhouse/generic/pip-25.0+computecanada-py3-none-any.whl
Installing collected packages: pip
  Attempting uninstall: pip
    Found existing installation: pip 24.2+computecanada
    Uninstalling pip-24.2+computecanada:
      Successfully uninstalled pip-24.2+computecanada
Successfully installed pip-24.2+computecanada
Looking in links: /cvmfs/soft.computecanada.ca/custom/python/wheelhouse/gentoo2023/x86-64-v3, /cvmfs/soft.computecanada.ca/custom/python/wheelhouse/gentoo2023/generic, /cvmfs/soft.computecanada.ca/custom/python/wheelhouse/generic
ERROR: protobuf-5.28.3-cp38-abi3-manylinux2014_x86_64.whl is not a supported wheel on this platform.
Looking in links: /cvmfs/soft.computecanada.ca/custom/python/wheelhouse/gentoo2023/x86-64-v3, /cvmfs/soft.computecanada.ca/custom/python/wheelhouse/gentoo2023/generic, /cvmfs/soft.computecanada.ca/custom/python/wheelhouse/generic
Processing /home/aneumann/projects/def-adhaj/aneumann/GNRS/wheels/immutabledict-4.2.0-py3-none-any.whl
Installing collected packages: immutabledict
Successfully installed immutabledict-4.2.0
Looking in links: /cvmfs/soft.computecanada.ca/custom/python/wheelhouse/gentoo2023/x86-64-v3, /cvmfs/soft.computecanada.ca/custom/python/wheelhouse/gentoo2023/generic, /cvmfs/soft.computecanada.ca/custom/python/wheelhouse/generic
Processing /cvmfs/soft.computecanada.ca/custom/python/wheelhouse/generic/ortools-9.10.4067+computecanada-cp312-cp312-linux_x86_64.whl (from -r /home/aneumann/projects/def-adhaj/aneumann/GNRS/requirements/or.txt (line 1))
Processing /cvmfs/soft.computecanada.ca/custom/python/wheelhouse/gentoo2023/x86-64-v3/matplotlib-3.10.0+computecanada-cp312-cp312-linux_x86_64.whl (from -r /home/aneumann/projects/def-adhaj/aneumann/GNRS/requirements/or.txt (line 2))
Processing /cvmfs/soft.computecanada.ca/custom/python/wheelhouse/gentoo2023/x86-64-v3/pandas-2.2.3+computecanada-cp312-cp312-linux_x86_64.whl (from -r /home/aneumann/projects/def-adhaj/aneumann/GNRS/requirements/or.txt (line 3))
Processing /cvmfs/soft.computecanada.ca/custom/python/wheelhouse/generic/absl_py-2.3.0+computecanada-py3-none-any.whl (from ortools<9.11,>=9.10->-r /home/aneumann/projects/def-adhaj/aneumann/GNRS/requirements/or.txt (line 1))
Processing /cvmfs/soft.computecanada.ca/custom/python/wheelhouse/gentoo2023/generic/numpy-2.2.2+computecanada-cp312-cp312-linux_x86_64.whl (from ortools<9.11,>=9.10->-r /home/aneumann/projects/def-adhaj/aneumann/GNRS/requirements/or.txt (line 1))
Processing /cvmfs/soft.computecanada.ca/custom/python/wheelhouse/gentoo2023/x86-64-v3/protobuf-6.31.1+computecanada-cp312-cp312-linux_x86_64.whl (from ortools<9.11,>=9.10->-r /home/aneumann/projects/def-adhaj/aneumann/GNRS/requirements/or.txt (line 1))
Requirement already satisfied: immutabledict>=3.0.0 in /localscratch/aneumann.47038298.0/env/lib/python3.12/site-packages (from ortools<9.11,>=9.10->-r /home/aneumann/projects/def-adhaj/aneumann/GNRS/requirements/or.txt (line 1)) (4.2.0)
Processing /cvmfs/soft.computecanada.ca/custom/python/wheelhouse/gentoo2023/generic/contourpy-1.3.1+computecanada-cp312-cp312-linux_x86_64.whl (from matplotlib->-r /home/aneumann/projects/def-adhaj/aneumann/GNRS/requirements/or.txt (line 2))
Processing /cvmfs/soft.computecanada.ca/custom/python/wheelhouse/generic/cycler-0.12.1+computecanada-py3-none-any.whl (from matplotlib->-r /home/aneumann/projects/def-adhaj/aneumann/GNRS/requirements/or.txt (line 2))
Processing /cvmfs/soft.computecanada.ca/custom/python/wheelhouse/generic/fonttools-4.59.0+computecanada-cp312-cp312-linux_x86_64.whl (from matplotlib->-r /home/aneumann/projects/def-adhaj/aneumann/GNRS/requirements/or.txt (line 2))
Processing /cvmfs/soft.computecanada.ca/custom/python/wheelhouse/gentoo2023/x86-64-v3/kiwisolver-1.4.8+computecanada-cp312-cp312-linux_x86_64.whl (from matplotlib->-r /home/aneumann/projects/def-adhaj/aneumann/GNRS/requirements/or.txt (line 2))
Processing /cvmfs/soft.computecanada.ca/custom/python/wheelhouse/generic/packaging-25.0+computecanada-py3-none-any.whl (from matplotlib->-r /home/aneumann/projects/def-adhaj/aneumann/GNRS/requirements/or.txt (line 2))
Processing /cvmfs/soft.computecanada.ca/custom/python/wheelhouse/gentoo2023/x86-64-v3/pillow-11.1.0+computecanada-cp312-cp312-linux_x86_64.whl (from matplotlib->-r /home/aneumann/projects/def-adhaj/aneumann/GNRS/requirements/or.txt (line 2))
Processing /cvmfs/soft.computecanada.ca/custom/python/wheelhouse/generic/pyparsing-3.2.3+computecanada-py3-none-any.whl (from matplotlib->-r /home/aneumann/projects/def-adhaj/aneumann/GNRS/requirements/or.txt (line 2))
Processing /cvmfs/soft.computecanada.ca/custom/python/wheelhouse/generic/python_dateutil-2.9.0.post0+computecanada-py2.py3-none-any.whl (from matplotlib->-r /home/aneumann/projects/def-adhaj/aneumann/GNRS/requirements/or.txt (line 2))
Processing /cvmfs/soft.computecanada.ca/custom/python/wheelhouse/generic/pytz-2025.2+computecanada-py2.py3-none-any.whl (from pandas->-r /home/aneumann/projects/def-adhaj/aneumann/GNRS/requirements/or.txt (line 3))
Processing /cvmfs/soft.computecanada.ca/custom/python/wheelhouse/generic/tzdata-2025.2+computecanada-py2.py3-none-any.whl (from pandas->-r /home/aneumann/projects/def-adhaj/aneumann/GNRS/requirements/or.txt (line 3))
Processing /cvmfs/soft.computecanada.ca/custom/python/wheelhouse/generic/six-1.17.0+computecanada-py2.py3-none-any.whl (from python-dateutil>=2.7->matplotlib->-r /home/aneumann/projects/def-adhaj/aneumann/GNRS/requirements/or.txt (line 2))
Installing collected packages: pytz, tzdata, six, pyparsing, protobuf, pillow, packaging, numpy, kiwisolver, fonttools, cycler, absl-py, python-dateutil, contourpy, pandas, matplotlib, ortools
Successfully installed absl-py-2.3.0+computecanada contourpy-1.3.1+computecanada cycler-0.12.1+computecanada fonttools-4.59.0+computecanada kiwisolver-1.4.8+computecanada matplotlib-3.10.0+computecanada numpy-2.2.2+computecanada ortools-9.10.4067+computecanada packaging-25.0+computecanada pandas-2.2.3+computecanada pillow-11.1.0+computecanada protobuf-6.31.1+computecanada pyparsing-3.2.3+computecanada python-dateutil-2.9.0.post0+computecanada pytz-2025.2+computecanada six-1.17.0+computecanada tzdata-2025.2+computecanada

Starting CP-SAT solver v9.10.4067
Parameters: max_time_in_seconds: 86400 max_memory_in_mb: 185000 log_search_progress: true enumerate_all_solutions: false num_search_workers: 32 absolute_gap_limit: 0 relative_gap_limit: 0

Initial optimization model '': (model_fingerprint: 0x6b8e529519e03a32)
#Variables: 1'430 (#ints: 21 in objective)
  - 1'205 Booleans in [0,1]
  - 225 in [0,1555]
#kLinear1: 113
#kLinear2: 3'102
#kLinear3: 1'222
#kLinearN: 80'858 (#terms: 2'605'335)

Starting presolve at 0.06s
  1.19e-01s  0.00e+00d  [DetectDominanceRelations] 
  1.96e+00s  0.00e+00d  [PresolveToFixPoint] #num_loops=7 #num_dual_strengthening=3 
  1.15e-03s  0.00e+00d  [ExtractEncodingFromLinear] #potential_supersets=14 
[Symmetry] Graph for symmetry has 84'732 nodes and 2'339'522 arcs.
[Symmetry] Symmetry computation done. time: 0.0863823 dtime: 0.166618
[Symmetry] #generators: 1, average support size: 68
[Symmetry] The model contains 1506 duplicate constraints !
[Symmetry] 34 orbits with sizes: 2,2,2,2,2,2,2,2,2,2,...
[Symmetry] Num fixable by intersecting at_most_one with orbits: 1 largest_orbit: 2
  1.08e+00s  2.61e-01d  [Probe] #probed=2'094 #new_bounds=13 #equiv=1 
  7.47e-04s  0.00e+00d  [MaxClique] 
  1.20e-01s  0.00e+00d  [DetectDominanceRelations] 
  8.96e-01s  0.00e+00d  [PresolveToFixPoint] #num_loops=5 #num_dual_strengthening=3 
  4.97e-01s  0.00e+00d  [ProcessAtMostOneAndLinear] 
  1.09e-01s  0.00e+00d  [DetectDuplicateConstraints] #duplicates=2'065 #without_enforcements=272 
  3.55e-01s  2.98e-02d  [DetectDominatedLinearConstraints] #relevant_constraints=77'473 #num_inclusions=37'070 
  1.15e-02s  0.00e+00d  [DetectDifferentVariables] #different=179 #cliques=1 #size=17 
  4.42e-02s  4.22e-03d  [ProcessSetPPC] #relevant_constraints=75'986 
  1.44e-03s  0.00e+00d  [FindAlmostIdenticalLinearConstraints] 
  1.48e-02s  2.00e-02d  [FindBigAtMostOneAndLinearOverlap] 
  8.85e-01s  4.75e-01d  [FindBigVerticalLinearOverlap] #blocks=621 #saved_nz=471'742 
  2.20e-02s  8.86e-03d  [FindBigHorizontalLinearOverlap] #linears=74'652 
  8.74e-04s  0.00e+00d  [MergeClauses] 
  1.29e-01s  0.00e+00d  [DetectDominanceRelations] 
  1.05e+00s  0.00e+00d  [PresolveToFixPoint] #num_loops=3 #num_dual_strengthening=1 
  1.29e-01s  0.00e+00d  [DetectDominanceRelations] 
  6.36e-01s  0.00e+00d  [PresolveToFixPoint] #num_loops=1 #num_dual_strengthening=1 
[Symmetry] Graph for symmetry has 84'614 nodes and 1'861'625 arcs.
[Symmetry] Symmetry computation done. time: 0.0457656 dtime: 0.0919972
  9.45e-01s  2.09e-01d  [Probe] #probed=2'104 #new_bounds=422 #new_binary_clauses=1 
  7.13e-04s  0.00e+00d  [MaxClique] 
  1.28e-01s  0.00e+00d  [DetectDominanceRelations] 
  9.23e-01s  0.00e+00d  [PresolveToFixPoint] #num_loops=2 #num_dual_strengthening=1 
  4.76e-01s  0.00e+00d  [ProcessAtMostOneAndLinear] 
  9.91e-02s  0.00e+00d  [DetectDuplicateConstraints] #without_enforcements=272 
  2.56e-01s  2.20e-02d  [DetectDominatedLinearConstraints] #relevant_constraints=77'620 #num_inclusions=9'462 
  1.08e-02s  0.00e+00d  [DetectDifferentVariables] 
  4.07e-02s  3.25e-03d  [ProcessSetPPC] #relevant_constraints=74'652 
  1.40e-03s  4.52e-06d  [FindAlmostIdenticalLinearConstraints] #num_tested_pairs=290 
  8.06e-03s  8.31e-03d  [FindBigAtMostOneAndLinearOverlap] 
  8.34e-01s  3.50e-01d  [FindBigVerticalLinearOverlap] #blocks=3'376 #saved_nz=533'420 
  1.87e-02s  5.93e-03d  [FindBigHorizontalLinearOverlap] #linears=63'251 
  9.00e-04s  0.00e+00d  [MergeClauses] 
  9.61e-02s  0.00e+00d  [DetectDominanceRelations] 
  9.39e-01s  0.00e+00d  [PresolveToFixPoint] #num_loops=3 #num_dual_strengthening=1 
  9.67e-02s  0.00e+00d  [DetectDominanceRelations] 
  6.02e-01s  0.00e+00d  [PresolveToFixPoint] #num_loops=1 #num_dual_strengthening=1 
[Symmetry] Graph for symmetry has 93'767 nodes and 1'330'864 arcs.
[Symmetry] Symmetry computation done. time: 0.0340266 dtime: 0.0669755
  7.96e-01s  1.56e-01d  [Probe] #probed=2'100 #new_bounds=2'222 #new_binary_clauses=1 
  7.23e-04s  0.00e+00d  [MaxClique] 
  9.62e-02s  0.00e+00d  [DetectDominanceRelations] 
  9.18e-01s  0.00e+00d  [PresolveToFixPoint] #num_loops=2 #num_dual_strengthening=1 
  4.35e-01s  0.00e+00d  [ProcessAtMostOneAndLinear] 
  8.95e-02s  0.00e+00d  [DetectDuplicateConstraints] #without_enforcements=272 
  1.72e-01s  1.34e-02d  [DetectDominatedLinearConstraints] #relevant_constraints=79'800 #num_inclusions=1'829 
  1.08e-02s  0.00e+00d  [DetectDifferentVariables] 
  3.20e-02s  2.12e-03d  [ProcessSetPPC] #relevant_constraints=63'400 
  2.39e-03s  2.20e-04d  [FindAlmostIdenticalLinearConstraints] #num_tested_pairs=13'008 
  6.45e-03s  5.15e-03d  [FindBigAtMostOneAndLinearOverlap] 
  5.08e-01s  1.94e-01d  [FindBigVerticalLinearOverlap] #blocks=3'244 #saved_nz=363'635 
  1.46e-02s  3.80e-03d  [FindBigHorizontalLinearOverlap] #linears=47'837 
  9.10e-04s  0.00e+00d  [MergeClauses] 
  7.42e-02s  0.00e+00d  [DetectDominanceRelations] 
  8.86e-01s  0.00e+00d  [PresolveToFixPoint] #num_loops=3 #num_dual_strengthening=1 
  5.10e-03s  0.00e+00d  [ExpandObjective] #entries=31'388 #tight_variables=11'675 #tight_constraints=6'133 

Presolve summary:
  - 484 affine relations were detected.
  - rule 'TODO dual: only one blocking constraint?' was applied 3'404 times.
  - rule 'TODO dual: only one blocking enforced constraint?' was applied 286 times.
  - rule 'TODO dual: only one unspecified blocking constraint?' was applied 237 times.
  - rule 'TODO duplicate: identical constraint with different enforcements' was applied 816 times.
  - rule 'TODO linear2: contains a Boolean.' was applied 36 times.
  - rule 'affine: new relation' was applied 484 times.
  - rule 'at_most_one: removed literals' was applied 7 times.
  - rule 'at_most_one: size one' was applied 7 times.
  - rule 'deductions: 4802 stored' was applied 1 time.
  - rule 'dual: fix variable' was applied 60 times.
  - rule 'dual: reduced domain' was applied 150 times.
  - rule 'duplicate: merged rhs of linear constraint' was applied 499 times.
  - rule 'duplicate: removed constraint' was applied 2'065 times.
  - rule 'enforcement: false literal' was applied 12 times.
  - rule 'exactly_one: x and not(x)' was applied 1 time.
  - rule 'incompatible linear: add implication' was applied 406 times.
  - rule 'linear matrix: common vertical rectangle' was applied 7'241 times.
  - rule 'linear1: always true' was applied 1 time.
  - rule 'linear: always true' was applied 3'627 times.
  - rule 'linear: doubleton free' was applied 31 times.
  - rule 'linear: empty' was applied 74 times.
  - rule 'linear: extracted enforcement literal' was applied 79'912 times.
  - rule 'linear: fixed or dup variables' was applied 81'416 times.
  - rule 'linear: positive equal one' was applied 14 times.
  - rule 'linear: reduced variable domains' was applied 6'219 times.
  - rule 'linear: remapped using affine relations' was applied 81'304 times.
  - rule 'linear: simplified rhs' was applied 275'919 times.
  - rule 'linear: tightened into equality' was applied 4 times.
  - rule 'linear: variable substitution 1' was applied 31 times.
  - rule 'linear: variable substitution 2' was applied 574 times.
  - rule 'linear: variable substitution 3' was applied 465 times.
  - rule 'no_overlap: inferred from x != y constraints' was applied 1 time.
  - rule 'presolve: 220 unused variables removed.' was applied 1 time.
  - rule 'presolve: iteration' was applied 3 times.
  - rule 'probing: reduced enforced constraint to implication.' was applied 7 times.
  - rule 'symmetry: fixed to false in general orbit' was applied 1 time.

Presolved optimization model '': (model_fingerprint: 0x65e78dae452bfc65)
#Variables: 6'897 (#ints: 21 in objective)
  - 536 Booleans in [0,1]
  - 4'527 different domains in [-43537,44959] with a largest complexity of 32.
#kExactlyOne: 13 (#literals: 39)
#kInterval: 17
#kLinear1: 7 (#enforced: 7 #multi: 4)
#kLinear2: 4'433 (#enforced: 4'281 #multi: 1'489)
#kLinear3: 19'763 (#enforced: 14'960)
#kLinearN: 60'980 (#enforced: 57'750) (#terms: 814'216)
#kNoOverlap: 1 (#intervals: 17)

Preloading model.
#Bound  17.38s best:inf   next:[188,28259] initial_domain
[Symmetry] Graph for symmetry has 100'357 nodes and 969'488 arcs.
[Symmetry] Symmetry computation done. time: 0.0289939 dtime: 0.0502487
#Model  17.56s var:6897/6897 constraints:85214/85214

Starting search at 17.60s with 32 workers.
17 full problem subsolvers: [core, default_lp, fixed, lb_tree_search, max_lp, no_lp, objective_lb_search, objective_lb_search_max_lp, objective_lb_search_no_lp, objective_shaving_search_max_lp, objective_shaving_search_no_lp, probing, probing_max_lp, pseudo_costs, quick_restart, quick_restart_no_lp, reduced_costs]
13 first solution subsolvers: [fj_long_default, fj_long_lin_default, fj_long_random, fj_short_default, fj_short_lin_default, fj_short_lin_random, fj_short_random, fs_random(2), fs_random_no_lp, fs_random_quick_restart(2), fs_random_quick_restart_no_lp]
13 incomplete subsolvers: [feasibility_pump, graph_arc_lns, graph_cst_lns, graph_dec_lns, graph_var_lns, rins/rens, rnd_cst_lns, rnd_var_lns, scheduling_intervals_lns, scheduling_precedences_lns, scheduling_time_window_lns, violation_ls(2)]
3 helper subsolvers: [neighborhood_helper, synchronization_agent, update_gap_integral]
#Bound  19.85s best:inf   next:[587,28259] quick_restart_no_lp (initial_propagation)
#Bound  20.08s best:inf   next:[604,28259] objective_lb_search_no_lp
#1      22.09s best:10523 next:[604,10522] fs_random_quick_restart_no_lp (fixed_bools=0/614)
#2      22.18s best:10017 next:[604,10016] no_lp (fixed_bools=0/629)
#Bound  22.33s best:10017 next:[1998,10016] pseudo_costs
#Bound  22.42s best:10017 next:[2100,10016] pseudo_costs
#Bound  23.45s best:10017 next:[2101,10016] reduced_costs
#3      24.92s best:9450  next:[2101,9449] no_lp (fixed_bools=0/667)
#4      27.65s best:9317  next:[2101,9316] no_lp (fixed_bools=0/713)
#5      29.48s best:7719  next:[2101,7718] no_lp (fixed_bools=0/731)
#6      31.60s best:7660  next:[2101,7659] no_lp (fixed_bools=0/734)
#7      34.21s best:7656  next:[2101,7655] graph_var_lns (d=0.94 s=173 t=0.10 p=1.00 stall=5 h=auto_l0) [hint]
#8      34.46s best:7655  next:[2101,7654] violation_ls(batch:7 #solutions_imported:4 #lin_moves:9'375 #lin_evals:120'294 #gen_moves:32'317 #gen_evals:5'244 #comp_moves:6'935 #backtracks:12'683 #weight_updates:1'104)
#Bound  35.75s best:7655  next:[2148,7654] reduced_costs
#Bound  35.98s best:7655  next:[2157,7654] reduced_costs
#Bound  36.23s best:7655  next:[2161,7654] reduced_costs
#9      36.62s best:7581  next:[2161,7580] rins_lp_lns (d=0.91 s=198 t=0.10 p=1.00 stall=4 h=auto_l0)
#Bound  41.49s best:7581  next:[2162,7580] objective_lb_search_max_lp
#10     41.90s best:7571  next:[2162,7570] quick_restart_no_lp (fixed_bools=0/874)
#Bound  42.09s best:7571  next:[2164,7570] objective_lb_search_max_lp
#11     42.89s best:7530  next:[2164,7529] no_lp (fixed_bools=0/805)
#12     47.21s best:7525  next:[2164,7524] graph_dec_lns (d=0.98 s=238 t=0.10 p=1.00 stall=9 h=auto_l0) [hint]
#13     47.75s best:7520  next:[2164,7519] graph_arc_lns (d=0.98 s=236 t=0.10 p=1.00 stall=3 h=auto_l0)
#14     50.46s best:7519  next:[2164,7518] violation_ls(batch:12 #solutions_imported:8 #lin_moves:43'988 #lin_evals:268'773 #gen_moves:39'888 #gen_evals:6'554 #comp_moves:7'283 #backtracks:16'293 #weight_updates:2'682)
#15     50.72s best:7410  next:[2164,7409] rins_lp_lns (d=0.92 s=256 t=0.10 p=0.83 stall=0 h=auto_l0)
#16     59.95s best:7402  next:[2164,7401] rnd_var_lns (d=0.99 s=271 t=0.10 p=1.00 stall=0 h=auto_l0)
#17     63.45s best:7401  next:[2164,7400] violation_ls(batch:15 #solutions_imported:10 #lin_moves:67'550 #lin_evals:389'343 #gen_moves:39'888 #gen_evals:6'554 #comp_moves:7'283 #backtracks:16'293 #weight_updates:3'139)
#18     63.46s best:7400  next:[2164,7399] violation_ls(batch:15 #solutions_imported:10 #lin_moves:98'723 #lin_evals:468'621 #gen_moves:31'158 #gen_evals:4'850 #comp_moves:1'342 #backtracks:14'899 #weight_updates:1'652)
#19     66.12s best:7394  next:[2164,7393] graph_arc_lns (d=0.99 s=286 t=0.10 p=1.00 stall=1 h=auto_l0)
#20     69.59s best:7349  next:[2164,7348] rnd_var_lns (d=0.99 s=295 t=0.10 p=1.00 stall=1 h=auto_l0)
#21     72.24s best:7348  next:[2164,7347] violation_ls(batch:17 #solutions_imported:12 #lin_moves:67'550 #lin_evals:419'184 #gen_moves:53'269 #gen_evals:8'434 #comp_moves:8'365 #backtracks:22'442 #weight_updates:3'314)
#22     74.53s best:7270  next:[2164,7269] rnd_cst_lns (d=0.99 s=308 t=0.10 p=1.00 stall=14 h=auto_l0)
#23     78.05s best:7268  next:[2164,7267] violation_ls(batch:18 #solutions_imported:13 #lin_moves:67'550 #lin_evals:419'308 #gen_moves:53'334 #gen_evals:8'442 #comp_moves:8'366 #backtracks:22'474 #weight_updates:3'314)
#24     78.07s best:7266  next:[2164,7265] violation_ls(batch:18 #solutions_imported:13 #lin_moves:108'050 #lin_evals:524'258 #gen_moves:39'154 #gen_evals:5'873 #comp_moves:2'271 #backtracks:18'430 #weight_updates:2'402)
#25     80.74s best:7250  next:[2164,7249] graph_var_lns (d=1.00 s=321 t=0.10 p=1.00 stall=0 h=auto_l0)
#26     81.12s best:7203  next:[2164,7202] rnd_cst_lns (d=1.00 s=320 t=0.10 p=1.00 stall=0 h=auto_l0)
#27     84.09s best:7202  next:[2164,7201] violation_ls(batch:19 #solutions_imported:14 #lin_moves:68'186 #lin_evals:421'855 #gen_moves:53'334 #gen_evals:8'442 #comp_moves:8'366 #backtracks:22'474 #weight_updates:3'429)
#28     84.25s best:7201  next:[2164,7200] violation_ls(batch:19 #solutions_imported:14 #lin_moves:108'050 #lin_evals:531'289 #gen_moves:42'559 #gen_evals:6'340 #comp_moves:2'558 #backtracks:19'989 #weight_updates:2'456)
#29     90.66s best:7200  next:[2164,7199] violation_ls(batch:20 #solutions_imported:15 #lin_moves:68'186 #lin_evals:431'402 #gen_moves:57'511 #gen_evals:8'926 #comp_moves:8'707 #backtracks:24'392 #weight_updates:3'494)
#30     90.80s best:7199  next:[2164,7198] violation_ls(batch:20 #solutions_imported:15 #lin_moves:108'132 #lin_evals:531'706 #gen_moves:42'559 #gen_evals:6'340 #comp_moves:2'558 #backtracks:19'989 #weight_updates:2'495)
#31     93.46s best:7188  next:[2164,7187] graph_dec_lns (d=1.00 s=348 t=0.10 p=0.94 stall=1 h=auto_l0)
#32     93.75s best:7178  next:[2164,7177] graph_arc_lns (d=1.00 s=346 t=0.10 p=0.94 stall=0 h=auto_l0)
#33     98.36s best:7177  next:[2164,7176] quick_restart_no_lp (fixed_bools=0/1384)
#34    100.41s best:7165  next:[2164,7164] graph_dec_lns (d=1.00 s=360 t=0.10 p=0.89 stall=0 h=auto_l0)
#35    103.84s best:7164  next:[2164,7163] violation_ls(batch:22 #solutions_imported:17 #lin_moves:68'452 #lin_evals:449'121 #gen_moves:65'142 #gen_evals:10'134 #comp_moves:9'382 #backtracks:27'870 #weight_updates:3'637)
#36    103.88s best:7163  next:[2164,7162] violation_ls(batch:22 #solutions_imported:17 #lin_moves:110'185 #lin_evals:556'411 #gen_moves:50'216 #gen_evals:7'296 #comp_moves:3'009 #backtracks:23'592 #weight_updates:3'056)
#37    104.78s best:6978  next:[2164,6977] rins_lp_lns (d=0.94 s=376 t=0.10 p=0.67 stall=0 h=auto_l0)
#38    108.47s best:6909  next:[2164,6908] rins_pump_lns (d=0.92 s=388 t=0.10 p=0.62 stall=0 h=auto_l0)
#Bound 112.12s best:6909  next:[2165,6908] lb_tree_search (nodes=80/80 rc=0 decisions=526 @root=4 restarts=0) 
#Bound 125.64s best:6909  next:[2166,6908] objective_shaving_search_max_lp (vars=9595 csts=87913)
#39    126.33s best:6905  next:[2166,6904] quick_restart_no_lp (fixed_bools=0/1666)
#40    126.83s best:6904  next:[2166,6903] violation_ls(batch:26 #solutions_imported:19 #lin_moves:90'672 #lin_evals:538'348 #gen_moves:65'240 #gen_evals:10'141 #comp_moves:9'386 #backtracks:27'917 #weight_updates:11'418)
#41    126.85s best:6903  next:[2166,6902] violation_ls(batch:26 #solutions_imported:19 #lin_moves:110'185 #lin_evals:612'512 #gen_moves:74'552 #gen_evals:10'023 #comp_moves:5'013 #backtracks:34'751 #weight_updates:3'343)
#42    130.39s best:6886  next:[2166,6885] graph_dec_lns (d=1.00 s=422 t=0.10 p=0.83 stall=0 h=auto_l0)
#43    131.45s best:6885  next:[2166,6884] violation_ls(batch:27 #solutions_imported:20 #lin_moves:116'518 #lin_evals:637'580 #gen_moves:74'552 #gen_evals:10'023 #comp_moves:5'013 #backtracks:34'751 #weight_updates:4'012)
#44    131.78s best:6881  next:[2166,6880] quick_restart_no_lp (fixed_bools=0/1719)
#45    134.30s best:6846  next:[2166,6845] rnd_var_lns (d=1.00 s=431 t=0.10 p=0.83 stall=0 h=auto_l0)
#Bound 139.32s best:6846  next:[2167,6845] objective_shaving_search_max_lp (vars=9595 csts=87913)
#46    142.84s best:6833  next:[2167,6832] graph_var_lns (d=0.99 s=457 t=0.10 p=0.77 stall=0 h=auto_l0)
#47    143.07s best:6832  next:[2167,6831] violation_ls(batch:29 #solutions_imported:22 #lin_moves:126'512 #lin_evals:677'518 #gen_moves:74'552 #gen_evals:10'023 #comp_moves:5'013 #backtracks:34'751 #weight_updates:6'227)
#48    147.23s best:6806  next:[2167,6805] graph_arc_lns (d=0.99 s=459 t=0.10 p=0.77 stall=0 h=auto_l0)
#Bound 150.69s best:6806  next:[2168,6805] objective_shaving_search_max_lp (vars=9595 csts=87913)
#49    154.24s best:6805  next:[2168,6804] violation_ls(batch:31 #solutions_imported:23 #lin_moves:126'512 #lin_evals:707'026 #gen_moves:89'830 #gen_evals:11'252 #comp_moves:6'013 #backtracks:41'888 #weight_updates:6'382)
#50    154.56s best:6625  next:[2168,6624] rins_pump_lns (d=0.92 s=492 t=0.10 p=0.58 stall=0 h=auto_l0)
#Bound 161.11s best:6625  next:[2169,6624] lb_tree_search (nodes=26/26 rc=0 decisions=2337 @root=8 restarts=2) 
#Bound 161.37s best:6625  next:[2170,6624] lb_tree_search (nodes=26/26 rc=0 decisions=2348 @root=8 restarts=2) 
#51    166.84s best:6614  next:[2170,6613] quick_restart_no_lp (fixed_bools=0/1828)
#52    168.93s best:6523  next:[2170,6522] graph_arc_lns (d=1.00 s=514 t=0.10 p=0.77 stall=0 h=auto_l0)
#53    172.40s best:6514  next:[2170,6513] quick_restart_no_lp (fixed_bools=0/1877)
#Bound 174.60s best:6514  next:[2171,6513] objective_shaving_search_max_lp (vars=9595 csts=87913)
#54    176.22s best:6513  next:[2171,6512] quick_restart_no_lp (fixed_bools=0/1877)
#55    177.24s best:6512  next:[2171,6511] violation_ls(batch:35 #solutions_imported:26 #lin_moves:149'863 #lin_evals:888'011 #gen_moves:82'076 #gen_evals:12'216 #comp_moves:10'384 #backtracks:35'830 #weight_updates:12'387)
#56    180.78s best:6475  next:[2171,6474] rins_pump_lns (d=0.92 s=560 t=0.10 p=0.57 stall=0 h=auto_l0)
#57    182.93s best:6472  next:[2171,6471] quick_restart_no_lp (fixed_bools=0/1952)
#58    183.44s best:6469  next:[2171,6468] quick_restart_no_lp (fixed_bools=0/1961)
#Bound 187.48s best:6469  next:[2172,6468] objective_shaving_search_max_lp (vars=9595 csts=87913)
#59    188.72s best:6463  next:[2172,6462] graph_cst_lns (d=1.00 s=555 t=0.10 p=0.75 stall=0 h=auto_l0)
#60    190.85s best:6461  next:[2172,6460] quick_restart_no_lp (fixed_bools=0/2058)
#61    191.53s best:6450  next:[2172,6449] graph_arc_lns (d=0.99 s=566 t=0.10 p=0.71 stall=0 h=auto_l0)
#62    196.45s best:6437  next:[2172,6436] graph_dec_lns (d=1.00 s=582 t=0.10 p=0.71 stall=0 h=auto_l0)
#63    198.71s best:6290  next:[2172,6289] rnd_var_lns (d=1.00 s=589 t=0.10 p=0.72 stall=2 h=auto_l0)
#Bound 202.57s best:6290  next:[2183,6289] objective_lb_search_max_lp
#64    205.48s best:6240  next:[2183,6239] rins_pump_lns (d=0.93 s=612 t=0.10 p=0.56 stall=0 h=auto_l0)
#Bound 215.22s best:6240  next:[2184,6239] objective_shaving_search_max_lp (vars=9595 csts=87913)
#65    222.88s best:6236  next:[2184,6235] rnd_var_lns (d=1.00 s=641 t=0.10 p=0.68 stall=0 h=auto_l0)
#66    223.36s best:6222  next:[2184,6221] rnd_cst_lns (d=1.00 s=642 t=0.10 p=0.68 stall=0 h=auto_l0)
#Bound 228.08s best:6222  next:[2185,6221] objective_shaving_search_max_lp (vars=9595 csts=87913)
#67    234.43s best:6208  next:[2185,6207] graph_dec_lns (d=1.00 s=658 t=0.10 p=0.68 stall=0 h=auto_l0)
#Bound 239.25s best:6208  next:[2186,6207] objective_lb_search_max_lp
#68    239.96s best:6207  next:[2186,6206] violation_ls(batch:46 #solutions_imported:33 #lin_moves:228'722 #lin_evals:1'222'991 #gen_moves:98'407 #gen_evals:14'393 #comp_moves:11'291 #backtracks:43'535 #weight_updates:16'503)
#69    239.98s best:6206  next:[2186,6205] violation_ls(batch:46 #solutions_imported:35 #lin_moves:187'715 #lin_evals:1'102'313 #gen_moves:143'175 #gen_evals:18'972 #comp_moves:11'005 #backtracks:66'043 #weight_updates:15'630)
#70    240.74s best:6196  next:[2186,6195] graph_cst_lns (d=1.00 s=671 t=0.10 p=0.68 stall=2 h=auto_l0)
#71    245.92s best:6134  next:[2186,6133] graph_var_lns (d=1.00 s=695 t=0.10 p=0.68 stall=0 h=auto_l0)
#72    247.87s best:6099  next:[2186,6098] graph_cst_lns (d=0.99 s=697 t=0.10 p=0.67 stall=0 h=auto_l0)
#Bound 248.11s best:6099  next:[2200,6098] objective_lb_search_max_lp
#73    250.05s best:6097  next:[2200,6096] violation_ls(batch:48 #solutions_imported:35 #lin_moves:236'882 #lin_evals:1'255'445 #gen_moves:98'428 #gen_evals:14'396 #comp_moves:11'292 #backtracks:43'545 #weight_updates:18'343)
#74    250.06s best:6095  next:[2200,6094] violation_ls(batch:48 #solutions_imported:37 #lin_moves:187'715 #lin_evals:1'122'535 #gen_moves:152'714 #gen_evals:19'626 #comp_moves:11'910 #backtracks:70'360 #weight_updates:15'720)
#75    253.77s best:6029  next:[2200,6028] graph_cst_lns (d=0.99 s=711 t=0.10 p=0.66 stall=0 h=auto_l0)
#76    253.77s best:5999  next:[2200,5998] graph_var_lns (d=1.00 s=707 t=0.10 p=0.67 stall=0 h=auto_l0)
#77    254.20s best:5998  next:[2200,5997] graph_arc_lns (d=1.00 s=709 t=0.10 p=0.67 stall=2 h=auto_l0)
#78    256.96s best:5997  next:[2200,5996] violation_ls(batch:49 #solutions_imported:38 #lin_moves:190'304 #lin_evals:1'133'068 #gen_moves:152'714 #gen_evals:19'626 #comp_moves:11'910 #backtracks:70'360 #weight_updates:16'239)
#79    264.24s best:5996  next:[2200,5995] violation_ls(batch:50 #solutions_imported:37 #lin_moves:236'883 #lin_evals:1'274'223 #gen_moves:108'373 #gen_evals:15'257 #comp_moves:11'608 #backtracks:48'359 #weight_updates:18'434)
#80    264.26s best:5995  next:[2200,5994] violation_ls(batch:50 #solutions_imported:39 #lin_moves:190'304 #lin_evals:1'133'161 #gen_moves:152'771 #gen_evals:19'629 #comp_moves:11'913 #backtracks:70'387 #weight_updates:16'239)
#81    264.61s best:5977  next:[2200,5976] rnd_cst_lns (d=1.00 s=732 t=0.10 p=0.67 stall=0 h=auto_l0)
#82    264.78s best:5964  next:[2200,5963] rnd_var_lns (d=1.00 s=731 t=0.10 p=0.68 stall=1 h=auto_l0)
#83    267.41s best:5962  next:[2200,5961] quick_restart_no_lp (fixed_bools=0/2666)
#84    268.26s best:5943  next:[2200,5942] quick_restart_no_lp (fixed_bools=0/2678)
#85    270.26s best:5917  next:[2200,5916] rins_lp_lns (d=0.93 s=752 t=0.10 p=0.55 stall=1 h=auto_l0)
#86    276.41s best:5916  next:[2200,5915] violation_ls(batch:52 #solutions_imported:40 #lin_moves:201'901 #lin_evals:1'179'180 #gen_moves:152'771 #gen_evals:19'629 #comp_moves:11'913 #backtracks:70'387 #weight_updates:17'429)
#87    277.39s best:5906  next:[2200,5905] graph_cst_lns (d=1.00 s=759 t=0.10 p=0.66 stall=0 h=auto_l0)
#88    281.36s best:5904  next:[2200,5903] quick_restart_no_lp (fixed_bools=0/2732)
#89    281.39s best:5894  next:[2200,5893] rins_lp_lns (d=0.93 s=776 t=0.10 p=0.55 stall=0 h=auto_l0)
#Bound 282.21s best:5894  next:[2209,5893] objective_lb_search_max_lp
#90    284.58s best:5888  next:[2209,5887] graph_dec_lns (d=1.00 s=772 t=0.10 p=0.66 stall=0 h=auto_l0)
#91    297.12s best:5877  next:[2209,5876] graph_dec_lns (d=1.00 s=798 t=0.10 p=0.65 stall=0 h=auto_l0)
#92    311.35s best:5857  next:[2209,5856] rins_lp_lns (d=0.93 s=838 t=0.10 p=0.54 stall=1 h=auto_l0)
#Bound 328.22s best:5857  next:[2228,5856] objective_lb_search_max_lp
#93    330.32s best:5827  next:[2228,5826] rins_lp_lns (d=0.94 s=874 t=0.10 p=0.55 stall=2 h=auto_l0)
#94    358.02s best:5819  next:[2228,5818] quick_restart_no_lp (fixed_bools=0/3017)
#95    362.99s best:5817  next:[2228,5816] quick_restart_no_lp (fixed_bools=0/3022)
#96    368.64s best:5816  next:[2228,5815] violation_ls(batch:68 #solutions_imported:46 #lin_moves:249'401 #lin_evals:1'555'723 #gen_moves:228'859 #gen_evals:28'309 #comp_moves:19'535 #backtracks:104'609 #weight_updates:25'665)
#97    369.83s best:5815  next:[2228,5814] quick_restart_no_lp (fixed_bools=0/3052)
#98    369.94s best:5809  next:[2228,5808] graph_arc_lns (d=0.99 s=954 t=0.10 p=0.60 stall=0 h=auto_l0)
#99    381.37s best:5679  next:[2228,5678] rins_lp_lns (d=0.92 s=984 t=0.10 p=0.53 stall=0 h=auto_l0)
#100   386.74s best:5659  next:[2228,5658] rnd_var_lns (d=1.00 s=987 t=0.10 p=0.60 stall=0 h=auto_l0)
#101   391.25s best:5613  next:[2228,5612] rins_lp_lns (d=0.93 s=1008 t=0.10 p=0.54 stall=1 h=auto_l0)
#102   439.53s best:5574  next:[2228,5573] graph_var_lns (d=1.00 s=1097 t=0.10 p=0.59 stall=1 h=auto_l0)
#103   464.97s best:5547  next:[2228,5546] graph_var_lns (d=1.00 s=1145 t=0.10 p=0.60 stall=2 h=auto_l0)
#104   526.49s best:5525  next:[2228,5524] rins_lp_lns (d=0.93 s=1272 t=0.10 p=0.53 stall=5 h=auto_l0)
#Bound 626.56s best:5525  next:[2229,5524] objective_lb_search_max_lp
#105   665.56s best:5514  next:[2229,5513] graph_arc_lns (d=1.00 s=1544 t=0.10 p=0.57 stall=1 h=auto_l0)
#106   668.09s best:5479  next:[2229,5478] graph_dec_lns (d=1.00 s=1546 t=0.10 p=0.57 stall=5 h=auto_l0)
#107   669.18s best:5458  next:[2229,5457] rins_lp_lns (d=0.93 s=1562 t=0.10 p=0.52 stall=1 h=auto_l0)
#108   735.63s best:5412  next:[2229,5411] rins_lp_lns (d=0.93 s=1694 t=0.10 p=0.52 stall=1 h=auto_l0)
#Bound 751.20s best:5412  next:[2231,5411] objective_lb_search_max_lp
#109   768.67s best:5390  next:[2231,5389] graph_dec_lns (d=1.00 s=1752 t=0.10 p=0.56 stall=1 h=auto_l0)
#110   769.40s best:5389  next:[2231,5388] violation_ls(batch:135 #solutions_imported:57 #lin_moves:591'060 #lin_evals:3'446'365 #gen_moves:379'475 #gen_evals:43'969 #comp_moves:34'903 #backtracks:172'211 #weight_updates:151'389)
#111   774.24s best:5385  next:[2231,5384] rins_lp_lns (d=0.92 s=1780 t=0.10 p=0.51 stall=3 h=auto_l0)
#112   774.87s best:5384  next:[2231,5383] rnd_cst_lns (d=1.00 s=1772 t=0.10 p=0.55 stall=1 h=auto_l0)
#113   776.13s best:5376  next:[2231,5375] graph_var_lns (d=1.00 s=1773 t=0.10 p=0.56 stall=2 h=auto_l0)
#114   783.52s best:5371  next:[2231,5370] rnd_var_lns (d=1.00 s=1795 t=0.10 p=0.55 stall=1 h=auto_l0)
#115   785.90s best:5370  next:[2231,5369] violation_ls(batch:138 #solutions_imported:58 #lin_moves:584'955 #lin_evals:3'416'711 #gen_moves:374'838 #gen_evals:53'915 #comp_moves:34'261 #backtracks:170'234 #weight_updates:82'356)
#116   793.14s best:5358  next:[2231,5357] rnd_var_lns (d=1.00 s=1807 t=0.10 p=0.55 stall=0 h=auto_l0)
#117   795.83s best:5343  next:[2231,5342] rins_lp_lns (d=0.93 s=1828 t=0.10 p=0.52 stall=1 h=auto_l0)
#Bound 799.39s best:5343  next:[2233,5342] objective_lb_search_max_lp
#118   803.59s best:5326  next:[2233,5325] rins_lp_lns (d=0.93 s=1842 t=0.10 p=0.52 stall=0 h=auto_l0)
#119   810.09s best:5296  next:[2233,5295] rnd_var_lns (d=1.00 s=1845 t=0.10 p=0.55 stall=1 h=auto_l0)
#120   818.19s best:5254  next:[2233,5253] graph_cst_lns (d=1.00 s=1861 t=0.10 p=0.57 stall=0 h=auto_l0)
#121   818.98s best:5249  next:[2233,5248] rins_lp_lns (d=0.93 s=1878 t=0.10 p=0.52 stall=1 h=auto_l0)
#122   825.09s best:5235  next:[2233,5234] graph_var_lns (d=1.00 s=1883 t=0.10 p=0.55 stall=2 h=auto_l0)
#123   830.87s best:5223  next:[2233,5222] graph_arc_lns (d=1.00 s=1896 t=0.10 p=0.55 stall=0 h=auto_l0)
#124   949.47s best:5194  next:[2233,5193] rnd_cst_lns (d=1.00 s=2135 t=0.10 p=0.55 stall=2 h=auto_l0)
#125   991.88s best:5166  next:[2233,5165] graph_cst_lns (d=1.00 s=2222 t=0.10 p=0.54 stall=0 h=auto_l0)
#126   993.37s best:5165  next:[2233,5164] violation_ls(batch:174 #solutions_imported:68 #lin_moves:748'674 #lin_evals:4'355'717 #gen_moves:444'676 #gen_evals:64'196 #comp_moves:41'359 #backtracks:201'595 #weight_updates:159'106)
#127   993.39s best:5164  next:[2233,5163] violation_ls(batch:174 #solutions_imported:70 #lin_moves:812'414 #lin_evals:4'486'698 #gen_moves:433'894 #gen_evals:48'626 #comp_moves:39'418 #backtracks:197'140 #weight_updates:250'468)
#128   993.55s best:5152  next:[2233,5151] rins_lp_lns (d=0.93 s=2239 t=0.10 p=0.52 stall=0 h=auto_l0)
#Bound 1015.24s best:5152  next:[2236,5151] objective_lb_search_max_lp
#129   1088.48s best:5130  next:[2236,5129] graph_arc_lns (d=0.99 s=2427 t=0.10 p=0.53 stall=1 h=auto_l0)
#130   1094.77s best:5129  next:[2236,5128] violation_ls(batch:191 #solutions_imported:70 #lin_moves:750'322 #lin_evals:4'630'110 #gen_moves:489'500 #gen_evals:77'232 #comp_moves:49'040 #backtracks:220'164 #weight_updates:159'632)
#131   1094.79s best:5128  next:[2236,5127] violation_ls(batch:191 #solutions_imported:72 #lin_moves:971'820 #lin_evals:5'121'286 #gen_moves:433'896 #gen_evals:48'626 #comp_moves:39'420 #backtracks:197'140 #weight_updates:251'062)
#132   1099.03s best:5127  next:[2236,5126] violation_ls(batch:192 #solutions_imported:71 #lin_moves:750'323 #lin_evals:4'630'129 #gen_moves:489'500 #gen_evals:77'232 #comp_moves:49'040 #backtracks:220'164 #weight_updates:159'632)
#133   1101.07s best:5126  next:[2236,5125] graph_dec_lns (d=1.00 s=2453 t=0.10 p=0.54 stall=1 h=auto_l0)
#134   1102.53s best:5105  next:[2236,5104] graph_cst_lns (d=1.00 s=2452 t=0.10 p=0.54 stall=1 h=auto_l0)
#135   1104.17s best:5103  next:[2236,5102] violation_ls(batch:193 #solutions_imported:72 #lin_moves:750'324 #lin_evals:4'630'146 #gen_moves:489'500 #gen_evals:77'232 #comp_moves:49'040 #backtracks:220'164 #weight_updates:159'632)
#136   1104.19s best:5101  next:[2236,5100] violation_ls(batch:193 #solutions_imported:74 #lin_moves:980'401 #lin_evals:5'155'211 #gen_moves:433'959 #gen_evals:48'626 #comp_moves:39'421 #backtracks:197'171 #weight_updates:252'481)
#137   1109.89s best:5082  next:[2236,5081] rnd_cst_lns (d=1.00 s=2473 t=0.10 p=0.54 stall=0 h=auto_l0)
#Bound 1116.76s best:5082  next:[2237,5081] objective_lb_search_max_lp
#138   1159.69s best:5076  next:[2237,5075] graph_dec_lns (d=1.00 s=2575 t=0.10 p=0.54 stall=0 h=auto_l0)
#139   1178.62s best:5069  next:[2237,5068] rnd_cst_lns (d=1.00 s=2619 t=0.10 p=0.54 stall=0 h=auto_l0)
#Bound 1345.99s best:5069  next:[2238,5068] objective_lb_search_max_lp
#Bound 1367.06s best:5069  next:[2239,5068] objective_lb_search_max_lp
#Bound 1423.18s best:5069  next:[2241,5068] objective_lb_search_max_lp
#140   1438.84s best:5051  next:[2241,5050] rnd_cst_lns (d=1.00 s=3155 t=0.10 p=0.53 stall=0 h=auto_l0)
#141   1450.30s best:5042  next:[2241,5041] rins_lp_lns (d=0.93 s=3187 t=0.10 p=0.51 stall=0 h=auto_l0)
#142   1461.74s best:4999  next:[2241,4998] rnd_var_lns (d=1.00 s=3202 t=0.10 p=0.53 stall=0 h=auto_l0)
#143   1609.36s best:4974  next:[2241,4973] rins_lp_lns (d=0.93 s=3511 t=0.10 p=0.51 stall=1 h=auto_l0)
#144   1709.48s best:4946  next:[2241,4945] rnd_var_lns (d=1.00 s=3706 t=0.10 p=0.53 stall=1 h=auto_l0)
#145   1868.57s best:4933  next:[2241,4932] graph_var_lns (d=1.00 s=4034 t=0.10 p=0.53 stall=1 h=auto_l0)
#Bound 1869.46s best:4933  next:[2242,4932] objective_lb_search_max_lp
#146   1898.37s best:4925  next:[2242,4924] graph_arc_lns (d=0.99 s=4097 t=0.10 p=0.52 stall=2 h=auto_l0)
#Bound 2033.58s best:4925  next:[2244,4924] objective_lb_search_max_lp
#Bound 2580.98s best:4925  next:[2250,4924] objective_lb_search_max_lp
#147   2685.53s best:4862  next:[2250,4861] rnd_cst_lns (d=1.00 s=5727 t=0.10 p=0.52 stall=0 h=auto_l0)
#148   2725.37s best:4861  next:[2250,4860] graph_cst_lns (d=1.00 s=5816 t=0.10 p=0.52 stall=0 h=auto_l0)
#149   2726.80s best:4847  next:[2250,4846] rins_pump_lns (d=0.93 s=5833 t=0.10 p=0.50 stall=3 h=auto_l0)
#Bound 3415.35s best:4847  next:[2251,4846] objective_lb_search_max_lp
#Bound 3938.65s best:4847  next:[2252,4846] objective_lb_search_max_lp
#Bound 4166.78s best:4847  next:[2253,4846] objective_lb_search_max_lp
#Bound 4606.91s best:4847  next:[2254,4846] lb_tree_search (nodes=29588/29613 rc=36 decisions=232444 @root=58 restarts=11) 
#Bound 4910.89s best:4847  next:[2255,4846] lb_tree_search (nodes=32048/32077 rc=36 decisions=247480 @root=63 restarts=11) 
#Bound 5113.64s best:4847  next:[2258,4846] objective_lb_search_max_lp
#Bound 5587.73s best:4847  next:[2259,4846] objective_lb_search_max_lp
#Bound 6097.98s best:4847  next:[2260,4846] lb_tree_search (nodes=43076/43118 rc=52 decisions=309616 @root=75 restarts=11) 
#Bound 6480.52s best:4847  next:[2261,4846] lb_tree_search (nodes=46076/46119 rc=62 decisions=329689 @root=78 restarts=11) 
#Bound 6956.06s best:4847  next:[2262,4846] lb_tree_search (nodes=50667/50710 rc=68 decisions=354981 @root=83 restarts=11) 
#150   7175.66s best:4846  next:[2262,4845] graph_dec_lns (d=1.00 s=15041 t=0.10 p=0.51 stall=1 h=auto_l0)
#Bound 7431.48s best:4846  next:[2263,4845] lb_tree_search (nodes=55025/55069 rc=89 decisions=380722 @root=88 restarts=11) 
#Bound 7535.45s best:4846  next:[2267,4845] objective_lb_search_max_lp
#Bound 7840.39s best:4846  next:[2269,4845] objective_lb_search_max_lp
#Bound 8223.19s best:4846  next:[2271,4845] objective_lb_search_max_lp
#Bound 8350.45s best:4846  next:[2274,4845] objective_lb_search_max_lp
#151   9119.77s best:4830  next:[2274,4829] rnd_cst_lns (d=1.00 s=19049 t=0.10 p=0.50 stall=0 h=auto_l0)
#152   9330.92s best:4824  next:[2274,4823] rnd_var_lns (d=1.00 s=19489 t=0.10 p=0.50 stall=2 h=auto_l0)
#153   9337.59s best:4823  next:[2274,4822] violation_ls(batch:1584 #solutions_imported:89 #perturbations:11 #lin_moves:9'072'958 #lin_evals:57'395'981 #gen_moves:1'122'662 #gen_evals:605'553 #comp_moves:110'714 #backtracks:505'755 #weight_updates:1'237'223)
#154   9342.17s best:4818  next:[2274,4817] graph_var_lns (d=1.00 s=19516 t=0.10 p=0.51 stall=1 h=auto_l0)
#155   9350.30s best:4817  next:[2274,4816] quick_restart_no_lp (fixed_bools=1/10176)
#156   9350.82s best:4816  next:[2274,4815] graph_arc_lns (d=1.00 s=19529 t=0.10 p=0.50 stall=2 h=auto_l0)
#157   9354.64s best:4806  next:[2274,4805] rins_pump_lns (d=0.93 s=19548 t=0.10 p=0.50 stall=3 h=auto_l0)
#158   9886.78s best:4786  next:[2274,4785] rnd_var_lns (d=1.00 s=20640 t=0.10 p=0.51 stall=0 h=auto_l0)
#159   10432.68s best:4781  next:[2274,4780] quick_restart_no_lp (fixed_bools=1/10644)
#160   10437.84s best:4780  next:[2274,4779] violation_ls(batch:1771 #solutions_imported:91 #perturbations:11 #lin_moves:9'670'759 #lin_evals:56'597'482 #gen_moves:2'921'244 #gen_evals:678'555 #comp_moves:184'959 #backtracks:1'367'930 #weight_updates:760'990)
#161   10437.85s best:4779  next:[2274,4778] violation_ls(batch:1771 #solutions_imported:93 #perturbations:11 #lin_moves:9'982'165 #lin_evals:62'702'243 #gen_moves:2'018'362 #gen_evals:669'552 #comp_moves:141'381 #backtracks:938'267 #weight_updates:1'242'844)
#162   10442.27s best:4762  next:[2274,4761] graph_dec_lns (d=1.00 s=21797 t=0.10 p=0.51 stall=1 h=auto_l0)
#Bound 10873.63s best:4762  next:[2275,4761] lb_tree_search (nodes=58014/58014 rc=162 decisions=571372 @root=125 restarts=12) 
#163   11121.08s best:4754  next:[2275,4753] graph_arc_lns (d=1.00 s=23193 t=0.10 p=0.50 stall=1 h=auto_l0)
#164   11806.41s best:4752  next:[2275,4751] graph_dec_lns (d=1.00 s=24615 t=0.10 p=0.50 stall=2 h=auto_l0)
#Bound 11919.80s best:4752  next:[2276,4751] lb_tree_search (nodes=72343/72344 rc=182 decisions=629287 @root=136 restarts=12) 
#Bound 12787.22s best:4752  next:[2277,4751] lb_tree_search (nodes=82519/82523 rc=190 decisions=675899 @root=145 restarts=12) 
#Bound 13916.40s best:4752  next:[2278,4751] lb_tree_search (nodes=96203/96207 rc=195 decisions=732983 @root=158 restarts=12) 
#Bound 14805.27s best:4752  next:[2279,4751] lb_tree_search (nodes=106008/106013 rc=204 decisions=779456 @root=167 restarts=12) 
#165   15745.15s best:4718  next:[2279,4717] graph_var_lns (d=1.00 s=32678 t=0.10 p=0.50 stall=1 h=auto_l0)
#Bound 16066.38s best:4718  next:[2280,4717] lb_tree_search (nodes=120504/120511 rc=211 decisions=840924 @root=180 restarts=12) 
#166   16298.04s best:4717  next:[2280,4716] rins_lp_lns (d=0.93 s=33814 t=0.10 p=0.50 stall=1 h=auto_l0)
#Bound 17583.50s best:4717  next:[2281,4716] lb_tree_search (nodes=140339/140346 rc=242 decisions=918352 @root=193 restarts=12) 
#167   18173.49s best:4688  next:[2281,4687] graph_dec_lns (d=1.00 s=37633 t=0.10 p=0.50 stall=8 h=auto_l0)
#Bound 18861.18s best:4688  next:[2282,4687] lb_tree_search (nodes=154304/154312 rc=257 decisions=981558 @root=206 restarts=12) 
#Bound 20224.52s best:4688  next:[2283,4687] lb_tree_search (nodes=170015/170024 rc=272 decisions=1050421 @root=219 restarts=12) 
#168   21864.62s best:4673  next:[2283,4672] rnd_var_lns (d=1.00 s=45140 t=0.10 p=0.50 stall=0 h=auto_l0)
#Bound 22055.86s best:4673  next:[2284,4672] lb_tree_search (nodes=192604/192613 rc=299 decisions=1142513 @root=238 restarts=12) 
#Bound 23889.54s best:4673  next:[2285,4672] lb_tree_search (nodes=214930/214939 rc=348 decisions=1235041 @root=255 restarts=12) 
#Bound 26219.45s best:4673  next:[2286,4672] lb_tree_search (nodes=243689/243700 rc=388 decisions=1349328 @root=278 restarts=12) 
#Bound 28560.83s best:4673  next:[2287,4672] lb_tree_search (nodes=272567/272580 rc=410 decisions=1466645 @root=301 restarts=12) 
#Bound 31822.64s best:4673  next:[2288,4672] lb_tree_search (nodes=315241/315258 rc=508 decisions=1625329 @root=334 restarts=12) 
#Bound 35435.83s best:4673  next:[2289,4672] lb_tree_search (nodes=359305/359327 rc=559 decisions=1795418 @root=369 restarts=12) 
#Bound 39198.24s best:4673  next:[2290,4672] lb_tree_search (nodes=407970/407994 rc=661 decisions=1980858 @root=406 restarts=12) 
#Bound 40217.07s best:4673  next:[2291,4672] objective_lb_search_max_lp
#Bound 45228.89s best:4673  next:[2292,4672] lb_tree_search (nodes=480379/481592 rc=768 decisions=2274063 @root=463 restarts=12) 
#Bound 49650.10s best:4673  next:[2293,4672] lb_tree_search (nodes=535112/536418 rc=865 decisions=2488705 @root=506 restarts=12) 
#169   50967.57s best:4672  next:[2293,4671] graph_cst_lns (d=1.00 s=105070 t=0.10 p=0.50 stall=4 h=auto_l0)
#170   50968.95s best:4671  next:[2293,4670] violation_ls(batch:8569 #solutions_imported:99 #perturbations:76 #lin_moves:39'413'754 #lin_evals:274'518'279 #gen_moves:10'726'803 #gen_evals:5'272'151 #comp_moves:466'666 #backtracks:5'129'453 #weight_updates:2'758'941)
#171   50973.43s best:4659  next:[2293,4658] rins_pump_lns (d=0.93 s=105099 t=0.11 p=0.50 stall=11 h=folio_rnd)
#Bound 52815.56s best:4659  next:[2294,4658] objective_lb_search_max_lp
#Bound 58714.97s best:4659  next:[2295,4658] lb_tree_search (nodes=646803/648289 rc=1098 decisions=2925714 @root=595 restarts=12) 
#172   59988.70s best:4649  next:[2295,4648] rins_lp_lns (d=0.93 s=123596 t=0.11 p=0.50 stall=12 h=auto_l0)
#173   61825.13s best:4635  next:[2295,4634] rins_lp_lns (d=0.93 s=127430 t=0.11 p=0.50 stall=3 h=auto_l0)
#174   61840.05s best:4619  next:[2295,4618] rins_pump_lns (d=0.93 s=127454 t=0.11 p=0.50 stall=1 h=auto_l0)
#Bound 63747.99s best:4619  next:[2296,4618] lb_tree_search (nodes=706411/707935 rc=1174 decisions=3169432 @root=644 restarts=12) 
#175   65558.99s best:4588  next:[2296,4587] rnd_var_lns (d=1.00 s=135248 t=0.10 p=0.50 stall=0 h=auto_l0)
#176   65706.19s best:4579  next:[2296,4578] graph_arc_lns (d=1.00 s=135557 t=0.10 p=0.50 stall=0 h=auto_l0)
#Bound 65868.79s best:4579  next:[2297,4578] objective_lb_search_max_lp
#177   66788.34s best:4577  next:[2297,4576] quick_restart_no_lp (fixed_bools=80/20116)
#178   66790.24s best:4575  next:[2297,4574] violation_ls(batch:11242 #solutions_imported:106 #perturbations:101 #lin_moves:52'098'697 #lin_evals:359'061'033 #gen_moves:13'356'569 #gen_evals:6'700'471 #comp_moves:616'192 #backtracks:6'369'412 #weight_updates:4'213'757)
#179   66790.26s best:4574  next:[2297,4573] violation_ls(batch:11242 #solutions_imported:108 #perturbations:101 #lin_moves:62'834'174 #lin_evals:422'936'185 #gen_moves:9'085'053 #gen_evals:5'127'584 #comp_moves:470'366 #backtracks:4'306'565 #weight_updates:5'254'750)
#180   66792.30s best:4561  next:[2297,4560] rins_pump_lns (d=0.94 s=137831 t=0.11 p=0.50 stall=4 h=auto_l0)
#181   71792.37s best:4559  next:[2297,4558] rins_lp_lns (d=0.93 s=148311 t=0.11 p=0.50 stall=0 h=auto_l0)
#182   73167.69s best:4550  next:[2297,4549] graph_var_lns (d=1.00 s=151145 t=0.10 p=0.50 stall=1 h=auto_l0)
#Bound 74403.17s best:4550  next:[2298,4549] lb_tree_search (nodes=833208/834766 rc=1925 decisions=3665398 @root=744 restarts=12) 
#Bound 82309.26s best:4550  next:[2299,4549] lb_tree_search (nodes=923307/924888 rc=2461 decisions=4016899 @root=814 restarts=12) 

Task timing                                  n [     min,      max]      avg      dev     time         n [     min,      max]      avg      dev    dtime
                             'core':         1 [  24.00h,   24.00h]   24.00h   0.00ns   24.00h         1 [  11.00h,   11.00h]   11.00h   0.00ns   11.00h
                       'default_lp':         1 [  24.00h,   24.00h]   24.00h   0.00ns   24.00h         1 [   1.88h,    1.88h]    1.88h   0.00ns    1.88h
                 'feasibility_pump':      3630 [305.03us,   11.59m]   23.79s   15.66s   23.99h      3532 [561.60ms,    1.16m]    1.72s    1.69s    1.69h
                            'fixed':         1 [  24.00h,   24.00h]   24.00h   0.00ns   24.00h         1 [   1.58h,    1.58h]    1.58h   0.00ns    1.58h
                  'fj_long_default':        16 [199.15ms, 920.52ms] 278.97ms 168.93ms    4.46s        16 [240.67ms, 349.42ms] 272.36ms  25.99ms    4.36s
              'fj_long_lin_default':         9 [226.76ms,    1.50s] 384.87ms 395.99ms    3.46s         9 [274.98ms, 327.52ms] 304.49ms  17.20ms    2.74s
                   'fj_long_random':         7 [209.89ms,    1.72s] 497.68ms 511.24ms    3.48s         7 [229.53ms, 377.41ms] 288.92ms  48.26ms    2.02s
                 'fj_short_default':        14 [224.52ms,    1.14s] 329.85ms 227.41ms    4.62s        14 [272.80ms, 336.86ms] 302.41ms  19.95ms    4.23s
             'fj_short_lin_default':         8 [231.03ms,    1.64s] 432.32ms 455.42ms    3.46s         8 [262.69ms, 309.94ms] 296.61ms  15.77ms    2.37s
              'fj_short_lin_random':         9 [232.33ms,    1.50s] 399.54ms 388.55ms    3.60s         9 [265.76ms, 339.97ms] 300.92ms  22.05ms    2.71s
                  'fj_short_random':         9 [239.68ms,    1.50s] 404.17ms 388.49ms    3.64s         9 [269.71ms, 364.35ms] 309.07ms  26.33ms    2.78s
                        'fs_random':         1 [   4.39s,    4.39s]    4.39s   0.00ns    4.39s         1 [111.98ms, 111.98ms] 111.98ms   0.00ns 111.98ms
                        'fs_random':         1 [   4.41s,    4.41s]    4.41s   0.00ns    4.41s         1 [105.34ms, 105.34ms] 105.34ms   0.00ns 105.34ms
                  'fs_random_no_lp':         1 [   4.51s,    4.51s]    4.51s   0.00ns    4.51s         1 [ 49.16ms,  49.16ms]  49.16ms   0.00ns  49.16ms
          'fs_random_quick_restart':         1 [   4.39s,    4.39s]    4.39s   0.00ns    4.39s         1 [114.13ms, 114.13ms] 114.13ms   0.00ns 114.13ms
          'fs_random_quick_restart':         1 [   4.41s,    4.41s]    4.41s   0.00ns    4.41s         1 [ 74.67ms,  74.67ms]  74.67ms   0.00ns  74.67ms
    'fs_random_quick_restart_no_lp':         1 [   4.45s,    4.45s]    4.45s   0.00ns    4.45s         1 [ 55.72ms,  55.72ms]  55.72ms   0.00ns  55.72ms
                    'graph_arc_lns':     14643 [598.01ms,   12.18s]    7.26s    1.27s   29.54h     14641 [128.05us, 135.47ms]  78.03ms  28.54ms   19.04m
                    'graph_cst_lns':     14643 [ 98.46ms,   15.90s]    8.44s    1.70s   34.33h     14631 [ 59.85us, 200.52ms]  73.57ms  33.41ms   17.94m
                    'graph_dec_lns':     14643 [378.54ms,   13.97s]    7.82s    1.42s   31.83h     14641 [ 10.00ns, 127.96ms]  76.06ms  30.69ms   18.56m
                    'graph_var_lns':     14643 [361.24ms,   14.79s]    7.58s    2.04s   30.82h     14630 [ 10.00ns, 166.17ms]  71.16ms  35.78ms   17.35m
                   'lb_tree_search':         1 [  24.00h,   24.00h]   24.00h   0.00ns   24.00h         1 [   9.48h,    9.48h]    9.48h   0.00ns    9.48h
                           'max_lp':         1 [  24.00h,   24.00h]   24.00h   0.00ns   24.00h         1 [   1.63h,    1.63h]    1.63h   0.00ns    1.63h
                            'no_lp':         1 [  24.00h,   24.00h]   24.00h   0.00ns   24.00h         1 [   1.20h,    1.20h]    1.20h   0.00ns    1.20h
              'objective_lb_search':         1 [  24.00h,   24.00h]   24.00h   0.00ns   24.00h         1 [   1.98h,    1.98h]    1.98h   0.00ns    1.98h
       'objective_lb_search_max_lp':         1 [  24.00h,   24.00h]   24.00h   0.00ns   24.00h         1 [   2.85h,    2.85h]    2.85h   0.00ns    2.85h
        'objective_lb_search_no_lp':         1 [  24.00h,   24.00h]   24.00h   0.00ns   24.00h         1 [   1.22h,    1.22h]    1.22h   0.00ns    1.22h
  'objective_shaving_search_max_lp':        75 [184.06ms,    2.37h]   19.20m   30.40m   24.00h        68 [199.19ms,   11.67m]    1.48m    2.47m    1.68h
   'objective_shaving_search_no_lp':        76 [249.73ms,    2.37h]   18.94m   30.28m   24.00h        68 [120.03ms,    2.80m]   26.07s   38.28s   29.54m
                          'probing':         1 [  24.00h,   24.00h]   24.00h   0.00ns   24.00h         1 [   2.63h,    2.63h]    2.63h   0.00ns    2.63h
                   'probing_max_lp':         1 [  24.00h,   24.00h]   24.00h   0.00ns   24.00h         1 [   2.69h,    2.69h]    2.69h   0.00ns    2.69h
                     'pseudo_costs':         1 [  24.00h,   24.00h]   24.00h   0.00ns   24.00h         1 [   1.84h,    1.84h]    1.84h   0.00ns    1.84h
                    'quick_restart':         1 [  24.00h,   24.00h]   24.00h   0.00ns   24.00h         1 [   2.06h,    2.06h]    2.06h   0.00ns    2.06h
              'quick_restart_no_lp':         1 [  24.00h,   24.00h]   24.00h   0.00ns   24.00h         1 [   1.08h,    1.08h]    1.08h   0.00ns    1.08h
                    'reduced_costs':         1 [  24.00h,   24.00h]   24.00h   0.00ns   24.00h         1 [   2.10h,    2.10h]    2.10h   0.00ns    2.10h
                        'rins/rens':     14644 [  1.52ms,    6.58s]    1.68s    1.06s    6.84h     12696 [ 10.00ns, 122.73ms]  73.77ms  44.65ms   15.61m
                      'rnd_cst_lns':     14643 [503.49ms,   14.12s]    8.33s    1.66s   33.88h     14632 [ 10.00ns, 190.68ms]  74.68ms  32.32ms   18.21m
                      'rnd_var_lns':     14644 [278.58ms,   13.53s]    7.78s    1.43s   31.66h     14639 [ 10.00ns, 175.62ms]  76.10ms  30.81ms   18.57m
         'scheduling_intervals_lns':     14643 [712.74ms,   13.38s]   11.01s 501.54ms   44.78h     14640 [100.01ms, 200.11ms] 100.74ms 978.68us   24.58m
       'scheduling_precedences_lns':     14643 [518.80ms,   13.25s]   10.98s 478.86ms   44.66h     14642 [  1.80ms, 103.13ms] 100.72ms   1.05ms   24.58m
       'scheduling_time_window_lns':     14643 [453.70ms,   13.96s]   11.01s 499.74ms   44.80h     14642 [  7.71ms, 103.13ms] 100.72ms 934.88us   24.58m
                     'violation_ls':     14644 [ 10.91ms,    1.09s] 333.39ms 106.81ms    1.36h     14644 [850.00ns, 667.73ms] 312.22ms 100.48ms    1.27h
                     'violation_ls':     14644 [ 13.02ms,    1.13s] 325.04ms 106.95ms    1.32h     14644 [  1.01us, 683.29ms] 305.85ms  99.71ms    1.24h

Search stats                         Bools  Conflicts    Branches   Restarts      BoolPropag   IntegerPropag
                           'core':  31'134  2'307'585   3'991'770    106'927  16'789'976'102  19'176'414'190
                     'default_lp':   7'128    252'104   6'443'411    605'724     341'735'747   9'322'508'510
                          'fixed':   3'082  5'344'366  43'111'858      1'078   1'460'243'876  16'648'059'778
                      'fs_random':     539          0       1'107      1'078             112         343'010
                      'fs_random':     539          0       1'109      1'078             112         343'450
                'fs_random_no_lp':     574          5       1'114      1'078           1'065         529'958
        'fs_random_quick_restart':     539          2       1'114      1'078              90         352'898
        'fs_random_quick_restart':     540          0       1'101      1'078             172         358'331
  'fs_random_quick_restart_no_lp':     614          1       1'677      1'079             102         593'161
                 'lb_tree_search':     675      2'259   9'067'086  1'996'174      30'121'625  12'181'982'107
                         'max_lp':   2'845    398'914   4'396'657    937'303     133'392'777  12'060'358'500
                          'no_lp':   7'097    784'510   5'061'922    443'608     573'520'089  16'884'361'308
            'objective_lb_search':   1'523    251'167   5'361'135  1'624'383      51'925'963  11'393'800'439
     'objective_lb_search_max_lp':   1'549    267'307   5'065'603  1'449'245     101'802'188  11'907'300'387
      'objective_lb_search_no_lp':   1'306    406'178   4'452'265  1'338'907      52'867'512  14'745'525'429
                        'probing':   9'717      8'050      11'384     11'384       4'228'683      86'608'203
                 'probing_max_lp':   9'117      7'448      10'786     10'786       3'900'774      82'591'716
                   'pseudo_costs':  14'353    456'529   7'566'241    609'832     867'560'044  13'750'616'359
                  'quick_restart':  18'273    173'712   7'549'707    208'100     784'557'551   8'202'818'308
            'quick_restart_no_lp':  22'816    470'129   5'959'937    123'518   1'776'167'869  13'551'598'457
                  'reduced_costs':  57'379    624'835   6'139'601    214'574   4'355'103'110  12'583'326'859

SAT stats                           ClassicMinim  LitRemoved  LitLearned  LitForgotten  Subsumed  MClauses  MDecisions  MLitTrue  MSubsumed  MLitRemoved  MReused
                           'core':     2'230'986  48'551'011  45'067'948    31'196'267     3'867    34'142     199'204         0      4'462       46'427      739
                     'default_lp':       213'023   1'474'704   5'937'959     4'338'480     2'624   136'855   1'036'847         0      4'488       27'980   25'574
                          'fixed':     2'584'534   5'633'252  99'038'336    96'750'310    79'111         0           0         0          0            0        0
                      'fs_random':             0           0           0             0         0         0           0         0          0            0        0
                      'fs_random':             0           0           0             0         0         0           0         0          0            0        0
                'fs_random_no_lp':             1           1          33             0         0         0           0         0          0            0        0
        'fs_random_quick_restart':             0           0           0             0         0         0           0         0          0            0        0
        'fs_random_quick_restart':             0           0           5             0         0         0           0         0          0            0        0
  'fs_random_quick_restart_no_lp':             0           0           4             0         0         0           0         0          0            0        0
                 'lb_tree_search':             1           2       7'596             0         0   723'981   3'845'187         0        426        1'740   47'294
                         'max_lp':       315'154   1'967'413  12'708'207    11'880'416     4'022   284'914   1'884'021         0      3'880       21'784   30'971
                          'no_lp':       720'496   5'771'518  17'853'292    15'481'279    10'715    87'438     680'357         0      1'913       12'928   17'624
            'objective_lb_search':       239'381   4'106'948   6'960'794     3'796'047     2'064   531'429   2'920'728         0        678        3'580   61'180
     'objective_lb_search_max_lp':       242'995   3'736'472   5'057'516     2'125'611     2'568   203'467   1'966'399         0      5'085       41'286   49'290
      'objective_lb_search_no_lp':       395'393   8'985'794  12'001'121     7'534'524     2'295   473'229   2'464'816         0        338        1'621   53'280
                        'probing':             0           0       8'050             0         0         0           0         0          0            0        0
                 'probing_max_lp':             0           0       7'448             0         0         0           0         0          0            0        0
                   'pseudo_costs':       370'287   3'316'716  14'507'348    13'012'592     1'159   191'650   1'407'067         0      3'934       19'882   31'866
                  'quick_restart':       118'988   1'003'235   5'138'742     3'684'722     3'302    73'835     984'873         0     23'802      232'904   18'796
            'quick_restart_no_lp':       350'668   3'942'248  17'168'007    14'305'851     3'531    41'424     535'682         2     21'188      217'727    7'616
                  'reduced_costs':       514'893   3'813'018  19'722'683    17'456'505     2'677   100'804     958'081         0     25'589      177'144   33'578

Lp stats                         Component  Iterations  AddedCuts    OPTIMAL    DUAL_F.  DUAL_U.
                  'default_lp':          1  19'896'256    658'150  1'319'413          0        6
                       'fixed':          1     847'836      2'205  6'015'348          0        0
                   'fs_random':          1       5'593        635         65          1        0
                   'fs_random':          1       5'763        641         68          0        0
     'fs_random_quick_restart':          1       4'628      1'092         54          0        0
     'fs_random_quick_restart':          1       5'785        634         67          1        0
              'lb_tree_search':          1  61'702'593    122'679     89'938  5'481'814        0
                      'max_lp':          1  12'841'594    304'390    155'890  1'168'258        5
         'objective_lb_search':          1  16'166'519    692'984    959'288        133        1
  'objective_lb_search_max_lp':          1  16'811'875     62'296     16'499  1'476'113        0
                     'probing':          1     808'020    555'476     38'739         72       13
              'probing_max_lp':          1     619'831    125'453     33'340      1'364        0
                'pseudo_costs':          1   9'381'036    581'739    614'054    703'241       61
               'quick_restart':          1  20'982'200  4'191'225  1'270'591        977       93
               'reduced_costs':          1  11'025'736    729'087    497'814    858'628       12

Lp dimension                                                                         Final dimension of first component
                  'default_lp':   6433 rows, 6854 columns, 23761 entries with magnitude in [5.711066e-03, 1.000000e+00]
                       'fixed':   6064 rows, 6854 columns, 22380 entries with magnitude in [1.350298e-02, 1.000000e+00]
                   'fs_random':   2600 rows, 6854 columns, 10423 entries with magnitude in [1.350298e-02, 1.000000e+00]
                   'fs_random':   2650 rows, 6854 columns, 10621 entries with magnitude in [1.350298e-02, 1.000000e+00]
     'fs_random_quick_restart':    2300 rows, 6854 columns, 9267 entries with magnitude in [1.350298e-02, 1.000000e+00]
     'fs_random_quick_restart':   2650 rows, 6854 columns, 10510 entries with magnitude in [1.350298e-02, 1.000000e+00]
              'lb_tree_search':  12036 rows, 6897 columns, 69356 entries with magnitude in [9.160559e-05, 1.000000e+00]
                      'max_lp':   8957 rows, 6897 columns, 39757 entries with magnitude in [1.068638e-04, 1.000000e+00]
         'objective_lb_search':   6934 rows, 6854 columns, 26581 entries with magnitude in [1.339468e-03, 1.000000e+00]
  'objective_lb_search_max_lp':   9865 rows, 6897 columns, 45041 entries with magnitude in [1.542211e-04, 1.000000e+00]
                     'probing':   6462 rows, 6854 columns, 24925 entries with magnitude in [2.497050e-03, 1.000000e+00]
              'probing_max_lp':   6624 rows, 6897 columns, 25452 entries with magnitude in [4.829961e-04, 1.000000e+00]
                'pseudo_costs':   6532 rows, 6897 columns, 24153 entries with magnitude in [1.968450e-03, 1.000000e+00]
               'quick_restart':   7370 rows, 6854 columns, 28852 entries with magnitude in [2.618461e-04, 1.000000e+00]
               'reduced_costs':   6888 rows, 6897 columns, 27283 entries with magnitude in [1.526040e-03, 1.000000e+00]

Lp debug                         CutPropag  CutEqPropag     Adjust  Overflow            Bad  BadScaling
                  'default_lp':         33          215     58'680         0     25'425'061           0
                       'fixed':          0            0          0         0          3'248           0
                   'fs_random':          0            0          0         0          3'300           0
                   'fs_random':          0            0          0         0          3'341           0
     'fs_random_quick_restart':          0            0          0         0          3'337           0
     'fs_random_quick_restart':          0            0          0         0          3'351           0
              'lb_tree_search':         94          261  5'549'189         0     69'939'175           0
                      'max_lp':         78          239    373'991         0     34'887'837           0
         'objective_lb_search':         45          344    131'506         0     50'782'233           0
  'objective_lb_search_max_lp':         34           96  1'472'807         0     24'606'615           0
                     'probing':      1'012        3'147      2'939         0  1'248'850'634           0
              'probing_max_lp':        959        1'140     34'703         0  1'109'546'518           0
                'pseudo_costs':        198          318    399'464         0     56'112'128           0
               'quick_restart':        552        1'697    140'793         0    379'113'571           0
               'reduced_costs':        146          702    756'755         0     90'347'907           0

Lp pool                          Constraints  Updates  Simplif  Merged  Shortened      Split  Strenghtened            Cuts/Call
                  'default_lp':       17'301    4'416   19'116      49          0     79'596        68'526    658'150/2'918'972
                       'fixed':       10'405        0        0       0          0          0           626         2'205/19'818
                   'fs_random':        8'835        0        0       0          0          0           626            635/2'897
                   'fs_random':        8'841        0        0       0          0          0           626            641/2'920
     'fs_random_quick_restart':        8'834        0        0       0          0          0           626            634/2'949
     'fs_random_quick_restart':        9'292        0        0       0          0          0           626          1'092/2'555
              'lb_tree_search':       94'843    6'000  768'774      32          0    512'601       783'006      122'679/336'587
                      'max_lp':       94'537    4'405  594'477      49          0    255'573       630'251      304'390/635'848
         'objective_lb_search':       18'140   10'325   25'917      44          0    275'191        98'342    692'984/2'086'347
  'objective_lb_search_max_lp':       94'462    2'767  758'982      30          0    306'824       768'037       62'296/140'868
                     'probing':       17'668   82'122    8'792       8          0  5'563'546       114'793      555'476/969'073
              'probing_max_lp':       94'630   31'683  703'250      19          0  3'993'186       717'072      125'453/307'644
                'pseudo_costs':       94'894    7'124  567'276      41          0    538'102       638'863    581'739/1'224'703
               'quick_restart':       17'351   50'253   17'011      74          0  2'475'667       495'832  4'191'225/7'519'389
               'reduced_costs':       94'240   10'386  652'655      43          0  1'603'789       738'118    729'087/1'563'108

Lp Cut                                                      fs_ran  fs_ran  fs_ran  fs_ran   defaul  fixed  max_lp     quick_   reduce   pseudo  lb_tre  probin   object  probin  object
                                                    CG_FF:      29      29      29      29   33'623     29  16'792    142'545   45'099   36'473   3'186  16'546   21'700   1'796   1'515
                                                     CG_K:      26      26      26      26   25'471     26  19'115    101'252   50'203   44'201   3'681   9'532   18'505   1'826   1'728
                                                    CG_KL:       -       -       -       -      593      -      67      1'462      236      269       2     171      885       -       3
                                                     CG_R:      16      16      16      16   13'942     16   8'235     82'016   20'074   16'734   2'157  14'902    7'649   1'861     985
                                                    CG_RB:       7       7       7       7   73'133      7  31'611    427'621   71'142   65'832   5'871  69'024   60'945   3'209   4'165
                                                   CG_RBP:       2       2       2       2    6'206      2   4'404     32'437    9'867    9'535   1'540   4'546    4'078     605     757
                                                   Clique:       -       -       -       -        -      -   4'940          -   11'838   12'102     575       -        -     806     482
                                                       IB:     253     724     264     267  264'537  1'836  94'271  1'759'479  193'536  167'338  26'917  47'732  360'527   9'309  15'923
                                                 MIR_1_FF:      63      63      63      63   22'359     63  11'683    136'537   34'034   25'413   3'806  23'424   16'544   4'996   1'927
                                                  MIR_1_K:      18      18      18      18    2'516     18   1'257     20'157    3'460    2'592     367   1'792    2'445     309     265
                                                 MIR_1_KL:       -       -       -       -      811      -     611      7'585    1'653      783     406   1'093    1'235     286     194
                                                  MIR_1_R:      24      24      24      24    4'240     24   1'763     29'279    5'447    3'819   1'365   9'805    2'827   2'407     459
                                                 MIR_1_RB:      31      30      31      30   45'885     30  27'857    313'950   69'700   46'874  12'896  64'002   39'548  10'704   7'886
                                                MIR_1_RBP:       -       -       -       -    1'765      -   7'380     24'156   17'137   11'646   2'516   4'854    4'010   1'569   1'869
                                                MIR_1_RLT:       -       -       -       -        -      -     369          -    1'010      826      84       -        -     150      62
                                                 MIR_2_FF:      21      17      19      17   16'869     19   6'280     90'267   18'610   13'552   2'582  13'108   11'525   3'428   1'429
                                                  MIR_2_K:      24      20      24      23    2'863     19   1'099     14'646    3'042    2'210     361   1'225    2'078     336     288
                                                 MIR_2_KL:       -       -       -       -      510      -     483      5'776    1'257      566     321     832      881     284     152
                                                  MIR_2_R:       7       6       6       6    3'313      7   1'227     22'106    3'968    2'378   1'173  12'306    2'624   2'062     413
                                                 MIR_2_RB:      61      57      55      55   30'705     55  10'225    206'304   26'783   19'620   5'635  43'245   27'589   5'204   2'897
                                                MIR_2_RBP:       -       -       -       -    1'732      -   2'125     19'595    5'596    4'295   1'062   4'325    3'315     860     617
                                                 MIR_3_FF:       6       6       5       7   11'186      7   3'574     57'816   10'728    8'243   1'377   8'070    7'835   1'980     908
                                                  MIR_3_K:       4       7       8       7    2'006      6     976     10'135    2'541    1'814     392     890    1'627     346     265
                                                 MIR_3_KL:       -       -       -       -      389      -     387      5'242    1'221      623     337     904      922     348     200
                                                  MIR_3_R:       2       1       2       2    2'041      3     792     13'968    2'617    1'493   1'221   7'381    1'818   1'727     432
                                                 MIR_3_RB:      20      21      19      21   19'415     23   5'518    132'075   14'939   10'931   3'307  28'995   17'788   3'230   1'612
                                                MIR_3_RBP:       -       -       -       -    1'085      -   1'158     13'924    3'275    2'446     736   3'194    2'615     606     401
                                                 MIR_4_FF:       3       3       3       2    7'802      2   2'014     40'209    5'816    4'710     834   5'626    5'631   1'083     478
                                                  MIR_4_K:       2       1       2       1    1'599      1     666      7'778    1'739    1'295     272     936    1'336     245     167
                                                 MIR_4_KL:       -       -       -       -      316      -     327      3'860    1'022      480     373     750      675     356     176
                                                  MIR_4_R:       1       1       1       1    1'313      1     414      9'847    1'296      711     509   4'943    1'330     720     197
                                                 MIR_4_RB:       1       2       3       2   13'013      -   2'879     88'028    7'715    5'831   1'640  17'427   12'085   1'809     753
                                                MIR_4_RBP:       -       -       -       -      599      -     545      7'552    1'732    1'183     439   1'827    1'483     354     196
                                                 MIR_5_FF:       -       -       -       -    5'066      1   1'174     28'455    3'411    2'872     538   4'110    3'898     743     297
                                                  MIR_5_K:       -       -       1       -    1'007      -     391      5'990    1'117      787     194     643      963     252     129
                                                 MIR_5_KL:       -       -       -       -      274      -     303      3'904      979      522     397     896      620     485     202
                                                  MIR_5_R:       -       -       -       -      813      -     189      6'780      725      408     243   2'895      905     431     110
                                                 MIR_5_RB:       5       4       6       5    8'836      4   1'636     63'894    4'638    3'689   1'006  12'301    8'857   1'295     437
                                                MIR_5_RBP:       -       -       -       -      371      -     286      5'201    1'008      710     255   1'361      962     315     154
                                                 MIR_6_FF:       -       1       1       1    3'701      -     772     21'069    2'296    1'983     408   2'789    2'915     597     203
                                                  MIR_6_K:       1       -       -       -      726      -     257      4'575      812      544     148     675      761     215      77
                                                 MIR_6_KL:       -       -       -       -      242      -     345      4'011    1'235      594     578   1'541      652     764     256
                                                  MIR_6_R:       -       -       -       -      494      -     151      4'168      465      326     158   1'533      539     247      68
                                                 MIR_6_RB:       3       2       1       1    6'312      -   1'210     48'539    3'220    2'584     739   9'818    6'965     997     330
                                                MIR_6_RBP:       -       -       -       -      240      -     228      3'569      809      573     259   1'137      645     307     123
         NoOverlapCompletionTimeExhaustiveMirror_weighted:       -       -       -       -        -      -       9          -       38       65       -       -        -       -       4
  NoOverlapCompletionTimeExhaustiveMirror_weighted_lifted:       -       -       -       -        -      -       -          -       18       21       -       -        -       -       -
               NoOverlapCompletionTimeExhaustive_weighted:       -       -       -       -        -      -      11          -       40       49       -       -        -       -       1
        NoOverlapCompletionTimeExhaustive_weighted_lifted:       -       -       -       -        -      -     300          -      939    1'079       3       -        -       3      11
                          NoOverlapCompletionTimeQueyrane:       -       -       -       -        -      -     109          -      381      415      12       -        -       6       9
                   NoOverlapCompletionTimeQueyrane_lifted:       -       -       -       -        -      -     348          -    1'202    1'437       4       -        -       4      20
                                NoOverlapDisjunctionOnEnd:       -       -       -       -        -      -      19          -      120      210       -       -        -       -       5
                              NoOverlapDisjunctionOnStart:       -       -       -       -        -      -     403          -    1'165    1'260       5       -        -       5      17
                                             ZERO_HALF_FF:       3       2       3       1    4'176      3   2'355     21'730    6'220    4'419     560   3'922    2'727     622     299
                                              ZERO_HALF_K:       -       -       -       -    1'353      -   1'987      5'899    4'771    3'994     344     733      908     289     287
                                             ZERO_HALF_KL:       -       -       -       -       26      -       5        108        5        2       -       4       34       4       -
                                              ZERO_HALF_R:       2       2       2       -    5'118      3  13'627     73'470   28'166   14'081  24'954  62'815    8'031  45'154   7'773
                                             ZERO_HALF_RB:       -       -       -       -    6'309      -   5'777     49'426   13'667    9'746   2'173  15'758    6'722   2'850   1'133
                                            ZERO_HALF_RBP:       -       -       -       -    1'249      -   1'454     12'833    3'307    2'551   1'761   9'138    1'825   5'057     550

LNS stats                        Improv/Calls  Closed  Difficulty  TimeLimit
               'graph_arc_lns':    5573/14642     50%        1.00       0.10
               'graph_cst_lns':    6489/14639     50%        1.00       0.10
               'graph_dec_lns':    5676/14642     50%        1.00       0.10
               'graph_var_lns':    6490/14642     50%        1.00       0.10
                   'rins/rens':    1954/13547     50%        0.93       0.12
                 'rnd_cst_lns':    6337/14642     50%        1.00       0.10
                 'rnd_var_lns':    5726/14642     50%        1.00       0.10
    'scheduling_intervals_lns':   14641/14641      0%        0.00       0.10
  'scheduling_precedences_lns':   14642/14642      0%        0.00       0.10
  'scheduling_time_window_lns':   14642/14642      0%        0.00       0.10

LS stats                   Batches  Restarts    LinMoves    GenMoves  CompoundMoves  WeightUpdates
       'fj_long_default':       16         1     159'784           0              0            216
   'fj_long_lin_default':        9         1           0      11'270          1'502              0
        'fj_long_random':        7         1      69'873           0              0            127
      'fj_short_default':       14         1           0      19'344          1'751              0
  'fj_short_lin_default':        8         1           0      11'227          1'716              0
   'fj_short_lin_random':        9         1           0      12'366          1'276              0
       'fj_short_random':        9         1           0      12'020          1'043              0
          'violation_ls':   14'644         0  67'862'476  18'764'868        854'912      5'797'218
          'violation_ls':   14'644         0  80'913'469  10'337'611        528'796      5'305'601

Solutions (182)                     Num      Rank
  'fs_random_quick_restart_no_lp':    1     [1,1]
                  'graph_arc_lns':   15  [13,176]
                  'graph_cst_lns':   10  [59,169]
                  'graph_dec_lns':   16  [12,167]
                  'graph_var_lns':   13   [7,182]
                          'no_lp':    6    [2,11]
            'quick_restart_no_lp':   19  [10,177]
                    'rins_lp_lns':   23   [9,181]
                  'rins_pump_lns':    9  [38,180]
                    'rnd_cst_lns':   11  [22,151]
                    'rnd_var_lns':   16  [16,175]
                   'violation_ls':   43   [8,179]

Objective bounds                      Num
                   'initial_domain':    1
                   'lb_tree_search':   31
       'objective_lb_search_max_lp':   30
        'objective_lb_search_no_lp':    1
  'objective_shaving_search_max_lp':    7
                     'pseudo_costs':    2
              'quick_restart_no_lp':    1
                    'reduced_costs':    4

Solution repositories     Added  Queried  Ignored  Synchro
  'feasible solutions':  63'437  333'060        0   62'706
        'lp solutions':  29'324    7'496        0   28'984
                'pump':  73'914    7'148

Improving bounds shared             Num
                  'default_lp':      99
              'lb_tree_search':      91
                      'max_lp':     339
                       'no_lp':     118
         'objective_lb_search':      44
  'objective_lb_search_max_lp':     147
                     'probing':  74'480
              'probing_max_lp':  43'867
                'pseudo_costs':     893
               'quick_restart':   1'184
         'quick_restart_no_lp':   2'542
               'reduced_costs':     556

Clauses shared                   Num
                        'core':    9
                  'default_lp':   32
     'fs_random_quick_restart':    1
              'lb_tree_search':   15
                      'max_lp':   40
                       'no_lp':   17
         'objective_lb_search':   27
  'objective_lb_search_max_lp':   13
   'objective_lb_search_no_lp':   27
                'pseudo_costs':   64
               'quick_restart':   26
         'quick_restart_no_lp':   70

CpSolverResponse summary:
status: FEASIBLE
objective: 4550
best_bound: 2299
integers: 6887
booleans: 539
conflicts: 0
branches: 1107
propagations: 112
integer_propagations: 343010
restarts: 1078
lp_iterations: 5593
walltime: 86405.3
usertime: 86405.3
deterministic_time: 197745
gap_integral: 1.52847e+06
solution_fingerprint: 0x8bdc2862fcfd7675


--- Simulation Gantt  partir du modle mathmatique ---
