created virtual environment CPython3.12.4.final.0-64 in 16076ms
  creator CPython3Posix(dest=/localscratch/aneumann.63393236.0/env, clear=False, no_vcs_ignore=False, global=False)
  seeder FromAppData(download=False, pip=bundle, via=copy, app_data_dir=/home/aneumann/.local/share/virtualenv)
    added seed packages: pip==25.1.1
  activators BashActivator,CShellActivator,FishActivator,NushellActivator,PowerShellActivator,PythonActivator
Looking in links: /cvmfs/soft.computecanada.ca/custom/python/wheelhouse/gentoo2023/x86-64-v3, /cvmfs/soft.computecanada.ca/custom/python/wheelhouse/gentoo2023/generic, /cvmfs/soft.computecanada.ca/custom/python/wheelhouse/generic
Requirement already satisfied: pip in /localscratch/aneumann.63393236.0/env/lib/python3.12/site-packages (25.1.1)
Looking in links: /cvmfs/soft.computecanada.ca/custom/python/wheelhouse/gentoo2023/x86-64-v3, /cvmfs/soft.computecanada.ca/custom/python/wheelhouse/gentoo2023/generic, /cvmfs/soft.computecanada.ca/custom/python/wheelhouse/generic
ERROR: protobuf-5.28.3-cp38-abi3-manylinux2014_x86_64.whl is not a supported wheel on this platform.
Looking in links: /cvmfs/soft.computecanada.ca/custom/python/wheelhouse/gentoo2023/x86-64-v3, /cvmfs/soft.computecanada.ca/custom/python/wheelhouse/gentoo2023/generic, /cvmfs/soft.computecanada.ca/custom/python/wheelhouse/generic
Processing /home/aneumann/projects/def-adhaj/aneumann/GNRS/wheels/immutabledict-4.2.0-py3-none-any.whl
Installing collected packages: immutabledict
Successfully installed immutabledict-4.2.0
Looking in links: /cvmfs/soft.computecanada.ca/custom/python/wheelhouse/gentoo2023/x86-64-v3, /cvmfs/soft.computecanada.ca/custom/python/wheelhouse/gentoo2023/generic, /cvmfs/soft.computecanada.ca/custom/python/wheelhouse/generic
Processing /cvmfs/soft.computecanada.ca/custom/python/wheelhouse/generic/ortools-9.10.4067+computecanada-cp312-cp312-linux_x86_64.whl (from -r /home/aneumann/projects/def-adhaj/aneumann/GNRS/requirements/or.txt (line 1))
Processing /cvmfs/soft.computecanada.ca/custom/python/wheelhouse/gentoo2023/x86-64-v3/matplotlib-3.10.0+computecanada-cp312-cp312-linux_x86_64.whl (from -r /home/aneumann/projects/def-adhaj/aneumann/GNRS/requirements/or.txt (line 2))
Processing /cvmfs/soft.computecanada.ca/custom/python/wheelhouse/gentoo2023/x86-64-v3/pandas-2.2.3+computecanada-cp312-cp312-linux_x86_64.whl (from -r /home/aneumann/projects/def-adhaj/aneumann/GNRS/requirements/or.txt (line 3))
Processing /cvmfs/soft.computecanada.ca/custom/python/wheelhouse/generic/absl_py-2.2.2+computecanada-py3-none-any.whl (from ortools<9.11,>=9.10->-r /home/aneumann/projects/def-adhaj/aneumann/GNRS/requirements/or.txt (line 1))
Processing /cvmfs/soft.computecanada.ca/custom/python/wheelhouse/gentoo2023/generic/numpy-2.2.2+computecanada-cp312-cp312-linux_x86_64.whl (from ortools<9.11,>=9.10->-r /home/aneumann/projects/def-adhaj/aneumann/GNRS/requirements/or.txt (line 1))
Processing /cvmfs/soft.computecanada.ca/custom/python/wheelhouse/gentoo2023/x86-64-v3/protobuf-6.30.2+computecanada-cp312-cp312-linux_x86_64.whl (from ortools<9.11,>=9.10->-r /home/aneumann/projects/def-adhaj/aneumann/GNRS/requirements/or.txt (line 1))
Requirement already satisfied: immutabledict>=3.0.0 in /localscratch/aneumann.63393236.0/env/lib/python3.12/site-packages (from ortools<9.11,>=9.10->-r /home/aneumann/projects/def-adhaj/aneumann/GNRS/requirements/or.txt (line 1)) (4.2.0)
Processing /cvmfs/soft.computecanada.ca/custom/python/wheelhouse/gentoo2023/generic/contourpy-1.3.1+computecanada-cp312-cp312-linux_x86_64.whl (from matplotlib->-r /home/aneumann/projects/def-adhaj/aneumann/GNRS/requirements/or.txt (line 2))
Processing /cvmfs/soft.computecanada.ca/custom/python/wheelhouse/generic/cycler-0.12.1+computecanada-py3-none-any.whl (from matplotlib->-r /home/aneumann/projects/def-adhaj/aneumann/GNRS/requirements/or.txt (line 2))
Processing /cvmfs/soft.computecanada.ca/custom/python/wheelhouse/generic/fonttools-4.58.2+computecanada-cp312-cp312-linux_x86_64.whl (from matplotlib->-r /home/aneumann/projects/def-adhaj/aneumann/GNRS/requirements/or.txt (line 2))
Processing /cvmfs/soft.computecanada.ca/custom/python/wheelhouse/gentoo2023/x86-64-v3/kiwisolver-1.4.8+computecanada-cp312-cp312-linux_x86_64.whl (from matplotlib->-r /home/aneumann/projects/def-adhaj/aneumann/GNRS/requirements/or.txt (line 2))
Processing /cvmfs/soft.computecanada.ca/custom/python/wheelhouse/generic/packaging-25.0+computecanada-py3-none-any.whl (from matplotlib->-r /home/aneumann/projects/def-adhaj/aneumann/GNRS/requirements/or.txt (line 2))
Processing /cvmfs/soft.computecanada.ca/custom/python/wheelhouse/gentoo2023/x86-64-v3/pillow-11.1.0+computecanada-cp312-cp312-linux_x86_64.whl (from matplotlib->-r /home/aneumann/projects/def-adhaj/aneumann/GNRS/requirements/or.txt (line 2))
Processing /cvmfs/soft.computecanada.ca/custom/python/wheelhouse/generic/pyparsing-3.2.1+computecanada-py3-none-any.whl (from matplotlib->-r /home/aneumann/projects/def-adhaj/aneumann/GNRS/requirements/or.txt (line 2))
Processing /cvmfs/soft.computecanada.ca/custom/python/wheelhouse/generic/python_dateutil-2.9.0.post0+computecanada-py2.py3-none-any.whl (from matplotlib->-r /home/aneumann/projects/def-adhaj/aneumann/GNRS/requirements/or.txt (line 2))
Processing /cvmfs/soft.computecanada.ca/custom/python/wheelhouse/generic/pytz-2025.2+computecanada-py2.py3-none-any.whl (from pandas->-r /home/aneumann/projects/def-adhaj/aneumann/GNRS/requirements/or.txt (line 3))
Processing /cvmfs/soft.computecanada.ca/custom/python/wheelhouse/generic/tzdata-2025.2+computecanada-py2.py3-none-any.whl (from pandas->-r /home/aneumann/projects/def-adhaj/aneumann/GNRS/requirements/or.txt (line 3))
Processing /cvmfs/soft.computecanada.ca/custom/python/wheelhouse/generic/six-1.17.0+computecanada-py2.py3-none-any.whl (from python-dateutil>=2.7->matplotlib->-r /home/aneumann/projects/def-adhaj/aneumann/GNRS/requirements/or.txt (line 2))
Installing collected packages: pytz, tzdata, six, pyparsing, protobuf, pillow, packaging, numpy, kiwisolver, fonttools, cycler, absl-py, python-dateutil, contourpy, pandas, matplotlib, ortools

Successfully installed absl-py-2.2.2+computecanada contourpy-1.3.1+computecanada cycler-0.12.1+computecanada fonttools-4.58.2+computecanada kiwisolver-1.4.8+computecanada matplotlib-3.10.0+computecanada numpy-2.2.2+computecanada ortools-9.10.4067+computecanada packaging-25.0+computecanada pandas-2.2.3+computecanada pillow-11.1.0+computecanada protobuf-6.30.2+computecanada pyparsing-3.2.1+computecanada python-dateutil-2.9.0.post0+computecanada pytz-2025.2+computecanada six-1.17.0+computecanada tzdata-2025.2+computecanada

Starting CP-SAT solver v9.10.4067
Parameters: max_time_in_seconds: 3600 max_memory_in_mb: 12000 log_search_progress: true enumerate_all_solutions: false absolute_gap_limit: 0 relative_gap_limit: 0
Setting number of workers to 48

Initial optimization model '': (model_fingerprint: 0x251be5b3611f1097)
#Variables: 546 (#ints: 11 in objective)
  - 417 Booleans in [0,1]
  - 129 in [0,758]
#kLinear1: 61
#kLinear2: 1'136
#kLinear3: 314
#kLinearN: 8'180 (#terms: 164'563)

Starting presolve at 0.01s
  1.10e-02s  0.00e+00d  [DetectDominanceRelations] 
  2.16e-01s  0.00e+00d  [PresolveToFixPoint] #num_loops=6 #num_dual_strengthening=3 
  1.03e-04s  0.00e+00d  [ExtractEncodingFromLinear] #potential_supersets=7 
[Symmetry] Graph for symmetry has 9'664 nodes and 141'957 arcs.
[Symmetry] Symmetry computation done. time: 0.011262 dtime: 0.0131242
[Symmetry] #generators: 1, average support size: 34
[Symmetry] The model contains 736 duplicate constraints !
[Symmetry] 17 orbits with sizes: 2,2,2,2,2,2,2,2,2,2,...
[Symmetry] Num fixable by intersecting at_most_one with orbits: 1 largest_orbit: 2
  7.30e-02s  1.02e-02d  [Probe] #probed=670 #fixed_bools=7 #new_bounds=27 #equiv=1 
  8.24e-05s  0.00e+00d  [MaxClique] Merged 10(20 literals) into 6(12 literals) at_most_ones. 
  1.10e-02s  0.00e+00d  [DetectDominanceRelations] 
  1.20e-01s  0.00e+00d  [PresolveToFixPoint] #num_loops=4 #num_dual_strengthening=3 
  4.07e-02s  0.00e+00d  [ProcessAtMostOneAndLinear] 
  1.29e-02s  0.00e+00d  [DetectDuplicateConstraints] #duplicates=855 #without_enforcements=56 
  1.37e-02s  5.58e-04d  [DetectDominatedLinearConstraints] #relevant_constraints=7'258 #num_inclusions=1'844 #num_redundant=3 
  1.38e-03s  0.00e+00d  [DetectDifferentVariables] #different=60 
  3.78e-03s  2.31e-04d  [ProcessSetPPC] #relevant_constraints=6'734 
  8.59e-05s  0.00e+00d  [FindAlmostIdenticalLinearConstraints] 
  1.91e-03s  1.57e-03d  [FindBigAtMostOneAndLinearOverlap] 
  6.05e-02s  1.88e-02d  [FindBigVerticalLinearOverlap] #blocks=124 #saved_nz=28'426 
  1.73e-03s  4.96e-04d  [FindBigHorizontalLinearOverlap] #linears=6'529 
  5.29e-05s  0.00e+00d  [MergeClauses] 
  1.16e-02s  0.00e+00d  [DetectDominanceRelations] 
  1.00e-01s  0.00e+00d  [PresolveToFixPoint] #num_loops=2 #num_dual_strengthening=1 
  1.16e-02s  0.00e+00d  [DetectDominanceRelations] 
  6.11e-02s  0.00e+00d  [PresolveToFixPoint] #num_loops=1 #num_dual_strengthening=1 
[Symmetry] Graph for symmetry has 9'155 nodes and 110'768 arcs.
[Symmetry] Symmetry computation done. time: 0.00391965 dtime: 0.00589736
  6.73e-02s  8.81e-03d  [Probe] #probed=656 #new_bounds=121 
  4.50e-05s  0.00e+00d  [MaxClique] 
  1.15e-02s  0.00e+00d  [DetectDominanceRelations] 
  1.13e-01s  0.00e+00d  [PresolveToFixPoint] #num_loops=4 #num_dual_strengthening=3 
  3.85e-02s  0.00e+00d  [ProcessAtMostOneAndLinear] 
  1.11e-02s  0.00e+00d  [DetectDuplicateConstraints] #without_enforcements=56 
  1.01e-02s  4.26e-04d  [DetectDominatedLinearConstraints] #relevant_constraints=7'236 #num_inclusions=390 
  1.39e-03s  0.00e+00d  [DetectDifferentVariables] #different=69 #cliques=1 #size=3 
  3.30e-03s  1.72e-04d  [ProcessSetPPC] #relevant_constraints=6'520 
  1.15e-04s  3.30e-07d  [FindAlmostIdenticalLinearConstraints] #num_tested_pairs=22 
  9.95e-04s  7.04e-04d  [FindBigAtMostOneAndLinearOverlap] 
  3.73e-02s  1.18e-02d  [FindBigVerticalLinearOverlap] #blocks=175 #saved_nz=30'064 
  1.40e-03s  3.28e-04d  [FindBigHorizontalLinearOverlap] #linears=5'689 
  5.47e-05s  0.00e+00d  [MergeClauses] 
  8.35e-03s  0.00e+00d  [DetectDominanceRelations] 
  1.05e-01s  0.00e+00d  [PresolveToFixPoint] #num_loops=3 #num_dual_strengthening=1 
  8.40e-03s  0.00e+00d  [DetectDominanceRelations] 
  6.42e-02s  0.00e+00d  [PresolveToFixPoint] #num_loops=1 #num_dual_strengthening=1 
  5.83e-02s  6.73e-03d  [Probe] #probed=656 #new_bounds=152 
  4.61e-05s  0.00e+00d  [MaxClique] 
  8.34e-03s  0.00e+00d  [DetectDominanceRelations] 
  1.01e-01s  0.00e+00d  [PresolveToFixPoint] #num_loops=2 #num_dual_strengthening=1 
  3.14e-02s  0.00e+00d  [ProcessAtMostOneAndLinear] 
  9.92e-03s  0.00e+00d  [DetectDuplicateConstraints] #without_enforcements=56 
  7.51e-03s  3.13e-04d  [DetectDominatedLinearConstraints] #relevant_constraints=7'225 #num_inclusions=66 
  1.16e-03s  0.00e+00d  [DetectDifferentVariables] 
  2.41e-03s  1.09e-04d  [ProcessSetPPC] #relevant_constraints=5'708 
  1.99e-04s  7.82e-06d  [FindAlmostIdenticalLinearConstraints] #num_tested_pairs=204 
  7.19e-04s  4.29e-04d  [FindBigAtMostOneAndLinearOverlap] 
  2.17e-02s  6.65e-03d  [FindBigVerticalLinearOverlap] #blocks=129 #saved_nz=18'319 
  1.14e-03s  2.19e-04d  [FindBigHorizontalLinearOverlap] #linears=4'823 
  5.51e-05s  0.00e+00d  [MergeClauses] 
  6.49e-03s  0.00e+00d  [DetectDominanceRelations] 
  9.99e-02s  0.00e+00d  [PresolveToFixPoint] #num_loops=3 #num_dual_strengthening=1 
  3.69e-04s  0.00e+00d  [ExpandObjective] #entries=2'803 #tight_variables=562 #tight_constraints=339 

Presolve summary:
  - 146 affine relations were detected.
  - rule 'TODO dual: only one blocking constraint?' was applied 1'370 times.
  - rule 'TODO dual: only one unspecified blocking constraint?' was applied 165 times.
  - rule 'TODO duplicate: identical constraint with different enforcements' was applied 168 times.
  - rule 'TODO no_overlap: with task always last' was applied 1 time.
  - rule 'affine: new relation' was applied 146 times.
  - rule 'all_diff: inferred from x != y constraints' was applied 1 time.
  - rule 'at_most_one: removed literals' was applied 6 times.
  - rule 'at_most_one: size one' was applied 6 times.
  - rule 'at_most_one: transformed into max clique.' was applied 1 time.
  - rule 'deductions: 693 stored' was applied 1 time.
  - rule 'dual: fix variable' was applied 30 times.
  - rule 'dual: reduced domain' was applied 104 times.
  - rule 'duplicate: merged rhs of linear constraint' was applied 125 times.
  - rule 'duplicate: removed constraint' was applied 855 times.
  - rule 'enforcement: false literal' was applied 37 times.
  - rule 'enforcement: true literal' was applied 32 times.
  - rule 'exactly_one: x and not(x)' was applied 1 time.
  - rule 'incompatible linear: add implication' was applied 84 times.
  - rule 'linear inclusion: redundant containing constraint' was applied 3 times.
  - rule 'linear matrix: common vertical rectangle' was applied 428 times.
  - rule 'linear: always true' was applied 931 times.
  - rule 'linear: doubleton free' was applied 17 times.
  - rule 'linear: empty' was applied 40 times.
  - rule 'linear: extracted enforcement literal' was applied 8'218 times.
  - rule 'linear: fixed or dup variables' was applied 8'363 times.
  - rule 'linear: positive equal one' was applied 7 times.
  - rule 'linear: reduced variable domains' was applied 545 times.
  - rule 'linear: remapped using affine relations' was applied 8'313 times.
  - rule 'linear: simplified rhs' was applied 34'171 times.
  - rule 'linear: variable substitution 1' was applied 17 times.
  - rule 'linear: variable substitution 2' was applied 34 times.
  - rule 'linear: variable substitution 3' was applied 1 time.
  - rule 'presolve: 123 unused variables removed.' was applied 1 time.
  - rule 'presolve: iteration' was applied 3 times.
  - rule 'probing: reduced enforced constraint to implication.' was applied 10 times.
  - rule 'symmetry: fixed to false in general orbit' was applied 1 time.

Presolved optimization model '': (model_fingerprint: 0xdb604a859c1884a9)
#Variables: 653 (#ints: 11 in objective)
  - 165 Booleans in [0,1]
  - 381 different domains in [-11287,9763] with a largest complexity of 16.
#kAllDiff: 1
#kExactlyOne: 6 (#literals: 18)
#kLinear2: 930 (#enforced: 827 #multi: 407)
#kLinear3: 984 (#enforced: 846)
#kLinearN: 6'125 (#enforced: 5'614) (#terms: 49'043)

Preloading model.
#Bound   1.57s best:inf   next:[131,6825] initial_domain
#Model   1.58s var:653/653 constraints:8046/8046

Starting search at 1.59s with 48 workers.
16 full problem subsolvers: [core, default_lp, lb_tree_search, max_lp, no_lp, objective_lb_search, objective_lb_search_max_lp, objective_lb_search_no_lp, objective_shaving_search_max_lp, objective_shaving_search_no_lp, probing, probing_max_lp, pseudo_costs, quick_restart, quick_restart_no_lp, reduced_costs]
30 first solution subsolvers: [fj_long_default(2), fj_long_lin_default, fj_long_lin_perturb, fj_long_lin_random, fj_long_perturb, fj_long_random, fj_short_default(2), fj_short_lin_default(2), fj_short_lin_perturb, fj_short_lin_random, fj_short_perturb, fj_short_random, fs_random(4), fs_random_no_lp(4), fs_random_quick_restart(4), fs_random_quick_restart_no_lp(3)]
13 incomplete subsolvers: [feasibility_pump, graph_arc_lns, graph_cst_lns, graph_dec_lns, graph_var_lns, rins/rens, rnd_cst_lns, rnd_var_lns, violation_ls(5)]
3 helper subsolvers: [neighborhood_helper, synchronization_agent, update_gap_integral]
#Bound   1.80s best:inf   next:[172,6825] objective_lb_search_no_lp
#Bound   1.85s best:inf   next:[173,6825] objective_lb_search_no_lp
#Bound   1.86s best:inf   next:[174,6825] objective_lb_search_no_lp
#Bound   1.87s best:inf   next:[175,6825] objective_lb_search_no_lp
#1       1.92s best:2584  next:[175,2583] fs_random_quick_restart_no_lp (fixed_bools=0/198)
#2       1.98s best:2580  next:[175,2579] quick_restart_no_lp (fixed_bools=0/252)
#3       2.03s best:2518  next:[175,2517] no_lp (fixed_bools=0/221)
#4       2.06s best:2513  next:[175,2512] quick_restart_no_lp (fixed_bools=0/278)
#5       2.07s best:2498  next:[175,2497] no_lp (fixed_bools=0/228)
#6       2.14s best:2497  next:[175,2496] violation_ls(batch:2 #solutions_imported:2 #lin_moves:9'598 #lin_evals:42'050 #gen_moves:2'942 #gen_evals:166 #comp_moves:350 #backtracks:1'296 #weight_updates:440)
#7       2.14s best:2414  next:[175,2413] no_lp (fixed_bools=0/237)
#8       2.15s best:2365  next:[175,2364] graph_var_lns (d=0.81 s=101 t=0.10 p=1.00 stall=2 h=auto_l0)
#9       2.17s best:2364  next:[175,2363] violation_ls(batch:3 #solutions_imported:3 #lin_moves:0 #lin_evals:31'374 #gen_moves:10'587 #gen_evals:417 #comp_moves:1'065 #backtracks:4'761 #weight_updates:161)
#10      2.18s best:2363  next:[175,2362] violation_ls(batch:4 #solutions_imported:4 #lin_moves:612 #lin_evals:33'294 #gen_moves:10'587 #gen_evals:417 #comp_moves:1'065 #backtracks:4'761 #weight_updates:292)
#11      2.19s best:2362  next:[175,2361] violation_ls(batch:5 #solutions_imported:5 #lin_moves:935 #lin_evals:34'452 #gen_moves:10'587 #gen_evals:417 #comp_moves:1'065 #backtracks:4'761 #weight_updates:376)
#12      2.19s best:2361  next:[175,2360] violation_ls(batch:6 #solutions_imported:6 #lin_moves:960 #lin_evals:34'606 #gen_moves:10'587 #gen_evals:417 #comp_moves:1'065 #backtracks:4'761 #weight_updates:396)
#13      2.20s best:2360  next:[175,2359] violation_ls(batch:3 #solutions_imported:3 #lin_moves:235 #lin_evals:39'247 #gen_moves:12'976 #gen_evals:1'075 #comp_moves:768 #backtracks:6'103 #weight_updates:245)
#14      2.21s best:2359  next:[175,2358] violation_ls(batch:8 #solutions_imported:8 #lin_moves:1'062 #lin_evals:38'347 #gen_moves:11'797 #gen_evals:504 #comp_moves:1'117 #backtracks:5'340 #weight_updates:500)
#15      2.22s best:2358  next:[175,2357] violation_ls(batch:5 #solutions_imported:5 #lin_moves:1'177 #lin_evals:45'313 #gen_moves:14'221 #gen_evals:1'132 #comp_moves:819 #backtracks:6'700 #weight_updates:433)
#16      2.23s best:2357  next:[175,2356] violation_ls(batch:10 #solutions_imported:10 #lin_moves:1'130 #lin_evals:41'456 #gen_moves:12'846 #gen_evals:587 #comp_moves:1'166 #backtracks:5'840 #weight_updates:577)
#17      2.23s best:2356  next:[175,2355] violation_ls(batch:11 #solutions_imported:11 #lin_moves:1'513 #lin_evals:42'773 #gen_moves:12'846 #gen_evals:587 #comp_moves:1'166 #backtracks:5'840 #weight_updates:676)
#18      2.24s best:2355  next:[175,2354] violation_ls(batch:12 #solutions_imported:12 #lin_moves:1'538 #lin_evals:42'926 #gen_moves:12'846 #gen_evals:587 #comp_moves:1'166 #backtracks:5'840 #weight_updates:696)
#19      2.24s best:2354  next:[175,2353] violation_ls(batch:13 #solutions_imported:13 #lin_moves:1'610 #lin_evals:43'239 #gen_moves:12'846 #gen_evals:587 #comp_moves:1'166 #backtracks:5'840 #weight_updates:729)
#20      2.25s best:2353  next:[175,2352] violation_ls(batch:5 #solutions_imported:5 #lin_moves:9'727 #lin_evals:63'450 #gen_moves:9'637 #gen_evals:573 #comp_moves:951 #backtracks:4'343 #weight_updates:398)
#21      2.26s best:2352  next:[175,2351] violation_ls(batch:6 #solutions_imported:6 #lin_moves:9'830 #lin_evals:63'991 #gen_moves:9'637 #gen_evals:573 #comp_moves:951 #backtracks:4'343 #weight_updates:470)
#22      2.26s best:2351  next:[175,2350] violation_ls(batch:7 #solutions_imported:7 #lin_moves:10'013 #lin_evals:64'679 #gen_moves:9'637 #gen_evals:573 #comp_moves:951 #backtracks:4'343 #weight_updates:523)
#23      2.26s best:2350  next:[175,2349] violation_ls(batch:8 #solutions_imported:8 #lin_moves:10'116 #lin_evals:65'145 #gen_moves:9'637 #gen_evals:573 #comp_moves:951 #backtracks:4'343 #weight_updates:571)
#24      2.27s best:2349  next:[175,2348] violation_ls(batch:8 #solutions_imported:8 #lin_moves:9'943 #lin_evals:68'514 #gen_moves:11'784 #gen_evals:763 #comp_moves:852 #backtracks:5'466 #weight_updates:731)
#25      2.27s best:2348  next:[175,2347] violation_ls(batch:9 #solutions_imported:9 #lin_moves:10'019 #lin_evals:68'947 #gen_moves:11'784 #gen_evals:763 #comp_moves:852 #backtracks:5'466 #weight_updates:797)
#26      2.29s best:2347  next:[175,2346] violation_ls(batch:15 #solutions_imported:15 #lin_moves:1'610 #lin_evals:49'820 #gen_moves:15'437 #gen_evals:757 #comp_moves:1'285 #backtracks:7'076 #weight_updates:774)
#27      2.30s best:2346  next:[175,2345] violation_ls(batch:11 #solutions_imported:11 #lin_moves:10'199 #lin_evals:75'531 #gen_moves:13'979 #gen_evals:924 #comp_moves:931 #backtracks:6'524 #weight_updates:936)
#28      2.31s best:2345  next:[175,2344] violation_ls(batch:11 #solutions_imported:11 #lin_moves:2'024 #lin_evals:63'198 #gen_moves:19'826 #gen_evals:1'590 #comp_moves:1'126 #backtracks:9'349 #weight_updates:811)
#29      2.33s best:2344  next:[175,2343] violation_ls(batch:13 #solutions_imported:13 #lin_moves:10'230 #lin_evals:78'657 #gen_moves:15'106 #gen_evals:991 #comp_moves:990 #backtracks:7'058 #weight_updates:981)
#30      2.33s best:2343  next:[175,2342] violation_ls(batch:14 #solutions_imported:14 #lin_moves:10'337 #lin_evals:79'099 #gen_moves:15'106 #gen_evals:991 #comp_moves:990 #backtracks:7'058 #weight_updates:1'024)
#31      2.33s best:2342  next:[175,2341] violation_ls(batch:15 #solutions_imported:15 #lin_moves:10'694 #lin_evals:80'391 #gen_moves:15'106 #gen_evals:991 #comp_moves:990 #backtracks:7'058 #weight_updates:1'121)
#32      2.34s best:2341  next:[175,2340] violation_ls(batch:14 #solutions_imported:14 #lin_moves:2'915 #lin_evals:66'298 #gen_moves:19'826 #gen_evals:1'590 #comp_moves:1'126 #backtracks:9'349 #weight_updates:1'055)
#33      2.34s best:2340  next:[175,2339] violation_ls(batch:15 #solutions_imported:15 #lin_moves:3'008 #lin_evals:66'795 #gen_moves:19'826 #gen_evals:1'590 #comp_moves:1'126 #backtracks:9'349 #weight_updates:1'115)
#34      2.35s best:2339  next:[175,2338] violation_ls(batch:7 #solutions_imported:7 #lin_moves:9'740 #lin_evals:73'842 #gen_moves:14'135 #gen_evals:862 #comp_moves:1'813 #backtracks:6'161 #weight_updates:441)
#35      2.36s best:2338  next:[175,2337] violation_ls(batch:16 #solutions_imported:16 #lin_moves:3'199 #lin_evals:67'760 #gen_moves:19'826 #gen_evals:1'590 #comp_moves:1'126 #backtracks:9'349 #weight_updates:1'247)
#36      2.37s best:2337  next:[175,2336] violation_ls(batch:15 #solutions_imported:15 #lin_moves:11'067 #lin_evals:85'521 #gen_moves:15'853 #gen_evals:1'046 #comp_moves:1'415 #backtracks:7'219 #weight_updates:1'069)
#37      2.38s best:2336  next:[175,2335] violation_ls(batch:10 #solutions_imported:10 #lin_moves:10'588 #lin_evals:77'052 #gen_moves:14'135 #gen_evals:862 #comp_moves:1'813 #backtracks:6'161 #weight_updates:720)
#38      2.38s best:2335  next:[175,2334] violation_ls(batch:11 #solutions_imported:11 #lin_moves:10'663 #lin_evals:77'468 #gen_moves:14'135 #gen_evals:862 #comp_moves:1'813 #backtracks:6'161 #weight_updates:785)
#39      2.40s best:2334  next:[175,2333] violation_ls(batch:12 #solutions_imported:12 #lin_moves:10'663 #lin_evals:77'491 #gen_moves:14'144 #gen_evals:862 #comp_moves:1'814 #backtracks:6'165 #weight_updates:785)
#40      2.40s best:2333  next:[175,2332] violation_ls(batch:13 #solutions_imported:13 #lin_moves:10'955 #lin_evals:78'606 #gen_moves:14'144 #gen_evals:862 #comp_moves:1'814 #backtracks:6'165 #weight_updates:848)
#41      2.41s best:2332  next:[175,2331] violation_ls(batch:14 #solutions_imported:14 #lin_moves:11'106 #lin_evals:79'242 #gen_moves:14'144 #gen_evals:862 #comp_moves:1'814 #backtracks:6'165 #weight_updates:908)
#42      2.41s best:2331  next:[175,2330] violation_ls(batch:15 #solutions_imported:15 #lin_moves:11'107 #lin_evals:79'253 #gen_moves:14'144 #gen_evals:862 #comp_moves:1'814 #backtracks:6'165 #weight_updates:908)
#43      2.43s best:2330  next:[175,2329] violation_ls(batch:17 #solutions_imported:17 #lin_moves:10'860 #lin_evals:81'079 #gen_moves:15'115 #gen_evals:991 #comp_moves:991 #backtracks:7'062 #weight_updates:1'179)
#44      2.47s best:2306  next:[175,2305] rins_pump_lns (d=0.50 s=238 t=0.10 p=0.00 stall=0 h=auto_l0)
#45      2.55s best:2201  next:[175,2200] graph_dec_lns (d=0.98 s=152 t=0.10 p=1.00 stall=8 h=auto_l0)
#46      2.58s best:2200  next:[175,2199] violation_ls(batch:18 #solutions_imported:18 #lin_moves:11'067 #lin_evals:99'403 #gen_moves:21'157 #gen_evals:1'344 #comp_moves:1'653 #backtracks:9'752 #weight_updates:1'152)
#47      2.58s best:2199  next:[175,2198] violation_ls(batch:18 #solutions_imported:18 #lin_moves:3'659 #lin_evals:70'092 #gen_moves:19'826 #gen_evals:1'590 #comp_moves:1'126 #backtracks:9'349 #weight_updates:1'552)
#48      2.58s best:2198  next:[175,2197] violation_ls(batch:18 #solutions_imported:18 #lin_moves:20'891 #lin_evals:114'425 #gen_moves:14'930 #gen_evals:865 #comp_moves:1'856 #backtracks:6'537 #weight_updates:1'232)
#49      2.65s best:2197  next:[175,2196] violation_ls(batch:19 #solutions_imported:19 #lin_moves:11'572 #lin_evals:101'063 #gen_moves:21'157 #gen_evals:1'344 #comp_moves:1'653 #backtracks:9'752 #weight_updates:1'288)
#50      2.65s best:2196  next:[175,2195] violation_ls(batch:19 #solutions_imported:19 #lin_moves:10'860 #lin_evals:84'352 #gen_moves:16'233 #gen_evals:1'001 #comp_moves:1'057 #backtracks:7'588 #weight_updates:1'199)
#51      2.65s best:2195  next:[175,2194] violation_ls(batch:19 #solutions_imported:19 #lin_moves:1'610 #lin_evals:68'608 #gen_moves:22'216 #gen_evals:1'085 #comp_moves:1'658 #backtracks:10'279 #weight_updates:888)
#Bound   2.66s best:2195  next:[187,2194] objective_lb_search
#52      2.66s best:2194  next:[187,2193] violation_ls(batch:19 #solutions_imported:19 #lin_moves:21'088 #lin_evals:115'444 #gen_moves:14'930 #gen_evals:865 #comp_moves:1'856 #backtracks:6'537 #weight_updates:1'356)
#53      2.74s best:2193  next:[187,2192] violation_ls(batch:20 #solutions_imported:20 #lin_moves:11'572 #lin_evals:103'446 #gen_moves:21'987 #gen_evals:1'347 #comp_moves:1'687 #backtracks:10'150 #weight_updates:1'302)
#54      2.75s best:2192  next:[187,2191] violation_ls(batch:20 #solutions_imported:20 #lin_moves:10'860 #lin_evals:85'759 #gen_moves:16'682 #gen_evals:1'004 #comp_moves:1'082 #backtracks:7'800 #weight_updates:1'207)
#55      2.76s best:2185  next:[187,2184] rnd_var_lns (d=0.96 s=143 t=0.10 p=1.00 stall=6 h=auto_l0)
#56      2.86s best:2166  next:[187,2165] no_lp (fixed_bools=0/284)
#57      2.93s best:2133  next:[187,2132] quick_restart_no_lp (fixed_bools=0/445)
#58      2.95s best:2069  next:[187,2068] no_lp (fixed_bools=0/292)
#Bound   2.97s best:2069  next:[188,2068] objective_lb_search_no_lp
#59      2.98s best:2063  next:[188,2062] no_lp (fixed_bools=0/297)
#60      3.02s best:2037  next:[188,2036] no_lp (fixed_bools=0/301)
#61      3.03s best:1942  next:[188,1941] rins_lp_lns (d=0.71 s=285 t=0.10 p=1.00 stall=0 h=auto_l0)
#62      3.07s best:1900  next:[188,1899] no_lp (fixed_bools=0/312)
#63      3.16s best:1879  next:[188,1878] no_lp (fixed_bools=0/317)
#64      3.23s best:1874  next:[188,1873] quick_restart_no_lp (fixed_bools=0/484)
#65      3.28s best:1870  next:[188,1869] no_lp (fixed_bools=0/327)
#66      3.33s best:1861  next:[188,1860] no_lp (fixed_bools=0/333)
#Bound   3.35s best:1861  next:[190,1860] objective_lb_search_no_lp
#Bound   3.40s best:1861  next:[192,1860] objective_lb_search_no_lp
#67      3.41s best:1856  next:[192,1855] quick_restart_no_lp (fixed_bools=0/519)
#Bound   3.48s best:1856  next:[193,1855] objective_lb_search_no_lp
#68      3.58s best:1851  next:[193,1850] quick_restart_no_lp (fixed_bools=0/526)
#69      3.65s best:1847  next:[193,1846] quick_restart_no_lp (fixed_bools=0/533)
#Bound   3.76s best:1847  next:[236,1846] objective_lb_search_no_lp
#70      4.10s best:1833  next:[236,1832] rins_lp_lns (d=0.81 s=287 t=0.10 p=1.00 stall=0 h=auto_l0)
#71      4.34s best:1829  next:[236,1828] quick_restart_no_lp (fixed_bools=0/593)
#72      4.54s best:1605  next:[236,1604] graph_var_lns (d=0.99 s=193 t=0.10 p=1.00 stall=3 h=auto_l0)
#73      4.58s best:1604  next:[236,1603] violation_ls(batch:21 #solutions_imported:21 #lin_moves:4'022 #lin_evals:74'158 #gen_moves:20'656 #gen_evals:1'597 #comp_moves:1'166 #backtracks:9'744 #weight_updates:1'858)
#74      4.74s best:1542  next:[236,1541] no_lp (fixed_bools=0/349)
#75      4.84s best:1532  next:[236,1531] no_lp (fixed_bools=0/352)
#76      4.92s best:1460  next:[236,1459] no_lp (fixed_bools=0/356)
#77      5.02s best:1427  next:[236,1426] no_lp (fixed_bools=0/362)
#78      5.08s best:1407  next:[236,1406] no_lp (fixed_bools=0/365)
#79      5.20s best:1392  next:[236,1391] no_lp (fixed_bools=0/371)
#80      5.55s best:1391  next:[236,1390] violation_ls(batch:23 #solutions_imported:23 #lin_moves:11'572 #lin_evals:142'430 #gen_moves:34'480 #gen_evals:1'998 #comp_moves:2'427 #backtracks:16'025 #weight_updates:1'485)
#81      5.57s best:1390  next:[236,1389] violation_ls(batch:23 #solutions_imported:23 #lin_moves:11'735 #lin_evals:140'999 #gen_moves:32'669 #gen_evals:1'735 #comp_moves:2'395 #backtracks:15'135 #weight_updates:1'380)
#82      5.72s best:1389  next:[236,1388] violation_ls(batch:23 #solutions_imported:23 #lin_moves:31'411 #lin_evals:164'285 #gen_moves:17'785 #gen_evals:1'007 #comp_moves:1'991 #backtracks:7'897 #weight_updates:1'923)
#83      5.78s best:1383  next:[236,1382] no_lp (fixed_bools=0/388)
#84      6.03s best:1357  next:[236,1356] no_lp (fixed_bools=0/392)
#Bound   6.19s best:1357  next:[248,1356] objective_lb_search_no_lp
#85      6.52s best:1356  next:[248,1355] violation_ls(batch:25 #solutions_imported:25 #lin_moves:21'490 #lin_evals:186'981 #gen_moves:36'779 #gen_evals:1'848 #comp_moves:2'991 #backtracks:16'892 #weight_updates:1'675)
#86      6.53s best:1355  next:[248,1354] violation_ls(batch:25 #solutions_imported:25 #lin_moves:31'411 #lin_evals:193'036 #gen_moves:27'497 #gen_evals:1'546 #comp_moves:2'923 #backtracks:12'285 #weight_updates:2'014)
#87      6.77s best:1352  next:[248,1351] quick_restart_no_lp (fixed_bools=0/656)
#88      6.80s best:1351  next:[248,1350] violation_ls(batch:26 #solutions_imported:26 #lin_moves:16'272 #lin_evals:202'998 #gen_moves:46'457 #gen_evals:3'151 #comp_moves:3'521 #backtracks:21'463 #weight_updates:6'164)
#89      6.82s best:1350  next:[248,1349] violation_ls(batch:26 #solutions_imported:26 #lin_moves:31'411 #lin_evals:193'098 #gen_moves:27'525 #gen_evals:1'548 #comp_moves:2'925 #backtracks:12'298 #weight_updates:2'014)
#90      6.93s best:1349  next:[248,1348] quick_restart_no_lp (fixed_bools=1/665)
#91      7.13s best:1348  next:[248,1347] violation_ls(batch:26 #solutions_imported:25 #lin_moves:29'069 #lin_evals:227'217 #gen_moves:29'195 #gen_evals:2'246 #comp_moves:2'129 #backtracks:13'532 #weight_updates:6'903)
#92      7.18s best:1347  next:[248,1346] violation_ls(batch:27 #solutions_imported:27 #lin_moves:11'637 #lin_evals:208'464 #gen_moves:55'173 #gen_evals:3'167 #comp_moves:5'222 #backtracks:24'972 #weight_updates:1'746)
#93      7.19s best:1346  next:[248,1345] violation_ls(batch:27 #solutions_imported:27 #lin_moves:16'475 #lin_evals:203'823 #gen_moves:46'457 #gen_evals:3'151 #comp_moves:3'521 #backtracks:21'463 #weight_updates:6'242)
#94      7.22s best:1345  next:[248,1344] violation_ls(batch:27 #solutions_imported:26 #lin_moves:29'138 #lin_evals:227'622 #gen_moves:29'195 #gen_evals:2'246 #comp_moves:2'129 #backtracks:13'532 #weight_updates:6'962)
#95      7.33s best:1344  next:[248,1343] violation_ls(batch:27 #solutions_imported:27 #lin_moves:31'411 #lin_evals:206'611 #gen_moves:32'080 #gen_evals:1'822 #comp_moves:3'326 #backtracks:14'375 #weight_updates:2'060)
#96      7.60s best:1343  next:[248,1342] quick_restart_no_lp (fixed_bools=1/689)
#97      7.69s best:1342  next:[248,1341] violation_ls(batch:28 #solutions_imported:28 #lin_moves:11'641 #lin_evals:208'495 #gen_moves:55'173 #gen_evals:3'167 #comp_moves:5'222 #backtracks:24'972 #weight_updates:1'748)
#98      7.71s best:1341  next:[248,1340] violation_ls(batch:28 #solutions_imported:28 #lin_moves:16'839 #lin_evals:205'514 #gen_moves:46'457 #gen_evals:3'151 #comp_moves:3'521 #backtracks:21'463 #weight_updates:6'465)
#99      7.71s best:1340  next:[248,1339] violation_ls(batch:28 #solutions_imported:28 #lin_moves:21'491 #lin_evals:191'596 #gen_moves:38'446 #gen_evals:1'937 #comp_moves:3'062 #backtracks:17'690 #weight_updates:1'698)
#100     7.71s best:1339  next:[248,1338] violation_ls(batch:28 #solutions_imported:27 #lin_moves:29'138 #lin_evals:227'676 #gen_moves:29'217 #gen_evals:2'247 #comp_moves:2'131 #backtracks:13'542 #weight_updates:6'962)
#101     7.73s best:1338  next:[248,1337] violation_ls(batch:28 #solutions_imported:28 #lin_moves:32'196 #lin_evals:209'053 #gen_moves:32'080 #gen_evals:1'822 #comp_moves:3'326 #backtracks:14'375 #weight_updates:2'224)
#102     8.11s best:1223  next:[248,1222] graph_arc_lns (d=0.99 s=343 t=0.10 p=0.89 stall=0 h=auto_l0)
#Bound   8.53s best:1223  next:[249,1222] objective_shaving_search_no_lp (vars=705 csts=7977)
#Bound  10.60s best:1223  next:[250,1222] objective_shaving_search_no_lp (vars=710 csts=7980)
#103    11.03s best:1217  next:[250,1216] graph_dec_lns (d=1.00 s=421 t=0.10 p=0.83 stall=0 h=auto_l0)
#104    11.11s best:1216  next:[250,1215] violation_ls(batch:36 #solutions_imported:30 #lin_moves:16'839 #lin_evals:370'649 #gen_moves:84'097 #gen_evals:6'135 #comp_moves:8'388 #backtracks:37'849 #weight_updates:6'626)
#105    11.16s best:1215  next:[250,1214] violation_ls(batch:36 #solutions_imported:30 #lin_moves:21'491 #lin_evals:337'946 #gen_moves:70'613 #gen_evals:4'851 #comp_moves:7'413 #backtracks:31'587 #weight_updates:1'790)
#106    11.17s best:1214  next:[250,1213] violation_ls(batch:37 #solutions_imported:30 #lin_moves:11'643 #lin_evals:409'067 #gen_moves:121'836 #gen_evals:5'781 #comp_moves:7'658 #backtracks:57'079 #weight_updates:2'335)
#107    11.18s best:1213  next:[250,1212] violation_ls(batch:37 #solutions_imported:31 #lin_moves:22'188 #lin_evals:340'110 #gen_moves:70'613 #gen_evals:4'851 #comp_moves:7'413 #backtracks:31'587 #weight_updates:1'940)
#108    11.27s best:1212  next:[250,1211] violation_ls(batch:36 #solutions_imported:30 #lin_moves:29'155 #lin_evals:414'401 #gen_moves:88'367 #gen_evals:3'822 #comp_moves:5'164 #backtracks:41'588 #weight_updates:7'530)
#109    11.27s best:1211  next:[250,1210] violation_ls(batch:37 #solutions_imported:31 #lin_moves:29'156 #lin_evals:414'412 #gen_moves:88'367 #gen_evals:3'822 #comp_moves:5'164 #backtracks:41'588 #weight_updates:7'530)
#110    11.54s best:1210  next:[250,1209] violation_ls(batch:38 #solutions_imported:32 #lin_moves:18'713 #lin_evals:379'095 #gen_moves:84'097 #gen_evals:6'135 #comp_moves:8'388 #backtracks:37'849 #weight_updates:7'637)
#111    11.54s best:1209  next:[250,1208] violation_ls(batch:38 #solutions_imported:32 #lin_moves:22'188 #lin_evals:340'113 #gen_moves:70'614 #gen_evals:4'851 #comp_moves:7'414 #backtracks:31'587 #weight_updates:1'940)
#112    11.54s best:1208  next:[250,1207] violation_ls(batch:38 #solutions_imported:32 #lin_moves:33'614 #lin_evals:418'784 #gen_moves:98'488 #gen_evals:3'238 #comp_moves:5'762 #backtracks:46'341 #weight_updates:3'529)
#113    11.86s best:1204  next:[250,1203] quick_restart_no_lp (fixed_bools=2/821)
#114    11.96s best:1202  next:[250,1201] violation_ls(batch:39 #solutions_imported:33 #lin_moves:22'189 #lin_evals:340'123 #gen_moves:70'614 #gen_evals:4'851 #comp_moves:7'414 #backtracks:31'587 #weight_updates:1'940)
#115    11.97s best:1200  next:[250,1199] violation_ls(batch:39 #solutions_imported:33 #lin_moves:29'157 #lin_evals:414'457 #gen_moves:88'378 #gen_evals:3'822 #comp_moves:5'165 #backtracks:41'593 #weight_updates:7'530)
#116    11.97s best:1199  next:[250,1198] violation_ls(batch:39 #solutions_imported:33 #lin_moves:33'614 #lin_evals:418'900 #gen_moves:98'532 #gen_evals:3'239 #comp_moves:5'764 #backtracks:46'362 #weight_updates:3'529)
#117    12.04s best:1197  next:[250,1196] quick_restart_no_lp (fixed_bools=2/834)
#118    12.23s best:1196  next:[250,1195] quick_restart_no_lp (fixed_bools=2/844)
#119    12.24s best:1195  next:[250,1194] graph_var_lns (d=0.98 s=452 t=0.10 p=0.66 stall=2 h=auto_l0)
#Bound  12.27s best:1195  next:[251,1194] objective_shaving_search_no_lp (vars=710 csts=7980)
#120    13.23s best:1190  next:[251,1189] rins_pump_lns (d=0.82 s=507 t=0.10 p=0.53 stall=22 h=folio_rnd)
#Bound  13.26s best:1190  next:[277,1189] objective_lb_search
#121    13.46s best:1168  next:[277,1167] graph_var_lns (d=0.99 s=529 t=0.10 p=0.66 stall=2 h=auto_l0)
#122    13.52s best:1167  next:[277,1166] violation_ls(batch:43 #solutions_imported:35 #lin_moves:29'663 #lin_evals:492'320 #gen_moves:115'945 #gen_evals:6'344 #comp_moves:6'057 #backtracks:54'929 #weight_updates:7'921)
#123    13.56s best:1166  next:[277,1165] violation_ls(batch:43 #solutions_imported:36 #lin_moves:58'695 #lin_evals:529'474 #gen_moves:98'533 #gen_evals:3'239 #comp_moves:5'765 #backtracks:46'362 #weight_updates:8'448)
#124    13.64s best:1165  next:[277,1164] violation_ls(batch:42 #solutions_imported:35 #lin_moves:38'368 #lin_evals:509'605 #gen_moves:94'201 #gen_evals:6'546 #comp_moves:8'773 #backtracks:42'708 #weight_updates:8'089)
#125    14.02s best:1164  next:[277,1163] violation_ls(batch:44 #solutions_imported:36 #lin_moves:38'368 #lin_evals:562'914 #gen_moves:113'996 #gen_evals:7'266 #comp_moves:9'464 #backtracks:52'260 #weight_updates:8'304)
#126    14.03s best:1163  next:[277,1162] violation_ls(batch:44 #solutions_imported:37 #lin_moves:58'696 #lin_evals:529'484 #gen_moves:98'533 #gen_evals:3'239 #comp_moves:5'765 #backtracks:46'362 #weight_updates:8'448)
#127    14.17s best:1162  next:[277,1161] violation_ls(batch:45 #solutions_imported:37 #lin_moves:38'368 #lin_evals:562'946 #gen_moves:114'010 #gen_evals:7'267 #comp_moves:9'466 #backtracks:52'266 #weight_updates:8'304)
#128    14.21s best:1161  next:[277,1160] violation_ls(batch:45 #solutions_imported:37 #lin_moves:42'013 #lin_evals:545'777 #gen_moves:115'945 #gen_evals:6'344 #comp_moves:6'057 #backtracks:54'929 #weight_updates:10'131)
#129    14.21s best:1160  next:[277,1159] violation_ls(batch:45 #solutions_imported:38 #lin_moves:58'697 #lin_evals:529'495 #gen_moves:98'533 #gen_evals:3'239 #comp_moves:5'765 #backtracks:46'362 #weight_updates:8'448)
#130    14.50s best:1159  next:[277,1158] violation_ls(batch:43 #solutions_imported:35 #lin_moves:31'402 #lin_evals:567'005 #gen_moves:146'108 #gen_evals:6'593 #comp_moves:9'297 #backtracks:68'391 #weight_updates:2'883)
#131    16.06s best:1156  next:[277,1155] rnd_cst_lns (d=0.99 s=638 t=0.10 p=0.65 stall=2 h=auto_l0)
#Bound  16.72s best:1156  next:[278,1155] objective_shaving_search_no_lp (vars=706 csts=7976)
#Bound  16.83s best:1156  next:[279,1155] objective_lb_search_no_lp
#Bound  17.39s best:1156  next:[288,1155] objective_lb_search_no_lp
#132    17.94s best:1150  next:[288,1149] rnd_var_lns (d=0.98 s=675 t=0.10 p=0.58 stall=6 h=auto_l0)
#Bound  18.89s best:1150  next:[319,1149] objective_lb_search_no_lp
#Bound  19.65s best:1150  next:[322,1149] objective_lb_search_no_lp
#133    20.28s best:1135  next:[322,1134] graph_var_lns (d=0.99 s=665 t=0.10 p=0.65 stall=1 h=auto_l0)
#Bound  20.30s best:1135  next:[325,1134] objective_lb_search_no_lp
#Bound  21.10s best:1135  next:[328,1134] objective_lb_search_no_lp
#Bound  21.93s best:1135  next:[332,1134] objective_lb_search_no_lp
#134    22.18s best:1129  next:[332,1128] rins_pump_lns (d=0.80 s=807 t=0.10 p=0.51 stall=5 h=auto_l0)
#135    24.08s best:1128  next:[332,1127] graph_arc_lns (d=0.98 s=763 t=0.10 p=0.59 stall=4 h=auto_l0)
#Bound  25.19s best:1128  next:[334,1127] objective_lb_search_no_lp
#Bound  27.38s best:1128  next:[349,1127] objective_lb_search_no_lp
#Bound  29.84s best:1128  next:[351,1127] objective_lb_search_no_lp
#Bound  31.33s best:1128  next:[353,1127] objective_lb_search_no_lp
#Bound  34.13s best:1128  next:[356,1127] objective_lb_search_no_lp
#Bound  36.45s best:1128  next:[358,1127] objective_lb_search_no_lp
#Bound  44.49s best:1128  next:[360,1127] objective_lb_search_no_lp
#Bound  74.93s best:1128  next:[361,1127] objective_lb_search_no_lp
#Bound  78.49s best:1128  next:[362,1127] objective_lb_search_no_lp
#Bound  81.20s best:1128  next:[364,1127] objective_lb_search_no_lp
#Bound  85.50s best:1128  next:[365,1127] objective_lb_search_no_lp
#Bound  93.22s best:1128  next:[367,1127] objective_lb_search_no_lp
#Bound 100.66s best:1128  next:[368,1127] objective_lb_search_no_lp
#Bound 110.07s best:1128  next:[369,1127] objective_lb_search_no_lp
#Bound 130.07s best:1128  next:[371,1127] objective_lb_search_no_lp
#Bound 158.11s best:1128  next:[372,1127] objective_lb_search_no_lp
#Bound 177.67s best:1128  next:[375,1127] objective_lb_search_no_lp
#Bound 183.43s best:1128  next:[377,1127] objective_lb_search_no_lp
#Bound 190.76s best:1128  next:[378,1127] objective_lb_search_no_lp
#Bound 210.36s best:1128  next:[380,1127] objective_lb_search_no_lp
#Bound 257.37s best:1128  next:[381,1127] objective_shaving_search_no_lp (vars=713 csts=7987)
#Bound 265.83s best:1128  next:[383,1127] objective_lb_search_no_lp
#Bound 274.37s best:1128  next:[384,1127] objective_lb_search_no_lp
#Bound 295.02s best:1128  next:[385,1127] objective_lb_search_no_lp
#Bound 305.17s best:1128  next:[387,1127] objective_lb_search_no_lp
#Bound 315.41s best:1128  next:[388,1127] objective_lb_search_no_lp
#Bound 339.63s best:1128  next:[389,1127] objective_lb_search_no_lp
#Bound 345.12s best:1128  next:[390,1127] objective_lb_search_no_lp
#Bound 406.34s best:1128  next:[393,1127] objective_lb_search_no_lp
#Bound 412.31s best:1128  next:[394,1127] objective_lb_search_no_lp
#Bound 422.29s best:1128  next:[395,1127] objective_lb_search_no_lp
#Bound 439.21s best:1128  next:[396,1127] objective_lb_search_no_lp
#Bound 449.73s best:1128  next:[397,1127] objective_lb_search_no_lp
#Bound 463.30s best:1128  next:[398,1127] objective_lb_search_no_lp
#Bound 490.72s best:1128  next:[399,1127] objective_lb_search_no_lp
#Bound 529.27s best:1128  next:[402,1127] objective_lb_search
#Bound 558.07s best:1128  next:[404,1127] objective_lb_search_no_lp
#Bound 571.37s best:1128  next:[406,1127] objective_lb_search_no_lp
#Bound 579.81s best:1128  next:[407,1127] objective_lb_search_no_lp
#Bound 608.47s best:1128  next:[408,1127] objective_lb_search_no_lp
#Bound 617.93s best:1128  next:[409,1127] bool_core (num_cores=117 [size:1 mw:1] a=6 d=5 fixed=272/1916 clauses=63'784)
#Bound 624.23s best:1128  next:[410,1127] objective_lb_search_no_lp
#Bound 627.29s best:1128  next:[411,1127] bool_core (num_cores=118 [cover] a=6 d=5 fixed=273/1917 clauses=66'676)
#Bound 635.99s best:1128  next:[412,1127] bool_core (num_cores=119 [size:1 mw:1] a=6 d=5 fixed=275/1929 clauses=60'298)
#Bound 642.72s best:1128  next:[413,1127] bool_core (num_cores=120 [size:1 mw:1] a=6 d=5 fixed=276/1930 clauses=62'274)
#Bound 649.73s best:1128  next:[414,1127] bool_core (num_cores=121 [size:1 mw:1] a=6 d=5 fixed=277/1931 clauses=64'397)
#Bound 650.22s best:1128  next:[415,1127] bool_core (num_cores=121 [cover] a=6 d=5 fixed=277/1931 clauses=64'539)
#Bound 659.22s best:1128  next:[416,1127] bool_core (num_cores=122 [size:1 mw:1] a=6 d=5 fixed=279/1943 clauses=61'026)
#Bound 676.32s best:1128  next:[417,1127] bool_core (num_cores=123 [size:1 mw:1] a=6 d=5 fixed=280/1944 clauses=63'210)
#Bound 685.55s best:1128  next:[418,1127] bool_core (num_cores=124 [size:1 mw:1] a=6 d=5 fixed=281/1945 clauses=65'916)
#Bound 686.65s best:1128  next:[419,1127] bool_core (num_cores=124 [cover] a=6 d=5 fixed=281/1945 clauses=66'227)
#Bound 702.25s best:1128  next:[420,1127] bool_core (num_cores=125 [size:1 mw:1] a=6 d=5 fixed=283/1957 clauses=63'192)
#Bound 710.94s best:1128  next:[421,1127] bool_core (num_cores=126 [size:1 mw:1] a=6 d=5 fixed=284/1958 clauses=65'895)
#Bound 721.99s best:1128  next:[423,1127] objective_lb_search_no_lp
#Bound 749.67s best:1128  next:[424,1127] bool_core (num_cores=128 [cover] a=5 d=5 fixed=285/1962 clauses=65'461)
#Bound 770.53s best:1128  next:[425,1127] bool_core (num_cores=129 [size:1 mw:1] a=5 d=5 fixed=286/1976 clauses=68'751)
#Bound 787.13s best:1128  next:[427,1127] objective_lb_search_no_lp
#Bound 792.67s best:1128  next:[428,1127] objective_lb_search_no_lp
#Bound 813.64s best:1128  next:[429,1127] bool_core (num_cores=132 [size:2 mw:1 d:7] a=2 d=7 fixed=289/2013 clauses=74'112)
#Bound 820.41s best:1128  next:[430,1127] bool_core (num_cores=133 [size:1 mw:1] a=2 d=7 fixed=289/2032 clauses=74'379)
#Bound 832.95s best:1128  next:[431,1127] bool_core (num_cores=134 [size:1 mw:1] a=2 d=7 fixed=290/2051 clauses=77'918)
#Bound 844.36s best:1128  next:[432,1127] bool_core (num_cores=135 [size:1 mw:1] a=2 d=7 fixed=291/2070 clauses=74'696)
#Bound 856.15s best:1128  next:[433,1127] bool_core (num_cores=136 [size:1 mw:1] a=2 d=7 fixed=292/2089 clauses=77'664)
#Bound 863.30s best:1128  next:[434,1127] bool_core (num_cores=137 [size:1 mw:1] a=2 d=7 fixed=293/2108 clauses=80'450)
#Bound 877.61s best:1128  next:[435,1127] bool_core (num_cores=138 [size:1 mw:1] a=2 d=7 fixed=294/2127 clauses=83'783)
#Bound 880.84s best:1128  next:[436,1127] objective_lb_search_no_lp
#Bound 910.52s best:1128  next:[437,1127] bool_core (num_cores=140 [size:1 mw:1] a=2 d=7 fixed=296/2165 clauses=85'792)
#Bound 931.46s best:1128  next:[438,1127] bool_core (num_cores=141 [size:1 mw:1] a=2 d=7 fixed=297/2184 clauses=82'312)
#Bound 947.38s best:1128  next:[439,1127] bool_core (num_cores=142 [size:2 mw:1 d:8] a=1 d=8 fixed=298/2203 clauses=86'443)
#Bound 954.47s best:1128  next:[440,1127] bool_core (num_cores=143 [size:1 mw:1] a=1 d=8 fixed=298/2224 clauses=89'348)
#Bound 970.92s best:1128  next:[441,1127] bool_core (num_cores=144 [size:1 mw:1] a=1 d=8 fixed=299/2245 clauses=88'790)
#Bound 984.33s best:1128  next:[442,1127] bool_core (num_cores=145 [size:1 mw:1] a=1 d=8 fixed=300/2266 clauses=87'461)
#Bound 997.81s best:1128  next:[443,1127] bool_core (num_cores=146 [size:1 mw:1] a=1 d=8 fixed=301/2287 clauses=90'391)
#Bound 1009.72s best:1128  next:[444,1127] bool_core (num_cores=147 [size:1 mw:1] a=1 d=8 fixed=302/2308 clauses=94'254)
#Bound 1021.08s best:1128  next:[445,1127] bool_core (num_cores=148 [size:1 mw:1] a=1 d=8 fixed=303/2329 clauses=96'321)
#Bound 1029.92s best:1128  next:[446,1127] bool_core (num_cores=149 [size:1 mw:1] a=1 d=8 fixed=304/2350 clauses=94'124)
#Bound 1039.02s best:1128  next:[447,1127] bool_core (num_cores=150 [size:1 mw:1] a=1 d=8 fixed=305/2371 clauses=98'183)
#Bound 1051.14s best:1128  next:[448,1127] bool_core (num_cores=151 [size:1 mw:1] a=1 d=8 fixed=306/2392 clauses=100'470)
#Bound 1059.20s best:1128  next:[452,1127] objective_lb_search_no_lp
#Bound 1169.73s best:1128  next:[453,1127] bool_core (num_cores=156 [size:1 mw:1] a=1 d=8 fixed=311/2497 clauses=105'180)
#Bound 1189.42s best:1128  next:[454,1127] bool_core (num_cores=157 [size:1 mw:1] a=1 d=8 fixed=312/2518 clauses=109'994)
#Bound 1217.94s best:1128  next:[455,1127] bool_core (num_cores=158 [size:1 mw:1] a=1 d=8 fixed=313/2539 clauses=111'892)
#Bound 1232.74s best:1128  next:[456,1127] bool_core (num_cores=159 [size:1 mw:1] a=1 d=8 fixed=314/2560 clauses=109'862)
#Bound 1247.95s best:1128  next:[457,1127] bool_core (num_cores=160 [size:1 mw:1] a=1 d=8 fixed=315/2581 clauses=113'199)
#Bound 1262.96s best:1128  next:[458,1127] bool_core (num_cores=161 [size:1 mw:1] a=1 d=8 fixed=316/2602 clauses=117'017)
#Bound 1277.69s best:1128  next:[459,1127] bool_core (num_cores=162 [size:1 mw:1] a=1 d=8 fixed=317/2623 clauses=115'023)
#Bound 1296.08s best:1128  next:[460,1127] bool_core (num_cores=163 [size:1 mw:1] a=1 d=8 fixed=318/2644 clauses=119'059)
#Bound 1315.21s best:1128  next:[461,1127] bool_core (num_cores=164 [size:1 mw:1] a=1 d=8 fixed=319/2665 clauses=116'848)
#Bound 1334.63s best:1128  next:[462,1127] bool_core (num_cores=165 [size:1 mw:1] a=1 d=8 fixed=320/2686 clauses=122'235)
#Bound 1357.85s best:1128  next:[463,1127] bool_core (num_cores=166 [size:1 mw:1] a=1 d=8 fixed=321/2707 clauses=118'888)
#Bound 1378.80s best:1128  next:[464,1127] bool_core (num_cores=167 [size:1 mw:1] a=1 d=8 fixed=322/2728 clauses=123'195)
#Bound 1402.48s best:1128  next:[465,1127] bool_core (num_cores=168 [size:1 mw:1] a=1 d=8 fixed=323/2749 clauses=121'566)
#Bound 1420.75s best:1128  next:[466,1127] bool_core (num_cores=169 [size:1 mw:1] a=1 d=8 fixed=324/2770 clauses=127'862)
#Bound 1448.79s best:1128  next:[467,1127] bool_core (num_cores=170 [size:1 mw:1] a=1 d=8 fixed=325/2791 clauses=124'652)
#Bound 1469.74s best:1128  next:[468,1127] bool_core (num_cores=171 [size:1 mw:1] a=1 d=8 fixed=326/2812 clauses=128'815)
#Bound 1492.47s best:1128  next:[469,1127] bool_core (num_cores=172 [size:1 mw:1] a=1 d=8 fixed=327/2833 clauses=127'717)
#Bound 1519.69s best:1128  next:[470,1127] bool_core (num_cores=173 [size:1 mw:1] a=1 d=8 fixed=328/2854 clauses=132'342)
#Bound 1545.37s best:1128  next:[471,1127] bool_core (num_cores=174 [size:1 mw:1] a=1 d=8 fixed=329/2875 clauses=132'063)
#Bound 1583.77s best:1128  next:[472,1127] bool_core (num_cores=175 [size:1 mw:1] a=1 d=8 fixed=330/2896 clauses=137'634)
#Bound 1615.76s best:1128  next:[473,1127] bool_core (num_cores=176 [size:1 mw:1] a=1 d=8 fixed=331/2917 clauses=137'124)
#Bound 1646.60s best:1128  next:[474,1127] bool_core (num_cores=177 [size:1 mw:1] a=1 d=8 fixed=332/2938 clauses=136'500)
#Bound 1688.91s best:1128  next:[475,1127] bool_core (num_cores=178 [size:1 mw:1] a=1 d=8 fixed=333/2959 clauses=142'107)
#Bound 1718.48s best:1128  next:[476,1127] bool_core (num_cores=179 [size:1 mw:1] a=1 d=8 fixed=334/2980 clauses=142'158)
#Bound 1765.91s best:1128  next:[477,1127] bool_core (num_cores=180 [size:1 mw:1] a=1 d=8 fixed=335/3001 clauses=141'751)
#Bound 1797.30s best:1128  next:[478,1127] bool_core (num_cores=181 [size:1 mw:1] a=1 d=8 fixed=336/3022 clauses=147'680)
#Bound 1834.91s best:1128  next:[479,1127] bool_core (num_cores=182 [size:1 mw:1] a=1 d=8 fixed=337/3043 clauses=148'064)
#Bound 1869.44s best:1128  next:[480,1127] bool_core (num_cores=183 [size:1 mw:1] a=1 d=8 fixed=338/3064 clauses=148'480)
#Bound 1905.85s best:1128  next:[481,1127] bool_core (num_cores=184 [size:1 mw:1] a=1 d=8 fixed=339/3085 clauses=154'260)
#Bound 1944.29s best:1128  next:[482,1127] bool_core (num_cores=185 [size:1 mw:1] a=1 d=8 fixed=340/3106 clauses=156'084)
#Bound 1980.84s best:1128  next:[483,1127] bool_core (num_cores=186 [size:1 mw:1] a=1 d=8 fixed=341/3127 clauses=157'796)
#Bound 2023.04s best:1128  next:[484,1127] bool_core (num_cores=187 [size:1 mw:1] a=1 d=8 fixed=342/3148 clauses=158'605)
#Bound 2072.37s best:1128  next:[485,1127] bool_core (num_cores=188 [size:1 mw:1] a=1 d=8 fixed=343/3169 clauses=159'673)
#Bound 2116.17s best:1128  next:[486,1127] bool_core (num_cores=189 [size:1 mw:1] a=1 d=8 fixed=344/3190 clauses=160'945)
#Bound 2171.89s best:1128  next:[487,1127] bool_core (num_cores=190 [size:1 mw:1] a=1 d=8 fixed=345/3211 clauses=161'916)
#Bound 2245.50s best:1128  next:[488,1127] bool_core (num_cores=191 [size:1 mw:1] a=1 d=8 fixed=346/3232 clauses=163'406)
#Bound 2310.03s best:1128  next:[489,1127] bool_core (num_cores=192 [size:1 mw:1] a=1 d=8 fixed=347/3253 clauses=166'081)
#Bound 2361.99s best:1128  next:[490,1127] bool_core (num_cores=193 [size:1 mw:1] a=1 d=8 fixed=348/3274 clauses=168'226)
#Bound 2449.45s best:1128  next:[491,1127] bool_core (num_cores=194 [size:1 mw:1] a=1 d=8 fixed=349/3295 clauses=171'373)
#Bound 2529.03s best:1128  next:[492,1127] bool_core (num_cores=195 [size:1 mw:1] a=1 d=8 fixed=350/3316 clauses=173'887)
#Bound 2612.27s best:1128  next:[493,1127] bool_core (num_cores=196 [size:1 mw:1] a=1 d=8 fixed=351/3337 clauses=176'416)
#Bound 2679.02s best:1128  next:[494,1127] bool_core (num_cores=197 [size:1 mw:1] a=1 d=8 fixed=352/3358 clauses=180'070)
#Bound 2731.75s best:1128  next:[495,1127] bool_core (num_cores=198 [size:1 mw:1] a=1 d=8 fixed=353/3379 clauses=183'730)
#Bound 2830.20s best:1128  next:[496,1127] bool_core (num_cores=199 [size:1 mw:1] a=1 d=8 fixed=354/3401 clauses=180'754)
#Bound 2895.62s best:1128  next:[497,1127] bool_core (num_cores=200 [size:1 mw:1] a=1 d=8 fixed=355/3422 clauses=184'442)
#Bound 2975.46s best:1128  next:[498,1127] bool_core (num_cores=201 [size:1 mw:1] a=1 d=8 fixed=356/3443 clauses=189'654)
#Bound 3068.59s best:1128  next:[499,1127] bool_core (num_cores=202 [size:1 mw:1] a=1 d=8 fixed=357/3464 clauses=186'158)
#Bound 3129.51s best:1128  next:[500,1127] bool_core (num_cores=203 [size:1 mw:1] a=1 d=8 fixed=358/3485 clauses=189'919)
#Bound 3244.39s best:1128  next:[501,1127] bool_core (num_cores=204 [size:1 mw:1] a=1 d=8 fixed=359/3506 clauses=195'789)
#Bound 3343.85s best:1128  next:[502,1127] bool_core (num_cores=205 [size:1 mw:1] a=1 d=8 fixed=360/3527 clauses=193'815)
#Bound 3438.85s best:1128  next:[503,1127] bool_core (num_cores=206 [size:1 mw:1] a=1 d=8 fixed=361/3548 clauses=199'122)
#Bound 3537.41s best:1128  next:[504,1127] bool_core (num_cores=207 [size:1 mw:1] a=1 d=8 fixed=362/3569 clauses=196'751)

Task timing                                  n [     min,      max]      avg      dev     time         n [     min,      max]      avg      dev    dtime
                             'core':         1 [   1.00h,    1.00h]    1.00h   0.00ns    1.00h         1 [  14.27m,   14.27m]   14.27m   0.00ns   14.27m
                       'default_lp':         1 [   1.00h,    1.00h]    1.00h   0.00ns    1.00h         1 [   4.73m,    4.73m]    4.73m   0.00ns    4.73m
                 'feasibility_pump':      2647 [ 60.34us,    8.50s]    1.36s 595.82ms   59.80m      2645 [ 31.68ms, 594.59ms]  81.49ms  10.51ms    3.59m
                  'fj_long_default':         1 [281.10ms, 281.10ms] 281.10ms   0.00ns 281.10ms         1 [ 67.65ms,  67.65ms]  67.65ms   0.00ns  67.65ms
                  'fj_long_default':         2 [142.29ms, 267.54ms] 204.92ms  62.63ms 409.83ms         2 [ 59.07ms,  70.81ms]  64.94ms   5.87ms 129.88ms
              'fj_long_lin_default':         2 [141.65ms, 257.96ms] 199.80ms  58.15ms 399.60ms         2 [ 94.60ms,  96.78ms]  95.69ms   1.09ms 191.39ms
              'fj_long_lin_perturb':         1 [297.99ms, 297.99ms] 297.99ms   0.00ns 297.99ms         1 [ 90.16ms,  90.16ms]  90.16ms   0.00ns  90.16ms
               'fj_long_lin_random':         1 [281.35ms, 281.35ms] 281.35ms   0.00ns 281.35ms         1 [ 84.01ms,  84.01ms]  84.01ms   0.00ns  84.01ms
                  'fj_long_perturb':         1 [295.81ms, 295.81ms] 295.81ms   0.00ns 295.81ms         1 [ 85.77ms,  85.77ms]  85.77ms   0.00ns  85.77ms
                   'fj_long_random':         1 [285.37ms, 285.37ms] 285.37ms   0.00ns 285.37ms         1 [ 68.61ms,  68.61ms]  68.61ms   0.00ns  68.61ms
                 'fj_short_default':         1 [311.14ms, 311.14ms] 311.14ms   0.00ns 311.14ms         1 [ 79.33ms,  79.33ms]  79.33ms   0.00ns  79.33ms
                 'fj_short_default':         2 [136.60ms, 216.84ms] 176.72ms  40.12ms 353.43ms         2 [ 86.87ms,  90.51ms]  88.69ms   1.82ms 177.38ms
             'fj_short_lin_default':         1 [308.36ms, 308.36ms] 308.36ms   0.00ns 308.36ms         1 [ 90.15ms,  90.15ms]  90.15ms   0.00ns  90.15ms
             'fj_short_lin_default':         2 [127.85ms, 261.47ms] 194.66ms  66.81ms 389.32ms         2 [ 84.72ms,  93.57ms]  89.14ms   4.43ms 178.29ms
             'fj_short_lin_perturb':         1 [295.76ms, 295.76ms] 295.76ms   0.00ns 295.76ms         1 [ 71.27ms,  71.27ms]  71.27ms   0.00ns  71.27ms
              'fj_short_lin_random':         2 [135.93ms, 249.24ms] 192.59ms  56.65ms 385.17ms         2 [ 86.60ms,  90.90ms]  88.75ms   2.15ms 177.50ms
                 'fj_short_perturb':         2 [148.98ms, 261.23ms] 205.11ms  56.13ms 410.21ms         2 [ 61.45ms,  71.19ms]  66.32ms   4.87ms 132.64ms
                  'fj_short_random':         2 [141.10ms, 252.97ms] 197.03ms  55.94ms 394.06ms         2 [ 94.47ms,  95.59ms]  95.03ms 561.63us 190.06ms
                        'fs_random':         1 [325.95ms, 325.95ms] 325.95ms   0.00ns 325.95ms         1 [  1.28ms,   1.28ms]   1.28ms   0.00ns   1.28ms
                        'fs_random':         1 [327.43ms, 327.43ms] 327.43ms   0.00ns 327.43ms         1 [  1.28ms,   1.28ms]   1.28ms   0.00ns   1.28ms
                        'fs_random':         1 [328.19ms, 328.19ms] 328.19ms   0.00ns 328.19ms         1 [  1.28ms,   1.28ms]   1.28ms   0.00ns   1.28ms
                        'fs_random':         1 [329.35ms, 329.35ms] 329.35ms   0.00ns 329.35ms         1 [  1.28ms,   1.28ms]   1.28ms   0.00ns   1.28ms
                  'fs_random_no_lp':         1 [327.69ms, 327.69ms] 327.69ms   0.00ns 327.69ms         1 [  8.55ms,   8.55ms]   8.55ms   0.00ns   8.55ms
                  'fs_random_no_lp':         1 [338.21ms, 338.21ms] 338.21ms   0.00ns 338.21ms         1 [  7.15ms,   7.15ms]   7.15ms   0.00ns   7.15ms
                  'fs_random_no_lp':         1 [339.28ms, 339.28ms] 339.28ms   0.00ns 339.28ms         1 [  8.91ms,   8.91ms]   8.91ms   0.00ns   8.91ms
                  'fs_random_no_lp':         1 [341.61ms, 341.61ms] 341.61ms   0.00ns 341.61ms         1 [  3.30ms,   3.30ms]   3.30ms   0.00ns   3.30ms
          'fs_random_quick_restart':         1 [326.71ms, 326.71ms] 326.71ms   0.00ns 326.71ms         1 [  1.28ms,   1.28ms]   1.28ms   0.00ns   1.28ms
          'fs_random_quick_restart':         1 [329.36ms, 329.36ms] 329.36ms   0.00ns 329.36ms         1 [  1.28ms,   1.28ms]   1.28ms   0.00ns   1.28ms
          'fs_random_quick_restart':         1 [338.41ms, 338.41ms] 338.41ms   0.00ns 338.41ms         1 [  1.28ms,   1.28ms]   1.28ms   0.00ns   1.28ms
          'fs_random_quick_restart':         1 [341.05ms, 341.05ms] 341.05ms   0.00ns 341.05ms         1 [745.56us, 745.56us] 745.56us   0.00ns 745.56us
    'fs_random_quick_restart_no_lp':         1 [329.04ms, 329.04ms] 329.04ms   0.00ns 329.04ms         1 [  2.73ms,   2.73ms]   2.73ms   0.00ns   2.73ms
    'fs_random_quick_restart_no_lp':         1 [339.35ms, 339.35ms] 339.35ms   0.00ns 339.35ms         1 [  3.14ms,   3.14ms]   3.14ms   0.00ns   3.14ms
    'fs_random_quick_restart_no_lp':         1 [340.76ms, 340.76ms] 340.76ms   0.00ns 340.76ms         1 [  3.51ms,   3.51ms]   3.51ms   0.00ns   3.51ms
                    'graph_arc_lns':      5664 [ 21.03ms,   15.94s]    2.98s    2.15s    4.69h      5629 [ 10.00ns, 517.46ms] 110.13ms  88.08ms   10.33m
                    'graph_cst_lns':      5664 [  7.59ms,    8.94s]    2.52s    1.59s    3.96h      5496 [ 10.00ns, 285.77ms]  79.69ms  50.09ms    7.30m
                    'graph_dec_lns':      5664 [  9.03us,   10.79s]    2.75s    1.51s    4.32h      5621 [ 10.00ns, 259.13ms]  77.50ms  46.32ms    7.26m
                    'graph_var_lns':      5664 [ 22.95ms,   22.17s]    3.50s    2.62s    5.51h      5608 [ 10.00ns, 929.83ms] 149.13ms 124.08ms   13.94m
                   'lb_tree_search':         1 [   1.00h,    1.00h]    1.00h   0.00ns    1.00h         1 [  14.33m,   14.33m]   14.33m   0.00ns   14.33m
                           'max_lp':         1 [   1.00h,    1.00h]    1.00h   0.00ns    1.00h         1 [   6.02m,    6.02m]    6.02m   0.00ns    6.02m
                            'no_lp':         1 [   1.00h,    1.00h]    1.00h   0.00ns    1.00h         1 [   3.63m,    3.63m]    3.63m   0.00ns    3.63m
              'objective_lb_search':         1 [   1.00h,    1.00h]    1.00h   0.00ns    1.00h         1 [   5.82m,    5.82m]    5.82m   0.00ns    5.82m
       'objective_lb_search_max_lp':         1 [   1.00h,    1.00h]    1.00h   0.00ns    1.00h         1 [  15.00m,   15.00m]   15.00m   0.00ns   15.00m
        'objective_lb_search_no_lp':         1 [   1.00h,    1.00h]    1.00h   0.00ns    1.00h         1 [   3.46m,    3.46m]    3.46m   0.00ns    3.46m
  'objective_shaving_search_max_lp':       153 [ 31.08ms,    1.91m]   23.52s   25.86s    1.00h       142 [270.61us,    9.99s]    1.80s    2.07s    4.26m
   'objective_shaving_search_no_lp':       154 [ 26.12ms,    1.91m]   23.36s   25.85s    1.00h       143 [  4.35ms,    7.84s]    1.24s    1.43s    2.96m
                          'probing':         1 [   1.00h,    1.00h]    1.00h   0.00ns    1.00h         1 [   6.22m,    6.22m]    6.22m   0.00ns    6.22m
                   'probing_max_lp':         1 [   1.00h,    1.00h]    1.00h   0.00ns    1.00h         1 [  11.84m,   11.84m]   11.84m   0.00ns   11.84m
                     'pseudo_costs':         1 [   1.00h,    1.00h]    1.00h   0.00ns    1.00h         1 [   5.31m,    5.31m]    5.31m   0.00ns    5.31m
                    'quick_restart':         1 [   1.00h,    1.00h]    1.00h   0.00ns    1.00h         1 [   6.53m,    6.53m]    6.53m   0.00ns    6.53m
              'quick_restart_no_lp':         1 [   1.00h,    1.00h]    1.00h   0.00ns    1.00h         1 [   5.01m,    5.01m]    5.01m   0.00ns    5.01m
                    'reduced_costs':         1 [   1.00h,    1.00h]    1.00h   0.00ns    1.00h         1 [   6.61m,    6.61m]    6.61m   0.00ns    6.61m
                        'rins/rens':      5665 [141.00ns,   11.57s]    1.44s    1.21s    2.26h      4452 [ 10.00ns, 204.84ms]  78.25ms  34.38ms    5.81m
                      'rnd_cst_lns':      5664 [  7.74ms,   14.70s]    2.29s    1.32s    3.61h      5624 [ 10.00ns, 234.67ms]  72.59ms  42.95ms    6.80m
                      'rnd_var_lns':      5665 [602.00ns,    8.69s]    2.47s    1.42s    3.88h      5616 [ 10.00ns, 281.20ms]  80.71ms  50.26ms    7.55m
                     'violation_ls':      5663 [  1.06ms,    1.71s] 361.61ms 207.03ms   34.13m      5663 [ 20.96us, 313.88ms] 121.34ms  45.42ms   11.45m
                     'violation_ls':      5663 [  1.10ms,    1.72s] 333.70ms 192.78ms   31.50m      5663 [990.00ns, 309.06ms] 116.67ms  45.14ms   11.01m
                     'violation_ls':      5663 [  1.16ms,    1.55s] 325.25ms 191.19ms   30.70m      5663 [890.00ns, 433.84ms] 122.57ms  53.39ms   11.57m
                     'violation_ls':      5664 [  1.07ms,    2.34s] 320.89ms 196.03ms   30.29m      5664 [  1.05us, 348.43ms] 113.18ms  41.74ms   10.68m
                     'violation_ls':      5664 [  1.11ms,    1.68s] 367.59ms 208.08ms   34.70m      5664 [800.00ns, 334.66ms] 121.85ms  45.68ms   11.50m

Search stats                         Bools  Conflicts   Branches  Restarts   BoolPropag  IntegerPropag
                           'core':   3'590    670'080  1'461'994   116'049  779'384'734    744'492'960
                     'default_lp':     203    219'373  1'789'956   397'494   10'581'618    591'135'333
                      'fs_random':     165          0        330       330           36         15'412
                      'fs_random':     165          0        330       330           36         15'412
                      'fs_random':     165          0        330       330           36         15'412
                      'fs_random':     165          0        330       330           36         15'412
                'fs_random_no_lp':     165          0        448       330           77         28'761
                'fs_random_no_lp':     165         24        591       330          274         46'986
                'fs_random_no_lp':     165         31        552       330          256         43'910
                'fs_random_no_lp':     165         38        541       330          298         49'920
        'fs_random_quick_restart':     165          0        330       330           36         15'412
        'fs_random_quick_restart':     165          0        330       330           36         15'412
        'fs_random_quick_restart':     165          0        330       330           36         15'412
        'fs_random_quick_restart':     165          0        330       330           36         15'412
  'fs_random_quick_restart_no_lp':     167          0        460       330           73         30'563
  'fs_random_quick_restart_no_lp':     180          0        498       330           48         29'200
  'fs_random_quick_restart_no_lp':     198          1        522       331           43         27'106
                 'lb_tree_search':     165        408    682'927   105'067    1'283'735    108'727'183
                         'max_lp':     165    218'085  1'946'883   436'680   10'995'226    578'743'895
                          'no_lp':   1'557    366'472  1'260'301   143'802  119'445'833    787'755'198
            'objective_lb_search':     541    165'544  1'087'269   168'042   19'572'066    492'810'696
     'objective_lb_search_max_lp':     470     79'879  1'621'964   419'798   12'600'727    425'653'816
      'objective_lb_search_no_lp':     622    368'560    932'676    80'096   28'122'224    719'174'397
                        'probing':   1'141        762     18'960    10'453      173'531      1'761'506
                 'probing_max_lp':   1'141        796      8'026     4'948      109'362      1'098'996
                   'pseudo_costs':     327    202'811  1'225'312   229'746   16'741'498    525'557'519
                  'quick_restart':   4'337     70'670  1'403'258   159'045  147'367'752    308'717'869
            'quick_restart_no_lp':   8'023    372'743  2'076'750    81'923  595'193'294    641'398'927
                  'reduced_costs':  18'165    344'080  1'866'561    88'446  980'622'320    500'298'504

SAT stats                           ClassicMinim  LitRemoved  LitLearned  LitForgotten  Subsumed  MClauses  MDecisions  MLitTrue  MSubsumed  MLitRemoved  MReused
                           'core':       612'366   4'783'449   8'175'572     4'287'815     3'595    56'449     314'946         0      7'637       64'610      844
                     'default_lp':       126'646     405'439   4'197'584     3'604'587     5'018   184'946   1'403'777         0      1'491       10'116   15'839
                      'fs_random':             0           0           0             0         0         0           0         0          0            0        0
                      'fs_random':             0           0           0             0         0         0           0         0          0            0        0
                      'fs_random':             0           0           0             0         0         0           0         0          0            0        0
                      'fs_random':             0           0           0             0         0         0           0         0          0            0        0
                'fs_random_no_lp':             0           0           0             0         0         0           0         0          0            0        0
                'fs_random_no_lp':             0           0         147             0         0         0           0         0          0            0        0
                'fs_random_no_lp':             0           0         183             0         0         0           0         0          0            0        0
                'fs_random_no_lp':             1           1         104             0         0         0           0         0          0            0        0
        'fs_random_quick_restart':             0           0           0             0         0         0           0         0          0            0        0
        'fs_random_quick_restart':             0           0           0             0         0         0           0         0          0            0        0
        'fs_random_quick_restart':             0           0           0             0         0         0           0         0          0            0        0
        'fs_random_quick_restart':             0           0           0             0         0         0           0         0          0            0        0
  'fs_random_quick_restart_no_lp':             0           0           0             0         0         0           0         0          0            0        0
  'fs_random_quick_restart_no_lp':             0           0           0             0         0         0           0         0          0            0        0
  'fs_random_quick_restart_no_lp':             0           0           4             0         0         0           0         0          0            0        0
                 'lb_tree_search':             0           0       1'271             0         0    46'224     234'667         0         36          143    2'831
                         'max_lp':       134'926     414'140   4'507'632     3'864'263     5'208   207'599   1'577'530         0      1'314        8'312   19'525
                          'no_lp':       290'557   1'464'370   8'676'272     7'916'544     1'874    64'429     590'784         0      1'341        9'165    6'279
            'objective_lb_search':        97'144     230'517   2'080'471       486'694     6'547    76'092     775'223         0      3'220       22'748   12'313
     'objective_lb_search_max_lp':        40'346      86'602   1'068'868       125'107     4'416   159'114   1'106'513         0        637        4'070   13'137
      'objective_lb_search_no_lp':       250'012     717'250   4'590'186     1'618'448    10'731    39'102     427'069         0      5'538       40'093    6'542
                        'probing':             0           0         762             0         0         0           0         0          0            0        0
                 'probing_max_lp':             0           0         796             0         0         0           0         0          0            0        0
                   'pseudo_costs':       135'776     374'193   3'546'630     2'994'587     5'093   104'438     858'973         0        741        5'445   16'920
                  'quick_restart':        51'069     284'699   1'323'839       797'900     1'836    72'222     696'655        18      7'576       50'602    9'835
            'quick_restart_no_lp':       313'484   2'525'464   7'299'930     6'020'312     1'957    27'031     257'344        17     14'099      106'889    2'288
                  'reduced_costs':       271'732   1'734'481   7'961'856     7'042'424     3'762    42'354     402'869         0     11'000       62'711   11'001

Lp stats                         Component  Iterations  AddedCuts  OPTIMAL  DUAL_F.  DUAL_U.
                  'default_lp':          1   2'023'391    110'586  327'629        0        0
                   'fs_random':          1         522        350        7        0        0
                   'fs_random':          1         522        355        7        0        0
                   'fs_random':          1         522        395        7        0        0
                   'fs_random':          1         522        402        7        0        0
     'fs_random_quick_restart':          1         465        267        5        0        0
     'fs_random_quick_restart':          1         522        378        7        0        0
     'fs_random_quick_restart':          1         522        389        7        0        0
     'fs_random_quick_restart':          1         522        395        7        0        0
              'lb_tree_search':          1  11'131'922     41'889  302'153  151'515        0
                      'max_lp':          1   4'311'887    126'657  194'269  299'869       83
         'objective_lb_search':          1   3'191'901     67'838  273'611        0        0
  'objective_lb_search_max_lp':          1   8'161'138     79'345  166'338   38'173       99
                     'probing':          1   1'484'344    261'107   54'661       10        0
              'probing_max_lp':          1   1'817'029     97'761   21'121    3'742        0
                'pseudo_costs':          1   3'442'328    126'935  215'829  233'957       67
               'quick_restart':          1   3'414'605    160'948  300'534        2        1
               'reduced_costs':          1   1'937'993    137'080  359'813  117'435       11

Lp dimension                                                                       Final dimension of first component
                  'default_lp':    983 rows, 635 columns, 6254 entries with magnitude in [1.024069e-04, 1.000000e+00]
                   'fs_random':    404 rows, 635 columns, 2332 entries with magnitude in [1.608504e-02, 1.000000e+00]
                   'fs_random':    404 rows, 635 columns, 2332 entries with magnitude in [1.608504e-02, 1.000000e+00]
                   'fs_random':    404 rows, 635 columns, 2332 entries with magnitude in [1.608504e-02, 1.000000e+00]
                   'fs_random':    404 rows, 635 columns, 2332 entries with magnitude in [1.608504e-02, 1.000000e+00]
     'fs_random_quick_restart':    354 rows, 635 columns, 2141 entries with magnitude in [3.632164e-02, 1.000000e+00]
     'fs_random_quick_restart':    404 rows, 635 columns, 2332 entries with magnitude in [1.608504e-02, 1.000000e+00]
     'fs_random_quick_restart':    404 rows, 635 columns, 2332 entries with magnitude in [1.608504e-02, 1.000000e+00]
     'fs_random_quick_restart':    404 rows, 635 columns, 2332 entries with magnitude in [1.608504e-02, 1.000000e+00]
              'lb_tree_search':   1758 rows, 653 columns, 8574 entries with magnitude in [9.762370e-05, 1.000000e+00]
                      'max_lp':   1155 rows, 653 columns, 5853 entries with magnitude in [4.777682e-04, 1.000000e+00]
         'objective_lb_search':   1134 rows, 635 columns, 6775 entries with magnitude in [3.996793e-04, 1.000000e+00]
  'objective_lb_search_max_lp':   1630 rows, 653 columns, 7518 entries with magnitude in [1.120226e-03, 1.000000e+00]
                     'probing':  1520 rows, 635 columns, 18147 entries with magnitude in [8.378742e-05, 1.000000e+00]
              'probing_max_lp':  2627 rows, 653 columns, 31081 entries with magnitude in [3.414251e-04, 1.000000e+00]
                'pseudo_costs':    733 rows, 653 columns, 3539 entries with magnitude in [2.375613e-03, 1.000000e+00]
               'quick_restart':   1425 rows, 635 columns, 9494 entries with magnitude in [9.011234e-06, 1.000000e+00]
               'reduced_costs':    556 rows, 653 columns, 2919 entries with magnitude in [3.923189e-03, 1.000000e+00]

Lp debug                         CutPropag  CutEqPropag   Adjust  Overflow         Bad  BadScaling
                  'default_lp':          9          434  118'465         0   1'704'290           0
                   'fs_random':          0            0        0         0       1'752           0
                   'fs_random':          0            0        0         0       1'770           0
                   'fs_random':          0            0        0         0       2'372           0
                   'fs_random':          0            0        0         0       2'402           0
     'fs_random_quick_restart':          0            0        0         0       1'679           0
     'fs_random_quick_restart':          0            0        0         0       2'225           0
     'fs_random_quick_restart':          0            0        0         0       2'282           0
     'fs_random_quick_restart':          0            0        0         0       2'510           0
              'lb_tree_search':         51           34  321'347         0     520'995           0
                      'max_lp':        170          112  165'573         0   1'771'334           0
         'objective_lb_search':         22          502  116'471         0   2'058'090           0
  'objective_lb_search_max_lp':        121           78  106'647         0   1'759'954           0
                     'probing':         18        3'216   27'182         0  55'753'785           0
              'probing_max_lp':        137          718   17'112         0  30'726'258           0
                'pseudo_costs':        103          236  250'339         0   1'628'867           0
               'quick_restart':         44          683  105'786         0   4'131'950           0
               'reduced_costs':        156          202  124'057         0   1'793'723           0

Lp pool                          Constraints  Updates  Simplif  Merged  Shortened    Split  Strenghtened        Cuts/Call
                  'default_lp':        9'455    6'667   23'185     889          0  178'169        26'019  110'586/304'194
                   'fs_random':        1'108        0        0       0          0        0            81          350/592
                   'fs_random':        1'113        0        0       0          0        0            90          355/627
                   'fs_random':        1'153        0        0       0          0        0            81          395/753
                   'fs_random':        1'160        0        0       0          0        0            84          402/780
     'fs_random_quick_restart':        1'025        0        0       0          0        0            85          267/502
     'fs_random_quick_restart':        1'136        0        0       0          0        0            80          378/729
     'fs_random_quick_restart':        1'147        0        0       0          0        0            86          389/791
     'fs_random_quick_restart':        1'153        0        0       0          0        0            88          395/724
              'lb_tree_search':       17'674    2'245  111'395     260          0    6'053       115'901   41'889/249'741
                      'max_lp':       17'016    3'352  198'674     686          0   34'166       161'428  126'657/295'815
         'objective_lb_search':       10'388    8'240   54'152     208          0  277'723        30'972   67'838/215'024
  'objective_lb_search_max_lp':       17'208    3'788  218'097     182          0   70'214       165'888   79'345/246'968
                     'probing':        9'840   30'225   41'809      25          0  339'057        37'628  261'107/456'938
              'probing_max_lp':       17'795   12'592  147'615      11          0  104'808       110'532   97'761/251'662
                'pseudo_costs':       17'370    3'525  205'284     610          0   29'876       161'711  126'935/283'377
               'quick_restart':       10'485   10'661   31'241     221          0  797'508        34'895  160'948/425'570
               'reduced_costs':       16'192    2'996  204'400     933          0   27'526       153'569  137'080/318'628

Lp Cut            fs_ran  fs_ran  fs_ran  fs_ran  fs_ran  fs_ran  fs_ran  fs_ran  defaul  max_lp  quick_  reduce  pseudo  lb_tre  probin  object  probin  object
          CG_FF:      18      17      18      17      18      18      10      17   7'425   6'198   7'274   9'352   7'123   2'474   7'037   3'547   1'089   2'831
           CG_K:      15      15      15      15      15      15       8      15   4'994   4'366   5'113   7'668   4'753   1'128   5'135   2'840     540   1'952
          CG_KL:       -       -       -       -       -       -       -       -       1       5      10       7       1       -       2       5       -       -
           CG_R:      18      18      18      18      18      18       9      18   9'541   5'551  11'316   8'849   5'666   1'416  31'548   5'121   1'462   2'807
          CG_RB:       2       2       2       2       2       2       -       2  19'307  18'914  30'085  20'575  21'497   6'594  74'718  13'362   5'140  10'721
         CG_RBP:       -       -       -       -       -       -       -       -   3'113   2'652   3'836   3'584   4'860     809  10'839   1'207     391     887
         Clique:       -       -       -       -       -       -       -       -       -   1'198       -   1'735   1'671     183       -       -     219     186
             IB:     127     127     127     127     127     127      83     127  24'192  25'824  52'046  20'845  21'811  10'780  21'884  16'960   4'552  17'290
       MIR_1_FF:      77      76      76      62      71      67      61      74   3'995   4'395   3'462   5'927   4'615   1'207   7'864   1'900   2'337   2'854
        MIR_1_K:      14      16      16      15      14      15      15      15     783   1'393     511   1'789   1'592     283   1'178     309     254     798
       MIR_1_KL:       -       -       -       -       -       -       -       -      68      67      81      43      18      10     233       8      41       2
        MIR_1_R:      25      25      24      21      24      22      21      23   1'397     934   1'176   1'551     898     239   4'302     627     938     536
       MIR_1_RB:      28      29      27      21      24      24      20      25   6'156  10'155   7'541  10'920  10'297   2'992  15'907   3'423   4'657   6'582
      MIR_1_RBP:       2       2       2       1       1       2       1       2     193   2'670     271   1'758   1'885     439     583      51     486     274
      MIR_1_RLT:       -       -       -       -       -       -       -       -       -     116       -     153     120      18       -       -      69      39
       MIR_2_FF:      14      18      19      19      17      15      14      20   2'473   2'685   2'132   3'371   2'796     709   3'564   1'112   1'677   1'616
        MIR_2_K:       4       2       7       4       3       4       5       5     591     929     479     999   1'013     195     909     279     255     456
       MIR_2_KL:       1       1       2       2       2       1       2       2     101     116     189     158     102      35     631     105     108      76
        MIR_2_R:       7       5      10       6       6       5       5       6   1'017   1'150   1'162   1'453   1'111     501   4'622     629   2'272   1'088
       MIR_2_RB:      12      11      17       9      15       9       7       8   4'513   5'747   6'156   5'792   5'834   1'943  10'753   2'775   3'613   4'225
      MIR_2_RBP:       1       1       -       -       -       1       -       1     316   1'754     383   1'137   1'240     317     804      75     404     245
       MIR_3_FF:       4       5       4       1       4       2       -       4   1'396   1'888   1'347   2'120   1'958     515   1'803     717   1'178   1'171
        MIR_3_K:       4       4       3       -       3       1       2       2     443     768     405     724     802     160     602     200     234     368
       MIR_3_KL:       -       1       -       -       -       -       -       -      75     100     154     101      87      37     524      71      62      79
        MIR_3_R:       1       1       1       -       -       -       1       -     748     974     919   1'017     855     470   2'340     547   1'567   1'162
       MIR_3_RB:       2       7       4       2       4       2       1       8   3'097   3'609   4'304   3'581   3'590   1'360   7'175   2'080   2'624   2'959
      MIR_3_RBP:       -       -       -       -       -       -       -       -     277   1'070     312     721     801     187     544      63     300     173
       MIR_4_FF:       1       1       -       -       -       -       -       2     742     952     817   1'120   1'078     314   1'060     413     697     709
        MIR_4_K:       -       1       -       -       -       -       -       1     275     484     237     529     534      92     481     154     195     250
       MIR_4_KL:       -       1       -       -       -       -       -       -      49      77     111     107      60      34     517      65      55      63
        MIR_4_R:       -       -       -       -       -       -       -       -     574     574     751     619     521     276   1'474     410     827     711
       MIR_4_RB:       2       1       -       1       -       -       -       -   1'797   1'841   2'625   1'837   1'907     695   4'347   1'243   1'464   1'697
      MIR_4_RBP:       -       -       -       -       -       -       -       -     171     529     205     404     460     105     346      57     147     118
       MIR_5_FF:       1       1       1       -       -       -       -       1     499     583     488     602     573     181     841     309     482     459
        MIR_5_K:       -       -       1       -       -       -       -       -     158     312     136     291     312     100     382      99     149     197
       MIR_5_KL:       -       -       -       -       -       -       -       -      24      43      47      58      38      16     289      26      49      41
        MIR_5_R:       1       -       -       -       -       -       -       1     415     336     604     346     324     170   1'024     306     441     437
       MIR_5_RB:       1       -       1       1       -       -       -       -     987     953   1'540   1'029     991     370   2'604     771     767     898
      MIR_5_RBP:       -       -       -       -       -       -       -       -     109     262     103     247     252      74     268      42     104      70
       MIR_6_FF:       4       1       1       -       1       -       -       1     290     278     312     288     316     118     673     198     254     228
        MIR_6_K:       3       -       -       -       1       -       -       1      89     173     105     176     212      56     320      82      80     114
       MIR_6_KL:       -       -       -       -       -       -       -       -      17      27      39      29      33       8     195      14      16      23
        MIR_6_R:       -       -       -       -       -       -       -       -     251     169     372     187     166      78     704     215     211     186
       MIR_6_RB:       1       1       1       1       3       -       -       3     563     508     792     500     567     218   1'546     427     363     422
      MIR_6_RBP:       -       -       -       -       -       -       -       -      64     147      86     167     147      39     240      37      50      39
   ZERO_HALF_FF:       1       1       1       1       1       1       1       1     933   1'136     761   1'545   1'038     234   1'361     437     232     431
    ZERO_HALF_K:       1       1       1       1       1       1       -       1     275     657     175     905     659      77     459     100     111     226
   ZERO_HALF_KL:       -       -       -       -       -       -       -       -       -       -       1       9       2       -       3       1       -       -
    ZERO_HALF_R:       1       1       1       1       1       1       -       1   3'881   7'160   6'952   6'221   5'831   2'509  20'263   3'250  50'922   8'431
   ZERO_HALF_RB:       2       2       2       2       2       2       1       2   1'740   3'244   2'488   3'262   3'082     961   5'098     994   2'207   1'966
  ZERO_HALF_RBP:       -       -       -       -       -       -       -       -     471     984     537     672     836     163   1'111     175   1'469     252

LNS stats           Improv/Calls  Closed  Difficulty  TimeLimit
  'graph_arc_lns':      132/5661     50%        0.98       0.31
  'graph_cst_lns':      252/5535     50%        0.99       0.14
  'graph_dec_lns':      276/5662     50%        0.99       0.14
  'graph_var_lns':       87/5661     50%        0.99       0.50
      'rins/rens':      615/5055     50%        0.82       0.10
    'rnd_cst_lns':      310/5656     50%        0.99       0.12
    'rnd_var_lns':      278/5661     50%        0.99       0.15

LS stats                   Batches  Restarts    LinMoves    GenMoves  CompoundMoves  WeightUpdates
       'fj_long_default':        1         1       9'916           0              0             84
       'fj_long_default':        2         1      19'846           0              0            154
   'fj_long_lin_default':        2         1           0       7'241          1'082              2
   'fj_long_lin_perturb':        1         1       9'626           0              0            374
    'fj_long_lin_random':        1         1       9'759           0              0            241
       'fj_long_perturb':        1         1           0       3'419            342              0
        'fj_long_random':        1         1       9'929           0              0             71
      'fj_short_default':        1         1       9'796           0              0            204
      'fj_short_default':        2         1           0       7'379          1'026              2
  'fj_short_lin_default':        1         1           0       3'820            438              0
  'fj_short_lin_default':        2         1           0       6'664            985              2
  'fj_short_lin_perturb':        1         1       9'914           0              0             86
   'fj_short_lin_random':        2         1           0       6'916            890              2
      'fj_short_perturb':        2         1      19'849           0              0            151
       'fj_short_random':        2         1           0       7'116            712              1
          'violation_ls':    5'663         0  27'259'727  12'656'665        607'173      1'851'433
          'violation_ls':    5'663         0  28'386'138  10'890'167        582'197      1'653'152
          'violation_ls':    5'663         0  29'630'268   9'945'877        475'149      1'564'777
          'violation_ls':    5'664         0  28'643'953  10'635'581        527'030      1'581'982
          'violation_ls':    5'664         0  32'759'883   8'663'645        373'331      2'239'293

Solutions (135)                     Num       Rank
  'fs_random_quick_restart_no_lp':    1      [1,1]
                  'graph_arc_lns':    2  [102,135]
                  'graph_dec_lns':    2   [45,103]
                  'graph_var_lns':    5    [8,133]
                          'no_lp':   19     [3,84]
            'quick_restart_no_lp':   14    [2,118]
                    'rins_lp_lns':    2    [61,70]
                  'rins_pump_lns':    3   [44,134]
                    'rnd_cst_lns':    1  [131,131]
                    'rnd_var_lns':    2   [55,132]
                   'violation_ls':   84    [6,130]

Objective bounds                     Num
                       'bool_core':   85
                  'initial_domain':    1
             'objective_lb_search':    3
       'objective_lb_search_no_lp':   61
  'objective_shaving_search_no_lp':    5

Solution repositories     Added  Queried  Ignored  Synchro
  'feasible solutions':  37'215  111'872        4   35'492
        'lp solutions':  12'203    2'897        0   11'226
                'pump':  55'449    2'767

Improving bounds shared            Num
                        'core':    176
                  'default_lp':    171
              'lb_tree_search':     36
                      'max_lp':    347
                       'no_lp':    182
         'objective_lb_search':     17
  'objective_lb_search_max_lp':    126
                     'probing':  2'481
              'probing_max_lp':  1'056
                'pseudo_costs':    270
               'quick_restart':    489
         'quick_restart_no_lp':  4'230
               'reduced_costs':    438

Clauses shared                  Num
                       'core':   11
                 'default_lp':    6
            'fs_random_no_lp':    2
             'lb_tree_search':    8
                     'max_lp':    5
                      'no_lp':   10
        'objective_lb_search':    2
  'objective_lb_search_no_lp':    7
               'pseudo_costs':    8
              'quick_restart':    8
        'quick_restart_no_lp':   38

CpSolverResponse summary:
status: FEASIBLE
objective: 1128
best_bound: 504
integers: 636
booleans: 165
conflicts: 0
branches: 330
propagations: 36
integer_propagations: 15412
restarts: 330
lp_iterations: 522
walltime: 3600.22
usertime: 3600.22
deterministic_time: 14090
gap_integral: 91189
solution_fingerprint: 0xc91ff241856f96c5


--- Simulation Gantt  partir du modle mathmatique ---
{'big':1, 'due_date':205, 'pos_time':5, 'status':0, 'blocked':0, 'operations':["{'type':1, 'processing_time':12}", "{'type':0, 'processing_time':12}"]}
{'big':0, 'due_date':189, 'pos_time':5, 'status':0, 'blocked':0, 'operations':["{'type':1, 'processing_time':34}", "{'type':0, 'processing_time':12}"]}
{'big':1, 'due_date':184, 'pos_time':5, 'status':0, 'blocked':0, 'operations':["{'type':0, 'processing_time':34}", "{'type':1, 'processing_time':28}"]}
{'big':0, 'due_date':145, 'pos_time':5, 'status':0, 'blocked':0, 'operations':["{'type':1, 'processing_time':10}"]}
{'big':0, 'due_date':139, 'pos_time':5, 'status':0, 'blocked':0, 'operations':["{'type':0, 'processing_time':26}", "{'type':1, 'processing_time':38}"]}
{'big':0, 'due_date':207, 'pos_time':5, 'status':0, 'blocked':0, 'operations':["{'type':1, 'processing_time':38}", "{'type':0, 'processing_time':34}"]}
{'big':0, 'due_date':116, 'pos_time':5, 'status':0, 'blocked':0, 'operations':["{'type':1, 'processing_time':44}", "{'type':0, 'processing_time':29}"]}
{'big':0, 'due_date':215, 'pos_time':5, 'status':0, 'blocked':0, 'operations':["{'type':0, 'processing_time':35}", "{'type':1, 'processing_time':25}"]}
{'big':1, 'due_date':52, 'pos_time':5, 'status':0, 'blocked':0, 'operations':["{'type':0, 'processing_time':14}"]}
{'big':0, 'due_date':61, 'pos_time':5, 'status':0, 'blocked':0, 'operations':["{'type':0, 'processing_time':27}"]}
