created virtual environment CPython3.12.4.final.0-64 in 6307ms
  creator CPython3Posix(dest=/localscratch/aneumann.63393167.0/env, clear=False, no_vcs_ignore=False, global=False)
  seeder FromAppData(download=False, pip=bundle, via=copy, app_data_dir=/home/aneumann/.local/share/virtualenv)
    added seed packages: pip==25.1.1
  activators BashActivator,CShellActivator,FishActivator,NushellActivator,PowerShellActivator,PythonActivator
Looking in links: /cvmfs/soft.computecanada.ca/custom/python/wheelhouse/gentoo2023/x86-64-v3, /cvmfs/soft.computecanada.ca/custom/python/wheelhouse/gentoo2023/generic, /cvmfs/soft.computecanada.ca/custom/python/wheelhouse/generic
Requirement already satisfied: pip in /localscratch/aneumann.63393167.0/env/lib/python3.12/site-packages (25.1.1)
Looking in links: /cvmfs/soft.computecanada.ca/custom/python/wheelhouse/gentoo2023/x86-64-v3, /cvmfs/soft.computecanada.ca/custom/python/wheelhouse/gentoo2023/generic, /cvmfs/soft.computecanada.ca/custom/python/wheelhouse/generic
ERROR: protobuf-5.28.3-cp38-abi3-manylinux2014_x86_64.whl is not a supported wheel on this platform.
Looking in links: /cvmfs/soft.computecanada.ca/custom/python/wheelhouse/gentoo2023/x86-64-v3, /cvmfs/soft.computecanada.ca/custom/python/wheelhouse/gentoo2023/generic, /cvmfs/soft.computecanada.ca/custom/python/wheelhouse/generic
Processing /home/aneumann/projects/def-adhaj/aneumann/GNRS/wheels/immutabledict-4.2.0-py3-none-any.whl
Installing collected packages: immutabledict
Successfully installed immutabledict-4.2.0
Looking in links: /cvmfs/soft.computecanada.ca/custom/python/wheelhouse/gentoo2023/x86-64-v3, /cvmfs/soft.computecanada.ca/custom/python/wheelhouse/gentoo2023/generic, /cvmfs/soft.computecanada.ca/custom/python/wheelhouse/generic
Processing /cvmfs/soft.computecanada.ca/custom/python/wheelhouse/generic/ortools-9.10.4067+computecanada-cp312-cp312-linux_x86_64.whl (from -r /home/aneumann/projects/def-adhaj/aneumann/GNRS/requirements/or.txt (line 1))
Processing /cvmfs/soft.computecanada.ca/custom/python/wheelhouse/gentoo2023/x86-64-v3/matplotlib-3.10.0+computecanada-cp312-cp312-linux_x86_64.whl (from -r /home/aneumann/projects/def-adhaj/aneumann/GNRS/requirements/or.txt (line 2))
Processing /cvmfs/soft.computecanada.ca/custom/python/wheelhouse/gentoo2023/x86-64-v3/pandas-2.2.3+computecanada-cp312-cp312-linux_x86_64.whl (from -r /home/aneumann/projects/def-adhaj/aneumann/GNRS/requirements/or.txt (line 3))
Processing /cvmfs/soft.computecanada.ca/custom/python/wheelhouse/generic/absl_py-2.2.2+computecanada-py3-none-any.whl (from ortools<9.11,>=9.10->-r /home/aneumann/projects/def-adhaj/aneumann/GNRS/requirements/or.txt (line 1))
Processing /cvmfs/soft.computecanada.ca/custom/python/wheelhouse/gentoo2023/generic/numpy-2.2.2+computecanada-cp312-cp312-linux_x86_64.whl (from ortools<9.11,>=9.10->-r /home/aneumann/projects/def-adhaj/aneumann/GNRS/requirements/or.txt (line 1))
Processing /cvmfs/soft.computecanada.ca/custom/python/wheelhouse/gentoo2023/x86-64-v3/protobuf-6.30.2+computecanada-cp312-cp312-linux_x86_64.whl (from ortools<9.11,>=9.10->-r /home/aneumann/projects/def-adhaj/aneumann/GNRS/requirements/or.txt (line 1))
Requirement already satisfied: immutabledict>=3.0.0 in /localscratch/aneumann.63393167.0/env/lib/python3.12/site-packages (from ortools<9.11,>=9.10->-r /home/aneumann/projects/def-adhaj/aneumann/GNRS/requirements/or.txt (line 1)) (4.2.0)
Processing /cvmfs/soft.computecanada.ca/custom/python/wheelhouse/gentoo2023/generic/contourpy-1.3.1+computecanada-cp312-cp312-linux_x86_64.whl (from matplotlib->-r /home/aneumann/projects/def-adhaj/aneumann/GNRS/requirements/or.txt (line 2))
Processing /cvmfs/soft.computecanada.ca/custom/python/wheelhouse/generic/cycler-0.12.1+computecanada-py3-none-any.whl (from matplotlib->-r /home/aneumann/projects/def-adhaj/aneumann/GNRS/requirements/or.txt (line 2))
Processing /cvmfs/soft.computecanada.ca/custom/python/wheelhouse/generic/fonttools-4.58.2+computecanada-cp312-cp312-linux_x86_64.whl (from matplotlib->-r /home/aneumann/projects/def-adhaj/aneumann/GNRS/requirements/or.txt (line 2))
Processing /cvmfs/soft.computecanada.ca/custom/python/wheelhouse/gentoo2023/x86-64-v3/kiwisolver-1.4.8+computecanada-cp312-cp312-linux_x86_64.whl (from matplotlib->-r /home/aneumann/projects/def-adhaj/aneumann/GNRS/requirements/or.txt (line 2))
Processing /cvmfs/soft.computecanada.ca/custom/python/wheelhouse/generic/packaging-25.0+computecanada-py3-none-any.whl (from matplotlib->-r /home/aneumann/projects/def-adhaj/aneumann/GNRS/requirements/or.txt (line 2))
Processing /cvmfs/soft.computecanada.ca/custom/python/wheelhouse/gentoo2023/x86-64-v3/pillow-11.1.0+computecanada-cp312-cp312-linux_x86_64.whl (from matplotlib->-r /home/aneumann/projects/def-adhaj/aneumann/GNRS/requirements/or.txt (line 2))
Processing /cvmfs/soft.computecanada.ca/custom/python/wheelhouse/generic/pyparsing-3.2.1+computecanada-py3-none-any.whl (from matplotlib->-r /home/aneumann/projects/def-adhaj/aneumann/GNRS/requirements/or.txt (line 2))
Processing /cvmfs/soft.computecanada.ca/custom/python/wheelhouse/generic/python_dateutil-2.9.0.post0+computecanada-py2.py3-none-any.whl (from matplotlib->-r /home/aneumann/projects/def-adhaj/aneumann/GNRS/requirements/or.txt (line 2))
Processing /cvmfs/soft.computecanada.ca/custom/python/wheelhouse/generic/pytz-2025.2+computecanada-py2.py3-none-any.whl (from pandas->-r /home/aneumann/projects/def-adhaj/aneumann/GNRS/requirements/or.txt (line 3))
Processing /cvmfs/soft.computecanada.ca/custom/python/wheelhouse/generic/tzdata-2025.2+computecanada-py2.py3-none-any.whl (from pandas->-r /home/aneumann/projects/def-adhaj/aneumann/GNRS/requirements/or.txt (line 3))
Processing /cvmfs/soft.computecanada.ca/custom/python/wheelhouse/generic/six-1.17.0+computecanada-py2.py3-none-any.whl (from python-dateutil>=2.7->matplotlib->-r /home/aneumann/projects/def-adhaj/aneumann/GNRS/requirements/or.txt (line 2))
Installing collected packages: pytz, tzdata, six, pyparsing, protobuf, pillow, packaging, numpy, kiwisolver, fonttools, cycler, absl-py, python-dateutil, contourpy, pandas, matplotlib, ortools

Successfully installed absl-py-2.2.2+computecanada contourpy-1.3.1+computecanada cycler-0.12.1+computecanada fonttools-4.58.2+computecanada kiwisolver-1.4.8+computecanada matplotlib-3.10.0+computecanada numpy-2.2.2+computecanada ortools-9.10.4067+computecanada packaging-25.0+computecanada pandas-2.2.3+computecanada pillow-11.1.0+computecanada protobuf-6.30.2+computecanada pyparsing-3.2.1+computecanada python-dateutil-2.9.0.post0+computecanada pytz-2025.2+computecanada six-1.17.0+computecanada tzdata-2025.2+computecanada

Starting CP-SAT solver v9.10.4067
Parameters: max_time_in_seconds: 3600 max_memory_in_mb: 12000 log_search_progress: true enumerate_all_solutions: false absolute_gap_limit: 0 relative_gap_limit: 0
Setting number of workers to 48

Initial optimization model '': (model_fingerprint: 0x47286c6f4c3f0bc4)
#Variables: 97 (#ints: 5 in objective)
  - 56 Booleans in [0,1]
  - 41 in [0,187]
#kLinear1: 16
#kLinear2: 92
#kLinear3: 48
#kLinearN: 188 (#terms: 1'552)

Starting presolve at 0.00s
  1.09e-04s  0.00e+00d  [DetectDominanceRelations] 
  2.52e-03s  0.00e+00d  [PresolveToFixPoint] #num_loops=5 #num_dual_strengthening=3 
  1.08e-05s  0.00e+00d  [ExtractEncodingFromLinear] #potential_supersets=1 
[Symmetry] Graph for symmetry has 293 nodes and 675 arcs.
[Symmetry] Symmetry computation done. time: 0.000174272 dtime: 7.774e-05
[Symmetry] #generators: 1, average support size: 10
[Symmetry] The model contains 27 duplicate constraints !
[Symmetry] 5 orbits with sizes: 2,2,2,2,2
[Symmetry] Num fixable by intersecting at_most_one with orbits: 1 largest_orbit: 2
  5.51e-04s  2.99e-05d  [Probe] #probed=50 #new_bounds=5 #equiv=1 
  3.66e-06s  0.00e+00d  [MaxClique] 
  6.88e-05s  0.00e+00d  [DetectDominanceRelations] 
  8.02e-04s  0.00e+00d  [PresolveToFixPoint] #num_loops=4 #num_dual_strengthening=3 
  1.53e-04s  0.00e+00d  [ProcessAtMostOneAndLinear] 
  1.56e-04s  0.00e+00d  [DetectDuplicateConstraints] #duplicates=30 #without_enforcements=6 
  6.72e-05s  1.47e-06d  [DetectDominatedLinearConstraints] #relevant_constraints=88 #num_inclusions=42 
  7.34e-05s  0.00e+00d  [DetectDifferentVariables] #different=8 
  1.33e-05s  0.00e+00d  [ProcessSetPPC] #relevant_constraints=21 
  5.42e-06s  0.00e+00d  [FindAlmostIdenticalLinearConstraints] 
  5.18e-06s  0.00e+00d  [FindBigAtMostOneAndLinearOverlap] 
  6.92e-05s  1.99e-05d  [FindBigVerticalLinearOverlap] 
  9.35e-06s  7.10e-07d  [FindBigHorizontalLinearOverlap] #linears=21 
  2.97e-06s  0.00e+00d  [MergeClauses] 
  6.34e-05s  0.00e+00d  [DetectDominanceRelations] 
  4.35e-04s  0.00e+00d  [PresolveToFixPoint] #num_loops=1 #num_dual_strengthening=1 
  5.75e-05s  0.00e+00d  [DetectDominanceRelations] 
  4.18e-04s  0.00e+00d  [PresolveToFixPoint] #num_loops=1 #num_dual_strengthening=1 
[Symmetry] Graph for symmetry has 256 nodes and 557 arcs.
[Symmetry] Symmetry computation done. time: 4.6774e-05 dtime: 3.886e-05
  3.92e-04s  2.50e-05d  [Probe] #probed=50 
  3.08e-06s  0.00e+00d  [MaxClique] 
  6.40e-05s  0.00e+00d  [DetectDominanceRelations] 
  4.50e-04s  0.00e+00d  [PresolveToFixPoint] #num_loops=1 #num_dual_strengthening=1 
  1.33e-04s  0.00e+00d  [ProcessAtMostOneAndLinear] 
  1.13e-04s  0.00e+00d  [DetectDuplicateConstraints] #without_enforcements=6 
  6.45e-05s  1.47e-06d  [DetectDominatedLinearConstraints] #relevant_constraints=88 #num_inclusions=42 
  6.08e-05s  0.00e+00d  [DetectDifferentVariables] #different=8 
  1.35e-05s  0.00e+00d  [ProcessSetPPC] #relevant_constraints=21 
  5.27e-06s  0.00e+00d  [FindAlmostIdenticalLinearConstraints] 
  4.77e-06s  0.00e+00d  [FindBigAtMostOneAndLinearOverlap] 
  6.45e-05s  1.99e-05d  [FindBigVerticalLinearOverlap] 
  8.96e-06s  7.10e-07d  [FindBigHorizontalLinearOverlap] #linears=21 
  2.40e-06s  0.00e+00d  [MergeClauses] 
  6.27e-05s  0.00e+00d  [DetectDominanceRelations] 
  4.39e-04s  0.00e+00d  [PresolveToFixPoint] #num_loops=1 #num_dual_strengthening=1 
  1.01e-05s  0.00e+00d  [ExpandObjective] 

Presolve summary:
  - 10 affine relations were detected.
  - rule 'TODO dual: add implied bound' was applied 30 times.
  - rule 'TODO dual: only one blocking constraint?' was applied 194 times.
  - rule 'TODO dual: only one blocking enforced constraint?' was applied 43 times.
  - rule 'TODO dual: only one unspecified blocking constraint?' was applied 50 times.
  - rule 'TODO duplicate: identical constraint with different enforcements' was applied 12 times.
  - rule 'affine: new relation' was applied 10 times.
  - rule 'deductions: 21 stored' was applied 1 time.
  - rule 'dual: fix variable' was applied 14 times.
  - rule 'dual: reduced domain' was applied 29 times.
  - rule 'duplicate: merged rhs of linear constraint' was applied 3 times.
  - rule 'duplicate: removed constraint' was applied 30 times.
  - rule 'enforcement: false literal' was applied 6 times.
  - rule 'exactly_one: x and not(x)' was applied 1 time.
  - rule 'linear: always true' was applied 177 times.
  - rule 'linear: doubleton free' was applied 4 times.
  - rule 'linear: empty' was applied 14 times.
  - rule 'linear: extracted enforcement literal' was applied 204 times.
  - rule 'linear: fixed or dup variables' was applied 206 times.
  - rule 'linear: positive equal one' was applied 1 time.
  - rule 'linear: reduced variable domains' was applied 40 times.
  - rule 'linear: remapped using affine relations' was applied 177 times.
  - rule 'linear: simplified rhs' was applied 419 times.
  - rule 'linear: singleton column' was applied 1 time.
  - rule 'linear: variable substitution 1' was applied 4 times.
  - rule 'presolve: 41 unused variables removed.' was applied 1 time.
  - rule 'presolve: iteration' was applied 2 times.
  - rule 'symmetry: fixed to false in general orbit' was applied 1 time.

Presolved optimization model '': (model_fingerprint: 0x82598428e14816fc)
#Variables: 41 (#ints: 5 in objective)
  - 11 Booleans in [0,1]
  - 1 in [0,7]
  - 3 in [0,8]
  - 1 in [0,91]
  - 1 in [0,92]
  - 1 in [0,94]
  - 1 in [0,99]
  - 1 in [0,103]
  - 1 in [0,104]
  - 1 in [0,135]
  - 1 in [0,148]
  - 1 in [0,157]
  - 2 in [0,161]
  - 1 in [3,138]
  - 1 in [3,151]
  - 1 in [3,160]
  - 1 in [3,164]
  - 2 in [72,176]
  - 2 in [77,176]
  - 1 in [78,182]
  - 2 in [82,176]
  - 1 in [83,182]
  - 2 in [88,182]
  - 1 in [93,187]
#kLinear2: 33 (#enforced: 15 #multi: 12)
#kLinear3: 35 (#enforced: 29 #multi: 11)
#kLinearN: 35 (#enforced: 13) (#terms: 198)

Preloading model.
#Bound   0.01s best:inf   next:[93,573]   initial_domain
[Symmetry] Graph for symmetry has 200 nodes and 557 arcs.
[Symmetry] Symmetry computation done. time: 4.8151e-05 dtime: 3.55e-05
#Model   0.01s var:41/41 constraints:103/103

Starting search at 0.01s with 48 workers.
16 full problem subsolvers: [core, default_lp, lb_tree_search, max_lp, no_lp, objective_lb_search, objective_lb_search_max_lp, objective_lb_search_no_lp, objective_shaving_search_max_lp, objective_shaving_search_no_lp, probing, probing_max_lp, pseudo_costs, quick_restart, quick_restart_no_lp, reduced_costs]
30 first solution subsolvers: [fj_long_default(2), fj_long_lin_default, fj_long_lin_perturb, fj_long_lin_random, fj_long_perturb, fj_long_random, fj_short_default(2), fj_short_lin_default(2), fj_short_lin_perturb, fj_short_lin_random, fj_short_perturb, fj_short_random, fs_random(4), fs_random_no_lp(4), fs_random_quick_restart(4), fs_random_quick_restart_no_lp(3)]
13 incomplete subsolvers: [feasibility_pump, graph_arc_lns, graph_cst_lns, graph_dec_lns, graph_var_lns, rins/rens, rnd_cst_lns, rnd_var_lns, violation_ls(5)]
3 helper subsolvers: [neighborhood_helper, synchronization_agent, update_gap_integral]
#Bound   0.01s best:inf   next:[94,573]   bool_core (num_cores=1 [size:1 mw:1] a=5 d=0 fixed=0/16 clauses=1)
#1       0.01s best:280   next:[94,279]   no_lp (fixed_bools=0/20)
#2       0.01s best:265   next:[94,264]   no_lp (fixed_bools=0/25)
#Bound   0.01s best:265   next:[95,264]   bool_core (num_cores=2 [size:1 mw:1] a=5 d=0 fixed=1/17 clauses=1)
#3       0.01s best:256   next:[95,255]   quick_restart_no_lp (fixed_bools=0/30)
#Bound   0.01s best:256   next:[96,255]   bool_core (num_cores=3 [size:1 mw:1] a=5 d=0 fixed=2/18 clauses=1)
#4       0.01s best:235   next:[96,234]   quick_restart_no_lp (fixed_bools=0/39)
#Bound   0.01s best:235   next:[97,234]   bool_core (num_cores=4 [size:1 mw:1] a=5 d=0 fixed=3/19 clauses=1)
#Bound   0.01s best:235   next:[98,234]   bool_core (num_cores=5 [size:3 mw:1 d:2] a=3 d=2 fixed=4/21 clauses=4)
#Bound   0.01s best:235   next:[99,234]   bool_core (num_cores=5 [cover] a=3 d=2 fixed=4/26 clauses=6)
#Bound   0.01s best:235   next:[100,234]  bool_core (num_cores=5 [cover] a=3 d=2 fixed=5/31 clauses=10)
#Bound   0.01s best:235   next:[101,234]  bool_core (num_cores=5 [cover] a=3 d=2 fixed=6/36 clauses=16)
#Bound   0.01s best:235   next:[102,234]  bool_core (num_cores=5 [cover] a=3 d=2 fixed=7/41 clauses=24)
#Bound   0.01s best:235   next:[103,234]  bool_core (num_cores=5 [cover] a=3 d=2 fixed=8/46 clauses=34)
#Bound   0.01s best:235   next:[104,234]  bool_core (num_cores=5 [cover] a=3 d=2 fixed=9/51 clauses=46)
#Bound   0.01s best:235   next:[105,234]  bool_core (num_cores=5 [cover] a=3 d=2 fixed=10/56 clauses=60)
#Bound   0.01s best:235   next:[106,234]  bool_core (num_cores=5 [cover] a=3 d=2 fixed=11/61 clauses=76)
#Bound   0.02s best:235   next:[107,234]  bool_core (num_cores=5 [cover] a=3 d=2 fixed=12/66 clauses=94)
#Bound   0.02s best:235   next:[108,234]  bool_core (num_cores=5 [cover] a=3 d=2 fixed=13/71 clauses=115)
#Bound   0.02s best:235   next:[109,234]  bool_core (num_cores=5 [cover] a=3 d=2 fixed=14/76 clauses=138)
#Bound   0.02s best:235   next:[110,234]  bool_core (num_cores=5 [cover] a=3 d=2 fixed=15/81 clauses=162)
#Bound   0.02s best:235   next:[111,234]  bool_core (num_cores=5 [cover] a=3 d=2 fixed=16/86 clauses=189)
#Bound   0.02s best:235   next:[112,234]  bool_core (num_cores=5 [cover] a=3 d=2 fixed=17/91 clauses=218)
#5       0.02s best:224   next:[112,223]  no_lp (fixed_bools=0/31)
#Bound   0.02s best:224   next:[117,223]  objective_lb_search_no_lp
#6       0.02s best:223   next:[138,222]  violation_ls(batch:1 #solutions_imported:1 #lin_moves:0 #lin_evals:7 #gen_moves:4 #gen_evals:0 #comp_moves:4 #backtracks:0 #weight_updates:0)
#7       0.02s best:222   next:[138,221]  violation_ls(batch:1 #solutions_imported:1 #lin_moves:1 #lin_evals:4 #weight_updates:0)
#8       0.02s best:221   next:[152,220]  violation_ls(batch:1 #solutions_imported:1 #lin_moves:0 #lin_evals:5 #gen_moves:3 #gen_evals:0 #comp_moves:3 #backtracks:0 #weight_updates:0)
#9       0.02s best:220   next:[153,219]  violation_ls(batch:1 #solutions_imported:1 #lin_moves:0 #lin_evals:4 #gen_moves:2 #gen_evals:0 #comp_moves:2 #backtracks:0 #weight_updates:0)
#10      0.02s best:209   next:[153,208]  no_lp (fixed_bools=1/34)
#11      0.02s best:208   next:[154,207]  violation_ls(batch:1 #solutions_imported:1 #lin_moves:0 #lin_evals:17 #gen_moves:7 #gen_evals:0 #comp_moves:7 #backtracks:0 #weight_updates:0)
#12      0.02s best:207   next:[159,206]  quick_restart_no_lp (fixed_bools=1/58)
#13      0.02s best:194   next:[159,193]  no_lp (fixed_bools=1/39)
#14      0.02s best:183   next:[170,182]  no_lp (fixed_bools=1/49)
#Model   0.02s var:39/41 constraints:77/103
#Done    0.02s no_lp
#Model   0.02s var:31/41 constraints:51/103
#Bound   0.02s best:183   next:[180,182]  objective_lb_search_no_lp [skipped_logs=6]

Task timing                                  n [     min,      max]      avg      dev     time         n [     min,      max]      avg      dev    dtime
                             'core':         1 [ 11.51ms,  11.51ms]  11.51ms   0.00ns  11.51ms         1 [  3.79ms,   3.79ms]   3.79ms   0.00ns   3.79ms
                       'default_lp':         1 [ 11.67ms,  11.67ms]  11.67ms   0.00ns  11.67ms         1 [336.09us, 336.09us] 336.09us   0.00ns 336.09us
                 'feasibility_pump':         2 [399.44us,   1.28ms] 840.48us 441.04us   1.68ms         1 [145.62us, 145.62us] 145.62us   0.00ns 145.62us
                  'fj_long_default':         0 [  0.00ns,   0.00ns]   0.00ns   0.00ns   0.00ns         0 [  0.00ns,   0.00ns]   0.00ns   0.00ns   0.00ns
                  'fj_long_default':         0 [  0.00ns,   0.00ns]   0.00ns   0.00ns   0.00ns         0 [  0.00ns,   0.00ns]   0.00ns   0.00ns   0.00ns
              'fj_long_lin_default':         0 [  0.00ns,   0.00ns]   0.00ns   0.00ns   0.00ns         0 [  0.00ns,   0.00ns]   0.00ns   0.00ns   0.00ns
              'fj_long_lin_perturb':         0 [  0.00ns,   0.00ns]   0.00ns   0.00ns   0.00ns         0 [  0.00ns,   0.00ns]   0.00ns   0.00ns   0.00ns
               'fj_long_lin_random':         0 [  0.00ns,   0.00ns]   0.00ns   0.00ns   0.00ns         0 [  0.00ns,   0.00ns]   0.00ns   0.00ns   0.00ns
                  'fj_long_perturb':         0 [  0.00ns,   0.00ns]   0.00ns   0.00ns   0.00ns         0 [  0.00ns,   0.00ns]   0.00ns   0.00ns   0.00ns
                   'fj_long_random':         0 [  0.00ns,   0.00ns]   0.00ns   0.00ns   0.00ns         0 [  0.00ns,   0.00ns]   0.00ns   0.00ns   0.00ns
                 'fj_short_default':         0 [  0.00ns,   0.00ns]   0.00ns   0.00ns   0.00ns         0 [  0.00ns,   0.00ns]   0.00ns   0.00ns   0.00ns
                 'fj_short_default':         0 [  0.00ns,   0.00ns]   0.00ns   0.00ns   0.00ns         0 [  0.00ns,   0.00ns]   0.00ns   0.00ns   0.00ns
             'fj_short_lin_default':         0 [  0.00ns,   0.00ns]   0.00ns   0.00ns   0.00ns         0 [  0.00ns,   0.00ns]   0.00ns   0.00ns   0.00ns
             'fj_short_lin_default':         0 [  0.00ns,   0.00ns]   0.00ns   0.00ns   0.00ns         0 [  0.00ns,   0.00ns]   0.00ns   0.00ns   0.00ns
             'fj_short_lin_perturb':         0 [  0.00ns,   0.00ns]   0.00ns   0.00ns   0.00ns         0 [  0.00ns,   0.00ns]   0.00ns   0.00ns   0.00ns
              'fj_short_lin_random':         0 [  0.00ns,   0.00ns]   0.00ns   0.00ns   0.00ns         0 [  0.00ns,   0.00ns]   0.00ns   0.00ns   0.00ns
                 'fj_short_perturb':         0 [  0.00ns,   0.00ns]   0.00ns   0.00ns   0.00ns         0 [  0.00ns,   0.00ns]   0.00ns   0.00ns   0.00ns
                  'fj_short_random':         0 [  0.00ns,   0.00ns]   0.00ns   0.00ns   0.00ns         0 [  0.00ns,   0.00ns]   0.00ns   0.00ns   0.00ns
                        'fs_random':         0 [  0.00ns,   0.00ns]   0.00ns   0.00ns   0.00ns         0 [  0.00ns,   0.00ns]   0.00ns   0.00ns   0.00ns
                        'fs_random':         0 [  0.00ns,   0.00ns]   0.00ns   0.00ns   0.00ns         0 [  0.00ns,   0.00ns]   0.00ns   0.00ns   0.00ns
                        'fs_random':         0 [  0.00ns,   0.00ns]   0.00ns   0.00ns   0.00ns         0 [  0.00ns,   0.00ns]   0.00ns   0.00ns   0.00ns
                        'fs_random':         0 [  0.00ns,   0.00ns]   0.00ns   0.00ns   0.00ns         0 [  0.00ns,   0.00ns]   0.00ns   0.00ns   0.00ns
                  'fs_random_no_lp':         0 [  0.00ns,   0.00ns]   0.00ns   0.00ns   0.00ns         0 [  0.00ns,   0.00ns]   0.00ns   0.00ns   0.00ns
                  'fs_random_no_lp':         0 [  0.00ns,   0.00ns]   0.00ns   0.00ns   0.00ns         0 [  0.00ns,   0.00ns]   0.00ns   0.00ns   0.00ns
                  'fs_random_no_lp':         0 [  0.00ns,   0.00ns]   0.00ns   0.00ns   0.00ns         0 [  0.00ns,   0.00ns]   0.00ns   0.00ns   0.00ns
                  'fs_random_no_lp':         0 [  0.00ns,   0.00ns]   0.00ns   0.00ns   0.00ns         0 [  0.00ns,   0.00ns]   0.00ns   0.00ns   0.00ns
          'fs_random_quick_restart':         0 [  0.00ns,   0.00ns]   0.00ns   0.00ns   0.00ns         0 [  0.00ns,   0.00ns]   0.00ns   0.00ns   0.00ns
          'fs_random_quick_restart':         0 [  0.00ns,   0.00ns]   0.00ns   0.00ns   0.00ns         0 [  0.00ns,   0.00ns]   0.00ns   0.00ns   0.00ns
          'fs_random_quick_restart':         0 [  0.00ns,   0.00ns]   0.00ns   0.00ns   0.00ns         0 [  0.00ns,   0.00ns]   0.00ns   0.00ns   0.00ns
          'fs_random_quick_restart':         0 [  0.00ns,   0.00ns]   0.00ns   0.00ns   0.00ns         0 [  0.00ns,   0.00ns]   0.00ns   0.00ns   0.00ns
    'fs_random_quick_restart_no_lp':         0 [  0.00ns,   0.00ns]   0.00ns   0.00ns   0.00ns         0 [  0.00ns,   0.00ns]   0.00ns   0.00ns   0.00ns
    'fs_random_quick_restart_no_lp':         0 [  0.00ns,   0.00ns]   0.00ns   0.00ns   0.00ns         0 [  0.00ns,   0.00ns]   0.00ns   0.00ns   0.00ns
    'fs_random_quick_restart_no_lp':         0 [  0.00ns,   0.00ns]   0.00ns   0.00ns   0.00ns         0 [  0.00ns,   0.00ns]   0.00ns   0.00ns   0.00ns
                    'graph_arc_lns':         1 [714.34us, 714.34us] 714.34us   0.00ns 714.34us         1 [ 10.00ns,  10.00ns]  10.00ns   0.00ns  10.00ns
                    'graph_cst_lns':         1 [226.59us, 226.59us] 226.59us   0.00ns 226.59us         0 [  0.00ns,   0.00ns]   0.00ns   0.00ns   0.00ns
                    'graph_dec_lns':         1 [  1.38ms,   1.38ms]   1.38ms   0.00ns   1.38ms         1 [  5.05us,   5.05us]   5.05us   0.00ns   5.05us
                    'graph_var_lns':         1 [577.41us, 577.41us] 577.41us   0.00ns 577.41us         1 [ 10.00ns,  10.00ns]  10.00ns   0.00ns  10.00ns
                   'lb_tree_search':         1 [ 10.79ms,  10.79ms]  10.79ms   0.00ns  10.79ms         1 [129.66us, 129.66us] 129.66us   0.00ns 129.66us
                           'max_lp':         1 [ 11.19ms,  11.19ms]  11.19ms   0.00ns  11.19ms         1 [107.20us, 107.20us] 107.20us   0.00ns 107.20us
                            'no_lp':         1 [ 11.17ms,  11.17ms]  11.17ms   0.00ns  11.17ms         1 [  1.06ms,   1.06ms]   1.06ms   0.00ns   1.06ms
              'objective_lb_search':         1 [ 10.17ms,  10.17ms]  10.17ms   0.00ns  10.17ms         1 [278.68us, 278.68us] 278.68us   0.00ns 278.68us
       'objective_lb_search_max_lp':         1 [  6.31ms,   6.31ms]   6.31ms   0.00ns   6.31ms         1 [ 35.79us,  35.79us]  35.79us   0.00ns  35.79us
        'objective_lb_search_no_lp':         1 [  6.26ms,   6.26ms]   6.26ms   0.00ns   6.26ms         1 [705.42us, 705.42us] 705.42us   0.00ns 705.42us
  'objective_shaving_search_max_lp':         2 [  1.53ms,   2.38ms]   1.96ms 426.12us   3.91ms         1 [ 13.69us,  13.69us]  13.69us   0.00ns  13.69us
   'objective_shaving_search_no_lp':         2 [  1.80ms,   2.76ms]   2.28ms 479.48us   4.56ms         1 [ 27.35us,  27.35us]  27.35us   0.00ns  27.35us
                          'probing':         1 [ 10.42ms,  10.42ms]  10.42ms   0.00ns  10.42ms         1 [184.88us, 184.88us] 184.88us   0.00ns 184.88us
                   'probing_max_lp':         1 [  6.42ms,   6.42ms]   6.42ms   0.00ns   6.42ms         1 [  6.54us,   6.54us]   6.54us   0.00ns   6.54us
                     'pseudo_costs':         1 [ 10.69ms,  10.69ms]  10.69ms   0.00ns  10.69ms         1 [470.96us, 470.96us] 470.96us   0.00ns 470.96us
                    'quick_restart':         1 [ 11.20ms,  11.20ms]  11.20ms   0.00ns  11.20ms         1 [560.86us, 560.86us] 560.86us   0.00ns 560.86us
              'quick_restart_no_lp':         1 [ 10.70ms,  10.70ms]  10.70ms   0.00ns  10.70ms         1 [  1.05ms,   1.05ms]   1.05ms   0.00ns   1.05ms
                    'reduced_costs':         1 [ 11.30ms,  11.30ms]  11.30ms   0.00ns  11.30ms         1 [322.26us, 322.26us] 322.26us   0.00ns 322.26us
                        'rins/rens':         0 [  0.00ns,   0.00ns]   0.00ns   0.00ns   0.00ns         0 [  0.00ns,   0.00ns]   0.00ns   0.00ns   0.00ns
                      'rnd_cst_lns':         1 [  2.34ms,   2.34ms]   2.34ms   0.00ns   2.34ms         1 [ 22.63us,  22.63us]  22.63us   0.00ns  22.63us
                      'rnd_var_lns':         1 [659.25us, 659.25us] 659.25us   0.00ns 659.25us         1 [ 10.00ns,  10.00ns]  10.00ns   0.00ns  10.00ns
                     'violation_ls':         1 [139.99us, 139.99us] 139.99us   0.00ns 139.99us         1 [480.00ns, 480.00ns] 480.00ns   0.00ns 480.00ns
                     'violation_ls':         1 [201.59us, 201.59us] 201.59us   0.00ns 201.59us         1 [  4.16us,   4.16us]   4.16us   0.00ns   4.16us
                     'violation_ls':         1 [233.95us, 233.95us] 233.95us   0.00ns 233.95us         1 [ 11.60us,  11.60us]  11.60us   0.00ns  11.60us
                     'violation_ls':         2 [192.54us,   1.33ms] 759.04us 566.50us   1.52ms         2 [560.00ns, 307.84us] 154.20us 153.64us 308.40us
                     'violation_ls':         2 [211.50us,   1.31ms] 759.61us 548.11us   1.52ms         2 [  5.79us, 327.59us] 166.69us 160.90us 333.37us

Search stats                        Bools  Conflicts  Branches  Restarts  BoolPropag  IntegerPropag
                           'core':     96         40     1'023       400      13'176         12'293
                     'default_lp':     22          1        43        23           4            248
                      'fs_random':      0          0         0         0           0              0
                      'fs_random':      0          0         0         0           0              0
                      'fs_random':      0          0         0         0           0              0
                      'fs_random':      0          0         0         0           0              0
                'fs_random_no_lp':      0          0         0         0           0              0
                'fs_random_no_lp':      0          0         0         0           0              0
                'fs_random_no_lp':      0          0         0         0           0              0
                'fs_random_no_lp':      0          0         0         0           0              0
        'fs_random_quick_restart':      0          0         0         0           0              0
        'fs_random_quick_restart':      0          0         0         0           0              0
        'fs_random_quick_restart':      0          0         0         0           0              0
        'fs_random_quick_restart':      0          0         0         0           0              0
  'fs_random_quick_restart_no_lp':      0          0         0         0           0              0
  'fs_random_quick_restart_no_lp':      0          0         0         0           0              0
  'fs_random_quick_restart_no_lp':      0          0         0         0           0              0
                 'lb_tree_search':     11          0        22        22           0             76
                         'max_lp':     11          0        22        22           0             76
                          'no_lp':     49         76       370       112       1'218          7'489
            'objective_lb_search':     12          9        33        23          46            497
     'objective_lb_search_max_lp':     11          0        22        22           0             76
      'objective_lb_search_no_lp':     21         89       280       173         384          5'210
                        'probing':     13          0        26        26           6            103
                 'probing_max_lp':     11          0        22        22           0             76
                   'pseudo_costs':     11          6        36        22          13            391
                  'quick_restart':     11          3        33        22           4            284
            'quick_restart_no_lp':     87         67       538       146       1'849          6'986
                  'reduced_costs':     25         21        45        23         167            727

SAT stats                           ClassicMinim  LitRemoved  LitLearned  LitForgotten  Subsumed  MClauses  MDecisions  MLitTrue  MSubsumed  MLitRemoved  MReused
                           'core':             5          11          48             0         0       151         725         0          4           13       19
                     'default_lp':             0           0           4             0         0         0           0         0          0            0        0
                      'fs_random':             0           0           0             0         0         0           0         0          0            0        0
                      'fs_random':             0           0           0             0         0         0           0         0          0            0        0
                      'fs_random':             0           0           0             0         0         0           0         0          0            0        0
                      'fs_random':             0           0           0             0         0         0           0         0          0            0        0
                'fs_random_no_lp':             0           0           0             0         0         0           0         0          0            0        0
                'fs_random_no_lp':             0           0           0             0         0         0           0         0          0            0        0
                'fs_random_no_lp':             0           0           0             0         0         0           0         0          0            0        0
                'fs_random_no_lp':             0           0           0             0         0         0           0         0          0            0        0
        'fs_random_quick_restart':             0           0           0             0         0         0           0         0          0            0        0
        'fs_random_quick_restart':             0           0           0             0         0         0           0         0          0            0        0
        'fs_random_quick_restart':             0           0           0             0         0         0           0         0          0            0        0
        'fs_random_quick_restart':             0           0           0             0         0         0           0         0          0            0        0
  'fs_random_quick_restart_no_lp':             0           0           0             0         0         0           0         0          0            0        0
  'fs_random_quick_restart_no_lp':             0           0           0             0         0         0           0         0          0            0        0
  'fs_random_quick_restart_no_lp':             0           0           0             0         0         0           0         0          0            0        0
                 'lb_tree_search':             0           0           0             0         0         0           0         0          0            0        0
                         'max_lp':             0           0           0             0         0         0           0         0          0            0        0
                          'no_lp':            20          27         274             0        15        12          74         0          4           20        3
            'objective_lb_search':             2           2          28             0         3         0           0         0          0            0        0
     'objective_lb_search_max_lp':             0           0           0             0         0         0           0         0          0            0        0
      'objective_lb_search_no_lp':            35          43         259             0        13         6          28         0          2            9        0
                        'probing':             0           0           0             0         0         0           0         0          0            0        0
                 'probing_max_lp':             0           0           0             0         0         0           0         0          0            0        0
                   'pseudo_costs':             2           2          25             0         0         0           0         0          0            0        0
                  'quick_restart':             0           0          21             0         0         0           0         0          0            0        0
            'quick_restart_no_lp':            16          28         319             0         3        13          87         0          5           25        4
                  'reduced_costs':             0           0          69             0         9         0           0         0          0            0        0

Lp stats                         Component  Iterations  AddedCuts  OPTIMAL  DUAL_F.  DUAL_U.
                  'default_lp':          1          85         76       23        0        0
              'lb_tree_search':          1          32         85        5        0        0
                      'max_lp':          1          32        101        5        0        0
         'objective_lb_search':          1          71         70       23        0        0
  'objective_lb_search_max_lp':          1          21         55        7        0        0
                     'probing':          1          47         79       20        0        0
              'probing_max_lp':          1          20         63        3        0        0
                'pseudo_costs':          1          84         67       26        0        0
               'quick_restart':          1         121         75       30        0        0
               'reduced_costs':          1          43         74       23        0        0

Lp dimension                                                                   Final dimension of first component
                  'default_lp':   66 rows, 41 columns, 277 entries with magnitude in [1.521747e-03, 1.000000e+00]
              'lb_tree_search':  130 rows, 41 columns, 585 entries with magnitude in [4.037581e-02, 1.000000e+00]
                      'max_lp':  129 rows, 41 columns, 592 entries with magnitude in [3.426971e-02, 1.000000e+00]
         'objective_lb_search':   51 rows, 41 columns, 182 entries with magnitude in [5.325401e-02, 1.000000e+00]
  'objective_lb_search_max_lp':   38 rows, 41 columns, 133 entries with magnitude in [3.216774e-02, 1.000000e+00]
                     'probing':   58 rows, 41 columns, 202 entries with magnitude in [5.325401e-02, 1.000000e+00]
              'probing_max_lp':  114 rows, 41 columns, 527 entries with magnitude in [4.421848e-02, 1.000000e+00]
                'pseudo_costs':   74 rows, 41 columns, 278 entries with magnitude in [3.298141e-02, 1.000000e+00]
               'quick_restart':   70 rows, 41 columns, 256 entries with magnitude in [1.521747e-03, 1.000000e+00]
               'reduced_costs':   67 rows, 41 columns, 264 entries with magnitude in [3.298141e-02, 1.000000e+00]

Lp debug                         CutPropag  CutEqPropag  Adjust  Overflow  Bad  BadScaling
                  'default_lp':          0            0       1         0   91           0
              'lb_tree_search':          0            0       0         0   16           0
                      'max_lp':          0            0       0         0   44           0
         'objective_lb_search':          0            0       2         0   99           0
  'objective_lb_search_max_lp':          0            0       0         0   25           0
                     'probing':          0            0       1         0   85           0
              'probing_max_lp':          0            0       0         0   13           0
                'pseudo_costs':          0            0       6         0   58           0
               'quick_restart':          0            0      11         0   83           0
               'reduced_costs':          0            0       0         0   65           0

Lp pool                          Constraints  Updates  Simplif  Merged  Shortened  Split  Strenghtened  Cuts/Call
                  'default_lp':          122        3        0       0          0      0            24     76/144
              'lb_tree_search':          188        7        0       0          0      0            24     85/189
                      'max_lp':          204        7        0       0          0      0            20    101/204
         'objective_lb_search':          116        9        6       0          0      0            43     70/137
  'objective_lb_search_max_lp':          158        0        0       0          0      0            11     55/112
                     'probing':          125        0        0       0          0      0            35     79/157
              'probing_max_lp':          166        4        0       0          0      0            12     63/140
                'pseudo_costs':          170        9       26       0          0      0            59     67/132
               'quick_restart':          121        3        0       0          0      0            22     75/136
               'reduced_costs':          177        9       26       0          0      0            61     74/140

Lp Cut            defaul  max_lp  quick_  reduce  pseudo  lb_tre  probin  object  probin  object
          CG_FF:       7      20       7       4       4      18       6       3      11       3
           CG_K:       -       6       -       -       -       5       3       -       2       -
           CG_R:       3      11       3       1       1      10       5       2       7       1
          CG_RB:      15      19      15      11      11      13      11      11       7       8
         CG_RBP:       2       -       2       -       -       -       1       -       -       -
         Clique:       -       -       -       -       1       -       -       -       -       -
             IB:      14      14      16      17      17      14      16      16      14      17
       MIR_1_FF:       6      10       6       7       7      10       7       7      10       7
        MIR_1_K:       -       -       -       -       -       -       -       1       -       -
        MIR_1_R:       3       8       3       3       3       7       3       3       8       3
       MIR_1_RB:       3       3       3       7       5       1       4       1       1       4
      MIR_1_RBP:       1       1       2       1       1       -       2       -       -       1
       MIR_2_FF:       2       -       -       -       -       -       -       -       -       -
        MIR_2_R:       1       1       -       2       2       1       1       2       -       1
       MIR_2_RB:       2       2       2       3       2       2       2       3       -       1
      MIR_2_RBP:       -       -       -       2       -       -       -       -       -       -
       MIR_3_FF:       -       -       1       -       -       2       3       2       1       -
        MIR_3_K:       1       -       1       -       -       -       -       2       -       -
        MIR_3_R:       2       1       2       -       -       2       1       3       2       -
       MIR_3_RB:       2       2       2       -       -       -       -       2       -       -
       MIR_4_FF:       1       -       1       1       -       -       2       1       -       -
        MIR_4_K:       -       -       1       -       -       -       1       1       -       -
        MIR_4_R:       1       1       -       1       -       -       1       -       -       -
       MIR_4_RB:       1       1       1       1       -       -       -       -       -       -
      MIR_4_RBP:       -       1       -       -       -       -       -       -       -       -
       MIR_6_FF:       1       -       -       -       -       -       -       -       -       -
        MIR_6_R:       1       -       -       -       -       -       -       -       -       -
   ZERO_HALF_FF:       -       -       -       1       1       -       2       2       -       1
    ZERO_HALF_R:       4       -       4       6       6       -       5       5       -       3
   ZERO_HALF_RB:       2       -       2       4       4       -       2       2       -       3
  ZERO_HALF_RBP:       1       -       1       2       2       -       1       1       -       2

LNS stats           Improv/Calls  Closed  Difficulty  TimeLimit
  'graph_arc_lns':           0/1    100%        0.71       0.10
  'graph_cst_lns':           0/0      0%        0.50       0.10
  'graph_dec_lns':           0/1    100%        0.71       0.10
  'graph_var_lns':           0/1    100%        0.71       0.10
      'rins/rens':           0/0      0%        0.50       0.10
    'rnd_cst_lns':           0/1    100%        0.71       0.10
    'rnd_var_lns':           0/1    100%        0.71       0.10

LS stats                   Batches  Restarts  LinMoves  GenMoves  CompoundMoves  WeightUpdates
       'fj_long_default':        0         0         0         0              0              0
       'fj_long_default':        0         0         0         0              0              0
   'fj_long_lin_default':        0         0         0         0              0              0
   'fj_long_lin_perturb':        0         0         0         0              0              0
    'fj_long_lin_random':        0         0         0         0              0              0
       'fj_long_perturb':        0         0         0         0              0              0
        'fj_long_random':        0         0         0         0              0              0
      'fj_short_default':        0         0         0         0              0              0
      'fj_short_default':        0         0         0         0              0              0
  'fj_short_lin_default':        0         0         0         0              0              0
  'fj_short_lin_default':        0         0         0         0              0              0
  'fj_short_lin_perturb':        0         0         0         0              0              0
   'fj_short_lin_random':        0         0         0         0              0              0
      'fj_short_perturb':        0         0         0         0              0              0
       'fj_short_random':        0         0         0         0              0              0
          'violation_ls':        1         0         0         2              2              0
          'violation_ls':        1         0         0         3              3              0
          'violation_ls':        1         0         0         7              7              0
          'violation_ls':        2         0         0       257              5              1
          'violation_ls':        2         0         1       267              1              1

Solutions (14)            Num    Rank
                'no_lp':    6  [1,14]
  'quick_restart_no_lp':    3  [3,12]
         'violation_ls':    5  [6,11]

Objective bounds                Num
                  'bool_core':   19
             'initial_domain':    1
  'objective_lb_search_no_lp':    8

Solution repositories    Added  Queried  Ignored  Synchro
  'feasible solutions':     21       19        0       19
        'lp solutions':      0        0        0        0
                'pump':      4        0

Improving bounds shared    Num
                  'core':    4
                 'no_lp':   60
   'quick_restart_no_lp':   23

Clauses shared                  Num
                      'no_lp':    9
  'objective_lb_search_no_lp':    1

CpSolverResponse summary:
status: OPTIMAL
objective: 183
best_bound: 183
integers: 0
booleans: 0
conflicts: 0
branches: 0
propagations: 0
integer_propagations: 0
restarts: 0
lp_iterations: 0
walltime: 0.0273628
usertime: 0.0273629
deterministic_time: 0.00999755
gap_integral: 0.000183951
solution_fingerprint: 0x4997582a5f6cdcd8


--- Simulation Gantt à partir du modèle mathématique ---
{'big':0, 'due_date':95, 'pos_time':5, 'status':0, 'blocked':0, 'operations':["{'type':0, 'processing_time':18}"]}
{'big':1, 'due_date':96, 'pos_time':5, 'status':0, 'blocked':0, 'operations':["{'type':1, 'processing_time':44}"]}
{'big':1, 'due_date':88, 'pos_time':5, 'status':0, 'blocked':0, 'operations':["{'type':0, 'processing_time':22}"]}
{'big':1, 'due_date':83, 'pos_time':5, 'status':0, 'blocked':0, 'operations':["{'type':0, 'processing_time':31}"]}
