created virtual environment CPython3.12.4.final.0-64 in 620ms
  creator CPython3Posix(dest=/localscratch/aneumann.47038271.0/env, clear=False, no_vcs_ignore=False, global=False)
  seeder FromAppData(download=False, pip=bundle, via=copy, app_data_dir=/home/aneumann/.local/share/virtualenv)
    added seed packages: pip==24.2+computecanada
  activators BashActivator,CShellActivator,FishActivator,NushellActivator,PowerShellActivator,PythonActivator
Looking in links: /cvmfs/soft.computecanada.ca/custom/python/wheelhouse/gentoo2023/x86-64-v3, /cvmfs/soft.computecanada.ca/custom/python/wheelhouse/gentoo2023/generic, /cvmfs/soft.computecanada.ca/custom/python/wheelhouse/generic
Requirement already satisfied: pip in /localscratch/aneumann.47038271.0/env/lib/python3.12/site-packages (24.2+computecanada)
Processing /cvmfs/soft.computecanada.ca/custom/python/wheelhouse/generic/pip-25.0+computecanada-py3-none-any.whl
Installing collected packages: pip
  Attempting uninstall: pip
    Found existing installation: pip 24.2+computecanada
    Uninstalling pip-24.2+computecanada:
      Successfully uninstalled pip-24.2+computecanada
Successfully installed pip-24.2+computecanada
Looking in links: /cvmfs/soft.computecanada.ca/custom/python/wheelhouse/gentoo2023/x86-64-v3, /cvmfs/soft.computecanada.ca/custom/python/wheelhouse/gentoo2023/generic, /cvmfs/soft.computecanada.ca/custom/python/wheelhouse/generic
ERROR: protobuf-5.28.3-cp38-abi3-manylinux2014_x86_64.whl is not a supported wheel on this platform.
Looking in links: /cvmfs/soft.computecanada.ca/custom/python/wheelhouse/gentoo2023/x86-64-v3, /cvmfs/soft.computecanada.ca/custom/python/wheelhouse/gentoo2023/generic, /cvmfs/soft.computecanada.ca/custom/python/wheelhouse/generic
Processing /home/aneumann/projects/def-adhaj/aneumann/GNRS/wheels/immutabledict-4.2.0-py3-none-any.whl
Installing collected packages: immutabledict
Successfully installed immutabledict-4.2.0
Looking in links: /cvmfs/soft.computecanada.ca/custom/python/wheelhouse/gentoo2023/x86-64-v3, /cvmfs/soft.computecanada.ca/custom/python/wheelhouse/gentoo2023/generic, /cvmfs/soft.computecanada.ca/custom/python/wheelhouse/generic
Processing /cvmfs/soft.computecanada.ca/custom/python/wheelhouse/generic/ortools-9.10.4067+computecanada-cp312-cp312-linux_x86_64.whl (from -r /home/aneumann/projects/def-adhaj/aneumann/GNRS/requirements/or.txt (line 1))
Processing /cvmfs/soft.computecanada.ca/custom/python/wheelhouse/gentoo2023/x86-64-v3/matplotlib-3.10.0+computecanada-cp312-cp312-linux_x86_64.whl (from -r /home/aneumann/projects/def-adhaj/aneumann/GNRS/requirements/or.txt (line 2))
Processing /cvmfs/soft.computecanada.ca/custom/python/wheelhouse/gentoo2023/x86-64-v3/pandas-2.2.3+computecanada-cp312-cp312-linux_x86_64.whl (from -r /home/aneumann/projects/def-adhaj/aneumann/GNRS/requirements/or.txt (line 3))
Processing /cvmfs/soft.computecanada.ca/custom/python/wheelhouse/generic/absl_py-2.3.0+computecanada-py3-none-any.whl (from ortools<9.11,>=9.10->-r /home/aneumann/projects/def-adhaj/aneumann/GNRS/requirements/or.txt (line 1))
Processing /cvmfs/soft.computecanada.ca/custom/python/wheelhouse/gentoo2023/generic/numpy-2.2.2+computecanada-cp312-cp312-linux_x86_64.whl (from ortools<9.11,>=9.10->-r /home/aneumann/projects/def-adhaj/aneumann/GNRS/requirements/or.txt (line 1))
Processing /cvmfs/soft.computecanada.ca/custom/python/wheelhouse/gentoo2023/x86-64-v3/protobuf-6.31.1+computecanada-cp312-cp312-linux_x86_64.whl (from ortools<9.11,>=9.10->-r /home/aneumann/projects/def-adhaj/aneumann/GNRS/requirements/or.txt (line 1))
Requirement already satisfied: immutabledict>=3.0.0 in /localscratch/aneumann.47038271.0/env/lib/python3.12/site-packages (from ortools<9.11,>=9.10->-r /home/aneumann/projects/def-adhaj/aneumann/GNRS/requirements/or.txt (line 1)) (4.2.0)
Processing /cvmfs/soft.computecanada.ca/custom/python/wheelhouse/gentoo2023/generic/contourpy-1.3.1+computecanada-cp312-cp312-linux_x86_64.whl (from matplotlib->-r /home/aneumann/projects/def-adhaj/aneumann/GNRS/requirements/or.txt (line 2))
Processing /cvmfs/soft.computecanada.ca/custom/python/wheelhouse/generic/cycler-0.12.1+computecanada-py3-none-any.whl (from matplotlib->-r /home/aneumann/projects/def-adhaj/aneumann/GNRS/requirements/or.txt (line 2))
Processing /cvmfs/soft.computecanada.ca/custom/python/wheelhouse/generic/fonttools-4.59.0+computecanada-cp312-cp312-linux_x86_64.whl (from matplotlib->-r /home/aneumann/projects/def-adhaj/aneumann/GNRS/requirements/or.txt (line 2))
Processing /cvmfs/soft.computecanada.ca/custom/python/wheelhouse/gentoo2023/x86-64-v3/kiwisolver-1.4.8+computecanada-cp312-cp312-linux_x86_64.whl (from matplotlib->-r /home/aneumann/projects/def-adhaj/aneumann/GNRS/requirements/or.txt (line 2))
Processing /cvmfs/soft.computecanada.ca/custom/python/wheelhouse/generic/packaging-25.0+computecanada-py3-none-any.whl (from matplotlib->-r /home/aneumann/projects/def-adhaj/aneumann/GNRS/requirements/or.txt (line 2))
Processing /cvmfs/soft.computecanada.ca/custom/python/wheelhouse/gentoo2023/x86-64-v3/pillow-11.1.0+computecanada-cp312-cp312-linux_x86_64.whl (from matplotlib->-r /home/aneumann/projects/def-adhaj/aneumann/GNRS/requirements/or.txt (line 2))
Processing /cvmfs/soft.computecanada.ca/custom/python/wheelhouse/generic/pyparsing-3.2.3+computecanada-py3-none-any.whl (from matplotlib->-r /home/aneumann/projects/def-adhaj/aneumann/GNRS/requirements/or.txt (line 2))
Processing /cvmfs/soft.computecanada.ca/custom/python/wheelhouse/generic/python_dateutil-2.9.0.post0+computecanada-py2.py3-none-any.whl (from matplotlib->-r /home/aneumann/projects/def-adhaj/aneumann/GNRS/requirements/or.txt (line 2))
Processing /cvmfs/soft.computecanada.ca/custom/python/wheelhouse/generic/pytz-2025.2+computecanada-py2.py3-none-any.whl (from pandas->-r /home/aneumann/projects/def-adhaj/aneumann/GNRS/requirements/or.txt (line 3))
Processing /cvmfs/soft.computecanada.ca/custom/python/wheelhouse/generic/tzdata-2025.2+computecanada-py2.py3-none-any.whl (from pandas->-r /home/aneumann/projects/def-adhaj/aneumann/GNRS/requirements/or.txt (line 3))
Processing /cvmfs/soft.computecanada.ca/custom/python/wheelhouse/generic/six-1.17.0+computecanada-py2.py3-none-any.whl (from python-dateutil>=2.7->matplotlib->-r /home/aneumann/projects/def-adhaj/aneumann/GNRS/requirements/or.txt (line 2))
Installing collected packages: pytz, tzdata, six, pyparsing, protobuf, pillow, packaging, numpy, kiwisolver, fonttools, cycler, absl-py, python-dateutil, contourpy, pandas, matplotlib, ortools
Successfully installed absl-py-2.3.0+computecanada contourpy-1.3.1+computecanada cycler-0.12.1+computecanada fonttools-4.59.0+computecanada kiwisolver-1.4.8+computecanada matplotlib-3.10.0+computecanada numpy-2.2.2+computecanada ortools-9.10.4067+computecanada packaging-25.0+computecanada pandas-2.2.3+computecanada pillow-11.1.0+computecanada protobuf-6.31.1+computecanada pyparsing-3.2.3+computecanada python-dateutil-2.9.0.post0+computecanada pytz-2025.2+computecanada six-1.17.0+computecanada tzdata-2025.2+computecanada

Starting CP-SAT solver v9.10.4067
Parameters: max_time_in_seconds: 86400 max_memory_in_mb: 185000 log_search_progress: true enumerate_all_solutions: false num_search_workers: 32 absolute_gap_limit: 0 relative_gap_limit: 0

Initial optimization model '': (model_fingerprint: 0xebea4e1dda322d4)
#Variables: 890 (#ints: 17 in objective)
  - 717 Booleans in [0,1]
  - 173 in [0,1175]
#kLinear1: 85
#kLinear2: 1'810
#kLinear3: 782
#kLinearN: 34'158 (#terms: 952'181)

Starting presolve at 0.01s
  2.91e-02s  0.00e+00d  [DetectDominanceRelations] 
  3.94e-01s  0.00e+00d  [PresolveToFixPoint] #num_loops=8 #num_dual_strengthening=3 
  1.67e-04s  0.00e+00d  [ExtractEncodingFromLinear] #potential_supersets=7 
[Symmetry] Graph for symmetry has 36'369 nodes and 831'857 arcs.
[Symmetry] Symmetry computation done. time: 0.0225496 dtime: 0.0602936
[Symmetry] #generators: 1, average support size: 46
[Symmetry] The model contains 860 duplicate constraints !
[Symmetry] 23 orbits with sizes: 2,2,2,2,2,2,2,2,2,2,...
[Symmetry] Num fixable by intersecting at_most_one with orbits: 1 largest_orbit: 2
  2.67e-01s  7.08e-02d  [Probe] #probed=1'168 #new_bounds=19 #equiv=1 
  2.49e-04s  0.00e+00d  [MaxClique] Merged 8(16 literals) into 6(12 literals) at_most_ones. 
  2.89e-02s  0.00e+00d  [DetectDominanceRelations] 
  1.97e-01s  0.00e+00d  [PresolveToFixPoint] #num_loops=5 #num_dual_strengthening=3 
  9.51e-02s  0.00e+00d  [ProcessAtMostOneAndLinear] 
  2.47e-02s  0.00e+00d  [DetectDuplicateConstraints] #duplicates=1'123 #without_enforcements=110 
  6.63e-02s  7.83e-03d  [DetectDominatedLinearConstraints] #relevant_constraints=32'322 #num_inclusions=18'537 
  3.35e-03s  0.00e+00d  [DetectDifferentVariables] #different=75 #cliques=1 #size=11 
  9.56e-03s  1.46e-03d  [ProcessSetPPC] #relevant_constraints=31'346 
  2.40e-04s  0.00e+00d  [FindAlmostIdenticalLinearConstraints] 
  1.87e-03s  4.08e-03d  [FindBigAtMostOneAndLinearOverlap] 
  1.50e-01s  1.44e-01d  [FindBigVerticalLinearOverlap] #blocks=379 #saved_nz=155'943 
  5.54e-03s  3.16e-03d  [FindBigHorizontalLinearOverlap] #linears=30'764 
  1.40e-04s  0.00e+00d  [MergeClauses] 
  3.31e-02s  0.00e+00d  [DetectDominanceRelations] 
  2.15e-01s  0.00e+00d  [PresolveToFixPoint] #num_loops=3 #num_dual_strengthening=1 
  3.30e-02s  0.00e+00d  [DetectDominanceRelations] 
  1.37e-01s  0.00e+00d  [PresolveToFixPoint] #num_loops=1 #num_dual_strengthening=1 
[Symmetry] Graph for symmetry has 36'374 nodes and 672'224 arcs.
[Symmetry] Symmetry computation done. time: 0.0126304 dtime: 0.0354946
  2.44e-01s  6.10e-02d  [Probe] #probed=1'174 #new_bounds=263 #new_binary_clauses=46 
  1.94e-04s  0.00e+00d  [MaxClique] 
  3.29e-02s  0.00e+00d  [DetectDominanceRelations] 
  2.00e-01s  0.00e+00d  [PresolveToFixPoint] #num_loops=2 #num_dual_strengthening=1 
  9.04e-02s  0.00e+00d  [ProcessAtMostOneAndLinear] 
  2.21e-02s  0.00e+00d  [DetectDuplicateConstraints] #without_enforcements=110 
  4.79e-02s  5.60e-03d  [DetectDominatedLinearConstraints] #relevant_constraints=32'339 #num_inclusions=3'957 
  2.98e-03s  0.00e+00d  [DetectDifferentVariables] 
  8.62e-03s  1.14e-03d  [ProcessSetPPC] #relevant_constraints=30'773 
  2.63e-04s  2.86e-06d  [FindAlmostIdenticalLinearConstraints] #num_tested_pairs=178 
  8.53e-04s  1.66e-03d  [FindBigAtMostOneAndLinearOverlap] 
  1.49e-01s  1.10e-01d  [FindBigVerticalLinearOverlap] #blocks=1'703 #saved_nz=185'131 
  5.02e-03s  2.14e-03d  [FindBigHorizontalLinearOverlap] #linears=26'701 
  1.52e-04s  0.00e+00d  [MergeClauses] 
  2.44e-02s  0.00e+00d  [DetectDominanceRelations] 
  2.13e-01s  0.00e+00d  [PresolveToFixPoint] #num_loops=3 #num_dual_strengthening=1 
  2.43e-02s  0.00e+00d  [DetectDominanceRelations] 
  1.36e-01s  0.00e+00d  [PresolveToFixPoint] #num_loops=1 #num_dual_strengthening=1 
[Symmetry] Graph for symmetry has 40'847 nodes and 488'349 arcs.
[Symmetry] Symmetry computation done. time: 0.00938023 dtime: 0.0259849
  2.04e-01s  4.84e-02d  [Probe] #probed=1'174 #new_bounds=1'138 #new_binary_clauses=46 
  2.10e-04s  0.00e+00d  [MaxClique] 
  2.44e-02s  0.00e+00d  [DetectDominanceRelations] 
  2.08e-01s  0.00e+00d  [PresolveToFixPoint] #num_loops=2 #num_dual_strengthening=1 
  8.48e-02s  0.00e+00d  [ProcessAtMostOneAndLinear] 
  1.99e-02s  0.00e+00d  [DetectDuplicateConstraints] #without_enforcements=110 
  3.22e-02s  3.29e-03d  [DetectDominatedLinearConstraints] #relevant_constraints=33'333 #num_inclusions=967 
  2.86e-03s  0.00e+00d  [DetectDifferentVariables] 
  6.64e-03s  7.50e-04d  [ProcessSetPPC] #relevant_constraints=26'825 
  5.74e-04s  7.42e-05d  [FindAlmostIdenticalLinearConstraints] #num_tested_pairs=4'437 
  7.18e-04s  1.03e-03d  [FindBigAtMostOneAndLinearOverlap] 
  9.00e-02s  6.14e-02d  [FindBigVerticalLinearOverlap] #blocks=1'554 #saved_nz=122'472 
  3.93e-03s  1.40e-03d  [FindBigHorizontalLinearOverlap] #linears=20'425 
  1.72e-04s  0.00e+00d  [MergeClauses] 
  1.86e-02s  0.00e+00d  [DetectDominanceRelations] 
  2.06e-01s  0.00e+00d  [PresolveToFixPoint] #num_loops=3 #num_dual_strengthening=1 
  1.34e-03s  0.00e+00d  [ExpandObjective] #entries=14'607 #tight_variables=5'470 #tight_constraints=2'924 

Presolve summary:
  - 279 affine relations were detected.
  - rule 'TODO dual: only one blocking constraint?' was applied 2'086 times.
  - rule 'TODO dual: only one blocking enforced constraint?' was applied 182 times.
  - rule 'TODO dual: only one unspecified blocking constraint?' was applied 82 times.
  - rule 'TODO duplicate: identical constraint with different enforcements' was applied 330 times.
  - rule 'TODO linear2: contains a Boolean.' was applied 108 times.
  - rule 'affine: new relation' was applied 279 times.
  - rule 'at_most_one: removed literals' was applied 6 times.
  - rule 'at_most_one: size one' was applied 6 times.
  - rule 'at_most_one: transformed into max clique.' was applied 1 time.
  - rule 'deductions: 2459 stored' was applied 1 time.
  - rule 'dual: fix variable' was applied 48 times.
  - rule 'dual: reduced domain' was applied 97 times.
  - rule 'duplicate: merged rhs of linear constraint' was applied 235 times.
  - rule 'duplicate: removed constraint' was applied 1'123 times.
  - rule 'enforcement: false literal' was applied 18 times.
  - rule 'exactly_one: x and not(x)' was applied 1 time.
  - rule 'incompatible linear: add implication' was applied 165 times.
  - rule 'linear matrix: common vertical rectangle' was applied 3'636 times.
  - rule 'linear1: always true' was applied 1 time.
  - rule 'linear: always true' was applied 2'273 times.
  - rule 'linear: doubleton free' was applied 23 times.
  - rule 'linear: empty' was applied 64 times.
  - rule 'linear: extracted enforcement literal' was applied 33'631 times.
  - rule 'linear: fixed or dup variables' was applied 34'772 times.
  - rule 'linear: positive equal one' was applied 7 times.
  - rule 'linear: reduced variable domains' was applied 3'195 times.
  - rule 'linear: remapped using affine relations' was applied 34'920 times.
  - rule 'linear: simplified rhs' was applied 122'482 times.
  - rule 'linear: tightened into equality' was applied 13 times.
  - rule 'linear: variable substitution 1' was applied 23 times.
  - rule 'linear: variable substitution 2' was applied 371 times.
  - rule 'linear: variable substitution 3' was applied 264 times.
  - rule 'no_overlap: inferred from x != y constraints' was applied 1 time.
  - rule 'presolve: 179 unused variables removed.' was applied 1 time.
  - rule 'presolve: iteration' was applied 3 times.
  - rule 'probing: reduced enforced constraint to implication.' was applied 8 times.
  - rule 'symmetry: fixed to false in general orbit' was applied 1 time.

Presolved optimization model '': (model_fingerprint: 0x35eef02607437b25)
#Variables: 3'410 (#ints: 17 in objective)
  - 295 Booleans in [0,1]
  - 2'250 different domains in [-23383,25765] with a largest complexity of 25.
#kExactlyOne: 6 (#literals: 18)
#kInterval: 11
#kLinear1: 3 (#enforced: 3 #multi: 2)
#kLinear2: 2'222 (#enforced: 2'123 #multi: 682)
#kLinear3: 8'347 (#enforced: 6'132 #multi: 17)
#kLinearN: 25'469 (#enforced: 23'993) (#terms: 300'148)
#kNoOverlap: 1 (#intervals: 11)

Preloading model.
#Bound   3.75s best:inf   next:[223,17617] initial_domain
[Symmetry] Graph for symmetry has 43'703 nodes and 366'930 arcs.
[Symmetry] Symmetry computation done. time: 0.00821266 dtime: 0.0198137
#Model   3.79s var:3410/3410 constraints:36059/36059

Starting search at 3.81s with 32 workers.
17 full problem subsolvers: [core, default_lp, fixed, lb_tree_search, max_lp, no_lp, objective_lb_search, objective_lb_search_max_lp, objective_lb_search_no_lp, objective_shaving_search_max_lp, objective_shaving_search_no_lp, probing, probing_max_lp, pseudo_costs, quick_restart, quick_restart_no_lp, reduced_costs]
13 first solution subsolvers: [fj_long_default, fj_long_lin_default, fj_long_random, fj_short_default, fj_short_lin_default, fj_short_lin_random, fj_short_random, fs_random(2), fs_random_no_lp, fs_random_quick_restart(2), fs_random_quick_restart_no_lp]
13 incomplete subsolvers: [feasibility_pump, graph_arc_lns, graph_cst_lns, graph_dec_lns, graph_var_lns, rins/rens, rnd_cst_lns, rnd_var_lns, scheduling_intervals_lns, scheduling_precedences_lns, scheduling_time_window_lns, violation_ls(2)]
3 helper subsolvers: [neighborhood_helper, synchronization_agent, update_gap_integral]
#Bound   5.11s best:inf   next:[240,17617] objective_lb_search_no_lp
#Bound   5.28s best:inf   next:[243,17617] objective_lb_search_no_lp
#Bound   5.29s best:inf   next:[246,17617] objective_lb_search_no_lp
#Bound   5.30s best:inf   next:[248,17617] objective_lb_search_no_lp
#Bound   5.31s best:inf   next:[249,17617] objective_lb_search_no_lp
#Bound   6.47s best:inf   next:[274,17617] objective_lb_search
#1       7.10s best:7108  next:[274,7107] fs_random_quick_restart_no_lp (fixed_bools=0/356)
#2       7.56s best:7107  next:[274,7106] violation_ls(batch:2 #solutions_imported:1 #lin_moves:0 #lin_evals:32'429 #gen_moves:11'763 #gen_evals:1'156 #comp_moves:2'693 #backtracks:4'535 #weight_updates:94)
#3       7.58s best:7105  next:[274,7104] violation_ls(batch:2 #solutions_imported:2 #lin_moves:9'811 #lin_evals:34'594 #weight_updates:190)
#Bound   7.62s best:7105  next:[283,7104] objective_lb_search_max_lp
#Bound   7.71s best:7105  next:[608,7104] objective_lb_search_max_lp
#4       7.73s best:7103  next:[608,7102] violation_ls(batch:3 #solutions_imported:2 #lin_moves:0 #lin_evals:32'431 #gen_moves:11'764 #gen_evals:1'156 #comp_moves:2'694 #backtracks:4'535 #weight_updates:94)
#Bound   7.75s best:7103  next:[935,7102] objective_lb_search_max_lp
#5       7.78s best:7102  next:[935,7101] violation_ls(batch:3 #solutions_imported:3 #lin_moves:10'891 #lin_evals:38'589 #weight_updates:267)
#6       7.92s best:7098  next:[935,7097] graph_var_lns (d=0.71 s=98 t=0.10 p=1.00 stall=1 h=auto_l0) [presolve]
#7       8.13s best:7097  next:[935,7096] violation_ls(batch:4 #solutions_imported:4 #lin_moves:10'891 #lin_evals:42'708 #gen_moves:1'642 #gen_evals:202 #comp_moves:188 #backtracks:727 #weight_updates:296)
#Bound   8.37s best:7097  next:[1056,7096] objective_lb_search_max_lp
#Bound   8.41s best:7097  next:[1063,7096] objective_lb_search_max_lp
#Bound   8.47s best:7097  next:[1182,7096] objective_lb_search_max_lp
#8       8.51s best:6493  next:[1182,6492] no_lp (fixed_bools=0/396)
#9       8.85s best:5602  next:[1182,5601] no_lp (fixed_bools=0/417)
#Bound   9.17s best:5602  next:[1190,5601] objective_lb_search_max_lp
#Bound   9.64s best:5602  next:[1197,5601] objective_lb_search_max_lp
#Bound  10.01s best:5602  next:[1198,5601] objective_lb_search_max_lp
#Bound  10.59s best:5602  next:[1227,5601] objective_lb_search_max_lp
#10     10.63s best:5564  next:[1227,5563] no_lp (fixed_bools=0/451)
#11     11.20s best:5548  next:[1227,5547] quick_restart_no_lp (fixed_bools=0/477)
#Bound  12.00s best:5548  next:[1229,5547] objective_lb_search_max_lp
#12     12.12s best:5526  next:[1229,5525] no_lp (fixed_bools=0/468)
#13     12.31s best:5442  next:[1229,5441] rins_lp_lns (d=0.91 s=166 t=0.10 p=1.00 stall=4 h=auto_l0)
#Bound  12.74s best:5442  next:[1241,5441] objective_lb_search_max_lp
#14     13.48s best:5433  next:[1241,5432] quick_restart_no_lp (fixed_bools=0/558)
#15     13.78s best:5424  next:[1241,5423] quick_restart_no_lp (fixed_bools=0/564)
#16     13.82s best:5423  next:[1241,5422] violation_ls(batch:10 #solutions_imported:9 #lin_moves:52'330 #lin_evals:222'067 #gen_moves:8'758 #gen_evals:1'288 #comp_moves:925 #backtracks:3'916 #weight_updates:1'614)
#17     13.84s best:5399  next:[1241,5398] quick_restart (fixed_bools=0/445)
#18     14.08s best:5284  next:[1241,5283] rins_lp_lns (d=0.94 s=180 t=0.10 p=1.00 stall=0 h=auto_l0)
#19     14.51s best:5275  next:[1241,5274] quick_restart_no_lp (fixed_bools=0/663)
#20     14.84s best:5047  next:[1241,5046] graph_var_lns (d=0.98 s=199 t=0.10 p=1.00 stall=5 h=auto_l0)
#21     14.85s best:5046  next:[1241,5045] violation_ls(batch:11 #solutions_imported:9 #lin_moves:38'368 #lin_evals:263'462 #gen_moves:29'351 #gen_evals:3'832 #comp_moves:4'158 #backtracks:12'594 #weight_updates:2'205)
#22     14.87s best:5045  next:[1241,5044] violation_ls(batch:11 #solutions_imported:10 #lin_moves:53'916 #lin_evals:228'669 #gen_moves:8'758 #gen_evals:1'288 #comp_moves:925 #backtracks:3'916 #weight_updates:1'776)
#23     15.22s best:5044  next:[1241,5043] quick_restart_no_lp (fixed_bools=0/739)
#24     15.58s best:5043  next:[1241,5042] rnd_var_lns (d=0.99 s=209 t=0.10 p=1.00 stall=0 h=auto_l0) [hint]
#25     15.68s best:5042  next:[1241,5041] rnd_cst_lns (d=0.99 s=210 t=0.10 p=1.00 stall=0 h=auto_l0) [hint]
#26     15.80s best:5041  next:[1241,5040] violation_ls(batch:12 #solutions_imported:10 #lin_moves:38'368 #lin_evals:263'475 #gen_moves:29'356 #gen_evals:3'833 #comp_moves:4'159 #backtracks:12'596 #weight_updates:2'205)
#27     15.80s best:5015  next:[1241,5014] graph_arc_lns (d=0.98 s=212 t=0.10 p=1.00 stall=6 h=auto_l0)
#28     15.90s best:5009  next:[1241,5008] graph_cst_lns (d=0.99 s=213 t=0.10 p=1.00 stall=7 h=auto_l0)
#29     16.04s best:4943  next:[1241,4942] no_lp (fixed_bools=0/538)
#30     16.42s best:4888  next:[1241,4887] no_lp (fixed_bools=0/541)
#31     18.05s best:4884  next:[1241,4883] graph_cst_lns (d=0.99 s=237 t=0.10 p=1.00 stall=1 h=auto_l0)
#32     18.16s best:4844  next:[1241,4843] graph_dec_lns (d=0.99 s=238 t=0.10 p=1.00 stall=1 h=auto_l0)
#33     18.98s best:4843  next:[1241,4842] violation_ls(batch:15 #solutions_imported:12 #lin_moves:42'963 #lin_evals:321'455 #gen_moves:46'621 #gen_evals:5'330 #comp_moves:5'421 #backtracks:20'595 #weight_updates:2'643)
#34     18.98s best:4842  next:[1241,4841] violation_ls(batch:15 #solutions_imported:13 #lin_moves:69'483 #lin_evals:295'006 #gen_moves:8'797 #gen_evals:1'291 #comp_moves:928 #backtracks:3'934 #weight_updates:6'478)
#35     19.06s best:4753  next:[1241,4752] graph_var_lns (d=0.99 s=247 t=0.10 p=1.00 stall=1 h=auto_l0)
#36     19.13s best:4663  next:[1241,4662] rins_lp_lns (d=0.91 s=254 t=0.10 p=0.70 stall=3 h=auto_l0)
#37     19.51s best:4613  next:[1241,4612] quick_restart_no_lp (fixed_bools=0/993)
#38     20.35s best:4366  next:[1241,4365] graph_dec_lns (d=0.99 s=262 t=0.10 p=1.00 stall=1 h=auto_l0)
#39     20.70s best:4353  next:[1241,4352] quick_restart_no_lp (fixed_bools=0/1043)
#40     21.39s best:4352  next:[1241,4351] violation_ls(batch:17 #solutions_imported:14 #lin_moves:43'230 #lin_evals:341'772 #gen_moves:53'638 #gen_evals:6'259 #comp_moves:6'843 #backtracks:23'391 #weight_updates:2'786)
#41     21.40s best:4351  next:[1241,4350] violation_ls(batch:17 #solutions_imported:15 #lin_moves:77'538 #lin_evals:327'697 #gen_moves:8'806 #gen_evals:1'292 #comp_moves:929 #backtracks:3'938 #weight_updates:8'423)
#42     21.75s best:4350  next:[1241,4349] quick_restart_no_lp (fixed_bools=0/1065)
#43     21.89s best:4299  next:[1241,4298] graph_cst_lns (d=1.00 s=273 t=0.10 p=1.00 stall=0 h=auto_l0)
#44     22.97s best:4298  next:[1241,4297] violation_ls(batch:18 #solutions_imported:16 #lin_moves:77'538 #lin_evals:340'713 #gen_moves:13'816 #gen_evals:1'768 #comp_moves:1'847 #backtracks:5'984 #weight_updates:8'481)
#Bound  23.14s best:4298  next:[1257,4297] objective_lb_search_max_lp
#45     23.32s best:4214  next:[1257,4213] graph_dec_lns (d=1.00 s=286 t=0.10 p=1.00 stall=0 h=auto_l0)
#46     24.20s best:4213  next:[1257,4212] violation_ls(batch:19 #solutions_imported:16 #lin_moves:43'230 #lin_evals:363'291 #gen_moves:62'653 #gen_evals:6'998 #comp_moves:7'493 #backtracks:27'567 #weight_updates:2'912)
#47     24.21s best:4212  next:[1257,4211] violation_ls(batch:19 #solutions_imported:17 #lin_moves:77'538 #lin_evals:340'732 #gen_moves:13'827 #gen_evals:1'768 #comp_moves:1'850 #backtracks:5'988 #weight_updates:8'481)
#48     24.99s best:4190  next:[1257,4189] graph_cst_lns (d=1.00 s=299 t=0.10 p=1.00 stall=0 h=auto_l0)
#49     25.79s best:4189  next:[1257,4188] violation_ls(batch:20 #solutions_imported:17 #lin_moves:43'481 #lin_evals:364'613 #gen_moves:62'653 #gen_evals:6'998 #comp_moves:7'493 #backtracks:27'567 #weight_updates:3'012)
#50     25.79s best:4188  next:[1257,4187] violation_ls(batch:20 #solutions_imported:18 #lin_moves:77'727 #lin_evals:341'755 #gen_moves:13'827 #gen_evals:1'768 #comp_moves:1'850 #backtracks:5'988 #weight_updates:8'583)
#51     25.87s best:4109  next:[1257,4108] rnd_var_lns (d=1.00 s=307 t=0.10 p=0.94 stall=0 h=auto_l0)
#52     27.29s best:4108  next:[1257,4107] violation_ls(batch:21 #solutions_imported:18 #lin_moves:43'481 #lin_evals:378'471 #gen_moves:68'368 #gen_evals:7'508 #comp_moves:7'896 #backtracks:30'223 #weight_updates:3'094)
#53     28.54s best:4091  next:[1257,4090] graph_arc_lns (d=1.00 s=322 t=0.10 p=1.00 stall=0 h=auto_l0)
#54     28.87s best:4089  next:[1257,4088] violation_ls(batch:22 #solutions_imported:19 #lin_moves:43'481 #lin_evals:396'781 #gen_moves:75'610 #gen_evals:8'186 #comp_moves:8'784 #backtracks:33'400 #weight_updates:3'188)
#55     28.88s best:4088  next:[1257,4087] violation_ls(batch:22 #solutions_imported:20 #lin_moves:77'755 #lin_evals:353'552 #gen_moves:18'533 #gen_evals:2'231 #comp_moves:2'168 #backtracks:8'182 #weight_updates:8'665)
#56     29.13s best:4007  next:[1257,4006] graph_cst_lns (d=1.00 s=335 t=0.10 p=0.89 stall=1 h=auto_l0)
#57     30.51s best:4006  next:[1257,4005] violation_ls(batch:23 #solutions_imported:20 #lin_moves:43'481 #lin_evals:396'843 #gen_moves:75'639 #gen_evals:8'188 #comp_moves:8'789 #backtracks:33'412 #weight_updates:3'188)
#58     30.51s best:4005  next:[1257,4004] violation_ls(batch:23 #solutions_imported:21 #lin_moves:77'755 #lin_evals:353'635 #gen_moves:18'571 #gen_evals:2'233 #comp_moves:2'172 #backtracks:8'199 #weight_updates:8'665)
#59     31.10s best:3955  next:[1257,3954] graph_var_lns (d=1.00 s=345 t=0.10 p=0.90 stall=0 h=auto_l0)
#60     32.27s best:3954  next:[1257,3953] violation_ls(batch:24 #solutions_imported:22 #lin_moves:77'755 #lin_evals:362'341 #gen_moves:22'547 #gen_evals:2'514 #comp_moves:2'484 #backtracks:10'031 #weight_updates:8'713)
#61     33.11s best:3953  next:[1257,3952] graph_cst_lns (d=1.00 s=359 t=0.10 p=0.86 stall=0 h=auto_l0)
#Bound  33.43s best:3953  next:[1258,3952] objective_lb_search_max_lp
#62     33.85s best:3909  next:[1258,3908] rins_pump_lns (d=0.92 s=377 t=0.10 p=0.60 stall=0 h=auto_l0)
#63     35.09s best:3901  next:[1258,3900] rnd_cst_lns (d=1.00 s=383 t=0.10 p=0.83 stall=0 h=auto_l0)
#64     36.30s best:3837  next:[1258,3836] rins_pump_lns (d=0.93 s=391 t=0.10 p=0.62 stall=0 h=auto_l0)
#Bound  38.59s best:3837  next:[1260,3836] objective_lb_search_max_lp
#65     41.64s best:3755  next:[1260,3754] graph_var_lns (d=0.99 s=436 t=0.10 p=0.74 stall=0 h=auto_l0)
#Bound  44.80s best:3755  next:[1266,3754] objective_lb_search_max_lp
#66     46.50s best:3747  next:[1266,3746] graph_var_lns (d=1.00 s=475 t=0.10 p=0.74 stall=2 h=auto_l0)
#67     46.55s best:3746  next:[1266,3745] violation_ls(batch:33 #solutions_imported:27 #lin_moves:90'531 #lin_evals:563'831 #gen_moves:88'132 #gen_evals:6'851 #comp_moves:6'848 #backtracks:40'631 #weight_updates:11'554)
#68     47.73s best:3731  next:[1266,3730] graph_arc_lns (d=0.99 s=488 t=0.10 p=0.71 stall=0 h=auto_l0)
#69     47.90s best:3729  next:[1266,3728] violation_ls(batch:34 #solutions_imported:28 #lin_moves:95'814 #lin_evals:585'004 #gen_moves:88'132 #gen_evals:6'851 #comp_moves:6'848 #backtracks:40'631 #weight_updates:12'179)
#70     48.08s best:3727  next:[1266,3726] rnd_var_lns (d=1.00 s=485 t=0.10 p=0.74 stall=0 h=auto_l0)
#71     48.61s best:3724  next:[1266,3723] quick_restart_no_lp (fixed_bools=0/1310)
#72     48.87s best:3681  next:[1266,3680] rnd_cst_lns (d=1.00 s=486 t=0.10 p=0.77 stall=2 h=auto_l0)
#73     49.39s best:3680  next:[1266,3679] violation_ls(batch:35 #solutions_imported:27 #lin_moves:91'495 #lin_evals:731'278 #gen_moves:125'095 #gen_evals:12'977 #comp_moves:15'637 #backtracks:54'700 #weight_updates:5'641)
#74     49.42s best:3679  next:[1266,3678] violation_ls(batch:35 #solutions_imported:29 #lin_moves:99'347 #lin_evals:597'107 #gen_moves:88'132 #gen_evals:6'851 #comp_moves:6'848 #backtracks:40'631 #weight_updates:12'424)
#75     49.53s best:3625  next:[1266,3624] rins_pump_lns (d=0.92 s=507 t=0.10 p=0.57 stall=8 h=auto_l0)
#Bound  52.20s best:3625  next:[1282,3624] objective_lb_search_max_lp
#76     52.95s best:3584  next:[1282,3583] graph_var_lns (d=1.00 s=524 t=0.10 p=0.74 stall=0 h=auto_l0)
#77     55.51s best:3582  next:[1282,3581] graph_arc_lns (d=0.99 s=552 t=0.10 p=0.67 stall=2 h=auto_l0)
#78     55.63s best:3581  next:[1282,3580] violation_ls(batch:39 #solutions_imported:30 #lin_moves:116'254 #lin_evals:843'969 #gen_moves:129'454 #gen_evals:13'233 #comp_moves:15'906 #backtracks:56'745 #weight_updates:10'943)
#79     55.70s best:3580  next:[1282,3579] violation_ls(batch:39 #solutions_imported:32 #lin_moves:107'238 #lin_evals:686'279 #gen_moves:110'830 #gen_evals:8'530 #comp_moves:8'321 #backtracks:51'235 #weight_updates:14'791)
#Bound  60.08s best:3580  next:[1283,3579] objective_lb_search_max_lp
#Bound  76.21s best:3580  next:[1284,3579] objective_shaving_search_max_lp (vars=4515 csts=36834)
#80     77.13s best:3557  next:[1284,3556] rnd_var_lns (d=1.00 s=712 t=0.10 p=0.65 stall=1 h=auto_l0)
#Bound  82.97s best:3557  next:[1312,3556] objective_lb_search_max_lp
#81     95.14s best:3546  next:[1312,3545] rnd_cst_lns (d=1.00 s=866 t=0.10 p=0.62 stall=2 h=auto_l0)
#82     96.54s best:3532  next:[1312,3531] graph_dec_lns (d=1.00 s=883 t=0.10 p=0.63 stall=0 h=auto_l0)
#83     96.55s best:3531  next:[1312,3530] violation_ls(batch:65 #solutions_imported:33 #lin_moves:365'799 #lin_evals:1'857'249 #gen_moves:129'454 #gen_evals:13'233 #comp_moves:15'906 #backtracks:56'745 #weight_updates:12'711)
#84     96.61s best:3530  next:[1312,3529] violation_ls(batch:65 #solutions_imported:35 #lin_moves:226'528 #lin_evals:1'460'195 #gen_moves:234'810 #gen_evals:16'827 #comp_moves:15'261 #backtracks:109'746 #weight_updates:16'491)
#85     97.18s best:3490  next:[1312,3489] rins_lp_lns (d=0.92 s=887 t=0.10 p=0.53 stall=4 h=auto_l0)
#86     99.75s best:3486  next:[1312,3485] graph_var_lns (d=1.00 s=905 t=0.10 p=0.64 stall=9 h=auto_l0)
#87    113.69s best:3484  next:[1312,3483] quick_restart (fixed_bools=0/1060)
#88    114.21s best:3483  next:[1312,3482] violation_ls(batch:77 #solutions_imported:36 #lin_moves:440'131 #lin_evals:2'162'714 #gen_moves:129'454 #gen_evals:13'233 #comp_moves:15'906 #backtracks:56'745 #weight_updates:48'465)
#89    114.22s best:3482  next:[1312,3481] violation_ls(batch:77 #solutions_imported:38 #lin_moves:296'071 #lin_evals:1'766'130 #gen_moves:234'834 #gen_evals:16'829 #comp_moves:15'263 #backtracks:109'757 #weight_updates:56'948)
#90    114.88s best:3481  next:[1312,3480] graph_cst_lns (d=1.00 s=1031 t=0.10 p=0.61 stall=0 h=auto_l0)
#91    115.89s best:3479  next:[1312,3478] graph_dec_lns (d=1.00 s=1032 t=0.10 p=0.61 stall=1 h=auto_l0)
#92    116.21s best:3474  next:[1312,3473] rnd_var_lns (d=1.00 s=1039 t=0.10 p=0.60 stall=1 h=auto_l0)
#93    116.28s best:3473  next:[1312,3472] violation_ls(batch:78 #solutions_imported:37 #lin_moves:440'131 #lin_evals:2'174'887 #gen_moves:134'989 #gen_evals:13'513 #comp_moves:16'205 #backtracks:59'363 #weight_updates:48'533)
#94    117.63s best:3472  next:[1312,3471] violation_ls(batch:79 #solutions_imported:38 #lin_moves:440'131 #lin_evals:2'174'921 #gen_moves:135'006 #gen_evals:13'513 #comp_moves:16'208 #backtracks:59'370 #weight_updates:48'533)
#95    117.72s best:3471  next:[1312,3470] violation_ls(batch:79 #solutions_imported:40 #lin_moves:296'071 #lin_evals:1'789'554 #gen_moves:244'093 #gen_evals:17'403 #comp_moves:16'932 #backtracks:113'552 #weight_updates:57'063)
#96    117.83s best:3469  next:[1312,3468] graph_var_lns (d=1.00 s=1054 t=0.10 p=0.60 stall=0 h=auto_l0)
#97    118.55s best:3466  next:[1312,3465] graph_arc_lns (d=1.00 s=1055 t=0.10 p=0.62 stall=0 h=auto_l0)
#98    119.35s best:3465  next:[1312,3464] violation_ls(batch:80 #solutions_imported:39 #lin_moves:440'131 #lin_evals:2'186'400 #gen_moves:139'692 #gen_evals:13'829 #comp_moves:17'040 #backtracks:61'297 #weight_updates:48'596)
#99    120.61s best:3464  next:[1312,3463] violation_ls(batch:81 #solutions_imported:40 #lin_moves:440'131 #lin_evals:2'186'547 #gen_moves:139'756 #gen_evals:13'833 #comp_moves:17'042 #backtracks:61'328 #weight_updates:48'596)
#100   120.62s best:3463  next:[1312,3462] violation_ls(batch:81 #solutions_imported:42 #lin_moves:296'365 #lin_evals:1'800'025 #gen_moves:247'961 #gen_evals:17'657 #comp_moves:17'238 #backtracks:115'333 #weight_updates:57'207)
#101   120.97s best:3449  next:[1312,3448] rins_pump_lns (d=0.92 s=1086 t=0.10 p=0.53 stall=1 h=auto_l0)
#Bound 201.12s best:3449  next:[1318,3448] objective_lb_search_max_lp
#102   213.35s best:3381  next:[1318,3380] graph_dec_lns (d=1.00 s=1804 t=0.10 p=0.56 stall=0 h=auto_l0)
#Bound 244.48s best:3381  next:[1325,3380] objective_lb_search_max_lp
#103   255.11s best:3318  next:[1325,3317] rnd_cst_lns (d=1.00 s=2124 t=0.10 p=0.55 stall=0 h=auto_l0)
#104   255.32s best:3317  next:[1325,3316] violation_ls(batch:166 #solutions_imported:43 #lin_moves:886'759 #lin_evals:4'254'619 #gen_moves:139'860 #gen_evals:13'836 #comp_moves:17'044 #backtracks:61'379 #weight_updates:441'969)
#105   255.33s best:3316  next:[1325,3315] violation_ls(batch:166 #solutions_imported:45 #lin_moves:296'457 #lin_evals:3'494'250 #gen_moves:863'595 #gen_evals:78'748 #comp_moves:46'937 #backtracks:408'284 #weight_updates:60'842)
#106   256.98s best:3315  next:[1325,3314] violation_ls(batch:167 #solutions_imported:44 #lin_moves:886'847 #lin_evals:4'255'104 #gen_moves:139'860 #gen_evals:13'836 #comp_moves:17'044 #backtracks:61'379 #weight_updates:442'054)
#107   256.99s best:3314  next:[1325,3313] violation_ls(batch:167 #solutions_imported:46 #lin_moves:296'459 #lin_evals:3'494'275 #gen_moves:863'595 #gen_evals:78'748 #comp_moves:46'937 #backtracks:408'284 #weight_updates:60'843)
#108   257.10s best:3265  next:[1325,3264] rins_lp_lns (d=0.92 s=2157 t=0.10 p=0.51 stall=14 h=folio_rnd)
#109   281.86s best:3182  next:[1325,3181] rnd_var_lns (d=1.00 s=2346 t=0.10 p=0.54 stall=0 h=auto_l0)
#Bound 538.80s best:3182  next:[1326,3181] lb_tree_search (nodes=28871/28893 rc=128 decisions=101017 @root=34 restarts=10) 
#Bound 594.73s best:3182  next:[1327,3181] lb_tree_search (nodes=31192/31218 rc=134 decisions=112784 @root=35 restarts=10) 
#Bound 664.73s best:3182  next:[1328,3181] lb_tree_search (nodes=33773/33801 rc=137 decisions=125884 @root=38 restarts=10) 
#Bound 740.09s best:3182  next:[1329,3181] lb_tree_search (nodes=36452/36486 rc=142 decisions=139617 @root=41 restarts=10) 
#Bound 773.38s best:3182  next:[1333,3181] objective_lb_search_max_lp
#Bound 811.90s best:3182  next:[1340,3181] objective_lb_search_max_lp
#Bound 1135.21s best:3182  next:[1342,3181] objective_lb_search_max_lp
#Bound 1222.13s best:3182  next:[1343,3181] objective_lb_search_max_lp
#Bound 1254.35s best:3182  next:[1345,3181] objective_lb_search_max_lp
#Bound 1442.14s best:3182  next:[1349,3181] objective_lb_search_max_lp
#Bound 1472.15s best:3182  next:[1350,3181] objective_lb_search_max_lp
#Bound 1568.82s best:3182  next:[1352,3181] objective_lb_search_max_lp
#Bound 1779.79s best:3182  next:[1353,3181] lb_tree_search (nodes=46376/46378 rc=235 decisions=320696 @root=75 restarts=11) 
#Bound 1791.96s best:3182  next:[1356,3181] objective_lb_search_max_lp
#Bound 1848.62s best:3182  next:[1357,3181] objective_lb_search_max_lp
#Bound 2021.29s best:3182  next:[1358,3181] lb_tree_search (nodes=53838/53840 rc=251 decisions=364208 @root=84 restarts=11) 
#Bound 2112.14s best:3182  next:[1359,3181] lb_tree_search (nodes=55678/55682 rc=253 decisions=377682 @root=87 restarts=11) 
#Bound 2202.08s best:3182  next:[1360,3181] lb_tree_search (nodes=57322/57326 rc=254 decisions=390638 @root=90 restarts=11) 
#Bound 2294.97s best:3182  next:[1361,3181] lb_tree_search (nodes=59383/59387 rc=256 decisions=405158 @root=91 restarts=11) 
#Bound 2392.50s best:3182  next:[1362,3181] lb_tree_search (nodes=61544/61548 rc=272 decisions=419994 @root=94 restarts=11) 
#Bound 2483.46s best:3182  next:[1363,3181] lb_tree_search (nodes=63999/64004 rc=274 decisions=435785 @root=97 restarts=11) 
#Bound 2575.75s best:3182  next:[1364,3181] lb_tree_search (nodes=66080/66086 rc=276 decisions=450411 @root=100 restarts=11) 
#Bound 2670.41s best:3182  next:[1365,3181] lb_tree_search (nodes=68616/68623 rc=279 decisions=466964 @root=103 restarts=11) 
#Bound 2761.91s best:3182  next:[1366,3181] lb_tree_search (nodes=70699/70706 rc=285 decisions=482426 @root=104 restarts=11) 
#Bound 2879.07s best:3182  next:[1367,3181] lb_tree_search (nodes=73141/73148 rc=288 decisions=499223 @root=107 restarts=11) 
#Bound 2984.55s best:3182  next:[1368,3181] lb_tree_search (nodes=75039/75046 rc=299 decisions=514019 @root=110 restarts=11) 
#Bound 3098.88s best:3182  next:[1369,3181] lb_tree_search (nodes=77098/77106 rc=306 decisions=530679 @root=113 restarts=11) 
#Bound 3218.75s best:3182  next:[1370,3181] lb_tree_search (nodes=79863/79871 rc=318 decisions=548851 @root=116 restarts=11) 
#Bound 3332.61s best:3182  next:[1371,3181] lb_tree_search (nodes=82084/82093 rc=325 decisions=565829 @root=119 restarts=11) 
#Bound 3469.41s best:3182  next:[1372,3181] lb_tree_search (nodes=84923/84932 rc=335 decisions=584804 @root=122 restarts=11) 
#Bound 3612.34s best:3182  next:[1373,3181] lb_tree_search (nodes=87779/87788 rc=350 decisions=604068 @root=127 restarts=11) 
#110   3715.10s best:3179  next:[1373,3178] rins_lp_lns (d=0.93 s=28430 t=0.10 p=0.50 stall=10 h=auto_l0)
#Bound 3728.93s best:3179  next:[1374,3178] lb_tree_search (nodes=90089/90099 rc=356 decisions=622440 @root=128 restarts=11) 
#Bound 3842.59s best:3179  next:[1375,3178] lb_tree_search (nodes=92513/92526 rc=364 decisions=641030 @root=131 restarts=11) 
#Bound 3955.40s best:3179  next:[1376,3178] lb_tree_search (nodes=94603/94616 rc=372 decisions=659672 @root=134 restarts=11) 
#Bound 4076.53s best:3179  next:[1377,3178] lb_tree_search (nodes=96979/96992 rc=377 decisions=678368 @root=137 restarts=11) 
#Bound 4194.41s best:3179  next:[1378,3178] lb_tree_search (nodes=99357/99372 rc=392 decisions=697625 @root=140 restarts=11) 
#Bound 4321.35s best:3179  next:[1379,3178] lb_tree_search (nodes=101944/101959 rc=401 decisions=716956 @root=145 restarts=11) 
#Bound 4411.83s best:3179  next:[1380,3178] lb_tree_search (nodes=103432/103447 rc=412 decisions=731901 @root=146 restarts=11) 
#Bound 4520.95s best:3179  next:[1381,3178] lb_tree_search (nodes=105020/105035 rc=412 decisions=747046 @root=150 restarts=11) 
#Bound 4631.26s best:3179  next:[1382,3178] lb_tree_search (nodes=106402/106417 rc=415 decisions=761973 @root=154 restarts=11) 
#Bound 4726.24s best:3179  next:[1383,3178] lb_tree_search (nodes=107667/107682 rc=415 decisions=775974 @root=155 restarts=11) 
#Bound 4835.55s best:3179  next:[1384,3178] lb_tree_search (nodes=109312/109327 rc=416 decisions=791691 @root=158 restarts=11) 
#Bound 4952.67s best:3179  next:[1385,3178] lb_tree_search (nodes=110989/111004 rc=418 decisions=807898 @root=161 restarts=11) 
#Bound 5067.66s best:3179  next:[1386,3178] lb_tree_search (nodes=112645/112661 rc=423 decisions=823606 @root=164 restarts=11) 
#Bound 5176.84s best:3179  next:[1387,3178] lb_tree_search (nodes=114193/114209 rc=429 decisions=839419 @root=167 restarts=11) 
#Bound 5299.44s best:3179  next:[1388,3178] lb_tree_search (nodes=116150/116167 rc=438 decisions=857093 @root=172 restarts=11) 
#Bound 5426.21s best:3179  next:[1389,3178] lb_tree_search (nodes=118352/118369 rc=452 decisions=876113 @root=175 restarts=11) 
#Bound 5546.84s best:3179  next:[1390,3178] lb_tree_search (nodes=119904/119922 rc=464 decisions=893510 @root=178 restarts=11) 
#Bound 5667.73s best:3179  next:[1391,3178] lb_tree_search (nodes=121446/121464 rc=471 decisions=910354 @root=183 restarts=11) 
#Bound 5795.31s best:3179  next:[1392,3178] lb_tree_search (nodes=123338/123356 rc=473 decisions=929119 @root=186 restarts=11) 
#Bound 5919.00s best:3179  next:[1393,3178] lb_tree_search (nodes=125192/125211 rc=476 decisions=947418 @root=189 restarts=11) 
#Bound 6047.57s best:3179  next:[1394,3178] lb_tree_search (nodes=127212/127231 rc=481 decisions=966278 @root=194 restarts=11) 
#Bound 6187.10s best:3179  next:[1395,3178] lb_tree_search (nodes=129416/129435 rc=483 decisions=986541 @root=197 restarts=11) 
#Bound 6339.83s best:3179  next:[1396,3178] lb_tree_search (nodes=132082/132101 rc=494 decisions=1008410 @root=202 restarts=11) 
#Bound 6491.80s best:3179  next:[1397,3178] lb_tree_search (nodes=134409/134428 rc=501 decisions=1029245 @root=205 restarts=11) 
#Bound 6537.25s best:3179  next:[1401,3178] objective_lb_search_max_lp
#Bound 6933.46s best:3179  next:[1402,3178] lb_tree_search (nodes=142185/142205 rc=546 decisions=1096055 @root=218 restarts=11) 
#Bound 7095.33s best:3179  next:[1403,3178] lb_tree_search (nodes=144490/144510 rc=552 decisions=1118672 @root=223 restarts=11) 
#Bound 7255.55s best:3179  next:[1404,3178] lb_tree_search (nodes=147258/147278 rc=563 decisions=1142856 @root=226 restarts=11) 
#Bound 7411.76s best:3179  next:[1405,3178] objective_lb_search_max_lp
#Bound 7517.62s best:3179  next:[1414,3178] objective_lb_search_max_lp
#Bound 7587.57s best:3179  next:[1416,3178] objective_lb_search_max_lp
#Bound 7993.34s best:3179  next:[1418,3178] objective_lb_search_max_lp
#Bound 9355.90s best:3179  next:[1419,3178] objective_lb_search
#Bound 9811.28s best:3179  next:[1421,3178] objective_lb_search_max_lp
#Bound 9900.09s best:3179  next:[1427,3178] objective_lb_search_max_lp
#Bound 10418.84s best:3179  next:[1428,3178] objective_lb_search_max_lp
#Bound 10552.86s best:3179  next:[1429,3178] objective_lb_search_max_lp
#Bound 11227.11s best:3179  next:[1430,3178] objective_lb_search_max_lp
#Bound 11247.55s best:3179  next:[1432,3178] objective_lb_search_max_lp
#Bound 11586.85s best:3179  next:[1433,3178] objective_lb_search_max_lp
#Bound 11711.07s best:3179  next:[1434,3178] objective_lb_search_max_lp
#Bound 12340.07s best:3179  next:[1436,3178] objective_lb_search_max_lp
#Bound 12422.98s best:3179  next:[1438,3178] objective_lb_search_max_lp
#Bound 12796.79s best:3179  next:[1439,3178] objective_lb_search_max_lp
#Bound 12838.25s best:3179  next:[1441,3178] objective_lb_search_max_lp
#Bound 13495.30s best:3179  next:[1442,3178] objective_lb_search_max_lp
#Bound 13532.18s best:3179  next:[1443,3178] objective_lb_search_max_lp
#Bound 13812.69s best:3179  next:[1444,3178] objective_lb_search_max_lp
#Bound 13841.71s best:3179  next:[1447,3178] objective_lb_search_max_lp
#Bound 13904.49s best:3179  next:[1449,3178] objective_lb_search_max_lp
#Bound 14212.72s best:3179  next:[1450,3178] objective_lb_search_max_lp
#Bound 14326.75s best:3179  next:[1452,3178] objective_lb_search_max_lp
#Bound 14374.17s best:3179  next:[1454,3178] objective_lb_search_max_lp
#Bound 14470.28s best:3179  next:[1456,3178] objective_lb_search_max_lp
#Bound 14638.60s best:3179  next:[1463,3178] objective_lb_search_max_lp
#Bound 14984.26s best:3179  next:[1466,3178] objective_lb_search_max_lp
#Bound 15030.18s best:3179  next:[1467,3178] objective_lb_search_max_lp
#Bound 15437.64s best:3179  next:[1469,3178] objective_lb_search_max_lp
#Bound 15899.61s best:3179  next:[1471,3178] objective_lb_search_max_lp
#Bound 16206.95s best:3179  next:[1476,3178] objective_lb_search_max_lp
#Bound 17294.09s best:3179  next:[1477,3178] lb_tree_search (nodes=126971/126995 rc=1276 decisions=2667624 @root=527 restarts=13) 
#Bound 17447.72s best:3179  next:[1478,3178] lb_tree_search (nodes=130084/130112 rc=1277 decisions=2692485 @root=532 restarts=13) 
#Bound 17628.98s best:3179  next:[1479,3178] lb_tree_search (nodes=133342/133378 rc=1278 decisions=2717375 @root=537 restarts=13) 
#Bound 17841.49s best:3179  next:[1480,3178] lb_tree_search (nodes=136618/136660 rc=1279 decisions=2743269 @root=542 restarts=13) 
#Bound 18044.52s best:3179  next:[1481,3178] lb_tree_search (nodes=139927/139969 rc=1280 decisions=2768710 @root=547 restarts=13) 
#Bound 18254.58s best:3179  next:[1482,3178] lb_tree_search (nodes=142891/142937 rc=1282 decisions=2793836 @root=552 restarts=13) 
#Bound 18443.84s best:3179  next:[1483,3178] lb_tree_search (nodes=145746/145796 rc=1286 decisions=2818597 @root=557 restarts=13) 
#Bound 18640.97s best:3179  next:[1484,3178] lb_tree_search (nodes=148672/148724 rc=1288 decisions=2843575 @root=562 restarts=13) 
#Bound 18850.20s best:3179  next:[1485,3178] lb_tree_search (nodes=151969/152025 rc=1300 decisions=2870381 @root=567 restarts=13) 
#Bound 19065.57s best:3179  next:[1486,3178] lb_tree_search (nodes=155262/155320 rc=1304 decisions=2897735 @root=572 restarts=13) 
#Bound 19267.94s best:3179  next:[1487,3178] lb_tree_search (nodes=158557/158615 rc=1304 decisions=2925124 @root=577 restarts=13) 
#Bound 19467.96s best:3179  next:[1488,3178] lb_tree_search (nodes=161606/161666 rc=1305 decisions=2951648 @root=582 restarts=13) 
#Bound 19682.39s best:3179  next:[1489,3178] lb_tree_search (nodes=164848/164909 rc=1306 decisions=2980107 @root=587 restarts=13) 
#Bound 19883.89s best:3179  next:[1490,3178] lb_tree_search (nodes=167678/167740 rc=1306 decisions=3007159 @root=592 restarts=13) 
#Bound 20105.91s best:3179  next:[1491,3178] lb_tree_search (nodes=170997/171061 rc=1308 decisions=3035452 @root=597 restarts=13) 
#Bound 20339.68s best:3179  next:[1492,3178] lb_tree_search (nodes=174205/174269 rc=1311 decisions=3063432 @root=602 restarts=13) 
#Bound 20559.32s best:3179  next:[1493,3178] lb_tree_search (nodes=177425/177491 rc=1312 decisions=3092786 @root=607 restarts=13) 
#Bound 20777.75s best:3179  next:[1494,3178] lb_tree_search (nodes=180767/180834 rc=1314 decisions=3122217 @root=612 restarts=13) 
#Bound 21013.48s best:3179  next:[1495,3178] lb_tree_search (nodes=184316/184385 rc=1316 decisions=3152504 @root=617 restarts=13) 
#Bound 21253.23s best:3179  next:[1496,3178] lb_tree_search (nodes=187627/187697 rc=1317 decisions=3182764 @root=622 restarts=13) 
#Bound 21473.86s best:3179  next:[1497,3178] lb_tree_search (nodes=190630/190701 rc=1318 decisions=3212097 @root=627 restarts=13) 
#Bound 21712.08s best:3179  next:[1498,3178] lb_tree_search (nodes=193866/193938 rc=1326 decisions=3242676 @root=634 restarts=13) 
#Bound 21949.55s best:3179  next:[1499,3178] lb_tree_search (nodes=197451/197523 rc=1333 decisions=3274719 @root=639 restarts=13) 
#Bound 22189.52s best:3179  next:[1500,3178] lb_tree_search (nodes=200843/200915 rc=1333 decisions=3306276 @root=644 restarts=13) 
#Bound 22447.43s best:3179  next:[1501,3178] lb_tree_search (nodes=204486/204560 rc=1333 decisions=3338976 @root=651 restarts=13) 
#Bound 22692.07s best:3179  next:[1502,3178] lb_tree_search (nodes=208005/208079 rc=1343 decisions=3370911 @root=658 restarts=13) 
#Bound 22942.13s best:3179  next:[1503,3178] lb_tree_search (nodes=211419/211494 rc=1344 decisions=3403120 @root=665 restarts=13) 
#Bound 23202.42s best:3179  next:[1504,3178] lb_tree_search (nodes=214968/215046 rc=1346 decisions=3436502 @root=672 restarts=13) 
#Bound 23460.11s best:3179  next:[1505,3178] lb_tree_search (nodes=218656/218735 rc=1348 decisions=3470227 @root=679 restarts=13) 
#Bound 23715.92s best:3179  next:[1506,3178] lb_tree_search (nodes=222066/222145 rc=1357 decisions=3504028 @root=686 restarts=13) 
#Bound 23976.36s best:3179  next:[1507,3178] lb_tree_search (nodes=225656/225737 rc=1365 decisions=3538050 @root=695 restarts=13) 
#Bound 24231.95s best:3179  next:[1508,3178] lb_tree_search (nodes=229189/229270 rc=1369 decisions=3571972 @root=702 restarts=13) 
#Bound 24540.20s best:3179  next:[1509,3178] lb_tree_search (nodes=233014/233096 rc=1376 decisions=3607633 @root=709 restarts=13) 
#Bound 24821.01s best:3179  next:[1510,3178] lb_tree_search (nodes=236438/236522 rc=1378 decisions=3642216 @root=718 restarts=13) 
#Bound 25098.71s best:3179  next:[1511,3178] lb_tree_search (nodes=240121/240206 rc=1383 decisions=3678542 @root=725 restarts=13) 
#Bound 25385.03s best:3179  next:[1512,3178] lb_tree_search (nodes=243701/243786 rc=1388 decisions=3715175 @root=734 restarts=13) 
#Bound 25660.22s best:3179  next:[1513,3178] lb_tree_search (nodes=247373/247460 rc=1393 decisions=3752585 @root=741 restarts=13) 
#Bound 25955.26s best:3179  next:[1514,3178] lb_tree_search (nodes=251437/251525 rc=1400 decisions=3791909 @root=748 restarts=13) 
#Bound 26240.44s best:3179  next:[1515,3178] lb_tree_search (nodes=255392/255481 rc=1408 decisions=3830794 @root=757 restarts=13) 
#Bound 26521.14s best:3179  next:[1516,3178] lb_tree_search (nodes=259197/259286 rc=1412 decisions=3869402 @root=764 restarts=13) 
#Bound 26826.78s best:3179  next:[1517,3178] lb_tree_search (nodes=263237/263327 rc=1421 decisions=3908707 @root=773 restarts=13) 
#Bound 27110.91s best:3179  next:[1518,3178] lb_tree_search (nodes=267270/267360 rc=1432 decisions=3949156 @root=780 restarts=13) 
#Bound 27404.20s best:3179  next:[1519,3178] lb_tree_search (nodes=271810/271902 rc=1436 decisions=3991574 @root=789 restarts=13) 
#Bound 27713.19s best:3179  next:[1520,3178] lb_tree_search (nodes=276458/276550 rc=1443 decisions=4034639 @root=798 restarts=13) 
#Bound 28014.88s best:3179  next:[1521,3178] lb_tree_search (nodes=281008/281102 rc=1449 decisions=4078282 @root=805 restarts=13) 
#Bound 28326.74s best:3179  next:[1522,3178] lb_tree_search (nodes=285369/285465 rc=1453 decisions=4121374 @root=814 restarts=13) 
#Bound 28647.02s best:3179  next:[1523,3178] lb_tree_search (nodes=289964/290062 rc=1459 decisions=4165856 @root=823 restarts=13) 
#Bound 28943.70s best:3179  next:[1524,3178] lb_tree_search (nodes=294297/294396 rc=1466 decisions=4210159 @root=830 restarts=13) 
#Bound 29259.34s best:3179  next:[1525,3178] lb_tree_search (nodes=299067/299167 rc=1475 decisions=4255584 @root=839 restarts=13) 
#Bound 29571.38s best:3179  next:[1526,3178] lb_tree_search (nodes=303776/303877 rc=1489 decisions=4300429 @root=848 restarts=13) 
#Bound 29907.49s best:3179  next:[1527,3178] lb_tree_search (nodes=308447/308549 rc=1497 decisions=4346392 @root=855 restarts=13) 
#Bound 30270.80s best:3179  next:[1528,3178] lb_tree_search (nodes=313383/313485 rc=1504 decisions=4393978 @root=864 restarts=13) 
#Bound 30645.78s best:3179  next:[1529,3178] lb_tree_search (nodes=318076/318181 rc=1517 decisions=4440350 @root=873 restarts=13) 
#Bound 31008.00s best:3179  next:[1530,3178] lb_tree_search (nodes=322677/322783 rc=1527 decisions=4487419 @root=882 restarts=13) 
#Bound 31397.13s best:3179  next:[1531,3178] lb_tree_search (nodes=327621/327728 rc=1540 decisions=4536524 @root=893 restarts=13) 
#Bound 31823.42s best:3179  next:[1532,3178] lb_tree_search (nodes=332792/332899 rc=1560 decisions=4587591 @root=904 restarts=13) 
#Bound 32235.10s best:3179  next:[1533,3178] lb_tree_search (nodes=337982/338092 rc=1568 decisions=4638801 @root=915 restarts=13) 
#Bound 32627.45s best:3179  next:[1534,3178] lb_tree_search (nodes=342991/343102 rc=1585 decisions=4689562 @root=924 restarts=13) 
#Bound 33014.31s best:3179  next:[1535,3178] lb_tree_search (nodes=348036/348148 rc=1598 decisions=4740760 @root=935 restarts=13) 
#Bound 33447.93s best:3179  next:[1536,3178] lb_tree_search (nodes=353430/353543 rc=1606 decisions=4794417 @root=946 restarts=13) 
#Bound 33894.16s best:3179  next:[1537,3178] lb_tree_search (nodes=358706/358822 rc=1624 decisions=4848106 @root=959 restarts=13) 
#Bound 34320.38s best:3179  next:[1538,3178] lb_tree_search (nodes=363511/363627 rc=1642 decisions=4902581 @root=970 restarts=13) 
#Bound 34765.95s best:3179  next:[1539,3178] lb_tree_search (nodes=368447/368563 rc=1660 decisions=4957730 @root=981 restarts=13) 
#Bound 35213.86s best:3179  next:[1540,3178] lb_tree_search (nodes=373266/373383 rc=1668 decisions=5012575 @root=992 restarts=13) 
#Bound 35678.02s best:3179  next:[1541,3178] lb_tree_search (nodes=378702/378821 rc=1692 decisions=5069787 @root=1003 restarts=13) 
#Bound 36174.75s best:3179  next:[1542,3178] lb_tree_search (nodes=384427/384548 rc=1707 decisions=5129746 @root=1014 restarts=13) 
#Bound 36652.08s best:3179  next:[1543,3178] lb_tree_search (nodes=389686/389808 rc=1727 decisions=5188966 @root=1027 restarts=13) 
#Bound 37081.49s best:3179  next:[1544,3178] lb_tree_search (nodes=394841/394965 rc=1735 decisions=5247041 @root=1038 restarts=13) 
#Bound 37506.04s best:3179  next:[1545,3178] lb_tree_search (nodes=400165/400289 rc=1755 decisions=5304483 @root=1049 restarts=13) 
#Bound 37972.97s best:3179  next:[1546,3178] lb_tree_search (nodes=405816/405940 rc=1765 decisions=5365733 @root=1060 restarts=13) 
#Bound 38444.98s best:3179  next:[1547,3178] lb_tree_search (nodes=411987/412121 rc=1784 decisions=5429430 @root=1073 restarts=13) 
#Bound 38846.24s best:3179  next:[1548,3178] lb_tree_search (nodes=417659/417794 rc=1798 decisions=5491434 @root=1084 restarts=13) 
#Bound 39041.55s best:3179  next:[1549,3178] objective_lb_search_max_lp
#Bound 39684.38s best:3179  next:[1550,3178] lb_tree_search (nodes=428915/429052 rc=1830 decisions=5607300 @root=1107 restarts=13) 
#Bound 40126.16s best:3179  next:[1551,3178] lb_tree_search (nodes=434485/434622 rc=1852 decisions=5670296 @root=1120 restarts=13) 
#Bound 40579.59s best:3179  next:[1552,3178] lb_tree_search (nodes=440356/440493 rc=1868 decisions=5734539 @root=1131 restarts=13) 
#Bound 41104.24s best:3179  next:[1553,3178] lb_tree_search (nodes=446530/446668 rc=1890 decisions=5801451 @root=1146 restarts=13) 
#Bound 41611.04s best:3179  next:[1554,3178] lb_tree_search (nodes=453031/453169 rc=1913 decisions=5870629 @root=1161 restarts=13) 
#Bound 42095.61s best:3179  next:[1555,3178] lb_tree_search (nodes=459271/459409 rc=1926 decisions=5939869 @root=1174 restarts=13) 
#Bound 42610.14s best:3179  next:[1556,3178] lb_tree_search (nodes=465509/465648 rc=1954 decisions=6009303 @root=1189 restarts=13) 
#Bound 43149.63s best:3179  next:[1557,3178] lb_tree_search (nodes=472054/472194 rc=1987 decisions=6082796 @root=1204 restarts=13) 
#Bound 43713.97s best:3179  next:[1558,3178] lb_tree_search (nodes=478808/478948 rc=2003 decisions=6155828 @root=1219 restarts=13) 
#Bound 44232.78s best:3179  next:[1559,3178] lb_tree_search (nodes=485391/485533 rc=2018 decisions=6228241 @root=1234 restarts=13) 
#Bound 44755.21s best:3179  next:[1560,3178] lb_tree_search (nodes=491518/491661 rc=2043 decisions=6300614 @root=1247 restarts=13) 
#111   45139.73s best:3169  next:[1560,3168] rins_lp_lns (d=0.92 s=346606 t=0.10 p=0.50 stall=2 h=auto_l0)
#Bound 45252.99s best:3169  next:[1561,3168] lb_tree_search (nodes=497265/497408 rc=2064 decisions=6372102 @root=1262 restarts=13) 
#Bound 45742.62s best:3169  next:[1562,3168] lb_tree_search (nodes=503649/503793 rc=2095 decisions=6445940 @root=1277 restarts=13) 
#Bound 46118.48s best:3169  next:[1563,3168] objective_lb_search_max_lp
#Bound 46792.21s best:3169  next:[1564,3168] lb_tree_search (nodes=516243/516387 rc=2152 decisions=6590069 @root=1305 restarts=13) 
#Bound 47325.63s best:3169  next:[1565,3168] lb_tree_search (nodes=522850/522995 rc=2175 decisions=6666955 @root=1320 restarts=13) 
#Bound 47962.21s best:3169  next:[1566,3168] lb_tree_search (nodes=529624/529770 rc=2202 decisions=6744773 @root=1337 restarts=13) 
#Bound 48517.28s best:3169  next:[1567,3168] lb_tree_search (nodes=536507/536654 rc=2233 decisions=6826009 @root=1352 restarts=13) 
#Bound 49045.98s best:3169  next:[1568,3168] lb_tree_search (nodes=543674/543821 rc=2259 decisions=6909565 @root=1369 restarts=13) 
#Bound 49677.75s best:3169  next:[1569,3168] lb_tree_search (nodes=550759/550907 rc=2289 decisions=6995740 @root=1386 restarts=13) 
#Bound 50292.62s best:3169  next:[1570,3168] lb_tree_search (nodes=557963/558111 rc=2326 decisions=7082443 @root=1405 restarts=13) 
#Bound 50878.92s best:3169  next:[1571,3168] lb_tree_search (nodes=565241/565390 rc=2368 decisions=7171119 @root=1422 restarts=13) 
#Bound 51517.39s best:3169  next:[1572,3168] lb_tree_search (nodes=572570/572720 rc=2396 decisions=7258828 @root=1441 restarts=13) 
#Bound 52115.60s best:3169  next:[1573,3168] lb_tree_search (nodes=579668/579818 rc=2433 decisions=7348171 @root=1458 restarts=13) 
#Bound 52262.15s best:3169  next:[1574,3168] objective_lb_search_max_lp
#Bound 53202.45s best:3169  next:[1575,3168] lb_tree_search (nodes=593517/593669 rc=2514 decisions=7507227 @root=1489 restarts=13) 
#Bound 53669.09s best:3169  next:[1576,3168] objective_lb_search_max_lp
#Bound 53836.10s best:3169  next:[1577,3168] objective_lb_search_max_lp
#Bound 54897.38s best:3169  next:[1578,3168] lb_tree_search (nodes=615031/615183 rc=2613 decisions=7757690 @root=1541 restarts=13) 
#Bound 55530.66s best:3169  next:[1579,3168] lb_tree_search (nodes=622825/622979 rc=2657 decisions=7855573 @root=1558 restarts=13) 
#Bound 56185.07s best:3169  next:[1580,3168] lb_tree_search (nodes=630799/630954 rc=2695 decisions=7957249 @root=1579 restarts=13) 
#Bound 56874.17s best:3169  next:[1581,3168] lb_tree_search (nodes=638285/638440 rc=2731 decisions=8058056 @root=1600 restarts=13) 
#Bound 57469.08s best:3169  next:[1582,3168] objective_lb_search_max_lp
#Bound 58218.93s best:3169  next:[1583,3168] lb_tree_search (nodes=652976/653131 rc=2825 decisions=8259851 @root=1642 restarts=13) 
#Bound 58584.17s best:3169  next:[1584,3168] objective_lb_search_max_lp
#Bound 58902.16s best:3169  next:[1585,3168] objective_lb_search_max_lp
#Bound 59659.14s best:3169  next:[1586,3168] lb_tree_search (nodes=657761/667679 rc=2886 decisions=8480551 @root=1685 restarts=13) 
#Bound 60202.55s best:3169  next:[1587,3168] objective_lb_search_max_lp
#Bound 60501.61s best:3169  next:[1588,3168] objective_lb_search_max_lp
#Bound 61137.34s best:3169  next:[1590,3168] objective_lb_search_max_lp
#Bound 62034.74s best:3169  next:[1591,3168] lb_tree_search (nodes=677680/688547 rc=2979 decisions=8810863 @root=1754 restarts=13) 
#Bound 62238.28s best:3169  next:[1592,3168] objective_lb_search_max_lp
#Bound 62995.56s best:3169  next:[1593,3168] lb_tree_search (nodes=687164/698132 rc=3019 decisions=8949142 @root=1783 restarts=13) 
#Bound 63519.64s best:3169  next:[1594,3168] lb_tree_search (nodes=691671/702685 rc=3043 decisions=9024887 @root=1798 restarts=13) 
#Bound 64068.98s best:3169  next:[1595,3168] lb_tree_search (nodes=695962/707051 rc=3059 decisions=9103288 @root=1813 restarts=13) 
#Bound 64630.76s best:3169  next:[1596,3168] lb_tree_search (nodes=700400/711515 rc=3079 decisions=9180117 @root=1830 restarts=13) 
#Bound 65194.27s best:3169  next:[1597,3168] lb_tree_search (nodes=704764/715906 rc=3097 decisions=9259509 @root=1845 restarts=13) 
#Bound 65827.70s best:3169  next:[1598,3168] lb_tree_search (nodes=709999/721224 rc=3116 decisions=9342165 @root=1862 restarts=13) 
#Bound 66429.83s best:3169  next:[1599,3168] lb_tree_search (nodes=714551/725814 rc=3131 decisions=9422366 @root=1879 restarts=13) 
#Bound 67034.73s best:3169  next:[1600,3168] lb_tree_search (nodes=719643/730932 rc=3159 decisions=9504940 @root=1894 restarts=13) 
#Bound 67635.62s best:3169  next:[1601,3168] lb_tree_search (nodes=725073/736408 rc=3189 decisions=9590352 @root=1911 restarts=13) 
#Bound 68196.96s best:3169  next:[1602,3168] lb_tree_search (nodes=730004/741384 rc=3213 decisions=9671842 @root=1928 restarts=13) 
#Bound 68421.56s best:3169  next:[1611,3168] objective_lb_search_max_lp
#Bound 69539.25s best:3169  next:[1613,3168] objective_lb_search_max_lp
#Bound 72724.90s best:3169  next:[1614,3168] lb_tree_search (nodes=242176/242176 rc=3294 decisions=10413203 @root=2074 restarts=14) 
#Bound 73018.47s best:3169  next:[1615,3168] lb_tree_search (nodes=246678/246678 rc=3294 decisions=10456951 @root=2083 restarts=14) 
#Bound 73408.68s best:3169  next:[1616,3168] lb_tree_search (nodes=251103/251104 rc=3298 decisions=10500200 @root=2092 restarts=14) 
#Bound 73800.15s best:3169  next:[1617,3168] lb_tree_search (nodes=255497/255498 rc=3299 decisions=10545472 @root=2103 restarts=14) 
#Bound 74161.23s best:3169  next:[1618,3168] lb_tree_search (nodes=259846/259848 rc=3301 decisions=10590880 @root=2112 restarts=14) 
#Bound 74534.98s best:3169  next:[1619,3168] lb_tree_search (nodes=264734/264736 rc=3303 decisions=10638625 @root=2121 restarts=14) 
#Bound 74903.88s best:3169  next:[1620,3168] lb_tree_search (nodes=269559/269561 rc=3305 decisions=10686525 @root=2130 restarts=14) 
#Bound 75256.88s best:3169  next:[1621,3168] lb_tree_search (nodes=274873/274875 rc=3307 decisions=10737301 @root=2141 restarts=14) 
#Bound 75604.68s best:3169  next:[1622,3168] lb_tree_search (nodes=279859/279862 rc=3309 decisions=10787852 @root=2150 restarts=14) 
#Bound 75961.90s best:3169  next:[1623,3168] lb_tree_search (nodes=284932/284936 rc=3312 decisions=10838704 @root=2159 restarts=14) 
#Bound 76309.86s best:3169  next:[1624,3168] lb_tree_search (nodes=290203/290207 rc=3316 decisions=10891163 @root=2170 restarts=14) 
#Bound 76665.52s best:3169  next:[1625,3168] lb_tree_search (nodes=295658/295663 rc=3321 decisions=10944325 @root=2179 restarts=14) 
#Bound 77077.61s best:3169  next:[1626,3168] lb_tree_search (nodes=301127/301132 rc=3327 decisions=10997631 @root=2190 restarts=14) 
#Bound 77451.55s best:3169  next:[1627,3168] lb_tree_search (nodes=306403/306408 rc=3331 decisions=11050633 @root=2199 restarts=14) 
#Bound 77833.30s best:3169  next:[1628,3168] lb_tree_search (nodes=311784/311789 rc=3334 decisions=11104505 @root=2208 restarts=14) 
#Bound 78232.93s best:3169  next:[1629,3168] lb_tree_search (nodes=317036/317041 rc=3339 decisions=11158711 @root=2219 restarts=14) 
#Bound 78652.11s best:3169  next:[1630,3168] lb_tree_search (nodes=322915/322920 rc=3342 decisions=11215894 @root=2232 restarts=14) 
#Bound 79065.83s best:3169  next:[1631,3168] lb_tree_search (nodes=328426/328431 rc=3347 decisions=11272468 @root=2243 restarts=14) 
#Bound 79495.92s best:3169  next:[1632,3168] lb_tree_search (nodes=334328/334333 rc=3354 decisions=11331623 @root=2256 restarts=14) 
#Bound 79922.28s best:3169  next:[1633,3168] lb_tree_search (nodes=339712/339717 rc=3359 decisions=11390317 @root=2269 restarts=14) 
#Bound 80327.81s best:3169  next:[1634,3168] lb_tree_search (nodes=344586/344591 rc=3367 decisions=11447329 @root=2280 restarts=14) 
#Bound 80800.38s best:3169  next:[1635,3168] lb_tree_search (nodes=350497/350502 rc=3372 decisions=11510538 @root=2293 restarts=14) 
#Bound 81268.22s best:3169  next:[1636,3168] lb_tree_search (nodes=356223/356228 rc=3377 decisions=11573735 @root=2306 restarts=14) 
#Bound 81733.52s best:3169  next:[1637,3168] lb_tree_search (nodes=361073/361078 rc=3384 decisions=11636244 @root=2319 restarts=14) 
#Bound 82229.43s best:3169  next:[1638,3168] lb_tree_search (nodes=366320/366325 rc=3392 decisions=11699881 @root=2332 restarts=14) 
#Bound 82726.10s best:3169  next:[1639,3168] lb_tree_search (nodes=371829/371834 rc=3403 decisions=11765488 @root=2345 restarts=14) 
#Bound 83239.32s best:3169  next:[1640,3168] lb_tree_search (nodes=378189/378194 rc=3421 decisions=11836052 @root=2358 restarts=14) 
#Bound 83705.42s best:3169  next:[1641,3168] lb_tree_search (nodes=383139/383145 rc=3435 decisions=11899564 @root=2371 restarts=14) 
#Bound 84206.49s best:3169  next:[1642,3168] lb_tree_search (nodes=388772/388778 rc=3445 decisions=11970051 @root=2384 restarts=14) 
#Bound 84692.34s best:3169  next:[1643,3168] lb_tree_search (nodes=393677/393684 rc=3458 decisions=12037417 @root=2397 restarts=14) 
#Bound 85193.79s best:3169  next:[1644,3168] lb_tree_search (nodes=398542/398549 rc=3467 decisions=12105983 @root=2410 restarts=14) 
#Bound 85708.27s best:3169  next:[1645,3168] lb_tree_search (nodes=403488/403495 rc=3473 decisions=12172835 @root=2423 restarts=14) 
#Bound 86234.11s best:3169  next:[1646,3168] lb_tree_search (nodes=408590/408597 rc=3483 decisions=12244740 @root=2436 restarts=14) 

Task timing                                  n [     min,      max]      avg      dev     time         n [     min,      max]      avg      dev    dtime
                             'core':         1 [  24.00h,   24.00h]   24.00h   0.00ns   24.00h         1 [  12.61h,   12.61h]   12.61h   0.00ns   12.61h
                       'default_lp':         1 [  24.00h,   24.00h]   24.00h   0.00ns   24.00h         1 [   2.74h,    2.74h]    2.74h   0.00ns    2.74h
                 'feasibility_pump':     19488 [187.95ms,   24.66s]    4.43s 480.92ms   24.00h     19487 [344.17ms,   10.84s] 666.69ms  74.66ms    3.61h
                            'fixed':         1 [  24.00h,   24.00h]   24.00h   0.00ns   24.00h         1 [   2.08h,    2.08h]    2.08h   0.00ns    2.08h
                  'fj_long_default':         1 [   3.12s,    3.12s]    3.12s   0.00ns    3.12s         1 [245.04ms, 245.04ms] 245.04ms   0.00ns 245.04ms
              'fj_long_lin_default':         4 [100.54ms,    2.56s] 734.97ms    1.06s    2.94s         4 [185.24ms, 214.68ms] 203.21ms  11.05ms 812.85ms
                   'fj_long_random':         3 [121.16ms,    2.60s] 950.89ms    1.17s    2.85s         3 [212.27ms, 251.76ms] 228.94ms  16.70ms 686.82ms
                 'fj_short_default':        22 [101.93ms, 826.65ms] 144.40ms 148.97ms    3.18s        22 [183.47ms, 239.00ms] 213.82ms  11.55ms    4.70s
             'fj_short_lin_default':         3 [105.13ms,    2.63s] 948.72ms    1.19s    2.85s         3 [195.27ms, 204.48ms] 200.42ms   3.84ms 601.25ms
              'fj_short_lin_random':         5 [103.73ms,    2.34s] 561.11ms 891.06ms    2.81s         5 [199.53ms, 236.65ms] 211.67ms  12.88ms    1.06s
                  'fj_short_random':         4 [112.21ms,    2.53s] 718.54ms    1.04s    2.87s         4 [202.09ms, 233.16ms] 218.07ms  11.13ms 872.29ms
                        'fs_random':         1 [   3.30s,    3.30s]    3.30s   0.00ns    3.30s         1 [ 19.34ms,  19.34ms]  19.34ms   0.00ns  19.34ms
                        'fs_random':         1 [   3.46s,    3.46s]    3.46s   0.00ns    3.46s         1 [ 65.16ms,  65.16ms]  65.16ms   0.00ns  65.16ms
                  'fs_random_no_lp':         1 [   3.43s,    3.43s]    3.43s   0.00ns    3.43s         1 [195.31ms, 195.31ms] 195.31ms   0.00ns 195.31ms
          'fs_random_quick_restart':         1 [   3.30s,    3.30s]    3.30s   0.00ns    3.30s         1 [ 17.12ms,  17.12ms]  17.12ms   0.00ns  17.12ms
          'fs_random_quick_restart':         1 [   3.30s,    3.30s]    3.30s   0.00ns    3.30s         1 [ 64.99ms,  64.99ms]  64.99ms   0.00ns  64.99ms
    'fs_random_quick_restart_no_lp':         1 [   3.28s,    3.28s]    3.28s   0.00ns    3.28s         1 [ 21.94ms,  21.94ms]  21.94ms   0.00ns  21.94ms
                    'graph_arc_lns':     53874 [208.59ms,    4.75s]    2.30s 443.70ms   34.37h     53838 [ 10.00ns, 200.92ms]  72.91ms  33.28ms    1.09h
                    'graph_cst_lns':     53874 [ 87.74ms,    4.62s]    2.32s 471.60ms   34.71h     53838 [ 10.00ns, 200.85ms]  72.92ms  33.43ms    1.09h
                    'graph_dec_lns':     53874 [ 97.42ms,    5.35s]    2.32s 481.45ms   34.74h     53819 [ 10.00ns, 200.68ms]  73.04ms  33.38ms    1.09h
                    'graph_var_lns':     53874 [121.96ms,    5.02s]    2.24s 519.08ms   33.46h     53824 [ 10.00ns, 201.68ms]  70.26ms  35.67ms    1.05h
                   'lb_tree_search':         1 [  24.00h,   24.00h]   24.00h   0.00ns   24.00h         1 [  18.20h,   18.20h]   18.20h   0.00ns   18.20h
                           'max_lp':         1 [  24.00h,   24.00h]   24.00h   0.00ns   24.00h         1 [   3.27h,    3.27h]    3.27h   0.00ns    3.27h
                            'no_lp':         1 [  24.00h,   24.00h]   24.00h   0.00ns   24.00h         1 [   2.07h,    2.07h]    2.07h   0.00ns    2.07h
              'objective_lb_search':         1 [  24.00h,   24.00h]   24.00h   0.00ns   24.00h         1 [   3.34h,    3.34h]    3.34h   0.00ns    3.34h
       'objective_lb_search_max_lp':         1 [  24.00h,   24.00h]   24.00h   0.00ns   24.00h         1 [   3.97h,    3.97h]    3.97h   0.00ns    3.97h
        'objective_lb_search_no_lp':         1 [  24.00h,   24.00h]   24.00h   0.00ns   24.00h         1 [   1.23h,    1.23h]    1.23h   0.00ns    1.23h
  'objective_shaving_search_max_lp':       270 [225.07ms,   53.09m]    5.33m    4.74m   24.00h       263 [ 38.78ms,    3.13m]   18.53s   17.32s    1.35h
   'objective_shaving_search_no_lp':       271 [342.85ms,   53.09m]    5.31m    4.74m   24.00h       263 [ 40.31ms,    1.50m]    9.17s    7.97s   40.19m
                          'probing':         1 [  24.00h,   24.00h]   24.00h   0.00ns   24.00h         1 [  10.31h,   10.31h]   10.31h   0.00ns   10.31h
                   'probing_max_lp':         1 [  24.00h,   24.00h]   24.00h   0.00ns   24.00h         1 [  10.69h,   10.69h]   10.69h   0.00ns   10.69h
                     'pseudo_costs':         1 [  24.00h,   24.00h]   24.00h   0.00ns   24.00h         1 [   3.18h,    3.18h]    3.18h   0.00ns    3.18h
                    'quick_restart':         1 [  24.00h,   24.00h]   24.00h   0.00ns   24.00h         1 [   6.18h,    6.18h]    6.18h   0.00ns    6.18h
              'quick_restart_no_lp':         1 [  24.00h,   24.00h]   24.00h   0.00ns   24.00h         1 [   3.10h,    3.10h]    3.10h   0.00ns    3.10h
                    'reduced_costs':         1 [  24.00h,   24.00h]   24.00h   0.00ns   24.00h         1 [   4.91h,    4.91h]    4.91h   0.00ns    4.91h
                        'rins/rens':     53874 [586.39us,    2.58s] 765.70ms 512.18ms   11.46h     47118 [ 10.00ns, 136.63ms]  68.65ms  41.15ms   53.91m
                      'rnd_cst_lns':     53874 [191.31ms,    4.86s]    2.31s 462.91ms   34.51h     53836 [ 10.00ns, 200.52ms]  72.89ms  33.47ms    1.09h
                      'rnd_var_lns':     53874 [ 69.66ms,    6.15s]    2.28s 483.56ms   34.13h     53832 [ 10.00ns, 201.44ms]  72.31ms  34.00ms    1.08h
         'scheduling_intervals_lns':     53873 [   1.57s,    5.13s]    2.55s 144.20ms   38.13h     53872 [100.00ms, 100.88ms] 100.35ms 205.12us    1.50h
       'scheduling_precedences_lns':     53873 [859.93ms,    4.96s]    2.58s 139.59ms   38.56h     53871 [100.00ms, 200.98ms] 100.36ms 479.63us    1.50h
       'scheduling_time_window_lns':     53873 [   1.55s,    5.76s]    2.55s 141.57ms   38.11h     53871 [100.00ms, 201.13ms] 100.36ms 480.19us    1.50h
                     'violation_ls':     53874 [  3.42ms, 463.93ms] 127.62ms  18.92ms    1.91h     53874 [  1.91us, 520.53ms] 224.69ms  51.51ms    3.36h
                     'violation_ls':     53874 [  3.47ms, 616.36ms] 123.37ms  18.00ms    1.85h     53874 [810.00ns, 412.29ms] 212.70ms  42.02ms    3.18h

Search stats                          Bools  Conflicts    Branches   Restarts      BoolPropag   IntegerPropag
                           'core':   25'940  2'143'101   3'172'710     77'597  14'811'769'120  25'498'479'662
                     'default_lp':   35'444  2'439'288  15'248'652    376'009   9'914'621'661  23'011'074'256
                          'fixed':    2'858  5'665'127   5'743'501      1'436   1'570'795'116  31'996'007'624
                      'fs_random':      298          1         615        596             128         150'309
                      'fs_random':      302          0         608        596             132         143'641
                'fs_random_no_lp':      361         76       1'867      1'221           6'791         887'118
        'fs_random_quick_restart':      298          0         602        596             127         144'252
        'fs_random_quick_restart':      298          0         615        596             129         145'468
  'fs_random_quick_restart_no_lp':      356          1         901        597             180         253'542
                 'lb_tree_search':      353      1'520  29'715'218  6'778'751     101'922'687  22'473'833'290
                         'max_lp':   10'241  1'738'835  17'539'380  1'073'511   2'471'057'091  24'613'927'833
                          'no_lp':   13'652  2'805'240  16'945'140    706'037   6'048'334'941  29'596'379'836
            'objective_lb_search':    3'946    671'708  10'421'384  1'256'059     699'815'838  18'837'505'938
     'objective_lb_search_max_lp':    2'510    822'360  11'287'208  1'498'892     613'402'153  21'395'744'352
      'objective_lb_search_no_lp':    1'516    990'462   4'396'921    597'395     159'688'965  17'105'003'041
                        'probing':    6'583      5'648     249'246    101'089       6'868'100     105'380'050
                 'probing_max_lp':    6'583      5'633     196'182     83'409       5'858'123      89'525'609
                   'pseudo_costs':   13'326  2'243'632  31'973'530  1'509'227   3'052'523'030  26'841'254'258
                  'quick_restart':   28'538    766'924  30'444'091    349'530   7'768'827'982  18'105'474'380
            'quick_restart_no_lp':   28'850  2'712'663  18'718'257    324'937  13'603'593'175  28'047'712'776
                  'reduced_costs':  250'595  2'811'222  15'576'235    538'558  62'602'224'636  24'481'822'519

SAT stats                           ClassicMinim  LitRemoved   LitLearned  LitForgotten  Subsumed   MClauses  MDecisions  MLitTrue  MSubsumed  MLitRemoved  MReused
                           'core':     2'080'383  37'673'898   30'402'220     9'850'778     3'652     37'365     182'775         0      1'325        4'537      516
                     'default_lp':     2'149'725  24'944'652   76'811'998    62'613'470     3'921    149'620   1'653'966         0     33'953      487'769   18'956
                          'fixed':     2'839'396   5'131'267  151'938'877   151'371'903       798        199       2'137         0        106          950       76
                      'fs_random':             0           0            0             0         0          0           0         0          0            0        0
                      'fs_random':             0           0            2             0         0          0           0         0          0            0        0
                'fs_random_no_lp':             6          18          533             0        14         52         416         0         11           55       13
        'fs_random_quick_restart':             0           0            0             0         0          0           0         0          0            0        0
        'fs_random_quick_restart':             0           0            0             0         0          0           0         0          0            0        0
  'fs_random_quick_restart_no_lp':             0           0            4             0         0          0           0         0          0            0        0
                 'lb_tree_search':             1           6        4'865             0         0  3'147'153  16'110'586         0        345        1'330  295'888
                         'max_lp':     1'471'279   9'802'332   36'915'040    31'141'296    13'005    345'226   3'453'425         0     57'133      459'004   66'571
                          'no_lp':     2'495'592  22'253'723   77'973'239    71'475'665    12'418    165'788   1'706'386         0     49'446      431'791   29'519
            'objective_lb_search':       604'843   3'982'986    9'842'494     3'391'109     4'545    320'683   3'302'538         0     24'387      197'941   68'172
     'objective_lb_search_max_lp':       752'271   5'855'410   11'407'728     3'856'568     4'620    320'344   4'010'679         0     29'907      242'477   75'760
      'objective_lb_search_no_lp':       846'772   4'920'854   16'196'277     5'720'589     8'591    164'184   1'751'119         0      7'940       59'260   37'072
                        'probing':             0           0        5'680             0         0          0           0         0          0            0        0
                 'probing_max_lp':             0           0        5'663             0         0          0           0         0          0            0        0
                   'pseudo_costs':     1'620'129   6'142'480   49'019'967    46'098'260     9'828    312'196   3'312'337         0      7'405       46'342   82'683
                  'quick_restart':       661'302   6'383'367   20'347'575    15'681'323     6'227    114'986   2'800'416         0     71'036    1'057'120   16'315
            'quick_restart_no_lp':     2'452'318  28'388'646   86'890'992    70'378'934     4'811     36'763     835'011         1     25'781      342'398    2'419
                  'reduced_costs':     2'292'833  22'366'833   86'092'618    78'742'381    26'244    323'899   2'631'338        17    121'742      751'519   78'281

Lp stats                         Component   Iterations  AddedCuts    OPTIMAL     DUAL_F.  DUAL_U.
                  'default_lp':          1   21'254'747  1'300'066  3'968'300         341      474
                       'fixed':          1    1'288'102      2'321  5'682'069           0        0
                   'fs_random':          1        2'324        687         25           0        0
                   'fs_random':          1        3'866        786         48           0        0
     'fs_random_quick_restart':          1        2'110        668         21           0        0
     'fs_random_quick_restart':          1        3'858        825         47           0        0
              'lb_tree_search':          1  194'652'015     81'508     50'177  13'905'016        1
                      'max_lp':          1   39'512'987    791'376    955'960   3'463'721       27
         'objective_lb_search':          1   57'616'187  1'651'950  2'806'288       2'556       96
  'objective_lb_search_max_lp':          1   38'567'934     82'990     56'064   3'163'762        0
                     'probing':          1   93'421'423  4'349'642    541'184      41'505        6
              'probing_max_lp':          1   18'993'326    699'605    252'742     135'095        1
                'pseudo_costs':          1   31'257'328  1'407'759  2'519'870   2'341'716      331
               'quick_restart':          1  104'977'771  3'716'540  3'480'118      26'963    1'061
               'reduced_costs':          1   29'035'573  1'154'148  2'952'761   2'152'634      145

Lp dimension                                                                        Final dimension of first component
                  'default_lp':  3126 rows, 3401 columns, 11421 entries with magnitude in [1.114183e-02, 1.000000e+00]
                       'fixed':  2942 rows, 3401 columns, 10775 entries with magnitude in [1.666092e-02, 1.000000e+00]
                   'fs_random':   1265 rows, 3401 columns, 5059 entries with magnitude in [1.114183e-02, 1.000000e+00]
                   'fs_random':   1865 rows, 3401 columns, 7163 entries with magnitude in [1.114183e-02, 1.000000e+00]
     'fs_random_quick_restart':   1165 rows, 3401 columns, 4686 entries with magnitude in [1.114183e-02, 1.000000e+00]
     'fs_random_quick_restart':   1815 rows, 3401 columns, 7038 entries with magnitude in [1.114183e-02, 1.000000e+00]
              'lb_tree_search':  7187 rows, 3410 columns, 40848 entries with magnitude in [1.568995e-04, 1.000000e+00]
                      'max_lp':  3277 rows, 3410 columns, 12084 entries with magnitude in [5.408094e-03, 1.000000e+00]
         'objective_lb_search':  3792 rows, 3401 columns, 14642 entries with magnitude in [1.084988e-03, 1.000000e+00]
  'objective_lb_search_max_lp':  6149 rows, 3410 columns, 28242 entries with magnitude in [1.251933e-04, 1.000000e+00]
                     'probing':  5144 rows, 3401 columns, 26995 entries with magnitude in [2.287281e-04, 1.000000e+00]
              'probing_max_lp':  4869 rows, 3410 columns, 62794 entries with magnitude in [5.693197e-05, 1.000000e+00]
                'pseudo_costs':  3610 rows, 3410 columns, 14182 entries with magnitude in [4.041114e-04, 1.000000e+00]
               'quick_restart':  4447 rows, 3401 columns, 19350 entries with magnitude in [1.637325e-03, 1.000000e+00]
               'reduced_costs':  3256 rows, 3410 columns, 12158 entries with magnitude in [4.272113e-03, 1.000000e+00]

Lp debug                         CutPropag  CutEqPropag      Adjust  Overflow            Bad  BadScaling
                  'default_lp':         51          359     483'771         0     25'532'765           0
                       'fixed':          0            0   4'096'386         0         34'761           0
                   'fs_random':          0            0           0         0          4'026           0
                   'fs_random':          0            0           0         0          4'057           0
     'fs_random_quick_restart':          0            0           0         0          3'979           0
     'fs_random_quick_restart':          0            0           0         0          4'012           0
              'lb_tree_search':         62          229  11'863'595         0     76'635'063           0
                      'max_lp':         61          251   2'013'334         0     31'000'010           0
         'objective_lb_search':         61          329   1'236'440         0     38'971'270           0
  'objective_lb_search_max_lp':         36           94   3'055'573         0     11'203'304           0
                     'probing':        574       25'919     580'909         0  3'210'521'712           0
              'probing_max_lp':        302        4'843     387'833         0  2'957'336'897           0
                'pseudo_costs':        186          665   1'180'800         0     58'659'199           0
               'quick_restart':        225          685   2'144'519         0    144'801'217           0
               'reduced_costs':        153          383   1'614'882         0     45'803'268           0

Lp pool                          Constraints  Updates  Simplif  Merged  Shortened      Split  Strenghtened             Cuts/Call
                  'default_lp':       12'618    5'951   12'624     244          0    117'283        86'406   1'300'066/3'995'435
                       'fixed':        6'117        2       71       0          0          2           392           2'321/7'951
                   'fs_random':        4'483        0        0       0          0          0           278             687/2'293
                   'fs_random':        4'582        0        0       0          0          0           277             786/2'855
     'fs_random_quick_restart':        4'464        0        0       0          0          0           268             668/2'233
     'fs_random_quick_restart':        4'621        0        0       0          0          0           270             825/2'829
              'lb_tree_search':       45'518    5'084  384'256      37          0    521'816       395'537        81'508/230'373
                      'max_lp':       45'334    5'682  334'344      89          0    421'522       442'437     791'376/1'816'885
         'objective_lb_search':       13'688    7'823   18'343      58          0    274'956       105'631   1'651'950/6'247'505
  'objective_lb_search_max_lp':       46'012    1'476  381'335      25          0    273'380       393'565        82'990/210'958
                     'probing':       13'409  447'091    9'338      29          0  3'379'060       646'857   4'349'642/7'448'058
              'probing_max_lp':       45'613  178'338  345'502      39          0  1'247'820       398'828     699'605/1'627'738
                'pseudo_costs':       45'711    8'831  374'922      95          0    918'643       569'439   1'407'759/3'623'680
               'quick_restart':       13'098   17'015   16'139     238          0  2'746'965       140'375  3'716'540/11'476'776
               'reduced_costs':       45'051    7'945  347'291     144          0    720'817       488'890   1'154'148/2'954'557

Lp Cut                                                      fs_ran  fs_ran  fs_ran  fs_ran   defaul  fixed   max_lp     quick_   reduce   pseudo  lb_tre   probin     object   probin  object
                                                    CG_FF:      73      73      73      73   61'251    167   45'546     22'484   73'174   90'202   1'100   78'835     39'986    1'908   2'455
                                                     CG_K:      62      62      62      62   44'879    134   45'442     15'506   74'127   85'728   2'029   40'582     26'062    1'862   4'601
                                                    CG_KL:       -       -       -       -       56      -       13         13       66       68       -      129         40        3       -
                                                     CG_R:      39      39      39      39   32'269    100   24'097     15'991   40'050   51'165   1'369  104'615     21'771    2'555   2'885
                                                    CG_RB:       8       8       8       8   96'103     49   93'670     48'351  120'065  161'496   4'148  308'558     91'498    3'623  11'221
                                                   CG_RBP:       3       3       3       3    9'810      7   15'383      6'233   20'191   24'649     953   30'080      8'225      638   2'012
                                                   Clique:       -       -       -       -        -      -    5'786          -   12'655   17'260     207        -          -    1'527     277
                                                       IB:     306     154     142     256  710'085    918  294'572  3'132'483  406'374  416'902  18'984  981'031  1'163'868   67'875  23'174
                                                 MIR_1_FF:     107     105     104     104   34'648    180   25'206     37'211   41'813   58'643   2'146  208'301     29'689   15'460   2'529
                                                  MIR_1_K:      26      26      26      26    5'018     42    4'049      4'612    6'067    9'090     362   16'814      4'227    2'462     482
                                                 MIR_1_KL:       -       -       -       -    1'478      -    1'147      1'548    1'376    1'698      52    8'600        420    1'756      68
                                                  MIR_1_R:      37      37      37      37    9'060     72    4'792     11'147    8'790   11'535     601  101'721      6'220    5'215     628
                                                 MIR_1_RB:      44      42      41      41   60'829    140   53'908     86'528   79'031  106'689   5'935  435'689     52'800   24'098   6'777
                                                MIR_1_RBP:       2       2       2       2    4'276      6   14'912      7'734   19'827   24'831   1'162   22'419      5'018    2'852   1'634
                                                MIR_1_RLT:       -       -       -       -        -      -      376          -      812      910      40        -          -      496      31
                                                 MIR_2_FF:      18      24      22      26   25'699     64   14'629     21'603   24'951   34'983   1'276   83'765     19'724    7'876   1'406
                                                  MIR_2_K:       7       8       8      12    4'740     16    2'906      3'060    4'907    6'906     275   11'399      2'967    1'612     400
                                                 MIR_2_KL:       -       -       -       -      976      -      743      1'122    1'017    1'020      45    9'706        309    1'366      40
                                                  MIR_2_R:       5       7      10       9    6'675     23    3'498      6'487    6'214    8'698     921   57'758      5'158    5'581     583
                                                 MIR_2_RB:      27      24      17      21   39'976     87   24'640     59'711   38'353   53'691   3'231  295'460     32'815   14'291   2'952
                                                MIR_2_RBP:       1       2       1       1    3'537      2    5'284      6'551    7'723   10'208     540   22'609      3'741    1'833     578
                                                 MIR_3_FF:       9       9      10       6   15'745     36    8'906     14'280   15'757   22'920     682   53'627     12'779    4'427     892
                                                  MIR_3_K:       7       7       5       8    3'374     18    2'227      2'546    3'762    5'111     200    9'446      2'277    1'047     312
                                                 MIR_3_KL:       -       -       -       -      611      -      567      1'134      756      764      47    8'339        249    1'007      51
                                                  MIR_3_R:       2       3       2       4    4'175     13    2'092      5'425    3'615    5'321     568   38'116      3'941    3'188     473
                                                 MIR_3_RB:       8      11      13       9   24'527     52   13'887     37'269   21'826   30'700   1'735  192'024     20'552    8'284   1'703
                                                MIR_3_RBP:       -       -       -       -    2'328      -    3'039      4'050    4'670    5'720     323   14'706      2'817      977     400
                                                 MIR_4_FF:       -       1       1       -   10'480     22    5'062      9'102    8'796   13'868     362   34'148      8'687    2'299     479
                                                  MIR_4_K:       3       -       5       5    2'346     10    1'773      1'789    2'539    3'721     125    7'862      1'667      643     220
                                                 MIR_4_KL:       -       -       -       -      447      -      463        927      518      576      33    8'030        197      921      42
                                                  MIR_4_R:       -       -       -       1    2'889      6    1'249      4'182    2'166    3'543     309   23'855      3'288    1'676     301
                                                 MIR_4_RB:       4       5       6       5   16'008     29    7'924     22'533   12'074   17'524     913  121'601     13'060    4'772     970
                                                MIR_4_RBP:       -       -       -       -    1'156      -    1'527      2'119    2'147    2'789     181    9'198      1'638      648     230
                                                 MIR_5_FF:       -       2       -       1    6'561      7    2'977      5'557    5'113    8'523     325   22'225      6'575    1'693     378
                                                  MIR_5_K:       2       5       3       4    1'491      8    1'124      1'266    1'632    2'473     121    6'083      1'376      526     149
                                                 MIR_5_KL:       -       -       -       -      376      -      464      1'104      569      620      39    8'511        192      882      61
                                                  MIR_5_R:       1       -       -       -    1'736      2      737      2'492    1'171    2'035     171   13'437      2'830      996     201
                                                 MIR_5_RB:       3       4       5       5   10'448     14    4'823     14'094    7'217   10'779     544   80'461      8'832    3'165     610
                                                MIR_5_RBP:       -       -       -       -      563      1      747      1'126    1'103    1'441     113    6'150        988      494     133
                                                 MIR_6_FF:       -       -       -       -    4'746      3    1'919      3'520    3'172    5'836     186   14'945      4'217    1'283     209
                                                  MIR_6_K:       -       1       -       -    1'158      2      699      1'120    1'059    1'860      65    5'980        912      446     108
                                                 MIR_6_KL:       -       -       -       -      373      -      491      1'311      647      717      59   10'852        243    1'015      56
                                                  MIR_6_R:       -       -       -       -    1'194      2      446      1'382      736    1'565      90    7'747      1'723      543     104
                                                 MIR_6_RB:       -       2       1       2    7'474      7    3'067      9'693    4'645    7'430     297   60'209      5'989    2'325     325
                                                MIR_6_RBP:       -       -       -       -      309      -      495        682      691      912      84    5'073        598      435      92
         NoOverlapCompletionTimeExhaustiveMirror_weighted:       -       -       -       -        -      -        2          -        5        1       -        -          -        -       1
  NoOverlapCompletionTimeExhaustiveMirror_weighted_lifted:       -       -       -       -        -      -        1          -        2        -       -        -          -        -       -
               NoOverlapCompletionTimeExhaustive_weighted:       -       -       -       -        -      -      897          -    1'881    2'109       8        -          -        2      35
        NoOverlapCompletionTimeExhaustive_weighted_lifted:       -       -       -       -        -      -      878          -    1'362    1'329       9        -          -        3      37
                          NoOverlapCompletionTimeQueyrane:       -       -       -       -        -      -      239          -      454      296      10        -          -       36      20
                   NoOverlapCompletionTimeQueyrane_lifted:       -       -       -       -        -      -       83          -       79       74       1        -          -        1       5
                                NoOverlapDisjunctionOnEnd:       -       -       -       -        -      -        3          -       23       11       -        -          -        -       2
                              NoOverlapDisjunctionOnStart:       -       -       -       -        -      -      907          -    1'697    2'173       5        -          -        5      35
                                             ZERO_HALF_FF:       8       7       8       5    7'036     25    5'993      4'225    9'374   11'845     430   17'069      4'791      622     480
                                              ZERO_HALF_K:       2       2       -       2    2'451      6    4'382      1'299    7'528    7'530     380    2'893      1'979      506     409
                                             ZERO_HALF_KL:       -       -       -       -        9      -        -          3        5        4       -       16          2        -       -
                                              ZERO_HALF_R:       1       2       1       2    7'564     13   14'663     50'424   15'835   21'255  24'204  555'511     12'295  454'678   6'439
                                             ZERO_HALF_RB:       9       9      12       6    9'391     34   12'038     18'456   16'646   21'033   2'146  146'988     10'166   15'844   1'673
                                            ZERO_HALF_RBP:       1       1       1       1    1'735      4    3'986      5'055    5'293    6'979   1'367   46'469      2'552   19'327     622

LNS stats                        Improv/Calls  Closed  Difficulty  TimeLimit
               'graph_arc_lns':   19208/53873     50%        1.00       0.10
               'graph_cst_lns':   18700/53872     50%        1.00       0.10
               'graph_dec_lns':   18053/53872     50%        1.00       0.10
               'graph_var_lns':   22822/53873     50%        1.00       0.10
                   'rins/rens':    7811/50444     50%        0.93       0.10
                 'rnd_cst_lns':   18808/53873     50%        1.00       0.10
                 'rnd_var_lns':   18504/53873     50%        1.00       0.10
    'scheduling_intervals_lns':   53872/53872      0%        0.00       0.10
  'scheduling_precedences_lns':   53871/53872      0%        0.00       0.10
  'scheduling_time_window_lns':   53872/53872      0%        0.00       0.10

LS stats                   Batches  Restarts     LinMoves    GenMoves  CompoundMoves  WeightUpdates
       'fj_long_default':        1         1        9'964           0              0             36
   'fj_long_lin_default':        4         1            0       7'123          1'314              0
        'fj_long_random':        3         1       29'894           0              0            106
      'fj_short_default':       22         1            0      28'187          3'224              2
  'fj_short_lin_default':        3         1            0       5'167          1'100              0
   'fj_short_lin_random':        5         1            0       7'591          1'639              1
       'fj_short_random':        4         1            0       6'010          1'328              0
          'violation_ls':   53'874         0  270'154'343  26'850'953      1'002'698      2'404'291
          'violation_ls':   53'874         0  283'992'166  26'461'909      1'010'255      2'547'199

Solutions (111)                     Num      Rank
  'fs_random_quick_restart_no_lp':    1     [1,1]
                  'graph_arc_lns':    5   [27,97]
                  'graph_cst_lns':    7   [28,90]
                  'graph_dec_lns':    6  [32,102]
                  'graph_var_lns':    9    [6,96]
                          'no_lp':    6    [8,30]
                  'quick_restart':    2   [17,87]
            'quick_restart_no_lp':    9   [11,71]
                    'rins_lp_lns':    7  [13,111]
                  'rins_pump_lns':    4  [62,101]
                    'rnd_cst_lns':    5  [25,103]
                    'rnd_var_lns':    6  [24,109]
                   'violation_ls':   44   [2,107]

Objective bounds                      Num
                   'initial_domain':    1
                   'lb_tree_search':  194
              'objective_lb_search':    2
       'objective_lb_search_max_lp':   77
        'objective_lb_search_no_lp':    5
  'objective_shaving_search_max_lp':    1

Solution repositories      Added    Queried  Ignored  Synchro
  'feasible solutions':  249'961  1'225'473        0  244'816
        'lp solutions':  124'313     26'868        0  119'085
                'pump':  409'123     27'006

Improving bounds shared             Num
                        'core':       4
                  'default_lp':   1'341
              'lb_tree_search':     254
                      'max_lp':     347
                       'no_lp':     930
         'objective_lb_search':      99
  'objective_lb_search_max_lp':      68
                     'probing':  33'509
              'probing_max_lp':  10'717
                'pseudo_costs':     765
               'quick_restart':   2'658
         'quick_restart_no_lp':   6'433
               'reduced_costs':   1'072

Clauses shared                   Num
                        'core':    4
                  'default_lp':   25
                   'fs_random':    1
             'fs_random_no_lp':    2
              'lb_tree_search':    9
                      'max_lp':   18
                       'no_lp':   11
         'objective_lb_search':   10
  'objective_lb_search_max_lp':    4
   'objective_lb_search_no_lp':    8
                'pseudo_costs':   28
               'quick_restart':   12
         'quick_restart_no_lp':   48
               'reduced_costs':    2

CpSolverResponse summary:
status: FEASIBLE
objective: 3169
best_bound: 1646
integers: 3404
booleans: 356
conflicts: 1
branches: 901
propagations: 180
integer_propagations: 253542
restarts: 597
lp_iterations: 0
walltime: 86401.1
usertime: 86401.1
deterministic_time: 403048
gap_integral: 2.95983e+06
solution_fingerprint: 0xc9c6bb1ecf753775


--- Simulation Gantt  partir du modle mathmatique ---
