created virtual environment CPython3.12.4.final.0-64 in 3200ms
  creator CPython3Posix(dest=/localscratch/aneumann.47038304.0/env, clear=False, no_vcs_ignore=False, global=False)
  seeder FromAppData(download=False, pip=bundle, via=copy, app_data_dir=/home/aneumann/.local/share/virtualenv)
    added seed packages: pip==24.2+computecanada
  activators BashActivator,CShellActivator,FishActivator,NushellActivator,PowerShellActivator,PythonActivator
Looking in links: /cvmfs/soft.computecanada.ca/custom/python/wheelhouse/gentoo2023/x86-64-v3, /cvmfs/soft.computecanada.ca/custom/python/wheelhouse/gentoo2023/generic, /cvmfs/soft.computecanada.ca/custom/python/wheelhouse/generic
Requirement already satisfied: pip in /localscratch/aneumann.47038304.0/env/lib/python3.12/site-packages (24.2+computecanada)
Processing /cvmfs/soft.computecanada.ca/custom/python/wheelhouse/generic/pip-25.0+computecanada-py3-none-any.whl
Installing collected packages: pip
  Attempting uninstall: pip
    Found existing installation: pip 24.2+computecanada
    Uninstalling pip-24.2+computecanada:
      Successfully uninstalled pip-24.2+computecanada
Successfully installed pip-24.2+computecanada
Looking in links: /cvmfs/soft.computecanada.ca/custom/python/wheelhouse/gentoo2023/x86-64-v3, /cvmfs/soft.computecanada.ca/custom/python/wheelhouse/gentoo2023/generic, /cvmfs/soft.computecanada.ca/custom/python/wheelhouse/generic
ERROR: protobuf-5.28.3-cp38-abi3-manylinux2014_x86_64.whl is not a supported wheel on this platform.
Looking in links: /cvmfs/soft.computecanada.ca/custom/python/wheelhouse/gentoo2023/x86-64-v3, /cvmfs/soft.computecanada.ca/custom/python/wheelhouse/gentoo2023/generic, /cvmfs/soft.computecanada.ca/custom/python/wheelhouse/generic
Processing /home/aneumann/projects/def-adhaj/aneumann/GNRS/wheels/immutabledict-4.2.0-py3-none-any.whl
Installing collected packages: immutabledict
Successfully installed immutabledict-4.2.0
Looking in links: /cvmfs/soft.computecanada.ca/custom/python/wheelhouse/gentoo2023/x86-64-v3, /cvmfs/soft.computecanada.ca/custom/python/wheelhouse/gentoo2023/generic, /cvmfs/soft.computecanada.ca/custom/python/wheelhouse/generic
Processing /cvmfs/soft.computecanada.ca/custom/python/wheelhouse/generic/ortools-9.10.4067+computecanada-cp312-cp312-linux_x86_64.whl (from -r /home/aneumann/projects/def-adhaj/aneumann/GNRS/requirements/or.txt (line 1))
Processing /cvmfs/soft.computecanada.ca/custom/python/wheelhouse/gentoo2023/x86-64-v3/matplotlib-3.10.0+computecanada-cp312-cp312-linux_x86_64.whl (from -r /home/aneumann/projects/def-adhaj/aneumann/GNRS/requirements/or.txt (line 2))
Processing /cvmfs/soft.computecanada.ca/custom/python/wheelhouse/gentoo2023/x86-64-v3/pandas-2.2.3+computecanada-cp312-cp312-linux_x86_64.whl (from -r /home/aneumann/projects/def-adhaj/aneumann/GNRS/requirements/or.txt (line 3))
Processing /cvmfs/soft.computecanada.ca/custom/python/wheelhouse/generic/absl_py-2.3.0+computecanada-py3-none-any.whl (from ortools<9.11,>=9.10->-r /home/aneumann/projects/def-adhaj/aneumann/GNRS/requirements/or.txt (line 1))
Processing /cvmfs/soft.computecanada.ca/custom/python/wheelhouse/gentoo2023/generic/numpy-2.2.2+computecanada-cp312-cp312-linux_x86_64.whl (from ortools<9.11,>=9.10->-r /home/aneumann/projects/def-adhaj/aneumann/GNRS/requirements/or.txt (line 1))
Processing /cvmfs/soft.computecanada.ca/custom/python/wheelhouse/gentoo2023/x86-64-v3/protobuf-6.31.1+computecanada-cp312-cp312-linux_x86_64.whl (from ortools<9.11,>=9.10->-r /home/aneumann/projects/def-adhaj/aneumann/GNRS/requirements/or.txt (line 1))
Requirement already satisfied: immutabledict>=3.0.0 in /localscratch/aneumann.47038304.0/env/lib/python3.12/site-packages (from ortools<9.11,>=9.10->-r /home/aneumann/projects/def-adhaj/aneumann/GNRS/requirements/or.txt (line 1)) (4.2.0)
Processing /cvmfs/soft.computecanada.ca/custom/python/wheelhouse/gentoo2023/generic/contourpy-1.3.1+computecanada-cp312-cp312-linux_x86_64.whl (from matplotlib->-r /home/aneumann/projects/def-adhaj/aneumann/GNRS/requirements/or.txt (line 2))
Processing /cvmfs/soft.computecanada.ca/custom/python/wheelhouse/generic/cycler-0.12.1+computecanada-py3-none-any.whl (from matplotlib->-r /home/aneumann/projects/def-adhaj/aneumann/GNRS/requirements/or.txt (line 2))
Processing /cvmfs/soft.computecanada.ca/custom/python/wheelhouse/generic/fonttools-4.59.0+computecanada-cp312-cp312-linux_x86_64.whl (from matplotlib->-r /home/aneumann/projects/def-adhaj/aneumann/GNRS/requirements/or.txt (line 2))
Processing /cvmfs/soft.computecanada.ca/custom/python/wheelhouse/gentoo2023/x86-64-v3/kiwisolver-1.4.8+computecanada-cp312-cp312-linux_x86_64.whl (from matplotlib->-r /home/aneumann/projects/def-adhaj/aneumann/GNRS/requirements/or.txt (line 2))
Processing /cvmfs/soft.computecanada.ca/custom/python/wheelhouse/generic/packaging-25.0+computecanada-py3-none-any.whl (from matplotlib->-r /home/aneumann/projects/def-adhaj/aneumann/GNRS/requirements/or.txt (line 2))
Processing /cvmfs/soft.computecanada.ca/custom/python/wheelhouse/gentoo2023/x86-64-v3/pillow-11.1.0+computecanada-cp312-cp312-linux_x86_64.whl (from matplotlib->-r /home/aneumann/projects/def-adhaj/aneumann/GNRS/requirements/or.txt (line 2))
Processing /cvmfs/soft.computecanada.ca/custom/python/wheelhouse/generic/pyparsing-3.2.3+computecanada-py3-none-any.whl (from matplotlib->-r /home/aneumann/projects/def-adhaj/aneumann/GNRS/requirements/or.txt (line 2))
Processing /cvmfs/soft.computecanada.ca/custom/python/wheelhouse/generic/python_dateutil-2.9.0.post0+computecanada-py2.py3-none-any.whl (from matplotlib->-r /home/aneumann/projects/def-adhaj/aneumann/GNRS/requirements/or.txt (line 2))
Processing /cvmfs/soft.computecanada.ca/custom/python/wheelhouse/generic/pytz-2025.2+computecanada-py2.py3-none-any.whl (from pandas->-r /home/aneumann/projects/def-adhaj/aneumann/GNRS/requirements/or.txt (line 3))
Processing /cvmfs/soft.computecanada.ca/custom/python/wheelhouse/generic/tzdata-2025.2+computecanada-py2.py3-none-any.whl (from pandas->-r /home/aneumann/projects/def-adhaj/aneumann/GNRS/requirements/or.txt (line 3))
Processing /cvmfs/soft.computecanada.ca/custom/python/wheelhouse/generic/six-1.17.0+computecanada-py2.py3-none-any.whl (from python-dateutil>=2.7->matplotlib->-r /home/aneumann/projects/def-adhaj/aneumann/GNRS/requirements/or.txt (line 2))
Installing collected packages: pytz, tzdata, six, pyparsing, protobuf, pillow, packaging, numpy, kiwisolver, fonttools, cycler, absl-py, python-dateutil, contourpy, pandas, matplotlib, ortools
Successfully installed absl-py-2.3.0+computecanada contourpy-1.3.1+computecanada cycler-0.12.1+computecanada fonttools-4.59.0+computecanada kiwisolver-1.4.8+computecanada matplotlib-3.10.0+computecanada numpy-2.2.2+computecanada ortools-9.10.4067+computecanada packaging-25.0+computecanada pandas-2.2.3+computecanada pillow-11.1.0+computecanada protobuf-6.31.1+computecanada pyparsing-3.2.3+computecanada python-dateutil-2.9.0.post0+computecanada pytz-2025.2+computecanada six-1.17.0+computecanada tzdata-2025.2+computecanada

Starting CP-SAT solver v9.10.4067
Parameters: max_time_in_seconds: 86400 max_memory_in_mb: 185000 log_search_progress: true enumerate_all_solutions: false num_search_workers: 32 absolute_gap_limit: 0 relative_gap_limit: 0

Initial optimization model '': (model_fingerprint: 0xbe5942b0a03c7b7c)
#Variables: 1'218 (#ints: 20 in objective)
  - 1'010 Booleans in [0,1]
  - 208 in [0,1415]
#kLinear1: 103
#kLinear2: 2'632
#kLinear3: 1'101
#kLinearN: 61'457 (#terms: 1'966'054)

Starting presolve at 0.04s
  9.00e-02s  0.00e+00d  [DetectDominanceRelations] 
  1.44e+00s  0.00e+00d  [PresolveToFixPoint] #num_loops=7 #num_dual_strengthening=3 
  7.88e-04s  0.00e+00d  [ExtractEncodingFromLinear] #potential_supersets=9 
[Symmetry] Graph for symmetry has 64'574 nodes and 1'748'297 arcs.
[Symmetry] Symmetry computation done. time: 0.0630263 dtime: 0.120754
[Symmetry] #generators: 1, average support size: 56
[Symmetry] The model contains 1267 duplicate constraints !
[Symmetry] 28 orbits with sizes: 2,2,2,2,2,2,2,2,2,2,...
[Symmetry] Num fixable by intersecting at_most_one with orbits: 1 largest_orbit: 2
  7.36e-01s  1.82e-01d  [Probe] #probed=1'704 #new_bounds=21 #equiv=1 
  5.70e-04s  0.00e+00d  [MaxClique] 
  9.03e-02s  0.00e+00d  [DetectDominanceRelations] 
  7.07e-01s  0.00e+00d  [PresolveToFixPoint] #num_loops=5 #num_dual_strengthening=3 
  3.63e-01s  0.00e+00d  [ProcessAtMostOneAndLinear] 
  8.26e-02s  0.00e+00d  [DetectDuplicateConstraints] #duplicates=1'681 #without_enforcements=182 
  2.40e-01s  1.95e-02d  [DetectDominatedLinearConstraints] #relevant_constraints=58'666 #num_inclusions=31'953 
  8.61e-03s  0.00e+00d  [DetectDifferentVariables] #different=119 #cliques=1 #size=14 
  3.39e-02s  3.14e-03d  [ProcessSetPPC] #relevant_constraints=57'277 
  9.69e-04s  0.00e+00d  [FindAlmostIdenticalLinearConstraints] 
  7.16e-03s  9.97e-03d  [FindBigAtMostOneAndLinearOverlap] 
  6.20e-01s  3.49e-01d  [FindBigVerticalLinearOverlap] #blocks=593 #saved_nz=341'743 
  1.62e-02s  6.66e-03d  [FindBigHorizontalLinearOverlap] #linears=56'238 
  6.08e-04s  0.00e+00d  [MergeClauses] 
  9.70e-02s  0.00e+00d  [DetectDominanceRelations] 
  7.95e-01s  0.00e+00d  [PresolveToFixPoint] #num_loops=3 #num_dual_strengthening=1 
  9.63e-02s  0.00e+00d  [DetectDominanceRelations] 
  4.73e-01s  0.00e+00d  [PresolveToFixPoint] #num_loops=1 #num_dual_strengthening=1 
[Symmetry] Graph for symmetry has 64'609 nodes and 1'401'444 arcs.
[Symmetry] Symmetry computation done. time: 0.0366972 dtime: 0.0740757
  6.49e-01s  1.46e-01d  [Probe] #probed=1'704 #new_bounds=369 
  5.05e-04s  0.00e+00d  [MaxClique] 
  9.74e-02s  0.00e+00d  [DetectDominanceRelations] 
  7.01e-01s  0.00e+00d  [PresolveToFixPoint] #num_loops=2 #num_dual_strengthening=1 
  3.43e-01s  0.00e+00d  [ProcessAtMostOneAndLinear] 
  7.61e-02s  0.00e+00d  [DetectDuplicateConstraints] #without_enforcements=182 
  1.69e-01s  1.49e-02d  [DetectDominatedLinearConstraints] #relevant_constraints=58'674 #num_inclusions=4'561 
  8.09e-03s  0.00e+00d  [DetectDifferentVariables] 
  3.14e-02s  2.44e-03d  [ProcessSetPPC] #relevant_constraints=56'253 
  1.04e-03s  4.86e-06d  [FindAlmostIdenticalLinearConstraints] #num_tested_pairs=303 
  3.69e-03s  3.84e-03d  [FindBigAtMostOneAndLinearOverlap] 
  6.29e-01s  2.67e-01d  [FindBigVerticalLinearOverlap] #blocks=3'081 #saved_nz=420'316 
  1.39e-02s  4.36e-03d  [FindBigHorizontalLinearOverlap] #linears=47'395 
  6.33e-04s  0.00e+00d  [MergeClauses] 
  7.22e-02s  0.00e+00d  [DetectDominanceRelations] 
  7.42e-01s  0.00e+00d  [PresolveToFixPoint] #num_loops=3 #num_dual_strengthening=1 
  7.15e-02s  0.00e+00d  [DetectDominanceRelations] 
  4.70e-01s  0.00e+00d  [PresolveToFixPoint] #num_loops=1 #num_dual_strengthening=1 
[Symmetry] Graph for symmetry has 72'875 nodes and 983'527 arcs.
[Symmetry] Symmetry computation done. time: 0.0279071 dtime: 0.0511908
  5.68e-01s  1.12e-01d  [Probe] #probed=1'704 #new_bounds=1'558 
  5.54e-04s  0.00e+00d  [MaxClique] 
  7.12e-02s  0.00e+00d  [DetectDominanceRelations] 
  6.91e-01s  0.00e+00d  [PresolveToFixPoint] #num_loops=2 #num_dual_strengthening=1 
  3.19e-01s  0.00e+00d  [ProcessAtMostOneAndLinear] 
  6.80e-02s  0.00e+00d  [DetectDuplicateConstraints] #without_enforcements=182 
  1.10e-01s  8.08e-03d  [DetectDominatedLinearConstraints] #relevant_constraints=60'519 #num_inclusions=203 
  8.07e-03s  0.00e+00d  [DetectDifferentVariables] 
  2.41e-02s  1.55e-03d  [ProcessSetPPC] #relevant_constraints=47'560 
  1.95e-03s  1.99e-04d  [FindAlmostIdenticalLinearConstraints] #num_tested_pairs=11'912 
  3.22e-03s  2.52e-03d  [FindBigAtMostOneAndLinearOverlap] 
  3.36e-01s  1.37e-01d  [FindBigVerticalLinearOverlap] #blocks=2'886 #saved_nz=256'409 
  1.08e-02s  2.84e-03d  [FindBigHorizontalLinearOverlap] #linears=35'596 
  6.51e-04s  0.00e+00d  [MergeClauses] 
  5.68e-02s  0.00e+00d  [DetectDominanceRelations] 
  6.97e-01s  0.00e+00d  [PresolveToFixPoint] #num_loops=3 #num_dual_strengthening=1 
  4.26e-03s  0.00e+00d  [ExpandObjective] #entries=27'187 #tight_variables=10'373 #tight_constraints=5'350 

Presolve summary:
  - 405 affine relations were detected.
  - rule 'TODO dual: only one blocking constraint?' was applied 2'890 times.
  - rule 'TODO dual: only one blocking enforced constraint?' was applied 234 times.
  - rule 'TODO dual: only one unspecified blocking constraint?' was applied 152 times.
  - rule 'TODO duplicate: identical constraint with different enforcements' was applied 546 times.
  - rule 'TODO linear2: contains a Boolean.' was applied 72 times.
  - rule 'affine: new relation' was applied 405 times.
  - rule 'at_most_one: removed literals' was applied 4 times.
  - rule 'at_most_one: size one' was applied 4 times.
  - rule 'deductions: 4370 stored' was applied 1 time.
  - rule 'dual: fix variable' was applied 57 times.
  - rule 'dual: reduced domain' was applied 138 times.
  - rule 'duplicate: merged rhs of linear constraint' was applied 369 times.
  - rule 'duplicate: removed constraint' was applied 1'681 times.
  - rule 'enforcement: false literal' was applied 20 times.
  - rule 'exactly_one: x and not(x)' was applied 1 time.
  - rule 'incompatible linear: add implication' was applied 273 times.
  - rule 'linear matrix: common vertical rectangle' was applied 6'560 times.
  - rule 'linear1: always true' was applied 1 time.
  - rule 'linear: always true' was applied 3'280 times.
  - rule 'linear: doubleton free' was applied 28 times.
  - rule 'linear: empty' was applied 76 times.
  - rule 'linear: extracted enforcement literal' was applied 60'662 times.
  - rule 'linear: fixed or dup variables' was applied 62'044 times.
  - rule 'linear: positive equal one' was applied 9 times.
  - rule 'linear: reduced variable domains' was applied 5'494 times.
  - rule 'linear: remapped using affine relations' was applied 62'199 times.
  - rule 'linear: simplified rhs' was applied 212'758 times.
  - rule 'linear: tightened into equality' was applied 12 times.
  - rule 'linear: variable substitution 1' was applied 28 times.
  - rule 'linear: variable substitution 2' was applied 628 times.
  - rule 'linear: variable substitution 3' was applied 446 times.
  - rule 'no_overlap: inferred from x != y constraints' was applied 1 time.
  - rule 'presolve: 214 unused variables removed.' was applied 1 time.
  - rule 'presolve: iteration' was applied 3 times.
  - rule 'probing: reduced enforced constraint to implication.' was applied 4 times.
  - rule 'symmetry: fixed to false in general orbit' was applied 1 time.

Presolved optimization model '': (model_fingerprint: 0x43230c766ba9522e)
#Variables: 6'057 (#ints: 20 in objective)
  - 431 Booleans in [0,1]
  - 3'965 different domains in [-35274,39528] with a largest complexity of 30.
#kExactlyOne: 8 (#literals: 24)
#kInterval: 14
#kLinear2: 3'732 (#enforced: 3'616 #multi: 1'091)
#kLinear3: 17'316 (#enforced: 13'113)
#kLinearN: 44'228 (#enforced: 41'831) (#terms: 602'634)
#kNoOverlap: 1 (#intervals: 14)

Preloading model.
#Bound  12.80s best:inf   next:[200,25027] initial_domain
[Symmetry] Graph for symmetry has 78'689 nodes and 729'202 arcs.
[Symmetry] Symmetry computation done. time: 0.0218885 dtime: 0.038809
#Model  12.94s var:6057/6057 constraints:65299/65299

Starting search at 12.97s with 32 workers.
17 full problem subsolvers: [core, default_lp, fixed, lb_tree_search, max_lp, no_lp, objective_lb_search, objective_lb_search_max_lp, objective_lb_search_no_lp, objective_shaving_search_max_lp, objective_shaving_search_no_lp, probing, probing_max_lp, pseudo_costs, quick_restart, quick_restart_no_lp, reduced_costs]
13 first solution subsolvers: [fj_long_default, fj_long_lin_default, fj_long_random, fj_short_default, fj_short_lin_default, fj_short_lin_random, fj_short_random, fs_random(2), fs_random_no_lp, fs_random_quick_restart(2), fs_random_quick_restart_no_lp]
13 incomplete subsolvers: [feasibility_pump, graph_arc_lns, graph_cst_lns, graph_dec_lns, graph_var_lns, rins/rens, rnd_cst_lns, rnd_var_lns, scheduling_intervals_lns, scheduling_precedences_lns, scheduling_time_window_lns, violation_ls(2)]
3 helper subsolvers: [neighborhood_helper, synchronization_agent, update_gap_integral]
#Bound  14.24s best:inf   next:[201,25027] objective_shaving_search_max_lp (vars=6057 csts=65302)
#Bound  15.19s best:inf   next:[207,25027] fixed
#Bound  16.47s best:inf   next:[224,25027] objective_lb_search_no_lp
#Bound  16.72s best:inf   next:[237,25027] objective_lb_search
#1      17.04s best:10332 next:[237,10331] no_lp (fixed_bools=0/518)
#Bound  17.07s best:10332 next:[941,10331] pseudo_costs
#Bound  17.15s best:10332 next:[1907,10331] pseudo_costs
#Bound  17.25s best:10332 next:[2170,10331] pseudo_costs
#Bound  17.33s best:10332 next:[2177,10331] pseudo_costs
#2      17.35s best:10330 next:[2177,10329] violation_ls(batch:2 #solutions_imported:1 #lin_moves:17'166 #lin_evals:57'808 #weight_updates:338)
#3      17.43s best:10329 next:[2177,10328] violation_ls(batch:2 #solutions_imported:2 #lin_moves:1 #lin_evals:18'800 #gen_moves:7'212 #gen_evals:971 #comp_moves:1'060 #backtracks:3'076 #weight_updates:72)
#4      17.46s best:10328 next:[2177,10327] violation_ls(batch:3 #solutions_imported:3 #lin_moves:2 #lin_evals:18'807 #gen_moves:7'212 #gen_evals:971 #comp_moves:1'060 #backtracks:3'076 #weight_updates:72)
#5      17.47s best:10326 next:[2177,10325] violation_ls(batch:3 #solutions_imported:2 #lin_moves:17'167 #lin_evals:57'816 #weight_updates:338)
#6      17.60s best:10324 next:[2177,10323] violation_ls(batch:4 #solutions_imported:4 #lin_moves:3 #lin_evals:18'814 #gen_moves:7'212 #gen_evals:971 #comp_moves:1'060 #backtracks:3'076 #weight_updates:72)
#7      17.62s best:10323 next:[2177,10322] violation_ls(batch:4 #solutions_imported:3 #lin_moves:17'167 #lin_evals:57'819 #gen_moves:1 #gen_evals:0 #comp_moves:1 #backtracks:0 #weight_updates:338)
#8      17.74s best:10316 next:[2177,10315] rnd_var_lns (d=0.81 s=96 t=0.10 p=1.00 stall=2 h=auto_l0) [presolve]
#9      17.84s best:10315 next:[2177,10314] graph_dec_lns (d=0.71 s=101 t=0.10 p=1.00 stall=2 h=auto_l0) [presolve]
#Bound  18.12s best:10315 next:[2191,10314] reduced_costs
#Bound  18.21s best:10315 next:[2205,10314] reduced_costs
#10     18.41s best:10314 next:[2205,10313] violation_ls(batch:5 #solutions_imported:4 #lin_moves:21'877 #lin_evals:76'388 #gen_moves:1 #gen_evals:0 #comp_moves:1 #backtracks:0 #weight_updates:752)
#11     18.90s best:10312 next:[2205,10311] rnd_cst_lns (d=0.91 s=127 t=0.10 p=1.00 stall=0 h=auto_l0) [hint]
#12     19.37s best:9891  next:[2205,9890] graph_var_lns (d=0.91 s=128 t=0.10 p=1.00 stall=0 h=auto_l0)
#Bound  20.29s best:9891  next:[2206,9890] reduced_costs
#Bound  20.43s best:9891  next:[2212,9890] reduced_costs
#13     20.79s best:9398  next:[2212,9397] rins_lp_lns (d=0.91 s=138 t=0.10 p=1.00 stall=4 h=auto_l0)
#14     20.88s best:9397  next:[2212,9396] violation_ls(batch:6 #solutions_imported:6 #lin_moves:7'065 #lin_evals:67'556 #gen_moves:15'263 #gen_evals:1'781 #comp_moves:2'194 #backtracks:6'531 #weight_updates:482)
#15     20.88s best:9396  next:[2212,9395] violation_ls(batch:6 #solutions_imported:5 #lin_moves:21'877 #lin_evals:76'392 #gen_moves:3 #gen_evals:0 #comp_moves:3 #backtracks:0 #weight_updates:752)
#16     21.47s best:9383  next:[2212,9382] rnd_var_lns (d=0.94 s=141 t=0.10 p=1.00 stall=1 h=auto_l0) [presolve]
#17     22.58s best:9382  next:[2212,9381] graph_var_lns (d=0.94 s=143 t=0.10 p=1.00 stall=0 h=auto_l0) [hint]
#18     22.70s best:9075  next:[2212,9074] no_lp (fixed_bools=0/571)
#19     23.65s best:9070  next:[2212,9069] quick_restart_no_lp (fixed_bools=0/636)
#20     23.93s best:8874  next:[2212,8873] no_lp (fixed_bools=0/599)
#Bound  24.31s best:8874  next:[2214,8873] reduced_costs
#Bound  24.48s best:8874  next:[2221,8873] reduced_costs
#21     25.34s best:8869  next:[2221,8868] quick_restart_no_lp (fixed_bools=0/689)
#22     25.94s best:8513  next:[2221,8512] rins_lp_lns (d=0.94 s=153 t=0.10 p=1.00 stall=0 h=auto_l0)
#Bound  26.73s best:8513  next:[2222,8512] objective_lb_search_max_lp
#23     27.36s best:8508  next:[2222,8507] quick_restart_no_lp (fixed_bools=0/744)
#Bound  27.45s best:8508  next:[2225,8507] objective_lb_search_max_lp
#24     27.88s best:8488  next:[2225,8487] rins_lp_lns (d=0.92 s=183 t=0.10 p=0.83 stall=0 h=auto_l0)
#Bound  28.24s best:8488  next:[2226,8487] objective_lb_search_max_lp
#Bound  29.02s best:8488  next:[2228,8487] objective_lb_search_max_lp
#Bound  30.24s best:8488  next:[2232,8487] objective_lb_search_max_lp
#25     32.36s best:8471  next:[2232,8470] quick_restart_no_lp (fixed_bools=0/813)
#26     32.82s best:8462  next:[2232,8461] quick_restart_no_lp (fixed_bools=0/824)
#27     33.72s best:8458  next:[2232,8457] quick_restart_no_lp (fixed_bools=0/836)
#28     35.41s best:8453  next:[2232,8452] rnd_var_lns (d=0.99 s=216 t=0.10 p=1.00 stall=4 h=auto_l0) [hint]
#29     35.49s best:8437  next:[2232,8436] quick_restart_no_lp (fixed_bools=0/848)
#30     35.55s best:8435  next:[2232,8434] violation_ls(batch:12 #solutions_imported:12 #lin_moves:35'744 #lin_evals:218'292 #gen_moves:31'567 #gen_evals:3'483 #comp_moves:3'763 #backtracks:13'896 #weight_updates:1'984)
#31     35.56s best:8433  next:[2232,8432] violation_ls(batch:12 #solutions_imported:11 #lin_moves:60'994 #lin_evals:244'248 #gen_moves:7'566 #gen_evals:918 #comp_moves:887 #backtracks:3'339 #weight_updates:1'706)
#32     36.13s best:8322  next:[2232,8321] rins_lp_lns (d=0.94 s=226 t=0.10 p=0.78 stall=1 h=auto_l0)
#33     38.77s best:8321  next:[2232,8320] violation_ls(batch:13 #solutions_imported:13 #lin_moves:35'744 #lin_evals:223'949 #gen_moves:33'890 #gen_evals:3'803 #comp_moves:3'986 #backtracks:14'946 #weight_updates:2'025)
#34     38.85s best:8320  next:[2232,8319] violation_ls(batch:13 #solutions_imported:12 #lin_moves:60'994 #lin_evals:249'521 #gen_moves:9'813 #gen_evals:1'227 #comp_moves:1'082 #backtracks:4'365 #weight_updates:1'748)
#35     38.88s best:8305  next:[2232,8304] graph_dec_lns (d=0.99 s=234 t=0.10 p=1.00 stall=0 h=auto_l0) [hint]
#36     41.69s best:8303  next:[2232,8302] rnd_var_lns (d=0.99 s=241 t=0.10 p=1.00 stall=0 h=auto_l0)
#37     45.61s best:8302  next:[2232,8301] violation_ls(batch:15 #solutions_imported:14 #lin_moves:50'075 #lin_evals:280'878 #gen_moves:33'890 #gen_evals:3'803 #comp_moves:3'986 #backtracks:14'946 #weight_updates:3'091)
#38     45.62s best:8301  next:[2232,8300] violation_ls(batch:15 #solutions_imported:14 #lin_moves:70'761 #lin_evals:282'868 #gen_moves:9'825 #gen_evals:1'227 #comp_moves:1'084 #backtracks:4'370 #weight_updates:1'981)
#39     45.62s best:8286  next:[2232,8285] rnd_cst_lns (d=0.99 s=254 t=0.10 p=1.00 stall=1 h=auto_l0)
#Bound  47.58s best:8286  next:[2233,8285] objective_shaving_search_max_lp (vars=8172 csts=67415)
#40     48.96s best:8282  next:[2233,8281] graph_var_lns (d=0.99 s=267 t=0.10 p=1.00 stall=2 h=auto_l0)
#41     49.04s best:8235  next:[2233,8234] rnd_cst_lns (d=0.99 s=266 t=0.10 p=1.00 stall=0 h=auto_l0)
#42     53.28s best:8227  next:[2233,8226] rnd_var_lns (d=1.00 s=279 t=0.10 p=1.00 stall=0 h=auto_l0)
#43     53.36s best:8226  next:[2233,8225] violation_ls(batch:17 #solutions_imported:16 #lin_moves:66'611 #lin_evals:341'973 #gen_moves:33'890 #gen_evals:3'803 #comp_moves:3'986 #backtracks:14'946 #weight_updates:3'836)
#44     53.84s best:8213  next:[2233,8212] graph_arc_lns (d=1.00 s=282 t=0.10 p=1.00 stall=0 h=auto_l0)
#45     57.31s best:8136  next:[2233,8135] no_lp (fixed_bools=0/684)
#46     57.93s best:7644  next:[2233,7643] rnd_var_lns (d=1.00 s=291 t=0.10 p=1.00 stall=0 h=auto_l0)
#47     57.98s best:7643  next:[2233,7642] violation_ls(batch:18 #solutions_imported:17 #lin_moves:82'360 #lin_evals:353'492 #gen_moves:16'858 #gen_evals:2'449 #comp_moves:1'643 #backtracks:7'605 #weight_updates:2'485)
#48     62.99s best:7623  next:[2233,7622] graph_arc_lns (d=1.00 s=306 t=0.10 p=1.00 stall=0 h=auto_l0)
#49     63.02s best:7622  next:[2233,7621] violation_ls(batch:19 #solutions_imported:18 #lin_moves:67'226 #lin_evals:364'152 #gen_moves:41'624 #gen_evals:4'667 #comp_moves:5'220 #backtracks:18'195 #weight_updates:4'024)
#50     66.82s best:7621  next:[2233,7620] quick_restart_no_lp (fixed_bools=0/1051)
#51     67.26s best:7620  next:[2233,7619] violation_ls(batch:20 #solutions_imported:19 #lin_moves:67'226 #lin_evals:364'167 #gen_moves:41'631 #gen_evals:4'667 #comp_moves:5'223 #backtracks:18'197 #weight_updates:4'024)
#52     67.27s best:7619  next:[2233,7618] violation_ls(batch:20 #solutions_imported:19 #lin_moves:92'004 #lin_evals:385'982 #gen_moves:16'885 #gen_evals:2'449 #comp_moves:1'646 #backtracks:7'617 #weight_updates:2'841)
#53     67.51s best:7617  next:[2233,7616] rnd_var_lns (d=1.00 s=315 t=0.10 p=1.00 stall=0 h=auto_l0)
#Bound  70.74s best:7617  next:[2235,7616] objective_lb_search_max_lp
#54     71.83s best:7612  next:[2235,7611] rnd_var_lns (d=1.00 s=327 t=0.10 p=0.94 stall=1 h=auto_l0)
#55     74.97s best:7610  next:[2235,7609] graph_cst_lns (d=1.00 s=331 t=0.10 p=0.94 stall=0 h=auto_l0)
#56     75.78s best:7608  next:[2235,7607] violation_ls(batch:22 #solutions_imported:21 #lin_moves:67'227 #lin_evals:383'514 #gen_moves:49'744 #gen_evals:5'532 #comp_moves:6'424 #backtracks:21'652 #weight_updates:4'103)
#57     75.79s best:7606  next:[2235,7605] violation_ls(batch:22 #solutions_imported:21 #lin_moves:92'004 #lin_evals:406'155 #gen_moves:25'323 #gen_evals:3'249 #comp_moves:2'840 #backtracks:11'238 #weight_updates:2'922)
#58     77.21s best:7603  next:[2235,7602] graph_var_lns (d=1.00 s=343 t=0.10 p=0.89 stall=0 h=auto_l0)
#59     78.64s best:7344  next:[2235,7343] rnd_cst_lns (d=1.00 s=342 t=0.10 p=0.89 stall=0 h=auto_l0)
#Bound  79.53s best:7344  next:[2242,7343] objective_lb_search_max_lp
#60     80.57s best:7343  next:[2242,7342] violation_ls(batch:23 #solutions_imported:22 #lin_moves:67'322 #lin_evals:383'979 #gen_moves:49'744 #gen_evals:5'532 #comp_moves:6'424 #backtracks:21'652 #weight_updates:4'145)
#61     80.59s best:7342  next:[2242,7341] violation_ls(batch:23 #solutions_imported:22 #lin_moves:92'032 #lin_evals:406'277 #gen_moves:25'323 #gen_evals:3'249 #comp_moves:2'840 #backtracks:11'238 #weight_updates:2'936)
#62     85.23s best:7295  next:[2242,7294] graph_arc_lns (d=1.00 s=370 t=0.10 p=0.86 stall=0 h=auto_l0)
#63     85.46s best:7294  next:[2242,7293] violation_ls(batch:24 #solutions_imported:23 #lin_moves:92'352 #lin_evals:407'924 #gen_moves:25'323 #gen_evals:3'249 #comp_moves:2'840 #backtracks:11'238 #weight_updates:3'044)
#64     88.26s best:7293  next:[2242,7292] quick_restart_no_lp (fixed_bools=0/1270)
#65     89.92s best:7273  next:[2242,7272] rnd_var_lns (d=1.00 s=379 t=0.10 p=0.86 stall=0 h=auto_l0)
#66     90.06s best:7272  next:[2242,7271] violation_ls(batch:25 #solutions_imported:24 #lin_moves:67'322 #lin_evals:411'645 #gen_moves:63'586 #gen_evals:6'352 #comp_moves:7'122 #backtracks:28'222 #weight_updates:4'288)
#67     90.14s best:7271  next:[2242,7270] violation_ls(batch:25 #solutions_imported:24 #lin_moves:97'767 #lin_evals:426'636 #gen_moves:25'323 #gen_evals:3'249 #comp_moves:2'840 #backtracks:11'238 #weight_updates:3'291)
#68     91.62s best:7270  next:[2242,7269] quick_restart_no_lp (fixed_bools=0/1320)
#69     92.98s best:7205  next:[2242,7204] graph_cst_lns (d=1.00 s=383 t=0.10 p=0.86 stall=1 h=auto_l0)
#Bound  95.42s best:7205  next:[2248,7204] objective_lb_search_max_lp
#70     96.19s best:7204  next:[2248,7203] violation_ls(batch:26 #solutions_imported:25 #lin_moves:67'322 #lin_evals:411'682 #gen_moves:63'615 #gen_evals:6'353 #comp_moves:7'127 #backtracks:28'234 #weight_updates:4'288)
#71     96.20s best:7203  next:[2248,7202] violation_ls(batch:26 #solutions_imported:25 #lin_moves:98'563 #lin_evals:430'146 #gen_moves:25'323 #gen_evals:3'249 #comp_moves:2'840 #backtracks:11'238 #weight_updates:3'528)
#72     97.61s best:7202  next:[2248,7201] quick_restart_no_lp (fixed_bools=0/1361)
#73     98.47s best:7201  next:[2248,7200] quick_restart_no_lp (fixed_bools=0/1369)
#74    100.24s best:7079  next:[2248,7078] rnd_var_lns (d=1.00 s=404 t=0.10 p=0.83 stall=0 h=auto_l0)
#75    100.26s best:7078  next:[2248,7077] violation_ls(batch:27 #solutions_imported:26 #lin_moves:67'670 #lin_evals:413'404 #gen_moves:63'615 #gen_evals:6'353 #comp_moves:7'127 #backtracks:28'234 #weight_updates:4'397)
#76    100.28s best:7077  next:[2248,7076] violation_ls(batch:27 #solutions_imported:26 #lin_moves:99'183 #lin_evals:432'598 #gen_moves:25'323 #gen_evals:3'249 #comp_moves:2'840 #backtracks:11'238 #weight_updates:3'644)
#77    104.07s best:7076  next:[2248,7075] violation_ls(batch:28 #solutions_imported:27 #lin_moves:68'374 #lin_evals:416'473 #gen_moves:63'615 #gen_evals:6'353 #comp_moves:7'127 #backtracks:28'234 #weight_updates:4'492)
#78    104.09s best:7075  next:[2248,7074] violation_ls(batch:28 #solutions_imported:27 #lin_moves:99'183 #lin_evals:432'723 #gen_moves:25'383 #gen_evals:3'253 #comp_moves:2'842 #backtracks:11'267 #weight_updates:3'644)
#79    105.02s best:6778  next:[2248,6777] rins_pump_lns (d=0.94 s=426 t=0.10 p=0.60 stall=0 h=auto_l0)
#Bound 112.34s best:6778  next:[2251,6777] objective_lb_search_max_lp
#80    113.54s best:6776  next:[2251,6775] quick_restart_no_lp (fixed_bools=0/1537)
#81    113.89s best:6710  next:[2251,6709] graph_cst_lns (d=1.00 s=433 t=0.10 p=0.81 stall=0 h=auto_l0)
#82    113.94s best:6709  next:[2251,6708] violation_ls(batch:30 #solutions_imported:29 #lin_moves:108'934 #lin_evals:467'735 #gen_moves:26'297 #gen_evals:3'355 #comp_moves:2'892 #backtracks:11'699 #weight_updates:3'906)
#83    114.63s best:6671  next:[2251,6670] rnd_var_lns (d=1.00 s=441 t=0.10 p=0.81 stall=0 h=auto_l0)
#84    116.63s best:6627  next:[2251,6626] quick_restart_no_lp (fixed_bools=0/1602)
#85    118.80s best:6626  next:[2251,6625] violation_ls(batch:31 #solutions_imported:30 #lin_moves:77'511 #lin_evals:479'347 #gen_moves:74'543 #gen_evals:7'598 #comp_moves:8'242 #backtracks:33'140 #weight_updates:5'503)
#86    120.39s best:6598  next:[2251,6597] graph_arc_lns (d=1.00 s=458 t=0.10 p=0.75 stall=0 h=auto_l0)
#87    122.08s best:6579  next:[2251,6578] graph_cst_lns (d=1.00 s=459 t=0.10 p=0.79 stall=0 h=auto_l0)
#88    122.15s best:6578  next:[2251,6577] violation_ls(batch:32 #solutions_imported:31 #lin_moves:77'511 #lin_evals:479'439 #gen_moves:74'592 #gen_evals:7'602 #comp_moves:8'247 #backtracks:33'162 #weight_updates:5'503)
#89    122.20s best:6577  next:[2251,6576] violation_ls(batch:32 #solutions_imported:31 #lin_moves:108'973 #lin_evals:488'896 #gen_moves:34'531 #gen_evals:4'026 #comp_moves:4'528 #backtracks:14'998 #weight_updates:4'004)
#90    124.15s best:6573  next:[2251,6572] quick_restart_no_lp (fixed_bools=0/1662)
#91    127.43s best:6572  next:[2251,6571] violation_ls(batch:33 #solutions_imported:32 #lin_moves:77'511 #lin_evals:481'644 #gen_moves:75'552 #gen_evals:7'676 #comp_moves:8'281 #backtracks:33'625 #weight_updates:5'518)
#92    127.46s best:6571  next:[2251,6570] violation_ls(batch:33 #solutions_imported:32 #lin_moves:108'973 #lin_evals:490'315 #gen_moves:35'096 #gen_evals:4'107 #comp_moves:4'553 #backtracks:15'268 #weight_updates:4'012)
#93    127.93s best:6560  next:[2251,6559] rnd_cst_lns (d=1.00 s=480 t=0.10 p=0.74 stall=1 h=auto_l0)
#94    129.97s best:6405  next:[2251,6404] graph_dec_lns (d=1.00 s=484 t=0.10 p=0.80 stall=0 h=auto_l0)
#95    131.98s best:6404  next:[2251,6403] violation_ls(batch:34 #solutions_imported:33 #lin_moves:78'607 #lin_evals:486'525 #gen_moves:75'552 #gen_evals:7'676 #comp_moves:8'281 #backtracks:33'625 #weight_updates:5'708)
#96    131.99s best:6403  next:[2251,6402] violation_ls(batch:34 #solutions_imported:33 #lin_moves:108'974 #lin_evals:490'335 #gen_moves:35'096 #gen_evals:4'107 #comp_moves:4'553 #backtracks:15'268 #weight_updates:4'012)
#97    132.33s best:6300  next:[2251,6299] rins_lp_lns (d=0.93 s=500 t=0.10 p=0.57 stall=1 h=auto_l0)
#98    137.64s best:6295  next:[2251,6294] graph_cst_lns (d=1.00 s=507 t=0.10 p=0.72 stall=1 h=auto_l0)
#99    139.99s best:6294  next:[2251,6293] violation_ls(batch:36 #solutions_imported:35 #lin_moves:108'974 #lin_evals:526'015 #gen_moves:48'957 #gen_evals:5'461 #comp_moves:6'487 #backtracks:21'230 #weight_updates:4'157)
#100   141.52s best:6275  next:[2251,6274] graph_dec_lns (d=1.00 s=520 t=0.10 p=0.76 stall=0 h=auto_l0)
#101   143.40s best:6274  next:[2251,6273] violation_ls(batch:37 #solutions_imported:36 #lin_moves:89'152 #lin_evals:544'769 #gen_moves:83'500 #gen_evals:8'341 #comp_moves:10'087 #backtracks:36'695 #weight_updates:6'164)
#102   146.14s best:6269  next:[2251,6268] quick_restart_no_lp (fixed_bools=0/1878)
#Bound 147.38s best:6269  next:[2253,6268] objective_lb_search_max_lp
#103   148.87s best:6267  next:[2253,6266] violation_ls(batch:38 #solutions_imported:37 #lin_moves:89'153 #lin_evals:544'789 #gen_moves:83'500 #gen_evals:8'341 #comp_moves:10'087 #backtracks:36'695 #weight_updates:6'164)
#104   148.88s best:6265  next:[2253,6264] violation_ls(batch:38 #solutions_imported:37 #lin_moves:108'975 #lin_evals:546'422 #gen_moves:57'086 #gen_evals:6'264 #comp_moves:7'330 #backtracks:24'868 #weight_updates:4'251)
#105   151.60s best:6216  next:[2253,6215] graph_dec_lns (d=1.00 s=544 t=0.10 p=0.74 stall=0 h=auto_l0)
#106   153.45s best:6215  next:[2253,6214] violation_ls(batch:39 #solutions_imported:38 #lin_moves:89'568 #lin_evals:546'766 #gen_moves:83'500 #gen_evals:8'341 #comp_moves:10'087 #backtracks:36'695 #weight_updates:6'268)
#107   153.81s best:6028  next:[2253,6027] rins_pump_lns (d=0.93 s=562 t=0.10 p=0.56 stall=0 h=auto_l0)
#108   161.22s best:6008  next:[2253,6007] rins_pump_lns (d=0.93 s=586 t=0.10 p=0.56 stall=0 h=auto_l0)
#109   165.95s best:5971  next:[2253,5970] graph_dec_lns (d=1.00 s=582 t=0.10 p=0.74 stall=0 h=auto_l0)
#110   170.83s best:5908  next:[2253,5907] rins_lp_lns (d=0.93 s=610 t=0.10 p=0.55 stall=1 h=auto_l0)
#111   176.23s best:5879  next:[2253,5878] graph_arc_lns (d=1.00 s=616 t=0.10 p=0.68 stall=3 h=auto_l0)
#112   183.32s best:5850  next:[2253,5849] graph_var_lns (d=1.00 s=639 t=0.10 p=0.67 stall=0 h=auto_l0)
#113   196.27s best:5848  next:[2253,5847] rnd_cst_lns (d=1.00 s=666 t=0.10 p=0.67 stall=2 h=auto_l0)
#114   218.46s best:5724  next:[2253,5723] graph_var_lns (d=1.00 s=727 t=0.10 p=0.66 stall=0 h=auto_l0)
#115   218.48s best:5723  next:[2253,5722] violation_ls(batch:53 #solutions_imported:46 #lin_moves:117'904 #lin_evals:859'103 #gen_moves:168'396 #gen_evals:14'157 #comp_moves:20'221 #backtracks:74'063 #weight_updates:6'550)
#116   220.75s best:5669  next:[2253,5668] rins_pump_lns (d=0.92 s=746 t=0.10 p=0.53 stall=2 h=auto_l0)
#117   221.44s best:5664  next:[2253,5663] quick_restart_no_lp (fixed_bools=0/2208)
#118   222.77s best:5655  next:[2253,5654] quick_restart_no_lp (fixed_bools=0/2210)
#119   225.82s best:5647  next:[2253,5646] rnd_cst_lns (d=1.00 s=750 t=0.10 p=0.63 stall=0 h=auto_l0)
#120   226.23s best:5551  next:[2253,5550] graph_dec_lns (d=1.00 s=742 t=0.10 p=0.67 stall=0 h=auto_l0)
#121   231.28s best:5542  next:[2253,5541] rnd_cst_lns (d=1.00 s=762 t=0.10 p=0.65 stall=0 h=auto_l0)
#122   235.31s best:5541  next:[2253,5540] violation_ls(batch:57 #solutions_imported:48 #lin_moves:138'554 #lin_evals:976'001 #gen_moves:165'905 #gen_evals:17'584 #comp_moves:24'148 #backtracks:70'846 #weight_updates:15'659)
#123   235.33s best:5540  next:[2253,5539] violation_ls(batch:57 #solutions_imported:50 #lin_moves:127'536 #lin_evals:951'328 #gen_moves:188'394 #gen_evals:15'371 #comp_moves:21'291 #backtracks:83'525 #weight_updates:7'096)
#124   236.87s best:5529  next:[2253,5528] graph_arc_lns (d=1.00 s=776 t=0.10 p=0.65 stall=0 h=auto_l0)
#125   237.35s best:5528  next:[2253,5527] graph_dec_lns (d=1.00 s=778 t=0.10 p=0.65 stall=0 h=auto_l0)
#126   239.69s best:5527  next:[2253,5526] violation_ls(batch:58 #solutions_imported:49 #lin_moves:138'554 #lin_evals:991'942 #gen_moves:174'304 #gen_evals:17'863 #comp_moves:24'419 #backtracks:74'910 #weight_updates:15'739)
#127   239.72s best:5503  next:[2253,5502] rins_pump_lns (d=0.92 s=795 t=0.10 p=0.53 stall=0 h=auto_l0)
#128   252.37s best:5490  next:[2253,5489] rnd_cst_lns (d=1.00 s=823 t=0.10 p=0.64 stall=0 h=auto_l0)
#129   259.71s best:5481  next:[2253,5480] graph_dec_lns (d=1.00 s=840 t=0.10 p=0.64 stall=2 h=auto_l0)
#Bound 262.71s best:5481  next:[2285,5480] objective_lb_search_max_lp
#130   264.39s best:5479  next:[2285,5478] graph_arc_lns (d=1.00 s=850 t=0.10 p=0.62 stall=5 h=auto_l0)
#131   280.07s best:5472  next:[2285,5471] quick_restart_no_lp (fixed_bools=0/2520)
#132   287.70s best:5430  next:[2285,5429] graph_arc_lns (d=1.00 s=914 t=0.10 p=0.63 stall=0 h=auto_l0)
#133   290.10s best:5422  next:[2285,5421] rins_pump_lns (d=0.92 s=932 t=0.10 p=0.52 stall=1 h=auto_l0)
#134   295.12s best:5420  next:[2285,5419] rnd_var_lns (d=1.00 s=935 t=0.10 p=0.63 stall=1 h=auto_l0)
#135   306.49s best:5416  next:[2285,5415] graph_dec_lns (d=1.00 s=965 t=0.10 p=0.61 stall=2 h=auto_l0)
#136   307.68s best:5366  next:[2285,5365] rins_pump_lns (d=0.92 s=981 t=0.10 p=0.52 stall=3 h=auto_l0)
#137   316.89s best:5362  next:[2285,5361] quick_restart_no_lp (fixed_bools=0/2838)
#138   316.90s best:5361  next:[2285,5360] violation_ls(batch:75 #solutions_imported:58 #lin_moves:226'690 #lin_evals:1'464'224 #gen_moves:238'549 #gen_evals:20'979 #comp_moves:26'835 #backtracks:105'821 #weight_updates:28'128)
#139   320.04s best:5321  next:[2285,5320] graph_dec_lns (d=1.00 s=1002 t=0.10 p=0.61 stall=0 h=auto_l0)
#140   334.13s best:5320  next:[2285,5319] quick_restart_no_lp (fixed_bools=0/2909)
#141   337.37s best:5318  next:[2285,5317] violation_ls(batch:79 #solutions_imported:60 #lin_moves:226'691 #lin_evals:1'528'197 #gen_moves:269'107 #gen_evals:22'552 #comp_moves:29'156 #backtracks:119'931 #weight_updates:28'353)
#142   337.41s best:5316  next:[2285,5315] violation_ls(batch:79 #solutions_imported:62 #lin_moves:236'946 #lin_evals:1'587'579 #gen_moves:280'655 #gen_evals:20'291 #comp_moves:28'825 #backtracks:125'871 #weight_updates:18'305)
#143   338.59s best:5311  next:[2285,5310] graph_cst_lns (d=1.00 s=1050 t=0.10 p=0.61 stall=2 h=auto_l0)
#144   340.84s best:5269  next:[2285,5268] graph_var_lns (d=1.00 s=1060 t=0.10 p=0.61 stall=0 h=auto_l0)
#145   351.89s best:5234  next:[2285,5233] graph_dec_lns (d=1.00 s=1088 t=0.10 p=0.61 stall=1 h=auto_l0)
#146   352.71s best:5232  next:[2285,5231] graph_arc_lns (d=1.00 s=1086 t=0.10 p=0.59 stall=0 h=auto_l0)
#147   370.58s best:5228  next:[2285,5227] graph_cst_lns (d=1.00 s=1136 t=0.10 p=0.61 stall=2 h=auto_l0)
#148   372.37s best:5120  next:[2285,5119] rins_pump_lns (d=0.93 s=1153 t=0.10 p=0.52 stall=1 h=auto_l0)
#149   379.12s best:5117  next:[2285,5116] quick_restart_no_lp (fixed_bools=0/3075)
#150   379.31s best:5115  next:[2285,5114] rnd_cst_lns (d=1.00 s=1157 t=0.10 p=0.60 stall=0 h=auto_l0)
#151   387.96s best:5080  next:[2285,5079] graph_dec_lns (d=1.00 s=1186 t=0.10 p=0.60 stall=1 h=auto_l0)
#Bound 390.12s best:5080  next:[2288,5079] objective_lb_search_max_lp
#152   428.29s best:5078  next:[2288,5077] quick_restart_no_lp (fixed_bools=0/3288)
#153   431.62s best:5062  next:[2288,5061] quick_restart_no_lp (fixed_bools=0/3317)
#154   555.62s best:5059  next:[2288,5058] graph_dec_lns (d=1.00 s=1630 t=0.10 p=0.57 stall=0 h=auto_l0)
#155   564.83s best:5054  next:[2288,5053] graph_arc_lns (d=1.00 s=1653 t=0.10 p=0.56 stall=0 h=auto_l0)
#156   569.44s best:5049  next:[2288,5048] graph_arc_lns (d=1.00 s=1665 t=0.10 p=0.56 stall=1 h=auto_l0)
#157   570.82s best:5044  next:[2288,5043] rins_pump_lns (d=0.92 s=1683 t=0.10 p=0.51 stall=18 h=folio_rnd)
#158   579.37s best:5034  next:[2288,5033] graph_arc_lns (d=1.00 s=1689 t=0.10 p=0.57 stall=0 h=auto_l0)
#Bound 808.91s best:5034  next:[2289,5033] objective_lb_search_max_lp
#Bound 1109.05s best:5034  next:[2292,5033] objective_lb_search_max_lp
#159   1112.02s best:5033  next:[2292,5032] rnd_var_lns (d=1.00 s=3138 t=0.10 p=0.54 stall=1 h=auto_l0)
#160   1123.08s best:5030  next:[2292,5029] graph_arc_lns (d=1.00 s=3168 t=0.10 p=0.53 stall=3 h=auto_l0)
#161   1125.08s best:5023  next:[2292,5022] rins_pump_lns (d=0.93 s=3186 t=0.10 p=0.51 stall=21 h=auto_l0)
#Bound 1803.43s best:5023  next:[2294,5022] objective_lb_search_max_lp
#162   1882.97s best:4997  next:[2294,4996] graph_dec_lns (d=1.00 s=5224 t=0.10 p=0.52 stall=5 h=auto_l0)
#163   1976.36s best:4995  next:[2294,4994] rnd_var_lns (d=1.00 s=5477 t=0.10 p=0.52 stall=0 h=auto_l0)
#164   1979.22s best:4994  next:[2294,4993] quick_restart_no_lp (fixed_bools=1/5416)
#165   1984.24s best:4993  next:[2294,4992] violation_ls(batch:441 #solutions_imported:76 #perturbations:2 #lin_moves:997'266 #lin_evals:9'182'729 #gen_moves:1'506'422 #gen_evals:202'968 #comp_moves:97'032 #backtracks:704'559 #weight_updates:514'377)
#166   1984.25s best:4992  next:[2294,4991] violation_ls(batch:441 #solutions_imported:78 #perturbations:2 #lin_moves:2'434'922 #lin_evals:15'196'410 #gen_moves:669'810 #gen_evals:117'364 #comp_moves:63'567 #backtracks:303'033 #weight_updates:32'342)
#167   1985.04s best:4990  next:[2294,4989] rnd_cst_lns (d=1.00 s=5502 t=0.10 p=0.52 stall=0 h=auto_l0)
#168   1985.75s best:4989  next:[2294,4988] rnd_var_lns (d=1.00 s=5501 t=0.10 p=0.52 stall=0 h=auto_l0)
#169   1989.12s best:4987  next:[2294,4986] graph_var_lns (d=1.00 s=5516 t=0.10 p=0.52 stall=1 h=auto_l0)
#170   1993.44s best:4979  next:[2294,4978] rins_lp_lns (d=0.94 s=5535 t=0.10 p=0.51 stall=0 h=auto_l0)
#171   2000.14s best:4977  next:[2294,4976] rnd_var_lns (d=1.00 s=5538 t=0.10 p=0.52 stall=0 h=auto_l0)
#172   2000.74s best:4975  next:[2294,4974] graph_dec_lns (d=1.00 s=5544 t=0.10 p=0.52 stall=1 h=auto_l0)
#173   2001.12s best:4973  next:[2294,4972] graph_cst_lns (d=1.00 s=5543 t=0.10 p=0.52 stall=1 h=auto_l0)
#174   2001.16s best:4972  next:[2294,4971] violation_ls(batch:445 #solutions_imported:79 #perturbations:2 #lin_moves:1'017'080 #lin_evals:9'286'690 #gen_moves:1'516'163 #gen_evals:203'624 #comp_moves:97'220 #backtracks:709'329 #weight_updates:514'701)
#175   2001.17s best:4971  next:[2294,4970] violation_ls(batch:445 #solutions_imported:81 #perturbations:2 #lin_moves:2'444'800 #lin_evals:15'305'483 #gen_moves:688'519 #gen_evals:118'440 #comp_moves:64'675 #backtracks:311'833 #weight_updates:32'805)
#176   2001.51s best:4952  next:[2294,4951] rins_lp_lns (d=0.93 s=5560 t=0.10 p=0.50 stall=1 h=auto_l0)
#177   2007.64s best:4951  next:[2294,4950] violation_ls(batch:446 #solutions_imported:82 #perturbations:2 #lin_moves:2'444'800 #lin_evals:15'318'582 #gen_moves:694'272 #gen_evals:118'759 #comp_moves:64'958 #backtracks:314'568 #weight_updates:32'873)
#178   2008.06s best:4949  next:[2294,4948] graph_var_lns (d=1.00 s=5565 t=0.10 p=0.52 stall=1 h=auto_l0)
#179   2008.50s best:4937  next:[2294,4936] rins_pump_lns (d=0.93 s=5572 t=0.10 p=0.50 stall=0 h=auto_l0)
#180   2080.06s best:4936  next:[2294,4935] quick_restart_no_lp (fixed_bools=1/5711)
#181   2081.08s best:4935  next:[2294,4934] quick_restart_no_lp (fixed_bools=1/5720)
#Bound 2108.79s best:4935  next:[2296,4934] objective_lb_search_max_lp
#182   2144.86s best:4927  next:[2296,4926] rnd_cst_lns (d=1.00 s=5934 t=0.10 p=0.52 stall=1 h=auto_l0)
#Bound 2372.91s best:4927  next:[2298,4926] objective_lb_search_max_lp
#Bound 2584.76s best:4927  next:[2299,4926] objective_lb_search_max_lp
#183   2820.81s best:4906  next:[2299,4905] graph_arc_lns (d=1.00 s=7783 t=0.10 p=0.51 stall=0 h=auto_l0)
#Bound 3088.84s best:4906  next:[2303,4905] objective_lb_search_max_lp
#Bound 4001.21s best:4906  next:[2304,4905] objective_lb_search_max_lp
#Bound 4830.48s best:4906  next:[2305,4905] objective_lb_search_max_lp
#Bound 5582.02s best:4906  next:[2308,4905] objective_lb_search_max_lp
#Bound 5950.78s best:4906  next:[2309,4905] objective_lb_search_max_lp
#Bound 7283.95s best:4906  next:[2311,4905] objective_lb_search_max_lp
#Bound 7885.74s best:4906  next:[2315,4905] objective_lb_search_max_lp
#Bound 8948.24s best:4906  next:[2317,4905] objective_lb_search_max_lp
#Bound 9231.44s best:4906  next:[2320,4905] objective_lb_search_max_lp
#Bound 9935.78s best:4906  next:[2324,4905] objective_lb_search_max_lp
#Bound 12355.32s best:4906  next:[2325,4905] objective_lb_search_max_lp
#Bound 13131.05s best:4906  next:[2326,4905] objective_lb_search_max_lp
#Bound 13304.07s best:4906  next:[2327,4905] objective_lb_search_max_lp
#Bound 13401.20s best:4906  next:[2328,4905] objective_lb_search_max_lp
#Bound 15573.49s best:4906  next:[2329,4905] objective_lb_search_max_lp
#Bound 15797.97s best:4906  next:[2331,4905] objective_lb_search_max_lp
#Bound 19023.08s best:4906  next:[2348,4905] objective_lb_search_max_lp
#184   19975.49s best:4874  next:[2348,4873] graph_dec_lns (d=1.00 s=55039 t=0.10 p=0.50 stall=4 h=auto_l0)
#Bound 20894.68s best:4874  next:[2349,4873] objective_lb_search_max_lp
#Bound 22769.52s best:4874  next:[2350,4873] objective_lb_search_max_lp
#Bound 24942.21s best:4874  next:[2351,4873] objective_lb_search_max_lp
#Bound 28071.43s best:4874  next:[2357,4873] objective_lb_search_max_lp
#Bound 31978.96s best:4874  next:[2358,4873] objective_lb_search_max_lp
#Bound 34049.61s best:4874  next:[2359,4873] objective_lb_search_max_lp
#Bound 37387.21s best:4874  next:[2360,4873] objective_lb_search_max_lp
#Bound 40073.17s best:4874  next:[2361,4873] objective_lb_search_max_lp
#Bound 43657.49s best:4874  next:[2362,4873] objective_lb_search_max_lp
#Bound 44091.17s best:4874  next:[2367,4873] objective_lb_search_max_lp
#Bound 51133.65s best:4874  next:[2368,4873] objective_lb_search_max_lp
#Bound 57043.76s best:4874  next:[2369,4873] objective_lb_search_max_lp
#Bound 59671.06s best:4874  next:[2370,4873] objective_lb_search_max_lp
#Bound 60206.59s best:4874  next:[2371,4873] objective_lb_search_max_lp
#Bound 61106.04s best:4874  next:[2372,4873] objective_lb_search_max_lp
#Bound 66018.01s best:4874  next:[2373,4873] objective_lb_search_max_lp
#Bound 70882.60s best:4874  next:[2374,4873] objective_lb_search_max_lp
#Bound 72626.31s best:4874  next:[2375,4873] objective_lb_search_max_lp
#Bound 73755.13s best:4874  next:[2377,4873] objective_lb_search_max_lp
#Bound 74943.28s best:4874  next:[2378,4873] objective_lb_search_max_lp
#Bound 77775.22s best:4874  next:[2379,4873] objective_lb_search_max_lp
#Bound 78455.94s best:4874  next:[2380,4873] objective_lb_search_max_lp
#Bound 82021.60s best:4874  next:[2381,4873] objective_lb_search_max_lp

Task timing                                  n [     min,      max]      avg      dev     time         n [     min,      max]      avg      dev    dtime
                             'core':         1 [  24.00h,   24.00h]   24.00h   0.00ns   24.00h         1 [  10.14h,   10.14h]   10.14h   0.00ns   10.14h
                       'default_lp':         1 [  24.00h,   24.00h]   24.00h   0.00ns   24.00h         1 [   1.25h,    1.25h]    1.25h   0.00ns    1.25h
                 'feasibility_pump':      5489 [298.06us,    2.41m]   15.73s    2.24s   23.99h      5487 [657.48ms,   28.59s]    1.41s 385.65ms    2.14h
                            'fixed':         1 [  24.00h,   24.00h]   24.00h   0.00ns   24.00h         1 [   1.32h,    1.32h]    1.32h   0.00ns    1.32h
                  'fj_long_default':         3 [200.51ms,    2.35s] 924.08ms    1.01s    2.77s         3 [202.27ms, 312.36ms] 248.07ms  46.80ms 744.22ms
              'fj_long_lin_default':         3 [211.30ms,    2.31s] 913.74ms 987.50ms    2.74s         3 [254.34ms, 274.05ms] 266.01ms   8.45ms 798.04ms
                   'fj_long_random':        11 [177.38ms, 662.29ms] 246.30ms 132.58ms    2.71s        11 [200.11ms, 313.95ms] 239.21ms  30.05ms    2.63s
                 'fj_short_default':        11 [192.34ms,    1.76s] 360.59ms 441.67ms    3.97s        11 [252.88ms, 294.31ms] 276.53ms  10.70ms    3.04s
             'fj_short_lin_default':         3 [214.18ms,    2.36s] 937.85ms    1.01s    2.81s         3 [249.04ms, 276.72ms] 265.44ms  11.87ms 796.31ms
              'fj_short_lin_random':         4 [214.54ms,    1.90s] 651.95ms 720.67ms    2.61s         4 [261.04ms, 265.53ms] 263.57ms   1.63ms    1.05s
                  'fj_short_random':         4 [214.36ms,    2.07s] 679.84ms 801.54ms    2.72s         4 [247.81ms, 261.59ms] 255.19ms   5.23ms    1.02s
                        'fs_random':         1 [   4.01s,    4.01s]    4.01s   0.00ns    4.01s         1 [ 40.47ms,  40.47ms]  40.47ms   0.00ns  40.47ms
                        'fs_random':         1 [   4.04s,    4.04s]    4.04s   0.00ns    4.04s         1 [ 52.95ms,  52.95ms]  52.95ms   0.00ns  52.95ms
                  'fs_random_no_lp':         1 [   4.08s,    4.08s]    4.08s   0.00ns    4.08s         1 [ 34.39ms,  34.39ms]  34.39ms   0.00ns  34.39ms
          'fs_random_quick_restart':         1 [   4.00s,    4.00s]    4.00s   0.00ns    4.00s         1 [103.42ms, 103.42ms] 103.42ms   0.00ns 103.42ms
          'fs_random_quick_restart':         1 [   4.04s,    4.04s]    4.04s   0.00ns    4.04s         1 [ 70.61ms,  70.61ms]  70.61ms   0.00ns  70.61ms
    'fs_random_quick_restart_no_lp':         1 [   4.00s,    4.00s]    4.00s   0.00ns    4.00s         1 [ 48.07ms,  48.07ms]  48.07ms   0.00ns  48.07ms
                    'graph_arc_lns':     19032 [274.23ms,   12.14s]    5.96s    1.06s   31.52h     19030 [ 10.00ns, 105.12ms]  80.06ms  26.40ms   25.39m
                    'graph_cst_lns':     19032 [312.04ms,   11.55s]    6.20s    1.20s   32.77h     19026 [ 10.00ns, 172.07ms]  75.30ms  31.54ms   23.88m
                    'graph_dec_lns':     19032 [284.05ms,   11.92s]    6.14s    1.11s   32.46h     19026 [ 10.00ns, 185.01ms]  76.76ms  29.99ms   24.34m
                    'graph_var_lns':     19032 [256.97ms,   11.37s]    5.55s    1.33s   29.34h     19021 [ 10.00ns, 183.09ms]  76.11ms  30.64ms   24.13m
                   'lb_tree_search':         1 [  24.00h,   24.00h]   24.00h   0.00ns   24.00h         1 [   8.75h,    8.75h]    8.75h   0.00ns    8.75h
                           'max_lp':         1 [  24.00h,   24.00h]   24.00h   0.00ns   24.00h         1 [   1.66h,    1.66h]    1.66h   0.00ns    1.66h
                            'no_lp':         1 [  24.00h,   24.00h]   24.00h   0.00ns   24.00h         1 [   1.12h,    1.12h]    1.12h   0.00ns    1.12h
              'objective_lb_search':         1 [  24.00h,   24.00h]   24.00h   0.00ns   24.00h         1 [   2.95h,    2.95h]    2.95h   0.00ns    2.95h
       'objective_lb_search_max_lp':         1 [  24.00h,   24.00h]   24.00h   0.00ns   24.00h         1 [   1.97h,    1.97h]    1.97h   0.00ns    1.97h
        'objective_lb_search_no_lp':         1 [  24.00h,   24.00h]   24.00h   0.00ns   24.00h         1 [  45.49m,   45.49m]   45.49m   0.00ns   45.49m
  'objective_shaving_search_max_lp':        66 [237.60ms,    1.96h]   21.81m   27.12m   23.99h        56 [ 90.58ms,    5.11m]    1.05m    1.10m   58.83m
   'objective_shaving_search_no_lp':        66 [239.25ms,    1.96h]   21.81m   27.12m   23.99h        56 [ 91.09ms,    1.37m]   18.44s   19.42s   17.21m
                          'probing':         1 [  24.00h,   24.00h]   24.00h   0.00ns   24.00h         1 [   3.13h,    3.13h]    3.13h   0.00ns    3.13h
                   'probing_max_lp':         1 [  24.00h,   24.00h]   24.00h   0.00ns   24.00h         1 [   2.48h,    2.48h]    2.48h   0.00ns    2.48h
                     'pseudo_costs':         1 [  24.00h,   24.00h]   24.00h   0.00ns   24.00h         1 [   1.88h,    1.88h]    1.88h   0.00ns    1.88h
                    'quick_restart':         1 [  24.00h,   24.00h]   24.00h   0.00ns   24.00h         1 [   3.31h,    3.31h]    3.31h   0.00ns    3.31h
              'quick_restart_no_lp':         1 [  24.00h,   24.00h]   24.00h   0.00ns   24.00h         1 [   1.08h,    1.08h]    1.08h   0.00ns    1.08h
                    'reduced_costs':         1 [  24.00h,   24.00h]   24.00h   0.00ns   24.00h         1 [   2.43h,    2.43h]    2.43h   0.00ns    2.43h
                        'rins/rens':     19033 [  1.45ms,    7.41s]    1.56s 992.19ms    8.24h     16655 [ 10.00ns, 124.19ms]  75.10ms  45.69ms   20.85m
                      'rnd_cst_lns':     19032 [268.85ms,   10.77s]    6.21s    1.21s   32.83h     19017 [ 10.00ns, 200.34ms]  75.38ms  31.50ms   23.89m
                      'rnd_var_lns':     19032 [144.74ms,   11.36s]    6.08s    1.12s   32.16h     19025 [ 10.00ns, 200.53ms]  76.42ms  30.32ms   24.23m
         'scheduling_intervals_lns':     19032 [291.07ms,   10.61s]    8.41s 371.03ms   44.45h     19030 [  4.27ms, 101.07ms] 100.26ms 740.29us   31.80m
       'scheduling_precedences_lns':     19032 [207.57ms,   11.25s]    8.44s 394.05ms   44.64h     19029 [100.00ms, 101.10ms] 100.26ms 252.80us   31.80m
       'scheduling_time_window_lns':     19032 [261.02ms,   11.41s]    8.41s 373.88ms   44.46h     19031 [  4.27ms, 101.07ms] 100.25ms 971.17us   31.80m
                     'violation_ls':     19033 [  8.59ms, 695.71ms] 279.83ms  59.43ms    1.48h     19033 [560.00ns, 602.77ms] 301.25ms  62.56ms    1.59h
                     'violation_ls':     19033 [  8.87ms, 847.49ms] 284.68ms  74.93ms    1.51h     19033 [  1.10us, 589.53ms] 305.67ms  84.66ms    1.62h

Search stats                         Bools  Conflicts    Branches   Restarts      BoolPropag   IntegerPropag
                           'core':  25'935  2'444'259   3'543'231     46'530  15'081'331'739  21'185'104'237
                     'default_lp':  12'005    359'661   4'971'132    463'055     489'793'589  10'244'838'710
                          'fixed':   3'362  1'764'448   1'780'455      2'014     631'091'247  16'941'688'596
                      'fs_random':     431          0         878        862              61         305'275
                      'fs_random':     431          0         880        862              48         307'674
                'fs_random_no_lp':     456         10         887        862             864         438'977
        'fs_random_quick_restart':     431          0         886        862              48         309'724
        'fs_random_quick_restart':     431          1         887        862              51         316'621
  'fs_random_quick_restart_no_lp':     431          1       1'278        862              57         539'261
                 'lb_tree_search':     522      1'457  13'314'571  2'982'539      47'855'710  18'236'084'871
                         'max_lp':   2'693    507'721   4'992'880    745'735     287'540'189  13'806'316'461
                          'no_lp':   6'735    818'864   6'077'404    412'195     787'563'396  14'854'775'597
            'objective_lb_search':   1'372    229'065   6'890'211  2'124'710      78'708'476  12'062'492'328
     'objective_lb_search_max_lp':   1'408    302'897   4'151'472  1'062'650     119'543'734  11'517'216'765
      'objective_lb_search_no_lp':   1'052    334'441   2'768'328    826'898      43'252'780  10'430'861'356
                        'probing':  11'774     10'313      20'483     17'323       4'735'934      99'238'612
                 'probing_max_lp':  11'774     10'322      30'356     22'254       5'088'770     101'795'109
                   'pseudo_costs':     563    471'271   4'904'632  1'493'098      47'032'508  14'706'479'726
                  'quick_restart':  15'537    178'845  13'953'918    334'174   1'203'864'505  11'242'244'685
            'quick_restart_no_lp':  22'129    639'981   7'133'289    135'691   2'358'390'500  14'310'819'738
                  'reduced_costs':  99'661    773'358   7'877'173    236'008   8'833'107'744  14'429'338'993

SAT stats                           ClassicMinim  LitRemoved  LitLearned  LitForgotten  Subsumed   MClauses  MDecisions  MLitTrue  MSubsumed  MLitRemoved  MReused
                           'core':     2'362'813  65'824'393  39'794'157    19'429'284     1'843     17'409      91'680         0        426        3'339      315
                     'default_lp':       303'827   2'000'246  10'216'986     8'653'978     2'101    145'176   1'036'239         0      6'182       38'566   23'890
                          'fixed':     1'157'075   7'243'749  62'432'908    61'655'602     6'181        266       2'370         0        177        1'494       16
                      'fs_random':             0           0           0             0         0          0           0         0          0            0        0
                      'fs_random':             0           0           0             0         0          0           0         0          0            0        0
                'fs_random_no_lp':             0           0          75             0         0          0           0         0          0            0        0
        'fs_random_quick_restart':             0           0           0             0         0          0           0         0          0            0        0
        'fs_random_quick_restart':             0           0           2             0         0          0           0         0          0            0        0
  'fs_random_quick_restart_no_lp':             0           0           2             0         0          0           0         0          0            0        0
                 'lb_tree_search':             5          31       4'779             0         0  1'185'816   5'963'808         0        268        1'052   96'846
                         'max_lp':       394'699   2'252'483  12'968'837    11'986'797     4'760    203'634   1'568'610         0      8'074       54'433   28'745
                          'no_lp':       724'041   4'628'117  15'685'737    14'135'286     4'899     61'978     571'450         0      7'788       54'953   12'237
            'objective_lb_search':       207'185   2'814'192   5'270'682     2'019'699     2'528    765'109   4'205'612         0        317        1'559   78'956
     'objective_lb_search_max_lp':       270'878   1'730'930   3'577'292       910'986     2'910    139'648   1'560'261         0     10'465       81'797   37'050
      'objective_lb_search_no_lp':       314'586   4'715'764   8'544'237     4'379'728     2'124    312'682   1'627'849         0        256        1'233   35'162
                        'probing':             0           0      10'313             0         0          0           0         0          0            0        0
                 'probing_max_lp':             0           0      10'322             0         0          0           0         0          0            0        0
                   'pseudo_costs':       418'624   3'180'488  11'699'870    10'412'540     2'844    507'746   3'036'114         0      1'030        4'751   50'199
                  'quick_restart':       135'216   1'025'753   5'035'473     3'763'544     2'745    116'838   1'508'432         0     21'076      192'145   25'548
            'quick_restart_no_lp':       522'447   5'045'385  21'109'991    18'133'843     2'872     38'941     446'265         3     23'019      223'969    4'561
                  'reduced_costs':       600'490   5'075'450  20'836'866    18'773'155     8'786    121'772     983'328        42     33'267      215'286   25'766

Lp stats                         Component  Iterations  AddedCuts    OPTIMAL    DUAL_F.  DUAL_U.
                  'default_lp':          1  10'526'511    519'570    990'867        428       75
                       'fixed':          1   2'929'354      4'014  1'897'508          0        0
                   'fs_random':          1       3'554        573         35          0        0
                   'fs_random':          1       3'966        585         39          0        0
     'fs_random_quick_restart':          1       4'534        638         47          0        0
     'fs_random_quick_restart':          1       5'423        600         57          1        0
              'lb_tree_search':          1  82'544'221    329'563    213'864  7'719'215        1
                      'max_lp':          1  14'238'764    356'080    374'553  1'209'544        2
         'objective_lb_search':          1  37'028'473  1'152'873  1'208'408     10'987       21
  'objective_lb_search_max_lp':          1  11'461'187     44'561      7'753    958'049        0
                     'probing':          1   5'064'255    890'550     64'902      1'913        1
              'probing_max_lp':          1   2'361'819    261'656     72'252     12'429        2
                'pseudo_costs':          1  15'994'915    603'827    622'735  1'261'048       11
               'quick_restart':          1  39'300'589  3'555'284  1'205'522     14'775        1
               'reduced_costs':          1  16'141'219  1'091'579    801'456  1'230'725       19

Lp dimension                                                                        Final dimension of first component
                  'default_lp':  5680 rows, 6042 columns, 21030 entries with magnitude in [7.373100e-03, 1.000000e+00]
                       'fixed':  5498 rows, 6042 columns, 20059 entries with magnitude in [9.692095e-03, 1.000000e+00]
                   'fs_random':   1800 rows, 6042 columns, 7246 entries with magnitude in [2.658409e-02, 1.000000e+00]
                   'fs_random':   1900 rows, 6042 columns, 7606 entries with magnitude in [2.658409e-02, 1.000000e+00]
     'fs_random_quick_restart':   2100 rows, 6042 columns, 8277 entries with magnitude in [2.658409e-02, 1.000000e+00]
     'fs_random_quick_restart':   2400 rows, 6042 columns, 9375 entries with magnitude in [2.658409e-02, 1.000000e+00]
              'lb_tree_search':  8587 rows, 6057 columns, 39103 entries with magnitude in [1.730912e-04, 1.000000e+00]
                      'max_lp':  6901 rows, 6057 columns, 26528 entries with magnitude in [2.554852e-04, 1.000000e+00]
         'objective_lb_search':  5993 rows, 6042 columns, 22180 entries with magnitude in [3.806593e-03, 1.000000e+00]
  'objective_lb_search_max_lp':  7912 rows, 6057 columns, 32588 entries with magnitude in [1.078370e-03, 1.000000e+00]
                     'probing':  8350 rows, 6042 columns, 39367 entries with magnitude in [1.639268e-05, 1.000000e+00]
              'probing_max_lp':  7638 rows, 6057 columns, 34714 entries with magnitude in [2.953819e-04, 1.000000e+00]
                'pseudo_costs':  6628 rows, 6057 columns, 25650 entries with magnitude in [2.738627e-04, 1.000000e+00]
               'quick_restart':  6885 rows, 6042 columns, 26468 entries with magnitude in [1.380436e-03, 1.000000e+00]
               'reduced_costs':  6054 rows, 6057 columns, 22649 entries with magnitude in [4.405645e-03, 1.000000e+00]

Lp debug                         CutPropag  CutEqPropag     Adjust  Overflow            Bad  BadScaling
                  'default_lp':         18           71     97'637         0     18'499'069           0
                       'fixed':          0            0          0         0         77'345           0
                   'fs_random':          0            0          0         0          3'531           0
                   'fs_random':          0            0          0         0          3'558           0
     'fs_random_quick_restart':          0            0          0         0          2'269           0
     'fs_random_quick_restart':          0            0          0         0          3'534           0
              'lb_tree_search':        106          194  7'887'618         0     84'504'378           0
                      'max_lp':         90          147    335'192         0     30'815'963           0
         'objective_lb_search':         53          186    684'180         0     44'642'287           0
  'objective_lb_search_max_lp':         35          147    943'382         0     26'933'949           0
                     'probing':        588        3'689     66'374         0  1'479'136'935           0
              'probing_max_lp':        766        1'150     84'678         0  1'698'417'902           0
                'pseudo_costs':        136          374    840'469         0     49'881'208           0
               'quick_restart':        281        1'142    534'833         0    306'104'216           0
               'reduced_costs':        197          323  1'095'857         0     94'432'769           0

Lp pool                          Constraints  Updates  Simplif  Merged  Shortened      Split  Strenghtened            Cuts/Call
                  'default_lp':       16'263    2'145    9'892      31          0     42'600        45'058    519'570/1'720'427
                       'fixed':       10'738        3      168       0          0          4           437         4'014/91'537
                   'fs_random':        7'297        0        0       0          0          0           113            573/2'332
                   'fs_random':        7'309        0        0       0          0          0           113            585/2'436
     'fs_random_quick_restart':        7'324        0        0       0          0          0           112            600/2'457
     'fs_random_quick_restart':        7'362        0        0       0          0          0           113            638/2'651
              'lb_tree_search':       74'798    5'688  662'908      49          0    566'769       726'403      329'563/828'236
                      'max_lp':       74'324    3'212  509'815      40          0    183'256       562'413      356'080/836'984
         'objective_lb_search':       16'572    7'011   21'020      25          0    189'882        95'794  1'152'873/3'633'229
  'objective_lb_search_max_lp':       74'828    2'001  653'484      17          0    191'254       661'786        44'561/94'005
                     'probing':       16'266   96'630    7'954       8          0  1'170'964       170'583    890'550/1'567'211
              'probing_max_lp':       74'913   30'489  651'411      27          0  4'290'587       701'564      261'656/576'751
                'pseudo_costs':       75'080    5'712  630'766      31          0    310'550       724'818    603'827/1'293'342
               'quick_restart':       15'907   32'081   16'966     101          0  2'285'260       322'934  3'555'284/7'247'213
               'reduced_costs':       74'821    8'976  647'731      42          0  1'363'278       793'897  1'091'579/2'293'645

Lp Cut                                                      fs_ran  fs_ran  fs_ran  fs_ran   defaul  fixed   max_lp     quick_   reduce   pseudo  lb_tre   probin   object  probin  object
                                                    CG_FF:      41      34      41      41   27'683    161   19'556     74'335   62'557   34'120  11'129   26'446   32'839   2'859   1'313
                                                     CG_K:      47      39      47      47   23'373    140   22'000     47'444   71'047   39'118  11'671   14'804   23'751   2'246   1'403
                                                    CG_KL:       -       -       -       -      268      -       25        288      226       81       4      251      210       1       -
                                                     CG_R:      33      27      33      33   13'636    106    9'961     43'797   32'417   18'498   5'463   20'229   14'822   2'218     773
                                                    CG_RB:       6       6       6       6   54'137    290   36'261    167'828  113'432   73'567  24'962   89'790   84'119   4'323   2'233
                                                   CG_RBP:       2       2       2       2    5'550      7    6'033     15'998   18'932   12'565   4'525    6'997    7'058     695     431
                                                   Clique:       -       -       -       -        -      -    4'793          -   17'113   10'506   1'324        -        -   1'088     289
                                                       IB:     173     284     189     240  260'881  2'470  112'116  2'022'927  330'558  178'141  92'846  126'394  708'502  44'581   7'683
                                                 MIR_1_FF:      92      69      93      94   14'263    137   12'747    102'013   44'558   22'349  11'575   33'044   29'912  18'633   1'803
                                                  MIR_1_K:      17      14      17      17    2'104     27    1'902     13'962    6'437    3'232   1'960    2'833    4'165   1'415     207
                                                 MIR_1_KL:       -       -       -       -      837      -      775      4'667    2'072      884     617    2'021    1'142   1'519      77
                                                  MIR_1_R:      30      21      30      30    3'086     33    1'911     17'185    7'646    3'642   1'821   10'900    4'969   3'198     447
                                                 MIR_1_RB:      27      15      26      26   23'817    120   34'067    239'767  100'140   52'518  39'626   98'858   54'062  29'499   5'839
                                                MIR_1_RBP:       1       1       1       1    2'307     12    9'078     26'626   27'279   14'968   9'152    8'688    6'016   3'838   1'175
                                                MIR_1_RLT:       -       -       -       -        -      -      261          -      858      570     130        -        -     247      41
                                                 MIR_2_FF:      11       8      14      11    9'959     59    7'168     60'937   24'934   13'232   7'130   19'261   19'227  10'391   1'407
                                                  MIR_2_K:      19      14      19      16    1'925     29    1'754      9'569    5'645    3'081   1'746    2'197    3'285   1'479     261
                                                 MIR_2_KL:       -       -       -       -      537      -      581      3'414    1'516      591     431    1'384      691   1'285      49
                                                  MIR_2_R:       2       3       3       3    2'066     17    1'484     14'454    5'605    3'111   2'215   14'916    3'838   5'331     526
                                                 MIR_2_RB:      24      23      22      21   14'749     79   13'393    146'772   40'537   22'256  17'612   68'051   31'933  16'240   2'475
                                                MIR_2_RBP:       -       -       -       -    1'818      9    3'154     16'422    9'166    5'372   3'265    6'183    3'821   2'236     452
                                                 MIR_3_FF:       9       7       8      10    6'010     41    4'299     37'847   14'213    8'075   4'005   12'877   11'056   4'847     751
                                                  MIR_3_K:       9       5       8      10    1'400     10    1'378      5'957    4'061    2'301   1'354    1'603    2'185   1'227     226
                                                 MIR_3_KL:       -       -       -       -      366      -      390      2'881    1'082      412     436    1'196      628     854      55
                                                  MIR_3_R:       3       2       2       3    1'210     13      887     11'478    3'007    1'669   1'777   10'845    2'360   3'201     350
                                                 MIR_3_RB:      10      10       8      10    8'529     47    7'004     84'188   20'864   11'950   8'864   45'247   18'193   8'583   1'320
                                                MIR_3_RBP:       2       1       1       2    1'089      8    1'594     10'869    4'657    2'732   1'901    4'188    2'572   1'210     253
                                                 MIR_4_FF:       1       1       2       2    3'898     23    2'373     24'172    7'852    4'276   2'320    8'502    7'199   2'894     435
                                                  MIR_4_K:       1       1       1       1    1'017      6      790      4'500    2'490    1'346     742    1'443    1'573     912     128
                                                 MIR_4_KL:       -       -       -       -      220      -      254      1'747      762      266     403      976      318     786      41
                                                  MIR_4_R:       -       -       -       -      788      4      445      6'422    1'592      763     918    6'447    1'549   1'496     187
                                                 MIR_4_RB:       -       1       1       1    5'511     34    3'617     49'687   10'946    6'087   4'247   27'931   11'513   4'999     621
                                                MIR_4_RBP:       -       -       -       -      522      2      734      5'550    2'060    1'235   1'043    2'432    1'368     787     141
                                                 MIR_5_FF:       -       -       1       2    2'313     17    1'195     15'385    4'202    2'375   1'284    5'735    4'850   1'709     224
                                                  MIR_5_K:       2       1       1       1      617      1      437      3'186    1'594      869     497    1'075    1'191     549      75
                                                 MIR_5_KL:       -       -       -       -      222      -      207      1'817      733      321     435    1'320      285     765      32
                                                  MIR_5_R:       -       -       -       -      400      2      214      3'778      817      381     480    3'456    1'246     822      92
                                                 MIR_5_RB:       -       -       -       -    3'318     18    1'985     31'965    6'030    3'474   2'347   19'465    7'603   2'899     337
                                                MIR_5_RBP:       -       -       -       -      263      -      332      2'867    1'051      553     633    1'372      688     509      79
                                                 MIR_6_FF:       -       -       -       -    1'423      5      707      9'661    2'252    1'162     822    4'264    3'041   1'133     130
                                                  MIR_6_K:       -       -       1       1      351      1      296      2'426    1'018      553     321    1'020      833     389      64
                                                 MIR_6_KL:       -       -       -       -      193      -      217      2'183      851      320     606    2'643      444   1'037      83
                                                  MIR_6_R:       -       -       -       -      240      -      125      1'820      440      180     286    2'125      788     487      59
                                                 MIR_6_RB:       -       -       -       -    2'198     14    1'178     21'813    3'629    1'976   1'493   15'529    5'398   2'109     250
                                                MIR_6_RBP:       -       -       -       -      157      -      176      1'746      704      310     476    1'099      492     439      67
         NoOverlapCompletionTimeExhaustiveMirror_weighted:       -       -       -       -        -      -        4          -       20        6       -        -        -       -       -
  NoOverlapCompletionTimeExhaustiveMirror_weighted_lifted:       -       -       -       -        -      -        1          -        -        -       -        -        -       -       -
               NoOverlapCompletionTimeExhaustive_weighted:       -       -       -       -        -      -       12          -       45       13      12        -        -       -       -
        NoOverlapCompletionTimeExhaustive_weighted_lifted:       -       -       -       -        -      -      363          -    1'432      824      67        -        -       4      20
                          NoOverlapCompletionTimeQueyrane:       -       -       -       -        -      -      134          -      509      239      76        -        -       7      15
                   NoOverlapCompletionTimeQueyrane_lifted:       -       -       -       -        -      -      483          -    1'963    1'004     409        -        -       6      34
                                NoOverlapDisjunctionOnEnd:       -       -       -       -        -      -       14          -       79       13       -        -        -       -       2
                              NoOverlapDisjunctionOnStart:       -       -       -       -        -      -      447          -    1'614    1'182       5        -        -       5      27
                                             ZERO_HALF_FF:       7       5       3       2    3'350     25    3'517     14'973   10'280    5'635   1'932    5'637    5'261   1'426     464
                                              ZERO_HALF_K:       4       4       -       2    1'516     10    2'966      3'791    8'501    4'673   1'679      838    1'897     597     272
                                             ZERO_HALF_KL:       -       -       -       -       26      -        1         27       10        5       1        4       24       1       -
                                              ZERO_HALF_R:       -       -       -       -    3'806     13    9'322    120'410   22'759   10'428  28'902  114'173   12'801  52'030   6'546
                                             ZERO_HALF_RB:       -       2       5       3    4'666     22    7'147     33'178   19'958   10'789   7'293   22'811    9'042   4'799   1'225
                                            ZERO_HALF_RBP:       -       -       -       -      955      2    1'815     10'555    4'827    3'028   2'293   11'050    2'113   4'816   1'072

LNS stats                        Improv/Calls  Closed  Difficulty  TimeLimit
               'graph_arc_lns':    7208/19030     50%        1.00       0.10
               'graph_cst_lns':    7858/19030     50%        1.00       0.10
               'graph_dec_lns':    7470/19030     50%        1.00       0.10
               'graph_var_lns':    8304/19030     50%        1.00       0.10
                   'rins/rens':    2378/17753     50%        0.93       0.12
                 'rnd_cst_lns':    7860/19030     50%        1.00       0.10
                 'rnd_var_lns':    7457/19030     50%        1.00       0.10
    'scheduling_intervals_lns':   19030/19030      0%        0.00       0.10
  'scheduling_precedences_lns':   19029/19029      0%        0.00       0.10
  'scheduling_time_window_lns':   19031/19031      0%        0.00       0.10

LS stats                   Batches  Restarts     LinMoves    GenMoves  CompoundMoves  WeightUpdates
       'fj_long_default':        3         1       29'932           0              0             68
   'fj_long_lin_default':        3         1            0       4'237            820              0
        'fj_long_random':       11         1      109'793           0              0            207
      'fj_short_default':       11         1            0      15'571          2'656              1
  'fj_short_lin_default':        3         1            0       5'246          1'066              0
   'fj_short_lin_random':        4         1            0       6'142          1'378              0
       'fj_short_random':        4         1            0       5'859          1'331              0
          'violation_ls':   19'033         0  104'291'703   9'113'806        402'226      1'556'356
          'violation_ls':   19'033         0   77'797'287  10'934'171        463'865        488'320

Solutions (184)           Num      Rank
        'graph_arc_lns':   14  [44,183]
        'graph_cst_lns':    8  [55,173]
        'graph_dec_lns':   17   [9,184]
        'graph_var_lns':    9  [12,178]
                'no_lp':    4    [1,45]
  'quick_restart_no_lp':   27  [19,181]
          'rins_lp_lns':    8  [13,176]
        'rins_pump_lns':   11  [79,179]
          'rnd_cst_lns':   12  [11,182]
          'rnd_var_lns':   16   [8,171]
         'violation_ls':   58   [2,177]

Objective bounds                      Num
                            'fixed':    1
                   'initial_domain':    1
              'objective_lb_search':    1
       'objective_lb_search_max_lp':   58
        'objective_lb_search_no_lp':    1
  'objective_shaving_search_max_lp':    2
                     'pseudo_costs':    4
                    'reduced_costs':    6

Solution repositories      Added  Queried  Ignored  Synchro
  'feasible solutions':   83'691  433'074        0   82'740
        'lp solutions':   36'245    9'558        0   35'714
                'pump':  113'923    9'475

Improving bounds shared             Num
                        'core':   1'233
                  'default_lp':   1'834
              'lb_tree_search':     484
                      'max_lp':   1'044
                       'no_lp':     460
         'objective_lb_search':      60
  'objective_lb_search_max_lp':     367
                     'probing':  30'405
              'probing_max_lp':  68'720
                'pseudo_costs':   1'349
               'quick_restart':   1'306
         'quick_restart_no_lp':   1'353
               'reduced_costs':   2'156

Clauses shared                      Num
                           'core':    7
                     'default_lp':   47
        'fs_random_quick_restart':    1
  'fs_random_quick_restart_no_lp':    1
                 'lb_tree_search':   10
                         'max_lp':   18
                          'no_lp':   18
            'objective_lb_search':   13
     'objective_lb_search_max_lp':   11
      'objective_lb_search_no_lp':    9
                   'pseudo_costs':   74
                  'quick_restart':   17
            'quick_restart_no_lp':   48
                  'reduced_costs':    4

CpSolverResponse summary:
status: FEASIBLE
objective: 4874
best_bound: 2381
integers: 6049
booleans: 431
conflicts: 1
branches: 1278
propagations: 57
integer_propagations: 539261
restarts: 862
lp_iterations: 0
walltime: 86401.9
usertime: 86401.9
deterministic_time: 198797
gap_integral: 1.55546e+06
solution_fingerprint: 0x7d9cb08937652e50


--- Simulation Gantt  partir du modle mathmatique ---
