created virtual environment CPython3.12.4.final.0-64 in 11045ms
  creator CPython3Posix(dest=/localscratch/aneumann.63393222.0/env, clear=False, no_vcs_ignore=False, global=False)
  seeder FromAppData(download=False, pip=bundle, via=copy, app_data_dir=/home/aneumann/.local/share/virtualenv)
    added seed packages: pip==25.1.1
  activators BashActivator,CShellActivator,FishActivator,NushellActivator,PowerShellActivator,PythonActivator
Looking in links: /cvmfs/soft.computecanada.ca/custom/python/wheelhouse/gentoo2023/x86-64-v3, /cvmfs/soft.computecanada.ca/custom/python/wheelhouse/gentoo2023/generic, /cvmfs/soft.computecanada.ca/custom/python/wheelhouse/generic
Requirement already satisfied: pip in /localscratch/aneumann.63393222.0/env/lib/python3.12/site-packages (25.1.1)
Looking in links: /cvmfs/soft.computecanada.ca/custom/python/wheelhouse/gentoo2023/x86-64-v3, /cvmfs/soft.computecanada.ca/custom/python/wheelhouse/gentoo2023/generic, /cvmfs/soft.computecanada.ca/custom/python/wheelhouse/generic
ERROR: protobuf-5.28.3-cp38-abi3-manylinux2014_x86_64.whl is not a supported wheel on this platform.
Looking in links: /cvmfs/soft.computecanada.ca/custom/python/wheelhouse/gentoo2023/x86-64-v3, /cvmfs/soft.computecanada.ca/custom/python/wheelhouse/gentoo2023/generic, /cvmfs/soft.computecanada.ca/custom/python/wheelhouse/generic
Processing /home/aneumann/projects/def-adhaj/aneumann/GNRS/wheels/immutabledict-4.2.0-py3-none-any.whl
Installing collected packages: immutabledict
Successfully installed immutabledict-4.2.0
Looking in links: /cvmfs/soft.computecanada.ca/custom/python/wheelhouse/gentoo2023/x86-64-v3, /cvmfs/soft.computecanada.ca/custom/python/wheelhouse/gentoo2023/generic, /cvmfs/soft.computecanada.ca/custom/python/wheelhouse/generic
Processing /cvmfs/soft.computecanada.ca/custom/python/wheelhouse/generic/ortools-9.10.4067+computecanada-cp312-cp312-linux_x86_64.whl (from -r /home/aneumann/projects/def-adhaj/aneumann/GNRS/requirements/or.txt (line 1))
Processing /cvmfs/soft.computecanada.ca/custom/python/wheelhouse/gentoo2023/x86-64-v3/matplotlib-3.10.0+computecanada-cp312-cp312-linux_x86_64.whl (from -r /home/aneumann/projects/def-adhaj/aneumann/GNRS/requirements/or.txt (line 2))
Processing /cvmfs/soft.computecanada.ca/custom/python/wheelhouse/gentoo2023/x86-64-v3/pandas-2.2.3+computecanada-cp312-cp312-linux_x86_64.whl (from -r /home/aneumann/projects/def-adhaj/aneumann/GNRS/requirements/or.txt (line 3))
Processing /cvmfs/soft.computecanada.ca/custom/python/wheelhouse/generic/absl_py-2.2.2+computecanada-py3-none-any.whl (from ortools<9.11,>=9.10->-r /home/aneumann/projects/def-adhaj/aneumann/GNRS/requirements/or.txt (line 1))
Processing /cvmfs/soft.computecanada.ca/custom/python/wheelhouse/gentoo2023/generic/numpy-2.2.2+computecanada-cp312-cp312-linux_x86_64.whl (from ortools<9.11,>=9.10->-r /home/aneumann/projects/def-adhaj/aneumann/GNRS/requirements/or.txt (line 1))
Processing /cvmfs/soft.computecanada.ca/custom/python/wheelhouse/gentoo2023/x86-64-v3/protobuf-6.30.2+computecanada-cp312-cp312-linux_x86_64.whl (from ortools<9.11,>=9.10->-r /home/aneumann/projects/def-adhaj/aneumann/GNRS/requirements/or.txt (line 1))
Requirement already satisfied: immutabledict>=3.0.0 in /localscratch/aneumann.63393222.0/env/lib/python3.12/site-packages (from ortools<9.11,>=9.10->-r /home/aneumann/projects/def-adhaj/aneumann/GNRS/requirements/or.txt (line 1)) (4.2.0)
Processing /cvmfs/soft.computecanada.ca/custom/python/wheelhouse/gentoo2023/generic/contourpy-1.3.1+computecanada-cp312-cp312-linux_x86_64.whl (from matplotlib->-r /home/aneumann/projects/def-adhaj/aneumann/GNRS/requirements/or.txt (line 2))
Processing /cvmfs/soft.computecanada.ca/custom/python/wheelhouse/generic/cycler-0.12.1+computecanada-py3-none-any.whl (from matplotlib->-r /home/aneumann/projects/def-adhaj/aneumann/GNRS/requirements/or.txt (line 2))
Processing /cvmfs/soft.computecanada.ca/custom/python/wheelhouse/generic/fonttools-4.58.2+computecanada-cp312-cp312-linux_x86_64.whl (from matplotlib->-r /home/aneumann/projects/def-adhaj/aneumann/GNRS/requirements/or.txt (line 2))
Processing /cvmfs/soft.computecanada.ca/custom/python/wheelhouse/gentoo2023/x86-64-v3/kiwisolver-1.4.8+computecanada-cp312-cp312-linux_x86_64.whl (from matplotlib->-r /home/aneumann/projects/def-adhaj/aneumann/GNRS/requirements/or.txt (line 2))
Processing /cvmfs/soft.computecanada.ca/custom/python/wheelhouse/generic/packaging-25.0+computecanada-py3-none-any.whl (from matplotlib->-r /home/aneumann/projects/def-adhaj/aneumann/GNRS/requirements/or.txt (line 2))
Processing /cvmfs/soft.computecanada.ca/custom/python/wheelhouse/gentoo2023/x86-64-v3/pillow-11.1.0+computecanada-cp312-cp312-linux_x86_64.whl (from matplotlib->-r /home/aneumann/projects/def-adhaj/aneumann/GNRS/requirements/or.txt (line 2))
Processing /cvmfs/soft.computecanada.ca/custom/python/wheelhouse/generic/pyparsing-3.2.1+computecanada-py3-none-any.whl (from matplotlib->-r /home/aneumann/projects/def-adhaj/aneumann/GNRS/requirements/or.txt (line 2))
Processing /cvmfs/soft.computecanada.ca/custom/python/wheelhouse/generic/python_dateutil-2.9.0.post0+computecanada-py2.py3-none-any.whl (from matplotlib->-r /home/aneumann/projects/def-adhaj/aneumann/GNRS/requirements/or.txt (line 2))
Processing /cvmfs/soft.computecanada.ca/custom/python/wheelhouse/generic/pytz-2025.2+computecanada-py2.py3-none-any.whl (from pandas->-r /home/aneumann/projects/def-adhaj/aneumann/GNRS/requirements/or.txt (line 3))
Processing /cvmfs/soft.computecanada.ca/custom/python/wheelhouse/generic/tzdata-2025.2+computecanada-py2.py3-none-any.whl (from pandas->-r /home/aneumann/projects/def-adhaj/aneumann/GNRS/requirements/or.txt (line 3))
Processing /cvmfs/soft.computecanada.ca/custom/python/wheelhouse/generic/six-1.17.0+computecanada-py2.py3-none-any.whl (from python-dateutil>=2.7->matplotlib->-r /home/aneumann/projects/def-adhaj/aneumann/GNRS/requirements/or.txt (line 2))
Installing collected packages: pytz, tzdata, six, pyparsing, protobuf, pillow, packaging, numpy, kiwisolver, fonttools, cycler, absl-py, python-dateutil, contourpy, pandas, matplotlib, ortools

Successfully installed absl-py-2.2.2+computecanada contourpy-1.3.1+computecanada cycler-0.12.1+computecanada fonttools-4.58.2+computecanada kiwisolver-1.4.8+computecanada matplotlib-3.10.0+computecanada numpy-2.2.2+computecanada ortools-9.10.4067+computecanada packaging-25.0+computecanada pandas-2.2.3+computecanada pillow-11.1.0+computecanada protobuf-6.30.2+computecanada pyparsing-3.2.1+computecanada python-dateutil-2.9.0.post0+computecanada pytz-2025.2+computecanada six-1.17.0+computecanada tzdata-2025.2+computecanada

Starting CP-SAT solver v9.10.4067
Parameters: max_time_in_seconds: 3600 max_memory_in_mb: 12000 log_search_progress: true enumerate_all_solutions: false absolute_gap_limit: 0 relative_gap_limit: 0
Setting number of workers to 48

Initial optimization model '': (model_fingerprint: 0x175970f73158613a)
#Variables: 505 (#ints: 11 in objective)
  - 380 Booleans in [0,1]
  - 125 in [0,853]
#kLinear1: 58
#kLinear2: 1'040
#kLinear3: 312
#kLinearN: 7'250 (#terms: 134'974)

Starting presolve at 0.00s
  7.91e-03s  0.00e+00d  [DetectDominanceRelations] 
  1.58e-01s  0.00e+00d  [PresolveToFixPoint] #num_loops=6 #num_dual_strengthening=3 
  8.34e-05s  0.00e+00d  [ExtractEncodingFromLinear] #potential_supersets=6 
[Symmetry] Graph for symmetry has 8'537 nodes and 112'816 arcs.
[Symmetry] Symmetry computation done. time: 0.0084122 dtime: 0.0102074
[Symmetry] #generators: 1, average support size: 32
[Symmetry] The model contains 642 duplicate constraints !
[Symmetry] 16 orbits with sizes: 2,2,2,2,2,2,2,2,2,2,...
[Symmetry] Num fixable by intersecting at_most_one with orbits: 1 largest_orbit: 2
  4.96e-02s  7.37e-03d  [Probe] #probed=594 #fixed_bools=6 #new_bounds=19 #equiv=1 
  1.16e-04s  0.00e+00d  [MaxClique] Merged 7(14 literals) into 5(10 literals) at_most_ones. 
  7.95e-03s  0.00e+00d  [DetectDominanceRelations] 
  7.98e-02s  0.00e+00d  [PresolveToFixPoint] #num_loops=4 #num_dual_strengthening=3 
  2.87e-02s  0.00e+00d  [ProcessAtMostOneAndLinear] 
  9.60e-03s  0.00e+00d  [DetectDuplicateConstraints] #duplicates=750 #without_enforcements=56 
  9.94e-03s  4.51e-04d  [DetectDominatedLinearConstraints] #relevant_constraints=6'373 #num_inclusions=1'481 #num_redundant=4 
  1.24e-03s  0.00e+00d  [DetectDifferentVariables] #different=58 
  2.74e-03s  1.79e-04d  [ProcessSetPPC] #relevant_constraints=5'896 
  1.09e-04s  0.00e+00d  [FindAlmostIdenticalLinearConstraints] 
  1.15e-03s  1.01e-03d  [FindBigAtMostOneAndLinearOverlap] 
  4.56e-02s  1.34e-02d  [FindBigVerticalLinearOverlap] #blocks=107 #saved_nz=22'715 
  1.52e-03s  3.88e-04d  [FindBigHorizontalLinearOverlap] #linears=5'726 
  7.08e-05s  0.00e+00d  [MergeClauses] 
  8.10e-03s  0.00e+00d  [DetectDominanceRelations] 
  8.21e-02s  0.00e+00d  [PresolveToFixPoint] #num_loops=2 #num_dual_strengthening=1 
  8.09e-03s  0.00e+00d  [DetectDominanceRelations] 
  4.91e-02s  0.00e+00d  [PresolveToFixPoint] #num_loops=1 #num_dual_strengthening=1 
[Symmetry] Graph for symmetry has 8'096 nodes and 87'699 arcs.
[Symmetry] Symmetry computation done. time: 0.00309388 dtime: 0.00504771
  4.55e-02s  6.23e-03d  [Probe] #probed=582 #new_bounds=110 
  8.63e-05s  0.00e+00d  [MaxClique] 
  7.99e-03s  0.00e+00d  [DetectDominanceRelations] 
  9.09e-02s  0.00e+00d  [PresolveToFixPoint] #num_loops=4 #num_dual_strengthening=3 
  2.66e-02s  0.00e+00d  [ProcessAtMostOneAndLinear] 
  8.20e-03s  0.00e+00d  [DetectDuplicateConstraints] #without_enforcements=56 
  7.31e-03s  3.43e-04d  [DetectDominatedLinearConstraints] #relevant_constraints=6'315 #num_inclusions=155 
  1.24e-03s  0.00e+00d  [DetectDifferentVariables] #different=68 #cliques=2 #size=6 
  2.39e-03s  1.32e-04d  [ProcessSetPPC] #relevant_constraints=5'714 
  1.26e-04s  4.10e-07d  [FindAlmostIdenticalLinearConstraints] #num_tested_pairs=27 
  5.60e-04s  4.08e-04d  [FindBigAtMostOneAndLinearOverlap] 
  2.52e-02s  8.51e-03d  [FindBigVerticalLinearOverlap] #blocks=131 #saved_nz=19'426 
  1.16e-03s  2.79e-04d  [FindBigHorizontalLinearOverlap] #linears=5'250 
  4.91e-05s  0.00e+00d  [MergeClauses] 
  6.33e-03s  0.00e+00d  [DetectDominanceRelations] 
  9.51e-02s  0.00e+00d  [PresolveToFixPoint] #num_loops=3 #num_dual_strengthening=1 
  6.29e-03s  0.00e+00d  [DetectDominanceRelations] 
  5.80e-02s  0.00e+00d  [PresolveToFixPoint] #num_loops=1 #num_dual_strengthening=1 
  3.93e-02s  4.89e-03d  [Probe] #probed=582 #new_bounds=90 
  9.16e-05s  0.00e+00d  [MaxClique] 
  6.33e-03s  0.00e+00d  [DetectDominanceRelations] 
  8.48e-02s  0.00e+00d  [PresolveToFixPoint] #num_loops=2 #num_dual_strengthening=1 
  2.33e-02s  0.00e+00d  [ProcessAtMostOneAndLinear] 
  7.64e-03s  0.00e+00d  [DetectDuplicateConstraints] #without_enforcements=56 
  5.79e-03s  2.51e-04d  [DetectDominatedLinearConstraints] #relevant_constraints=6'333 #num_inclusions=38 
  9.85e-04s  0.00e+00d  [DetectDifferentVariables] 
  1.91e-03s  9.09e-05d  [ProcessSetPPC] #relevant_constraints=5'270 
  1.64e-04s  3.72e-06d  [FindAlmostIdenticalLinearConstraints] #num_tested_pairs=131 
  4.59e-04s  2.83e-04d  [FindBigAtMostOneAndLinearOverlap] 
  1.79e-02s  5.40e-03d  [FindBigVerticalLinearOverlap] #blocks=99 #saved_nz=12'330 
  1.12e-03s  2.08e-04d  [FindBigHorizontalLinearOverlap] #linears=4'724 
  6.71e-05s  0.00e+00d  [MergeClauses] 
  5.29e-03s  0.00e+00d  [DetectDominanceRelations] 
  8.58e-02s  0.00e+00d  [PresolveToFixPoint] #num_loops=3 #num_dual_strengthening=1 
  3.06e-04s  0.00e+00d  [ExpandObjective] #entries=1'954 #tight_variables=453 #tight_constraints=259 

Presolve summary:
  - 129 affine relations were detected.
  - rule 'TODO dual: only one blocking constraint?' was applied 1'282 times.
  - rule 'TODO dual: only one unspecified blocking constraint?' was applied 165 times.
  - rule 'TODO duplicate: identical constraint with different enforcements' was applied 168 times.
  - rule 'TODO no_overlap: with task always last' was applied 2 times.
  - rule 'affine: new relation' was applied 129 times.
  - rule 'all_diff: inferred from x != y constraints' was applied 2 times.
  - rule 'at_most_one: removed literals' was applied 5 times.
  - rule 'at_most_one: size one' was applied 5 times.
  - rule 'at_most_one: transformed into max clique.' was applied 1 time.
  - rule 'deductions: 557 stored' was applied 1 time.
  - rule 'dual: fix variable' was applied 30 times.
  - rule 'dual: reduced domain' was applied 82 times.
  - rule 'duplicate: merged rhs of linear constraint' was applied 116 times.
  - rule 'duplicate: removed constraint' was applied 750 times.
  - rule 'enforcement: false literal' was applied 36 times.
  - rule 'enforcement: true literal' was applied 26 times.
  - rule 'exactly_one: x and not(x)' was applied 1 time.
  - rule 'incompatible linear: add implication' was applied 84 times.
  - rule 'linear inclusion: redundant containing constraint' was applied 4 times.
  - rule 'linear matrix: common vertical rectangle' was applied 337 times.
  - rule 'linear: always true' was applied 942 times.
  - rule 'linear: doubleton free' was applied 16 times.
  - rule 'linear: empty' was applied 40 times.
  - rule 'linear: extracted enforcement literal' was applied 7'377 times.
  - rule 'linear: fixed or dup variables' was applied 7'461 times.
  - rule 'linear: positive equal one' was applied 6 times.
  - rule 'linear: reduced variable domains' was applied 489 times.
  - rule 'linear: remapped using affine relations' was applied 7'370 times.
  - rule 'linear: simplified rhs' was applied 28'419 times.
  - rule 'linear: variable substitution 1' was applied 16 times.
  - rule 'linear: variable substitution 2' was applied 40 times.
  - rule 'presolve: 121 unused variables removed.' was applied 1 time.
  - rule 'presolve: iteration' was applied 3 times.
  - rule 'probing: reduced enforced constraint to implication.' was applied 7 times.
  - rule 'symmetry: fixed to false in general orbit' was applied 1 time.

Presolved optimization model '': (model_fingerprint: 0x869a863be066f7f8)
#Variables: 536 (#ints: 11 in objective)
  - 146 Booleans in [0,1]
  - 298 different domains in [-11847,9330] with a largest complexity of 16.
#kAllDiff: 2
#kExactlyOne: 5 (#literals: 15)
#kLinear2: 731 (#enforced: 645 #multi: 381)
#kLinear3: 1'047 (#enforced: 918)
#kLinearN: 5'250 (#enforced: 4'860) (#terms: 43'676)

Preloading model.
#Bound   1.21s best:inf   next:[198,8035] initial_domain
#Model   1.22s var:536/536 constraints:7035/7035

Starting search at 1.23s with 48 workers.
16 full problem subsolvers: [core, default_lp, lb_tree_search, max_lp, no_lp, objective_lb_search, objective_lb_search_max_lp, objective_lb_search_no_lp, objective_shaving_search_max_lp, objective_shaving_search_no_lp, probing, probing_max_lp, pseudo_costs, quick_restart, quick_restart_no_lp, reduced_costs]
30 first solution subsolvers: [fj_long_default(2), fj_long_lin_default, fj_long_lin_perturb, fj_long_lin_random, fj_long_perturb, fj_long_random, fj_short_default(2), fj_short_lin_default(2), fj_short_lin_perturb, fj_short_lin_random, fj_short_perturb, fj_short_random, fs_random(4), fs_random_no_lp(4), fs_random_quick_restart(4), fs_random_quick_restart_no_lp(3)]
13 incomplete subsolvers: [feasibility_pump, graph_arc_lns, graph_cst_lns, graph_dec_lns, graph_var_lns, rins/rens, rnd_cst_lns, rnd_var_lns, violation_ls(5)]
3 helper subsolvers: [neighborhood_helper, synchronization_agent, update_gap_integral]
#Bound   1.34s best:inf   next:[239,8035] objective_lb_search_no_lp
#1       1.50s best:2951  next:[239,2950] no_lp (fixed_bools=0/182)
#Bound   1.50s best:2951  next:[414,2950] objective_lb_search_no_lp
#Bound   1.54s best:2951  next:[415,2950] objective_lb_search_no_lp
#2       1.55s best:2369  next:[415,2368] no_lp (fixed_bools=0/205)
#Bound   1.60s best:2369  next:[416,2368] objective_lb_search_no_lp
#3       1.61s best:2323  next:[416,2322] no_lp (fixed_bools=0/213)
#4       1.64s best:2320  next:[416,2319] no_lp (fixed_bools=0/220)
#5       1.74s best:2308  next:[416,2307] no_lp (fixed_bools=0/225)
#6       1.78s best:2307  next:[416,2306] violation_ls(batch:2 #solutions_imported:2 #lin_moves:763 #lin_evals:23'653 #gen_moves:7'571 #gen_evals:993 #comp_moves:1'101 #backtracks:3'235 #weight_updates:220)
#7       1.78s best:2306  next:[416,2305] violation_ls(batch:3 #solutions_imported:3 #lin_moves:765 #lin_evals:23'673 #gen_moves:7'571 #gen_evals:993 #comp_moves:1'101 #backtracks:3'235 #weight_updates:221)
#8       1.78s best:2305  next:[416,2304] violation_ls(batch:4 #solutions_imported:4 #lin_moves:765 #lin_evals:23'693 #gen_moves:7'579 #gen_evals:994 #comp_moves:1'103 #backtracks:3'238 #weight_updates:221)
#9       1.78s best:2304  next:[416,2303] violation_ls(batch:5 #solutions_imported:5 #lin_moves:765 #lin_evals:23'723 #gen_moves:7'589 #gen_evals:995 #comp_moves:1'105 #backtracks:3'242 #weight_updates:221)
#Bound   1.79s best:2304  next:[462,2303] objective_lb_search_no_lp
#10      1.86s best:2303  next:[462,2302] violation_ls(batch:4 #solutions_imported:4 #lin_moves:15'222 #lin_evals:79'879 #gen_moves:4'778 #gen_evals:1'055 #comp_moves:346 #backtracks:2'216 #weight_updates:5'104)
#11      1.86s best:2302  next:[462,2301] violation_ls(batch:3 #solutions_imported:3 #lin_moves:0 #lin_evals:43'892 #gen_moves:15'592 #gen_evals:1'997 #comp_moves:1'602 #backtracks:6'991 #weight_updates:189)
#12      1.87s best:2301  next:[462,2300] violation_ls(batch:4 #solutions_imported:4 #lin_moves:382 #lin_evals:31'133 #gen_moves:11'778 #gen_evals:1'448 #comp_moves:573 #backtracks:5'601 #weight_updates:300)
#13      1.87s best:2300  next:[462,2299] violation_ls(batch:5 #solutions_imported:5 #lin_moves:383 #lin_evals:31'142 #gen_moves:11'778 #gen_evals:1'448 #comp_moves:573 #backtracks:5'601 #weight_updates:300)
#14      1.88s best:2299  next:[462,2298] violation_ls(batch:5 #solutions_imported:5 #lin_moves:799 #lin_evals:46'457 #gen_moves:15'592 #gen_evals:1'997 #comp_moves:1'602 #backtracks:6'991 #weight_updates:333)
#15      1.88s best:2298  next:[462,2297] violation_ls(batch:6 #solutions_imported:6 #lin_moves:801 #lin_evals:46'477 #gen_moves:15'592 #gen_evals:1'997 #comp_moves:1'602 #backtracks:6'991 #weight_updates:334)
#16      1.88s best:2297  next:[462,2296] violation_ls(batch:7 #solutions_imported:7 #lin_moves:807 #lin_evals:46'513 #gen_moves:15'592 #gen_evals:1'997 #comp_moves:1'602 #backtracks:6'991 #weight_updates:337)
#17      1.88s best:2296  next:[462,2295] violation_ls(batch:8 #solutions_imported:8 #lin_moves:817 #lin_evals:46'575 #gen_moves:15'592 #gen_evals:1'997 #comp_moves:1'602 #backtracks:6'991 #weight_updates:346)
#18      1.88s best:2295  next:[462,2294] violation_ls(batch:10 #solutions_imported:10 #lin_moves:535 #lin_evals:31'929 #gen_moves:11'786 #gen_evals:1'448 #comp_moves:575 #backtracks:5'604 #weight_updates:394)
#19      1.89s best:2294  next:[462,2293] violation_ls(batch:4 #solutions_imported:4 #lin_moves:385 #lin_evals:34'086 #gen_moves:11'751 #gen_evals:1'955 #comp_moves:925 #backtracks:5'413 #weight_updates:251)
#20      1.89s best:2293  next:[462,2292] violation_ls(batch:5 #solutions_imported:5 #lin_moves:385 #lin_evals:34'091 #gen_moves:11'753 #gen_evals:1'956 #comp_moves:927 #backtracks:5'413 #weight_updates:251)
#21      1.90s best:2292  next:[462,2291] violation_ls(batch:6 #solutions_imported:6 #lin_moves:385 #lin_evals:34'095 #gen_moves:11'755 #gen_evals:1'957 #comp_moves:929 #backtracks:5'413 #weight_updates:251)
#22      1.90s best:2291  next:[462,2290] violation_ls(batch:7 #solutions_imported:7 #lin_moves:385 #lin_evals:34'137 #gen_moves:11'771 #gen_evals:1'963 #comp_moves:931 #backtracks:5'420 #weight_updates:251)
#23      1.90s best:2248  next:[462,2247] no_lp (fixed_bools=0/237)
#24      2.00s best:2163  next:[462,2162] no_lp (fixed_bools=0/250)
#Bound   2.26s best:2163  next:[464,2162] objective_lb_search_no_lp
#25      2.47s best:2106  next:[464,2105] rins_lp_lns (d=0.71 s=237 t=0.10 p=1.00 stall=1 h=auto_l0)
#26      2.66s best:2105  next:[464,2104] violation_ls(batch:12 #solutions_imported:10 #lin_moves:385 #lin_evals:120'990 #gen_moves:38'327 #gen_evals:5'702 #comp_moves:3'962 #backtracks:17'166 #weight_updates:489)
#Bound   2.73s best:2105  next:[465,2104] objective_lb_search_no_lp
#27      2.78s best:2104  next:[465,2103] violation_ls(batch:13 #solutions_imported:11 #lin_moves:462 #lin_evals:121'422 #gen_moves:38'327 #gen_evals:5'702 #comp_moves:3'962 #backtracks:17'166 #weight_updates:544)
#28      2.84s best:2103  next:[465,2102] no_lp (fixed_bools=0/273)
#29      2.86s best:2035  next:[465,2034] no_lp (fixed_bools=0/279)
#Bound   2.87s best:2035  next:[466,2034] objective_lb_search_no_lp
#Bound   3.03s best:2035  next:[509,2034] objective_lb_search_no_lp
#30      3.09s best:2027  next:[509,2026] no_lp (fixed_bools=0/283)
#31      3.14s best:1997  next:[509,1996] no_lp (fixed_bools=0/296)
#32      3.21s best:1971  next:[509,1970] no_lp (fixed_bools=0/301)
#33      3.25s best:1930  next:[509,1929] no_lp (fixed_bools=0/308)
#34      3.44s best:1878  next:[509,1877] no_lp (fixed_bools=0/312)
#35      4.08s best:1837  next:[509,1836] no_lp (fixed_bools=0/322)
#36      4.32s best:1833  next:[509,1832] quick_restart_no_lp (fixed_bools=0/198)
#37      4.34s best:1655  next:[509,1654] graph_arc_lns (d=0.99 s=222 t=0.10 p=1.00 stall=0 h=auto_l0)
#38      4.43s best:1654  next:[509,1653] violation_ls(batch:19 #solutions_imported:16 #lin_moves:11'121 #lin_evals:222'488 #gen_moves:61'741 #gen_evals:5'687 #comp_moves:3'906 #backtracks:28'909 #weight_updates:1'592)
#39      4.44s best:1653  next:[509,1652] violation_ls(batch:20 #solutions_imported:17 #lin_moves:11'122 #lin_evals:222'496 #gen_moves:61'741 #gen_evals:5'687 #comp_moves:3'906 #backtracks:28'909 #weight_updates:1'592)
#40      4.47s best:1652  next:[509,1651] violation_ls(batch:21 #solutions_imported:17 #lin_moves:37'138 #lin_evals:304'414 #gen_moves:39'413 #gen_evals:5'199 #comp_moves:3'789 #backtracks:17'804 #weight_updates:16'452)
#41      4.50s best:1651  next:[509,1650] quick_restart_no_lp (fixed_bools=0/245)
#42      4.71s best:1650  next:[509,1649] violation_ls(batch:22 #solutions_imported:18 #lin_moves:41'208 #lin_evals:337'702 #gen_moves:48'938 #gen_evals:7'071 #comp_moves:4'584 #backtracks:22'159 #weight_updates:20'092)
#43      4.71s best:1649  next:[509,1648] violation_ls(batch:22 #solutions_imported:17 #lin_moves:77'543 #lin_evals:424'902 #gen_moves:31'758 #gen_evals:6'003 #comp_moves:3'651 #backtracks:14'041 #weight_updates:26'320)
#44      4.77s best:1648  next:[509,1647] violation_ls(batch:21 #solutions_imported:17 #lin_moves:56'379 #lin_evals:344'725 #gen_moves:37'347 #gen_evals:6'639 #comp_moves:4'900 #backtracks:16'212 #weight_updates:6'781)
#45      4.78s best:1647  next:[509,1646] violation_ls(batch:22 #solutions_imported:18 #lin_moves:37'139 #lin_evals:304'425 #gen_moves:39'413 #gen_evals:5'199 #comp_moves:3'789 #backtracks:17'804 #weight_updates:16'452)
#46      4.81s best:1646  next:[509,1645] violation_ls(batch:22 #solutions_imported:18 #lin_moves:57'772 #lin_evals:351'271 #gen_moves:37'347 #gen_evals:6'639 #comp_moves:4'900 #backtracks:16'212 #weight_updates:7'704)
#Bound   5.13s best:1646  next:[511,1645] objective_lb_search
#47      5.17s best:1645  next:[511,1644] violation_ls(batch:23 #solutions_imported:19 #lin_moves:41'208 #lin_evals:337'704 #gen_moves:48'939 #gen_evals:7'071 #comp_moves:4'585 #backtracks:22'159 #weight_updates:20'092)
#48      5.19s best:1644  next:[511,1643] violation_ls(batch:23 #solutions_imported:18 #lin_moves:78'858 #lin_evals:431'179 #gen_moves:31'758 #gen_evals:6'003 #comp_moves:3'651 #backtracks:14'041 #weight_updates:27'201)
#49      5.19s best:1643  next:[511,1642] violation_ls(batch:23 #solutions_imported:19 #lin_moves:37'139 #lin_evals:304'445 #gen_moves:39'420 #gen_evals:5'201 #comp_moves:3'790 #backtracks:17'807 #weight_updates:16'452)
#50      5.20s best:1642  next:[511,1641] violation_ls(batch:23 #solutions_imported:19 #lin_moves:58'125 #lin_evals:352'540 #gen_moves:37'347 #gen_evals:6'639 #comp_moves:4'900 #backtracks:16'212 #weight_updates:7'784)
#51      5.25s best:1641  next:[511,1640] quick_restart_no_lp (fixed_bools=0/251)
#52      5.69s best:1625  next:[511,1624] rins_pump_lns (d=0.76 s=343 t=0.10 p=0.47 stall=1 h=auto_l0)
#Bound   6.28s best:1625  next:[514,1624] objective_lb_search_no_lp
#53      6.31s best:1624  next:[514,1623] quick_restart_no_lp (fixed_bools=1/308)
#54      6.32s best:1623  next:[514,1622] violation_ls(batch:25 #solutions_imported:21 #lin_moves:41'241 #lin_evals:361'984 #gen_moves:56'750 #gen_evals:7'971 #comp_moves:5'056 #backtracks:25'828 #weight_updates:20'226)
#55      6.34s best:1622  next:[514,1621] violation_ls(batch:25 #solutions_imported:20 #lin_moves:88'590 #lin_evals:470'397 #gen_moves:31'806 #gen_evals:6'005 #comp_moves:3'653 #backtracks:14'064 #weight_updates:27'469)
#56      6.34s best:1621  next:[514,1620] violation_ls(batch:25 #solutions_imported:22 #lin_moves:12'399 #lin_evals:282'147 #gen_moves:79'689 #gen_evals:7'222 #comp_moves:5'634 #backtracks:37'019 #weight_updates:2'602)
#57      6.35s best:1620  next:[514,1619] violation_ls(batch:25 #solutions_imported:21 #lin_moves:37'169 #lin_evals:328'000 #gen_moves:46'944 #gen_evals:5'941 #comp_moves:4'855 #backtracks:21'035 #weight_updates:16'533)
#58      6.36s best:1619  next:[514,1618] violation_ls(batch:25 #solutions_imported:21 #lin_moves:58'125 #lin_evals:379'753 #gen_moves:46'254 #gen_evals:7'194 #comp_moves:5'379 #backtracks:20'425 #weight_updates:7'904)
#59      6.56s best:1617  next:[514,1616] quick_restart_no_lp (fixed_bools=1/320)
#60      6.58s best:1574  next:[514,1573] rnd_cst_lns (d=1.00 s=297 t=0.10 p=1.00 stall=0 h=auto_l0)
#61      6.60s best:1564  next:[514,1563] rins_lp_lns (d=0.76 s=355 t=0.10 p=0.47 stall=1 h=auto_l0)
#62      7.21s best:1560  next:[514,1559] graph_arc_lns (d=0.99 s=312 t=0.10 p=0.78 stall=0 h=auto_l0)
#63      7.27s best:1559  next:[514,1558] violation_ls(batch:28 #solutions_imported:23 #lin_moves:51'591 #lin_evals:411'599 #gen_moves:56'750 #gen_evals:7'971 #comp_moves:5'056 #backtracks:25'828 #weight_updates:29'882)
#64      7.28s best:1558  next:[514,1557] violation_ls(batch:28 #solutions_imported:22 #lin_moves:88'624 #lin_evals:520'973 #gen_moves:48'438 #gen_evals:7'405 #comp_moves:4'425 #backtracks:21'991 #weight_updates:27'705)
#65      7.28s best:1557  next:[514,1556] violation_ls(batch:28 #solutions_imported:23 #lin_moves:47'579 #lin_evals:377'575 #gen_moves:46'944 #gen_evals:5'941 #comp_moves:4'855 #backtracks:21'035 #weight_updates:26'152)
#66      7.28s best:1556  next:[514,1555] violation_ls(batch:28 #solutions_imported:23 #lin_moves:68'508 #lin_evals:429'253 #gen_moves:46'276 #gen_evals:7'196 #comp_moves:5'381 #backtracks:20'435 #weight_updates:17'521)
#67      7.36s best:1544  next:[514,1543] graph_var_lns (d=0.99 s=378 t=0.10 p=0.71 stall=0 h=auto_l0)
#68      8.19s best:1522  next:[514,1521] graph_arc_lns (d=0.99 s=325 t=0.10 p=0.78 stall=0 h=auto_l0)
#69      8.20s best:1521  next:[514,1520] violation_ls(batch:30 #solutions_imported:25 #lin_moves:47'580 #lin_evals:401'342 #gen_moves:54'712 #gen_evals:6'868 #comp_moves:5'739 #backtracks:24'476 #weight_updates:26'228)
#70      8.20s best:1520  next:[514,1519] violation_ls(batch:30 #solutions_imported:25 #lin_moves:68'509 #lin_evals:454'570 #gen_moves:54'883 #gen_evals:7'902 #comp_moves:6'219 #backtracks:24'317 #weight_updates:17'596)
#71      8.36s best:1519  next:[514,1518] violation_ls(batch:31 #solutions_imported:25 #lin_moves:51'591 #lin_evals:463'175 #gen_moves:74'790 #gen_evals:9'363 #comp_moves:5'758 #backtracks:34'496 #weight_updates:30'085)
#72      8.36s best:1518  next:[514,1517] violation_ls(batch:31 #solutions_imported:24 #lin_moves:99'056 #lin_evals:571'007 #gen_moves:48'455 #gen_evals:7'406 #comp_moves:4'426 #backtracks:21'999 #weight_updates:37'273)
#73      8.36s best:1517  next:[514,1516] violation_ls(batch:31 #solutions_imported:26 #lin_moves:47'580 #lin_evals:401'345 #gen_moves:54'713 #gen_evals:6'868 #comp_moves:5'740 #backtracks:24'476 #weight_updates:26'228)
#74      8.36s best:1516  next:[514,1515] violation_ls(batch:31 #solutions_imported:26 #lin_moves:68'510 #lin_evals:454'581 #gen_moves:54'883 #gen_evals:7'902 #comp_moves:6'219 #backtracks:24'317 #weight_updates:17'596)
#75      8.40s best:1506  next:[514,1505] rins_pump_lns (d=0.75 s=431 t=0.10 p=0.48 stall=1 h=auto_l0)
#Bound   9.29s best:1506  next:[564,1505] objective_lb_search
#76     12.47s best:1502  next:[564,1501] rnd_var_lns (d=0.99 s=476 t=0.10 p=0.65 stall=0 h=auto_l0)
#Bound  13.02s best:1502  next:[567,1501] objective_lb_search_no_lp
#Bound  15.47s best:1502  next:[569,1501] objective_lb_search
#Bound  19.34s best:1502  next:[570,1501] objective_shaving_search_no_lp (vars=588 csts=6974)
#Bound  19.82s best:1502  next:[573,1501] objective_lb_search
#Bound  22.62s best:1502  next:[577,1501] objective_lb_search
#Bound  23.73s best:1502  next:[580,1501] objective_lb_search_no_lp
#Bound  25.84s best:1502  next:[590,1501] objective_lb_search_no_lp
#Bound  26.21s best:1502  next:[594,1501] objective_lb_search_no_lp
#Bound  26.89s best:1502  next:[598,1501] objective_lb_search_no_lp
#Bound  28.61s best:1502  next:[604,1501] objective_lb_search_no_lp
#Bound  32.66s best:1502  next:[605,1501] objective_lb_search_no_lp
#Bound  35.45s best:1502  next:[607,1501] objective_lb_search_no_lp
#Bound  39.69s best:1502  next:[609,1501] objective_lb_search_no_lp
#Bound  40.42s best:1502  next:[610,1501] objective_lb_search_max_lp
#Bound  54.87s best:1502  next:[611,1501] objective_shaving_search_no_lp (vars=587 csts=6973)
#Bound  55.36s best:1502  next:[612,1501] objective_lb_search_no_lp
#Bound  56.24s best:1502  next:[613,1501] objective_lb_search_no_lp
#Bound  61.04s best:1502  next:[614,1501] objective_lb_search_no_lp
#Bound  62.88s best:1502  next:[616,1501] objective_lb_search_no_lp
#Bound  65.18s best:1502  next:[623,1501] objective_lb_search_no_lp
#Bound  68.46s best:1502  next:[625,1501] objective_lb_search_no_lp
#Bound  70.50s best:1502  next:[647,1501] objective_lb_search_max_lp
#Bound  73.54s best:1502  next:[651,1501] objective_lb_search_max_lp
#Bound  79.05s best:1502  next:[653,1501] objective_lb_search_max_lp
#Bound  79.72s best:1502  next:[664,1501] objective_lb_search_no_lp
#Bound 105.35s best:1502  next:[665,1501] objective_lb_search_no_lp
#Bound 117.92s best:1502  next:[666,1501] objective_lb_search
#Bound 119.50s best:1502  next:[668,1501] objective_lb_search_max_lp
#Bound 132.60s best:1502  next:[669,1501] objective_shaving_search_no_lp (vars=587 csts=6973)
#Bound 148.82s best:1502  next:[670,1501] objective_lb_search_no_lp
#Bound 176.27s best:1502  next:[671,1501] objective_shaving_search_no_lp (vars=590 csts=6976)
#Bound 178.75s best:1502  next:[672,1501] objective_lb_search_no_lp
#Bound 203.07s best:1502  next:[674,1501] objective_lb_search
#Bound 210.06s best:1502  next:[676,1501] objective_lb_search
#Bound 229.43s best:1502  next:[677,1501] objective_lb_search
#Bound 237.38s best:1502  next:[679,1501] objective_lb_search_max_lp
#Bound 243.83s best:1502  next:[686,1501] objective_lb_search_no_lp
#Bound 268.36s best:1502  next:[689,1501] objective_lb_search_no_lp
#Bound 281.63s best:1502  next:[691,1501] objective_lb_search_no_lp
#Bound 286.59s best:1502  next:[693,1501] objective_lb_search_no_lp
#Bound 296.26s best:1502  next:[694,1501] objective_lb_search_no_lp
#Bound 299.07s best:1502  next:[701,1501] objective_lb_search_no_lp
#Bound 310.50s best:1502  next:[703,1501] objective_lb_search_no_lp
#Bound 316.67s best:1502  next:[704,1501] objective_lb_search_no_lp
#Bound 393.92s best:1502  next:[705,1501] objective_shaving_search_max_lp (vars=600 csts=6986)
#Bound 396.77s best:1502  next:[706,1501] objective_lb_search_no_lp
#Bound 401.62s best:1502  next:[710,1501] objective_lb_search_no_lp
#Bound 409.18s best:1502  next:[712,1501] objective_lb_search_no_lp
#Bound 491.50s best:1502  next:[713,1501] objective_shaving_search_max_lp (vars=606 csts=6992)
#Bound 492.71s best:1502  next:[714,1501] objective_lb_search_no_lp
#Bound 533.79s best:1502  next:[715,1501] objective_lb_search_max_lp
#Bound 577.21s best:1502  next:[719,1501] objective_lb_search_no_lp
#Bound 675.91s best:1502  next:[720,1501] objective_shaving_search_no_lp (vars=606 csts=6992)
#Bound 702.01s best:1502  next:[721,1501] objective_lb_search_no_lp
#Bound 706.00s best:1502  next:[722,1501] objective_lb_search_no_lp
#Bound 715.69s best:1502  next:[732,1501] objective_lb_search_no_lp
#Bound 726.76s best:1502  next:[733,1501] objective_lb_search_no_lp
#Bound 798.10s best:1502  next:[734,1501] objective_shaving_search_max_lp (vars=609 csts=6995)
#Bound 825.95s best:1502  next:[735,1501] objective_lb_search_no_lp
#Bound 869.96s best:1502  next:[738,1501] objective_lb_search_no_lp
#Bound 877.24s best:1502  next:[739,1501] objective_lb_search_no_lp
#Bound 883.09s best:1502  next:[741,1501] objective_lb_search_no_lp
#Bound 918.34s best:1502  next:[745,1501] objective_lb_search_no_lp
#Bound 932.72s best:1502  next:[748,1501] objective_lb_search_no_lp
#Bound 946.62s best:1502  next:[749,1501] objective_lb_search_no_lp
#Bound 1054.55s best:1502  next:[750,1501] objective_lb_search
#Bound 1078.82s best:1502  next:[751,1501] objective_lb_search_no_lp
#Bound 1162.42s best:1502  next:[753,1501] objective_lb_search_no_lp
#Bound 1293.00s best:1502  next:[754,1501] objective_lb_search
#Bound 1321.39s best:1502  next:[756,1501] objective_lb_search_no_lp
#Bound 1353.71s best:1502  next:[758,1501] objective_lb_search
#Bound 1367.83s best:1502  next:[759,1501] objective_lb_search
#Bound 1381.80s best:1502  next:[760,1501] objective_lb_search
#Bound 1404.47s best:1502  next:[762,1501] objective_lb_search
#Bound 1450.72s best:1502  next:[764,1501] objective_lb_search
#Bound 1488.98s best:1502  next:[765,1501] bool_core (num_cores=114 [cover] a=4 d=5 fixed=531/5912 clauses=447'973)
#Bound 1504.28s best:1502  next:[766,1501] bool_core (num_cores=115 [size:1 mw:1] a=4 d=5 fixed=532/5927 clauses=449'611)
#Bound 1518.21s best:1502  next:[767,1501] bool_core (num_cores=116 [size:1 mw:1] a=4 d=5 fixed=532/5927 clauses=450'611)
#Bound 1528.43s best:1502  next:[768,1501] bool_core (num_cores=116 [cover] a=4 d=5 fixed=532/5927 clauses=451'424)
#Bound 1546.03s best:1502  next:[769,1501] bool_core (num_cores=117 [size:1 mw:1] a=4 d=5 fixed=533/5942 clauses=451'844)
#Bound 1561.62s best:1502  next:[770,1501] bool_core (num_cores=118 [size:1 mw:1] a=4 d=5 fixed=533/5942 clauses=452'843)
#Bound 1569.29s best:1502  next:[771,1501] bool_core (num_cores=118 [cover] a=4 d=5 fixed=533/5942 clauses=453'277)
#Bound 1582.94s best:1502  next:[772,1501] bool_core (num_cores=119 [size:1 mw:1] a=4 d=5 fixed=534/5957 clauses=456'907)
#Bound 1590.01s best:1502  next:[773,1501] bool_core (num_cores=119 [cover] a=4 d=5 fixed=534/5957 clauses=457'489)
#Bound 1607.36s best:1502  next:[774,1501] bool_core (num_cores=120 [size:1 mw:1] a=4 d=5 fixed=535/5972 clauses=457'098)
#Bound 1620.79s best:1502  next:[775,1501] bool_core (num_cores=121 [size:1 mw:1] a=4 d=5 fixed=535/5972 clauses=458'096)
#Bound 1623.96s best:1502  next:[776,1501] bool_core (num_cores=121 [cover] a=4 d=5 fixed=535/5972 clauses=458'254)
#Bound 1638.41s best:1502  next:[777,1501] bool_core (num_cores=122 [size:1 mw:1] a=4 d=5 fixed=536/5987 clauses=461'897)
#Bound 1648.49s best:1502  next:[778,1501] bool_core (num_cores=123 [size:1 mw:1] a=4 d=5 fixed=536/5987 clauses=462'895)
#Bound 1649.53s best:1502  next:[779,1501] bool_core (num_cores=123 [cover] a=4 d=5 fixed=536/5987 clauses=463'053)
#Bound 1670.47s best:1502  next:[780,1501] bool_core (num_cores=124 [size:1 mw:1] a=4 d=5 fixed=537/6002 clauses=461'328)
#Bound 1684.97s best:1502  next:[781,1501] bool_core (num_cores=125 [size:1 mw:1] a=4 d=5 fixed=537/6002 clauses=462'327)
#Bound 1686.86s best:1502  next:[782,1501] bool_core (num_cores=125 [cover] a=4 d=5 fixed=537/6002 clauses=462'423)
#Bound 1705.72s best:1502  next:[783,1501] bool_core (num_cores=126 [size:1 mw:1] a=4 d=5 fixed=538/6017 clauses=466'080)
#Bound 1721.36s best:1502  next:[784,1501] bool_core (num_cores=126 [cover] a=4 d=5 fixed=538/6017 clauses=467'064)
#Bound 1736.87s best:1502  next:[785,1501] bool_core (num_cores=127 [size:1 mw:1] a=4 d=5 fixed=539/6032 clauses=466'236)
#Bound 1746.70s best:1502  next:[786,1501] bool_core (num_cores=127 [cover] a=4 d=5 fixed=539/6032 clauses=467'133)
#Bound 1758.44s best:1502  next:[787,1501] bool_core (num_cores=128 [size:1 mw:1] a=4 d=5 fixed=540/6047 clauses=470'805)
#Bound 1776.42s best:1502  next:[788,1501] bool_core (num_cores=129 [size:1 mw:1] a=4 d=5 fixed=540/6047 clauses=468'593)
#Bound 1782.30s best:1502  next:[789,1501] bool_core (num_cores=129 [cover] a=4 d=5 fixed=540/6047 clauses=468'877)
#Bound 1796.37s best:1502  next:[790,1501] bool_core (num_cores=130 [size:1 mw:1] a=4 d=5 fixed=541/6062 clauses=472'555)
#Bound 1810.48s best:1502  next:[791,1501] bool_core (num_cores=131 [size:1 mw:1] a=4 d=5 fixed=541/6062 clauses=473'554)
#Bound 1811.93s best:1502  next:[792,1501] bool_core (num_cores=131 [cover] a=4 d=5 fixed=541/6062 clauses=473'723)
#Bound 1823.11s best:1502  next:[793,1501] bool_core (num_cores=132 [size:1 mw:1] a=4 d=5 fixed=542/6077 clauses=477'409)
#Bound 1843.92s best:1502  next:[794,1501] bool_core (num_cores=133 [size:1 mw:1] a=4 d=5 fixed=542/6077 clauses=473'943)
#Bound 1854.05s best:1502  next:[795,1501] bool_core (num_cores=133 [cover] a=4 d=5 fixed=542/6077 clauses=474'114)
#Bound 1868.85s best:1502  next:[796,1501] bool_core (num_cores=134 [size:1 mw:1] a=4 d=5 fixed=543/6092 clauses=477'807)
#Bound 1883.84s best:1502  next:[797,1501] bool_core (num_cores=135 [size:1 mw:1] a=4 d=5 fixed=543/6092 clauses=478'807)
#Bound 1894.08s best:1502  next:[798,1501] bool_core (num_cores=135 [cover] a=4 d=5 fixed=543/6092 clauses=479'454)
#Bound 1913.03s best:1502  next:[799,1501] bool_core (num_cores=136 [size:1 mw:1] a=4 d=5 fixed=544/6107 clauses=478'971)
#Bound 1927.88s best:1502  next:[800,1501] bool_core (num_cores=137 [size:1 mw:1] a=4 d=5 fixed=544/6107 clauses=479'971)
#Bound 1943.59s best:1502  next:[801,1501] bool_core (num_cores=138 [size:1 mw:1] a=4 d=5 fixed=544/6107 clauses=480'971)
#Bound 1947.95s best:1502  next:[802,1501] bool_core (num_cores=138 [cover] a=4 d=5 fixed=544/6107 clauses=481'439)
#Bound 1965.33s best:1502  next:[803,1501] bool_core (num_cores=139 [size:1 mw:1] a=4 d=5 fixed=546/6123 clauses=481'732)
#Bound 1979.13s best:1502  next:[804,1501] bool_core (num_cores=140 [size:1 mw:1] a=4 d=5 fixed=547/6124 clauses=482'902)
#Bound 2000.77s best:1502  next:[805,1501] bool_core (num_cores=141 [size:1 mw:1] a=4 d=5 fixed=548/6125 clauses=481'709)
#Bound 2004.65s best:1502  next:[806,1501] bool_core (num_cores=141 [cover] a=4 d=5 fixed=548/6125 clauses=482'045)
#Bound 2022.50s best:1502  next:[807,1501] bool_core (num_cores=142 [size:1 mw:1] a=4 d=5 fixed=550/6141 clauses=485'960)
#Bound 2036.03s best:1502  next:[808,1501] bool_core (num_cores=143 [size:1 mw:1] a=4 d=5 fixed=551/6142 clauses=484'560)
#Bound 2038.32s best:1502  next:[809,1501] bool_core (num_cores=143 [cover] a=4 d=5 fixed=551/6142 clauses=484'905)
#Bound 2055.14s best:1502  next:[810,1501] bool_core (num_cores=144 [size:1 mw:1] a=4 d=5 fixed=553/6158 clauses=488'838)
#Bound 2076.00s best:1502  next:[811,1501] bool_core (num_cores=145 [size:1 mw:1] a=4 d=5 fixed=554/6159 clauses=485'954)
#Bound 2081.52s best:1502  next:[812,1501] bool_core (num_cores=145 [cover] a=4 d=5 fixed=554/6159 clauses=486'355)
#Bound 2097.33s best:1502  next:[813,1501] bool_core (num_cores=146 [size:1 mw:1] a=4 d=5 fixed=556/6175 clauses=490'264)
#Bound 2119.30s best:1502  next:[814,1501] bool_core (num_cores=147 [size:1 mw:1] a=4 d=5 fixed=557/6176 clauses=488'941)
#Bound 2131.03s best:1502  next:[815,1501] bool_core (num_cores=147 [cover] a=4 d=5 fixed=557/6176 clauses=489'724)
#Bound 2142.97s best:1502  next:[816,1501] bool_core (num_cores=148 [size:1 mw:1] a=4 d=5 fixed=559/6192 clauses=493'636)
#Bound 2157.51s best:1502  next:[817,1501] bool_core (num_cores=149 [size:1 mw:1] a=4 d=5 fixed=560/6193 clauses=494'904)
#Bound 2175.53s best:1502  next:[818,1501] bool_core (num_cores=150 [size:1 mw:1] a=4 d=5 fixed=561/6194 clauses=492'051)
#Bound 2184.65s best:1502  next:[819,1501] bool_core (num_cores=150 [cover] a=4 d=5 fixed=561/6194 clauses=492'574)
#Bound 2198.01s best:1502  next:[820,1501] bool_core (num_cores=151 [size:1 mw:1] a=4 d=5 fixed=563/6210 clauses=496'673)
#Bound 2228.74s best:1502  next:[821,1501] bool_core (num_cores=152 [size:1 mw:1] a=4 d=5 fixed=564/6211 clauses=493'856)
#Bound 2242.53s best:1502  next:[822,1501] bool_core (num_cores=152 [cover] a=4 d=5 fixed=564/6211 clauses=494'726)
#Bound 2259.75s best:1502  next:[823,1501] bool_core (num_cores=153 [size:1 mw:1] a=4 d=5 fixed=566/6227 clauses=498'707)
#Bound 2282.74s best:1502  next:[824,1501] bool_core (num_cores=154 [size:1 mw:1] a=4 d=5 fixed=567/6228 clauses=499'915)
#Bound 2299.98s best:1502  next:[825,1501] bool_core (num_cores=155 [size:1 mw:1] a=4 d=5 fixed=568/6229 clauses=496'870)
#Bound 2305.64s best:1502  next:[826,1501] bool_core (num_cores=155 [cover] a=4 d=5 fixed=568/6229 clauses=497'130)
#Bound 2329.67s best:1502  next:[827,1501] bool_core (num_cores=156 [size:1 mw:1] a=4 d=5 fixed=570/6245 clauses=501'264)
#Bound 2349.75s best:1502  next:[828,1501] bool_core (num_cores=157 [size:1 mw:1] a=4 d=5 fixed=571/6246 clauses=502'674)
#Bound 2374.32s best:1502  next:[829,1501] bool_core (num_cores=158 [size:1 mw:1] a=4 d=5 fixed=572/6247 clauses=498'995)
#Bound 2378.97s best:1502  next:[830,1501] bool_core (num_cores=158 [cover] a=4 d=5 fixed=572/6247 clauses=499'197)
#Bound 2393.57s best:1502  next:[831,1501] bool_core (num_cores=159 [size:1 mw:1] a=4 d=5 fixed=574/6263 clauses=503'587)
#Bound 2418.60s best:1502  next:[832,1501] bool_core (num_cores=160 [size:1 mw:1] a=4 d=5 fixed=575/6264 clauses=502'766)
#Bound 2435.44s best:1502  next:[833,1501] bool_core (num_cores=161 [size:1 mw:1] a=4 d=5 fixed=576/6265 clauses=502'914)
#Bound 2451.44s best:1502  next:[834,1501] bool_core (num_cores=162 [size:1 mw:1] a=4 d=5 fixed=577/6266 clauses=501'679)
#Bound 2454.95s best:1502  next:[835,1501] bool_core (num_cores=162 [cover] a=4 d=5 fixed=577/6266 clauses=502'052)
#Bound 2478.67s best:1502  next:[836,1501] bool_core (num_cores=163 [size:1 mw:1] a=4 d=5 fixed=579/6282 clauses=506'394)
#Bound 2497.50s best:1502  next:[837,1501] bool_core (num_cores=164 [size:1 mw:1] a=4 d=5 fixed=580/6283 clauses=508'229)
#Bound 2518.70s best:1502  next:[838,1501] bool_core (num_cores=165 [size:1 mw:1] a=4 d=5 fixed=581/6284 clauses=504'690)
#Bound 2537.59s best:1502  next:[839,1501] bool_core (num_cores=165 [cover] a=4 d=5 fixed=581/6284 clauses=505'668)
#Bound 2566.21s best:1502  next:[840,1501] bool_core (num_cores=166 [size:1 mw:1] a=4 d=5 fixed=583/6300 clauses=507'179)
#Bound 2592.45s best:1502  next:[841,1501] bool_core (num_cores=167 [size:1 mw:1] a=4 d=5 fixed=584/6301 clauses=509'161)
#Bound 2615.90s best:1502  next:[842,1501] bool_core (num_cores=168 [size:1 mw:1] a=4 d=5 fixed=585/6302 clauses=510'765)
#Bound 2645.75s best:1502  next:[843,1501] bool_core (num_cores=169 [size:1 mw:1] a=4 d=5 fixed=586/6303 clauses=506'544)
#Bound 2648.60s best:1502  next:[844,1501] bool_core (num_cores=169 [cover] a=4 d=5 fixed=586/6303 clauses=506'802)
#Bound 2673.07s best:1502  next:[845,1501] bool_core (num_cores=170 [size:1 mw:1] a=4 d=5 fixed=588/6319 clauses=511'288)
#Bound 2703.14s best:1502  next:[846,1501] bool_core (num_cores=171 [size:1 mw:1] a=4 d=5 fixed=589/6320 clauses=509'982)
#Bound 2725.80s best:1502  next:[847,1501] bool_core (num_cores=172 [size:1 mw:1] a=4 d=5 fixed=590/6321 clauses=511'840)
#Bound 2752.78s best:1502  next:[848,1501] bool_core (num_cores=173 [size:1 mw:1] a=4 d=5 fixed=591/6322 clauses=513'860)
#Bound 2754.14s best:1502  next:[849,1501] bool_core (num_cores=173 [cover] a=4 d=5 fixed=591/6322 clauses=513'947)
#Bound 2782.37s best:1502  next:[850,1501] bool_core (num_cores=174 [size:1 mw:1] a=4 d=5 fixed=593/6338 clauses=511'929)
#Bound 2820.53s best:1502  next:[851,1501] bool_core (num_cores=175 [size:1 mw:1] a=4 d=5 fixed=594/6339 clauses=514'053)
#Bound 2859.65s best:1502  next:[852,1501] bool_core (num_cores=176 [size:1 mw:1] a=4 d=5 fixed=595/6340 clauses=513'428)
#Bound 2889.32s best:1502  next:[853,1501] bool_core (num_cores=177 [size:1 mw:1] a=4 d=5 fixed=596/6341 clauses=513'970)
#Bound 2934.05s best:1502  next:[854,1501] bool_core (num_cores=178 [size:1 mw:1] a=4 d=5 fixed=597/6342 clauses=514'078)
#Bound 2982.99s best:1502  next:[855,1501] bool_core (num_cores=179 [size:1 mw:1] a=4 d=5 fixed=598/6343 clauses=517'230)
#Bound 3032.83s best:1502  next:[856,1501] bool_core (num_cores=180 [size:1 mw:1] a=4 d=5 fixed=599/6344 clauses=515'705)
#Bound 3087.62s best:1502  next:[857,1501] bool_core (num_cores=181 [size:1 mw:1] a=4 d=5 fixed=600/6345 clauses=514'688)
#Bound 3126.87s best:1502  next:[858,1501] bool_core (num_cores=182 [size:1 mw:1] a=4 d=5 fixed=601/6346 clauses=517'862)
#Bound 3131.51s best:1502  next:[859,1501] bool_core (num_cores=182 [cover] a=4 d=5 fixed=601/6346 clauses=518'140)
#Bound 3180.98s best:1502  next:[860,1501] bool_core (num_cores=183 [size:1 mw:1] a=4 d=5 fixed=603/6362 clauses=517'110)
#Bound 3222.38s best:1502  next:[861,1501] bool_core (num_cores=184 [size:2 mw:1 d:1] a=3 d=5 fixed=603/6363 clauses=517'862)
#Bound 3229.86s best:1502  next:[862,1501] bool_core (num_cores=184 [cover] a=3 d=5 fixed=603/6366 clauses=518'525)
#Bound 3253.38s best:1502  next:[863,1501] bool_core (num_cores=185 [size:1 mw:1] a=3 d=5 fixed=604/6369 clauses=521'089)
#Bound 3262.63s best:1502  next:[864,1501] bool_core (num_cores=185 [cover] a=3 d=5 fixed=605/6372 clauses=519'430)
#Bound 3327.59s best:1502  next:[865,1501] bool_core (num_cores=186 [size:1 mw:1] a=3 d=5 fixed=606/6375 clauses=520'172)
#Bound 3391.71s best:1502  next:[866,1501] bool_core (num_cores=187 [size:1 mw:1] a=3 d=5 fixed=607/6378 clauses=522'572)
#Bound 3451.88s best:1502  next:[867,1501] bool_core (num_cores=188 [size:2 mw:1 d:6] a=2 d=6 fixed=609/6381 clauses=523'809)
#Bound 3526.66s best:1502  next:[868,1501] bool_core (num_cores=189 [size:2 mw:1 d:7] a=1 d=7 fixed=609/6398 clauses=526'967)
#Bound 3551.39s best:1502  next:[869,1501] bool_core (num_cores=190 [size:1 mw:1] a=1 d=7 fixed=609/6419 clauses=528'250)
#Bound 3580.88s best:1502  next:[870,1501] bool_core (num_cores=191 [size:1 mw:1] a=1 d=7 fixed=610/6440 clauses=531'839)

Task timing                                  n [     min,      max]      avg      dev     time         n [     min,      max]      avg      dev    dtime
                             'core':         1 [   1.00h,    1.00h]    1.00h   0.00ns    1.00h         1 [  13.93m,   13.93m]   13.93m   0.00ns   13.93m
                       'default_lp':         1 [   1.00h,    1.00h]    1.00h   0.00ns    1.00h         1 [   2.71m,    2.71m]    2.71m   0.00ns    2.71m
                 'feasibility_pump':      3641 [ 32.43us,    3.22s] 984.77ms 626.37ms   59.76m      3628 [ 39.15ms, 231.93ms]  62.72ms   3.03ms    3.79m
                  'fj_long_default':         1 [306.15ms, 306.15ms] 306.15ms   0.00ns 306.15ms         1 [ 96.21ms,  96.21ms]  96.21ms   0.00ns  96.21ms
                  'fj_long_default':         1 [361.04ms, 361.04ms] 361.04ms   0.00ns 361.04ms         1 [ 82.78ms,  82.78ms]  82.78ms   0.00ns  82.78ms
              'fj_long_lin_default':         1 [279.54ms, 279.54ms] 279.54ms   0.00ns 279.54ms         1 [ 95.56ms,  95.56ms]  95.56ms   0.00ns  95.56ms
              'fj_long_lin_perturb':         1 [422.62ms, 422.62ms] 422.62ms   0.00ns 422.62ms         1 [ 97.84ms,  97.84ms]  97.84ms   0.00ns  97.84ms
               'fj_long_lin_random':         1 [434.72ms, 434.72ms] 434.72ms   0.00ns 434.72ms         1 [ 96.60ms,  96.60ms]  96.60ms   0.00ns  96.60ms
                  'fj_long_perturb':         1 [303.38ms, 303.38ms] 303.38ms   0.00ns 303.38ms         1 [ 91.21ms,  91.21ms]  91.21ms   0.00ns  91.21ms
                   'fj_long_random':         1 [317.41ms, 317.41ms] 317.41ms   0.00ns 317.41ms         1 [ 85.44ms,  85.44ms]  85.44ms   0.00ns  85.44ms
                 'fj_short_default':         1 [316.23ms, 316.23ms] 316.23ms   0.00ns 316.23ms         1 [102.06ms, 102.06ms] 102.06ms   0.00ns 102.06ms
                 'fj_short_default':         2 [108.08ms, 234.48ms] 171.28ms  63.20ms 342.56ms         2 [ 94.06ms,  94.90ms]  94.48ms 421.99us 188.96ms
             'fj_short_lin_default':         1 [317.59ms, 317.59ms] 317.59ms   0.00ns 317.59ms         1 [ 97.07ms,  97.07ms]  97.07ms   0.00ns  97.07ms
             'fj_short_lin_default':         1 [326.83ms, 326.83ms] 326.83ms   0.00ns 326.83ms         1 [ 95.07ms,  95.07ms]  95.07ms   0.00ns  95.07ms
             'fj_short_lin_perturb':         1 [469.61ms, 469.61ms] 469.61ms   0.00ns 469.61ms         1 [ 86.96ms,  86.96ms]  86.96ms   0.00ns  86.96ms
              'fj_short_lin_random':         1 [283.87ms, 283.87ms] 283.87ms   0.00ns 283.87ms         1 [ 95.52ms,  95.52ms]  95.52ms   0.00ns  95.52ms
                 'fj_short_perturb':         1 [348.58ms, 348.58ms] 348.58ms   0.00ns 348.58ms         1 [ 85.22ms,  85.22ms]  85.22ms   0.00ns  85.22ms
                  'fj_short_random':         1 [268.42ms, 268.42ms] 268.42ms   0.00ns 268.42ms         1 [ 94.38ms,  94.38ms]  94.38ms   0.00ns  94.38ms
                        'fs_random':         1 [263.04ms, 263.04ms] 263.04ms   0.00ns 263.04ms         1 [844.49us, 844.49us] 844.49us   0.00ns 844.49us
                        'fs_random':         1 [266.09ms, 266.09ms] 266.09ms   0.00ns 266.09ms         1 [  1.41ms,   1.41ms]   1.41ms   0.00ns   1.41ms
                        'fs_random':         1 [274.73ms, 274.73ms] 274.73ms   0.00ns 274.73ms         1 [548.41us, 548.41us] 548.41us   0.00ns 548.41us
                        'fs_random':         1 [282.50ms, 282.50ms] 282.50ms   0.00ns 282.50ms         1 [  1.60ms,   1.60ms]   1.60ms   0.00ns   1.60ms
                  'fs_random_no_lp':         1 [264.77ms, 264.77ms] 264.77ms   0.00ns 264.77ms         1 [  6.68ms,   6.68ms]   6.68ms   0.00ns   6.68ms
                  'fs_random_no_lp':         1 [277.50ms, 277.50ms] 277.50ms   0.00ns 277.50ms         1 [  8.11ms,   8.11ms]   8.11ms   0.00ns   8.11ms
                  'fs_random_no_lp':         1 [280.17ms, 280.17ms] 280.17ms   0.00ns 280.17ms         1 [  2.48ms,   2.48ms]   2.48ms   0.00ns   2.48ms
                  'fs_random_no_lp':         1 [280.97ms, 280.97ms] 280.97ms   0.00ns 280.97ms         1 [  5.12ms,   5.12ms]   5.12ms   0.00ns   5.12ms
          'fs_random_quick_restart':         1 [272.95ms, 272.95ms] 272.95ms   0.00ns 272.95ms         1 [997.52us, 997.52us] 997.52us   0.00ns 997.52us
          'fs_random_quick_restart':         1 [284.90ms, 284.90ms] 284.90ms   0.00ns 284.90ms         1 [844.49us, 844.49us] 844.49us   0.00ns 844.49us
          'fs_random_quick_restart':         1 [284.99ms, 284.99ms] 284.99ms   0.00ns 284.99ms         1 [844.71us, 844.71us] 844.71us   0.00ns 844.71us
          'fs_random_quick_restart':         1 [289.93ms, 289.93ms] 289.93ms   0.00ns 289.93ms         1 [844.32us, 844.32us] 844.32us   0.00ns 844.32us
    'fs_random_quick_restart_no_lp':         1 [271.33ms, 271.33ms] 271.33ms   0.00ns 271.33ms         1 [  1.73ms,   1.73ms]   1.73ms   0.00ns   1.73ms
    'fs_random_quick_restart_no_lp':         1 [276.36ms, 276.36ms] 276.36ms   0.00ns 276.36ms         1 [  2.65ms,   2.65ms]   2.65ms   0.00ns   2.65ms
    'fs_random_quick_restart_no_lp':         1 [288.68ms, 288.68ms] 288.68ms   0.00ns 288.68ms         1 [  2.14ms,   2.14ms]   2.14ms   0.00ns   2.14ms
                    'graph_arc_lns':      3697 [ 19.86ms,   19.02s]    4.38s    3.34s    4.50h      3669 [ 10.00ns, 519.69ms] 135.32ms 106.89ms    8.27m
                    'graph_cst_lns':      3697 [  6.07ms,   17.48s]    4.40s    3.16s    4.52h      3621 [ 10.00ns, 724.83ms] 134.71ms 101.08ms    8.13m
                    'graph_dec_lns':      3697 [ 22.08ms,   19.31s]    4.75s    3.25s    4.88h      3671 [ 10.00ns, 433.08ms] 133.50ms  99.07ms    8.17m
                    'graph_var_lns':      3697 [ 18.87ms,   19.41s]    4.61s    3.32s    4.73h      3676 [ 10.00ns, 788.00ms] 148.07ms 105.63ms    9.07m
                   'lb_tree_search':         1 [   1.00h,    1.00h]    1.00h   0.00ns    1.00h         1 [   9.35m,    9.35m]    9.35m   0.00ns    9.35m
                           'max_lp':         1 [   1.00h,    1.00h]    1.00h   0.00ns    1.00h         1 [   4.19m,    4.19m]    4.19m   0.00ns    4.19m
                            'no_lp':         1 [   1.00h,    1.00h]    1.00h   0.00ns    1.00h         1 [   2.36m,    2.36m]    2.36m   0.00ns    2.36m
              'objective_lb_search':         1 [   1.00h,    1.00h]    1.00h   0.00ns    1.00h         1 [   3.56m,    3.56m]    3.56m   0.00ns    3.56m
       'objective_lb_search_max_lp':         1 [   1.00h,    1.00h]    1.00h   0.00ns    1.00h         1 [   6.29m,    6.29m]    6.29m   0.00ns    6.29m
        'objective_lb_search_no_lp':         1 [   1.00h,    1.00h]    1.00h   0.00ns    1.00h         1 [   2.01m,    2.01m]    2.01m   0.00ns    2.01m
  'objective_shaving_search_max_lp':       194 [ 37.55ms,    2.18m]   18.55s   20.42s    1.00h       181 [  3.94ms,    7.11s] 850.54ms 972.52ms    2.57m
   'objective_shaving_search_no_lp':       192 [ 28.37ms,    2.18m]   18.74s   20.44s    1.00h       181 [  4.11ms,    3.68s] 645.37ms 641.75ms    1.95m
                          'probing':         1 [   1.00h,    1.00h]    1.00h   0.00ns    1.00h         1 [   2.55m,    2.55m]    2.55m   0.00ns    2.55m
                   'probing_max_lp':         1 [   1.00h,    1.00h]    1.00h   0.00ns    1.00h         1 [   6.49m,    6.49m]    6.49m   0.00ns    6.49m
                     'pseudo_costs':         1 [   1.00h,    1.00h]    1.00h   0.00ns    1.00h         1 [   3.56m,    3.56m]    3.56m   0.00ns    3.56m
                    'quick_restart':         1 [   1.00h,    1.00h]    1.00h   0.00ns    1.00h         1 [   4.81m,    4.81m]    4.81m   0.00ns    4.81m
              'quick_restart_no_lp':         1 [   1.00h,    1.00h]    1.00h   0.00ns    1.00h         1 [   3.12m,    3.12m]    3.12m   0.00ns    3.12m
                    'reduced_costs':         1 [   1.00h,    1.00h]    1.00h   0.00ns    1.00h         1 [   3.83m,    3.83m]    3.83m   0.00ns    3.83m
                        'rins/rens':      3697 [256.16us,    6.36s]    1.47s    1.39s    1.51h      2963 [ 10.00ns, 200.06ms]  71.71ms  38.65ms    3.54m
                      'rnd_cst_lns':      3697 [  6.07ms,   18.29s]    4.40s    3.20s    4.51h      3673 [ 10.00ns, 553.48ms] 138.11ms 100.84ms    8.45m
                      'rnd_var_lns':      3697 [ 18.46ms,   19.87s]    4.31s    3.13s    4.43h      3663 [ 10.00ns, 683.07ms] 130.74ms  98.52ms    7.98m
                     'violation_ls':      3695 [  1.02ms,    1.66s] 369.07ms 256.07ms   22.73m      3695 [740.00ns, 290.10ms] 111.72ms  37.45ms    6.88m
                     'violation_ls':      3695 [669.46us,    1.74s] 321.35ms 234.28ms   19.79m      3695 [450.00ns, 320.83ms] 106.60ms  37.94ms    6.56m
                     'violation_ls':      3695 [766.88us,    1.85s] 342.59ms 252.28ms   21.10m      3695 [800.00ns, 318.35ms] 117.39ms  44.89ms    7.23m
                     'violation_ls':      3696 [  1.01ms,    1.61s] 391.33ms 262.38ms   24.11m      3696 [  1.74us, 290.97ms] 116.82ms  36.76ms    7.20m
                     'violation_ls':      3696 [697.35us,    1.68s] 373.23ms 267.64ms   22.99m      3696 [360.00ns, 345.43ms] 118.27ms  42.76ms    7.29m

Search stats                         Bools  Conflicts   Branches  Restarts   BoolPropag  IntegerPropag
                           'core':   6'461    235'788    607'902    43'540  508'546'110    288'910'844
                     'default_lp':   4'824    160'558    698'741    84'587  107'649'872    291'808'592
                      'fs_random':     146          0        292       292           30         10'439
                      'fs_random':     146          0        292       292           30         10'439
                      'fs_random':     146          0        292       292           30         10'439
                      'fs_random':     146          0        292       292           30         10'440
                'fs_random_no_lp':     146          0        404       292           53         19'789
                'fs_random_no_lp':     146         29        450       292          325         30'077
                'fs_random_no_lp':     146         32        483       292          351         34'626
                'fs_random_no_lp':     146         45        644       292          359         40'962
        'fs_random_quick_restart':     146          0        292       292           30         10'439
        'fs_random_quick_restart':     146          0        292       292           30         10'439
        'fs_random_quick_restart':     146          0        292       292           30         10'439
        'fs_random_quick_restart':     146          0        292       292           30         10'439
  'fs_random_quick_restart_no_lp':     146          0        391       292           74         20'437
  'fs_random_quick_restart_no_lp':     146          0        406       292           37         16'913
  'fs_random_quick_restart_no_lp':     148          0        435       292           35         19'071
                 'lb_tree_search':     146        279    392'512    54'708      737'523     51'658'404
                         'max_lp':     146    104'816  1'297'212   337'256    5'986'812    275'856'245
                          'no_lp':   2'227    288'996    737'894    45'825  135'873'851    476'464'603
            'objective_lb_search':     528     97'054    649'327   122'738   10'211'616    268'276'562
     'objective_lb_search_max_lp':     377     30'234    877'605   181'656    7'430'907    275'501'029
      'objective_lb_search_no_lp':     635    225'440    497'786    36'683   15'581'956    396'883'667
                        'probing':     926        599     16'519     9'077      122'830      1'144'029
                 'probing_max_lp':     926        631      6'533     4'042       76'606        684'424
                   'pseudo_costs':     149    133'686    829'697   148'564    6'100'448    297'512'881
                  'quick_restart':   4'031     55'328  1'036'748   118'450  127'358'322    208'906'555
            'quick_restart_no_lp':   6'181    274'552  1'486'992    68'926  363'179'038    425'257'954
                  'reduced_costs':  19'349    147'559  1'344'723    91'997  363'617'793    258'088'737

SAT stats                           ClassicMinim  LitRemoved  LitLearned  LitForgotten  Subsumed  MClauses  MDecisions  MLitTrue  MSubsumed  MLitRemoved  MReused
                           'core':       208'314   1'206'253   2'202'632       187'704     1'889    20'751     102'639         0        739        2'801      374
                     'default_lp':       115'595     455'405   2'631'452     2'081'803     2'151    40'404     357'358         0      6'437       44'150    6'270
                      'fs_random':             0           0           0             0         0         0           0         0          0            0        0
                      'fs_random':             0           0           0             0         0         0           0         0          0            0        0
                      'fs_random':             0           0           0             0         0         0           0         0          0            0        0
                      'fs_random':             0           0           0             0         0         0           0         0          0            0        0
                'fs_random_no_lp':             0           0           0             0         0         0           0         0          0            0        0
                'fs_random_no_lp':             1           1         184             0         0         0           0         0          0            0        0
                'fs_random_no_lp':             2           4         229             0         0         0           0         0          0            0        0
                'fs_random_no_lp':             3           3         255             0         0         0           0         0          0            0        0
        'fs_random_quick_restart':             0           0           0             0         0         0           0         0          0            0        0
        'fs_random_quick_restart':             0           0           0             0         0         0           0         0          0            0        0
        'fs_random_quick_restart':             0           0           0             0         0         0           0         0          0            0        0
        'fs_random_quick_restart':             0           0           0             0         0         0           0         0          0            0        0
  'fs_random_quick_restart_no_lp':             0           0           0             0         0         0           0         0          0            0        0
  'fs_random_quick_restart_no_lp':             0           0           0             0         0         0           0         0          0            0        0
  'fs_random_quick_restart_no_lp':             0           0           0             0         0         0           0         0          0            0        0
                 'lb_tree_search':             0           0         961             0         0    22'838     119'597         0         79          331    2'653
                         'max_lp':        63'347     161'440   2'002'199     1'623'457     2'584   156'078   1'086'449         0        662        3'583   14'219
                          'no_lp':       234'773   1'286'922   6'144'296     5'351'837     2'593    21'478     257'347         0      5'559       45'943    4'763
            'objective_lb_search':        62'567     149'686   1'097'726       178'077     3'877    54'085     448'273         0      4'069       27'699    7'595
     'objective_lb_search_max_lp':        18'612      41'032     342'921        18'615     1'455    71'694     711'789         0      1'627       10'274   14'539
      'objective_lb_search_no_lp':       159'364     448'425   2'665'680       796'605     5'771    17'812     196'931         0      5'355       39'512    3'154
                        'probing':             0           0         599             0         0         0           0         0          0            0        0
                 'probing_max_lp':             0           0         631             0         0         0           0         0          0            0        0
                   'pseudo_costs':        94'890     292'565   2'241'227     1'760'463     3'173    67'451     603'493         0        965        7'671   12'366
                  'quick_restart':        41'336     203'839     931'523       542'983     1'390    55'224     519'971        39      6'272       43'860    9'783
            'quick_restart_no_lp':       225'944   1'503'572   5'161'508     4'220'570     2'744    25'643     231'104        34     12'727       91'735    2'760
                  'reduced_costs':       108'558     502'729   2'487'282     1'994'828       930    43'346     420'819         0      3'736       23'048    9'482

Lp stats                         Component  Iterations  AddedCuts  OPTIMAL  DUAL_F.  DUAL_U.
                  'default_lp':          1   1'226'764     73'015  215'942        0        4
                   'fs_random':          1         362        213        5        0        0
                   'fs_random':          1         413        388        7        0        0
                   'fs_random':          1         466        504        9        0        0
                   'fs_random':          1         470        464        7        1        0
     'fs_random_quick_restart':          1         413        316        7        0        0
     'fs_random_quick_restart':          1         413        445        7        0        0
     'fs_random_quick_restart':          1         413        445        7        0        0
     'fs_random_quick_restart':          1         413        466        7        0        0
              'lb_tree_search':          1   8'328'757     26'130  202'085   71'431        0
                      'max_lp':          1   3'222'959     84'013  132'595  122'986       64
         'objective_lb_search':          1   2'284'972     40'855  169'754        0        0
  'objective_lb_search_max_lp':          1   3'294'091     36'871   60'455   16'787       49
                     'probing':          1   1'046'400     35'640   43'251        0        0
              'probing_max_lp':          1   1'530'972     55'096   17'057    2'855        0
                'pseudo_costs':          1   2'685'014    123'041  150'929  145'086       61
               'quick_restart':          1   2'706'639     58'818  211'312        1        0
               'reduced_costs':          1   2'492'301    146'739  195'473  146'063       20

Lp dimension                                                                       Final dimension of first component
                  'default_lp':    571 rows, 514 columns, 2734 entries with magnitude in [7.915370e-03, 1.000000e+00]
                   'fs_random':    274 rows, 514 columns, 1478 entries with magnitude in [2.851082e-02, 1.000000e+00]
                   'fs_random':    324 rows, 514 columns, 1638 entries with magnitude in [2.851082e-02, 1.000000e+00]
                   'fs_random':    374 rows, 514 columns, 1797 entries with magnitude in [1.407695e-02, 1.000000e+00]
                   'fs_random':    374 rows, 514 columns, 1797 entries with magnitude in [1.407695e-02, 1.000000e+00]
     'fs_random_quick_restart':    324 rows, 514 columns, 1638 entries with magnitude in [2.851082e-02, 1.000000e+00]
     'fs_random_quick_restart':    324 rows, 514 columns, 1639 entries with magnitude in [2.728428e-02, 1.000000e+00]
     'fs_random_quick_restart':    324 rows, 514 columns, 1639 entries with magnitude in [2.728428e-02, 1.000000e+00]
     'fs_random_quick_restart':    374 rows, 514 columns, 1797 entries with magnitude in [1.407695e-02, 1.000000e+00]
              'lb_tree_search':   1085 rows, 536 columns, 4709 entries with magnitude in [3.796483e-03, 1.000000e+00]
                      'max_lp':   1134 rows, 536 columns, 4740 entries with magnitude in [9.955107e-03, 1.000000e+00]
         'objective_lb_search':    786 rows, 514 columns, 4315 entries with magnitude in [9.029105e-04, 1.000000e+00]
  'objective_lb_search_max_lp':  2207 rows, 536 columns, 10254 entries with magnitude in [1.770340e-03, 1.000000e+00]
                     'probing':  1651 rows, 514 columns, 12114 entries with magnitude in [2.877336e-04, 1.000000e+00]
              'probing_max_lp':  2554 rows, 536 columns, 23347 entries with magnitude in [3.220194e-04, 1.000000e+00]
                'pseudo_costs':    740 rows, 536 columns, 3331 entries with magnitude in [1.191422e-03, 1.000000e+00]
               'quick_restart':   1313 rows, 514 columns, 6797 entries with magnitude in [7.604715e-04, 1.000000e+00]
               'reduced_costs':    644 rows, 536 columns, 2924 entries with magnitude in [6.547824e-03, 1.000000e+00]

Lp debug                         CutPropag  CutEqPropag   Adjust  Overflow         Bad  BadScaling
                  'default_lp':         15          148   73'794         0   1'183'979           0
                   'fs_random':          0            0        0         0       1'949           0
                   'fs_random':          0            0        0         0       2'118           0
                   'fs_random':          0            0        0         0       2'158           0
                   'fs_random':          0            0        0         0         477           0
     'fs_random_quick_restart':          0            0        0         0       1'126           0
     'fs_random_quick_restart':          0            0        0         0       1'946           0
     'fs_random_quick_restart':          0            0        0         0       2'095           0
     'fs_random_quick_restart':          0            0        0         0       2'118           0
              'lb_tree_search':         34           22  170'064         0     326'451           0
                      'max_lp':         87           63   72'596         0   1'141'507           0
         'objective_lb_search':         26          106   69'627         0   1'677'713           0
  'objective_lb_search_max_lp':         71           44   39'936         0   1'097'174           0
                     'probing':         23          438   40'939         0  40'119'261           0
              'probing_max_lp':         79          218   19'558         0  18'597'838           0
                'pseudo_costs':        134          144  154'442         0   1'389'943           0
               'quick_restart':         38          163  124'931         0   3'465'037           0
               'reduced_costs':        165          137  167'556         0   1'390'314           0

Lp pool                          Constraints  Updates  Simplif  Merged  Shortened    Split  Strenghtened        Cuts/Call
                  'default_lp':       10'090    2'520   13'579     535          0   42'240        14'644   73'015/218'430
                   'fs_random':        1'074        0        0       0          0        0            88          464/937
                   'fs_random':        1'114        0        0       0          0        0            80        504/1'013
                   'fs_random':          823        0        0       0          0        0            58          213/337
                   'fs_random':          998        0        0       0          0        0            76          388/843
     'fs_random_quick_restart':        1'055        0        0       0          0        0            75          445/911
     'fs_random_quick_restart':        1'055        0        0       0          0        0            87          445/919
     'fs_random_quick_restart':        1'076        0        0       0          0        0            85          466/964
     'fs_random_quick_restart':          926        0        0       0          0        0            64          316/626
              'lb_tree_search':       15'929    1'297   84'071     234          0    5'095        85'318   26'130/158'494
                      'max_lp':       15'652    1'833  151'177     394          0   35'747       117'977   84'013/222'871
         'objective_lb_search':       10'339    2'391   82'031     126          0   91'166        19'825   40'855/156'451
  'objective_lb_search_max_lp':       16'796    2'056  143'764     108          0   30'883       115'557   36'871/104'696
                     'probing':       10'230    5'581   79'630      20          0  212'212        16'263   35'640/107'323
              'probing_max_lp':       16'110    4'810  109'770      19          0   66'056        93'731   55'096/148'841
                'pseudo_costs':       15'638    2'329  162'577     436          0   36'410       130'066  123'041/270'144
               'quick_restart':       10'131    4'250   60'073     297          0  389'324        38'075   58'818/271'681
               'reduced_costs':       16'264    2'113  169'186     508          0   43'921       139'199  146'739/342'031

Lp Cut            fs_ran  fs_ran  fs_ran  fs_ran  fs_ran  fs_ran  fs_ran  fs_ran  defaul  max_lp  quick_  reduce  pseudo  lb_tre  probin  object  probin  object
          CG_FF:      17      33      33       8      33      32      17      33   4'577   3'321   1'268   8'838   5'480     728     651   1'654     362     900
           CG_K:      15      23      23       7      23      23      15      23   2'999   2'676     652   7'361   4'175     408     312     997     217     322
          CG_KL:       -       -       -       -       -       -       -       -       -       2       1       8       3       -       -       -       -       -
           CG_R:       7      12      12       5      12      12       7      12   4'115   2'577     943   7'162   4'088     486     521   1'368     299     370
          CG_RB:       6      26      26       3      26      24       6      26  10'137   9'210   4'498  19'415  16'969   4'296   2'104   6'992   1'666   3'767
         CG_RBP:       3       6       6       2       6       5       3       6   1'384   1'098     450   3'353   2'256     362     199     747     192     244
         Clique:       -       -       -       -       -       -       -       -       -     509       -   1'734   1'377     130       -       -     148     130
             IB:     116     155     116      86     116     116     116     116  20'248  15'405  22'127  24'019  19'802   4'267   7'269   9'986   2'675   4'766
       MIR_1_FF:      63      65      65      43      64      64      62      63   3'636   3'724   2'302   7'335   5'848   1'237   1'746   1'861   1'365   1'929
        MIR_1_K:      13      15      14       9      14      13      11      13     715     785     285   1'651   1'340     165     173     289      92     243
       MIR_1_KL:       -       -       -       -       -       -       -       -      14      25      18      35       5       3      56       -      14       -
        MIR_1_R:      20      20      20      13      20      20      18      20     901     526     555   1'250     942     120     367     336     253     201
       MIR_1_RB:      44      51      45      19      46      45      29      46   4'685   9'574   3'869  13'961  13'128   2'911   3'075   2'781   3'373   4'881
      MIR_1_RBP:       2       2       2       -       2       2       -       1     278   1'838     128   3'265   2'854     555     118     131     286     532
      MIR_1_RLT:       -       -       -       -       -       -       -       -       -      38       -     113      66      10       -       -      29      14
       MIR_2_FF:      27      25      25       7      23      26       8      21   1'911   2'350   1'445   4'026   3'318     733     972   1'036     795   1'195
        MIR_2_K:       5       8       7       2       5       6       4       6     434     545     264   1'001     857     122     194     216      83     196
       MIR_2_KL:       -       -       -       -       -       -       -       -      46      72     145     122     106      17     108      23      17      24
        MIR_2_R:       4       6       5       2       5       6       2       7     621     939     583   1'330   1'407     376     478     376     963     750
       MIR_2_RB:      18      15      17       6      18      20       8      13   2'896   4'906   2'816   6'953   6'943   1'452   2'411   1'872   1'729   2'647
      MIR_2_RBP:       1       1       3       -       2       2       -       2     282   1'072     177   1'825   1'668     340     158     133     160     372
       MIR_3_FF:       4       4       7       -       6       3       2       5     987   1'383     742   2'365   1'998     452     515     571     353     607
        MIR_3_K:       1       -       -       -       -       -       -       -     334     440     173     820     663     127     133     170      71     156
       MIR_3_KL:       -       -       -       -       -       -       -       -      69      57      92     109      96       6     154      11      14      20
        MIR_3_R:       1       3       2       -       -       1       1       1     478     707     431   1'039     947     266     299     284     480     461
       MIR_3_RB:       7       4       8       -       4       5       2       8   1'771   2'658   1'809   3'947   3'915     815   1'461   1'088     968   1'386
      MIR_3_RBP:       3       -       1       -       1       1       -       3     202     534     135   1'060     912     183     139     104     104     185
       MIR_4_FF:       -       -       -       -       2       -       -       -     469     724     422   1'246   1'107     233     301     310     179     270
        MIR_4_K:       1       -       1       -       -       1       -       1     201     329     113     588     536      94      77     104      80     127
       MIR_4_KL:       -       -       -       -       -       -       -       -      32      38      41      88      54       7      60      12      10      14
        MIR_4_R:       -       1       1       -       2       1       -       1     346     439     304     635     603     157     188     186     228     246
       MIR_4_RB:       3       5       1       -       3       -       1       4     964   1'336   1'087   1'999   1'940     406     928     666     461     603
      MIR_4_RBP:       -       -       1       -       -       -       -       -     137     323      82     595     466      81      78      78      53     100
       MIR_5_FF:       1       -       -       -       -       -       -       -     298     379     259     636     666     124     202     196      75     128
        MIR_5_K:       -       -       -       -       -       -       -       -     143     199      81     336     343      66      57      61      33      94
       MIR_5_KL:       -       1       -       -       1       1       -       -      30      15      41      47      39       6      71      10      10       6
        MIR_5_R:       -       -       1       -       -       1       -       -     259     222     200     360     380      79     131     125      80     130
       MIR_5_RB:       -       -       1       -       -       1       -       -     589     656     503   1'158   1'147     219     559     328     224     291
      MIR_5_RBP:       -       1       -       -       1       1       -       -      87     167      36     346     324      53      36      31      33      46
       MIR_6_FF:       -       1       1       -       1       1       -       -     222     212     194     433     418      70     130     128      45      79
        MIR_6_K:       1       1       1       -       2       2       -       1      68      97      67     239     253      40      36      43      16      42
       MIR_6_KL:       -       -       -       -       -       -       -       -      16      10      18      17      22       5      33       3       1       5
        MIR_6_R:       -       1       1       -       1       1       -       -     168     145     157     188     220      48      63      82      36      54
       MIR_6_RB:       1       1       1       -       1       1       -       1     343     357     318     649     694     130     292     172      91     146
      MIR_6_RBP:       -       -       -       -       -       1       -       1      41      94      18     304     218      33      32      21      25      34
   ZERO_HALF_FF:       3       7       6       1       7       4       3       5     630     896     319   1'705   1'310     273     131     301     156     241
    ZERO_HALF_K:       -       2       2       -       2       -       -       1     177     267      69     621     410      58      27      98      25      70
    ZERO_HALF_R:       1       5       6       -       8       2       1       3   2'629   6'931   7'338   5'849   6'298   2'353   7'220   3'963  33'242   6'502
   ZERO_HALF_RB:       -       3       5       -       5       1       -       1   1'232   2'594   1'016   3'567   3'488     834   1'126     770   2'144   1'067
  ZERO_HALF_RBP:       -       1       -       -       2       -       -       1     214     612     227   1'036     942     194     249     141   1'141     278

LNS stats           Improv/Calls  Closed  Difficulty  TimeLimit
  'graph_arc_lns':       19/3694     50%        0.98       0.39
  'graph_cst_lns':       10/3644     50%        0.98       0.37
  'graph_dec_lns':       20/3694     50%        0.99       0.38
  'graph_var_lns':       12/3694     50%        0.99       0.41
      'rins/rens':      440/3375     50%        0.78       0.10
    'rnd_cst_lns':       15/3691     50%        0.99       0.38
    'rnd_var_lns':       26/3695     50%        0.99       0.36

LS stats                   Batches  Restarts    LinMoves   GenMoves  CompoundMoves  WeightUpdates
       'fj_long_default':        1         1       9'927          0              0             73
       'fj_long_default':        1         1       9'942          0              0             58
   'fj_long_lin_default':        1         1           0      2'766            276              0
   'fj_long_lin_perturb':        1         1       9'774          0              0            226
    'fj_long_lin_random':        1         1       9'685          0              0            315
       'fj_long_perturb':        1         1           0      3'529            531              1
        'fj_long_random':        1         1       9'923          0              0             77
      'fj_short_default':        1         1       9'660          0              0            340
      'fj_short_default':        2         1           0      5'614            587              1
  'fj_short_lin_default':        1         1           0      3'035            434              0
  'fj_short_lin_default':        1         1           0      3'134            544              1
  'fj_short_lin_perturb':        1         1       9'923          0              0             77
   'fj_short_lin_random':        1         1           0      2'521            342              0
      'fj_short_perturb':        1         1       9'926          0              0             74
       'fj_short_random':        1         1           0      2'879            391              0
          'violation_ls':    3'695         0  14'051'374  8'342'831        462'891        541'543
          'violation_ls':    3'695         0  15'146'629  7'986'579        483'156      1'043'368
          'violation_ls':    3'695         0  17'428'083  6'808'598        364'503      1'227'524
          'violation_ls':    3'696         0  19'480'414  6'152'317        366'482      1'557'077
          'violation_ls':    3'696         0  20'665'019  5'602'012        291'456      1'419'181

Solutions (76)            Num     Rank
        'graph_arc_lns':    3  [37,68]
        'graph_var_lns':    1  [67,67]
                'no_lp':   15   [1,35]
  'quick_restart_no_lp':    5  [36,59]
          'rins_lp_lns':    2  [25,61]
        'rins_pump_lns':    2  [52,75]
          'rnd_cst_lns':    1  [60,60]
          'rnd_var_lns':    1  [76,76]
         'violation_ls':   46   [6,74]

Objective bounds                      Num
                        'bool_core':  106
                   'initial_domain':    1
              'objective_lb_search':   16
       'objective_lb_search_max_lp':    7
        'objective_lb_search_no_lp':   56
  'objective_shaving_search_max_lp':    3
   'objective_shaving_search_no_lp':    5

Solution repositories     Added  Queried  Ignored  Synchro
  'feasible solutions':  25'097   72'983        0   24'083
        'lp solutions':   6'757    1'858        0    6'401
                'pump':  76'179    1'839

Improving bounds shared            Num
                        'core':    173
                  'default_lp':     62
              'lb_tree_search':     34
                      'max_lp':    167
                       'no_lp':     40
         'objective_lb_search':     30
  'objective_lb_search_max_lp':     80
                     'probing':  2'221
              'probing_max_lp':    994
                'pseudo_costs':    422
               'quick_restart':    432
         'quick_restart_no_lp':  1'752
               'reduced_costs':    265

Clauses shared                  Num
                       'core':    1
                 'default_lp':    8
            'fs_random_no_lp':    8
             'lb_tree_search':    1
                     'max_lp':    2
                      'no_lp':   12
        'objective_lb_search':    1
  'objective_lb_search_no_lp':    1
               'pseudo_costs':    4
              'quick_restart':    8
        'quick_restart_no_lp':   43

CpSolverResponse summary:
status: FEASIBLE
objective: 1502
best_bound: 870
integers: 515
booleans: 146
conflicts: 0
branches: 292
propagations: 30
integer_propagations: 10439
restarts: 292
lp_iterations: 413
walltime: 3600.22
usertime: 3600.22
deterministic_time: 9951.64
gap_integral: 64915.1
solution_fingerprint: 0xc6de4d56164dc3c1


--- Simulation Gantt  partir du modle mathmatique ---
{'big':1, 'due_date':186, 'pos_time':5, 'status':0, 'blocked':0, 'operations':["{'type':0, 'processing_time':19}", "{'type':1, 'processing_time':48}"]}
{'big':1, 'due_date':105, 'pos_time':5, 'status':0, 'blocked':0, 'operations':["{'type':0, 'processing_time':12}", "{'type':1, 'processing_time':14}"]}
{'big':0, 'due_date':180, 'pos_time':5, 'status':0, 'blocked':0, 'operations':["{'type':1, 'processing_time':30}", "{'type':0, 'processing_time':42}"]}
{'big':0, 'due_date':82, 'pos_time':5, 'status':0, 'blocked':0, 'operations':["{'type':0, 'processing_time':42}", "{'type':1, 'processing_time':52}"]}
{'big':0, 'due_date':222, 'pos_time':5, 'status':0, 'blocked':0, 'operations':["{'type':1, 'processing_time':49}", "{'type':0, 'processing_time':31}"]}
{'big':1, 'due_date':149, 'pos_time':5, 'status':0, 'blocked':0, 'operations':["{'type':0, 'processing_time':32}", "{'type':1, 'processing_time':46}"]}
{'big':0, 'due_date':124, 'pos_time':5, 'status':0, 'blocked':0, 'operations':["{'type':0, 'processing_time':51}"]}
{'big':1, 'due_date':142, 'pos_time':5, 'status':0, 'blocked':0, 'operations':["{'type':1, 'processing_time':50}"]}
{'big':0, 'due_date':70, 'pos_time':5, 'status':0, 'blocked':0, 'operations':["{'type':0, 'processing_time':31}"]}
{'big':0, 'due_date':88, 'pos_time':5, 'status':0, 'blocked':0, 'operations':["{'type':1, 'processing_time':16}"]}
