created virtual environment CPython3.12.4.final.0-64 in 361ms
  creator CPython3Posix(dest=/localscratch/aneumann.47038268.0/env, clear=False, no_vcs_ignore=False, global=False)
  seeder FromAppData(download=False, pip=bundle, via=copy, app_data_dir=/home/aneumann/.local/share/virtualenv)
    added seed packages: pip==24.2+computecanada
  activators BashActivator,CShellActivator,FishActivator,NushellActivator,PowerShellActivator,PythonActivator
Looking in links: /cvmfs/soft.computecanada.ca/custom/python/wheelhouse/gentoo2023/x86-64-v3, /cvmfs/soft.computecanada.ca/custom/python/wheelhouse/gentoo2023/generic, /cvmfs/soft.computecanada.ca/custom/python/wheelhouse/generic
Requirement already satisfied: pip in /localscratch/aneumann.47038268.0/env/lib/python3.12/site-packages (24.2+computecanada)
Processing /cvmfs/soft.computecanada.ca/custom/python/wheelhouse/generic/pip-25.0+computecanada-py3-none-any.whl
Installing collected packages: pip
  Attempting uninstall: pip
    Found existing installation: pip 24.2+computecanada
    Uninstalling pip-24.2+computecanada:
      Successfully uninstalled pip-24.2+computecanada
Successfully installed pip-25.0+computecanada
Looking in links: /cvmfs/soft.computecanada.ca/custom/python/wheelhouse/gentoo2023/x86-64-v3, /cvmfs/soft.computecanada.ca/custom/python/wheelhouse/gentoo2023/generic, /cvmfs/soft.computecanada.ca/custom/python/wheelhouse/generic
ERROR: protobuf-5.28.3-cp38-abi3-manylinux2014_x86_64.whl is not a supported wheel on this platform.
Looking in links: /cvmfs/soft.computecanada.ca/custom/python/wheelhouse/gentoo2023/x86-64-v3, /cvmfs/soft.computecanada.ca/custom/python/wheelhouse/gentoo2023/generic, /cvmfs/soft.computecanada.ca/custom/python/wheelhouse/generic
Processing /home/aneumann/projects/def-adhaj/aneumann/GNRS/wheels/immutabledict-4.2.0-py3-none-any.whl
Installing collected packages: immutabledict
Successfully installed immutabledict-4.2.0
Looking in links: /cvmfs/soft.computecanada.ca/custom/python/wheelhouse/gentoo2023/x86-64-v3, /cvmfs/soft.computecanada.ca/custom/python/wheelhouse/gentoo2023/generic, /cvmfs/soft.computecanada.ca/custom/python/wheelhouse/generic
Processing /cvmfs/soft.computecanada.ca/custom/python/wheelhouse/generic/ortools-9.10.4067+computecanada-cp312-cp312-linux_x86_64.whl (from -r /home/aneumann/projects/def-adhaj/aneumann/GNRS/requirements/or.txt (line 1))
Processing /cvmfs/soft.computecanada.ca/custom/python/wheelhouse/gentoo2023/x86-64-v3/matplotlib-3.10.0+computecanada-cp312-cp312-linux_x86_64.whl (from -r /home/aneumann/projects/def-adhaj/aneumann/GNRS/requirements/or.txt (line 2))
Processing /cvmfs/soft.computecanada.ca/custom/python/wheelhouse/gentoo2023/x86-64-v3/pandas-2.2.3+computecanada-cp312-cp312-linux_x86_64.whl (from -r /home/aneumann/projects/def-adhaj/aneumann/GNRS/requirements/or.txt (line 3))
Processing /cvmfs/soft.computecanada.ca/custom/python/wheelhouse/generic/absl_py-2.3.0+computecanada-py3-none-any.whl (from ortools<9.11,>=9.10->-r /home/aneumann/projects/def-adhaj/aneumann/GNRS/requirements/or.txt (line 1))
Processing /cvmfs/soft.computecanada.ca/custom/python/wheelhouse/gentoo2023/generic/numpy-2.2.2+computecanada-cp312-cp312-linux_x86_64.whl (from ortools<9.11,>=9.10->-r /home/aneumann/projects/def-adhaj/aneumann/GNRS/requirements/or.txt (line 1))
Processing /cvmfs/soft.computecanada.ca/custom/python/wheelhouse/gentoo2023/x86-64-v3/protobuf-6.31.1+computecanada-cp312-cp312-linux_x86_64.whl (from ortools<9.11,>=9.10->-r /home/aneumann/projects/def-adhaj/aneumann/GNRS/requirements/or.txt (line 1))
Requirement already satisfied: immutabledict>=3.0.0 in /localscratch/aneumann.47038268.0/env/lib/python3.12/site-packages (from ortools<9.11,>=9.10->-r /home/aneumann/projects/def-adhaj/aneumann/GNRS/requirements/or.txt (line 1)) (4.2.0)
Processing /cvmfs/soft.computecanada.ca/custom/python/wheelhouse/gentoo2023/generic/contourpy-1.3.1+computecanada-cp312-cp312-linux_x86_64.whl (from matplotlib->-r /home/aneumann/projects/def-adhaj/aneumann/GNRS/requirements/or.txt (line 2))
Processing /cvmfs/soft.computecanada.ca/custom/python/wheelhouse/generic/cycler-0.12.1+computecanada-py3-none-any.whl (from matplotlib->-r /home/aneumann/projects/def-adhaj/aneumann/GNRS/requirements/or.txt (line 2))
Processing /cvmfs/soft.computecanada.ca/custom/python/wheelhouse/generic/fonttools-4.59.0+computecanada-cp312-cp312-linux_x86_64.whl (from matplotlib->-r /home/aneumann/projects/def-adhaj/aneumann/GNRS/requirements/or.txt (line 2))
Processing /cvmfs/soft.computecanada.ca/custom/python/wheelhouse/gentoo2023/x86-64-v3/kiwisolver-1.4.8+computecanada-cp312-cp312-linux_x86_64.whl (from matplotlib->-r /home/aneumann/projects/def-adhaj/aneumann/GNRS/requirements/or.txt (line 2))
Processing /cvmfs/soft.computecanada.ca/custom/python/wheelhouse/generic/packaging-25.0+computecanada-py3-none-any.whl (from matplotlib->-r /home/aneumann/projects/def-adhaj/aneumann/GNRS/requirements/or.txt (line 2))
Processing /cvmfs/soft.computecanada.ca/custom/python/wheelhouse/gentoo2023/x86-64-v3/pillow-11.1.0+computecanada-cp312-cp312-linux_x86_64.whl (from matplotlib->-r /home/aneumann/projects/def-adhaj/aneumann/GNRS/requirements/or.txt (line 2))
Processing /cvmfs/soft.computecanada.ca/custom/python/wheelhouse/generic/pyparsing-3.2.3+computecanada-py3-none-any.whl (from matplotlib->-r /home/aneumann/projects/def-adhaj/aneumann/GNRS/requirements/or.txt (line 2))
Processing /cvmfs/soft.computecanada.ca/custom/python/wheelhouse/generic/python_dateutil-2.9.0.post0+computecanada-py2.py3-none-any.whl (from matplotlib->-r /home/aneumann/projects/def-adhaj/aneumann/GNRS/requirements/or.txt (line 2))
Processing /cvmfs/soft.computecanada.ca/custom/python/wheelhouse/generic/pytz-2025.2+computecanada-py2.py3-none-any.whl (from pandas->-r /home/aneumann/projects/def-adhaj/aneumann/GNRS/requirements/or.txt (line 3))
Processing /cvmfs/soft.computecanada.ca/custom/python/wheelhouse/generic/tzdata-2025.2+computecanada-py2.py3-none-any.whl (from pandas->-r /home/aneumann/projects/def-adhaj/aneumann/GNRS/requirements/or.txt (line 3))
Processing /cvmfs/soft.computecanada.ca/custom/python/wheelhouse/generic/six-1.17.0+computecanada-py2.py3-none-any.whl (from python-dateutil>=2.7->matplotlib->-r /home/aneumann/projects/def-adhaj/aneumann/GNRS/requirements/or.txt (line 2))
Installing collected packages: pytz, tzdata, six, pyparsing, protobuf, pillow, packaging, numpy, kiwisolver, fonttools, cycler, absl-py, python-dateutil, contourpy, pandas, matplotlib, ortools
Successfully installed absl-py-2.3.0+computecanada contourpy-1.3.1+computecanada cycler-0.12.1+computecanada fonttools-4.59.0+computecanada kiwisolver-1.4.8+computecanada matplotlib-3.10.0+computecanada numpy-2.2.2+computecanada ortools-9.10.4067+computecanada packaging-25.0+computecanada pandas-2.2.3+computecanada pillow-11.1.0+computecanada protobuf-6.31.1+computecanada pyparsing-3.2.3+computecanada python-dateutil-2.9.0.post0+computecanada pytz-2025.2+computecanada six-1.17.0+computecanada tzdata-2025.2+computecanada

Starting CP-SAT solver v9.10.4067
Parameters: max_time_in_seconds: 86400 max_memory_in_mb: 185000 log_search_progress: true enumerate_all_solutions: false num_search_workers: 32 absolute_gap_limit: 0 relative_gap_limit: 0

Initial optimization model '': (model_fingerprint: 0x5f7a3a2c847c4cd2)
#Variables: 890 (#ints: 17 in objective)
  - 717 Booleans in [0,1]
  - 173 in [0,1229]
#kLinear1: 85
#kLinear2: 1'810
#kLinear3: 782
#kLinearN: 34'158 (#terms: 896'529)

Starting presolve at 0.02s
  4.06e-02s  0.00e+00d  [DetectDominanceRelations] 
  6.61e-01s  0.00e+00d  [PresolveToFixPoint] #num_loops=8 #num_dual_strengthening=3 
  3.30e-04s  0.00e+00d  [ExtractEncodingFromLinear] #potential_supersets=9 
[Symmetry] Graph for symmetry has 36'420 nodes and 781'513 arcs.
[Symmetry] Symmetry computation done. time: 0.0305967 dtime: 0.0571561
[Symmetry] #generators: 1, average support size: 50
[Symmetry] The model contains 836 duplicate constraints !
[Symmetry] 25 orbits with sizes: 2,2,2,2,2,2,2,2,2,2,...
[Symmetry] Num fixable by intersecting at_most_one with orbits: 1 largest_orbit: 2
  2.74e-01s  6.67e-02d  [Probe] #probed=1'178 #new_bounds=15 #equiv=1 
  3.38e-04s  0.00e+00d  [MaxClique] Merged 10(20 literals) into 8(16 literals) at_most_ones. 
  4.05e-02s  0.00e+00d  [DetectDominanceRelations] 
  3.19e-01s  0.00e+00d  [PresolveToFixPoint] #num_loops=5 #num_dual_strengthening=3 
  1.64e-01s  0.00e+00d  [ProcessAtMostOneAndLinear] 
  4.22e-02s  0.00e+00d  [DetectDuplicateConstraints] #duplicates=1'123 #without_enforcements=132 
  8.31e-02s  5.46e-03d  [DetectDominatedLinearConstraints] #relevant_constraints=32'315 #num_inclusions=16'739 
  4.42e-03s  0.00e+00d  [DetectDifferentVariables] #different=92 #cliques=1 #size=12 
  1.49e-02s  1.36e-03d  [ProcessSetPPC] #relevant_constraints=31'425 
  4.69e-04s  0.00e+00d  [FindAlmostIdenticalLinearConstraints] 
  3.78e-03s  5.01e-03d  [FindBigAtMostOneAndLinearOverlap] 
  2.49e-01s  1.33e-01d  [FindBigVerticalLinearOverlap] #blocks=425 #saved_nz=189'607 
  7.44e-03s  2.73e-03d  [FindBigHorizontalLinearOverlap] #linears=30'342 
  2.20e-04s  0.00e+00d  [MergeClauses] 
  4.16e-02s  0.00e+00d  [DetectDominanceRelations] 
  3.60e-01s  0.00e+00d  [PresolveToFixPoint] #num_loops=3 #num_dual_strengthening=1 
  4.15e-02s  0.00e+00d  [DetectDominanceRelations] 
  2.16e-01s  0.00e+00d  [PresolveToFixPoint] #num_loops=1 #num_dual_strengthening=1 
[Symmetry] Graph for symmetry has 36'559 nodes and 588'283 arcs.
[Symmetry] Symmetry computation done. time: 0.0149408 dtime: 0.0306615
  2.40e-01s  5.10e-02d  [Probe] #probed=1'180 #new_bounds=318 #new_binary_clauses=2 
  2.38e-04s  0.00e+00d  [MaxClique] 
  4.14e-02s  0.00e+00d  [DetectDominanceRelations] 
  3.31e-01s  0.00e+00d  [PresolveToFixPoint] #num_loops=2 #num_dual_strengthening=1 
  1.54e-01s  0.00e+00d  [ProcessAtMostOneAndLinear] 
  3.79e-02s  0.00e+00d  [DetectDuplicateConstraints] #without_enforcements=132 
  5.55e-02s  3.79e-03d  [DetectDominatedLinearConstraints] #relevant_constraints=32'404 #num_inclusions=3'000 
  3.87e-03s  0.00e+00d  [DetectDifferentVariables] 
  1.28e-02s  9.69e-04d  [ProcessSetPPC] #relevant_constraints=30'340 
  4.61e-04s  2.99e-06d  [FindAlmostIdenticalLinearConstraints] #num_tested_pairs=189 
  1.55e-03s  1.72e-03d  [FindBigAtMostOneAndLinearOverlap] 
  1.71e-01s  8.25e-02d  [FindBigVerticalLinearOverlap] #blocks=1'828 #saved_nz=157'493 
  6.00e-03s  1.80e-03d  [FindBigHorizontalLinearOverlap] #linears=23'572 
  2.43e-04s  0.00e+00d  [MergeClauses] 
  3.12e-02s  0.00e+00d  [DetectDominanceRelations] 
  3.51e-01s  0.00e+00d  [PresolveToFixPoint] #num_loops=3 #num_dual_strengthening=1 
  3.13e-02s  0.00e+00d  [DetectDominanceRelations] 
  2.23e-01s  0.00e+00d  [PresolveToFixPoint] #num_loops=1 #num_dual_strengthening=1 
[Symmetry] Graph for symmetry has 41'312 nodes and 432'079 arcs.
[Symmetry] Symmetry computation done. time: 0.0118448 dtime: 0.022744
  2.21e-01s  4.26e-02d  [Probe] #probed=1'180 #new_bounds=1'077 #new_binary_clauses=2 
  2.64e-04s  0.00e+00d  [MaxClique] 
  3.13e-02s  0.00e+00d  [DetectDominanceRelations] 
  3.23e-01s  0.00e+00d  [PresolveToFixPoint] #num_loops=2 #num_dual_strengthening=1 
  1.45e-01s  0.00e+00d  [ProcessAtMostOneAndLinear] 
  3.49e-02s  0.00e+00d  [DetectDuplicateConstraints] #without_enforcements=132 
  4.10e-02s  2.64e-03d  [DetectDominatedLinearConstraints] #relevant_constraints=33'305 #num_inclusions=1'377 
  3.99e-03s  0.00e+00d  [DetectDifferentVariables] 
  1.01e-02s  6.26e-04d  [ProcessSetPPC] #relevant_constraints=23'698 
  9.69e-04s  9.68e-05d  [FindAlmostIdenticalLinearConstraints] #num_tested_pairs=5'774 
  1.43e-03s  1.16e-03d  [FindBigAtMostOneAndLinearOverlap] 
  9.51e-02s  4.77e-02d  [FindBigVerticalLinearOverlap] #blocks=1'050 #saved_nz=87'552 
  4.77e-03s  1.25e-03d  [FindBigHorizontalLinearOverlap] #linears=17'312 
  2.36e-04s  0.00e+00d  [MergeClauses] 
  2.58e-02s  0.00e+00d  [DetectDominanceRelations] 
  3.17e-01s  0.00e+00d  [PresolveToFixPoint] #num_loops=3 #num_dual_strengthening=1 
  2.36e-03s  0.00e+00d  [ExpandObjective] #entries=13'301 #tight_variables=4'902 #tight_constraints=2'648 

Presolve summary:
  - 273 affine relations were detected.
  - rule 'TODO dual: only one blocking constraint?' was applied 2'317 times.
  - rule 'TODO dual: only one blocking enforced constraint?' was applied 182 times.
  - rule 'TODO dual: only one unspecified blocking constraint?' was applied 143 times.
  - rule 'TODO duplicate: identical constraint with different enforcements' was applied 396 times.
  - rule 'TODO linear2: contains a Boolean.' was applied 72 times.
  - rule 'affine: new relation' was applied 273 times.
  - rule 'at_most_one: removed literals' was applied 8 times.
  - rule 'at_most_one: size one' was applied 8 times.
  - rule 'at_most_one: transformed into max clique.' was applied 1 time.
  - rule 'deductions: 2430 stored' was applied 1 time.
  - rule 'dual: fix variable' was applied 48 times.
  - rule 'dual: reduced domain' was applied 110 times.
  - rule 'duplicate: merged rhs of linear constraint' was applied 257 times.
  - rule 'duplicate: removed constraint' was applied 1'123 times.
  - rule 'enforcement: false literal' was applied 14 times.
  - rule 'exactly_one: x and not(x)' was applied 1 time.
  - rule 'incompatible linear: add implication' was applied 198 times.
  - rule 'linear matrix: common vertical rectangle' was applied 3'303 times.
  - rule 'linear1: always true' was applied 1 time.
  - rule 'linear: always true' was applied 2'226 times.
  - rule 'linear: doubleton free' was applied 23 times.
  - rule 'linear: empty' was applied 60 times.
  - rule 'linear: extracted enforcement literal' was applied 33'869 times.
  - rule 'linear: fixed or dup variables' was applied 34'777 times.
  - rule 'linear: positive equal one' was applied 9 times.
  - rule 'linear: reduced variable domains' was applied 2'904 times.
  - rule 'linear: remapped using affine relations' was applied 34'856 times.
  - rule 'linear: simplified rhs' was applied 122'874 times.
  - rule 'linear: tightened into equality' was applied 8 times.
  - rule 'linear: variable substitution 1' was applied 23 times.
  - rule 'linear: variable substitution 2' was applied 363 times.
  - rule 'linear: variable substitution 3' was applied 205 times.
  - rule 'no_overlap: inferred from x != y constraints' was applied 1 time.
  - rule 'presolve: 174 unused variables removed.' was applied 1 time.
  - rule 'presolve: iteration' was applied 3 times.
  - rule 'probing: reduced enforced constraint to implication.' was applied 10 times.
  - rule 'symmetry: fixed to false in general orbit' was applied 1 time.

Presolved optimization model '': (model_fingerprint: 0xb7512b999c2fd9b9)
#Variables: 3'155 (#ints: 17 in objective)
  - 301 Booleans in [0,1]
  - 2'105 different domains in [-24491,24427] with a largest complexity of 24.
#kExactlyOne: 8 (#literals: 24)
#kInterval: 12
#kLinear1: 1 (#enforced: 1 #multi: 1)
#kLinear2: 2'734 (#enforced: 2'640 #multi: 691)
#kLinear3: 9'974 (#enforced: 8'011 #multi: 38)
#kLinearN: 23'123 (#enforced: 21'773) (#terms: 272'611)
#kNoOverlap: 1 (#intervals: 12)

Preloading model.
#Bound   5.46s best:inf   next:[165,18153] initial_domain
[Symmetry] Graph for symmetry has 42'905 nodes and 345'188 arcs.
[Symmetry] Symmetry computation done. time: 0.0104779 dtime: 0.0186385
#Model   5.53s var:3155/3155 constraints:35853/35853

Starting search at 5.55s with 32 workers.
17 full problem subsolvers: [core, default_lp, fixed, lb_tree_search, max_lp, no_lp, objective_lb_search, objective_lb_search_max_lp, objective_lb_search_no_lp, objective_shaving_search_max_lp, objective_shaving_search_no_lp, probing, probing_max_lp, pseudo_costs, quick_restart, quick_restart_no_lp, reduced_costs]
13 first solution subsolvers: [fj_long_default, fj_long_lin_default, fj_long_random, fj_short_default, fj_short_lin_default, fj_short_lin_random, fj_short_random, fs_random(2), fs_random_no_lp, fs_random_quick_restart(2), fs_random_quick_restart_no_lp]
13 incomplete subsolvers: [feasibility_pump, graph_arc_lns, graph_cst_lns, graph_dec_lns, graph_var_lns, rins/rens, rnd_cst_lns, rnd_var_lns, scheduling_intervals_lns, scheduling_precedences_lns, scheduling_time_window_lns, violation_ls(2)]
3 helper subsolvers: [neighborhood_helper, synchronization_agent, update_gap_integral]
#Bound   6.64s best:inf   next:[201,18153] fs_random_quick_restart_no_lp (initial_propagation)
#Bound   7.27s best:inf   next:[218,18153] objective_lb_search_no_lp
#Bound   7.54s best:inf   next:[229,18153] objective_lb_search_no_lp
#Bound   8.23s best:inf   next:[231,18153] objective_lb_search
#1       8.44s best:7719  next:[231,7718] fs_random_no_lp (fixed_bools=0/415)
#Bound   8.46s best:7719  next:[232,7718] objective_lb_search
#2       8.57s best:6412  next:[232,6411] no_lp (fixed_bools=0/370)
#Bound   8.57s best:6412  next:[233,6411] objective_lb_search
#Bound   8.68s best:6412  next:[268,6411] objective_lb_search_max_lp
#Bound   8.72s best:6412  next:[962,6411] pseudo_costs
#Bound   8.81s best:6412  next:[1089,6411] pseudo_costs
#3       8.83s best:6411  next:[1089,6410] violation_ls(batch:2 #solutions_imported:2 #lin_moves:0 #lin_evals:34'807 #gen_moves:13'233 #gen_evals:1'354 #comp_moves:2'366 #backtracks:5'430 #weight_updates:142)
#4       8.84s best:6410  next:[1089,6409] violation_ls(batch:3 #solutions_imported:3 #lin_moves:0 #lin_evals:34'930 #gen_moves:13'286 #gen_evals:1'359 #comp_moves:2'367 #backtracks:5'456 #weight_updates:142)
#5       8.85s best:6409  next:[1089,6408] violation_ls(batch:4 #solutions_imported:4 #lin_moves:389 #lin_evals:36'556 #gen_moves:13'286 #gen_evals:1'359 #comp_moves:2'367 #backtracks:5'456 #weight_updates:225)
#Bound   8.89s best:6409  next:[1129,6408] pseudo_costs
#6       9.08s best:6407  next:[1129,6406] violation_ls(batch:4 #solutions_imported:3 #lin_moves:9'788 #lin_evals:71'547 #gen_moves:13'090 #gen_evals:1'759 #comp_moves:2'975 #backtracks:5'052 #weight_updates:288)
#7       9.14s best:6095  next:[1129,6094] no_lp (fixed_bools=0/406)
#8       9.44s best:5467  next:[1129,5466] no_lp (fixed_bools=0/424)
#9       9.86s best:5466  next:[1129,5465] no_lp (fixed_bools=0/424)
#Bound  10.21s best:5466  next:[1174,5465] objective_lb_search_max_lp
#10     10.51s best:5458  next:[1174,5457] no_lp (fixed_bools=0/432)
#Bound  10.67s best:5458  next:[1176,5457] objective_lb_search_max_lp
#11     11.32s best:5449  next:[1176,5448] quick_restart_no_lp (fixed_bools=0/489)
#Bound  11.33s best:5449  next:[1189,5448] reduced_costs
#12     11.45s best:5431  next:[1189,5430] no_lp (fixed_bools=0/437)
#Bound  11.72s best:5431  next:[1191,5430] reduced_costs
#13     12.37s best:5426  next:[1191,5425] graph_arc_lns (d=0.94 s=161 t=0.10 p=1.00 stall=1 h=auto_l0) [hint]
#Bound  12.48s best:5426  next:[1194,5425] objective_lb_search_max_lp
#14     12.53s best:5384  next:[1194,5383] graph_var_lns (d=0.94 s=160 t=0.10 p=1.00 stall=5 h=auto_l0)
#15     13.09s best:4971  next:[1194,4970] rins_pump_lns (d=0.88 s=169 t=0.10 p=1.00 stall=3 h=auto_l0)
#16     13.15s best:4970  next:[1194,4969] violation_ls(batch:8 #solutions_imported:7 #lin_moves:19'976 #lin_evals:148'337 #gen_moves:26'955 #gen_evals:4'146 #comp_moves:4'213 #backtracks:11'358 #weight_updates:2'084)
#17     13.33s best:4967  next:[1194,4966] quick_restart_no_lp (fixed_bools=0/582)
#18     13.78s best:4916  next:[1194,4915] rins_pump_lns (d=0.91 s=183 t=0.10 p=1.00 stall=0 h=auto_l0)
#19     16.65s best:4912  next:[1194,4911] quick_restart (fixed_bools=0/483)
#20     16.79s best:4875  next:[1194,4874] rnd_cst_lns (d=0.98 s=211 t=0.10 p=1.00 stall=1 h=auto_l0)
#21     16.84s best:4874  next:[1194,4873] violation_ls(batch:11 #solutions_imported:10 #lin_moves:24'209 #lin_evals:190'699 #gen_moves:34'984 #gen_evals:4'687 #comp_moves:4'626 #backtracks:15'172 #weight_updates:5'599)
#22     16.85s best:4873  next:[1194,4872] violation_ls(batch:11 #solutions_imported:9 #lin_moves:35'775 #lin_evals:215'611 #gen_moves:26'955 #gen_evals:4'146 #comp_moves:4'213 #backtracks:11'358 #weight_updates:6'315)
#23     17.93s best:4872  next:[1194,4871] graph_cst_lns (d=0.98 s=226 t=0.10 p=1.00 stall=8 h=auto_l0)
#24     18.11s best:4871  next:[1194,4870] violation_ls(batch:12 #solutions_imported:11 #lin_moves:24'209 #lin_evals:190'714 #gen_moves:34'995 #gen_evals:4'687 #comp_moves:4'629 #backtracks:15'176 #weight_updates:5'599)
#25     18.12s best:4870  next:[1194,4869] violation_ls(batch:12 #solutions_imported:10 #lin_moves:35'775 #lin_evals:215'652 #gen_moves:26'982 #gen_evals:4'147 #comp_moves:4'216 #backtracks:11'370 #weight_updates:6'315)
#26     18.30s best:4869  next:[1194,4868] graph_arc_lns (d=0.99 s=225 t=0.10 p=1.00 stall=2 h=auto_l0)
#27     19.56s best:4868  next:[1194,4867] rnd_var_lns (d=0.99 s=234 t=0.10 p=1.00 stall=0 h=auto_l0)
#28     19.83s best:4850  next:[1194,4849] graph_var_lns (d=0.99 s=236 t=0.10 p=1.00 stall=0 h=auto_l0)
#29     19.89s best:4849  next:[1194,4848] violation_ls(batch:13 #solutions_imported:12 #lin_moves:29'235 #lin_evals:208'267 #gen_moves:34'995 #gen_evals:4'687 #comp_moves:4'629 #backtracks:15'176 #weight_updates:5'795)
#30     19.90s best:4848  next:[1194,4847] violation_ls(batch:13 #solutions_imported:11 #lin_moves:35'776 #lin_evals:215'669 #gen_moves:26'982 #gen_evals:4'147 #comp_moves:4'216 #backtracks:11'370 #weight_updates:6'315)
#31     21.22s best:4843  next:[1194,4842] graph_var_lns (d=0.99 s=248 t=0.10 p=1.00 stall=0 h=auto_l0)
#32     21.42s best:4804  next:[1194,4803] rnd_var_lns (d=0.99 s=246 t=0.10 p=1.00 stall=0 h=auto_l0)
#33     21.88s best:4803  next:[1194,4802] quick_restart_no_lp (fixed_bools=0/743)
#34     22.05s best:4802  next:[1194,4801] quick_restart_no_lp (fixed_bools=0/749)
#35     22.21s best:4801  next:[1194,4800] quick_restart_no_lp (fixed_bools=0/751)
#36     22.98s best:4800  next:[1194,4799] violation_ls(batch:15 #solutions_imported:14 #lin_moves:29'235 #lin_evals:228'582 #gen_moves:43'914 #gen_evals:5'475 #comp_moves:5'271 #backtracks:19'314 #weight_updates:5'910)
#37     22.99s best:4799  next:[1194,4798] violation_ls(batch:15 #solutions_imported:13 #lin_moves:35'818 #lin_evals:225'802 #gen_moves:31'503 #gen_evals:4'405 #comp_moves:4'507 #backtracks:13'485 #weight_updates:6'393)
#38     23.14s best:4795  next:[1194,4794] graph_dec_lns (d=0.99 s=263 t=0.10 p=1.00 stall=0 h=auto_l0)
#39     23.92s best:4791  next:[1194,4790] quick_restart_no_lp (fixed_bools=0/772)
#40     24.80s best:4790  next:[1194,4789] violation_ls(batch:16 #solutions_imported:15 #lin_moves:29'241 #lin_evals:228'631 #gen_moves:43'914 #gen_evals:5'475 #comp_moves:5'271 #backtracks:19'314 #weight_updates:5'915)
#41     24.82s best:4789  next:[1194,4788] violation_ls(batch:16 #solutions_imported:14 #lin_moves:35'818 #lin_evals:225'805 #gen_moves:31'505 #gen_evals:4'405 #comp_moves:4'509 #backtracks:13'485 #weight_updates:6'393)
#42     24.89s best:4786  next:[1194,4785] graph_cst_lns (d=0.99 s=274 t=0.10 p=1.00 stall=0 h=auto_l0)
#43     24.90s best:4779  next:[1194,4778] graph_var_lns (d=0.99 s=272 t=0.10 p=1.00 stall=0 h=auto_l0)
#44     25.68s best:4771  next:[1194,4770] rnd_var_lns (d=0.99 s=270 t=0.10 p=1.00 stall=1 h=auto_l0)
#45     26.22s best:4770  next:[1194,4769] violation_ls(batch:17 #solutions_imported:16 #lin_moves:36'144 #lin_evals:250'934 #gen_moves:43'914 #gen_evals:5'475 #comp_moves:5'271 #backtracks:19'314 #weight_updates:6'267)
#46     26.22s best:4769  next:[1194,4768] violation_ls(batch:17 #solutions_imported:15 #lin_moves:35'876 #lin_evals:226'087 #gen_moves:31'505 #gen_evals:4'405 #comp_moves:4'509 #backtracks:13'485 #weight_updates:6'422)
#Bound  26.47s best:4769  next:[1196,4768] lb_tree_search (nodes=14/14 rc=0 decisions=59 @root=4 restarts=0) 
#47     26.84s best:4768  next:[1196,4767] quick_restart_no_lp (fixed_bools=0/851)
#48     27.25s best:4767  next:[1196,4766] quick_restart_no_lp (fixed_bools=0/864)
#49     27.63s best:4444  next:[1196,4443] graph_arc_lns (d=1.00 s=285 t=0.10 p=1.00 stall=1 h=auto_l0)
#50     29.64s best:4405  next:[1196,4404] graph_cst_lns (d=0.99 s=300 t=0.10 p=1.00 stall=1 h=auto_l0)
#51     29.75s best:4370  next:[1196,4369] graph_dec_lns (d=1.00 s=301 t=0.10 p=1.00 stall=2 h=auto_l0)
#52     31.18s best:4369  next:[1196,4368] violation_ls(batch:19 #solutions_imported:18 #lin_moves:36'144 #lin_evals:279'252 #gen_moves:54'364 #gen_evals:6'307 #comp_moves:6'933 #backtracks:23'708 #weight_updates:6'389)
#53     31.19s best:4368  next:[1196,4367] violation_ls(batch:19 #solutions_imported:17 #lin_moves:36'141 #lin_evals:249'470 #gen_moves:39'305 #gen_evals:5'082 #comp_moves:6'047 #backtracks:16'615 #weight_updates:6'577)
#Bound  31.50s best:4368  next:[1197,4367] lb_tree_search (nodes=15/15 rc=0 decisions=69 @root=5 restarts=0) 
#54     32.72s best:4367  next:[1197,4366] quick_restart_no_lp (fixed_bools=0/966)
#55     32.97s best:4366  next:[1197,4365] quick_restart_no_lp (fixed_bools=0/966)
#Bound  33.32s best:4366  next:[1198,4365] objective_lb_search_max_lp
#56     33.33s best:4362  next:[1198,4361] quick_restart_no_lp (fixed_bools=0/981)
#57     33.80s best:4344  next:[1198,4343] graph_var_lns (d=0.99 s=324 t=0.10 p=0.88 stall=0 h=auto_l0)
#58     33.93s best:4343  next:[1198,4342] violation_ls(batch:20 #solutions_imported:18 #lin_moves:36'295 #lin_evals:250'219 #gen_moves:39'305 #gen_evals:5'082 #comp_moves:6'047 #backtracks:16'615 #weight_updates:6'629)
#59     34.00s best:4328  next:[1198,4327] rnd_var_lns (d=1.00 s=320 t=0.10 p=0.94 stall=0 h=auto_l0)
#60     34.54s best:4324  next:[1198,4323] quick_restart_no_lp (fixed_bools=0/1028)
#61     35.46s best:4296  next:[1198,4295] graph_var_lns (d=0.99 s=338 t=0.10 p=0.84 stall=0 h=auto_l0)
#62     35.57s best:4295  next:[1198,4294] violation_ls(batch:21 #solutions_imported:20 #lin_moves:36'570 #lin_evals:289'427 #gen_moves:57'226 #gen_evals:6'381 #comp_moves:7'559 #backtracks:24'826 #weight_updates:6'635)
#63     35.64s best:4294  next:[1198,4293] violation_ls(batch:21 #solutions_imported:19 #lin_moves:36'583 #lin_evals:251'461 #gen_moves:39'305 #gen_evals:5'082 #comp_moves:6'047 #backtracks:16'615 #weight_updates:6'699)
#64     35.69s best:4060  next:[1198,4059] rins_lp_lns (d=0.91 s=345 t=0.10 p=0.60 stall=0 h=auto_l0)
#65     36.33s best:4004  next:[1198,4003] quick_restart_no_lp (fixed_bools=0/1069)
#66     37.43s best:3948  next:[1198,3947] quick_restart_no_lp (fixed_bools=0/1072)
#67     38.50s best:3945  next:[1198,3944] quick_restart_no_lp (fixed_bools=0/1079)
#68     39.47s best:3944  next:[1198,3943] quick_restart_no_lp (fixed_bools=0/1100)
#69     40.22s best:3942  next:[1198,3941] violation_ls(batch:23 #solutions_imported:21 #lin_moves:49'145 #lin_evals:303'593 #gen_moves:39'305 #gen_evals:5'082 #comp_moves:6'047 #backtracks:16'615 #weight_updates:9'567)
#70     40.58s best:3929  next:[1198,3928] graph_arc_lns (d=0.99 s=363 t=0.10 p=0.85 stall=0 h=auto_l0)
#Bound  41.29s best:3929  next:[1249,3928] objective_lb_search_max_lp
#71     42.36s best:3888  next:[1249,3887] graph_var_lns (d=0.99 s=374 t=0.10 p=0.81 stall=0 h=auto_l0)
#72     45.05s best:3884  next:[1249,3883] quick_restart_no_lp (fixed_bools=0/1167)
#73     45.27s best:3880  next:[1249,3879] quick_restart_no_lp (fixed_bools=0/1180)
#Bound  45.44s best:3880  next:[1267,3879] objective_lb_search_max_lp
#74     45.52s best:3877  next:[1267,3876] quick_restart_no_lp (fixed_bools=0/1188)
#75     46.05s best:3876  next:[1267,3875] violation_ls(batch:26 #solutions_imported:25 #lin_moves:44'913 #lin_evals:394'638 #gen_moves:80'080 #gen_evals:8'951 #comp_moves:9'245 #backtracks:35'406 #weight_updates:8'707)
#76     46.07s best:3874  next:[1267,3873] violation_ls(batch:26 #solutions_imported:24 #lin_moves:69'393 #lin_evals:398'047 #gen_moves:39'305 #gen_evals:5'082 #comp_moves:6'047 #backtracks:16'615 #weight_updates:10'245)
#77     48.19s best:3870  next:[1267,3869] rnd_var_lns (d=0.99 s=412 t=0.10 p=0.79 stall=0 h=auto_l0)
#78     48.25s best:3869  next:[1267,3868] violation_ls(batch:27 #solutions_imported:26 #lin_moves:50'305 #lin_evals:416'190 #gen_moves:80'080 #gen_evals:8'951 #comp_moves:9'245 #backtracks:35'406 #weight_updates:9'461)
#79     48.75s best:3868  next:[1267,3867] graph_var_lns (d=1.00 s=414 t=0.10 p=0.80 stall=2 h=auto_l0)
#80     50.38s best:3864  next:[1267,3863] quick_restart_no_lp (fixed_bools=0/1260)
#Bound  51.10s best:3864  next:[1268,3863] objective_lb_search_max_lp
#81     51.77s best:3857  next:[1268,3856] quick_restart_no_lp (fixed_bools=0/1262)
#82     53.17s best:3855  next:[1268,3854] violation_ls(batch:29 #solutions_imported:28 #lin_moves:58'493 #lin_evals:449'168 #gen_moves:80'080 #gen_evals:8'951 #comp_moves:9'245 #backtracks:35'406 #weight_updates:11'274)
#83     53.17s best:3853  next:[1268,3852] violation_ls(batch:29 #solutions_imported:27 #lin_moves:69'394 #lin_evals:440'590 #gen_moves:53'747 #gen_evals:7'140 #comp_moves:7'580 #backtracks:23'064 #weight_updates:10'421)
#84     55.10s best:3852  next:[1268,3851] violation_ls(batch:30 #solutions_imported:29 #lin_moves:58'493 #lin_evals:449'257 #gen_moves:80'109 #gen_evals:8'953 #comp_moves:9'246 #backtracks:35'420 #weight_updates:11'274)
#85     55.11s best:3851  next:[1268,3850] violation_ls(batch:30 #solutions_imported:28 #lin_moves:69'394 #lin_evals:440'595 #gen_moves:53'748 #gen_evals:7'140 #comp_moves:7'581 #backtracks:23'064 #weight_updates:10'421)
#86     56.04s best:3803  next:[1268,3802] rins_lp_lns (d=0.93 s=459 t=0.10 p=0.59 stall=0 h=auto_l0)
#87     59.37s best:3754  next:[1268,3753] graph_cst_lns (d=0.99 s=466 t=0.10 p=0.77 stall=0 h=auto_l0)
#88     59.63s best:3749  next:[1268,3748] rins_lp_lns (d=0.89 s=483 t=0.10 p=0.54 stall=1 h=auto_l0)
#Bound  60.62s best:3749  next:[1270,3748] objective_lb_search_max_lp
#89     62.63s best:3748  next:[1270,3747] quick_restart_no_lp (fixed_bools=0/1408)
#90     63.79s best:3728  next:[1270,3727] graph_arc_lns (d=1.00 s=489 t=0.10 p=0.77 stall=0 h=auto_l0)
#Bound  65.72s best:3728  next:[1290,3727] objective_lb_search_max_lp
#Bound  75.09s best:3728  next:[1291,3727] objective_lb_search_max_lp
#91     77.37s best:3666  next:[1291,3665] graph_var_lns (d=1.00 s=566 t=0.10 p=0.72 stall=1 h=auto_l0)
#92     78.99s best:3663  next:[1291,3662] quick_restart_no_lp (fixed_bools=0/1643)
#93     79.57s best:3662  next:[1291,3661] quick_restart_no_lp (fixed_bools=0/1644)
#94     79.73s best:3618  next:[1291,3617] rins_lp_lns (d=0.91 s=600 t=0.10 p=0.55 stall=2 h=auto_l0)
#Bound  89.06s best:3618  next:[1299,3617] objective_lb_search_max_lp
#Bound 152.65s best:3618  next:[1300,3617] objective_lb_search_max_lp
#Bound 178.07s best:3618  next:[1315,3617] objective_lb_search_max_lp
#95    222.94s best:3587  next:[1315,3586] graph_var_lns (d=0.99 s=1372 t=0.10 p=0.57 stall=3 h=auto_l0)
#96    224.07s best:3586  next:[1315,3585] violation_ls(batch:104 #solutions_imported:35 #lin_moves:444'488 #lin_evals:2'331'949 #gen_moves:99'033 #gen_evals:11'470 #comp_moves:11'445 #backtracks:43'778 #weight_updates:335'518)
#97    226.75s best:3585  next:[1315,3584] graph_var_lns (d=0.99 s=1397 t=0.10 p=0.57 stall=0 h=auto_l0)
#98    226.82s best:3584  next:[1315,3583] violation_ls(batch:105 #solutions_imported:36 #lin_moves:447'596 #lin_evals:2'344'638 #gen_moves:99'033 #gen_evals:11'470 #comp_moves:11'445 #backtracks:43'778 #weight_updates:336'088)
#99    226.82s best:3583  next:[1315,3582] violation_ls(batch:105 #solutions_imported:35 #lin_moves:77'843 #lin_evals:1'893'995 #gen_moves:639'688 #gen_evals:58'376 #comp_moves:32'800 #backtracks:303'370 #weight_updates:15'676)
#100   228.63s best:3559  next:[1315,3558] graph_arc_lns (d=1.00 s=1398 t=0.10 p=0.58 stall=0 h=auto_l0)
#101   228.80s best:3551  next:[1315,3550] graph_cst_lns (d=1.00 s=1399 t=0.10 p=0.58 stall=0 h=auto_l0)
#102   229.44s best:3550  next:[1315,3549] violation_ls(batch:106 #solutions_imported:37 #lin_moves:447'596 #lin_evals:2'345'383 #gen_moves:99'288 #gen_evals:11'493 #comp_moves:11'450 #backtracks:43'903 #weight_updates:336'090)
#103   229.47s best:3549  next:[1315,3548] violation_ls(batch:106 #solutions_imported:36 #lin_moves:77'843 #lin_evals:1'895'458 #gen_moves:640'169 #gen_evals:58'427 #comp_moves:32'819 #backtracks:303'601 #weight_updates:15'682)
#104   230.99s best:3502  next:[1315,3501] rins_pump_lns (d=0.92 s=1417 t=0.10 p=0.52 stall=2 h=auto_l0)
#105   231.41s best:3489  next:[1315,3488] rins_lp_lns (d=0.91 s=1429 t=0.10 p=0.51 stall=0 h=auto_l0)
#106   244.85s best:3482  next:[1315,3481] graph_cst_lns (d=1.00 s=1486 t=0.10 p=0.56 stall=1 h=auto_l0)
#107   246.46s best:3462  next:[1315,3461] rins_pump_lns (d=0.92 s=1504 t=0.10 p=0.52 stall=0 h=auto_l0)
#108   307.50s best:3452  next:[1315,3451] rnd_var_lns (d=1.00 s=1831 t=0.10 p=0.56 stall=0 h=auto_l0)
#Bound 332.18s best:3452  next:[1316,3451] lb_tree_search (nodes=11802/11833 rc=15 decisions=49455 @root=24 restarts=10) 
#109   364.62s best:3433  next:[1316,3432] rnd_var_lns (d=1.00 s=2144 t=0.10 p=0.54 stall=1 h=auto_l0)
#110   364.92s best:3432  next:[1316,3431] quick_restart_no_lp (fixed_bools=1/3449)
#111   366.48s best:3431  next:[1316,3430] quick_restart_no_lp (fixed_bools=1/3457)
#112   366.51s best:3430  next:[1316,3429] violation_ls(batch:166 #solutions_imported:42 #lin_moves:447'596 #lin_evals:3'483'334 #gen_moves:450'670 #gen_evals:52'290 #comp_moves:42'688 #backtracks:203'950 #weight_updates:338'301)
#113   366.55s best:3429  next:[1316,3428] violation_ls(batch:166 #solutions_imported:41 #lin_moves:273'954 #lin_evals:3'303'809 #gen_moves:719'616 #gen_evals:79'127 #comp_moves:45'090 #backtracks:337'180 #weight_updates:134'277)
#114   367.05s best:3422  next:[1316,3421] rins_lp_lns (d=0.92 s=2166 t=0.10 p=0.51 stall=2 h=auto_l0)
#115   374.23s best:3420  next:[1316,3419] quick_restart_no_lp (fixed_bools=1/3572)
#116   374.71s best:3418  next:[1316,3417] quick_restart_no_lp (fixed_bools=1/3577)
#117   375.17s best:3417  next:[1316,3416] quick_restart_no_lp (fixed_bools=1/3585)
#Bound 376.18s best:3417  next:[1317,3416] lb_tree_search (nodes=13274/13308 rc=15 decisions=56668 @root=25 restarts=10) 
#118   376.26s best:3415  next:[1317,3414] quick_restart_no_lp (fixed_bools=1/3594)
#119   376.57s best:3414  next:[1317,3413] violation_ls(batch:170 #solutions_imported:44 #lin_moves:468'861 #lin_evals:3'574'259 #gen_moves:450'717 #gen_evals:52'294 #comp_moves:42'691 #backtracks:203'972 #weight_updates:347'036)
#120   376.59s best:3413  next:[1317,3412] violation_ls(batch:170 #solutions_imported:43 #lin_moves:295'717 #lin_evals:3'397'963 #gen_moves:719'616 #gen_evals:79'127 #comp_moves:45'090 #backtracks:337'180 #weight_updates:143'446)
#121   377.98s best:3334  next:[1317,3333] graph_dec_lns (d=1.00 s=2212 t=0.10 p=0.56 stall=1 h=auto_l0)
#122   381.74s best:3330  next:[1317,3329] graph_cst_lns (d=1.00 s=2238 t=0.10 p=0.54 stall=1 h=auto_l0)
#123   383.84s best:3329  next:[1317,3328] violation_ls(batch:173 #solutions_imported:46 #lin_moves:468'870 #lin_evals:3'617'463 #gen_moves:467'385 #gen_evals:53'827 #comp_moves:44'053 #backtracks:211'625 #weight_updates:347'250)
#124   383.85s best:3328  next:[1317,3327] violation_ls(batch:173 #solutions_imported:45 #lin_moves:295'717 #lin_evals:3'437'577 #gen_moves:733'476 #gen_evals:80'468 #comp_moves:48'092 #backtracks:342'604 #weight_updates:143'549)
#125   384.19s best:3312  next:[1317,3311] graph_cst_lns (d=1.00 s=2250 t=0.10 p=0.54 stall=0 h=auto_l0)
#126   385.51s best:3311  next:[1317,3310] violation_ls(batch:174 #solutions_imported:46 #lin_moves:296'814 #lin_evals:3'442'149 #gen_moves:733'476 #gen_evals:80'468 #comp_moves:48'092 #backtracks:342'604 #weight_updates:143'936)
#127   385.60s best:3310  next:[1317,3309] violation_ls(batch:174 #solutions_imported:47 #lin_moves:477'072 #lin_evals:3'650'433 #gen_moves:467'385 #gen_evals:53'827 #comp_moves:44'053 #backtracks:211'625 #weight_updates:348'790)
#128   386.50s best:3309  next:[1317,3308] quick_restart_no_lp (fixed_bools=1/3706)
#129   387.11s best:3308  next:[1317,3307] quick_restart_no_lp (fixed_bools=1/3709)
#130   387.38s best:3307  next:[1317,3306] quick_restart_no_lp (fixed_bools=1/3714)
#131   387.97s best:3306  next:[1317,3305] rnd_cst_lns (d=1.00 s=2272 t=0.10 p=0.54 stall=0 h=auto_l0)
#132   387.98s best:3305  next:[1317,3304] violation_ls(batch:175 #solutions_imported:48 #lin_moves:477'072 #lin_evals:3'650'460 #gen_moves:467'397 #gen_evals:53'827 #comp_moves:44'057 #backtracks:211'629 #weight_updates:348'790)
#133   387.98s best:3304  next:[1317,3303] violation_ls(batch:175 #solutions_imported:47 #lin_moves:296'824 #lin_evals:3'442'225 #gen_moves:733'476 #gen_evals:80'468 #comp_moves:48'092 #backtracks:342'604 #weight_updates:143'941)
#134   388.81s best:3302  next:[1317,3301] graph_arc_lns (d=1.00 s=2274 t=0.10 p=0.54 stall=0 h=auto_l0)
#135   389.36s best:3301  next:[1317,3300] quick_restart_no_lp (fixed_bools=1/3739)
#136   389.66s best:3300  next:[1317,3299] violation_ls(batch:176 #solutions_imported:49 #lin_moves:477'072 #lin_evals:3'650'525 #gen_moves:467'414 #gen_evals:53'828 #comp_moves:44'058 #backtracks:211'637 #weight_updates:348'790)
#Bound 414.06s best:3300  next:[1318,3299] lb_tree_search (nodes=14321/14356 rc=18 decisions=62419 @root=26 restarts=10) 
#137   417.58s best:3288  next:[1318,3287] graph_cst_lns (d=1.00 s=2425 t=0.10 p=0.54 stall=5 h=auto_l0)
#Bound 454.37s best:3288  next:[1319,3287] lb_tree_search (nodes=15525/15566 rc=18 decisions=68922 @root=27 restarts=10) 
#138   465.60s best:3264  next:[1319,3263] graph_cst_lns (d=1.00 s=2690 t=0.10 p=0.54 stall=1 h=auto_l0)
#139   467.21s best:3263  next:[1319,3262] violation_ls(batch:209 #solutions_imported:52 #lin_moves:686'283 #lin_evals:4'589'706 #gen_moves:507'251 #gen_evals:63'682 #comp_moves:51'706 #backtracks:227'721 #weight_updates:349'708)
#140   467.23s best:3262  next:[1319,3261] violation_ls(batch:209 #solutions_imported:50 #lin_moves:625'282 #lin_evals:4'637'857 #gen_moves:733'500 #gen_evals:80'471 #comp_moves:48'094 #backtracks:342'615 #weight_updates:145'483)
#141   468.72s best:3258  next:[1319,3257] graph_dec_lns (d=1.00 s=2703 t=0.10 p=0.54 stall=0 h=auto_l0)
#142   475.69s best:3200  next:[1319,3199] graph_cst_lns (d=1.00 s=2740 t=0.10 p=0.54 stall=1 h=auto_l0)
#143   478.62s best:3199  next:[1319,3198] violation_ls(batch:214 #solutions_imported:52 #lin_moves:638'469 #lin_evals:4'738'757 #gen_moves:752'835 #gen_evals:82'497 #comp_moves:51'987 #backtracks:350'335 #weight_updates:146'237)
#144   479.58s best:3195  next:[1319,3194] rnd_var_lns (d=1.00 s=2760 t=0.10 p=0.54 stall=0 h=auto_l0)
#145   480.91s best:3155  next:[1319,3154] rins_lp_lns (d=0.92 s=2782 t=0.10 p=0.51 stall=2 h=auto_l0)
#Bound 494.71s best:3155  next:[1320,3154] lb_tree_search (nodes=16655/16701 rc=21 decisions=75208 @root=28 restarts=10) 
#Bound 545.16s best:3155  next:[1321,3154] lb_tree_search (nodes=18180/18229 rc=26 decisions=83073 @root=29 restarts=10) 
#Bound 591.43s best:3155  next:[1322,3154] lb_tree_search (nodes=19275/19327 rc=37 decisions=89720 @root=32 restarts=10) 
#Bound 638.44s best:3155  next:[1323,3154] lb_tree_search (nodes=20538/20592 rc=42 decisions=96919 @root=33 restarts=10) 
#Bound 695.79s best:3155  next:[1325,3154] objective_lb_search_max_lp
#Bound 798.79s best:3155  next:[1326,3154] lb_tree_search (nodes=24867/24926 rc=50 decisions=119664 @root=39 restarts=10) 
#Bound 864.95s best:3155  next:[1327,3154] lb_tree_search (nodes=26963/27023 rc=52 decisions=130193 @root=40 restarts=10) 
#Bound 871.00s best:3155  next:[1328,3154] objective_lb_search_max_lp
#Bound 997.48s best:3155  next:[1329,3154] lb_tree_search (nodes=30790/30856 rc=65 decisions=149088 @root=45 restarts=10) 
#146   1058.36s best:3154  next:[1329,3153] quick_restart_no_lp (fixed_bools=1/5329)
#147   1058.91s best:3153  next:[1329,3152] quick_restart_no_lp (fixed_bools=1/5346)
#148   1059.50s best:3105  next:[1329,3104] rins_pump_lns (d=0.91 s=5902 t=0.10 p=0.50 stall=7 h=auto_l0)
#Bound 1065.82s best:3105  next:[1330,3104] lb_tree_search (nodes=32742/32811 rc=65 decisions=160192 @root=46 restarts=10) 
#149   1076.86s best:3101  next:[1330,3100] rnd_var_lns (d=1.00 s=5982 t=0.10 p=0.51 stall=7 h=auto_l0)
#150   1121.43s best:3100  next:[1330,3099] quick_restart_no_lp (fixed_bools=1/5528)
#151   1122.02s best:3098  next:[1330,3097] quick_restart_no_lp (fixed_bools=1/5553)
#152   1122.68s best:3096  next:[1330,3095] quick_restart_no_lp (fixed_bools=1/5555)
#153   1122.87s best:3094  next:[1330,3093] quick_restart_no_lp (fixed_bools=1/5563)
#154   1123.05s best:3093  next:[1330,3092] violation_ls(batch:492 #solutions_imported:58 #perturbations:2 #lin_moves:1'201'885 #lin_evals:11'109'674 #gen_moves:1'485'240 #gen_evals:286'470 #comp_moves:109'951 #backtracks:687'556 #weight_updates:436'823)
#155   1123.06s best:3092  next:[1330,3091] violation_ls(batch:492 #solutions_imported:56 #perturbations:2 #lin_moves:3'317'444 #lin_evals:18'327'122 #gen_moves:828'377 #gen_evals:88'794 #comp_moves:55'765 #backtracks:386'209 #weight_updates:158'270)
#156   1124.27s best:3091  next:[1330,3090] quick_restart_no_lp (fixed_bools=1/5565)
#157   1124.70s best:3090  next:[1330,3089] rnd_var_lns (d=1.00 s=6256 t=0.10 p=0.51 stall=1 h=auto_l0)
#158   1125.09s best:3089  next:[1330,3088] violation_ls(batch:493 #solutions_imported:59 #perturbations:2 #lin_moves:1'201'885 #lin_evals:11'109'752 #gen_moves:1'485'273 #gen_evals:286'471 #comp_moves:109'954 #backtracks:687'571 #weight_updates:436'823)
#159   1125.10s best:3088  next:[1330,3087] violation_ls(batch:493 #solutions_imported:57 #perturbations:2 #lin_moves:3'317'499 #lin_evals:18'327'422 #gen_moves:828'377 #gen_evals:88'794 #comp_moves:55'765 #backtracks:386'209 #weight_updates:158'309)
#160   1126.81s best:3087  next:[1330,3086] quick_restart_no_lp (fixed_bools=1/5621)
#161   1129.27s best:3071  next:[1330,3070] rnd_cst_lns (d=1.00 s=6269 t=0.10 p=0.52 stall=0 h=auto_l0)
#162   1130.69s best:3070  next:[1330,3069] violation_ls(batch:495 #solutions_imported:61 #perturbations:2 #lin_moves:1'202'782 #lin_evals:11'136'857 #gen_moves:1'494'865 #gen_evals:287'250 #comp_moves:110'312 #backtracks:692'187 #weight_updates:437'248)
#163   1130.69s best:3069  next:[1330,3068] violation_ls(batch:495 #solutions_imported:59 #perturbations:2 #lin_moves:3'317'499 #lin_evals:18'349'699 #gen_moves:837'557 #gen_evals:89'583 #comp_moves:56'291 #backtracks:390'536 #weight_updates:158'424)
#164   1132.65s best:3068  next:[1330,3067] quick_restart_no_lp (fixed_bools=1/5675)
#165   1132.87s best:3067  next:[1330,3066] violation_ls(batch:496 #solutions_imported:62 #perturbations:2 #lin_moves:1'202'783 #lin_evals:11'136'874 #gen_moves:1'494'865 #gen_evals:287'250 #comp_moves:110'312 #backtracks:692'187 #weight_updates:437'248)
#166   1132.88s best:3066  next:[1330,3065] violation_ls(batch:496 #solutions_imported:60 #perturbations:2 #lin_moves:3'317'503 #lin_evals:18'349'735 #gen_moves:837'557 #gen_evals:89'583 #comp_moves:56'291 #backtracks:390'536 #weight_updates:158'426)
#167   1133.09s best:3056  next:[1330,3055] rins_lp_lns (d=0.91 s=6303 t=0.10 p=0.50 stall=0 h=auto_l0)
#Bound 1145.56s best:3056  next:[1331,3055] lb_tree_search (nodes=34714/34789 rc=73 decisions=171585 @root=49 restarts=10) 
#168   1173.94s best:3013  next:[1331,3012] rnd_cst_lns (d=1.00 s=6508 t=0.10 p=0.52 stall=3 h=auto_l0)
#169   1175.00s best:3012  next:[1331,3011] quick_restart_no_lp (fixed_bools=1/5749)
#170   1175.10s best:3011  next:[1331,3010] violation_ls(batch:514 #solutions_imported:62 #perturbations:2 #lin_moves:3'317'503 #lin_evals:18'670'978 #gen_moves:893'781 #gen_evals:103'149 #comp_moves:67'475 #backtracks:413'053 #weight_updates:158'625)
#171   1177.20s best:3010  next:[1331,3009] quick_restart_no_lp (fixed_bools=1/5759)
#172   1177.22s best:3009  next:[1331,3008] violation_ls(batch:515 #solutions_imported:63 #perturbations:2 #lin_moves:3'317'503 #lin_evals:18'670'994 #gen_moves:893'791 #gen_evals:103'149 #comp_moves:67'477 #backtracks:413'057 #weight_updates:158'625)
#173   1177.27s best:3001  next:[1331,3000] rnd_var_lns (d=1.00 s=6532 t=0.10 p=0.52 stall=1 h=auto_l0)
#174   1215.21s best:2977  next:[1331,2976] quick_restart (fixed_bools=0/3159)
#175   1216.18s best:2972  next:[1331,2971] quick_restart_no_lp (fixed_bools=1/5934)
#176   1216.34s best:2966  next:[1331,2965] rins_pump_lns (d=0.91 s=6753 t=0.10 p=0.50 stall=3 h=auto_l0)
#177   1216.73s best:2965  next:[1331,2964] quick_restart_no_lp (fixed_bools=1/5961)
#178   1218.48s best:2962  next:[1331,2961] graph_var_lns (d=1.00 s=6758 t=0.10 p=0.52 stall=2 h=auto_l0)
#179   1218.51s best:2961  next:[1331,2960] violation_ls(batch:533 #solutions_imported:68 #perturbations:2 #lin_moves:1'392'044 #lin_evals:12'151'394 #gen_moves:1'547'404 #gen_evals:300'745 #comp_moves:121'135 #backtracks:713'039 #weight_updates:438'813)
#180   1219.22s best:2960  next:[1331,2959] quick_restart_no_lp (fixed_bools=1/5987)
#181   1219.98s best:2959  next:[1331,2958] quick_restart_no_lp (fixed_bools=1/5989)
#182   1221.11s best:2958  next:[1331,2957] quick_restart_no_lp (fixed_bools=1/6001)
#183   1221.46s best:2957  next:[1331,2956] violation_ls(batch:534 #solutions_imported:69 #perturbations:2 #lin_moves:1'392'044 #lin_evals:12'151'401 #gen_moves:1'547'407 #gen_evals:300'745 #comp_moves:121'138 #backtracks:713'039 #weight_updates:438'813)
#184   1221.51s best:2956  next:[1331,2955] violation_ls(batch:534 #solutions_imported:67 #perturbations:2 #lin_moves:3'322'673 #lin_evals:19'017'690 #gen_moves:962'507 #gen_evals:119'395 #comp_moves:78'191 #backtracks:442'045 #weight_updates:160'170)
#185   1223.01s best:2955  next:[1331,2954] rins_pump_lns (d=0.91 s=6790 t=0.10 p=0.50 stall=1 h=auto_l0)
#186   1223.07s best:2954  next:[1331,2953] violation_ls(batch:535 #solutions_imported:68 #perturbations:2 #lin_moves:3'328'754 #lin_evals:19'041'983 #gen_moves:962'507 #gen_evals:119'395 #comp_moves:78'191 #backtracks:442'045 #weight_updates:161'222)
#187   1224.08s best:2953  next:[1331,2952] quick_restart_no_lp (fixed_bools=1/6022)
#188   1225.09s best:2952  next:[1331,2951] quick_restart_no_lp (fixed_bools=1/6040)
#189   1225.81s best:2951  next:[1331,2950] violation_ls(batch:536 #solutions_imported:71 #perturbations:2 #lin_moves:1'392'044 #lin_evals:12'175'084 #gen_moves:1'557'330 #gen_evals:301'468 #comp_moves:121'460 #backtracks:717'836 #weight_updates:438'927)
#Bound 1227.32s best:2951  next:[1332,2950] lb_tree_search (nodes=36695/36771 rc=81 decisions=183008 @root=50 restarts=10) 
#Bound 1331.68s best:2951  next:[1333,2950] lb_tree_search (nodes=39144/39220 rc=90 decisions=196301 @root=53 restarts=10) 
#Bound 1387.86s best:2951  next:[1334,2950] objective_lb_search_max_lp
#Bound 1455.10s best:2951  next:[1336,2950] objective_lb_search_max_lp
#Bound 1555.66s best:2951  next:[1337,2950] objective_lb_search_max_lp
#Bound 1779.86s best:2951  next:[1338,2950] lb_tree_search (nodes=50386/50475 rc=107 decisions=255079 @root=65 restarts=10) 
#Bound 1792.60s best:2951  next:[1339,2950] objective_lb_search_max_lp
#Bound 1944.73s best:2951  next:[1341,2950] objective_lb_search_max_lp
#Bound 1995.96s best:2951  next:[1342,2950] objective_lb_search_max_lp
#Bound 2277.41s best:2951  next:[1343,2950] lb_tree_search (nodes=62797/62895 rc=140 decisions=320343 @root=78 restarts=10) 
#Bound 2411.08s best:2951  next:[1344,2950] lb_tree_search (nodes=66560/66658 rc=148 decisions=340915 @root=83 restarts=10) 
#Bound 2486.52s best:2951  next:[1348,2950] objective_lb_search_max_lp
#Bound 2838.61s best:2951  next:[1350,2950] objective_lb_search_max_lp
#Bound 3105.21s best:2951  next:[1353,2950] objective_lb_search_max_lp
#Bound 3193.09s best:2951  next:[1354,2950] objective_lb_search_max_lp
#Bound 3303.26s best:2951  next:[1356,2950] objective_lb_search_max_lp
#190   3704.09s best:2945  next:[1356,2944] rnd_cst_lns (d=1.00 s=20525 t=0.10 p=0.50 stall=1 h=auto_l0)
#191   3704.10s best:2944  next:[1356,2943] violation_ls(batch:1635 #solutions_imported:73 #perturbations:12 #lin_moves:9'268'784 #lin_evals:71'228'852 #gen_moves:1'863'335 #gen_evals:727'933 #comp_moves:131'661 #backtracks:865'719 #weight_updates:542'284)
#Bound 4247.09s best:2944  next:[1357,2943] lb_tree_search (nodes=113045/113155 rc=243 decisions=562064 @root=128 restarts=10) 
#Bound 4451.43s best:2944  next:[1358,2943] objective_lb_search_max_lp
#Bound 4877.04s best:2944  next:[1359,2943] lb_tree_search (nodes=125166/125276 rc=273 decisions=629502 @root=142 restarts=10) 
#Bound 5248.45s best:2944  next:[1360,2943] lb_tree_search (nodes=132632/132744 rc=280 decisions=669586 @root=149 restarts=10) 
#Bound 5631.29s best:2944  next:[1361,2943] lb_tree_search (nodes=139576/139690 rc=295 decisions=708872 @root=158 restarts=10) 
#Bound 6055.26s best:2944  next:[1362,2943] lb_tree_search (nodes=147494/147608 rc=301 decisions=751771 @root=167 restarts=10) 
#Bound 6121.72s best:2944  next:[1363,2943] objective_lb_search_max_lp
#Bound 6252.22s best:2944  next:[1365,2943] objective_lb_search_max_lp
#Bound 6334.25s best:2944  next:[1366,2943] objective_lb_search_max_lp
#Bound 6791.07s best:2944  next:[1371,2943] objective_lb_search_max_lp
#Bound 7403.38s best:2944  next:[1374,2943] objective_lb_search_max_lp
#Bound 7862.33s best:2944  next:[1375,2943] lb_tree_search (nodes=50338/50340 rc=355 decisions=984045 @root=213 restarts=11) 
#Bound 8014.52s best:2944  next:[1376,2943] lb_tree_search (nodes=54630/54632 rc=358 decisions=1005697 @root=218 restarts=11) 
#Bound 8202.27s best:2944  next:[1377,2943] lb_tree_search (nodes=59015/59017 rc=362 decisions=1027904 @root=221 restarts=11) 
#Bound 8450.46s best:2944  next:[1378,2943] lb_tree_search (nodes=63916/63918 rc=367 decisions=1052266 @root=226 restarts=11) 
#Bound 8723.47s best:2944  next:[1379,2943] lb_tree_search (nodes=70302/70304 rc=368 decisions=1081303 @root=231 restarts=11) 
#Bound 8981.37s best:2944  next:[1380,2943] lb_tree_search (nodes=76204/76207 rc=371 decisions=1109272 @root=238 restarts=11) 
#Bound 9253.92s best:2944  next:[1381,2943] lb_tree_search (nodes=81840/81843 rc=375 decisions=1137662 @root=243 restarts=11) 
#Bound 9512.43s best:2944  next:[1382,2943] lb_tree_search (nodes=87190/87193 rc=377 decisions=1165873 @root=248 restarts=11) 
#Bound 9835.22s best:2944  next:[1383,2943] lb_tree_search (nodes=93818/93821 rc=378 decisions=1199114 @root=255 restarts=11) 
#Bound 10110.96s best:2944  next:[1384,2943] lb_tree_search (nodes=99486/99489 rc=379 decisions=1230420 @root=260 restarts=11) 
#Bound 10399.39s best:2944  next:[1385,2943] lb_tree_search (nodes=105198/105201 rc=383 decisions=1262627 @root=267 restarts=11) 
#Bound 10715.50s best:2944  next:[1386,2943] lb_tree_search (nodes=111099/111102 rc=392 decisions=1296208 @root=272 restarts=11) 
#Bound 11024.51s best:2944  next:[1387,2943] lb_tree_search (nodes=117010/117013 rc=394 decisions=1330313 @root=279 restarts=11) 
#Bound 11388.59s best:2944  next:[1388,2943] lb_tree_search (nodes=123828/123833 rc=396 decisions=1367748 @root=287 restarts=11) 
#Bound 11457.57s best:2944  next:[1389,2943] objective_lb_search_max_lp
#Bound 11550.02s best:2944  next:[1392,2943] objective_lb_search_max_lp
#Bound 12431.07s best:2944  next:[1393,2943] lb_tree_search (nodes=148660/148666 rc=417 decisions=1493628 @root=312 restarts=11) 
#Bound 12801.28s best:2944  next:[1394,2943] lb_tree_search (nodes=155709/155716 rc=426 decisions=1535710 @root=323 restarts=11) 
#Bound 13213.76s best:2944  next:[1395,2943] lb_tree_search (nodes=163081/163088 rc=427 decisions=1580032 @root=331 restarts=11) 
#Bound 13600.48s best:2944  next:[1396,2943] lb_tree_search (nodes=170409/170416 rc=427 decisions=1625225 @root=340 restarts=11) 
#Bound 14028.79s best:2944  next:[1397,2943] lb_tree_search (nodes=177908/177915 rc=433 decisions=1671990 @root=347 restarts=11) 
#Bound 14415.44s best:2944  next:[1400,2943] objective_lb_search_max_lp
#Bound 15175.38s best:2944  next:[1403,2943] objective_lb_search_max_lp
#Bound 15792.92s best:2944  next:[1404,2943] objective_lb_search_max_lp
#Bound 16365.43s best:2944  next:[1407,2943] objective_lb_search_max_lp
#Bound 16559.38s best:2944  next:[1409,2943] objective_lb_search_max_lp
#Bound 17357.76s best:2944  next:[1411,2943] objective_lb_search_max_lp
#Bound 18330.36s best:2944  next:[1412,2943] lb_tree_search (nodes=260853/260865 rc=511 decisions=2205711 @root=460 restarts=11) 
#Bound 18852.54s best:2944  next:[1413,2943] lb_tree_search (nodes=269788/269802 rc=517 decisions=2269820 @root=473 restarts=11) 
#Bound 18901.05s best:2944  next:[1414,2943] objective_lb_search_max_lp
#Bound 19767.46s best:2944  next:[1415,2943] lb_tree_search (nodes=286820/286835 rc=526 decisions=2382889 @root=496 restarts=11) 
#Bound 20305.40s best:2944  next:[1416,2943] lb_tree_search (nodes=294528/294544 rc=533 decisions=2446193 @root=510 restarts=11) 
#Bound 20782.82s best:2944  next:[1423,2943] objective_lb_search_max_lp
#Bound 21527.11s best:2944  next:[1426,2943] objective_lb_search_max_lp
#Bound 22325.70s best:2944  next:[1430,2943] objective_lb_search_max_lp
#Bound 22792.93s best:2944  next:[1431,2943] objective_lb_search_max_lp
#Bound 23373.04s best:2944  next:[1432,2943] objective_lb_search_max_lp
#Bound 23811.23s best:2944  next:[1434,2943] objective_lb_search_max_lp
#Bound 25011.80s best:2944  next:[1435,2943] objective_lb_search_max_lp
#Bound 25176.95s best:2944  next:[1436,2943] objective_lb_search_max_lp
#Bound 25556.16s best:2944  next:[1437,2943] objective_lb_search_max_lp
#Bound 26150.35s best:2944  next:[1439,2943] objective_lb_search_max_lp
#Bound 27119.73s best:2944  next:[1440,2943] objective_lb_search_max_lp
#Bound 27257.49s best:2944  next:[1442,2943] objective_lb_search_max_lp
#Bound 28164.75s best:2944  next:[1443,2943] objective_lb_search_max_lp
#Bound 28252.16s best:2944  next:[1444,2943] objective_lb_search_max_lp
#Bound 28770.66s best:2944  next:[1445,2943] objective_lb_search_max_lp
#Bound 29100.39s best:2944  next:[1447,2943] objective_lb_search_max_lp
#Bound 29717.66s best:2944  next:[1448,2943] objective_lb_search_max_lp
#Bound 31055.22s best:2944  next:[1449,2943] objective_lb_search_max_lp
#Bound 31133.46s best:2944  next:[1451,2943] objective_lb_search_max_lp
#Bound 31790.12s best:2944  next:[1454,2943] objective_lb_search_max_lp
#Bound 32451.60s best:2944  next:[1455,2943] objective_lb_search_max_lp
#Bound 32534.99s best:2944  next:[1458,2943] objective_lb_search_max_lp
#Bound 33047.80s best:2944  next:[1459,2943] objective_lb_search_max_lp
#Bound 33061.07s best:2944  next:[1461,2943] objective_lb_search_max_lp
#Bound 33214.38s best:2944  next:[1462,2943] objective_lb_search_max_lp
#Bound 33307.89s best:2944  next:[1463,2943] objective_lb_search_max_lp
#Bound 33493.19s best:2944  next:[1465,2943] objective_lb_search_max_lp
#Bound 33645.10s best:2944  next:[1466,2943] objective_lb_search_max_lp
#Bound 34377.23s best:2944  next:[1467,2943] objective_lb_search_max_lp
#Bound 34656.68s best:2944  next:[1468,2943] objective_lb_search_max_lp
#Bound 35657.99s best:2944  next:[1469,2943] objective_lb_search_max_lp
#Bound 36219.23s best:2944  next:[1470,2943] objective_lb_search_max_lp
#Bound 36662.57s best:2944  next:[1471,2943] objective_lb_search_max_lp
#Bound 37008.67s best:2944  next:[1472,2943] objective_lb_search_max_lp
#Bound 38290.55s best:2944  next:[1474,2943] objective_lb_search_max_lp
#Bound 38529.89s best:2944  next:[1475,2943] objective_lb_search_max_lp
#Bound 39027.53s best:2944  next:[1476,2943] objective_lb_search_max_lp
#Bound 39751.78s best:2944  next:[1478,2943] objective_lb_search_max_lp
#Bound 39799.54s best:2944  next:[1479,2943] objective_lb_search_max_lp
#Bound 40859.49s best:2944  next:[1480,2943] objective_lb_search_max_lp
#Bound 41098.18s best:2944  next:[1481,2943] objective_lb_search_max_lp
#Bound 41641.99s best:2944  next:[1483,2943] objective_lb_search_max_lp
#Bound 41876.10s best:2944  next:[1484,2943] objective_lb_search_max_lp
#Bound 42824.88s best:2944  next:[1486,2943] objective_lb_search_max_lp
#Bound 43737.95s best:2944  next:[1487,2943] objective_lb_search_max_lp
#Bound 44315.16s best:2944  next:[1488,2943] objective_lb_search_max_lp
#Bound 44857.35s best:2944  next:[1489,2943] objective_lb_search_max_lp
#Bound 45753.48s best:2944  next:[1491,2943] objective_lb_search_max_lp
#Bound 45878.58s best:2944  next:[1492,2943] objective_lb_search_max_lp
#Bound 46978.93s best:2944  next:[1493,2943] objective_lb_search_max_lp
#Bound 47458.82s best:2944  next:[1495,2943] objective_lb_search_max_lp
#Bound 48405.48s best:2944  next:[1498,2943] objective_lb_search_max_lp
#Bound 49214.95s best:2944  next:[1500,2943] objective_lb_search_max_lp
#Bound 49778.60s best:2944  next:[1501,2943] objective_lb_search_max_lp
#Bound 50303.54s best:2944  next:[1502,2943] objective_lb_search_max_lp
#Bound 50857.94s best:2944  next:[1504,2943] objective_lb_search_max_lp
#Bound 52529.27s best:2944  next:[1505,2943] objective_lb_search_max_lp
#Bound 52943.11s best:2944  next:[1506,2943] objective_lb_search_max_lp
#Bound 53532.01s best:2944  next:[1507,2943] objective_lb_search_max_lp
#Bound 53769.49s best:2944  next:[1508,2943] objective_lb_search_max_lp
#Bound 54128.56s best:2944  next:[1509,2943] objective_lb_search_max_lp
#Bound 54636.14s best:2944  next:[1512,2943] objective_lb_search_max_lp
#Bound 54666.63s best:2944  next:[1515,2943] objective_lb_search_max_lp
#Bound 56650.43s best:2944  next:[1516,2943] objective_lb_search_max_lp
#Bound 56949.70s best:2944  next:[1519,2943] objective_lb_search_max_lp
#Bound 57371.17s best:2944  next:[1522,2943] objective_lb_search_max_lp
#Bound 58030.92s best:2944  next:[1523,2943] objective_lb_search_max_lp
#Bound 59126.85s best:2944  next:[1525,2943] objective_lb_search_max_lp
#Bound 59541.27s best:2944  next:[1526,2943] objective_lb_search_max_lp
#Bound 59881.89s best:2944  next:[1527,2943] objective_lb_search_max_lp
#Bound 60374.51s best:2944  next:[1528,2943] objective_lb_search_max_lp
#Bound 60561.66s best:2944  next:[1529,2943] objective_lb_search_max_lp
#Bound 60885.48s best:2944  next:[1530,2943] objective_lb_search_max_lp
#Bound 61283.45s best:2944  next:[1531,2943] objective_lb_search_max_lp
#Bound 65006.96s best:2944  next:[1532,2943] objective_lb_search_max_lp
#Bound 66448.90s best:2944  next:[1533,2943] objective_lb_search_max_lp
#Bound 69264.34s best:2944  next:[1534,2943] objective_lb_search_max_lp
#Bound 71265.38s best:2944  next:[1535,2943] objective_lb_search_max_lp
#Bound 71500.81s best:2944  next:[1536,2943] objective_lb_search_max_lp
#Bound 72127.49s best:2944  next:[1537,2943] objective_lb_search_max_lp
#Bound 74174.00s best:2944  next:[1538,2943] objective_lb_search_max_lp
#Bound 74929.23s best:2944  next:[1540,2943] objective_lb_search_max_lp
#Bound 75435.79s best:2944  next:[1541,2943] objective_lb_search_max_lp
#Bound 77678.66s best:2944  next:[1542,2943] objective_lb_search_max_lp
#Bound 77795.22s best:2944  next:[1543,2943] objective_lb_search_max_lp
#Bound 79273.15s best:2944  next:[1544,2943] objective_lb_search_max_lp
#Bound 80994.36s best:2944  next:[1546,2943] objective_lb_search_max_lp
#Bound 85200.79s best:2944  next:[1547,2943] objective_lb_search_max_lp
#Bound 86068.01s best:2944  next:[1548,2943] objective_lb_search_max_lp

Task timing                                  n [     min,      max]      avg      dev     time         n [     min,      max]      avg      dev    dtime
                             'core':         1 [  24.00h,   24.00h]   24.00h   0.00ns   24.00h         1 [  17.53h,   17.53h]   17.53h   0.00ns   17.53h
                       'default_lp':         1 [  24.00h,   24.00h]   24.00h   0.00ns   24.00h         1 [   2.96h,    2.96h]    2.96h   0.00ns    2.96h
                 'feasibility_pump':     18298 [244.20ms,   56.21s]    4.72s 465.65ms   24.00h     18297 [292.23ms,   12.56s] 572.24ms  88.93ms    2.91h
                            'fixed':         1 [  24.00h,   24.00h]   24.00h   0.00ns   24.00h         1 [   1.80h,    1.80h]    1.80h   0.00ns    1.80h
                  'fj_long_default':         6 [140.82ms,    1.53s] 385.19ms 513.34ms    2.31s         6 [141.57ms, 223.33ms] 183.22ms  25.20ms    1.10s
              'fj_long_lin_default':        10 [155.90ms, 921.96ms] 241.53ms 226.87ms    2.42s        10 [196.09ms, 223.88ms] 209.17ms   7.98ms    2.09s
                   'fj_long_random':         9 [128.30ms,    1.12s] 255.88ms 304.28ms    2.30s         9 [132.76ms, 238.88ms] 173.43ms  31.07ms    1.56s
                 'fj_short_default':         8 [160.84ms,    1.63s] 354.43ms 482.06ms    2.84s         8 [192.64ms, 234.11ms] 218.00ms  11.74ms    1.74s
             'fj_short_lin_default':        10 [160.26ms, 863.49ms] 234.93ms 209.55ms    2.35s        10 [190.27ms, 220.71ms] 212.40ms   8.23ms    2.12s
              'fj_short_lin_random':         3 [157.40ms,    2.10s] 806.08ms 912.63ms    2.42s         3 [189.92ms, 205.24ms] 199.47ms   6.80ms 598.41ms
                  'fj_short_random':        10 [144.39ms, 990.02ms] 242.21ms 249.37ms    2.42s        10 [200.79ms, 228.15ms] 212.16ms   8.32ms    2.12s
                        'fs_random':         1 [   2.83s,    2.83s]    2.83s   0.00ns    2.83s         1 [ 58.09ms,  58.09ms]  58.09ms   0.00ns  58.09ms
                        'fs_random':         1 [   2.83s,    2.83s]    2.83s   0.00ns    2.83s         1 [104.04ms, 104.04ms] 104.04ms   0.00ns 104.04ms
                  'fs_random_no_lp':         1 [   2.84s,    2.84s]    2.84s   0.00ns    2.84s         1 [ 27.57ms,  27.57ms]  27.57ms   0.00ns  27.57ms
          'fs_random_quick_restart':         1 [   2.84s,    2.84s]    2.84s   0.00ns    2.84s         1 [ 21.46ms,  21.46ms]  21.46ms   0.00ns  21.46ms
          'fs_random_quick_restart':         1 [   2.85s,    2.85s]    2.85s   0.00ns    2.85s         1 [124.91ms, 124.91ms] 124.91ms   0.00ns 124.91ms
    'fs_random_quick_restart_no_lp':         1 [   2.85s,    2.85s]    2.85s   0.00ns    2.85s         1 [ 30.30ms,  30.30ms]  30.30ms   0.00ns  30.30ms
                    'graph_arc_lns':     38338 [ 96.59ms,    5.76s]    3.14s 580.96ms   33.42h     38314 [ 10.00ns, 200.81ms]  75.78ms  30.30ms   48.39m
                    'graph_cst_lns':     38338 [ 31.01ms,    6.08s]    3.19s 634.55ms   34.02h     38321 [ 10.00ns, 143.06ms]  73.26ms  32.94ms   46.79m
                    'graph_dec_lns':     38338 [ 96.49ms,    5.33s]    3.16s 594.97ms   33.68h     38324 [ 10.00ns, 166.56ms]  74.41ms  31.74ms   47.53m
                    'graph_var_lns':     38338 [143.35ms,    5.26s]    2.97s 694.59ms   31.58h     38314 [ 10.00ns, 156.67ms]  68.76ms  36.66ms   43.91m
                   'lb_tree_search':         1 [  24.00h,   24.00h]   24.00h   0.00ns   24.00h         1 [  14.38h,   14.38h]   14.38h   0.00ns   14.38h
                           'max_lp':         1 [  24.00h,   24.00h]   24.00h   0.00ns   24.00h         1 [   4.01h,    4.01h]    4.01h   0.00ns    4.01h
                            'no_lp':         1 [  24.00h,   24.00h]   24.00h   0.00ns   24.00h         1 [   2.10h,    2.10h]    2.10h   0.00ns    2.10h
              'objective_lb_search':         1 [  24.00h,   24.00h]   24.00h   0.00ns   24.00h         1 [   3.33h,    3.33h]    3.33h   0.00ns    3.33h
       'objective_lb_search_max_lp':         1 [  24.00h,   24.00h]   24.00h   0.00ns   24.00h         1 [   4.20h,    4.20h]    4.20h   0.00ns    4.20h
        'objective_lb_search_no_lp':         1 [  24.00h,   24.00h]   24.00h   0.00ns   24.00h         1 [   1.50h,    1.50h]    1.50h   0.00ns    1.50h
  'objective_shaving_search_max_lp':       184 [ 89.62ms,    1.17h]    7.83m    9.88m   24.00h       176 [ 38.67ms,    4.70m]   33.30s   39.82s    1.63h
   'objective_shaving_search_no_lp':       184 [ 86.62ms,    1.17h]    7.83m    9.88m   24.00h       176 [ 37.87ms,    2.17m]   15.59s   19.05s   45.72m
                          'probing':         1 [  24.00h,   24.00h]   24.00h   0.00ns   24.00h         1 [   7.73h,    7.73h]    7.73h   0.00ns    7.73h
                   'probing_max_lp':         1 [  24.00h,   24.00h]   24.00h   0.00ns   24.00h         1 [   5.43h,    5.43h]    5.43h   0.00ns    5.43h
                     'pseudo_costs':         1 [  24.00h,   24.00h]   24.00h   0.00ns   24.00h         1 [   2.67h,    2.67h]    2.67h   0.00ns    2.67h
                    'quick_restart':         1 [  24.00h,   24.00h]   24.00h   0.00ns   24.00h         1 [   5.57h,    5.57h]    5.57h   0.00ns    5.57h
              'quick_restart_no_lp':         1 [  24.00h,   24.00h]   24.00h   0.00ns   24.00h         1 [   2.99h,    2.99h]    2.99h   0.00ns    2.99h
                    'reduced_costs':         1 [  24.00h,   24.00h]   24.00h   0.00ns   24.00h         1 [   4.41h,    4.41h]    4.41h   0.00ns    4.41h
                        'rins/rens':     38338 [675.79us,    2.97s] 778.03ms 562.66ms    8.29h     33523 [ 10.00ns, 119.65ms]  65.63ms  47.74ms   36.67m
                      'rnd_cst_lns':     38338 [125.84ms,    5.58s]    3.19s 622.68ms   34.02h     38315 [ 10.00ns, 157.79ms]  73.89ms  32.33ms   47.18m
                      'rnd_var_lns':     38338 [ 69.48ms,    5.85s]    3.12s 610.91ms   33.21h     38319 [ 10.00ns, 200.65ms]  73.65ms  32.47ms   47.04m
         'scheduling_intervals_lns':     38338 [ 84.29ms,    5.18s]    3.83s 134.08ms   40.84h     38335 [  2.55ms, 200.09ms] 100.30ms 966.81us    1.07h
       'scheduling_precedences_lns':     38337 [   1.20s,    5.08s]    3.92s 141.74ms   41.70h     38336 [  5.29ms, 101.71ms] 100.30ms 553.18us    1.07h
       'scheduling_time_window_lns':     38337 [   1.36s,    5.25s]    3.84s 132.18ms   40.85h     38336 [631.13us, 100.95ms] 100.30ms 574.10us    1.07h
                     'violation_ls':     38338 [  4.44ms, 541.19ms] 201.14ms  34.43ms    2.14h     38338 [710.00ns, 386.88ms] 219.98ms  39.67ms    2.34h
                     'violation_ls':     38338 [  4.67ms, 532.49ms] 203.20ms  40.63ms    2.16h     38338 [  1.55us, 489.08ms] 223.43ms  49.03ms    2.38h

Search stats                          Bools  Conflicts    Branches   Restarts      BoolPropag   IntegerPropag
                           'core':   17'970  8'126'315   9'804'549     61'198  31'654'868'362  30'271'486'553
                     'default_lp':   33'424  2'383'550  17'186'193    486'897   9'806'826'523  20'359'842'043
                          'fixed':    2'226  4'329'288   4'341'505      1'705   1'173'016'378  23'122'516'107
                      'fs_random':      302          0         622        604              52         121'381
                      'fs_random':      302         10         667        604              73         138'033
                'fs_random_no_lp':      415         41         770        605           1'198         250'446
        'fs_random_quick_restart':      302          0         641        604              54         124'606
        'fs_random_quick_restart':      307          0         609        604             160         126'225
  'fs_random_quick_restart_no_lp':      302          5       1'040        604              78         254'777
                 'lb_tree_search':      368      1'325  24'995'036  5'910'025      81'182'465  15'781'284'956
                         'max_lp':    6'062  2'251'118  19'409'482  1'804'376   2'347'230'430  25'305'812'220
                          'no_lp':    5'485  3'272'908  13'802'634    976'131   2'537'998'101  27'765'539'191
            'objective_lb_search':    2'859    663'168  10'060'754  1'718'745     421'205'700  17'531'210'489
     'objective_lb_search_max_lp':    2'095  1'025'262  11'718'468  1'849'417     534'923'323  22'235'257'611
      'objective_lb_search_no_lp':    1'406  1'327'606   5'536'548    879'868     200'055'521  20'820'931'330
                        'probing':    6'076      5'100     109'265     53'826       3'486'844      54'127'310
                 'probing_max_lp':    6'076      5'110     144'959     65'793       4'201'834      63'640'397
                   'pseudo_costs':      687  1'545'609  10'338'369  2'277'786     188'397'264  21'922'932'091
                  'quick_restart':   22'423    646'104  28'488'855    369'403   5'104'472'160  16'231'188'406
            'quick_restart_no_lp':   31'141  2'539'730  16'437'052    304'210  13'851'223'043  25'902'008'483
                  'reduced_costs':  149'782  2'838'405  15'589'059    400'369  48'592'702'039  22'091'889'566

SAT stats                           ClassicMinim   LitRemoved   LitLearned  LitForgotten  Subsumed   MClauses  MDecisions  MLitTrue  MSubsumed  MLitRemoved  MReused
                           'core':     7'861'449  218'149'659  158'453'496   127'391'625     5'246     28'199     140'420         0        980        4'298      553
                     'default_lp':     2'087'165   26'795'237   70'979'236    55'750'151     5'735    169'456   2'027'321         1     56'500      606'412   24'991
                          'fixed':     3'163'157   15'033'515  150'113'906   148'898'559     9'531        369       3'214         0        207        1'453       78
                      'fs_random':             0            0            0             0         0          0           0         0          0            0        0
                      'fs_random':             0            0           24             0         0          0           0         0          0            0        0
                'fs_random_no_lp':             5           17          463             0         0          0           0         0          0            0        0
        'fs_random_quick_restart':             0            0            0             0         0          0           0         0          0            0        0
        'fs_random_quick_restart':             0            0            0             0         0          0           0         0          0            0        0
  'fs_random_quick_restart_no_lp':             0            0           35             0         0          0           0         0          0            0        0
                 'lb_tree_search':             0            0        4'131             0         0  2'678'205  13'683'788         0        236          907  223'254
                         'max_lp':     1'982'914   15'862'581   40'425'452    29'719'924    14'598    613'677   5'640'547         0     93'791      759'232   74'539
                          'no_lp':     2'940'138   20'381'299   58'096'562    44'867'119    15'901    188'281   2'247'346         0     68'311      564'306   28'849
            'objective_lb_search':       621'826    7'428'663   13'289'618     5'736'844     4'180    506'213   4'246'679         0      5'757       47'748   75'508
     'objective_lb_search_max_lp':       953'992    8'051'173   14'458'126     6'129'298     6'008    333'784   4'422'190         0     33'167      291'348   78'267
      'objective_lb_search_no_lp':     1'250'964   15'168'739   28'535'569    15'108'918     7'831    270'214   2'192'606         0      4'768       44'872   41'064
                        'probing':             0            0        5'106             0         0          0           0         0          0            0        0
                 'probing_max_lp':             0            0        5'124             0         0          0           0         0          0            0        0
                   'pseudo_costs':     1'281'760    6'866'099   36'741'630    32'288'142    16'057    818'786   6'182'620         0      1'574       10'067  109'497
                  'quick_restart':       550'196    5'491'250   18'292'208    13'836'608     6'429    110'364   2'859'963         0     61'142      991'887   17'687
            'quick_restart_no_lp':     2'275'473   28'575'054   84'185'276    68'053'507     5'621     37'172     851'688         0     24'124      345'715    3'397
                  'reduced_costs':     2'438'317   24'460'323   86'742'326    78'846'588    13'992    232'996   2'199'854        16    104'718      710'595   49'340

Lp stats                         Component   Iterations  AddedCuts    OPTIMAL     DUAL_F.  DUAL_U.
                  'default_lp':          1   35'659'138  1'281'710  4'359'363         176      257
                       'fixed':          1    5'759'405      2'678  5'287'244           0        0
                   'fs_random':          1        3'689        767         46           0        0
                   'fs_random':          1        5'081      1'360         87           1        0
     'fs_random_quick_restart':          1        2'231        684         24           0        0
     'fs_random_quick_restart':          1        5'404      1'199         83           0        0
              'lb_tree_search':          1  172'890'588    101'125     62'571  12'700'069        0
                      'max_lp':          1   48'805'580    451'309    512'988   4'518'115       22
         'objective_lb_search':          1   59'015'998  1'067'888  2'754'495       2'514        9
  'objective_lb_search_max_lp':          1   44'031'652     65'691     53'429   3'834'177        2
                     'probing':          1   44'680'669  2'209'126    280'030      19'088        5
              'probing_max_lp':          1   14'844'951    488'026    203'248     105'339        1
                'pseudo_costs':          1   34'919'610    946'410  1'720'415   2'642'386       94
               'quick_restart':          1  100'826'175  3'586'183  3'083'824      32'459        2
               'reduced_costs':          1   30'579'040    976'555  2'790'153   2'380'402      123

Lp dimension                                                                        Final dimension of first component
                  'default_lp':  2882 rows, 3145 columns, 10591 entries with magnitude in [7.617388e-03, 1.000000e+00]
                       'fixed':  2783 rows, 3145 columns, 10249 entries with magnitude in [9.058652e-03, 1.000000e+00]
                   'fs_random':   1776 rows, 3145 columns, 6807 entries with magnitude in [1.077261e-02, 1.000000e+00]
                   'fs_random':  2826 rows, 3145 columns, 10242 entries with magnitude in [9.058652e-03, 1.000000e+00]
     'fs_random_quick_restart':   1226 rows, 3145 columns, 4955 entries with magnitude in [1.077261e-02, 1.000000e+00]
     'fs_random_quick_restart':   2726 rows, 3145 columns, 9945 entries with magnitude in [3.507305e-03, 1.000000e+00]
              'lb_tree_search':  6674 rows, 3155 columns, 35688 entries with magnitude in [2.486443e-04, 1.000000e+00]
                      'max_lp':  3933 rows, 3155 columns, 16680 entries with magnitude in [7.764938e-04, 1.000000e+00]
         'objective_lb_search':  3447 rows, 3145 columns, 12966 entries with magnitude in [7.450939e-04, 1.000000e+00]
  'objective_lb_search_max_lp':  5913 rows, 3155 columns, 27504 entries with magnitude in [1.899263e-04, 1.000000e+00]
                     'probing':  4771 rows, 3145 columns, 35906 entries with magnitude in [3.315472e-04, 1.000000e+00]
              'probing_max_lp':  4537 rows, 3155 columns, 34723 entries with magnitude in [1.036142e-04, 1.000000e+00]
                'pseudo_costs':  3301 rows, 3155 columns, 12697 entries with magnitude in [4.205131e-04, 1.000000e+00]
               'quick_restart':  4267 rows, 3145 columns, 16694 entries with magnitude in [3.907413e-03, 1.000000e+00]
               'reduced_costs':  3186 rows, 3155 columns, 12225 entries with magnitude in [1.303461e-03, 1.000000e+00]

Lp debug                         CutPropag  CutEqPropag      Adjust  Overflow            Bad  BadScaling
                  'default_lp':         85          306     572'030         0     19'816'973           0
                       'fixed':          1            0   1'178'216         0         37'102           0
                   'fs_random':          1            0           0         0          4'223           0
                   'fs_random':          1            0           0         0          4'226           0
     'fs_random_quick_restart':          1            0           0         0          4'244           0
     'fs_random_quick_restart':          1            0           0         0          4'246           0
              'lb_tree_search':         50          211  11'424'616         0     54'504'037           0
                      'max_lp':         55          175   3'442'536         0     23'216'431           0
         'objective_lb_search':         99          347   1'080'118         0     29'982'721           0
  'objective_lb_search_max_lp':         22           72   3'705'559         0     12'450'158           0
                     'probing':        687        7'743     177'622         0  1'883'102'988           0
              'probing_max_lp':      1'001        5'564     308'584         1  2'118'948'644           0
                'pseudo_costs':        168          321   1'473'762         0     46'270'761           0
               'quick_restart':        262          619   1'507'698         0    106'464'886           0
               'reduced_costs':        145          371   2'540'256         0     46'893'376           0

Lp pool                          Constraints  Updates  Simplif  Merged  Shortened      Split  Strenghtened             Cuts/Call
                  'default_lp':       12'962    5'417   15'476     163          0     79'348        81'906   1'281'710/5'378'395
                       'fixed':        6'092        5        1       1          0          5            93         2'678/341'672
                   'fs_random':        4'182        0        0       0          0          0            34             767/2'690
                   'fs_random':        4'775        0        0       0          0          0            35           1'360/3'744
     'fs_random_quick_restart':        4'099        0        0       0          0          0            36             684/2'152
     'fs_random_quick_restart':        4'614        0        0       0          0          0            36           1'199/3'621
              'lb_tree_search':       44'934    5'623  404'100      31          0    424'323       385'552       101'125/255'824
                      'max_lp':       45'075    4'384  354'169      74          0    379'194       384'360     451'309/1'095'208
         'objective_lb_search':       13'215    8'097   16'520      88          0    215'365        79'944   1'067'888/4'686'412
  'objective_lb_search_max_lp':       45'499    1'915  420'194      32          0    296'858       391'756        65'691/179'982
                     'probing':       12'529  215'337    7'919      12          0  1'108'022       390'207   2'209'126/4'369'014
              'probing_max_lp':       44'845   88'626  493'744      21          0  2'844'653       443'917     488'026/1'272'046
                'pseudo_costs':       45'125    7'469  439'925     125          0    752'924       542'255     946'410/2'160'018
               'quick_restart':       12'405   14'517   16'123     193          0  1'726'750       139'382  3'586'183/10'946'006
               'reduced_costs':       45'235    8'091  405'000     160          0    855'739       489'860     976'555/2'533'576

Lp Cut                                                      fs_ran  fs_ran  fs_ran  fs_ran   defaul  fixed   max_lp     quick_   reduce   pseudo  lb_tre   probin   object   probin  object
                                                    CG_FF:      40      40      41      41   43'929    131   19'194     21'996   61'572   53'419   2'198   21'848   27'654    4'031   2'254
                                                     CG_K:      39      39      39      39   31'537     90   25'902     13'717   74'673   59'770   2'716    9'255   19'670    2'819   3'287
                                                    CG_KL:       -       -       -       -      119      -       19         37      121       91       -      200       60        -       6
                                                     CG_R:      25      25      25      25   22'491     60   10'188     17'854   32'141   29'032   2'104   33'072   18'145    5'413   1'686
                                                    CG_RB:      10      10      10      10   93'956    145   46'944     81'819  118'344  131'282   6'106   87'584   90'013    6'626   6'483
                                                   CG_RBP:       2       2       2       2    9'669      8    8'849      8'289   21'736   20'001   1'184    7'280    9'392    1'202   1'068
                                                   Clique:       -       -       -       -        -      -    2'369          -    9'346   10'037     245        -        -      923     227
                                                       IB:     279     851     164     712  830'429  1'452  172'768  2'987'553  268'973  240'472  23'014  398'974  682'765   76'195  17'602
                                                 MIR_1_FF:     115     115     115     116   22'923    156   12'305     37'176   36'824   34'120   2'809   96'927   19'530   18'712   2'001
                                                  MIR_1_K:      25      25      24      25    3'133     37    2'361      4'590    5'704    5'722     378    6'271    2'535    2'303     425
                                                 MIR_1_KL:       -       -       -       -    1'032      -      780        891      987      677     112    3'574      107    1'942      73
                                                  MIR_1_R:      47      47      47      47    5'417     62    2'023      8'079    6'726    5'919     800   20'517    3'692    5'156     527
                                                 MIR_1_RB:      42      42      44      44   44'868    136   35'067     86'922   77'288   80'140   8'793  205'825   40'076   35'675   5'806
                                                MIR_1_RBP:       1       1       1       1    3'023      6    9'102      7'079   17'729   19'417   1'631    9'695    3'101    3'155   1'162
                                                MIR_1_RLT:       -       -       -       -        -      -      243          -      896      811      89        -        -      865      34
                                                 MIR_2_FF:      27      33      25      25   17'854     56    7'495     21'455   22'459   22'415   1'716   44'453   13'539    9'918   1'217
                                                  MIR_2_K:      18      18      23      14    3'200     25    1'852      2'916    4'934    4'609     356    4'138    1'991    1'836     344
                                                 MIR_2_KL:       -       -       -       -      697      -      580        594      814      529      43    2'836       97    1'618      45
                                                  MIR_2_R:      13      12      13      13    4'479     20    1'723      6'171    5'026    4'787     919   36'199    3'060    5'432     506
                                                 MIR_2_RB:      27      27      38      27   29'975     70   15'510     58'940   36'983   41'323   4'289  149'031   26'514   21'459   2'549
                                                MIR_2_RBP:       -       1       -       1    2'815      9    3'493      6'098    7'463    8'733     581    9'200    2'777    2'037     404
                                                 MIR_3_FF:       4       6       4       2   11'779     16    4'842     13'824   14'862   15'567     846   27'216    9'219    5'131     610
                                                  MIR_3_K:       7       9       8       8    2'411      8    1'581      1'905    4'171    3'829     246    2'761    1'451    1'203     265
                                                 MIR_3_KL:       -       -       -       -      509      -      452        592      602      413      52    2'450       72      940      47
                                                  MIR_3_R:       2       2       1       1    2'555      4    1'109      5'241    2'987    2'881     697   23'195    2'273    4'347     396
                                                 MIR_3_RB:      13      18      20      11   18'572     40    9'571     37'368   22'514   24'985   2'361   97'491   17'006   12'213   1'459
                                                MIR_3_RBP:       -       -       -       -    2'145      4    2'241      4'440    4'942    5'382     364    5'801    2'102    1'141     262
                                                 MIR_4_FF:       -       -       1       1    7'335      5    2'813      8'673    8'606    9'385     504   17'511    6'592    2'295     342
                                                  MIR_4_K:       1       3       3       2    1'859      5    1'061      1'472    2'953    2'807     159    2'205    1'279      665     172
                                                 MIR_4_KL:       -       -       -       -      392      -      258        520      497      346      51    2'804       61      819      43
                                                  MIR_4_R:       -       -       1       -    1'539      2      688      3'064    1'633    1'707     377   12'642    1'557    2'117     188
                                                 MIR_4_RB:       2       3       4       3   11'232     22    5'003     20'564   11'757   13'375   1'116   59'454   10'078    5'732     718
                                                MIR_4_RBP:       -       -       -       1      930      2      967      1'700    2'010    2'150     191    3'068      933      570     129
                                                 MIR_5_FF:       -       -       1       -    4'802      5    1'678      5'623    4'920    6'184     347   11'637    4'532    1'333     205
                                                  MIR_5_K:       1       2       2       -    1'244      1      672      1'230    1'569    1'635      95    1'669      932      398      80
                                                 MIR_5_KL:       -       -       -       -      437      -      268        840      566      420      98    3'719      176      936      57
                                                  MIR_5_R:       -       -       1       -      832      2      371      1'572      914    1'011     158    6'340      874      791      80
                                                 MIR_5_RB:       1       1       3       1    7'393     16    2'913     12'674    6'910    8'009     580   40'715    6'521    2'993     387
                                                MIR_5_RBP:       -       -       -       -      483      1      490        896    1'049    1'124     131    1'950      473      397      80
                                                 MIR_6_FF:       -       -       -       -    3'385      -    1'120      3'598    3'146    3'787     239    8'102    3'267      892     149
                                                  MIR_6_K:       -       -       -       -      868      1      523      1'176    1'122    1'192      83    1'932      724      406      82
                                                 MIR_6_KL:       -       -       -       -      559      -      314      1'240      771      480     102    5'763      352    1'084      65
                                                  MIR_6_R:       -       -       -       -      455      -      223        905      524      668     117    3'460      576      423      64
                                                 MIR_6_RB:       -       1       4       -    4'956     10    1'872      9'118    4'378    4'857     450   32'720    4'681    2'216     313
                                                MIR_6_RBP:       -       -       -       -      299      1      330        486      739      767     119    1'710      306      461      73
         NoOverlapCompletionTimeExhaustiveMirror_weighted:       -       -       -       -        -      -        -          -       13        5       -        -        -        -       2
  NoOverlapCompletionTimeExhaustiveMirror_weighted_lifted:       -       -       -       -        -      -        -          -        3        1       -        -        -        -       -
               NoOverlapCompletionTimeExhaustive_weighted:       -       -       -       -        -      -      641          -    2'559    2'927       4        -        -        2      35
        NoOverlapCompletionTimeExhaustive_weighted_lifted:       -       -       -       -        -      -      160          -      365      428       6        -        -        3       6
                          NoOverlapCompletionTimeQueyrane:       -       -       -       -        -      -      119          -      508      230      15        -        -        8      19
                                NoOverlapDisjunctionOnEnd:       -       -       -       -        -      -        5          -       31       20       -        -        -        -       1
                              NoOverlapDisjunctionOnStart:       -       -       -       -        -      -      574          -    1'756    2'029       5        -        -        5      22
                                             ZERO_HALF_FF:      12      10       8      11    4'962     24    2'687      5'484    8'440    7'127     351    7'532    3'936      818     348
                                              ZERO_HALF_K:       -       2       1       1    1'428      4    2'307      1'449    6'688    5'306     381    1'332      941      450     362
                                             ZERO_HALF_KL:       -       -       -       -        8      -        1          -        3        3       -        3        -        -       -
                                              ZERO_HALF_R:       2       4       2       3    7'194     18   14'249     45'909   19'942   19'312  27'010  532'143   11'351  209'888   8'753
                                             ZERO_HALF_RB:      12      10       8      11    8'044     21    7'990     16'874   16'924   17'119   2'313   97'464    8'723   11'416   1'695
                                            ZERO_HALF_RBP:       -       1       1       1    1'557      3    2'449      5'570    4'442    5'636   1'474   47'458    2'182    8'616     476

LNS stats                        Improv/Calls  Closed  Difficulty  TimeLimit
               'graph_arc_lns':   12149/38337     50%        1.00       0.10
               'graph_cst_lns':   13511/38335     50%        1.00       0.10
               'graph_dec_lns':   12764/38336     50%        1.00       0.10
               'graph_var_lns':   16999/38337     50%        1.00       0.10
                   'rins/rens':   11145/35590     50%        0.92       0.12
                 'rnd_cst_lns':   13508/38337     50%        1.00       0.10
                 'rnd_var_lns':   13022/38336     50%        1.00       0.10
    'scheduling_intervals_lns':   38336/38337      0%        0.00       0.10
  'scheduling_precedences_lns':   38336/38336      0%        0.00       0.10
  'scheduling_time_window_lns':   38336/38336      0%        0.00       0.10

LS stats                   Batches  Restarts     LinMoves    GenMoves  CompoundMoves  WeightUpdates
       'fj_long_default':        6         1       59'814           0              0            186
   'fj_long_lin_default':       10         1            0      13'948          1'647              0
        'fj_long_random':        9         1       89'786           0              0            214
      'fj_short_default':        8         1            0      11'065          1'334              0
  'fj_short_lin_default':       10         1            0      13'121          1'431              0
   'fj_short_lin_random':        3         1            0       5'237          1'061              0
       'fj_short_random':       10         1            0      11'776          1'311              0
          'violation_ls':   38'338         0  168'055'547  22'792'825      1'004'996      1'440'510
          'violation_ls':   38'338         0  197'506'832  19'841'175        905'441      2'335'214

Solutions (191)           Num      Rank
      'fs_random_no_lp':    1     [1,1]
        'graph_arc_lns':    7  [13,134]
        'graph_cst_lns':   11  [23,142]
        'graph_dec_lns':    4  [38,141]
        'graph_var_lns':   12  [14,178]
                'no_lp':    6    [2,12]
        'quick_restart':    2  [19,174]
  'quick_restart_no_lp':   52  [11,188]
          'rins_lp_lns':    8  [64,167]
        'rins_pump_lns':    7  [15,185]
          'rnd_cst_lns':    5  [20,190]
          'rnd_var_lns':   11  [27,173]
         'violation_ls':   65   [3,191]

Objective bounds                    Num
  'fs_random_quick_restart_no_lp':    1
                 'initial_domain':    1
                 'lb_tree_search':   48
            'objective_lb_search':    3
     'objective_lb_search_max_lp':  131
      'objective_lb_search_no_lp':    2
                   'pseudo_costs':    3
                  'reduced_costs':    2

Solution repositories      Added  Queried  Ignored  Synchro
  'feasible solutions':  172'819  872'207        0  170'440
        'lp solutions':  109'364   19'071        0  105'082
                'pump':  384'116   19'267

Improving bounds shared                Num
                     'default_lp':     674
  'fs_random_quick_restart_no_lp':     368
                 'lb_tree_search':     188
                         'max_lp':     383
                          'no_lp':     192
            'objective_lb_search':     149
     'objective_lb_search_max_lp':      37
                        'probing':  11'962
                 'probing_max_lp':  28'052
                   'pseudo_costs':     464
                  'quick_restart':     836
            'quick_restart_no_lp':  10'158
                  'reduced_costs':   1'810

Clauses shared                   Num
                        'core':    1
                  'default_lp':   21
                   'fs_random':    7
              'lb_tree_search':    6
                      'max_lp':   17
                       'no_lp':    7
         'objective_lb_search':    5
  'objective_lb_search_max_lp':    6
   'objective_lb_search_no_lp':    6
                'pseudo_costs':   26
               'quick_restart':   18
         'quick_restart_no_lp':   49
               'reduced_costs':    2

CpSolverResponse summary:
status: FEASIBLE
objective: 2944
best_bound: 1548
integers: 3149
booleans: 302
conflicts: 0
branches: 622
propagations: 52
integer_propagations: 121381
restarts: 604
lp_iterations: 3689
walltime: 86401.2
usertime: 86401.2
deterministic_time: 356840
gap_integral: 2.58768e+06
solution_fingerprint: 0xecb21520ee388aad


--- Simulation Gantt  partir du modle mathmatique ---
