created virtual environment CPython3.12.4.final.0-64 in 2004ms
  creator CPython3Posix(dest=/localscratch/aneumann.45381459.0/env, clear=False, no_vcs_ignore=False, global=False)
  seeder FromAppData(download=False, pip=bundle, via=copy, app_data_dir=/home/aneumann/.local/share/virtualenv)
    added seed packages: pip==24.2+computecanada
  activators BashActivator,CShellActivator,FishActivator,NushellActivator,PowerShellActivator,PythonActivator
Looking in links: /cvmfs/soft.computecanada.ca/custom/python/wheelhouse/gentoo2023/x86-64-v3, /cvmfs/soft.computecanada.ca/custom/python/wheelhouse/gentoo2023/generic, /cvmfs/soft.computecanada.ca/custom/python/wheelhouse/generic
Requirement already satisfied: pip in /localscratch/aneumann.45381459.0/env/lib/python3.12/site-packages (24.2+computecanada)
Processing /cvmfs/soft.computecanada.ca/custom/python/wheelhouse/generic/pip-25.0+computecanada-py3-none-any.whl
Installing collected packages: pip
  Attempting uninstall: pip
    Found existing installation: pip 24.2+computecanada
    Uninstalling pip-24.2+computecanada:
      Successfully uninstalled pip-24.2+computecanada
Successfully installed pip-24.2+computecanada
Looking in links: /cvmfs/soft.computecanada.ca/custom/python/wheelhouse/gentoo2023/x86-64-v3, /cvmfs/soft.computecanada.ca/custom/python/wheelhouse/gentoo2023/generic, /cvmfs/soft.computecanada.ca/custom/python/wheelhouse/generic
ERROR: protobuf-5.28.3-cp38-abi3-manylinux2014_x86_64.whl is not a supported wheel on this platform.
Looking in links: /cvmfs/soft.computecanada.ca/custom/python/wheelhouse/gentoo2023/x86-64-v3, /cvmfs/soft.computecanada.ca/custom/python/wheelhouse/gentoo2023/generic, /cvmfs/soft.computecanada.ca/custom/python/wheelhouse/generic
Processing /home/aneumann/projects/def-adhaj/aneumann/GNRS/wheels/immutabledict-4.2.0-py3-none-any.whl
Installing collected packages: immutabledict
Successfully installed immutabledict-4.2.0
Looking in links: /cvmfs/soft.computecanada.ca/custom/python/wheelhouse/gentoo2023/x86-64-v3, /cvmfs/soft.computecanada.ca/custom/python/wheelhouse/gentoo2023/generic, /cvmfs/soft.computecanada.ca/custom/python/wheelhouse/generic
Processing /cvmfs/soft.computecanada.ca/custom/python/wheelhouse/generic/ortools-9.10.4067+computecanada-cp312-cp312-linux_x86_64.whl (from -r /home/aneumann/projects/def-adhaj/aneumann/GNRS/requirements/or.txt (line 1))
Processing /cvmfs/soft.computecanada.ca/custom/python/wheelhouse/gentoo2023/x86-64-v3/matplotlib-3.10.0+computecanada-cp312-cp312-linux_x86_64.whl (from -r /home/aneumann/projects/def-adhaj/aneumann/GNRS/requirements/or.txt (line 2))
Processing /cvmfs/soft.computecanada.ca/custom/python/wheelhouse/gentoo2023/x86-64-v3/pandas-2.2.3+computecanada-cp312-cp312-linux_x86_64.whl (from -r /home/aneumann/projects/def-adhaj/aneumann/GNRS/requirements/or.txt (line 3))
Processing /cvmfs/soft.computecanada.ca/custom/python/wheelhouse/generic/absl_py-2.3.0+computecanada-py3-none-any.whl (from ortools<9.11,>=9.10->-r /home/aneumann/projects/def-adhaj/aneumann/GNRS/requirements/or.txt (line 1))
Processing /cvmfs/soft.computecanada.ca/custom/python/wheelhouse/gentoo2023/generic/numpy-2.2.2+computecanada-cp312-cp312-linux_x86_64.whl (from ortools<9.11,>=9.10->-r /home/aneumann/projects/def-adhaj/aneumann/GNRS/requirements/or.txt (line 1))
Processing /cvmfs/soft.computecanada.ca/custom/python/wheelhouse/gentoo2023/x86-64-v3/protobuf-6.31.1+computecanada-cp312-cp312-linux_x86_64.whl (from ortools<9.11,>=9.10->-r /home/aneumann/projects/def-adhaj/aneumann/GNRS/requirements/or.txt (line 1))
Requirement already satisfied: immutabledict>=3.0.0 in /localscratch/aneumann.45381459.0/env/lib/python3.12/site-packages (from ortools<9.11,>=9.10->-r /home/aneumann/projects/def-adhaj/aneumann/GNRS/requirements/or.txt (line 1)) (4.2.0)
Processing /cvmfs/soft.computecanada.ca/custom/python/wheelhouse/gentoo2023/generic/contourpy-1.3.1+computecanada-cp312-cp312-linux_x86_64.whl (from matplotlib->-r /home/aneumann/projects/def-adhaj/aneumann/GNRS/requirements/or.txt (line 2))
Processing /cvmfs/soft.computecanada.ca/custom/python/wheelhouse/generic/cycler-0.12.1+computecanada-py3-none-any.whl (from matplotlib->-r /home/aneumann/projects/def-adhaj/aneumann/GNRS/requirements/or.txt (line 2))
Processing /cvmfs/soft.computecanada.ca/custom/python/wheelhouse/generic/fonttools-4.58.4+computecanada-cp312-cp312-linux_x86_64.whl (from matplotlib->-r /home/aneumann/projects/def-adhaj/aneumann/GNRS/requirements/or.txt (line 2))
Processing /cvmfs/soft.computecanada.ca/custom/python/wheelhouse/gentoo2023/x86-64-v3/kiwisolver-1.4.8+computecanada-cp312-cp312-linux_x86_64.whl (from matplotlib->-r /home/aneumann/projects/def-adhaj/aneumann/GNRS/requirements/or.txt (line 2))
Processing /cvmfs/soft.computecanada.ca/custom/python/wheelhouse/generic/packaging-25.0+computecanada-py3-none-any.whl (from matplotlib->-r /home/aneumann/projects/def-adhaj/aneumann/GNRS/requirements/or.txt (line 2))
Processing /cvmfs/soft.computecanada.ca/custom/python/wheelhouse/gentoo2023/x86-64-v3/pillow-11.1.0+computecanada-cp312-cp312-linux_x86_64.whl (from matplotlib->-r /home/aneumann/projects/def-adhaj/aneumann/GNRS/requirements/or.txt (line 2))
Processing /cvmfs/soft.computecanada.ca/custom/python/wheelhouse/generic/pyparsing-3.2.3+computecanada-py3-none-any.whl (from matplotlib->-r /home/aneumann/projects/def-adhaj/aneumann/GNRS/requirements/or.txt (line 2))
Processing /cvmfs/soft.computecanada.ca/custom/python/wheelhouse/generic/python_dateutil-2.9.0.post0+computecanada-py2.py3-none-any.whl (from matplotlib->-r /home/aneumann/projects/def-adhaj/aneumann/GNRS/requirements/or.txt (line 2))
Processing /cvmfs/soft.computecanada.ca/custom/python/wheelhouse/generic/pytz-2025.2+computecanada-py2.py3-none-any.whl (from pandas->-r /home/aneumann/projects/def-adhaj/aneumann/GNRS/requirements/or.txt (line 3))
Processing /cvmfs/soft.computecanada.ca/custom/python/wheelhouse/generic/tzdata-2025.2+computecanada-py2.py3-none-any.whl (from pandas->-r /home/aneumann/projects/def-adhaj/aneumann/GNRS/requirements/or.txt (line 3))
Processing /cvmfs/soft.computecanada.ca/custom/python/wheelhouse/generic/six-1.17.0+computecanada-py2.py3-none-any.whl (from python-dateutil>=2.7->matplotlib->-r /home/aneumann/projects/def-adhaj/aneumann/GNRS/requirements/or.txt (line 2))
Installing collected packages: pytz, tzdata, six, pyparsing, protobuf, pillow, packaging, numpy, kiwisolver, fonttools, cycler, absl-py, python-dateutil, contourpy, pandas, matplotlib, ortools
Successfully installed absl-py-2.3.0+computecanada contourpy-1.3.1+computecanada cycler-0.12.1+computecanada fonttools-4.58.4+computecanada kiwisolver-1.4.8+computecanada matplotlib-3.10.0+computecanada numpy-2.2.2+computecanada ortools-9.10.4067+computecanada packaging-25.0+computecanada pandas-2.2.3+computecanada pillow-11.1.0+computecanada protobuf-6.31.1+computecanada pyparsing-3.2.3+computecanada python-dateutil-2.9.0.post0+computecanada pytz-2025.2+computecanada six-1.17.0+computecanada tzdata-2025.2+computecanada

Starting CP-SAT solver v9.10.4067
Parameters: max_time_in_seconds: 86400 max_memory_in_mb: 185000 log_search_progress: true enumerate_all_solutions: false num_search_workers: 32 absolute_gap_limit: 0 relative_gap_limit: 0

Initial optimization model '': (model_fingerprint: 0x27d3748d178aacf6)
#Variables: 133 (#ints: 5 in objective)
  - 84 Booleans in [0,1]
  - 49 in [0,263]
#kLinear1: 22
#kLinear2: 146
#kLinear3: 52
#kLinearN: 392 (#terms: 3'322)

Starting presolve at 0.00s
  1.65e-04s  0.00e+00d  [DetectDominanceRelations] 
  2.93e-03s  0.00e+00d  [PresolveToFixPoint] #num_loops=6 #num_dual_strengthening=3 
  1.78e-05s  0.00e+00d  [ExtractEncodingFromLinear] #potential_supersets=3 
[Symmetry] Graph for symmetry has 576 nodes and 1'848 arcs.
[Symmetry] Symmetry computation done. time: 0.000244142 dtime: 0.00021943
[Symmetry] #generators: 1, average support size: 14
[Symmetry] The model contains 76 duplicate constraints !
[Symmetry] 7 orbits with sizes: 2,2,2,2,2,2,2
[Symmetry] Num fixable by intersecting at_most_one with orbits: 1 largest_orbit: 2
  1.32e-03s  8.20e-05d  [Probe] #probed=106 #fixed_bools=2 #new_bounds=6 #equiv=1 #new_binary_clauses=1 
  6.39e-05s  0.00e+00d  [MaxClique] Merged 4(8 literals) into 2(4 literals) at_most_ones. 
  7.38e-05s  0.00e+00d  [DetectDominanceRelations] 
  1.01e-03s  0.00e+00d  [PresolveToFixPoint] #num_loops=4 #num_dual_strengthening=3 
  2.26e-04s  0.00e+00d  [ProcessAtMostOneAndLinear] 
  1.98e-04s  0.00e+00d  [DetectDuplicateConstraints] #duplicates=88 #without_enforcements=14 
  8.11e-05s  3.16e-06d  [DetectDominatedLinearConstraints] #relevant_constraints=172 #num_inclusions=44 #num_redundant=1 
  1.02e-04s  0.00e+00d  [DetectDifferentVariables] #different=15 
  2.52e-05s  9.92e-07d  [ProcessSetPPC] #relevant_constraints=83 
  4.40e-06s  0.00e+00d  [FindAlmostIdenticalLinearConstraints] 
  4.26e-05s  9.15e-06d  [FindBigAtMostOneAndLinearOverlap] 
  8.45e-05s  6.91e-05d  [FindBigVerticalLinearOverlap] 
  1.22e-05s  3.25e-06d  [FindBigHorizontalLinearOverlap] #linears=81 
  8.41e-06s  0.00e+00d  [MergeClauses] 
  6.63e-05s  0.00e+00d  [DetectDominanceRelations] 
  4.99e-04s  0.00e+00d  [PresolveToFixPoint] #num_loops=1 #num_dual_strengthening=1 
  5.97e-05s  0.00e+00d  [DetectDominanceRelations] 
  4.76e-04s  0.00e+00d  [PresolveToFixPoint] #num_loops=1 #num_dual_strengthening=1 
[Symmetry] Graph for symmetry has 468 nodes and 1'526 arcs.
[Symmetry] Symmetry computation done. time: 5.4211e-05 dtime: 0.00010294
  4.73e-04s  7.46e-05d  [Probe] #probed=102 #new_bounds=5 #new_binary_clauses=1 
  2.42e-06s  0.00e+00d  [MaxClique] 
  6.54e-05s  0.00e+00d  [DetectDominanceRelations] 
  6.46e-04s  0.00e+00d  [PresolveToFixPoint] #num_loops=2 #num_dual_strengthening=1 
  1.67e-04s  0.00e+00d  [ProcessAtMostOneAndLinear] 
  1.20e-04s  0.00e+00d  [DetectDuplicateConstraints] #without_enforcements=16 
  5.69e-05s  3.14e-06d  [DetectDominatedLinearConstraints] #relevant_constraints=171 #num_inclusions=42 
  4.76e-05s  0.00e+00d  [DetectDifferentVariables] #different=15 
  2.34e-05s  9.92e-07d  [ProcessSetPPC] #relevant_constraints=83 
  4.12e-06s  0.00e+00d  [FindAlmostIdenticalLinearConstraints] 
  1.21e-05s  9.15e-06d  [FindBigAtMostOneAndLinearOverlap] 
  8.05e-05s  6.91e-05d  [FindBigVerticalLinearOverlap] 
  1.15e-05s  3.25e-06d  [FindBigHorizontalLinearOverlap] #linears=81 
  1.83e-06s  0.00e+00d  [MergeClauses] 
  6.45e-05s  0.00e+00d  [DetectDominanceRelations] 
  4.91e-04s  0.00e+00d  [PresolveToFixPoint] #num_loops=1 #num_dual_strengthening=1 
  5.91e-05s  0.00e+00d  [DetectDominanceRelations] 
  4.67e-04s  0.00e+00d  [PresolveToFixPoint] #num_loops=1 #num_dual_strengthening=1 
[Symmetry] Graph for symmetry has 468 nodes and 1'526 arcs.
[Symmetry] Symmetry computation done. time: 5.3811e-05 dtime: 0.00010294
  4.41e-04s  7.32e-05d  [Probe] #probed=102 #new_binary_clauses=1 
  5.75e-06s  0.00e+00d  [MaxClique] 
  6.57e-05s  0.00e+00d  [DetectDominanceRelations] 
  5.05e-04s  0.00e+00d  [PresolveToFixPoint] #num_loops=1 #num_dual_strengthening=1 
  1.63e-04s  0.00e+00d  [ProcessAtMostOneAndLinear] 
  1.19e-04s  0.00e+00d  [DetectDuplicateConstraints] #without_enforcements=16 
  5.52e-05s  3.14e-06d  [DetectDominatedLinearConstraints] #relevant_constraints=171 #num_inclusions=42 
  4.77e-05s  0.00e+00d  [DetectDifferentVariables] #different=15 
  2.87e-05s  9.92e-07d  [ProcessSetPPC] #relevant_constraints=83 
  4.20e-06s  0.00e+00d  [FindAlmostIdenticalLinearConstraints] 
  1.22e-05s  9.15e-06d  [FindBigAtMostOneAndLinearOverlap] 
  7.81e-05s  6.91e-05d  [FindBigVerticalLinearOverlap] 
  1.18e-05s  3.25e-06d  [FindBigHorizontalLinearOverlap] #linears=81 
  1.72e-06s  0.00e+00d  [MergeClauses] 
  6.45e-05s  0.00e+00d  [DetectDominanceRelations] 
  4.91e-04s  0.00e+00d  [PresolveToFixPoint] #num_loops=1 #num_dual_strengthening=1 
  3.57e-05s  0.00e+00d  [ExpandObjective] #entries=12 #tight_variables=6 #tight_constraints=2 

Presolve summary:
  - 19 affine relations were detected.
  - rule 'TODO dual: only one blocking constraint?' was applied 325 times.
  - rule 'TODO dual: only one unspecified blocking constraint?' was applied 65 times.
  - rule 'TODO duplicate: identical constraint with different enforcements' was applied 46 times.
  - rule 'affine: new relation' was applied 19 times.
  - rule 'at_most_one: removed literals' was applied 2 times.
  - rule 'at_most_one: size one' was applied 2 times.
  - rule 'at_most_one: transformed into max clique.' was applied 1 time.
  - rule 'deductions: 48 stored' was applied 1 time.
  - rule 'dual: fix variable' was applied 12 times.
  - rule 'dual: reduced domain' was applied 31 times.
  - rule 'duplicate: merged rhs of linear constraint' was applied 14 times.
  - rule 'duplicate: removed constraint' was applied 88 times.
  - rule 'enforcement: false literal' was applied 10 times.
  - rule 'enforcement: true literal' was applied 8 times.
  - rule 'exactly_one: x and not(x)' was applied 1 time.
  - rule 'incompatible linear: add implication' was applied 9 times.
  - rule 'linear inclusion: redundant containing constraint' was applied 1 time.
  - rule 'linear: always true' was applied 230 times.
  - rule 'linear: doubleton free' was applied 6 times.
  - rule 'linear: empty' was applied 14 times.
  - rule 'linear: extracted enforcement literal' was applied 633 times.
  - rule 'linear: fixed or dup variables' was applied 393 times.
  - rule 'linear: positive equal one' was applied 3 times.
  - rule 'linear: reduced variable domains' was applied 51 times.
  - rule 'linear: remapped using affine relations' was applied 370 times.
  - rule 'linear: simplified rhs' was applied 1'054 times.
  - rule 'linear: variable substitution 1' was applied 6 times.
  - rule 'presolve: 45 unused variables removed.' was applied 1 time.
  - rule 'presolve: iteration' was applied 3 times.
  - rule 'probing: reduced enforced constraint to implication.' was applied 4 times.
  - rule 'symmetry: fixed to false in general orbit' was applied 1 time.

Presolved optimization model '': (model_fingerprint: 0x96fabbbf6cf085a5)
#Variables: 63 (#ints: 5 in objective)
  - 26 Booleans in [0,1]
  - 1 in [0,155]
  - 1 in [0,170]
  - 1 in [0,181]
  - 4 in [0,184]
  - 3 in [0,200]
  - 3 in [0,228]
  - 3 in [0,241]
  - 1 in [3,187]
  - 1 in [3,203]
  - 1 in [3,231]
  - 1 in [3,244]
  - 1 in [24,224]
  - 1 in [60,244]
  - 2 in [68,252]
  - 3 in [71,252]
  - 1 in [74,258]
  - 1 in [77,258]
  - 2 in [82,252]
  - 3 in [88,252]
  - 1 in [88,258]
  - 1 in [94,258]
  - 1 in [99,263]
#kExactlyOne: 2 (#literals: 6)
#kLinear2: 93 (#enforced: 67 #multi: 53)
#kLinear3: 53 (#enforced: 48 #multi: 25)
#kLinearN: 92 (#enforced: 46) (#terms: 693)

Preloading model.
#Bound   0.02s best:inf   next:[99,953]   initial_domain
[Symmetry] Graph for symmetry has 398 nodes and 1'526 arcs.
[Symmetry] Symmetry computation done. time: 5.275e-05 dtime: 9.874e-05
#Model   0.02s var:63/63 constraints:240/240

Starting search at 0.02s with 32 workers.
16 full problem subsolvers: [core, default_lp, lb_tree_search, max_lp, no_lp, objective_lb_search, objective_lb_search_max_lp, objective_lb_search_no_lp, objective_shaving_search_max_lp, objective_shaving_search_no_lp, probing, probing_max_lp, pseudo_costs, quick_restart, quick_restart_no_lp, reduced_costs]
14 first solution subsolvers: [fj_long_default, fj_long_lin_default, fj_long_random, fj_short_default, fj_short_lin_default, fj_short_lin_random, fj_short_random, fs_random(2), fs_random_no_lp(2), fs_random_quick_restart(2), fs_random_quick_restart_no_lp]
11 incomplete subsolvers: [feasibility_pump, graph_arc_lns, graph_cst_lns, graph_dec_lns, graph_var_lns, rins/rens, rnd_cst_lns, rnd_var_lns, violation_ls(3)]
3 helper subsolvers: [neighborhood_helper, synchronization_agent, update_gap_integral]
#1       0.03s best:504   next:[99,503]   no_lp (fixed_bools=0/44)
#Bound   0.03s best:504   next:[100,503]  bool_core (num_cores=1 [size:2 mw:1 d:1] a=4 d=1 fixed=0/31 clauses=4)
#Bound   0.03s best:504   next:[101,503]  bool_core (num_cores=1 [cover] a=4 d=1 fixed=0/34 clauses=5)
#2       0.03s best:285   next:[101,284]  no_lp (fixed_bools=0/56)
#3       0.03s best:277   next:[101,276]  no_lp (fixed_bools=0/66)
#Bound   0.03s best:277   next:[117,276]  no_lp
#4       0.03s best:249   next:[117,248]  quick_restart_no_lp (fixed_bools=5/81)
#5       0.03s best:248   next:[117,247]  violation_ls(batch:1 #solutions_imported:1 #lin_moves:0 #lin_evals:6 #gen_moves:3 #gen_evals:0 #comp_moves:3 #backtracks:0 #weight_updates:0)
#6       0.03s best:247   next:[117,246]  violation_ls(batch:1 #solutions_imported:1 #lin_moves:1 #lin_evals:5 #weight_updates:0)
#Bound   0.03s best:247   next:[119,246]  objective_lb_search_no_lp
#Bound   0.03s best:247   next:[123,246]  objective_lb_search_no_lp
#Bound   0.03s best:247   next:[125,246]  objective_lb_search_no_lp
#7       0.03s best:246   next:[125,245]  violation_ls(batch:2 #solutions_imported:2 #lin_moves:2 #lin_evals:18 #gen_moves:3 #gen_evals:0 #comp_moves:3 #backtracks:0 #weight_updates:1)
#8       0.03s best:238   next:[125,237]  rnd_var_lns (d=0.50 s=20 t=0.10 p=0.00 stall=0 h=auto_l0) [presolve]
#Bound   0.03s best:238   next:[155,237]  objective_lb_search_no_lp
#9       0.03s best:237   next:[155,236]  violation_ls(batch:2 #solutions_imported:2 #lin_moves:1 #lin_evals:10 #gen_moves:3 #gen_evals:0 #comp_moves:3 #backtracks:0 #weight_updates:0)
#10      0.03s best:227   next:[155,226]  graph_var_lns (d=0.50 s=22 t=0.10 p=0.00 stall=0 h=auto_l0) [presolve]
#Bound   0.03s best:227   next:[171,226]  objective_lb_search_no_lp
#11      0.03s best:212   next:[171,211]  no_lp (fixed_bools=5/85)
#Bound   0.03s best:212   next:[185,211]  objective_lb_search_no_lp
#Bound   0.03s best:212   next:[191,211]  objective_lb_search_no_lp
#Done    0.03s no_lp
#Model   0.03s var:59/63 constraints:183/240
#Done    0.03s quick_restart_no_lp
#Done    0.03s objective_lb_search
#Done    0.03s default_lp
#Done    0.03s pseudo_costs
#Model   0.04s var:53/63 constraints:108/240

Task timing                                  n [     min,      max]      avg      dev     time         n [     min,      max]      avg      dev    dtime
                             'core':         1 [ 10.60ms,  10.60ms]  10.60ms   0.00ns  10.60ms         1 [  1.75ms,   1.75ms]   1.75ms   0.00ns   1.75ms
                       'default_lp':         1 [ 11.15ms,  11.15ms]  11.15ms   0.00ns  11.15ms         1 [204.90us, 204.90us] 204.90us   0.00ns 204.90us
                 'feasibility_pump':         2 [535.66us,   3.10ms]   1.82ms   1.28ms   3.64ms         1 [890.51us, 890.51us] 890.51us   0.00ns 890.51us
                  'fj_long_default':         0 [  0.00ns,   0.00ns]   0.00ns   0.00ns   0.00ns         0 [  0.00ns,   0.00ns]   0.00ns   0.00ns   0.00ns
              'fj_long_lin_default':         0 [  0.00ns,   0.00ns]   0.00ns   0.00ns   0.00ns         0 [  0.00ns,   0.00ns]   0.00ns   0.00ns   0.00ns
                   'fj_long_random':         0 [  0.00ns,   0.00ns]   0.00ns   0.00ns   0.00ns         0 [  0.00ns,   0.00ns]   0.00ns   0.00ns   0.00ns
                 'fj_short_default':         0 [  0.00ns,   0.00ns]   0.00ns   0.00ns   0.00ns         0 [  0.00ns,   0.00ns]   0.00ns   0.00ns   0.00ns
             'fj_short_lin_default':         0 [  0.00ns,   0.00ns]   0.00ns   0.00ns   0.00ns         0 [  0.00ns,   0.00ns]   0.00ns   0.00ns   0.00ns
              'fj_short_lin_random':         0 [  0.00ns,   0.00ns]   0.00ns   0.00ns   0.00ns         0 [  0.00ns,   0.00ns]   0.00ns   0.00ns   0.00ns
                  'fj_short_random':         0 [  0.00ns,   0.00ns]   0.00ns   0.00ns   0.00ns         0 [  0.00ns,   0.00ns]   0.00ns   0.00ns   0.00ns
                        'fs_random':         0 [  0.00ns,   0.00ns]   0.00ns   0.00ns   0.00ns         0 [  0.00ns,   0.00ns]   0.00ns   0.00ns   0.00ns
                        'fs_random':         0 [  0.00ns,   0.00ns]   0.00ns   0.00ns   0.00ns         0 [  0.00ns,   0.00ns]   0.00ns   0.00ns   0.00ns
                  'fs_random_no_lp':         0 [  0.00ns,   0.00ns]   0.00ns   0.00ns   0.00ns         0 [  0.00ns,   0.00ns]   0.00ns   0.00ns   0.00ns
                  'fs_random_no_lp':         0 [  0.00ns,   0.00ns]   0.00ns   0.00ns   0.00ns         0 [  0.00ns,   0.00ns]   0.00ns   0.00ns   0.00ns
          'fs_random_quick_restart':         0 [  0.00ns,   0.00ns]   0.00ns   0.00ns   0.00ns         0 [  0.00ns,   0.00ns]   0.00ns   0.00ns   0.00ns
          'fs_random_quick_restart':         0 [  0.00ns,   0.00ns]   0.00ns   0.00ns   0.00ns         0 [  0.00ns,   0.00ns]   0.00ns   0.00ns   0.00ns
    'fs_random_quick_restart_no_lp':         0 [  0.00ns,   0.00ns]   0.00ns   0.00ns   0.00ns         0 [  0.00ns,   0.00ns]   0.00ns   0.00ns   0.00ns
                    'graph_arc_lns':         2 [  1.48ms,   1.81ms]   1.65ms 164.77us   3.30ms         2 [  1.03us,  24.13us]  12.58us  11.55us  25.16us
                    'graph_cst_lns':         2 [200.21us, 238.29us] 219.25us  19.04us 438.50us         0 [  0.00ns,   0.00ns]   0.00ns   0.00ns   0.00ns
                    'graph_dec_lns':         2 [966.60us,   2.08ms]   1.52ms 554.64us   3.04ms         1 [ 10.00ns,  10.00ns]  10.00ns   0.00ns  10.00ns
                    'graph_var_lns':         2 [  1.51ms,   2.24ms]   1.87ms 367.39us   3.75ms         1 [ 10.00ns,  10.00ns]  10.00ns   0.00ns  10.00ns
                   'lb_tree_search':         1 [  9.59ms,   9.59ms]   9.59ms   0.00ns   9.59ms         1 [648.99us, 648.99us] 648.99us   0.00ns 648.99us
                           'max_lp':         1 [ 10.50ms,  10.50ms]  10.50ms   0.00ns  10.50ms         1 [633.60us, 633.60us] 633.60us   0.00ns 633.60us
                            'no_lp':         1 [ 10.42ms,  10.42ms]  10.42ms   0.00ns  10.42ms         1 [  2.18ms,   2.18ms]   2.18ms   0.00ns   2.18ms
              'objective_lb_search':         1 [  9.34ms,   9.34ms]   9.34ms   0.00ns   9.34ms         1 [188.44us, 188.44us] 188.44us   0.00ns 188.44us
       'objective_lb_search_max_lp':         1 [  5.19ms,   5.19ms]   5.19ms   0.00ns   5.19ms         1 [124.46us, 124.46us] 124.46us   0.00ns 124.46us
        'objective_lb_search_no_lp':         1 [  5.15ms,   5.15ms]   5.15ms   0.00ns   5.15ms         1 [707.79us, 707.79us] 707.79us   0.00ns 707.79us
  'objective_shaving_search_max_lp':         3 [424.55us,   1.91ms]   1.20ms 609.19us   3.59ms         0 [  0.00ns,   0.00ns]   0.00ns   0.00ns   0.00ns
   'objective_shaving_search_no_lp':         3 [365.92us,   1.96ms]   1.24ms 661.24us   3.73ms         0 [  0.00ns,   0.00ns]   0.00ns   0.00ns   0.00ns
                          'probing':         1 [  9.40ms,   9.40ms]   9.40ms   0.00ns   9.40ms         1 [130.58us, 130.58us] 130.58us   0.00ns 130.58us
                   'probing_max_lp':         1 [  8.53ms,   8.53ms]   8.53ms   0.00ns   8.53ms         1 [760.76us, 760.76us] 760.76us   0.00ns 760.76us
                     'pseudo_costs':         1 [ 10.18ms,  10.18ms]  10.18ms   0.00ns  10.18ms         1 [386.82us, 386.82us] 386.82us   0.00ns 386.82us
                    'quick_restart':         1 [ 10.15ms,  10.15ms]  10.15ms   0.00ns  10.15ms         1 [338.13us, 338.13us] 338.13us   0.00ns 338.13us
              'quick_restart_no_lp':         1 [  9.95ms,   9.95ms]   9.95ms   0.00ns   9.95ms         1 [  1.70ms,   1.70ms]   1.70ms   0.00ns   1.70ms
                    'reduced_costs':         1 [  9.99ms,   9.99ms]   9.99ms   0.00ns   9.99ms         1 [333.29us, 333.29us] 333.29us   0.00ns 333.29us
                        'rins/rens':         0 [  0.00ns,   0.00ns]   0.00ns   0.00ns   0.00ns         0 [  0.00ns,   0.00ns]   0.00ns   0.00ns   0.00ns
                      'rnd_cst_lns':         2 [116.12us, 825.55us] 470.83us 354.71us 941.67us         0 [  0.00ns,   0.00ns]   0.00ns   0.00ns   0.00ns
                      'rnd_var_lns':         2 [  1.55ms,   2.09ms]   1.82ms 273.28us   3.64ms         2 [ 10.00ns,  32.92us]  16.46us  16.45us  32.93us
                     'violation_ls':         2 [150.29us, 648.24us] 399.26us 248.97us 798.53us         2 [  1.32us,   5.03us]   3.17us   1.85us   6.35us
                     'violation_ls':         2 [369.05us,   1.24ms] 802.68us 433.62us   1.61ms         2 [570.00ns, 717.00us] 358.79us 358.22us 717.58us
                     'violation_ls':         2 [441.06us, 465.07us] 453.07us  12.01us 906.14us         2 [480.00ns,   6.11us]   3.30us   2.81us   6.59us

Search stats                        Bools  Conflicts  Branches  Restarts  BoolPropag  IntegerPropag
                           'core':     99         22       666       236       4'438          8'237
                     'default_lp':     26          0        52        52          21            372
                      'fs_random':      0          0         0         0           0              0
                      'fs_random':      0          0         0         0           0              0
                'fs_random_no_lp':      0          0         0         0           0              0
                'fs_random_no_lp':      0          0         0         0           0              0
        'fs_random_quick_restart':      0          0         0         0           0              0
        'fs_random_quick_restart':      0          0         0         0           0              0
  'fs_random_quick_restart_no_lp':      0          0         0         0           0              0
                 'lb_tree_search':     26          0        52        52          14            220
                         'max_lp':     26          0        52        52          14            220
                          'no_lp':     85         66       625       231       2'064         14'118
            'objective_lb_search':     26          0        52        52          24            333
     'objective_lb_search_max_lp':     26          0        52        52          14            219
      'objective_lb_search_no_lp':     34         44       231       143         534          4'552
                        'probing':     28          0        56        56          22            256
                 'probing_max_lp':     26          0        52        52          14            220
                   'pseudo_costs':     26          0        52        52          24            375
                  'quick_restart':     26          1        62        52          24            482
            'quick_restart_no_lp':    118         65       741       272       2'052         10'713
                  'reduced_costs':     26          0        52        52          14            220

SAT stats                           ClassicMinim  LitRemoved  LitLearned  LitForgotten  Subsumed  MClauses  MDecisions  MLitTrue  MSubsumed  MLitRemoved  MReused
                           'core':             2           2          17             0         1        36         167         0          1            3        4
                     'default_lp':             0           0           0             0         0         0           0         0          0            0        0
                      'fs_random':             0           0           0             0         0         0           0         0          0            0        0
                      'fs_random':             0           0           0             0         0         0           0         0          0            0        0
                'fs_random_no_lp':             0           0           0             0         0         0           0         0          0            0        0
                'fs_random_no_lp':             0           0           0             0         0         0           0         0          0            0        0
        'fs_random_quick_restart':             0           0           0             0         0         0           0         0          0            0        0
        'fs_random_quick_restart':             0           0           0             0         0         0           0         0          0            0        0
  'fs_random_quick_restart_no_lp':             0           0           0             0         0         0           0         0          0            0        0
                 'lb_tree_search':             0           0           0             0         0         0           0         0          0            0        0
                         'max_lp':             0           0           0             0         0         0           0         0          0            0        0
                          'no_lp':            24          40         236             0        12        32         159         0          7           38        2
            'objective_lb_search':             0           0           0             0         0         0           0         0          0            0        0
     'objective_lb_search_max_lp':             0           0           0             0         0         0           0         0          0            0        0
      'objective_lb_search_no_lp':            21          32         110             0         5         7          34         0          0            1        0
                        'probing':             0           0           0             0         0         0           0         0          0            0        0
                 'probing_max_lp':             0           0           0             0         0         0           0         0          0            0        0
                   'pseudo_costs':             0           0           0             0         0         0           0         0          0            0        0
                  'quick_restart':             0           0           6             0         0         0           0         0          0            0        0
            'quick_restart_no_lp':            24          29         314             0         8        19         103         0          5           22        4
                  'reduced_costs':             0           0           0             0         0         0           0         0          0            0        0

Lp stats                         Component  Iterations  AddedCuts  OPTIMAL  DUAL_F.  DUAL_U.
                  'default_lp':          1          57        148       14        0        0
              'lb_tree_search':          1          88        238        5        0        0
                      'max_lp':          1          88        244        5        0        0
         'objective_lb_search':          1          55        154       13        0        0
  'objective_lb_search_max_lp':          1          53        116        7        0        0
                     'probing':          1          46        147       11        0        0
              'probing_max_lp':          1          92        217        4        0        0
                'pseudo_costs':          1          84        190        9        0        0
               'quick_restart':          1          68        160       21        0        0
               'reduced_costs':          1          83        141        8        0        0

Lp dimension                                                                    Final dimension of first component
                  'default_lp':    72 rows, 61 columns, 210 entries with magnitude in [2.310445e-03, 1.000000e+00]
              'lb_tree_search':  326 rows, 63 columns, 1777 entries with magnitude in [2.024036e-02, 1.000000e+00]
                      'max_lp':  326 rows, 63 columns, 1787 entries with magnitude in [1.057522e-02, 1.000000e+00]
         'objective_lb_search':    74 rows, 61 columns, 228 entries with magnitude in [2.264725e-03, 1.000000e+00]
  'objective_lb_search_max_lp':    67 rows, 63 columns, 250 entries with magnitude in [2.733489e-03, 1.000000e+00]
                     'probing':    71 rows, 61 columns, 306 entries with magnitude in [1.029639e-02, 1.000000e+00]
              'probing_max_lp':  324 rows, 63 columns, 1776 entries with magnitude in [1.119982e-02, 1.000000e+00]
                'pseudo_costs':   102 rows, 63 columns, 421 entries with magnitude in [4.232799e-04, 1.000000e+00]
               'quick_restart':    73 rows, 61 columns, 303 entries with magnitude in [1.471733e-03, 1.000000e+00]
               'reduced_costs':    95 rows, 63 columns, 374 entries with magnitude in [3.076471e-03, 1.000000e+00]

Lp debug                         CutPropag  CutEqPropag  Adjust  Overflow  Bad  BadScaling
                  'default_lp':          0            0       3         0   65           0
              'lb_tree_search':          0            0       4         0   76           0
                      'max_lp':          0            0       2         0   75           0
         'objective_lb_search':          0            0       2         0   67           0
  'objective_lb_search_max_lp':          0            0       0         0   47           0
                     'probing':          0            0       2         0   73           0
              'probing_max_lp':          0            0       3         0   52           0
                'pseudo_costs':          0            1       0         0  115           0
               'quick_restart':          0            0      10         0   62           0
               'reduced_costs':          0            0       1         0   61           0

Lp pool                          Constraints  Updates  Simplif  Merged  Shortened  Split  Strenghtened  Cuts/Call
                  'default_lp':          219       53      204       8        106      0           321    148/247
              'lb_tree_search':          478        2        0       0          0      0            24    238/395
                      'max_lp':          484        2        0       0          0      0            40    244/393
         'objective_lb_search':          225       56      194       8         89      1           293    154/256
  'objective_lb_search_max_lp':          356        1        0       0          0      1            40    116/177
                     'probing':          226        1        0       0          0      0             1    147/252
              'probing_max_lp':          457        1        0       0          0      0            23    217/346
                'pseudo_costs':          429       36      204       1          0      2           491    190/296
               'quick_restart':          231       60      136       8          0      0           234    160/251
               'reduced_costs':          381        1        0       0          0      1            53    141/207

Lp Cut            defaul  max_lp  quick_  reduce  pseudo  lb_tre  probin  object  probin  object
          CG_FF:      13      29      14      11      12      31      14      14      29       7
           CG_K:       9      18      10       2       5      19       7      10      18       1
           CG_R:      10      17      10       7       8      16       9      10      17       4
          CG_RB:      11      23      13       9      16      23      12      13      23       4
         CG_RBP:       3       1       4       1       3       -       2       3       1       -
             IB:      40      39      40      29      29      39      36      40      39      29
       MIR_1_FF:       9      26      12      11      14      26      10      12      23       9
        MIR_1_K:       2       4       3       3       4       3       3       2       3       2
        MIR_1_R:       5       9       5       2       4       8       6       5       7       1
       MIR_1_RB:      10      14      10      13      16      12       8      11       9      11
      MIR_1_RBP:       2       3       3       7       9       3       3       2       1       5
      MIR_1_RLT:       -       2       -       -       -       1       -       -       -       -
       MIR_2_FF:       4       8       3       3       4      11       4       3       7       6
        MIR_2_K:       1       3       2       1       2       4       3       1       2       2
        MIR_2_R:       5       5       4       6       8       5       3       4       4       8
       MIR_2_RB:       2       3       2       7      10       2       5       2       1       8
      MIR_2_RBP:       2       -       3       2       3       -       4       2       -       2
       MIR_3_FF:       -       3       -       1       2       4       -       -       2       1
        MIR_3_K:       -       3       -       -       1       2       -       -       1       -
        MIR_3_R:       -       1       -       2       3       1       -       -       -       1
       MIR_3_RB:       1       2       1       1       8       -       1       1       -       -
      MIR_3_RBP:       -       2       -       -       1       -       -       -       -       -
       MIR_4_FF:       -       -       -       -       -       1       -       -       1       -
        MIR_4_K:       -       -       -       -       -       1       -       -       1       -
        MIR_4_R:       -       -       -       -       -       1       -       -       1       -
       MIR_4_RB:       -       -       -       -       1       1       -       -       1       -
      MIR_4_RBP:       -       -       -       -       1       1       -       -       1       -
       MIR_5_FF:       -       -       -       -       1       -       -       -       -       -
       MIR_5_RB:       -       -       -       -       1       -       -       -       -       -
   ZERO_HALF_FF:       6      12       7       6       5       9       5       6      10       4
    ZERO_HALF_K:       -       2       -       -       -       1       -       -       1       -
    ZERO_HALF_R:       8      10       9       9      10       8       7       8       9       6
   ZERO_HALF_RB:       5       5       5       6       7       4       5       5       4       4
  ZERO_HALF_RBP:       -       -       -       2       2       1       -       -       1       1

LNS stats           Improv/Calls  Closed  Difficulty  TimeLimit
  'graph_arc_lns':           1/2    100%        0.81       0.10
  'graph_cst_lns':           0/0      0%        0.50       0.10
  'graph_dec_lns':           0/1    100%        0.71       0.10
  'graph_var_lns':           1/1    100%        0.71       0.10
      'rins/rens':           0/0      0%        0.50       0.10
    'rnd_cst_lns':           0/0      0%        0.50       0.10
    'rnd_var_lns':           1/2    100%        0.81       0.10

LS stats                   Batches  Restarts  LinMoves  GenMoves  CompoundMoves  WeightUpdates
       'fj_long_default':        0         0         0         0              0              0
   'fj_long_lin_default':        0         0         0         0              0              0
        'fj_long_random':        0         0         0         0              0              0
      'fj_short_default':        0         0         0         0              0              0
  'fj_short_lin_default':        0         0         0         0              0              0
   'fj_short_lin_random':        0         0         0         0              0              0
       'fj_short_random':        0         0         0         0              0              0
          'violation_ls':        2         0         0       215              9              1
          'violation_ls':        2         0         1         3              3              0
          'violation_ls':        2         0         2         3              3              1

Solutions (11)            Num     Rank
        'graph_var_lns':    1  [10,10]
                'no_lp':    4   [1,11]
  'quick_restart_no_lp':    1    [4,4]
          'rnd_var_lns':    1    [8,8]
         'violation_ls':    4    [5,9]

Objective bounds                Num
                  'bool_core':    2
             'initial_domain':    1
                      'no_lp':    1
  'objective_lb_search_no_lp':    7

Solution repositories    Added  Queried  Ignored  Synchro
  'feasible solutions':     21       30        0       16
        'lp solutions':      0        0        0        0
                'pump':     10        0

Improving bounds shared         Num
                       'core':    1
                 'default_lp':   26
                      'no_lp':  110
  'objective_lb_search_no_lp':   80
               'pseudo_costs':   39
        'quick_restart_no_lp':  141

Clauses shared                  Num
                      'no_lp':   11
  'objective_lb_search_no_lp':    7
        'quick_restart_no_lp':    6

CpSolverResponse summary:
status: OPTIMAL
objective: 212
best_bound: 212
integers: 0
booleans: 0
conflicts: 0
branches: 0
propagations: 0
integer_propagations: 0
restarts: 0
lp_iterations: 0
walltime: 0.0388174
usertime: 0.0388174
deterministic_time: 0.0122538
gap_integral: 0.0119568
solution_fingerprint: 0x7761523ea7e7b2a6

