created virtual environment CPython3.12.4.final.0-64 in 761ms
  creator CPython3Posix(dest=/localscratch/aneumann.46806170.0/env, clear=False, no_vcs_ignore=False, global=False)
  seeder FromAppData(download=False, pip=bundle, via=copy, app_data_dir=/home/aneumann/.local/share/virtualenv)
    added seed packages: pip==24.2+computecanada
  activators BashActivator,CShellActivator,FishActivator,NushellActivator,PowerShellActivator,PythonActivator
Looking in links: /cvmfs/soft.computecanada.ca/custom/python/wheelhouse/gentoo2023/x86-64-v3, /cvmfs/soft.computecanada.ca/custom/python/wheelhouse/gentoo2023/generic, /cvmfs/soft.computecanada.ca/custom/python/wheelhouse/generic
Requirement already satisfied: pip in /localscratch/aneumann.46806170.0/env/lib/python3.12/site-packages (24.2+computecanada)
Processing /cvmfs/soft.computecanada.ca/custom/python/wheelhouse/generic/pip-25.0+computecanada-py3-none-any.whl
Installing collected packages: pip
  Attempting uninstall: pip
    Found existing installation: pip 24.2+computecanada
    Uninstalling pip-24.2+computecanada:
      Successfully uninstalled pip-24.2+computecanada
Successfully installed pip-24.2+computecanada
Looking in links: /cvmfs/soft.computecanada.ca/custom/python/wheelhouse/gentoo2023/x86-64-v3, /cvmfs/soft.computecanada.ca/custom/python/wheelhouse/gentoo2023/generic, /cvmfs/soft.computecanada.ca/custom/python/wheelhouse/generic
ERROR: protobuf-5.28.3-cp38-abi3-manylinux2014_x86_64.whl is not a supported wheel on this platform.
Looking in links: /cvmfs/soft.computecanada.ca/custom/python/wheelhouse/gentoo2023/x86-64-v3, /cvmfs/soft.computecanada.ca/custom/python/wheelhouse/gentoo2023/generic, /cvmfs/soft.computecanada.ca/custom/python/wheelhouse/generic
Processing /home/aneumann/projects/def-adhaj/aneumann/GNRS/wheels/immutabledict-4.2.0-py3-none-any.whl
Installing collected packages: immutabledict
Successfully installed immutabledict-4.2.0
Looking in links: /cvmfs/soft.computecanada.ca/custom/python/wheelhouse/gentoo2023/x86-64-v3, /cvmfs/soft.computecanada.ca/custom/python/wheelhouse/gentoo2023/generic, /cvmfs/soft.computecanada.ca/custom/python/wheelhouse/generic
Processing /cvmfs/soft.computecanada.ca/custom/python/wheelhouse/generic/ortools-9.10.4067+computecanada-cp312-cp312-linux_x86_64.whl (from -r /home/aneumann/projects/def-adhaj/aneumann/GNRS/requirements/or.txt (line 1))
Processing /cvmfs/soft.computecanada.ca/custom/python/wheelhouse/gentoo2023/x86-64-v3/matplotlib-3.10.0+computecanada-cp312-cp312-linux_x86_64.whl (from -r /home/aneumann/projects/def-adhaj/aneumann/GNRS/requirements/or.txt (line 2))
Processing /cvmfs/soft.computecanada.ca/custom/python/wheelhouse/gentoo2023/x86-64-v3/pandas-2.2.3+computecanada-cp312-cp312-linux_x86_64.whl (from -r /home/aneumann/projects/def-adhaj/aneumann/GNRS/requirements/or.txt (line 3))
Processing /cvmfs/soft.computecanada.ca/custom/python/wheelhouse/generic/absl_py-2.3.0+computecanada-py3-none-any.whl (from ortools<9.11,>=9.10->-r /home/aneumann/projects/def-adhaj/aneumann/GNRS/requirements/or.txt (line 1))
Processing /cvmfs/soft.computecanada.ca/custom/python/wheelhouse/gentoo2023/generic/numpy-2.2.2+computecanada-cp312-cp312-linux_x86_64.whl (from ortools<9.11,>=9.10->-r /home/aneumann/projects/def-adhaj/aneumann/GNRS/requirements/or.txt (line 1))
Processing /cvmfs/soft.computecanada.ca/custom/python/wheelhouse/gentoo2023/x86-64-v3/protobuf-6.31.1+computecanada-cp312-cp312-linux_x86_64.whl (from ortools<9.11,>=9.10->-r /home/aneumann/projects/def-adhaj/aneumann/GNRS/requirements/or.txt (line 1))
Requirement already satisfied: immutabledict>=3.0.0 in /localscratch/aneumann.46806170.0/env/lib/python3.12/site-packages (from ortools<9.11,>=9.10->-r /home/aneumann/projects/def-adhaj/aneumann/GNRS/requirements/or.txt (line 1)) (4.2.0)
Processing /cvmfs/soft.computecanada.ca/custom/python/wheelhouse/gentoo2023/generic/contourpy-1.3.1+computecanada-cp312-cp312-linux_x86_64.whl (from matplotlib->-r /home/aneumann/projects/def-adhaj/aneumann/GNRS/requirements/or.txt (line 2))
Processing /cvmfs/soft.computecanada.ca/custom/python/wheelhouse/generic/cycler-0.12.1+computecanada-py3-none-any.whl (from matplotlib->-r /home/aneumann/projects/def-adhaj/aneumann/GNRS/requirements/or.txt (line 2))
Processing /cvmfs/soft.computecanada.ca/custom/python/wheelhouse/generic/fonttools-4.59.0+computecanada-cp312-cp312-linux_x86_64.whl (from matplotlib->-r /home/aneumann/projects/def-adhaj/aneumann/GNRS/requirements/or.txt (line 2))
Processing /cvmfs/soft.computecanada.ca/custom/python/wheelhouse/gentoo2023/x86-64-v3/kiwisolver-1.4.8+computecanada-cp312-cp312-linux_x86_64.whl (from matplotlib->-r /home/aneumann/projects/def-adhaj/aneumann/GNRS/requirements/or.txt (line 2))
Processing /cvmfs/soft.computecanada.ca/custom/python/wheelhouse/generic/packaging-25.0+computecanada-py3-none-any.whl (from matplotlib->-r /home/aneumann/projects/def-adhaj/aneumann/GNRS/requirements/or.txt (line 2))
Processing /cvmfs/soft.computecanada.ca/custom/python/wheelhouse/gentoo2023/x86-64-v3/pillow-11.1.0+computecanada-cp312-cp312-linux_x86_64.whl (from matplotlib->-r /home/aneumann/projects/def-adhaj/aneumann/GNRS/requirements/or.txt (line 2))
Processing /cvmfs/soft.computecanada.ca/custom/python/wheelhouse/generic/pyparsing-3.2.3+computecanada-py3-none-any.whl (from matplotlib->-r /home/aneumann/projects/def-adhaj/aneumann/GNRS/requirements/or.txt (line 2))
Processing /cvmfs/soft.computecanada.ca/custom/python/wheelhouse/generic/python_dateutil-2.9.0.post0+computecanada-py2.py3-none-any.whl (from matplotlib->-r /home/aneumann/projects/def-adhaj/aneumann/GNRS/requirements/or.txt (line 2))
Processing /cvmfs/soft.computecanada.ca/custom/python/wheelhouse/generic/pytz-2025.2+computecanada-py2.py3-none-any.whl (from pandas->-r /home/aneumann/projects/def-adhaj/aneumann/GNRS/requirements/or.txt (line 3))
Processing /cvmfs/soft.computecanada.ca/custom/python/wheelhouse/generic/tzdata-2025.2+computecanada-py2.py3-none-any.whl (from pandas->-r /home/aneumann/projects/def-adhaj/aneumann/GNRS/requirements/or.txt (line 3))
Processing /cvmfs/soft.computecanada.ca/custom/python/wheelhouse/generic/six-1.17.0+computecanada-py2.py3-none-any.whl (from python-dateutil>=2.7->matplotlib->-r /home/aneumann/projects/def-adhaj/aneumann/GNRS/requirements/or.txt (line 2))
Installing collected packages: pytz, tzdata, six, pyparsing, protobuf, pillow, packaging, numpy, kiwisolver, fonttools, cycler, absl-py, python-dateutil, contourpy, pandas, matplotlib, ortools
Successfully installed absl-py-2.3.0+computecanada contourpy-1.3.1+computecanada cycler-0.12.1+computecanada fonttools-4.59.0+computecanada kiwisolver-1.4.8+computecanada matplotlib-3.10.0+computecanada numpy-2.2.2+computecanada ortools-9.10.4067+computecanada packaging-25.0+computecanada pandas-2.2.3+computecanada pillow-11.1.0+computecanada protobuf-6.31.1+computecanada pyparsing-3.2.3+computecanada python-dateutil-2.9.0.post0+computecanada pytz-2025.2+computecanada six-1.17.0+computecanada tzdata-2025.2+computecanada

Starting CP-SAT solver v9.10.4067
Parameters: max_time_in_seconds: 86400 max_memory_in_mb: 185000 log_search_progress: true enumerate_all_solutions: false num_search_workers: 32 absolute_gap_limit: 0 relative_gap_limit: 0

Initial optimization model '': (model_fingerprint: 0xe5952402a2c1bba2)
#Variables: 362 (#ints: 9 in objective)
  - 269 Booleans in [0,1]
  - 93 in [0,688]
#kLinear1: 47
#kLinear2: 522
#kLinear3: 202
#kLinearN: 5'132 (#terms: 80'711)

Starting presolve at 0.00s
  7.67e-03s  0.00e+00d  [DetectDominanceRelations] 
  9.04e-02s  0.00e+00d  [PresolveToFixPoint] #num_loops=8 #num_dual_strengthening=3 
  7.02e-05s  0.00e+00d  [ExtractEncodingFromLinear] #potential_supersets=5 
[Symmetry] Graph for symmetry has 5'914 nodes and 64'552 arcs.
[Symmetry] Symmetry computation done. time: 0.00310513 dtime: 0.00511439
[Symmetry] #generators: 1, average support size: 26
[Symmetry] The model contains 252 duplicate constraints !
[Symmetry] 13 orbits with sizes: 2,2,2,2,2,2,2,2,2,2,...
[Symmetry] Num fixable by intersecting at_most_one with orbits: 1 largest_orbit: 2
  1.83e-02s  3.60e-03d  [Probe] #probed=404 #new_bounds=7 #equiv=1 
  8.15e-05s  0.00e+00d  [MaxClique] Merged 22(44 literals) into 9(18 literals) at_most_ones. 
  3.23e-03s  0.00e+00d  [DetectDominanceRelations] 
  2.92e-02s  0.00e+00d  [PresolveToFixPoint] #num_loops=5 #num_dual_strengthening=3 
  1.36e-02s  0.00e+00d  [ProcessAtMostOneAndLinear] 
  5.25e-03s  0.00e+00d  [DetectDuplicateConstraints] #duplicates=339 #without_enforcements=185 
  4.27e-03s  2.70e-04d  [DetectDominatedLinearConstraints] #relevant_constraints=4'506 #num_inclusions=3'553 
  5.46e-04s  0.00e+00d  [DetectDifferentVariables] #different=29 #cliques=1 #size=7 
  1.05e-03s  9.23e-05d  [ProcessSetPPC] #relevant_constraints=4'016 
  2.90e-05s  0.00e+00d  [FindAlmostIdenticalLinearConstraints] 
  2.94e-04s  3.85e-04d  [FindBigAtMostOneAndLinearOverlap] 
  1.17e-02s  6.05e-03d  [FindBigVerticalLinearOverlap] #blocks=71 #saved_nz=12'220 
  5.68e-04s  2.08e-04d  [FindBigHorizontalLinearOverlap] #linears=3'910 
  2.24e-05s  0.00e+00d  [MergeClauses] 
  3.47e-03s  0.00e+00d  [DetectDominanceRelations] 
  4.54e-02s  0.00e+00d  [PresolveToFixPoint] #num_loops=2 #num_dual_strengthening=1 
  3.45e-03s  0.00e+00d  [DetectDominanceRelations] 
  2.57e-02s  0.00e+00d  [PresolveToFixPoint] #num_loops=1 #num_dual_strengthening=1 
[Symmetry] Graph for symmetry has 5'802 nodes and 51'078 arcs.
[Symmetry] Symmetry computation done. time: 0.00128365 dtime: 0.00259658
  1.96e-02s  3.24e-03d  [Probe] #probed=404 #new_bounds=50 
  1.52e-05s  0.00e+00d  [MaxClique] 
  3.50e-03s  0.00e+00d  [DetectDominanceRelations] 
  4.03e-02s  0.00e+00d  [PresolveToFixPoint] #num_loops=2 #num_dual_strengthening=1 
  1.29e-02s  0.00e+00d  [ProcessAtMostOneAndLinear] 
  4.61e-03s  0.00e+00d  [DetectDuplicateConstraints] #without_enforcements=209 
  2.47e-03s  1.54e-04d  [DetectDominatedLinearConstraints] #relevant_constraints=4'180 #num_inclusions=402 
  4.01e-04s  0.00e+00d  [DetectDifferentVariables] 
  9.39e-04s  6.60e-05d  [ProcessSetPPC] #relevant_constraints=3'818 
  4.41e-05s  2.40e-07d  [FindAlmostIdenticalLinearConstraints] #num_tested_pairs=16 
  1.53e-04s  1.76e-04d  [FindBigAtMostOneAndLinearOverlap] 
  7.40e-03s  4.09e-03d  [FindBigVerticalLinearOverlap] #blocks=92 #saved_nz=6'961 
  4.89e-04s  1.62e-04d  [FindBigHorizontalLinearOverlap] #linears=3'539 
  1.78e-05s  0.00e+00d  [MergeClauses] 
  3.06e-03s  0.00e+00d  [DetectDominanceRelations] 
  4.56e-02s  0.00e+00d  [PresolveToFixPoint] #num_loops=2 #num_dual_strengthening=1 
  3.14e-03s  0.00e+00d  [DetectDominanceRelations] 
  2.98e-02s  0.00e+00d  [PresolveToFixPoint] #num_loops=1 #num_dual_strengthening=1 
[Symmetry] Graph for symmetry has 6'072 nodes and 44'204 arcs.
[Symmetry] Symmetry computation done. time: 0.00116602 dtime: 0.00241415
  1.70e-02s  3.00e-03d  [Probe] #probed=404 #new_bounds=74 
  1.49e-05s  0.00e+00d  [MaxClique] 
  3.08e-03s  0.00e+00d  [DetectDominanceRelations] 
  4.19e-02s  0.00e+00d  [PresolveToFixPoint] #num_loops=2 #num_dual_strengthening=1 
  1.24e-02s  0.00e+00d  [ProcessAtMostOneAndLinear] 
  4.53e-03s  0.00e+00d  [DetectDuplicateConstraints] #without_enforcements=209 
  2.11e-03s  1.26e-04d  [DetectDominatedLinearConstraints] #relevant_constraints=4'232 #num_inclusions=327 
  4.47e-04s  0.00e+00d  [DetectDifferentVariables] 
  8.21e-04s  5.04e-05d  [ProcessSetPPC] #relevant_constraints=3'535 
  5.98e-05s  2.32e-06d  [FindAlmostIdenticalLinearConstraints] #num_tested_pairs=139 
  1.24e-04s  1.22e-04d  [FindBigAtMostOneAndLinearOverlap] 
  5.09e-03s  3.00e-03d  [FindBigVerticalLinearOverlap] #blocks=63 #saved_nz=4'310 
  4.50e-04s  1.33e-04d  [FindBigHorizontalLinearOverlap] #linears=3'152 
  2.09e-05s  0.00e+00d  [MergeClauses] 
  2.76e-03s  0.00e+00d  [DetectDominanceRelations] 
  3.99e-02s  0.00e+00d  [PresolveToFixPoint] #num_loops=2 #num_dual_strengthening=1 
  2.48e-04s  0.00e+00d  [ExpandObjective] #entries=961 #tight_variables=355 #tight_constraints=205 

Presolve summary:
  - 93 affine relations were detected.
  - rule 'TODO dual: only one blocking constraint?' was applied 756 times.
  - rule 'TODO dual: only one blocking enforced constraint?' was applied 130 times.
  - rule 'TODO dual: only one unspecified blocking constraint?' was applied 30 times.
  - rule 'TODO duplicate: identical constraint with different enforcements' was applied 603 times.
  - rule 'affine: new relation' was applied 93 times.
  - rule 'at_most_one: removed literals' was applied 9 times.
  - rule 'at_most_one: size one' was applied 9 times.
  - rule 'at_most_one: transformed into max clique.' was applied 1 time.
  - rule 'deductions: 316 stored' was applied 1 time.
  - rule 'dual: fix variable' was applied 24 times.
  - rule 'dual: reduced domain' was applied 47 times.
  - rule 'duplicate: merged rhs of linear constraint' was applied 79 times.
  - rule 'duplicate: removed constraint' was applied 339 times.
  - rule 'enforcement: false literal' was applied 6 times.
  - rule 'exactly_one: x and not(x)' was applied 1 time.
  - rule 'incompatible linear: add implication' was applied 63 times.
  - rule 'linear matrix: common vertical rectangle' was applied 226 times.
  - rule 'linear: always true' was applied 643 times.
  - rule 'linear: doubleton free' was applied 13 times.
  - rule 'linear: empty' was applied 32 times.
  - rule 'linear: extracted enforcement literal' was applied 8'373 times.
  - rule 'linear: fixed or dup variables' was applied 5'263 times.
  - rule 'linear: positive equal one' was applied 5 times.
  - rule 'linear: reduced variable domains' was applied 336 times.
  - rule 'linear: remapped using affine relations' was applied 5'333 times.
  - rule 'linear: simplified rhs' was applied 15'766 times.
  - rule 'linear: tightened into equality' was applied 8 times.
  - rule 'linear: variable substitution 1' was applied 13 times.
  - rule 'linear: variable substitution 3' was applied 2 times.
  - rule 'no_overlap: inferred from x != y constraints' was applied 1 time.
  - rule 'presolve: 93 unused variables removed.' was applied 1 time.
  - rule 'presolve: iteration' was applied 3 times.
  - rule 'probing: reduced enforced constraint to implication.' was applied 22 times.
  - rule 'symmetry: fixed to false in general orbit' was applied 1 time.

Presolved optimization model '': (model_fingerprint: 0x7104c1916a75ef58)
#Variables: 387 (#ints: 9 in objective)
  - 104 Booleans in [0,1]
  - 230 different domains in [-7495,6709] with a largest complexity of 13.
#kExactlyOne: 4 (#literals: 12)
#kInterval: 7
#kLinear2: 871 (#enforced: 822 #multi: 623)
#kLinear3: 606 (#enforced: 415)
#kLinearN: 3'498 (#enforced: 3'311 #multi: 87) (#terms: 27'679)
#kNoOverlap: 1 (#intervals: 7)

Preloading model.
#Bound   0.57s best:inf   next:[195,5329] initial_domain
[Symmetry] Graph for symmetry has 6'044 nodes and 39'942 arcs.
[Symmetry] Symmetry computation done. time: 0.00116439 dtime: 0.00226063
#Model   0.58s var:387/387 constraints:4987/4987

Starting search at 0.58s with 32 workers.
17 full problem subsolvers: [core, default_lp, fixed, lb_tree_search, max_lp, no_lp, objective_lb_search, objective_lb_search_max_lp, objective_lb_search_no_lp, objective_shaving_search_max_lp, objective_shaving_search_no_lp, probing, probing_max_lp, pseudo_costs, quick_restart, quick_restart_no_lp, reduced_costs]
13 first solution subsolvers: [fj_long_default, fj_long_lin_default, fj_long_random, fj_short_default, fj_short_lin_default, fj_short_lin_random, fj_short_random, fs_random(2), fs_random_no_lp, fs_random_quick_restart(2), fs_random_quick_restart_no_lp]
13 incomplete subsolvers: [feasibility_pump, graph_arc_lns, graph_cst_lns, graph_dec_lns, graph_var_lns, rins/rens, rnd_cst_lns, rnd_var_lns, scheduling_intervals_lns, scheduling_precedences_lns, scheduling_time_window_lns, violation_ls(2)]
3 helper subsolvers: [neighborhood_helper, synchronization_agent, update_gap_integral]
#1       0.63s best:1947  next:[195,1946] no_lp (fixed_bools=0/145)
#2       0.65s best:1800  next:[195,1799] no_lp (fixed_bools=0/157)
#3       0.68s best:1780  next:[195,1779] no_lp (fixed_bools=0/178)
#4       0.70s best:1753  next:[195,1752] no_lp (fixed_bools=0/180)
#Bound   0.72s best:1753  next:[196,1752] objective_shaving_search_max_lp (vars=392 csts=4988)
#Bound   0.77s best:1753  next:[201,1752] objective_lb_search_no_lp
#Bound   0.77s best:1753  next:[202,1752] bool_core (num_cores=1 [cover] a=8 d=1 fixed=5/131 clauses=29)
#Bound   0.78s best:1753  next:[207,1752] quick_restart
#5       0.79s best:1720  next:[207,1719] no_lp (fixed_bools=0/185)
#Bound   0.79s best:1720  next:[208,1719] bool_core (num_cores=1 [cover] a=8 d=1 fixed=11/149 clauses=86)
#Bound   0.79s best:1720  next:[209,1719] bool_core (num_cores=1 [cover] a=8 d=1 fixed=12/152 clauses=99)
#Bound   0.79s best:1720  next:[210,1719] bool_core (num_cores=1 [cover] a=8 d=1 fixed=13/155 clauses=113)
#Bound   0.79s best:1720  next:[211,1719] bool_core (num_cores=1 [cover] a=8 d=1 fixed=14/158 clauses=128)
#Bound   0.80s best:1720  next:[212,1719] bool_core (num_cores=1 [cover] a=8 d=1 fixed=15/161 clauses=144)
#Bound   0.80s best:1720  next:[213,1719] bool_core (num_cores=1 [cover] a=8 d=1 fixed=16/164 clauses=161)
#Bound   0.80s best:1720  next:[214,1719] bool_core (num_cores=1 [cover] a=8 d=1 fixed=17/167 clauses=179)
#Bound   0.80s best:1720  next:[215,1719] bool_core (num_cores=1 [cover] a=8 d=1 fixed=18/170 clauses=198)
#Bound   0.80s best:1720  next:[216,1719] bool_core (num_cores=1 [cover] a=8 d=1 fixed=19/173 clauses=218)
#Bound   0.80s best:1720  next:[217,1719] bool_core (num_cores=1 [cover] a=8 d=1 fixed=20/176 clauses=239)
#Bound   0.80s best:1720  next:[218,1719] bool_core (num_cores=1 [cover] a=8 d=1 fixed=21/179 clauses=261)
#Bound   0.80s best:1720  next:[219,1719] bool_core (num_cores=1 [cover] a=8 d=1 fixed=22/182 clauses=284)
#Bound   0.81s best:1720  next:[311,1719] reduced_costs
#Bound   0.82s best:1720  next:[312,1719] reduced_costs
#6       0.83s best:1716  next:[312,1715] no_lp (fixed_bools=1/203)
#7       0.86s best:1703  next:[312,1702] no_lp (fixed_bools=1/215)
#Bound   0.90s best:1703  next:[313,1702] reduced_costs
#Bound   0.91s best:1703  next:[480,1702] objective_lb_search_no_lp
#8       0.96s best:1491  next:[503,1490] no_lp (fixed_bools=1/229)
#Bound   0.92s best:1703  next:[503,1702] objective_lb_search_no_lp [skipped_logs=0]
#9       1.11s best:1469  next:[503,1468] no_lp (fixed_bools=1/240)
#10      1.12s best:1463  next:[503,1462] no_lp (fixed_bools=1/241)
#11      1.13s best:1448  next:[503,1447] no_lp (fixed_bools=1/242)
#12      1.14s best:1435  next:[503,1434] no_lp (fixed_bools=1/243)
#13      1.14s best:1422  next:[503,1421] no_lp (fixed_bools=1/250)
#14      1.21s best:1404  next:[503,1403] no_lp (fixed_bools=1/256)
#15      1.21s best:1402  next:[503,1401] violation_ls(batch:2 #solutions_imported:2 #lin_moves:1 #lin_evals:16'974 #gen_moves:7'774 #gen_evals:1'296 #comp_moves:865 #backtracks:3'452 #weight_updates:80)
#16      1.23s best:1401  next:[503,1400] no_lp (fixed_bools=1/262)
#17      1.23s best:1400  next:[503,1399] violation_ls(batch:3 #solutions_imported:3 #lin_moves:2 #lin_evals:16'983 #gen_moves:7'774 #gen_evals:1'296 #comp_moves:865 #backtracks:3'452 #weight_updates:80)
#18      1.26s best:1388  next:[503,1387] no_lp (fixed_bools=1/263)
#19      1.26s best:1387  next:[503,1386] violation_ls(batch:4 #solutions_imported:4 #lin_moves:3 #lin_evals:16'990 #gen_moves:7'774 #gen_evals:1'296 #comp_moves:865 #backtracks:3'452 #weight_updates:80)
#20      1.29s best:1359  next:[503,1358] no_lp (fixed_bools=1/264)
#21      1.33s best:1349  next:[524,1348] no_lp (fixed_bools=1/267)
#22      1.35s best:1347  next:[524,1346] no_lp (fixed_bools=1/270)
#23      1.54s best:1334  next:[526,1333] quick_restart (fixed_bools=0/152)
#24      1.62s best:1327  next:[527,1326] no_lp (fixed_bools=1/305)
#25      1.64s best:1319  next:[535,1318] no_lp (fixed_bools=1/315)
#26      1.65s best:1318  next:[535,1317] no_lp (fixed_bools=1/315)
#Bound   1.98s best:1318  next:[547,1317] objective_lb_search [skipped_logs=8]
#27      2.10s best:1272  next:[548,1271] rins_pump_lns (d=0.81 s=77 t=0.10 p=1.00 stall=2 h=auto_l0)
#28      2.20s best:1248  next:[553,1247] scheduling_intervals_lns (d=0.50 s=55 t=0.10 p=0.00 stall=0 h=auto_l0)
#29      2.22s best:1194  next:[553,1193] scheduling_precedences_lns (d=0.50 s=57 t=0.10 p=0.00 stall=0 h=auto_l0)
#30      2.63s best:1189  next:[574,1188] graph_dec_lns (d=0.97 s=136 t=0.10 p=1.00 stall=7 h=auto_l0)
#31      2.86s best:1188  next:[574,1187] violation_ls(batch:9 #solutions_imported:7 #lin_moves:20'324 #lin_evals:178'831 #gen_moves:41'580 #gen_evals:5'802 #comp_moves:2'335 #backtracks:19'612 #weight_updates:10'500)
#32      2.88s best:1187  next:[574,1186] quick_restart_no_lp (fixed_bools=2/267)
#33      2.96s best:1186  next:[649,1185] quick_restart_no_lp (fixed_bools=2/293)
#Bound   3.02s best:1186  next:[650,1185] objective_lb_search_no_lp [skipped_logs=7]
#34      3.07s best:1174  next:[650,1173] graph_var_lns (d=0.97 s=148 t=0.10 p=1.00 stall=3 h=auto_l0)
#35      3.97s best:1172  next:[708,1171] graph_arc_lns (d=0.98 s=164 t=0.10 p=1.00 stall=0 h=auto_l0)
#Bound   3.84s best:1174  next:[708,1173] objective_lb_search_no_lp [skipped_logs=2]
#36      4.19s best:1163  next:[708,1162] quick_restart_no_lp (fixed_bools=6/485)
#37      4.20s best:1160  next:[708,1159] quick_restart_no_lp (fixed_bools=6/492)
#38      4.21s best:1159  next:[708,1158] violation_ls(batch:13 #solutions_imported:10 #lin_moves:54'149 #lin_evals:288'041 #gen_moves:23'986 #gen_evals:3'415 #comp_moves:2'706 #backtracks:10'625 #weight_updates:6'093)
#39      4.22s best:1158  next:[708,1157] violation_ls(batch:13 #solutions_imported:9 #lin_moves:20'325 #lin_evals:220'813 #gen_moves:55'547 #gen_evals:10'469 #comp_moves:3'871 #backtracks:25'826 #weight_updates:10'598)
#40      4.31s best:1157  next:[708,1156] quick_restart_no_lp (fixed_bools=6/492)
#41      4.36s best:1145  next:[708,1144] rnd_cst_lns (d=0.98 s=207 t=0.10 p=1.00 stall=3 h=auto_l0)
#42      4.42s best:1142  next:[708,1141] quick_restart_no_lp (fixed_bools=6/514)
#43      4.53s best:1141  next:[708,1140] violation_ls(batch:14 #solutions_imported:11 #lin_moves:54'149 #lin_evals:288'129 #gen_moves:24'033 #gen_evals:3'418 #comp_moves:2'709 #backtracks:10'647 #weight_updates:6'093)
#Bound   4.62s best:1141  next:[720,1140] objective_lb_search_no_lp [skipped_logs=0]
#Bound   6.00s best:1141  next:[724,1140] objective_lb_search_no_lp [skipped_logs=1]
#Bound   7.06s best:1141  next:[730,1140] objective_lb_search_no_lp
#Bound   7.58s best:1141  next:[738,1140] objective_lb_search_no_lp [skipped_logs=1]
#Bound   9.77s best:1141  next:[739,1140] objective_lb_search_no_lp
#Bound  10.30s best:1141  next:[740,1140] objective_lb_search_no_lp
#Bound  10.54s best:1141  next:[743,1140] objective_lb_search [skipped_logs=0]
#Bound  11.75s best:1141  next:[747,1140] objective_lb_search_no_lp [skipped_logs=1]
#Bound  12.70s best:1141  next:[750,1140] objective_lb_search_no_lp [skipped_logs=1]
#Bound  13.95s best:1141  next:[752,1140] objective_lb_search_no_lp [skipped_logs=1]
#Bound  16.36s best:1141  next:[758,1140] objective_lb_search_no_lp
#Bound  16.84s best:1141  next:[760,1140] objective_lb_search_no_lp
#Bound  17.60s best:1141  next:[764,1140] objective_lb_search_no_lp
#Bound  18.14s best:1141  next:[766,1140] objective_lb_search_no_lp
#Bound  18.49s best:1141  next:[771,1140] objective_lb_search_no_lp [skipped_logs=1]
#Bound  19.96s best:1141  next:[778,1140] objective_lb_search_no_lp [skipped_logs=2]
#Bound  20.76s best:1141  next:[780,1140] objective_lb_search_no_lp [skipped_logs=0]
#Bound  21.90s best:1141  next:[791,1140] objective_lb_search_no_lp [skipped_logs=2]
#Bound  23.29s best:1141  next:[793,1140] objective_lb_search_no_lp
#Bound  26.25s best:1141  next:[799,1140] objective_lb_search_no_lp
#Bound  27.50s best:1141  next:[801,1140] objective_lb_search_no_lp
#Bound  31.60s best:1141  next:[803,1140] objective_lb_search_no_lp
#Bound  33.16s best:1141  next:[804,1140] objective_lb_search_no_lp
#Bound  33.92s best:1141  next:[807,1140] objective_lb_search_no_lp
#Bound  36.87s best:1141  next:[808,1140] objective_lb_search_no_lp
#Bound  37.37s best:1141  next:[809,1140] objective_lb_search_no_lp
#Bound  38.27s best:1141  next:[811,1140] objective_lb_search_no_lp
#Bound  39.39s best:1141  next:[813,1140] objective_lb_search_no_lp
#Bound  45.33s best:1141  next:[815,1140] objective_lb_search_no_lp
#Bound  46.26s best:1141  next:[823,1140] objective_lb_search_no_lp
#Bound  48.18s best:1141  next:[824,1140] objective_lb_search_no_lp
#Bound  48.57s best:1141  next:[825,1140] objective_lb_search_no_lp
#Bound  48.92s best:1141  next:[826,1140] objective_lb_search_no_lp
#Bound  49.57s best:1141  next:[830,1140] objective_lb_search_no_lp
#Bound  55.74s best:1141  next:[833,1140] objective_lb_search_no_lp
#Bound  56.80s best:1141  next:[837,1140] objective_lb_search_no_lp
#Bound  57.82s best:1141  next:[838,1140] objective_lb_search_no_lp
#Bound  60.72s best:1141  next:[840,1140] objective_lb_search_no_lp
#Bound  69.70s best:1141  next:[841,1140] objective_shaving_search_no_lp (vars=465 csts=4971)
#Bound  71.61s best:1141  next:[842,1140] objective_lb_search_no_lp
#Bound  73.72s best:1141  next:[843,1140] objective_lb_search_no_lp
#Bound  74.55s best:1141  next:[844,1140] objective_lb_search_no_lp
#Bound  75.66s best:1141  next:[845,1140] objective_lb_search_no_lp
#Bound  76.01s best:1141  next:[846,1140] objective_lb_search_no_lp
#Bound  78.04s best:1141  next:[849,1140] objective_lb_search_no_lp
#Bound  78.21s best:1141  next:[851,1140] objective_lb_search_no_lp
#Bound  78.39s best:1141  next:[852,1140] objective_lb_search_no_lp
#Bound  78.79s best:1141  next:[853,1140] objective_lb_search_no_lp
#Bound  79.68s best:1141  next:[861,1140] objective_lb_search_no_lp
#Bound  81.80s best:1141  next:[862,1140] objective_lb_search_no_lp
#Bound  83.42s best:1141  next:[865,1140] objective_lb_search_no_lp
#Bound  85.94s best:1141  next:[866,1140] objective_lb_search_no_lp
#Bound  89.74s best:1141  next:[868,1140] objective_lb_search_no_lp
#Bound  91.04s best:1141  next:[869,1140] objective_lb_search_no_lp
#Bound  94.18s best:1141  next:[874,1140] objective_lb_search_no_lp
#Bound  95.20s best:1141  next:[877,1140] objective_lb_search_no_lp
#Bound  96.03s best:1141  next:[879,1140] objective_lb_search_no_lp
#Bound  97.21s best:1141  next:[881,1140] objective_lb_search_no_lp
#Bound 104.88s best:1141  next:[882,1140] objective_lb_search_no_lp
#Bound 105.70s best:1141  next:[883,1140] objective_lb_search_no_lp
#Bound 106.55s best:1141  next:[885,1140] objective_lb_search_no_lp
#Bound 106.96s best:1141  next:[886,1140] objective_lb_search_no_lp
#Bound 107.73s best:1141  next:[887,1140] objective_lb_search_no_lp
#Bound 108.44s best:1141  next:[888,1140] objective_lb_search_no_lp
#Bound 109.02s best:1141  next:[889,1140] objective_lb_search_no_lp
#Bound 109.93s best:1141  next:[893,1140] objective_lb_search_no_lp
#Model 113.14s var:383/387 constraints:4648/4987
#Bound 114.63s best:1141  next:[897,1140] objective_lb_search_no_lp
#Bound 120.54s best:1141  next:[898,1140] lb_tree_search (nodes=4478/6275 rc=55 decisions=83076 @root=30 restarts=12) 
#Bound 123.10s best:1141  next:[899,1140] lb_tree_search (nodes=4502/6303 rc=55 decisions=83916 @root=31 restarts=12) 
#Bound 123.53s best:1141  next:[900,1140] objective_lb_search_no_lp
#Bound 124.48s best:1141  next:[901,1140] objective_lb_search_no_lp
#Bound 125.24s best:1141  next:[907,1140] objective_lb_search_no_lp
#Model 125.41s var:381/387 constraints:4576/4987
#Bound 126.15s best:1141  next:[908,1140] objective_lb_search_no_lp
#Bound 126.98s best:1141  next:[910,1140] objective_lb_search_no_lp
#Bound 128.18s best:1141  next:[912,1140] objective_lb_search_no_lp
#Bound 133.75s best:1141  next:[915,1140] objective_lb_search_no_lp
#Bound 134.06s best:1141  next:[916,1140] objective_lb_search_no_lp
#Bound 134.55s best:1141  next:[917,1140] objective_lb_search_no_lp
#Bound 134.96s best:1141  next:[920,1140] objective_lb_search_no_lp
#Model 135.50s var:380/387 constraints:4539/4987
#Bound 135.54s best:1141  next:[925,1140] objective_lb_search_no_lp
#Bound 135.62s best:1141  next:[935,1140] objective_lb_search_no_lp
#Bound 136.50s best:1141  next:[936,1140] objective_lb_search_no_lp
#Bound 136.57s best:1141  next:[937,1140] objective_lb_search_no_lp
#Model 137.10s var:377/387 constraints:4339/4987
#Bound 137.56s best:1141  next:[940,1140] objective_lb_search_no_lp
#Model 137.60s var:376/387 constraints:4307/4987
#Model 137.75s var:375/387 constraints:4297/4987
#Bound 138.34s best:1141  next:[942,1140] objective_lb_search_no_lp
#Bound 138.96s best:1141  next:[953,1140] objective_lb_search_no_lp
#Model 139.06s var:374/387 constraints:4153/4987
#Model 139.22s var:373/387 constraints:4099/4987
#Bound 139.50s best:1141  next:[956,1140] objective_lb_search_no_lp
#Model 139.85s var:368/387 constraints:3729/4987
#Bound 139.98s best:1141  next:[965,1140] objective_lb_search_no_lp
#Bound 140.02s best:1141  next:[967,1140] objective_lb_search_no_lp
#Model 140.18s var:367/387 constraints:3672/4987
#Bound 140.21s best:1141  next:[988,1140] objective_lb_search_no_lp
#Bound 140.42s best:1141  next:[1007,1140] objective_lb_search_no_lp
#Model 140.45s var:366/387 constraints:3652/4987
#Bound 140.62s best:1141  next:[1039,1140] objective_lb_search_no_lp
#Model 140.63s var:364/387 constraints:3397/4987
#Bound 140.71s best:1141  next:[1045,1140] objective_lb_search_no_lp
#Model 140.75s var:363/387 constraints:3329/4987
#Bound 140.80s best:1141  next:[1047,1140] objective_lb_search_no_lp
#Model 140.81s var:356/387 constraints:2636/4987
#Bound 140.81s best:1141  next:[1060,1140] objective_lb_search_no_lp
#Bound 140.83s best:1141  next:[1074,1140] objective_lb_search_no_lp
#Bound 140.83s best:1141  next:[1080,1140] objective_lb_search_no_lp
#Model 140.83s var:342/387 constraints:1848/4987
#Model 140.84s var:332/387 constraints:1278/4987
#Done  140.84s quick_restart_no_lp
#Done  140.84s core

Task timing                                  n [     min,      max]      avg      dev     time         n [     min,      max]      avg      dev    dtime
                             'core':         1 [   2.34m,    2.34m]    2.34m   0.00ns    2.34m         1 [   2.73m,    2.73m]    2.73m   0.00ns    2.73m
                       'default_lp':         1 [   2.34m,    2.34m]    2.34m   0.00ns    2.34m         1 [  35.25s,   35.25s]   35.25s   0.00ns   35.25s
                 'feasibility_pump':       279 [ 52.87ms, 680.19ms] 134.36ms  38.04ms   37.49s       278 [ 19.41ms,  57.93ms]  23.02ms   2.12ms    6.40s
                            'fixed':         1 [   2.34m,    2.34m]    2.34m   0.00ns    2.34m         1 [  30.46s,   30.46s]   30.46s   0.00ns   30.46s
                  'fj_long_default':         0 [  0.00ns,   0.00ns]   0.00ns   0.00ns   0.00ns         0 [  0.00ns,   0.00ns]   0.00ns   0.00ns   0.00ns
              'fj_long_lin_default':         0 [  0.00ns,   0.00ns]   0.00ns   0.00ns   0.00ns         0 [  0.00ns,   0.00ns]   0.00ns   0.00ns   0.00ns
                   'fj_long_random':         0 [  0.00ns,   0.00ns]   0.00ns   0.00ns   0.00ns         0 [  0.00ns,   0.00ns]   0.00ns   0.00ns   0.00ns
                 'fj_short_default':         0 [  0.00ns,   0.00ns]   0.00ns   0.00ns   0.00ns         0 [  0.00ns,   0.00ns]   0.00ns   0.00ns   0.00ns
             'fj_short_lin_default':         0 [  0.00ns,   0.00ns]   0.00ns   0.00ns   0.00ns         0 [  0.00ns,   0.00ns]   0.00ns   0.00ns   0.00ns
              'fj_short_lin_random':         0 [  0.00ns,   0.00ns]   0.00ns   0.00ns   0.00ns         0 [  0.00ns,   0.00ns]   0.00ns   0.00ns   0.00ns
                  'fj_short_random':         0 [  0.00ns,   0.00ns]   0.00ns   0.00ns   0.00ns         0 [  0.00ns,   0.00ns]   0.00ns   0.00ns   0.00ns
                        'fs_random':         1 [ 75.82ms,  75.82ms]  75.82ms   0.00ns  75.82ms         1 [ 20.00ns,  20.00ns]  20.00ns   0.00ns  20.00ns
                        'fs_random':         1 [191.25ms, 191.25ms] 191.25ms   0.00ns 191.25ms         1 [ 20.00ns,  20.00ns]  20.00ns   0.00ns  20.00ns
                  'fs_random_no_lp':         1 [ 92.86ms,  92.86ms]  92.86ms   0.00ns  92.86ms         0 [  0.00ns,   0.00ns]   0.00ns   0.00ns   0.00ns
          'fs_random_quick_restart':         0 [  0.00ns,   0.00ns]   0.00ns   0.00ns   0.00ns         0 [  0.00ns,   0.00ns]   0.00ns   0.00ns   0.00ns
          'fs_random_quick_restart':         1 [399.95ms, 399.95ms] 399.95ms   0.00ns 399.95ms         1 [ 20.00ns,  20.00ns]  20.00ns   0.00ns  20.00ns
    'fs_random_quick_restart_no_lp':         1 [712.88ms, 712.88ms] 712.88ms   0.00ns 712.88ms         0 [  0.00ns,   0.00ns]   0.00ns   0.00ns   0.00ns
                    'graph_arc_lns':       279 [  8.35ms,    1.37s] 702.31ms 316.64ms    3.27m       274 [ 10.00ns, 108.74ms]  66.83ms  39.99ms   18.31s
                    'graph_cst_lns':       279 [  3.18ms,    1.22s] 619.32ms 353.04ms    2.88m       254 [ 10.00ns, 104.46ms]  62.32ms  41.55ms   15.83s
                    'graph_dec_lns':       279 [  8.61ms,    1.50s] 665.72ms 326.49ms    3.10m       266 [ 10.00ns, 136.35ms]  65.83ms  41.61ms   17.51s
                    'graph_var_lns':       279 [  8.80ms,    1.28s] 674.71ms 312.86ms    3.14m       275 [ 10.00ns, 136.47ms]  63.89ms  42.44ms   17.57s
                   'lb_tree_search':         1 [   2.34m,    2.34m]    2.34m   0.00ns    2.34m         1 [   1.11m,    1.11m]    1.11m   0.00ns    1.11m
                           'max_lp':         1 [   2.34m,    2.34m]    2.34m   0.00ns    2.34m         1 [  46.59s,   46.59s]   46.59s   0.00ns   46.59s
                            'no_lp':         1 [   2.34m,    2.34m]    2.34m   0.00ns    2.34m         1 [  27.19s,   27.19s]   27.19s   0.00ns   27.19s
              'objective_lb_search':         1 [   2.34m,    2.34m]    2.34m   0.00ns    2.34m         1 [  36.67s,   36.67s]   36.67s   0.00ns   36.67s
       'objective_lb_search_max_lp':         1 [   2.34m,    2.34m]    2.34m   0.00ns    2.34m         1 [  53.98s,   53.98s]   53.98s   0.00ns   53.98s
        'objective_lb_search_no_lp':         1 [   2.34m,    2.34m]    2.34m   0.00ns    2.34m         1 [  21.49s,   21.49s]   21.49s   0.00ns   21.49s
  'objective_shaving_search_max_lp':       117 [  7.08ms,    8.96s]    1.18s    1.58s    2.30m       103 [  1.42ms,    1.57s] 205.37ms 322.32ms   21.15s
   'objective_shaving_search_no_lp':       117 [  7.81ms,    8.96s]    1.18s    1.58s    2.30m       103 [  1.43ms,    1.07s] 141.85ms 209.98ms   14.61s
                          'probing':         1 [   2.34m,    2.34m]    2.34m   0.00ns    2.34m         1 [  17.13s,   17.13s]   17.13s   0.00ns   17.13s
                   'probing_max_lp':         1 [   2.34m,    2.34m]    2.34m   0.00ns    2.34m         1 [  26.30s,   26.30s]   26.30s   0.00ns   26.30s
                     'pseudo_costs':         1 [   2.34m,    2.34m]    2.34m   0.00ns    2.34m         1 [  40.86s,   40.86s]   40.86s   0.00ns   40.86s
                    'quick_restart':         1 [   2.34m,    2.34m]    2.34m   0.00ns    2.34m         1 [  43.22s,   43.22s]   43.22s   0.00ns   43.22s
              'quick_restart_no_lp':         1 [   2.34m,    2.34m]    2.34m   0.00ns    2.34m         1 [  42.75s,   42.75s]   42.75s   0.00ns   42.75s
                    'reduced_costs':         1 [   2.34m,    2.34m]    2.34m   0.00ns    2.34m         1 [  43.30s,   43.30s]   43.30s   0.00ns   43.30s
                        'rins/rens':       280 [137.67us,    1.07s] 457.39ms 309.47ms    2.13m       237 [ 10.00ns, 158.21ms]  69.30ms  38.27ms   16.42s
                      'rnd_cst_lns':       279 [  3.97ms,    1.39s] 668.84ms 319.45ms    3.11m       273 [ 10.00ns, 108.46ms]  63.87ms  41.63ms   17.44s
                      'rnd_var_lns':       279 [  5.85ms,    1.46s] 667.40ms 311.50ms    3.10m       272 [ 10.00ns, 113.81ms]  65.84ms  41.56ms   17.91s
         'scheduling_intervals_lns':       279 [  2.93ms,    1.57s] 913.39ms 282.73ms    4.25m       256 [ 88.60ms, 200.31ms] 104.27ms   6.80ms   26.69s
       'scheduling_precedences_lns':       279 [  2.88ms,    1.49s] 911.89ms 286.94ms    4.24m       255 [ 88.60ms, 200.32ms] 104.13ms   6.75ms   26.55s
       'scheduling_time_window_lns':       279 [  2.74ms,    1.39s] 910.32ms 280.28ms    4.23m       257 [ 88.60ms, 109.18ms] 103.96ms   3.21ms   26.72s
                     'violation_ls':       280 [443.42us, 439.49ms]  99.92ms  31.29ms   27.98s       280 [850.00ns, 112.51ms]  88.93ms  15.46ms   24.90s
                     'violation_ls':       280 [526.88us, 203.49ms]  87.90ms  18.57ms   24.61s       280 [  1.23us, 104.49ms]  87.04ms  11.16ms   24.37s

Search stats                        Bools  Conflicts  Branches  Restarts   BoolPropag  IntegerPropag
                           'core':  5'240     62'174   102'720     7'898  100'846'556     64'781'341
                     'default_lp':    104     33'178   148'633    18'306    1'195'812     51'216'301
                          'fixed':  1'543    198'228   708'101       208   27'885'058     64'420'181
                      'fs_random':    104          0         0         0            0              0
                      'fs_random':    104          0         0         0            0              0
                'fs_random_no_lp':    104          0         0         0            0              0
        'fs_random_quick_restart':      0          0         0         0            0              0
        'fs_random_quick_restart':    104          0         0         0            0              0
  'fs_random_quick_restart_no_lp':    104          0         0         0            0              0
                 'lb_tree_search':    125        372   171'445    30'870      519'242     19'985'761
                         'max_lp':    104     19'967   176'265    28'177    1'108'001     44'960'583
                          'no_lp':  1'590     80'890   179'424    14'374   31'771'328     90'105'974
            'objective_lb_search':    273     22'610   174'467    34'504    1'452'805     47'619'909
     'objective_lb_search_max_lp':    241     13'482   209'045    50'214    1'482'141     42'191'155
      'objective_lb_search_no_lp':    370     63'792   146'437    12'306    2'673'702     79'227'230
                        'probing':    691        456     3'698     2'442       46'627        389'672
                 'probing_max_lp':    691        451     2'055     1'612       38'822        307'398
                   'pseudo_costs':    104     25'674   175'041    30'049    1'137'602     48'403'571
                  'quick_restart':  2'178     25'183   191'704    27'949   17'228'462     35'929'914
            'quick_restart_no_lp':  3'261     94'828   307'812    19'766   60'502'171     77'545'868
                  'reduced_costs':    776     27'621   188'251    24'341    9'909'757     45'978'478

SAT stats                           ClassicMinim  LitRemoved  LitLearned  LitForgotten  Subsumed  MClauses  MDecisions  MLitTrue  MSubsumed  MLitRemoved  MReused
                           'core':        58'131     424'068     494'248         7'696       289     3'211      16'043         0          5           21       63
                     'default_lp':        22'266      60'962     396'534       158'637     1'268     9'359     103'917         8      2'214       15'515    2'005
                          'fixed':       153'401     478'027   4'907'162     4'305'839        92         0           0         0          0            0        0
                      'fs_random':             0           0           0             0         0         0           0         0          0            0        0
                      'fs_random':             0           0           0             0         0         0           0         0          0            0        0
                'fs_random_no_lp':             0           0           0             0         0         0           0         0          0            0        0
        'fs_random_quick_restart':             0           0           0             0         0         0           0         0          0            0        0
        'fs_random_quick_restart':             0           0           0             0         0         0           0         0          0            0        0
  'fs_random_quick_restart_no_lp':             0           0           0             0         0         0           0         0          0            0        0
                 'lb_tree_search':             4           4       1'228             0         0    13'279      67'638         0         67          259    1'109
                         'max_lp':        11'687      28'716     249'588        54'372     1'096    12'339     141'320         0      1'052        7'070    2'887
                          'no_lp':        69'488     360'792   1'140'592       683'245       935     6'826      58'950         1      2'908       20'118      937
            'objective_lb_search':        16'873      48'213     219'006         2'397       900    13'362     124'456         0      2'067       13'585    2'978
     'objective_lb_search_max_lp':         9'755      27'801     133'057         1'731       641    16'166     152'862         0      1'180        7'732    4'322
      'objective_lb_search_no_lp':        54'408     225'439     592'586       182'583     1'319     6'943      68'110         0      3'305       23'643    1'400
                        'probing':             0           0         456             0         0         0           0         0          0            0        0
                 'probing_max_lp':             0           0         451             0         0         0           0         0          0            0        0
                   'pseudo_costs':        18'135      67'704     310'127        95'875       910    13'692     133'230         0      1'744       11'374    2'342
                  'quick_restart':        16'955      65'595     237'215        36'445       794    12'808     124'141        51      8'106       66'114    2'128
            'quick_restart_no_lp':        73'855     441'724   1'212'891       471'445       556     7'828      77'857        58      6'178       57'048      779
                  'reduced_costs':        20'887      73'679     363'965       103'452       712    11'954     120'055         0      3'225       22'923    2'591

Lp stats                         Component  Iterations  AddedCuts  OPTIMAL  DUAL_F.  DUAL_U.
                  'default_lp':          1     424'980     23'559   59'453        0        0
                       'fixed':          1      96'269        715  201'892        0        0
                   'fs_random':          1           0          0        0        0        0
                   'fs_random':          1           0          0        0        0        0
     'fs_random_quick_restart':          1           0          0        0        0        0
              'lb_tree_search':          1   1'352'177     10'974   64'388   34'548        0
                      'max_lp':          1     701'626     18'423   37'019   12'647       18
         'objective_lb_search':          1     483'362     17'775   47'002        0        0
  'objective_lb_search_max_lp':          1     723'024     13'683   27'883    7'531       13
                     'probing':          1     127'451     15'204   10'024        0        0
              'probing_max_lp':          1     120'735     13'394    5'999      572        0
                'pseudo_costs':          1     616'822     28'554   39'544   19'499       15
               'quick_restart':          1     506'258     17'998   44'035        0        3
               'reduced_costs':          1     643'022     32'900   40'014   23'162        7

Lp dimension                                                                      Final dimension of first component
                  'default_lp':   334 rows, 375 columns, 1184 entries with magnitude in [8.642576e-04, 1.000000e+00]
                       'fixed':    239 rows, 375 columns, 861 entries with magnitude in [3.812464e-02, 1.000000e+00]
                   'fs_random':        0 rows, 375 columns, 0 entries with magnitude in [0.000000e+00, 0.000000e+00]
                   'fs_random':        0 rows, 375 columns, 0 entries with magnitude in [0.000000e+00, 0.000000e+00]
     'fs_random_quick_restart':        0 rows, 375 columns, 0 entries with magnitude in [0.000000e+00, 0.000000e+00]
              'lb_tree_search':   582 rows, 387 columns, 2054 entries with magnitude in [8.938450e-03, 1.000000e+00]
                      'max_lp':   548 rows, 387 columns, 2044 entries with magnitude in [1.051885e-02, 1.000000e+00]
         'objective_lb_search':  1014 rows, 375 columns, 5336 entries with magnitude in [2.521137e-05, 1.000000e+00]
  'objective_lb_search_max_lp':   654 rows, 387 columns, 2296 entries with magnitude in [7.177998e-03, 1.000000e+00]
                     'probing':  1191 rows, 375 columns, 7865 entries with magnitude in [3.198448e-05, 1.000000e+00]
              'probing_max_lp':  1032 rows, 387 columns, 7389 entries with magnitude in [1.848275e-03, 1.000000e+00]
                'pseudo_costs':   719 rows, 387 columns, 2579 entries with magnitude in [3.268437e-03, 1.000000e+00]
               'quick_restart':  1209 rows, 375 columns, 3519 entries with magnitude in [3.265241e-05, 1.000000e+00]
               'reduced_costs':   718 rows, 387 columns, 2616 entries with magnitude in [1.569567e-03, 1.000000e+00]

Lp debug                         CutPropag  CutEqPropag  Adjust  Overflow        Bad  BadScaling
                  'default_lp':         22           63  32'385         0    462'718           0
                       'fixed':          0            1       0         0      1'440           0
                   'fs_random':          0            0       0         0          0           0
                   'fs_random':          0            0       0         0          0           0
     'fs_random_quick_restart':          0            0       0         0          0           0
              'lb_tree_search':         23            8  56'118         0    171'614           0
                      'max_lp':         45           29  19'345         0    345'944           0
         'objective_lb_search':         19           75  26'594         0    598'232           0
  'objective_lb_search_max_lp':         40           15  18'518         0    417'479           0
                     'probing':         83          482   9'683         0  9'936'093           0
              'probing_max_lp':         41          148   6'424         0  6'470'640           0
                'pseudo_costs':         93           54  24'868         0    462'997           0
               'quick_restart':         33          129  23'895         0  1'656'618           0
               'reduced_costs':         68           22  31'592         0    541'031           0

Lp pool                          Constraints  Updates  Simplif  Merged  Shortened    Split  Strenghtened      Cuts/Call
                  'default_lp':        9'657    2'363   87'845     333     13'958   31'276        24'549  23'559/71'276
                       'fixed':        1'146       10        0       0          0        6            71      715/1'232
                   'fs_random':          431        0        0       0          0        0             0            0/0
                   'fs_random':          431        0        0       0          0        0             0            0/0
     'fs_random_quick_restart':          431        0        0       0          0        0             0            0/0
              'lb_tree_search':       14'752    1'074  112'645     201     11'726    1'822       101'833  10'974/48'015
                      'max_lp':       14'040    1'592  131'442     362     11'610    9'138       145'065  18'423/51'702
         'objective_lb_search':       10'052    2'395  128'385     154     18'124   26'693        33'669  17'775/56'660
  'objective_lb_search_max_lp':       14'428    1'836  205'932     234     15'246   10'952       160'171  13'683/43'119
                     'probing':        9'613    4'089   69'345      22      7'083   91'242        12'010  15'204/32'212
              'probing_max_lp':       14'355    3'272  107'415      18     12'349   24'372        81'467  13'394/33'260
                'pseudo_costs':       13'985    1'932  223'787     548     18'432   13'267       170'913  28'554/72'843
               'quick_restart':       10'319    3'798  232'248     110     21'256  165'272        31'704  17'998/61'093
               'reduced_costs':       14'333    2'017  168'319     546     13'268   15'959       157'316  32'900/84'424

Lp Cut                                                defaul  fixed  max_lp  quick_  reduce  pseudo  lb_tre  probin  object  probin  object
                                              CG_FF:   1'082     45     715     457   1'360   1'232     299     407     760     162     324
                                               CG_K:     702     31     538     265   1'183     951     267     216     438     131     283
                                              CG_KL:       3      -       -       -       3       -       -       -       -       -       -
                                               CG_R:     926     35     491     452   1'125     917     328     531     665     227     175
                                              CG_RB:   4'100     68   1'854   3'199   3'225   2'995   1'248   2'252   3'940     499     739
                                             CG_RBP:     768     10     207     479     481     352     155     455     441      84      92
                                             Clique:       -      -     150       -     229     219     153       -       -      95     177
                                                 IB:   4'530    225   2'423   2'791   3'909   3'560   1'470   2'068   2'703     786   1'658
                                           MIR_1_FF:   1'047     70   1'073   1'001   1'913   1'581     660     663     851     585     960
                                            MIR_1_K:     224      9     275     136     556     432     156      76     148      84     208
                                           MIR_1_KL:      12      -       5      11       6      11       1      40       4      14       1
                                            MIR_1_R:     230     23     116     210     262     212      46     192     178      72     101
                                           MIR_1_RB:   1'783     46   2'011   1'376   3'638   3'038   1'274   1'272   1'386     981   1'636
                                          MIR_1_RBP:      88      -     281      60     408     350     231      56      35     106     114
                                          MIR_1_RLT:       -      -       9       -      15      16       5       -       -      12       5
                                           MIR_2_FF:     597     22     672     583   1'237   1'082     394     453     469     444     572
                                            MIR_2_K:     172      6     159     126     363     251      76      95     104      57     107
                                           MIR_2_KL:       3      -       3       9      10       9       2      27       2       9       -
                                            MIR_2_R:     181      5     159     209     319     252      77     258     184     111     156
                                           MIR_2_RB:   1'200     26   1'048     976   1'892   1'681     550     868     922     406     756
                                          MIR_2_RBP:     101      1     151      82     254     263      89      87      63      39      53
                                           MIR_3_FF:     427      5     413     422     732     722     197     283     335     210     350
                                            MIR_3_K:     106      3     103      73     220     189      49      66      70      44      67
                                           MIR_3_KL:      10      1       9      10      10      12       5      22       5       4       -
                                            MIR_3_R:     163      5     148     168     249     253      71     164     156      81     122
                                           MIR_3_RB:     814     12     592     757   1'071     963     296     676     633     275     463
                                          MIR_3_RBP:      77      -      78      58     142     163      46      56      27      20      31
                                           MIR_4_FF:     273      4     254     214     520     398     142     148     207     121     219
                                            MIR_4_K:      81      3      83      55     175     149      48      37      59      28      55
                                           MIR_4_KL:      12      1       5      10      12       8       -      27      15       8       1
                                            MIR_4_R:     129      2     101     121     217     153      60      94      93      50      90
                                           MIR_4_RB:     510     11     348     437     653     561     186     368     387     173     276
                                          MIR_4_RBP:      38      1      66      38      99      88      36      32      29      22      22
                                           MIR_5_FF:     190      1     172     146     297     268      89     104     123      51     138
                                            MIR_5_K:      65      3      56      43     135      98      34      36      43      17      48
                                           MIR_5_KL:      13      -       2       9       9       6       3      16       8       3       2
                                            MIR_5_R:     101      1      78      89     130     123      42      61      66      34      68
                                           MIR_5_RB:     362      8     237     285     452     373      99     249     271      86     209
                                          MIR_5_RBP:      45      -      47      28      76      66      15      21      21      18      19
                                           MIR_6_FF:     107      1     100      95     156     173      50      77      79      28      69
                                            MIR_6_K:      37      -      32      23      94      73      24      20      32       9      21
                                           MIR_6_KL:       8      -       4       4       5       9       4       8       5       1       1
                                            MIR_6_R:      60      -      42      66      81      88      23      32      46      20      42
                                           MIR_6_RB:     175      3     122     187     273     252      65     140     146      52      90
                                          MIR_6_RBP:      27      -      29      15      64      41      21      14      21      19      12
         NoOverlapCompletionTimeExhaustive_weighted:       -      -      37       -      57      38      13       -       -       7      30
  NoOverlapCompletionTimeExhaustive_weighted_lifted:       -      -      17       -      54      15       7       -       -       3       8
                        NoOverlapDisjunctionOnStart:       -      -      17       -      40      20       7       -       -       6       6
                                       ZERO_HALF_FF:     209      5     235     121     372     326     141      92     155      61     135
                                        ZERO_HALF_K:      82      1      75      48     158     118      35      14      42       8      57
                                       ZERO_HALF_KL:       1      -       -       -       -       -       -       -       1       -       -
                                        ZERO_HALF_R:   1'124     11   1'991   1'649   2'885   2'561   1'258   1'818   1'007   6'585   2'497
                                       ZERO_HALF_RB:     460      7     502     339     917     697     354     413     335     397     372
                                      ZERO_HALF_RBP:     104      4      88      66     157     146      73     100      65      49      46

LNS stats                        Improv/Calls  Closed  Difficulty  TimeLimit
               'graph_arc_lns':        14/278     54%        1.00       0.11
               'graph_cst_lns':        15/260     55%        0.99       0.10
               'graph_dec_lns':        12/277     54%        0.99       0.11
               'graph_var_lns':         5/278     54%        0.99       0.11
                   'rins/rens':        29/257     52%        0.91       0.10
                 'rnd_cst_lns':        10/276     55%        0.99       0.11
                 'rnd_var_lns':         7/278     54%        0.99       0.11
    'scheduling_intervals_lns':        10/261      2%        0.00       0.11
  'scheduling_precedences_lns':        10/261      2%        0.00       0.11
  'scheduling_time_window_lns':         7/261      2%        0.00       0.11

LS stats                   Batches  Restarts   LinMoves   GenMoves  CompoundMoves  WeightUpdates
       'fj_long_default':        0         0          0          0              0              0
   'fj_long_lin_default':        0         0          0          0              0              0
        'fj_long_random':        0         0          0          0              0              0
      'fj_short_default':        0         0          0          0              0              0
  'fj_short_lin_default':        0         0          0          0              0              0
   'fj_short_lin_random':        0         0          0          0              0              0
       'fj_short_random':        0         0          0          0              0              0
          'violation_ls':      280         0  1'685'002    370'296         27'719         25'635
          'violation_ls':      280         0     20'325  1'124'575         61'083         12'454

Solutions (43)                   Num     Rank
               'graph_arc_lns':    1  [35,35]
               'graph_dec_lns':    1  [30,30]
               'graph_var_lns':    1  [34,34]
                       'no_lp':   22   [1,26]
               'quick_restart':    1  [23,23]
         'quick_restart_no_lp':    6  [32,42]
               'rins_pump_lns':    1  [27,27]
                 'rnd_cst_lns':    1  [41,41]
    'scheduling_intervals_lns':    1  [28,28]
  'scheduling_precedences_lns':    1  [29,29]
                'violation_ls':    7  [15,43]

Objective bounds                      Num
                        'bool_core':   13
                   'initial_domain':    1
                   'lb_tree_search':    2
              'objective_lb_search':   10
       'objective_lb_search_max_lp':    2
        'objective_lb_search_no_lp':  115
  'objective_shaving_search_max_lp':    1
   'objective_shaving_search_no_lp':    1
                    'quick_restart':    1
                    'reduced_costs':    3

Solution repositories    Added  Queried  Ignored  Synchro
  'feasible solutions':  2'616    6'356        0    2'517
        'lp solutions':  1'133      135        0      948
                'pump':  5'826      145

Improving bounds shared            Num
                        'core':     88
                  'default_lp':    142
                       'fixed':     41
              'lb_tree_search':     56
                      'max_lp':    126
                       'no_lp':    146
         'objective_lb_search':    162
  'objective_lb_search_max_lp':     32
   'objective_lb_search_no_lp':    426
                     'probing':  1'333
              'probing_max_lp':    688
                'pseudo_costs':    363
               'quick_restart':  3'048
         'quick_restart_no_lp':  4'191
               'reduced_costs':    172

Clauses shared                   Num
                        'core':    1
                  'default_lp':   43
              'lb_tree_search':    4
                      'max_lp':   23
                       'no_lp':   19
         'objective_lb_search':   74
  'objective_lb_search_max_lp':   13
   'objective_lb_search_no_lp':    4
                'pseudo_costs':  151
               'quick_restart':   12
         'quick_restart_no_lp':   52
               'reduced_costs':   39

CpSolverResponse summary:
status: OPTIMAL
objective: 1141
best_bound: 1141
integers: 0
booleans: 0
conflicts: 0
branches: 0
propagations: 0
integer_propagations: 0
restarts: 0
lp_iterations: 0
walltime: 140.956
usertime: 140.956
deterministic_time: 987.578
gap_integral: 1836.54
solution_fingerprint: 0xcb6fe0a98530c9cc


--- Simulation Gantt  partir du modle mathmatique ---
