created virtual environment CPython3.12.4.final.0-64 in 955ms
  creator CPython3Posix(dest=/localscratch/aneumann.47038272.0/env, clear=False, no_vcs_ignore=False, global=False)
  seeder FromAppData(download=False, pip=bundle, via=copy, app_data_dir=/home/aneumann/.local/share/virtualenv)
    added seed packages: pip==24.2+computecanada
  activators BashActivator,CShellActivator,FishActivator,NushellActivator,PowerShellActivator,PythonActivator
Looking in links: /cvmfs/soft.computecanada.ca/custom/python/wheelhouse/gentoo2023/x86-64-v3, /cvmfs/soft.computecanada.ca/custom/python/wheelhouse/gentoo2023/generic, /cvmfs/soft.computecanada.ca/custom/python/wheelhouse/generic
Requirement already satisfied: pip in /localscratch/aneumann.47038272.0/env/lib/python3.12/site-packages (24.2+computecanada)
Processing /cvmfs/soft.computecanada.ca/custom/python/wheelhouse/generic/pip-25.0+computecanada-py3-none-any.whl
Installing collected packages: pip
  Attempting uninstall: pip
    Found existing installation: pip 24.2+computecanada
    Uninstalling pip-24.2+computecanada:
      Successfully uninstalled pip-24.2+computecanada
Successfully installed pip-25.0+computecanada
Looking in links: /cvmfs/soft.computecanada.ca/custom/python/wheelhouse/gentoo2023/x86-64-v3, /cvmfs/soft.computecanada.ca/custom/python/wheelhouse/gentoo2023/generic, /cvmfs/soft.computecanada.ca/custom/python/wheelhouse/generic
ERROR: protobuf-5.28.3-cp38-abi3-manylinux2014_x86_64.whl is not a supported wheel on this platform.
Looking in links: /cvmfs/soft.computecanada.ca/custom/python/wheelhouse/gentoo2023/x86-64-v3, /cvmfs/soft.computecanada.ca/custom/python/wheelhouse/gentoo2023/generic, /cvmfs/soft.computecanada.ca/custom/python/wheelhouse/generic
Processing /home/aneumann/projects/def-adhaj/aneumann/GNRS/wheels/immutabledict-4.2.0-py3-none-any.whl
Installing collected packages: immutabledict
Successfully installed immutabledict-4.2.0
Looking in links: /cvmfs/soft.computecanada.ca/custom/python/wheelhouse/gentoo2023/x86-64-v3, /cvmfs/soft.computecanada.ca/custom/python/wheelhouse/gentoo2023/generic, /cvmfs/soft.computecanada.ca/custom/python/wheelhouse/generic
Processing /cvmfs/soft.computecanada.ca/custom/python/wheelhouse/generic/ortools-9.10.4067+computecanada-cp312-cp312-linux_x86_64.whl (from -r /home/aneumann/projects/def-adhaj/aneumann/GNRS/requirements/or.txt (line 1))
Processing /cvmfs/soft.computecanada.ca/custom/python/wheelhouse/gentoo2023/x86-64-v3/matplotlib-3.10.0+computecanada-cp312-cp312-linux_x86_64.whl (from -r /home/aneumann/projects/def-adhaj/aneumann/GNRS/requirements/or.txt (line 2))
Processing /cvmfs/soft.computecanada.ca/custom/python/wheelhouse/gentoo2023/x86-64-v3/pandas-2.2.3+computecanada-cp312-cp312-linux_x86_64.whl (from -r /home/aneumann/projects/def-adhaj/aneumann/GNRS/requirements/or.txt (line 3))
Processing /cvmfs/soft.computecanada.ca/custom/python/wheelhouse/generic/absl_py-2.3.0+computecanada-py3-none-any.whl (from ortools<9.11,>=9.10->-r /home/aneumann/projects/def-adhaj/aneumann/GNRS/requirements/or.txt (line 1))
Processing /cvmfs/soft.computecanada.ca/custom/python/wheelhouse/gentoo2023/generic/numpy-2.2.2+computecanada-cp312-cp312-linux_x86_64.whl (from ortools<9.11,>=9.10->-r /home/aneumann/projects/def-adhaj/aneumann/GNRS/requirements/or.txt (line 1))
Processing /cvmfs/soft.computecanada.ca/custom/python/wheelhouse/gentoo2023/x86-64-v3/protobuf-6.31.1+computecanada-cp312-cp312-linux_x86_64.whl (from ortools<9.11,>=9.10->-r /home/aneumann/projects/def-adhaj/aneumann/GNRS/requirements/or.txt (line 1))
Requirement already satisfied: immutabledict>=3.0.0 in /localscratch/aneumann.47038272.0/env/lib/python3.12/site-packages (from ortools<9.11,>=9.10->-r /home/aneumann/projects/def-adhaj/aneumann/GNRS/requirements/or.txt (line 1)) (4.2.0)
Processing /cvmfs/soft.computecanada.ca/custom/python/wheelhouse/gentoo2023/generic/contourpy-1.3.1+computecanada-cp312-cp312-linux_x86_64.whl (from matplotlib->-r /home/aneumann/projects/def-adhaj/aneumann/GNRS/requirements/or.txt (line 2))
Processing /cvmfs/soft.computecanada.ca/custom/python/wheelhouse/generic/cycler-0.12.1+computecanada-py3-none-any.whl (from matplotlib->-r /home/aneumann/projects/def-adhaj/aneumann/GNRS/requirements/or.txt (line 2))
Processing /cvmfs/soft.computecanada.ca/custom/python/wheelhouse/generic/fonttools-4.59.0+computecanada-cp312-cp312-linux_x86_64.whl (from matplotlib->-r /home/aneumann/projects/def-adhaj/aneumann/GNRS/requirements/or.txt (line 2))
Processing /cvmfs/soft.computecanada.ca/custom/python/wheelhouse/gentoo2023/x86-64-v3/kiwisolver-1.4.8+computecanada-cp312-cp312-linux_x86_64.whl (from matplotlib->-r /home/aneumann/projects/def-adhaj/aneumann/GNRS/requirements/or.txt (line 2))
Processing /cvmfs/soft.computecanada.ca/custom/python/wheelhouse/generic/packaging-25.0+computecanada-py3-none-any.whl (from matplotlib->-r /home/aneumann/projects/def-adhaj/aneumann/GNRS/requirements/or.txt (line 2))
Processing /cvmfs/soft.computecanada.ca/custom/python/wheelhouse/gentoo2023/x86-64-v3/pillow-11.1.0+computecanada-cp312-cp312-linux_x86_64.whl (from matplotlib->-r /home/aneumann/projects/def-adhaj/aneumann/GNRS/requirements/or.txt (line 2))
Processing /cvmfs/soft.computecanada.ca/custom/python/wheelhouse/generic/pyparsing-3.2.3+computecanada-py3-none-any.whl (from matplotlib->-r /home/aneumann/projects/def-adhaj/aneumann/GNRS/requirements/or.txt (line 2))
Processing /cvmfs/soft.computecanada.ca/custom/python/wheelhouse/generic/python_dateutil-2.9.0.post0+computecanada-py2.py3-none-any.whl (from matplotlib->-r /home/aneumann/projects/def-adhaj/aneumann/GNRS/requirements/or.txt (line 2))
Processing /cvmfs/soft.computecanada.ca/custom/python/wheelhouse/generic/pytz-2025.2+computecanada-py2.py3-none-any.whl (from pandas->-r /home/aneumann/projects/def-adhaj/aneumann/GNRS/requirements/or.txt (line 3))
Processing /cvmfs/soft.computecanada.ca/custom/python/wheelhouse/generic/tzdata-2025.2+computecanada-py2.py3-none-any.whl (from pandas->-r /home/aneumann/projects/def-adhaj/aneumann/GNRS/requirements/or.txt (line 3))
Processing /cvmfs/soft.computecanada.ca/custom/python/wheelhouse/generic/six-1.17.0+computecanada-py2.py3-none-any.whl (from python-dateutil>=2.7->matplotlib->-r /home/aneumann/projects/def-adhaj/aneumann/GNRS/requirements/or.txt (line 2))
Installing collected packages: pytz, tzdata, six, pyparsing, protobuf, pillow, packaging, numpy, kiwisolver, fonttools, cycler, absl-py, python-dateutil, contourpy, pandas, matplotlib, ortools
Successfully installed absl-py-2.3.0+computecanada contourpy-1.3.1+computecanada cycler-0.12.1+computecanada fonttools-4.59.0+computecanada kiwisolver-1.4.8+computecanada matplotlib-3.10.0+computecanada numpy-2.2.2+computecanada ortools-9.10.4067+computecanada packaging-25.0+computecanada pandas-2.2.3+computecanada pillow-11.1.0+computecanada protobuf-6.31.1+computecanada pyparsing-3.2.3+computecanada python-dateutil-2.9.0.post0+computecanada pytz-2025.2+computecanada six-1.17.0+computecanada tzdata-2025.2+computecanada

Starting CP-SAT solver v9.10.4067
Parameters: max_time_in_seconds: 86400 max_memory_in_mb: 185000 log_search_progress: true enumerate_all_solutions: false num_search_workers: 32 absolute_gap_limit: 0 relative_gap_limit: 0

Initial optimization model '': (model_fingerprint: 0x77d8ddb45b162c0c)
#Variables: 1'035 (#ints: 20 in objective)
  - 839 Booleans in [0,1]
  - 196 in [0,1421]
#kLinear1: 94
#kLinear2: 2'314
#kLinear3: 1'095
#kLinearN: 47'507 (#terms: 1'353'673)

Starting presolve at 0.03s
  5.98e-02s  0.00e+00d  [DetectDominanceRelations] 
  9.53e-01s  0.00e+00d  [PresolveToFixPoint] #num_loops=8 #num_dual_strengthening=3 
  5.63e-04s  0.00e+00d  [ExtractEncodingFromLinear] #potential_supersets=8 
[Symmetry] Graph for symmetry has 50'067 nodes and 1'180'140 arcs.
[Symmetry] Symmetry computation done. time: 0.0445159 dtime: 0.0817749
[Symmetry] #generators: 1, average support size: 54
[Symmetry] The model contains 962 duplicate constraints !
[Symmetry] 27 orbits with sizes: 2,2,2,2,2,2,2,2,2,2,...
[Symmetry] Num fixable by intersecting at_most_one with orbits: 1 largest_orbit: 2
  4.26e-01s  1.05e-01d  [Probe] #probed=1'370 #new_bounds=23 #equiv=1 
  4.42e-04s  0.00e+00d  [MaxClique] 
  5.98e-02s  0.00e+00d  [DetectDominanceRelations] 
  4.92e-01s  0.00e+00d  [PresolveToFixPoint] #num_loops=5 #num_dual_strengthening=3 
  2.44e-01s  0.00e+00d  [ProcessAtMostOneAndLinear] 
  6.19e-02s  0.00e+00d  [DetectDuplicateConstraints] #duplicates=1'338 #without_enforcements=156 
  1.54e-01s  1.20e-02d  [DetectDominatedLinearConstraints] #relevant_constraints=45'195 #num_inclusions=23'540 
  6.36e-03s  0.00e+00d  [DetectDifferentVariables] #different=108 #cliques=1 #size=13 
  2.36e-02s  2.08e-03d  [ProcessSetPPC] #relevant_constraints=43'999 
  7.50e-04s  0.00e+00d  [FindAlmostIdenticalLinearConstraints] 
  5.01e-03s  6.24e-03d  [FindBigAtMostOneAndLinearOverlap] 
  4.06e-01s  2.15e-01d  [FindBigVerticalLinearOverlap] #blocks=540 #saved_nz=263'081 
  1.14e-02s  4.29e-03d  [FindBigHorizontalLinearOverlap] #linears=42'890 
  4.34e-04s  0.00e+00d  [MergeClauses] 
  6.37e-02s  0.00e+00d  [DetectDominanceRelations] 
  5.19e-01s  0.00e+00d  [PresolveToFixPoint] #num_loops=3 #num_dual_strengthening=1 
  6.37e-02s  0.00e+00d  [DetectDominanceRelations] 
  3.26e-01s  0.00e+00d  [PresolveToFixPoint] #num_loops=1 #num_dual_strengthening=1 
[Symmetry] Graph for symmetry has 50'298 nodes and 913'013 arcs.
[Symmetry] Symmetry computation done. time: 0.0242699 dtime: 0.0459303
  3.79e-01s  8.22e-02d  [Probe] #probed=1'372 #new_bounds=353 
  3.79e-04s  0.00e+00d  [MaxClique] 
  6.32e-02s  0.00e+00d  [DetectDominanceRelations] 
  4.71e-01s  0.00e+00d  [PresolveToFixPoint] #num_loops=2 #num_dual_strengthening=1 
  2.29e-01s  0.00e+00d  [ProcessAtMostOneAndLinear] 
  5.40e-02s  0.00e+00d  [DetectDuplicateConstraints] #without_enforcements=156 
  1.06e-01s  8.36e-03d  [DetectDominatedLinearConstraints] #relevant_constraints=45'418 #num_inclusions=7'152 
  5.72e-03s  0.00e+00d  [DetectDifferentVariables] 
  2.07e-02s  1.54e-03d  [ProcessSetPPC] #relevant_constraints=42'906 
  7.25e-04s  4.13e-06d  [FindAlmostIdenticalLinearConstraints] #num_tested_pairs=268 
  2.74e-03s  2.71e-03d  [FindBigAtMostOneAndLinearOverlap] 
  3.28e-01s  1.45e-01d  [FindBigVerticalLinearOverlap] #blocks=2'410 #saved_nz=231'580 
  9.68e-03s  2.97e-03d  [FindBigHorizontalLinearOverlap] #linears=36'371 
  4.62e-04s  0.00e+00d  [MergeClauses] 
  4.88e-02s  0.00e+00d  [DetectDominanceRelations] 
  5.15e-01s  0.00e+00d  [PresolveToFixPoint] #num_loops=3 #num_dual_strengthening=1 
  4.94e-02s  0.00e+00d  [DetectDominanceRelations] 
  3.34e-01s  0.00e+00d  [PresolveToFixPoint] #num_loops=1 #num_dual_strengthening=1 
[Symmetry] Graph for symmetry has 56'583 nodes and 683'198 arcs.
[Symmetry] Symmetry computation done. time: 0.0175733 dtime: 0.0350869
  3.51e-01s  6.94e-02d  [Probe] #probed=1'372 #new_bounds=1'548 
  4.31e-04s  0.00e+00d  [MaxClique] 
  4.92e-02s  0.00e+00d  [DetectDominanceRelations] 
  4.94e-01s  0.00e+00d  [PresolveToFixPoint] #num_loops=2 #num_dual_strengthening=1 
  2.19e-01s  0.00e+00d  [ProcessAtMostOneAndLinear] 
  5.02e-02s  0.00e+00d  [DetectDuplicateConstraints] #without_enforcements=156 
  7.43e-02s  5.16e-03d  [DetectDominatedLinearConstraints] #relevant_constraints=46'726 #num_inclusions=2'476 
  5.79e-03s  0.00e+00d  [DetectDifferentVariables] 
  1.67e-02s  1.05e-03d  [ProcessSetPPC] #relevant_constraints=36'446 
  1.44e-03s  1.38e-04d  [FindAlmostIdenticalLinearConstraints] #num_tested_pairs=8'650 
  2.33e-03s  1.79e-03d  [FindBigAtMostOneAndLinearOverlap] 
  1.97e-01s  8.63e-02d  [FindBigVerticalLinearOverlap] #blocks=1'757 #saved_nz=153'069 
  7.85e-03s  2.06e-03d  [FindBigHorizontalLinearOverlap] #linears=29'032 
  4.64e-04s  0.00e+00d  [MergeClauses] 
  3.98e-02s  0.00e+00d  [DetectDominanceRelations] 
  4.80e-01s  0.00e+00d  [PresolveToFixPoint] #num_loops=3 #num_dual_strengthening=1 
  3.03e-03s  0.00e+00d  [ExpandObjective] #entries=17'706 #tight_variables=7'277 #tight_constraints=3'854 

Presolve summary:
  - 324 affine relations were detected.
  - rule 'TODO dual: only one blocking constraint?' was applied 2'560 times.
  - rule 'TODO dual: only one blocking enforced constraint?' was applied 156 times.
  - rule 'TODO dual: only one unspecified blocking constraint?' was applied 155 times.
  - rule 'TODO duplicate: identical constraint with different enforcements' was applied 468 times.
  - rule 'affine: new relation' was applied 324 times.
  - rule 'at_most_one: removed literals' was applied 3 times.
  - rule 'at_most_one: size one' was applied 3 times.
  - rule 'deductions: 3166 stored' was applied 1 time.
  - rule 'dual: fix variable' was applied 57 times.
  - rule 'dual: reduced domain' was applied 124 times.
  - rule 'duplicate: merged rhs of linear constraint' was applied 306 times.
  - rule 'duplicate: removed constraint' was applied 1'338 times.
  - rule 'enforcement: false literal' was applied 22 times.
  - rule 'exactly_one: x and not(x)' was applied 1 time.
  - rule 'incompatible linear: add implication' was applied 234 times.
  - rule 'linear matrix: common vertical rectangle' was applied 4'707 times.
  - rule 'linear2: contains a Boolean.' was applied 1 time.
  - rule 'linear: always true' was applied 3'110 times.
  - rule 'linear: doubleton free' was applied 25 times.
  - rule 'linear: empty' was applied 72 times.
  - rule 'linear: extracted enforcement literal' was applied 47'048 times.
  - rule 'linear: fixed or dup variables' was applied 48'063 times.
  - rule 'linear: positive equal one' was applied 8 times.
  - rule 'linear: reduced variable domains' was applied 4'087 times.
  - rule 'linear: remapped using affine relations' was applied 48'072 times.
  - rule 'linear: simplified rhs' was applied 163'468 times.
  - rule 'linear: tightened into equality' was applied 11 times.
  - rule 'linear: variable substitution 1' was applied 25 times.
  - rule 'linear: variable substitution 2' was applied 303 times.
  - rule 'linear: variable substitution 3' was applied 471 times.
  - rule 'no_overlap: inferred from x != y constraints' was applied 1 time.
  - rule 'presolve: 204 unused variables removed.' was applied 1 time.
  - rule 'presolve: iteration' was applied 3 times.
  - rule 'probing: reduced enforced constraint to implication.' was applied 3 times.
  - rule 'symmetry: fixed to false in general orbit' was applied 1 time.

Presolved optimization model '': (model_fingerprint: 0xa0ad203ced3bb6aa)
#Variables: 4'415 (#ints: 20 in objective)
  - 347 Booleans in [0,1]
  - 2'975 different domains in [-29748,31128] with a largest complexity of 26.
#kExactlyOne: 7 (#literals: 21)
#kInterval: 13
#kLinear1: 1 (#enforced: 1)
#kLinear2: 2'620 (#enforced: 2'518 #multi: 886)
#kLinear3: 11'395 (#enforced: 8'277 #multi: 19)
#kLinearN: 36'026 (#enforced: 34'547) (#terms: 440'260)
#kNoOverlap: 1 (#intervals: 13)

Preloading model.
#Bound   8.39s best:inf   next:[185,25083] initial_domain
[Symmetry] Graph for symmetry has 59'807 nodes and 531'396 arcs.
[Symmetry] Symmetry computation done. time: 0.0151936 dtime: 0.0278214
#Model   8.49s var:4415/4415 constraints:50063/50063

Starting search at 8.52s with 32 workers.
17 full problem subsolvers: [core, default_lp, fixed, lb_tree_search, max_lp, no_lp, objective_lb_search, objective_lb_search_max_lp, objective_lb_search_no_lp, objective_shaving_search_max_lp, objective_shaving_search_no_lp, probing, probing_max_lp, pseudo_costs, quick_restart, quick_restart_no_lp, reduced_costs]
13 first solution subsolvers: [fj_long_default, fj_long_lin_default, fj_long_random, fj_short_default, fj_short_lin_default, fj_short_lin_random, fj_short_random, fs_random(2), fs_random_no_lp, fs_random_quick_restart(2), fs_random_quick_restart_no_lp]
13 incomplete subsolvers: [feasibility_pump, graph_arc_lns, graph_cst_lns, graph_dec_lns, graph_var_lns, rins/rens, rnd_cst_lns, rnd_var_lns, scheduling_intervals_lns, scheduling_precedences_lns, scheduling_time_window_lns, violation_ls(2)]
3 helper subsolvers: [neighborhood_helper, synchronization_agent, update_gap_integral]
#Bound   9.33s best:inf   next:[289,25083] fixed
#Bound   9.78s best:inf   next:[306,25083] objective_lb_search_no_lp
#Bound  10.78s best:inf   next:[323,25083] objective_lb_search
#Bound  11.05s best:inf   next:[440,25083] objective_lb_search_max_lp
#Bound  11.06s best:inf   next:[494,25083] objective_lb_search_max_lp
#Bound  11.14s best:inf   next:[1037,25083] objective_lb_search_max_lp
#Bound  11.30s best:inf   next:[1626,25083] reduced_costs
#1      11.35s best:10797 next:[1626,10796] fs_random_no_lp (fixed_bools=0/458)
#Bound  11.55s best:10797 next:[1681,10796] objective_lb_search_max_lp
#Bound  11.63s best:10797 next:[1733,10796] objective_lb_search_max_lp
#Bound  11.70s best:10797 next:[1767,10796] objective_lb_search_max_lp
#Bound  11.75s best:10797 next:[1772,10796] objective_lb_search_max_lp
#2      11.88s best:10263 next:[1772,10262] no_lp (fixed_bools=0/439)
#3      13.50s best:9984  next:[1772,9983] default_lp (fixed_bools=0/430)
#4      14.45s best:9924  next:[1772,9923] quick_restart_no_lp (fixed_bools=0/508)
#Bound  14.46s best:9924  next:[1773,9923] max_lp
#Bound  15.42s best:9924  next:[1774,9923] max_lp
#5      16.62s best:9847  next:[1774,9846] quick_restart_no_lp (fixed_bools=0/558)
#Bound  17.74s best:9847  next:[1776,9846] max_lp
#Bound  18.24s best:9847  next:[1777,9846] max_lp
#Bound  18.45s best:9847  next:[1784,9846] objective_lb_search_max_lp
#6      18.92s best:9814  next:[1784,9813] quick_restart_no_lp (fixed_bools=0/611)
#7      18.97s best:9812  next:[1784,9811] violation_ls(batch:9 #solutions_imported:5 #lin_moves:19'797 #lin_evals:169'351 #gen_moves:38'365 #gen_evals:6'700 #comp_moves:8'422 #backtracks:14'962 #weight_updates:499)
#8      18.99s best:9810  next:[1784,9809] violation_ls(batch:9 #solutions_imported:5 #lin_moves:59'095 #lin_evals:251'525 #gen_moves:14'908 #gen_evals:2'218 #comp_moves:1'478 #backtracks:6'715 #weight_updates:1'067)
#9      20.11s best:9741  next:[1784,9740] rnd_cst_lns (d=0.98 s=188 t=0.10 p=1.00 stall=8 h=auto_l0) [hint]
#10     20.65s best:9688  next:[1784,9687] quick_restart_no_lp (fixed_bools=0/663)
#11     21.00s best:9679  next:[1784,9678] quick_restart_no_lp (fixed_bools=0/670)
#12     21.52s best:9628  next:[1784,9627] quick_restart_no_lp (fixed_bools=0/686)
#13     21.85s best:8129  next:[1784,8128] rins_lp_lns (d=0.91 s=197 t=0.10 p=1.00 stall=4 h=auto_l0)
#Bound  21.98s best:8129  next:[1846,8128] objective_lb_search_max_lp
#14     22.58s best:8090  next:[1846,8089] quick_restart_no_lp (fixed_bools=0/748)
#15     23.75s best:8028  next:[1846,8027] graph_cst_lns (d=0.98 s=206 t=0.10 p=1.00 stall=0 h=auto_l0) [hint]
#16     24.04s best:8026  next:[1846,8025] violation_ls(batch:11 #solutions_imported:7 #lin_moves:19'798 #lin_evals:179'517 #gen_moves:43'086 #gen_evals:7'462 #comp_moves:8'699 #backtracks:17'184 #weight_updates:562)
#17     24.05s best:8024  next:[1846,8023] violation_ls(batch:11 #solutions_imported:7 #lin_moves:68'861 #lin_evals:293'854 #gen_moves:14'913 #gen_evals:2'219 #comp_moves:1'479 #backtracks:6'717 #weight_updates:1'301)
#Bound  24.66s best:8024  next:[1848,8023] objective_lb_search_max_lp
#18     24.76s best:7881  next:[1848,7880] quick_restart_no_lp (fixed_bools=0/773)
#19     25.31s best:7870  next:[1848,7869] graph_dec_lns (d=0.98 s=207 t=0.10 p=1.00 stall=9 h=auto_l0)
#20     25.54s best:7687  next:[1848,7686] rins_pump_lns (d=0.94 s=211 t=0.10 p=1.00 stall=0 h=auto_l0)
#21     26.29s best:7686  next:[1848,7685] violation_ls(batch:12 #solutions_imported:8 #lin_moves:19'798 #lin_evals:190'205 #gen_moves:47'820 #gen_evals:8'204 #comp_moves:9'033 #backtracks:19'384 #weight_updates:630)
#22     26.37s best:7641  next:[1848,7640] quick_restart_no_lp (fixed_bools=0/906)
#23     27.45s best:7598  next:[1848,7597] quick_restart_no_lp (fixed_bools=0/911)
#24     29.06s best:7597  next:[1848,7596] violation_ls(batch:13 #solutions_imported:9 #lin_moves:19'799 #lin_evals:190'224 #gen_moves:47'820 #gen_evals:8'204 #comp_moves:9'033 #backtracks:19'384 #weight_updates:630)
#25     31.80s best:7462  next:[1848,7461] rnd_cst_lns (d=0.99 s=241 t=0.10 p=1.00 stall=0 h=auto_l0)
#Bound  32.86s best:7462  next:[1849,7461] objective_shaving_search_max_lp (vars=5993 csts=51642)
#Bound  33.94s best:7462  next:[1861,7461] objective_lb_search_max_lp
#26     34.35s best:7414  next:[1861,7413] graph_var_lns (d=0.99 s=242 t=0.10 p=1.00 stall=0 h=auto_l0)
#27     34.65s best:7413  next:[1861,7412] violation_ls(batch:15 #solutions_imported:11 #lin_moves:28'895 #lin_evals:226'538 #gen_moves:47'820 #gen_evals:8'204 #comp_moves:9'033 #backtracks:19'384 #weight_updates:1'576)
#28     34.66s best:7412  next:[1861,7411] violation_ls(batch:15 #solutions_imported:11 #lin_moves:88'696 #lin_evals:385'852 #gen_moves:19'877 #gen_evals:2'990 #comp_moves:1'805 #backtracks:9'036 #weight_updates:1'952)
#29     37.52s best:7036  next:[1861,7035] rins_pump_lns (d=0.92 s=277 t=0.10 p=0.70 stall=0 h=auto_l0)
#30     40.38s best:7008  next:[1861,7007] graph_arc_lns (d=1.00 s=283 t=0.10 p=1.00 stall=0 h=auto_l0)
#31     41.04s best:6941  next:[1861,6940] graph_var_lns (d=0.99 s=282 t=0.10 p=1.00 stall=0 h=auto_l0)
#32     42.02s best:6879  next:[1861,6878] rins_lp_lns (d=0.94 s=289 t=0.10 p=0.73 stall=0 h=auto_l0)
#33     43.20s best:6878  next:[1861,6877] violation_ls(batch:18 #solutions_imported:13 #lin_moves:28'895 #lin_evals:261'824 #gen_moves:64'273 #gen_evals:10'276 #comp_moves:9'627 #backtracks:27'312 #weight_updates:1'732)
#34     43.21s best:6877  next:[1861,6876] violation_ls(batch:18 #solutions_imported:14 #lin_moves:98'464 #lin_evals:455'332 #gen_moves:28'108 #gen_evals:4'049 #comp_moves:2'096 #backtracks:13'004 #weight_updates:2'270)
#35     43.48s best:6831  next:[1861,6830] rins_pump_lns (d=0.92 s=301 t=0.10 p=0.67 stall=0 h=auto_l0)
#Bound  43.66s best:6831  next:[1862,6830] objective_shaving_search_max_lp (vars=5919 csts=51569)
#36     44.53s best:6825  next:[1862,6824] quick_restart_no_lp (fixed_bools=1/1187)
#37     45.83s best:6795  next:[1862,6794] quick_restart_no_lp (fixed_bools=1/1206)
#38     46.69s best:6794  next:[1862,6793] violation_ls(batch:19 #solutions_imported:15 #lin_moves:98'464 #lin_evals:463'347 #gen_moves:31'975 #gen_evals:4'464 #comp_moves:2'377 #backtracks:14'797 #weight_updates:2'315)
#39     48.72s best:6772  next:[1862,6771] graph_cst_lns (d=1.00 s=310 t=0.10 p=1.00 stall=0 h=auto_l0)
#40     49.86s best:6771  next:[1862,6770] violation_ls(batch:20 #solutions_imported:15 #lin_moves:28'895 #lin_evals:293'272 #gen_moves:79'442 #gen_evals:11'745 #comp_moves:10'789 #backtracks:34'313 #weight_updates:1'872)
#41     49.87s best:6770  next:[1862,6769] violation_ls(batch:20 #solutions_imported:16 #lin_moves:98'465 #lin_evals:463'365 #gen_moves:31'975 #gen_evals:4'464 #comp_moves:2'377 #backtracks:14'797 #weight_updates:2'315)
#Bound  50.86s best:6770  next:[1863,6769] objective_shaving_search_max_lp (vars=5919 csts=51569)
#42     50.86s best:6739  next:[1863,6738] graph_cst_lns (d=0.99 s=322 t=0.10 p=0.94 stall=1 h=auto_l0)
#43     52.67s best:6738  next:[1863,6737] violation_ls(batch:21 #solutions_imported:16 #lin_moves:29'128 #lin_evals:294'403 #gen_moves:79'442 #gen_evals:11'745 #comp_moves:10'789 #backtracks:34'313 #weight_updates:1'939)
#44     52.73s best:6737  next:[1863,6736] violation_ls(batch:21 #solutions_imported:17 #lin_moves:98'465 #lin_evals:469'345 #gen_moves:34'825 #gen_evals:4'735 #comp_moves:2'597 #backtracks:16'112 #weight_updates:2'355)
#45     53.72s best:6625  next:[1863,6624] graph_var_lns (d=0.99 s=332 t=0.10 p=0.89 stall=0 h=auto_l0)
#46     55.95s best:6624  next:[1863,6623] quick_restart_no_lp (fixed_bools=1/1378)
#47     56.17s best:6623  next:[1863,6622] violation_ls(batch:22 #solutions_imported:17 #lin_moves:29'200 #lin_evals:294'703 #gen_moves:79'442 #gen_evals:11'745 #comp_moves:10'789 #backtracks:34'313 #weight_updates:1'975)
#48     56.19s best:6622  next:[1863,6621] violation_ls(batch:22 #solutions_imported:18 #lin_moves:98'465 #lin_evals:469'367 #gen_moves:34'838 #gen_evals:4'737 #comp_moves:2'600 #backtracks:16'117 #weight_updates:2'355)
#49     58.31s best:6621  next:[1863,6620] quick_restart_no_lp (fixed_bools=1/1388)
#50     58.44s best:6573  next:[1863,6572] graph_arc_lns (d=1.00 s=347 t=0.10 p=0.89 stall=0 h=auto_l0)
#51     59.00s best:6448  next:[1863,6447] rins_lp_lns (d=0.91 s=365 t=0.10 p=0.59 stall=0 h=auto_l0)
#52     59.13s best:6447  next:[1863,6446] violation_ls(batch:23 #solutions_imported:19 #lin_moves:101'464 #lin_evals:481'623 #gen_moves:34'838 #gen_evals:4'737 #comp_moves:2'600 #backtracks:16'117 #weight_updates:3'053)
#53     60.29s best:6446  next:[1863,6445] quick_restart_no_lp (fixed_bools=1/1441)
#Bound  61.13s best:6446  next:[1864,6445] objective_shaving_search_max_lp (vars=5919 csts=51569)
#54     63.48s best:6445  next:[1864,6444] violation_ls(batch:24 #solutions_imported:19 #lin_moves:29'200 #lin_evals:313'347 #gen_moves:88'577 #gen_evals:12'520 #comp_moves:11'321 #backtracks:38'610 #weight_updates:2'045)
#55     63.66s best:6417  next:[1864,6416] graph_dec_lns (d=0.99 s=373 t=0.10 p=0.81 stall=0 h=auto_l0)
#56     64.81s best:6409  next:[1864,6408] graph_cst_lns (d=0.99 s=372 t=0.10 p=0.85 stall=0 h=auto_l0)
#57     65.22s best:6404  next:[1864,6403] quick_restart_no_lp (fixed_bools=1/1525)
#58     65.72s best:6322  next:[1864,6321] rins_lp_lns (d=0.92 s=391 t=0.10 p=0.61 stall=0 h=auto_l0)
#59     70.98s best:6321  next:[1864,6320] quick_restart_no_lp (fixed_bools=1/1629)
#60     71.34s best:6187  next:[1864,6186] rins_lp_lns (d=0.94 s=403 t=0.10 p=0.63 stall=0 h=auto_l0)
#Bound  72.33s best:6187  next:[1865,6186] objective_shaving_search_max_lp (vars=5919 csts=51569)
#61     77.51s best:6126  next:[1865,6125] rins_lp_lns (d=0.92 s=429 t=0.10 p=0.60 stall=0 h=auto_l0)
#62     80.06s best:6125  next:[1865,6124] violation_ls(batch:29 #solutions_imported:22 #lin_moves:37'897 #lin_evals:419'966 #gen_moves:126'538 #gen_evals:15'476 #comp_moves:13'013 #backtracks:56'742 #weight_updates:2'741)
#63     80.07s best:6124  next:[1865,6123] violation_ls(batch:29 #solutions_imported:23 #lin_moves:117'756 #lin_evals:586'930 #gen_moves:50'274 #gen_evals:6'098 #comp_moves:5'542 #backtracks:22'364 #weight_updates:6'888)
#64     81.10s best:6123  next:[1865,6122] quick_restart_no_lp (fixed_bools=1/1831)
#65     81.52s best:6119  next:[1865,6118] graph_var_lns (d=0.99 s=434 t=0.10 p=0.77 stall=0 h=auto_l0)
#66     82.77s best:6086  next:[1865,6085] quick_restart_no_lp (fixed_bools=1/1872)
#67     83.15s best:6085  next:[1865,6084] violation_ls(batch:30 #solutions_imported:23 #lin_moves:37'917 #lin_evals:420'080 #gen_moves:126'538 #gen_evals:15'476 #comp_moves:13'013 #backtracks:56'742 #weight_updates:2'751)
#68     83.16s best:6084  next:[1865,6083] violation_ls(batch:30 #solutions_imported:24 #lin_moves:117'756 #lin_evals:586'966 #gen_moves:50'305 #gen_evals:6'101 #comp_moves:5'545 #backtracks:22'378 #weight_updates:6'888)
#69     83.33s best:5811  next:[1865,5810] rins_lp_lns (d=0.93 s=454 t=0.10 p=0.59 stall=1 h=auto_l0)
#Bound  86.63s best:5811  next:[1866,5810] objective_shaving_search_max_lp (vars=5919 csts=51569)
#70     86.81s best:5741  next:[1866,5740] rnd_cst_lns (d=1.00 s=458 t=0.10 p=0.79 stall=0 h=auto_l0)
#71     87.05s best:5740  next:[1866,5739] violation_ls(batch:31 #solutions_imported:24 #lin_moves:37'953 #lin_evals:420'255 #gen_moves:126'538 #gen_evals:15'476 #comp_moves:13'013 #backtracks:56'742 #weight_updates:2'769)
#72     87.08s best:5739  next:[1866,5738] violation_ls(batch:31 #solutions_imported:25 #lin_moves:117'756 #lin_evals:587'067 #gen_moves:50'372 #gen_evals:6'103 #comp_moves:5'548 #backtracks:22'410 #weight_updates:6'888)
#73     88.65s best:5608  next:[1866,5607] rins_lp_lns (d=0.94 s=467 t=0.10 p=0.61 stall=0 h=auto_l0)
#74     90.13s best:5602  next:[1866,5601] quick_restart_no_lp (fixed_bools=1/1945)
#Bound  96.78s best:5602  next:[1867,5601] objective_shaving_search_max_lp (vars=5919 csts=51569)
#75     97.27s best:5598  next:[1867,5597] quick_restart_no_lp (fixed_bools=1/1968)
#76     99.02s best:5597  next:[1867,5596] violation_ls(batch:34 #solutions_imported:26 #lin_moves:38'229 #lin_evals:459'759 #gen_moves:144'031 #gen_evals:17'193 #comp_moves:13'683 #backtracks:65'153 #weight_updates:3'045)
#77     99.03s best:5596  next:[1867,5595] violation_ls(batch:34 #solutions_imported:27 #lin_moves:117'756 #lin_evals:625'816 #gen_moves:67'367 #gen_evals:7'805 #comp_moves:6'349 #backtracks:30'507 #weight_updates:7'066)
#78     99.95s best:5556  next:[1867,5555] graph_arc_lns (d=1.00 s=499 t=0.10 p=0.74 stall=0 h=auto_l0)
#79    102.30s best:5400  next:[1867,5399] rins_pump_lns (d=0.91 s=519 t=0.10 p=0.56 stall=0 h=auto_l0)
#80    102.45s best:5399  next:[1867,5398] violation_ls(batch:35 #solutions_imported:27 #lin_moves:45'602 #lin_evals:489'205 #gen_moves:144'031 #gen_evals:17'193 #comp_moves:13'683 #backtracks:65'153 #weight_updates:4'473)
#81    102.47s best:5398  next:[1867,5397] violation_ls(batch:35 #solutions_imported:28 #lin_moves:117'756 #lin_evals:625'858 #gen_moves:67'386 #gen_evals:7'809 #comp_moves:6'350 #backtracks:30'516 #weight_updates:7'066)
#82    105.06s best:5397  next:[1867,5396] rnd_var_lns (d=0.99 s=522 t=0.10 p=0.70 stall=1 h=auto_l0)
#83    105.55s best:5393  next:[1867,5392] rnd_cst_lns (d=1.00 s=523 t=0.10 p=0.73 stall=0 h=auto_l0)
#84    105.66s best:5392  next:[1867,5391] violation_ls(batch:36 #solutions_imported:28 #lin_moves:45'866 #lin_evals:490'537 #gen_moves:144'031 #gen_evals:17'193 #comp_moves:13'683 #backtracks:65'153 #weight_updates:4'571)
#85    105.67s best:5391  next:[1867,5390] violation_ls(batch:36 #solutions_imported:29 #lin_moves:117'756 #lin_evals:625'939 #gen_moves:67'432 #gen_evals:7'814 #comp_moves:6'352 #backtracks:30'538 #weight_updates:7'066)
#Bound 108.50s best:5391  next:[1904,5390] objective_lb_search_max_lp
#86    109.07s best:5390  next:[1904,5389] violation_ls(batch:37 #solutions_imported:29 #lin_moves:46'140 #lin_evals:491'911 #gen_moves:144'031 #gen_evals:17'193 #comp_moves:13'683 #backtracks:65'153 #weight_updates:4'680)
#87    109.09s best:5389  next:[1904,5388] violation_ls(batch:37 #solutions_imported:30 #lin_moves:117'772 #lin_evals:626'072 #gen_moves:67'432 #gen_evals:7'814 #comp_moves:6'352 #backtracks:30'538 #weight_updates:7'081)
#88    109.79s best:5387  next:[1904,5386] rnd_var_lns (d=1.00 s=535 t=0.10 p=0.71 stall=0 h=auto_l0)
#89    111.53s best:5377  next:[1904,5376] graph_dec_lns (d=1.00 s=540 t=0.10 p=0.74 stall=1 h=auto_l0)
#90    112.85s best:5376  next:[1904,5375] violation_ls(batch:38 #solutions_imported:30 #lin_moves:46'855 #lin_evals:494'721 #gen_moves:144'031 #gen_evals:17'193 #comp_moves:13'683 #backtracks:65'153 #weight_updates:4'818)
#91    116.28s best:5364  next:[1904,5363] graph_var_lns (d=0.99 s=564 t=0.10 p=0.67 stall=7 h=auto_l0)
#92    116.42s best:5317  next:[1904,5316] graph_arc_lns (d=1.00 s=552 t=0.10 p=0.71 stall=0 h=auto_l0)
#93    116.57s best:5316  next:[1904,5315] violation_ls(batch:39 #solutions_imported:32 #lin_moves:120'724 #lin_evals:658'667 #gen_moves:76'202 #gen_evals:8'490 #comp_moves:7'538 #backtracks:34'329 #weight_updates:7'663)
#94    118.82s best:5315  next:[1904,5314] violation_ls(batch:40 #solutions_imported:32 #lin_moves:46'855 #lin_evals:516'029 #gen_moves:152'665 #gen_evals:17'928 #comp_moves:14'502 #backtracks:69'057 #weight_updates:4'896)
#95    119.05s best:5314  next:[1904,5313] violation_ls(batch:40 #solutions_imported:33 #lin_moves:120'724 #lin_evals:676'791 #gen_moves:84'495 #gen_evals:9'196 #comp_moves:7'961 #backtracks:38'264 #weight_updates:7'756)
#96    119.87s best:5299  next:[1904,5298] rins_pump_lns (d=0.93 s=583 t=0.10 p=0.56 stall=0 h=auto_l0)
#97    123.09s best:5266  next:[1904,5265] graph_dec_lns (d=1.00 s=579 t=0.10 p=0.70 stall=0 h=auto_l0)
#98    123.25s best:5265  next:[1904,5264] violation_ls(batch:41 #solutions_imported:33 #lin_moves:47'569 #lin_evals:518'898 #gen_moves:152'665 #gen_evals:17'928 #comp_moves:14'502 #backtracks:69'057 #weight_updates:5'012)
#99    123.30s best:5264  next:[1904,5263] violation_ls(batch:41 #solutions_imported:34 #lin_moves:122'100 #lin_evals:681'866 #gen_moves:84'495 #gen_evals:9'196 #comp_moves:7'961 #backtracks:38'264 #weight_updates:7'924)
#100   127.70s best:5258  next:[1904,5257] rnd_var_lns (d=1.00 s=599 t=0.10 p=0.69 stall=0 h=auto_l0)
#101   128.56s best:5257  next:[1904,5256] violation_ls(batch:42 #solutions_imported:35 #lin_moves:122'100 #lin_evals:695'945 #gen_moves:91'081 #gen_evals:9'866 #comp_moves:8'255 #backtracks:41'410 #weight_updates:8'000)
#102   128.91s best:5211  next:[1904,5210] rins_pump_lns (d=0.93 s=608 t=0.10 p=0.56 stall=0 h=auto_l0)
#Bound 131.33s best:5211  next:[1905,5210] objective_shaving_search_max_lp (vars=5919 csts=51569)
#Bound 131.58s best:5211  next:[1982,5210] objective_lb_search_max_lp
#103   137.66s best:5174  next:[1982,5173] rnd_var_lns (d=1.00 s=627 t=0.10 p=0.71 stall=0 h=auto_l0)
#104   143.08s best:5090  next:[1982,5089] rins_pump_lns (d=0.91 s=661 t=0.10 p=0.54 stall=2 h=auto_l0)
#105   155.26s best:5076  next:[1982,5075] quick_restart_no_lp (fixed_bools=1/2296)
#106   156.32s best:5074  next:[1982,5073] violation_ls(batch:50 #solutions_imported:38 #lin_moves:97'018 #lin_evals:820'562 #gen_moves:177'356 #gen_evals:20'193 #comp_moves:18'416 #backtracks:79'441 #weight_updates:5'743)
#107   156.33s best:5072  next:[1982,5071] violation_ls(batch:50 #solutions_imported:39 #lin_moves:161'752 #lin_evals:892'963 #gen_moves:116'585 #gen_evals:12'250 #comp_moves:11'418 #backtracks:52'573 #weight_updates:8'564)
#108   157.38s best:5060  next:[1982,5059] quick_restart_no_lp (fixed_bools=1/2315)
#109   160.81s best:5039  next:[1982,5038] rnd_var_lns (d=1.00 s=713 t=0.10 p=0.67 stall=4 h=auto_l0)
#Bound 171.96s best:5039  next:[1984,5038] objective_lb_search_max_lp
#110   176.64s best:5033  next:[1984,5032] rins_lp_lns (d=0.94 s=774 t=0.10 p=0.56 stall=5 h=auto_l0)
#111   180.49s best:5029  next:[1984,5028] graph_arc_lns (d=1.00 s=781 t=0.10 p=0.64 stall=2 h=auto_l0)
#112   182.54s best:5027  next:[1984,5026] quick_restart_no_lp (fixed_bools=1/2514)
#113   182.74s best:5026  next:[1984,5025] violation_ls(batch:57 #solutions_imported:41 #lin_moves:97'018 #lin_evals:935'644 #gen_moves:220'091 #gen_evals:24'175 #comp_moves:25'363 #backtracks:97'331 #weight_updates:6'046)
#114   182.75s best:5025  next:[1984,5024] violation_ls(batch:57 #solutions_imported:42 #lin_moves:220'691 #lin_evals:1'130'216 #gen_moves:116'600 #gen_evals:12'250 #comp_moves:11'423 #backtracks:52'578 #weight_updates:9'625)
#115   183.17s best:5001  next:[1984,5000] graph_cst_lns (d=1.00 s=782 t=0.10 p=0.65 stall=2 h=auto_l0)
#116   186.11s best:5000  next:[1984,4999] violation_ls(batch:58 #solutions_imported:42 #lin_moves:100'608 #lin_evals:948'170 #gen_moves:220'091 #gen_evals:24'175 #comp_moves:25'363 #backtracks:97'331 #weight_updates:6'268)
#117   186.12s best:4999  next:[1984,4998] violation_ls(batch:58 #solutions_imported:43 #lin_moves:220'954 #lin_evals:1'131'612 #gen_moves:116'600 #gen_evals:12'250 #comp_moves:11'423 #backtracks:52'578 #weight_updates:9'729)
#118   186.58s best:4981  next:[1984,4980] rins_lp_lns (d=0.94 s=812 t=0.10 p=0.57 stall=0 h=auto_l0)
#119   192.73s best:4972  next:[1984,4971] graph_arc_lns (d=1.00 s=818 t=0.10 p=0.64 stall=1 h=auto_l0)
#120   203.09s best:4970  next:[1984,4969] graph_arc_lns (d=1.00 s=855 t=0.10 p=0.63 stall=1 h=auto_l0)
#121   217.63s best:4928  next:[1984,4927] rnd_cst_lns (d=1.00 s=903 t=0.10 p=0.62 stall=0 h=auto_l0)
#Bound 223.12s best:4928  next:[1992,4927] objective_lb_search_max_lp
#122   227.09s best:4925  next:[1992,4924] rins_pump_lns (d=0.93 s=951 t=0.10 p=0.54 stall=0 h=auto_l0)
#123   232.55s best:4905  next:[1992,4904] rnd_var_lns (d=1.00 s=954 t=0.10 p=0.63 stall=5 h=auto_l0)
#124   240.59s best:4855  next:[1992,4854] rins_pump_lns (d=0.92 s=1000 t=0.10 p=0.53 stall=1 h=auto_l0)
#Bound 253.13s best:4855  next:[1994,4854] objective_lb_search_max_lp
#Bound 274.79s best:4855  next:[2001,4854] objective_lb_search_max_lp
#125   281.66s best:4838  next:[2001,4837] quick_restart_no_lp (fixed_bools=2/3009)
#126   283.67s best:4836  next:[2001,4835] quick_restart_no_lp (fixed_bools=2/3010)
#Bound 409.20s best:4836  next:[2003,4835] objective_lb_search_max_lp
#Bound 424.39s best:4836  next:[2010,4835] objective_lb_search_max_lp
#Bound 460.87s best:4836  next:[2012,4835] objective_lb_search_max_lp
#127   578.22s best:4817  next:[2012,4816] graph_cst_lns (d=0.99 s=2148 t=0.10 p=0.53 stall=0 h=auto_l0)
#128   579.35s best:4816  next:[2012,4815] violation_ls(batch:166 #solutions_imported:51 #lin_moves:330'375 #lin_evals:3'628'144 #gen_moves:394'607 #gen_evals:79'097 #comp_moves:58'010 #backtracks:168'182 #weight_updates:26'809)
#129   579.36s best:4815  next:[2012,4814] violation_ls(batch:166 #solutions_imported:52 #lin_moves:294'426 #lin_evals:3'639'564 #gen_moves:349'876 #gen_evals:74'427 #comp_moves:53'425 #backtracks:148'119 #weight_updates:17'027)
#130   582.90s best:4814  next:[2012,4813] violation_ls(batch:167 #solutions_imported:52 #lin_moves:330'482 #lin_evals:3'628'598 #gen_moves:394'607 #gen_evals:79'097 #comp_moves:58'010 #backtracks:168'182 #weight_updates:26'852)
#131   582.91s best:4813  next:[2012,4812] violation_ls(batch:167 #solutions_imported:53 #lin_moves:294'426 #lin_evals:3'639'725 #gen_moves:349'969 #gen_evals:74'435 #comp_moves:53'428 #backtracks:148'164 #weight_updates:17'027)
#132   583.75s best:4801  next:[2012,4800] graph_cst_lns (d=0.99 s=2173 t=0.10 p=0.54 stall=0 h=auto_l0)
#Bound 584.08s best:4801  next:[2013,4800] objective_lb_search_max_lp
#133   588.80s best:4797  next:[2013,4796] graph_cst_lns (d=1.00 s=2185 t=0.10 p=0.55 stall=0 h=auto_l0)
#134   590.63s best:4765  next:[2013,4764] rins_pump_lns (d=0.92 s=2205 t=0.10 p=0.51 stall=4 h=auto_l0)
#Bound 710.26s best:4765  next:[2015,4764] objective_lb_search_max_lp
#Bound 787.65s best:4765  next:[2025,4764] objective_lb_search_max_lp
#Bound 824.93s best:4765  next:[2026,4764] objective_lb_search_max_lp
#Bound 855.79s best:4765  next:[2032,4764] objective_lb_search_max_lp
#135   971.57s best:4641  next:[2032,4640] graph_dec_lns (d=1.00 s=3502 t=0.10 p=0.53 stall=0 h=auto_l0)
#136   974.19s best:4618  next:[2032,4617] quick_restart_no_lp (fixed_bools=3/5498)
#Bound 1002.61s best:4618  next:[2033,4617] objective_lb_search_max_lp
#137   1005.58s best:4616  next:[2033,4615] quick_restart (fixed_bools=3/2206)
#138   1009.08s best:4615  next:[2033,4614] quick_restart_no_lp (fixed_bools=3/5519)
#139   1010.58s best:4614  next:[2033,4613] quick_restart_no_lp (fixed_bools=3/5520)
#140   1011.83s best:4596  next:[2033,4595] rins_pump_lns (d=0.92 s=3658 t=0.10 p=0.50 stall=19 h=auto_l0)
#Bound 1012.38s best:4596  next:[2035,4595] objective_lb_search_max_lp
#Bound 1119.97s best:4596  next:[2036,4595] objective_lb_search_max_lp
#Bound 1199.68s best:4596  next:[2037,4595] objective_lb_search_max_lp
#Bound 1232.54s best:4596  next:[2040,4595] objective_lb_search_max_lp
#Bound 1280.56s best:4596  next:[2044,4595] objective_lb_search_max_lp
#Bound 1492.59s best:4596  next:[2045,4595] objective_lb_search_max_lp
#Bound 1526.64s best:4596  next:[2046,4595] objective_lb_search_max_lp
#Bound 1801.54s best:4596  next:[2047,4595] objective_lb_search_max_lp
#Bound 1982.66s best:4596  next:[2048,4595] objective_lb_search_max_lp
#Bound 2131.74s best:4596  next:[2050,4595] objective_lb_search_max_lp
#Bound 2175.50s best:4596  next:[2052,4595] objective_lb_search_max_lp
#Bound 2399.05s best:4596  next:[2053,4595] objective_lb_search_max_lp
#Bound 2893.79s best:4596  next:[2054,4595] objective_lb_search_max_lp
#Bound 3378.27s best:4596  next:[2058,4595] objective_lb_search_max_lp
#141   3434.59s best:4576  next:[2058,4575] graph_arc_lns (d=1.00 s=11879 t=0.10 p=0.51 stall=7 h=auto_l0)
#Bound 3520.22s best:4576  next:[2059,4575] objective_lb_search_max_lp
#142   3643.58s best:4575  next:[2059,4574] rnd_cst_lns (d=1.00 s=12586 t=0.10 p=0.51 stall=2 h=auto_l0)
#Bound 3726.59s best:4575  next:[2060,4574] objective_lb_search_max_lp
#Bound 3886.59s best:4575  next:[2062,4574] objective_lb_search_max_lp
#Bound 4240.35s best:4575  next:[2065,4574] objective_lb_search_max_lp
#Bound 4693.82s best:4575  next:[2066,4574] objective_lb_search_max_lp
#Bound 4736.26s best:4575  next:[2068,4574] objective_lb_search_max_lp
#Bound 5134.08s best:4575  next:[2070,4574] objective_lb_search_max_lp
#Bound 5667.44s best:4575  next:[2072,4574] objective_lb_search_max_lp
#143   5762.59s best:4561  next:[2072,4560] rins_lp_lns (d=0.92 s=19721 t=0.10 p=0.50 stall=0 h=auto_l0)
#144   5815.54s best:4526  next:[2072,4525] rins_pump_lns (d=0.93 s=19896 t=0.10 p=0.50 stall=4 h=auto_l0)
#Bound 5829.64s best:4526  next:[2073,4525] objective_lb_search_max_lp
#145   5838.02s best:4506  next:[2073,4505] rnd_var_lns (d=1.00 s=19963 t=0.10 p=0.50 stall=3 h=auto_l0)
#Bound 6362.74s best:4506  next:[2076,4505] objective_lb_search_max_lp
#Bound 6999.69s best:4506  next:[2078,4505] objective_lb_search_max_lp
#146   8086.15s best:4505  next:[2078,4504] quick_restart_no_lp (fixed_bools=18/11294)
#147   8087.29s best:4504  next:[2078,4503] violation_ls(batch:2230 #solutions_imported:63 #perturbations:18 #lin_moves:10'440'614 #lin_evals:71'337'937 #gen_moves:4'448'735 #gen_evals:959'936 #comp_moves:204'116 #backtracks:2'122'047 #weight_updates:2'007'252)
#148   8090.69s best:4503  next:[2078,4502] violation_ls(batch:2231 #solutions_imported:64 #perturbations:18 #lin_moves:10'441'460 #lin_evals:71'341'486 #gen_moves:4'448'735 #gen_evals:959'936 #comp_moves:204'116 #backtracks:2'122'047 #weight_updates:2'007'505)
#149   8090.70s best:4502  next:[2078,4501] violation_ls(batch:2231 #solutions_imported:65 #perturbations:18 #lin_moves:7'434'648 #lin_evals:67'890'534 #gen_moves:3'172'084 #gen_evals:1'362'491 #comp_moves:261'277 #backtracks:1'454'999 #weight_updates:1'106'456)
#150   8093.34s best:4501  next:[2078,4500] violation_ls(batch:2232 #solutions_imported:65 #perturbations:18 #lin_moves:10'441'470 #lin_evals:71'341'552 #gen_moves:4'448'735 #gen_evals:959'936 #comp_moves:204'116 #backtracks:2'122'047 #weight_updates:2'007'510)
#151   8539.79s best:4496  next:[2078,4495] graph_dec_lns (d=1.00 s=29456 t=0.10 p=0.50 stall=2 h=auto_l0)
#Bound 9326.56s best:4496  next:[2079,4495] objective_lb_search_max_lp
#Bound 9818.68s best:4496  next:[2080,4495] objective_lb_search_max_lp
#152   11607.17s best:4493  next:[2080,4492] quick_restart_no_lp (fixed_bools=23/12781)
#153   11609.41s best:4491  next:[2080,4490] violation_ls(batch:3224 #solutions_imported:68 #perturbations:27 #lin_moves:11'679'280 #lin_evals:94'797'938 #gen_moves:6'254'823 #gen_evals:2'003'136 #comp_moves:322'055 #backtracks:2'966'031 #weight_updates:2'024'770)
#154   11609.42s best:4490  next:[2080,4489] violation_ls(batch:3224 #solutions_imported:68 #perturbations:27 #lin_moves:12'025'952 #lin_evals:113'592'886 #gen_moves:4'618'619 #gen_evals:1'890'733 #comp_moves:339'213 #backtracks:2'139'192 #weight_updates:1'180'282)
#Bound 12394.06s best:4490  next:[2081,4489] objective_lb_search_max_lp
#Bound 15542.29s best:4490  next:[2083,4489] objective_lb_search_max_lp
#Bound 17939.21s best:4490  next:[2084,4489] objective_lb_search_max_lp
#Bound 18657.46s best:4490  next:[2085,4489] objective_lb_search_max_lp
#Bound 19750.44s best:4490  next:[2087,4489] objective_lb_search_max_lp
#Bound 20496.58s best:4490  next:[2090,4489] objective_lb_search_max_lp
#Bound 21537.29s best:4490  next:[2091,4489] objective_lb_search_max_lp
#Bound 23929.36s best:4490  next:[2092,4489] objective_lb_search_max_lp
#Bound 25935.10s best:4490  next:[2093,4489] objective_lb_search_max_lp
#Bound 26201.84s best:4490  next:[2095,4489] objective_lb_search_max_lp
#Bound 27645.49s best:4490  next:[2096,4489] objective_lb_search_max_lp
#Bound 30722.69s best:4490  next:[2097,4489] objective_lb_search_max_lp
#Bound 34915.42s best:4490  next:[2098,4489] lb_tree_search (nodes=768184/769030 rc=871 decisions=3214130 @root=655 restarts=12) 
#155   36185.86s best:4485  next:[2098,4484] rnd_cst_lns (d=1.00 s=128842 t=0.10 p=0.50 stall=0 h=auto_l0)
#156   36186.88s best:4484  next:[2098,4483] violation_ls(batch:10349 #solutions_imported:70 #perturbations:98 #lin_moves:48'676'808 #lin_evals:389'345'877 #gen_moves:9'311'813 #gen_evals:6'162'442 #comp_moves:451'555 #backtracks:4'429'424 #weight_updates:2'267'588)
#157   36186.90s best:4483  next:[2098,4482] violation_ls(batch:10349 #solutions_imported:70 #perturbations:98 #lin_moves:44'146'503 #lin_evals:339'846'441 #gen_moves:8'221'207 #gen_evals:6'685'505 #comp_moves:457'067 #backtracks:3'881'208 #weight_updates:1'299'892)
#158   36187.76s best:4454  next:[2098,4453] rins_lp_lns (d=0.93 s=128863 t=0.12 p=0.50 stall=0 h=auto_l0)
#159   36215.00s best:4444  next:[2098,4443] rnd_cst_lns (d=1.00 s=128954 t=0.10 p=0.50 stall=0 h=auto_l0)
#160   36216.75s best:4443  next:[2098,4442] violation_ls(batch:10358 #solutions_imported:72 #perturbations:98 #lin_moves:48'676'808 #lin_evals:389'494'484 #gen_moves:9'354'301 #gen_evals:6'167'389 #comp_moves:463'065 #backtracks:4'444'910 #weight_updates:2'267'785)
#161   36216.76s best:4442  next:[2098,4441] violation_ls(batch:10358 #solutions_imported:72 #perturbations:98 #lin_moves:44'198'837 #lin_evals:340'071'674 #gen_moves:8'221'252 #gen_evals:6'685'507 #comp_moves:457'070 #backtracks:3'881'229 #weight_updates:1'327'558)
#162   36219.16s best:4441  next:[2098,4440] quick_restart_no_lp (fixed_bools=105/18648)
#163   36219.65s best:4440  next:[2098,4439] violation_ls(batch:10359 #solutions_imported:73 #perturbations:98 #lin_moves:48'676'809 #lin_evals:389'494'504 #gen_moves:9'354'301 #gen_evals:6'167'389 #comp_moves:463'065 #backtracks:4'444'910 #weight_updates:2'267'785)
#164   36219.65s best:4439  next:[2098,4438] violation_ls(batch:10359 #solutions_imported:73 #perturbations:98 #lin_moves:44'198'838 #lin_evals:340'071'693 #gen_moves:8'221'252 #gen_evals:6'685'507 #comp_moves:457'070 #backtracks:3'881'229 #weight_updates:1'327'558)
#165   36289.29s best:4435  next:[2098,4434] graph_var_lns (d=0.99 s=129242 t=0.10 p=0.50 stall=1 h=auto_l0)
#Bound 36898.12s best:4435  next:[2099,4434] lb_tree_search (nodes=800353/801204 rc=925 decisions=3399653 @root=692 restarts=12) 
#Bound 38786.21s best:4435  next:[2100,4434] objective_lb_search_max_lp
#Bound 40978.95s best:4435  next:[2101,4434] lb_tree_search (nodes=858240/859098 rc=1033 decisions=3761811 @root=765 restarts=12) 
#Bound 42270.56s best:4435  next:[2102,4434] objective_lb_search_max_lp
#Bound 43188.88s best:4435  next:[2104,4434] objective_lb_search_max_lp
#Bound 43809.50s best:4435  next:[2106,4434] objective_lb_search_max_lp
#Bound 44762.13s best:4435  next:[2108,4434] objective_lb_search_max_lp
#Bound 46960.02s best:4435  next:[2109,4434] objective_lb_search_max_lp
#Bound 48582.86s best:4435  next:[2111,4434] objective_lb_search_max_lp
#Bound 49619.03s best:4435  next:[2112,4434] objective_lb_search_max_lp
#Bound 52134.02s best:4435  next:[2113,4434] objective_lb_search_max_lp
#Bound 55723.82s best:4435  next:[2114,4434] objective_lb_search_max_lp
#Bound 58679.05s best:4435  next:[2115,4434] objective_lb_search_max_lp
#Bound 62896.32s best:4435  next:[2116,4434] objective_lb_search_max_lp
#Bound 63508.19s best:4435  next:[2124,4434] objective_lb_search_max_lp
#Bound 63826.29s best:4435  next:[2129,4434] objective_lb_search_max_lp
#Bound 64283.39s best:4435  next:[2130,4434] objective_lb_search_max_lp
#Bound 65411.44s best:4435  next:[2131,4434] objective_lb_search_max_lp
#Bound 66071.80s best:4435  next:[2133,4434] objective_lb_search_max_lp
#Bound 66232.30s best:4435  next:[2137,4434] objective_lb_search_max_lp
#Bound 67700.07s best:4435  next:[2139,4434] objective_lb_search_max_lp
#Bound 69398.47s best:4435  next:[2140,4434] objective_lb_search_max_lp
#Bound 69713.89s best:4435  next:[2141,4434] objective_lb_search_max_lp
#Bound 72011.16s best:4435  next:[2142,4434] objective_lb_search_max_lp
#Bound 73367.36s best:4435  next:[2143,4434] objective_lb_search_max_lp
#Bound 73579.96s best:4435  next:[2144,4434] objective_lb_search_max_lp
#Bound 74629.41s best:4435  next:[2146,4434] objective_lb_search_max_lp
#Bound 75025.67s best:4435  next:[2148,4434] objective_lb_search_max_lp
#Bound 75441.24s best:4435  next:[2149,4434] objective_lb_search_max_lp
#Bound 76273.27s best:4435  next:[2150,4434] objective_lb_search_max_lp
#Bound 76744.12s best:4435  next:[2151,4434] objective_lb_search_max_lp
#Bound 77506.83s best:4435  next:[2153,4434] objective_lb_search_max_lp
#Bound 78959.40s best:4435  next:[2155,4434] objective_lb_search_max_lp
#Bound 79911.77s best:4435  next:[2156,4434] objective_lb_search_max_lp
#Bound 81008.59s best:4435  next:[2157,4434] objective_lb_search_max_lp
#Bound 82399.85s best:4435  next:[2159,4434] objective_lb_search_max_lp
#Bound 84029.80s best:4435  next:[2160,4434] objective_lb_search_max_lp
#Bound 84843.39s best:4435  next:[2162,4434] objective_lb_search_max_lp

Task timing                                  n [     min,      max]      avg      dev     time         n [     min,      max]      avg      dev    dtime
                             'core':         1 [  24.00h,   24.00h]   24.00h   0.00ns   24.00h         1 [  13.34h,   13.34h]   13.34h   0.00ns   13.34h
                       'default_lp':         1 [  24.00h,   24.00h]   24.00h   0.00ns   24.00h         1 [   2.38h,    2.38h]    2.38h   0.00ns    2.38h
                 'feasibility_pump':     11314 [271.35ms,   59.00s]    7.63s 855.15ms   23.99h     11313 [399.05ms,   16.05s] 813.64ms 145.64ms    2.56h
                            'fixed':         1 [  24.00h,   24.00h]   24.00h   0.00ns   24.00h         1 [   1.84h,    1.84h]    1.84h   0.00ns    1.84h
                  'fj_long_default':         5 [183.71ms,    1.02s] 354.46ms 334.10ms    1.77s         5 [200.69ms, 256.63ms] 216.92ms  20.70ms    1.08s
              'fj_long_lin_default':         7 [189.08ms, 597.58ms] 255.19ms 140.11ms    1.79s         7 [237.48ms, 264.27ms] 248.61ms   9.26ms    1.74s
                   'fj_long_random':         6 [170.18ms, 842.78ms] 291.67ms 246.63ms    1.75s         6 [200.91ms, 266.08ms] 223.15ms  21.79ms    1.34s
                 'fj_short_default':        10 [185.65ms, 709.17ms] 247.33ms 154.22ms    2.47s        10 [242.14ms, 267.01ms] 251.88ms   9.05ms    2.52s
             'fj_short_lin_default':         5 [187.90ms,    1.02s] 368.87ms 324.14ms    1.84s         5 [229.87ms, 255.24ms] 244.10ms   9.51ms    1.22s
              'fj_short_lin_random':         4 [195.07ms,    1.00s] 413.03ms 341.37ms    1.65s         4 [241.91ms, 268.39ms] 251.45ms  10.09ms    1.01s
                  'fj_short_random':         4 [194.99ms,    1.01s] 400.57ms 352.61ms    1.60s         4 [230.11ms, 262.64ms] 243.32ms  12.21ms 973.29ms
                        'fs_random':         1 [   2.76s,    2.76s]    2.76s   0.00ns    2.76s         1 [ 65.69ms,  65.69ms]  65.69ms   0.00ns  65.69ms
                        'fs_random':         1 [   2.79s,    2.79s]    2.79s   0.00ns    2.79s         1 [108.44ms, 108.44ms] 108.44ms   0.00ns 108.44ms
                  'fs_random_no_lp':         1 [   2.83s,    2.83s]    2.83s   0.00ns    2.83s         1 [ 30.50ms,  30.50ms]  30.50ms   0.00ns  30.50ms
          'fs_random_quick_restart':         1 [   2.76s,    2.76s]    2.76s   0.00ns    2.76s         1 [ 67.29ms,  67.29ms]  67.29ms   0.00ns  67.29ms
          'fs_random_quick_restart':         1 [   2.77s,    2.77s]    2.77s   0.00ns    2.77s         1 [127.20ms, 127.20ms] 127.20ms   0.00ns 127.20ms
    'fs_random_quick_restart_no_lp':         1 [   2.86s,    2.86s]    2.86s   0.00ns    2.86s         1 [189.68ms, 189.68ms] 189.68ms   0.00ns 189.68ms
                    'graph_arc_lns':     25313 [278.66ms,    8.24s]    4.87s 836.81ms   34.25h     25309 [ 10.00ns, 135.47ms]  76.29ms  30.45ms   32.18m
                    'graph_cst_lns':     25313 [202.72ms,    9.15s]    4.96s 947.52ms   34.87h     25300 [ 10.00ns, 201.42ms]  72.48ms  34.27ms   30.56m
                    'graph_dec_lns':     25313 [283.70ms,    8.73s]    4.83s 923.87ms   33.98h     25297 [ 10.00ns, 168.97ms]  74.57ms  31.98ms   31.44m
                    'graph_var_lns':     25313 [181.03ms,    8.15s]    4.56s    1.09s   32.03h     25297 [ 10.00ns, 200.09ms]  68.70ms  37.05ms   28.97m
                   'lb_tree_search':         1 [  24.00h,   24.00h]   24.00h   0.00ns   24.00h         1 [  11.37h,   11.37h]   11.37h   0.00ns   11.37h
                           'max_lp':         1 [  24.00h,   24.00h]   24.00h   0.00ns   24.00h         1 [   2.97h,    2.97h]    2.97h   0.00ns    2.97h
                            'no_lp':         1 [  24.00h,   24.00h]   24.00h   0.00ns   24.00h         1 [   1.35h,    1.35h]    1.35h   0.00ns    1.35h
              'objective_lb_search':         1 [  24.00h,   24.00h]   24.00h   0.00ns   24.00h         1 [   4.50h,    4.50h]    4.50h   0.00ns    4.50h
       'objective_lb_search_max_lp':         1 [  24.00h,   24.00h]   24.00h   0.00ns   24.00h         1 [   3.00h,    3.00h]    3.00h   0.00ns    3.00h
        'objective_lb_search_no_lp':         1 [  24.00h,   24.00h]   24.00h   0.00ns   24.00h         1 [   1.37h,    1.37h]    1.37h   0.00ns    1.37h
  'objective_shaving_search_max_lp':       113 [ 79.05ms,    1.17h]   12.74m   16.18m   24.00h       103 [102.15ms,    7.78m]    1.29m    1.66m    2.22h
   'objective_shaving_search_no_lp':       112 [107.28ms,    1.17h]   12.86m   16.21m   24.00h       105 [ 57.82ms,    2.24m]   24.89s   30.76s   43.56m
                          'probing':         1 [  24.00h,   24.00h]   24.00h   0.00ns   24.00h         1 [   3.31h,    3.31h]    3.31h   0.00ns    3.31h
                   'probing_max_lp':         1 [  24.00h,   24.00h]   24.00h   0.00ns   24.00h         1 [   4.81h,    4.81h]    4.81h   0.00ns    4.81h
                     'pseudo_costs':         1 [  24.00h,   24.00h]   24.00h   0.00ns   24.00h         1 [   2.38h,    2.38h]    2.38h   0.00ns    2.38h
                    'quick_restart':         1 [  24.00h,   24.00h]   24.00h   0.00ns   24.00h         1 [   4.14h,    4.14h]    4.14h   0.00ns    4.14h
              'quick_restart_no_lp':         1 [  24.00h,   24.00h]   24.00h   0.00ns   24.00h         1 [   1.85h,    1.85h]    1.85h   0.00ns    1.85h
                    'reduced_costs':         1 [  24.00h,   24.00h]   24.00h   0.00ns   24.00h         1 [   2.93h,    2.93h]    2.93h   0.00ns    2.93h
                        'rins/rens':     25313 [957.68us,    5.18s]    1.33s 906.30ms    9.34h     22174 [ 10.00ns, 219.47ms]  92.47ms  63.87ms   34.17m
                      'rnd_cst_lns':     25313 [208.03ms,    8.58s]    4.92s 924.28ms   34.63h     25302 [ 10.00ns, 152.81ms]  73.45ms  33.23ms   30.97m
                      'rnd_var_lns':     25313 [121.97ms,    8.74s]    4.76s 934.69ms   33.50h     25303 [ 10.00ns, 200.10ms]  74.16ms  32.49ms   31.28m
         'scheduling_intervals_lns':     25313 [285.52ms,    8.47s]    5.67s 383.12ms   39.89h     25311 [100.01ms, 101.68ms] 100.47ms 301.54us   42.38m
       'scheduling_precedences_lns':     25312 [   2.62s,    8.61s]    5.67s 397.88ms   39.84h     25311 [ 78.62ms, 101.68ms] 100.47ms 331.45us   42.38m
       'scheduling_time_window_lns':     25313 [138.56ms,    8.78s]    5.67s 380.72ms   39.88h     25310 [100.01ms, 200.89ms] 100.47ms 699.64us   42.38m
                     'violation_ls':     25313 [  6.75ms, 822.94ms] 257.39ms  62.69ms    1.81h     25313 [480.00ns, 550.31ms] 272.24ms  62.02ms    1.91h
                     'violation_ls':     25313 [  6.76ms, 783.40ms] 253.47ms  61.94ms    1.78h     25313 [  1.70us, 492.41ms] 263.15ms  56.61ms    1.85h

Search stats                          Bools  Conflicts    Branches   Restarts      BoolPropag   IntegerPropag
                           'core':   26'126  2'280'490   4'579'113     78'715  17'927'037'291  21'021'184'328
                     'default_lp':   33'610  1'217'513  12'872'933    321'295   5'098'490'502  17'072'245'635
                          'fixed':    2'596  5'837'237  53'179'027      1'525   2'170'490'443  22'468'145'954
                      'fs_random':      348          0         715        696              45         204'260
                      'fs_random':      348          0         730        696              45         207'004
                'fs_random_no_lp':      458         11         865        697             864         341'318
        'fs_random_quick_restart':      348          0         732        696              44         208'833
        'fs_random_quick_restart':      348          2         724        696              49         206'573
  'fs_random_quick_restart_no_lp':      348         41       2'257      1'437             356         902'508
                 'lb_tree_search':      426      1'376  19'036'304  4'554'104      64'169'434  17'965'519'525
                         'max_lp':    4'476    988'493   8'187'937    999'072     875'223'048  17'299'219'944
                          'no_lp':    4'624  1'302'138   6'646'399    627'377     778'883'110  19'574'321'096
            'objective_lb_search':    1'304    410'445  10'304'214  3'061'347     146'142'276  15'236'761'093
     'objective_lb_search_max_lp':    1'460    642'026   8'001'316  1'639'383     222'941'961  17'353'966'735
      'objective_lb_search_no_lp':    1'356    800'912   5'062'505  1'137'394     115'942'728  18'290'764'729
                        'probing':    8'562      7'308      80'810     45'709       4'388'170      69'066'494
                 'probing_max_lp':    8'562      7'298      59'968     35'280       3'846'338      63'344'334
                   'pseudo_costs':      424    915'570   9'336'824  2'977'256      65'104'499  18'857'292'672
                  'quick_restart':   20'253    378'578  19'357'321    250'954   2'591'843'862  13'357'840'921
            'quick_restart_no_lp':   28'231  1'277'395  10'857'961    164'885   6'147'709'259  19'280'882'105
                  'reduced_costs':  105'032  1'451'377  14'014'671    284'736  15'423'274'313  17'899'949'716

SAT stats                           ClassicMinim  LitRemoved   LitLearned  LitForgotten  Subsumed   MClauses  MDecisions  MLitTrue  MSubsumed  MLitRemoved  MReused
                           'core':     2'215'307  56'161'045   34'049'361    16'923'528     2'872     34'521     168'564         0      1'212        3'794      497
                     'default_lp':     1'069'198  10'768'474   34'002'569    27'164'919     4'065    110'823   1'419'124         0     31'644      345'310   21'856
                          'fixed':     3'529'390   6'741'476  193'327'713   192'697'966     3'222         25         191         0          3           21        3
                      'fs_random':             0           0            0             0         0          0           0         0          0            0        0
                      'fs_random':             0           0            0             0         0          0           0         0          0            0        0
                'fs_random_no_lp':             9           9          107             0         0          0           0         0          0            0        0
        'fs_random_quick_restart':             0           0            0             0         0          0           0         0          0            0        0
        'fs_random_quick_restart':             0           0            4             0         0          0           0         0          0            0        0
  'fs_random_quick_restart_no_lp':             1           1          175             0         0         35         183         0          1            5        5
                 'lb_tree_search':             2          13        4'323             0         0  1'972'733  10'008'399         0        238          918  160'755
                         'max_lp':       848'104   8'673'104   20'532'664    18'145'916     7'741    314'652   2'331'228         0     20'148      153'689   41'495
                          'no_lp':     1'190'487  10'478'623   26'237'122    21'522'659     9'848    101'302   1'112'245         0     16'742      151'831   21'901
            'objective_lb_search':       395'358   6'835'003    8'160'771     3'481'403     1'967  1'181'160   6'821'187         0        442        3'575  138'513
     'objective_lb_search_max_lp':       574'115   3'335'445    8'405'779     2'972'731     7'313    266'695   3'541'138         0     12'478      100'554   75'760
      'objective_lb_search_no_lp':       760'817  12'385'401   16'664'896     9'035'494     4'779    364'195   2'401'873         0      1'220        9'236   52'875
                        'probing':             0           0        7'308             0         0          0           0         0          0            0        0
                 'probing_max_lp':             0           0        7'298             0         0          0           0         0          0            0        0
                   'pseudo_costs':       676'158   2'646'890   21'881'548    19'527'419    15'107  1'185'754   6'850'513         0        748        3'467   94'869
                  'quick_restart':       312'719   2'967'074   10'608'890     7'520'783     2'807     62'803   1'557'773         1     36'129      572'461   11'268
            'quick_restart_no_lp':     1'099'289  13'258'516   42'947'798    32'947'466     2'153     20'516     444'975         0     16'036      233'969    1'091
                  'reduced_costs':     1'224'539  10'721'280   44'833'970    39'911'441     8'801    151'333   1'647'084         0     48'611      360'286   47'675

Lp stats                         Component   Iterations  AddedCuts    OPTIMAL    DUAL_F.  DUAL_U.
                  'default_lp':          1   25'125'850    855'486  2'504'606      1'559      237
                       'fixed':          1    2'599'299      2'489  6'705'290          0        0
                   'fs_random':          1        4'055        626         49          1        0
                   'fs_random':          1        5'304        766         63          0        0
     'fs_random_quick_restart':          1        4'170        588         51          0        0
     'fs_random_quick_restart':          1        5'761        770         76          0        0
              'lb_tree_search':          1  110'076'901    196'286     55'593  9'851'231        0
                      'max_lp':          1   34'577'040    325'685    373'719  3'242'548       26
         'objective_lb_search':          1   73'693'685  1'020'430  1'991'076     29'458       42
  'objective_lb_search_max_lp':          1   23'649'470     70'506     27'446  2'011'531        5
                     'probing':          1   23'699'161  1'945'137    231'584      6'789        4
              'probing_max_lp':          1    7'140'079    594'954    123'235     36'171        0
                'pseudo_costs':          1   26'109'489    798'842  1'051'916  2'072'235      371
               'quick_restart':          1   63'917'369  2'470'058  1'898'053     22'574       46
               'reduced_costs':          1   21'001'155    692'266  1'425'122  1'716'509       57

Lp dimension                                                                        Final dimension of first component
                  'default_lp':  4043 rows, 4384 columns, 13945 entries with magnitude in [3.518649e-03, 1.000000e+00]
                       'fixed':  3886 rows, 4384 columns, 13386 entries with magnitude in [3.518649e-03, 1.000000e+00]
                   'fs_random':   1964 rows, 4384 columns, 7083 entries with magnitude in [9.661386e-03, 1.000000e+00]
                   'fs_random':   2264 rows, 4384 columns, 8087 entries with magnitude in [9.661386e-03, 1.000000e+00]
     'fs_random_quick_restart':   1993 rows, 4384 columns, 7176 entries with magnitude in [9.661386e-03, 1.000000e+00]
     'fs_random_quick_restart':   2614 rows, 4384 columns, 9198 entries with magnitude in [3.518649e-03, 1.000000e+00]
              'lb_tree_search':  7094 rows, 4415 columns, 36550 entries with magnitude in [1.179396e-03, 1.000000e+00]
                      'max_lp':  6194 rows, 4415 columns, 27443 entries with magnitude in [4.939449e-04, 1.000000e+00]
         'objective_lb_search':  5221 rows, 4384 columns, 18798 entries with magnitude in [1.140766e-03, 1.000000e+00]
  'objective_lb_search_max_lp':  6988 rows, 4415 columns, 31069 entries with magnitude in [8.086360e-04, 1.000000e+00]
                     'probing':  5823 rows, 4384 columns, 26100 entries with magnitude in [1.350317e-04, 1.000000e+00]
              'probing_max_lp':  5801 rows, 4415 columns, 49679 entries with magnitude in [4.774572e-04, 1.000000e+00]
                'pseudo_costs':  4447 rows, 4415 columns, 15994 entries with magnitude in [7.971844e-04, 1.000000e+00]
               'quick_restart':  5861 rows, 4384 columns, 22339 entries with magnitude in [2.509326e-03, 1.000000e+00]
               'reduced_costs':  4400 rows, 4415 columns, 16188 entries with magnitude in [4.843311e-04, 1.000000e+00]

Lp debug                         CutPropag  CutEqPropag     Adjust  Overflow            Bad  BadScaling
                  'default_lp':         14          149    391'979         0     21'828'741           0
                       'fixed':          0            0          0         0         55'517           0
                   'fs_random':          0            0          0         0          1'814           0
                   'fs_random':          0            0          0         0          1'834           0
     'fs_random_quick_restart':          0            0          0         0          1'802           0
     'fs_random_quick_restart':          0            0          0         0          1'831           0
              'lb_tree_search':         38           64  9'324'172         0     63'686'176           0
                      'max_lp':         40           55  2'358'777         0     16'184'459           0
         'objective_lb_search':         30          137  1'241'342         0     30'378'041           0
  'objective_lb_search_max_lp':         25           30  1'942'091         0     13'046'862           0
                     'probing':        713        7'656    226'735         0  2'284'810'035           0
              'probing_max_lp':        152        1'844    159'389         0  1'757'795'651           0
                'pseudo_costs':        175          162    752'650         0     46'060'770           0
               'quick_restart':        129          541  1'037'285         0    169'545'208           0
               'reduced_costs':        150          100  1'238'365         0     34'573'042           0

Lp pool                          Constraints  Updates  Simplif  Merged  Shortened      Split  Strenghtened            Cuts/Call
                  'default_lp':       14'163    2'973   11'264      29          0     65'230        59'431    855'486/3'161'935
                       'fixed':        7'195        1        0       0          0          3           124         2'489/12'875
                   'fs_random':        5'332        0        0       0          0          0            66            626/2'362
                   'fs_random':        5'472        0        0       0          0          0            66            766/2'748
     'fs_random_quick_restart':        5'294        0        0       0          0          0            66            588/2'416
     'fs_random_quick_restart':        5'476        0        0       0          0          0            66            770/3'028
              'lb_tree_search':       59'309    4'550  390'418      26          0    304'578       421'464      196'286/441'171
                      'max_lp':       59'686    1'965  273'852      48          0    109'087       325'654      325'685/754'729
         'objective_lb_search':       14'095    3'882   15'582      41          0    148'338        73'731  1'020'430/4'449'883
  'objective_lb_search_max_lp':       59'527    1'250  391'657      28          0    161'197       397'316       70'506/156'483
                     'probing':       13'833  182'567   14'874      10          0  2'963'402       420'853  1'945'137/3'558'669
              'probing_max_lp':       59'980   60'388  331'862      23          0    719'823       401'088    594'954/1'473'726
                'pseudo_costs':       59'844    4'622  364'705      47          0    535'843       512'650    798'842/1'724'755
               'quick_restart':       13'716   11'685   11'307      48          0  1'279'238       177'129  2'470'058/6'454'173
               'reduced_costs':       59'271    3'369  332'650      44          0    353'723       421'869    692'266/1'567'221

Lp Cut                                                fs_ran  fs_ran  fs_ran  fs_ran   defaul  fixed  max_lp     quick_   reduce   pseudo  lb_tre   probin   object   probin  object
                                              CG_FF:      11      11      11      11   32'656     89  16'197     17'558   40'396   41'724   3'717   33'843   18'929    3'256   2'560
                                               CG_K:      13      13      13      13   25'830    142  17'500     11'925   48'834   46'076   3'540   18'108   13'757    2'531   2'242
                                              CG_KL:       -       -       -       -       96      -      13         27      100       77       -       37       26        1       -
                                               CG_R:       9       9       9       9   13'205     39   7'574     10'283   17'320   17'664   1'943   33'354    9'559    2'663   1'112
                                              CG_RB:       -       -       -       -   74'186    225  53'820     44'423   96'486  112'526  22'365  139'438   70'826   13'843   8'812
                                             CG_RBP:       -       -       -       -    6'786      2   6'065      4'517   14'459   15'303   2'071   11'757    6'099    2'288     986
                                             Clique:       -       -       -       -        -      -   3'105          -    9'752   11'143     518        -        -    1'133     306
                                                 IB:     526     543     400     361  525'579  1'178  97'695  1'819'608  212'098  224'883  36'373  390'893  712'115   61'534  14'246
                                           MIR_1_FF:      82      81      82      81   19'524    180  11'501     44'693   27'254   30'807   5'704   60'810   18'336   10'107   2'541
                                            MIR_1_K:      15      15      15      15    2'594     35   1'385      5'851    3'239    3'254     687    4'312    2'083    1'521     288
                                           MIR_1_KL:       -       -       -       -      676      -     249      1'253      561      344      95    3'210      291    1'480      23
                                            MIR_1_R:      22      22      22      22    3'975     52   1'508     10'674    4'430    3'911     635   19'195    3'158    2'372     337
                                           MIR_1_RB:      23      23      23      22   33'871    136  28'994    108'558   57'569   74'764  21'384  188'630   37'478   41'437   8'042
                                          MIR_1_RBP:       -       -       -       -    4'744      6   8'968     13'062   16'605   24'606   4'463   13'041    5'124    5'699   1'729
                                          MIR_1_RLT:       -       -       -       -        -      -     186          -      515      639      57        -        -      418      25
                                           MIR_2_FF:       7       5       6       5   12'964     50   5'774     27'108   13'293   16'502   3'311   35'139   10'677    8'914   1'439
                                            MIR_2_K:      12       8       6      10    2'042     23   1'040      3'027    2'573    3'210     554    3'376    1'380    1'611     274
                                           MIR_2_KL:       -       -       -       -      432      -     170        934      446      257     125    2'763      161    1'176      29
                                            MIR_2_R:       1       1       1       2    2'711     10   1'243      7'434    3'098    3'286   1'029   32'917    2'294    5'564     448
                                           MIR_2_RB:      28      17      18      21   20'184     93  11'120     70'600   22'475   30'553   8'708  137'496   22'114   21'146   3'200
                                          MIR_2_RBP:       -       -       -       -    2'925      5   2'670      8'938    5'193    8'021   1'392   11'148    3'095    2'662     528
                                           MIR_3_FF:       -       1       -       -    7'356     30   3'170     16'719    7'427   10'449   1'654   22'855    6'708    3'940     766
                                            MIR_3_K:       2       3       2       3    1'669     14   1'001      2'385    2'415    2'956     622    2'994    1'283    1'648     287
                                           MIR_3_KL:       -       -       -       -      315      -     168        756      356      288     129    2'402      153      881      41
                                            MIR_3_R:       -       1       -       -    1'604      5     726      5'247    1'598    2'075     958   21'343    1'651    4'250     323
                                           MIR_3_RB:       5       8       9       4   11'393     46   6'067     42'580   12'086   17'280   5'061   85'308   13'182   13'402   1'871
                                          MIR_3_RBP:       1       1       -       -    1'739      1   1'297      5'209    2'503    4'176     838    7'088    1'926    1'341     259
                                           MIR_4_FF:       -       -       -       -    4'034     16   1'625      9'940    3'759    5'346   1'021   14'294    4'406    2'068     436
                                            MIR_4_K:       -       -       -       -    1'082      2     573      1'884    1'308    1'631     402    2'776      836    1'137     165
                                           MIR_4_KL:       -       -       -       -      201      -     148        722      377      312     154    2'211      144      903      49
                                            MIR_4_R:       1       1       1       -      782      2     373      3'030      763      955     516   12'532    1'110    2'130     223
                                           MIR_4_RB:       1       1       2       2    6'398     23   3'209     24'621    5'870    8'185   2'706   52'205    7'924    6'699   1'079
                                          MIR_4_RBP:       -       -       -       -      748      2     574      2'319    1'061    1'865     421    3'773      942      722     130
                                           MIR_5_FF:       -       -       -       -    2'378     11     925      6'209    2'051    2'962     734    9'743    3'051    1'253     330
                                            MIR_5_K:       -       -       -       -      626      2     337      1'200      722      951     308    2'062      617    1'025     115
                                           MIR_5_KL:       -       -       -       -      192      -     185        737      376      380     160    2'342      197      960      64
                                            MIR_5_R:       -       -       -       -      440      -     200      1'709      368      443     294    7'066      797    1'131     117
                                           MIR_5_RB:       -       -       -       -    3'737      8   1'751     14'751    3'160    4'492   1'674   33'802    5'082    3'851     655
                                          MIR_5_RBP:       -       -       -       -      382      -     302      1'317      576      978     226    2'199      553      520      70
                                           MIR_6_FF:       -       -       -       -    1'324      4     559      4'032    1'190    1'761     515    6'682    1'928      961     182
                                            MIR_6_K:       -       -       -       -      377      2     271        861      476      596     219    1'553      527      815      65
                                           MIR_6_KL:       -       -       -       -      156      -     166        895      411      460     171    2'864      215    1'142      65
                                            MIR_6_R:       -       -       -       -      236      -     126        977      262      324     225    4'060      478      611      68
                                           MIR_6_RB:       1       -       -       -    2'254      4   1'087      9'537    1'955    2'599   1'040   25'114    3'434    3'004     380
                                          MIR_6_RBP:       -       -       -       -      174      -     172        815      388      596     180    1'420      358      489      63
   NoOverlapCompletionTimeExhaustiveMirror_weighted:       -       -       -       -        -      -       1          -        1        -       -        -        -        -       -
         NoOverlapCompletionTimeExhaustive_weighted:       -       -       -       -        -      -     177          -      509      690      17        -        -        1      18
  NoOverlapCompletionTimeExhaustive_weighted_lifted:       -       -       -       -        -      -     297          -      827    1'130      19        -        -        2      24
                    NoOverlapCompletionTimeQueyrane:       -       -       -       -        -      -      94          -      253      177      19        -        -        9      15
             NoOverlapCompletionTimeQueyrane_lifted:       -       -       -       -        -      -     132          -      363      436       2        -        -        2      10
                          NoOverlapDisjunctionOnEnd:       -       -       -       -        -      -       4          -       16        7       -        -        -        -       -
                        NoOverlapDisjunctionOnStart:       -       -       -       -        -      -     408          -    1'139    1'471       5        -        -        5       9
                                       ZERO_HALF_FF:       3       3       3       4    3'788     16   2'509      4'904    5'433    6'569     797    7'456    2'918      826     451
                                        ZERO_HALF_K:       -       -       -       -    1'826     11   1'550      1'378    5'483    5'005     466    1'172    1'062      599     292
                                       ZERO_HALF_KL:       -       -       -       -       14      -       -          3        3        1       -        4        1        -       -
                                        ZERO_HALF_R:       -       -       -       -    6'767      8   9'258     68'570   12'747   18'324  48'066  385'575   12'511  311'249  10'407
                                       ZERO_HALF_RB:       3       3       3       3    6'734     15   7'276     19'690   13'383   17'513   4'960   46'589    7'230   16'620   1'617
                                      ZERO_HALF_RBP:       -       -       -       -    1'780      2   2'190      6'588    3'955    5'909   3'036   36'186    1'704   19'402     693

LNS stats                        Improv/Calls  Closed  Difficulty  TimeLimit
               'graph_arc_lns':    8771/25311     50%        1.00       0.10
               'graph_cst_lns':   10104/25311     50%        1.00       0.10
               'graph_dec_lns':    8633/25312     50%        1.00       0.10
               'graph_var_lns':   10198/25312     50%        1.00       0.10
                   'rins/rens':    2077/23548     50%        0.93       0.22
                 'rnd_cst_lns':    9765/25312     50%        1.00       0.10
                 'rnd_var_lns':    8793/25312     50%        1.00       0.10
    'scheduling_intervals_lns':   25311/25311      0%        0.00       0.10
  'scheduling_precedences_lns':   25311/25311      0%        0.00       0.10
  'scheduling_time_window_lns':   25311/25311      0%        0.00       0.10

LS stats                   Batches  Restarts     LinMoves    GenMoves  CompoundMoves  WeightUpdates
       'fj_long_default':        5         1       49'871           0              0            129
   'fj_long_lin_default':        7         1            0      10'165          1'033              0
        'fj_long_random':        6         1       59'851           0              0            149
      'fj_short_default':       10         1            0      15'716          1'304              0
  'fj_short_lin_default':        5         1            0       8'056          1'139              0
   'fj_short_lin_random':        4         1            0       5'769            920              0
       'fj_short_random':        4         1            0       7'192            886              0
          'violation_ls':   25'313         0  114'112'324  16'503'298        738'274      1'959'718
          'violation_ls':   25'313         0  128'527'092  16'642'665        726'937      2'754'126

Solutions (165)           Num       Rank
           'default_lp':    1      [3,3]
      'fs_random_no_lp':    1      [1,1]
        'graph_arc_lns':    8   [30,141]
        'graph_cst_lns':    8   [15,133]
        'graph_dec_lns':    6   [19,151]
        'graph_var_lns':    6   [26,165]
                'no_lp':    1      [2,2]
        'quick_restart':    1  [137,137]
  'quick_restart_no_lp':   32    [4,162]
          'rins_lp_lns':   12   [13,158]
        'rins_pump_lns':   12   [20,144]
          'rnd_cst_lns':    8    [9,159]
          'rnd_var_lns':    7   [82,145]
         'violation_ls':   62    [7,164]

Objective bounds                      Num
                            'fixed':    1
                   'initial_domain':    1
                   'lb_tree_search':    3
                           'max_lp':    4
              'objective_lb_search':    1
       'objective_lb_search_max_lp':  101
        'objective_lb_search_no_lp':    1
  'objective_shaving_search_max_lp':    8
                    'reduced_costs':    1

Solution repositories      Added  Queried  Ignored  Synchro
  'feasible solutions':  117'353  575'930        0  115'501
        'lp solutions':   62'270   12'571        0   60'730
                'pump':  236'637   12'742

Improving bounds shared             Num
                        'core':       3
                  'default_lp':     742
                       'fixed':     849
              'lb_tree_search':     188
                      'max_lp':     141
                       'no_lp':     299
         'objective_lb_search':      35
  'objective_lb_search_max_lp':     148
                     'probing':  50'877
              'probing_max_lp':  13'520
                'pseudo_costs':     246
               'quick_restart':     776
         'quick_restart_no_lp':   2'464
               'reduced_costs':     628

Clauses shared                      Num
                           'core':    4
                     'default_lp':   33
        'fs_random_quick_restart':    2
  'fs_random_quick_restart_no_lp':    2
                 'lb_tree_search':    3
                         'max_lp':   12
                          'no_lp':   13
            'objective_lb_search':   15
     'objective_lb_search_max_lp':    5
      'objective_lb_search_no_lp':    4
                   'pseudo_costs':   39
                  'quick_restart':   20
            'quick_restart_no_lp':   18

CpSolverResponse summary:
status: FEASIBLE
objective: 4435
best_bound: 2162
integers: 4410
booleans: 348
conflicts: 0
branches: 730
propagations: 45
integer_propagations: 207004
restarts: 696
lp_iterations: 5304
walltime: 86401.7
usertime: 86401.7
deterministic_time: 275720
gap_integral: 2.13297e+06
solution_fingerprint: 0x20f690b667c88a8e


--- Simulation Gantt  partir du modle mathmatique ---
