created virtual environment CPython3.12.4.final.0-64 in 691ms
  creator CPython3Posix(dest=/localscratch/aneumann.45381391.0/env, clear=False, no_vcs_ignore=False, global=False)
  seeder FromAppData(download=False, pip=bundle, via=copy, app_data_dir=/home/aneumann/.local/share/virtualenv)
    added seed packages: pip==24.2+computecanada
  activators BashActivator,CShellActivator,FishActivator,NushellActivator,PowerShellActivator,PythonActivator
Looking in links: /cvmfs/soft.computecanada.ca/custom/python/wheelhouse/gentoo2023/x86-64-v3, /cvmfs/soft.computecanada.ca/custom/python/wheelhouse/gentoo2023/generic, /cvmfs/soft.computecanada.ca/custom/python/wheelhouse/generic
Requirement already satisfied: pip in /localscratch/aneumann.45381391.0/env/lib/python3.12/site-packages (24.2+computecanada)
Processing /cvmfs/soft.computecanada.ca/custom/python/wheelhouse/generic/pip-25.0+computecanada-py3-none-any.whl
Installing collected packages: pip
  Attempting uninstall: pip
    Found existing installation: pip 24.2+computecanada
    Uninstalling pip-24.2+computecanada:
      Successfully uninstalled pip-24.2+computecanada
Successfully installed pip-25.0+computecanada
Looking in links: /cvmfs/soft.computecanada.ca/custom/python/wheelhouse/gentoo2023/x86-64-v3, /cvmfs/soft.computecanada.ca/custom/python/wheelhouse/gentoo2023/generic, /cvmfs/soft.computecanada.ca/custom/python/wheelhouse/generic
ERROR: protobuf-5.28.3-cp38-abi3-manylinux2014_x86_64.whl is not a supported wheel on this platform.
Looking in links: /cvmfs/soft.computecanada.ca/custom/python/wheelhouse/gentoo2023/x86-64-v3, /cvmfs/soft.computecanada.ca/custom/python/wheelhouse/gentoo2023/generic, /cvmfs/soft.computecanada.ca/custom/python/wheelhouse/generic
Processing /home/aneumann/projects/def-adhaj/aneumann/GNRS/wheels/immutabledict-4.2.0-py3-none-any.whl
Installing collected packages: immutabledict
Successfully installed immutabledict-4.2.0
Looking in links: /cvmfs/soft.computecanada.ca/custom/python/wheelhouse/gentoo2023/x86-64-v3, /cvmfs/soft.computecanada.ca/custom/python/wheelhouse/gentoo2023/generic, /cvmfs/soft.computecanada.ca/custom/python/wheelhouse/generic
Processing /cvmfs/soft.computecanada.ca/custom/python/wheelhouse/generic/ortools-9.10.4067+computecanada-cp312-cp312-linux_x86_64.whl (from -r /home/aneumann/projects/def-adhaj/aneumann/GNRS/requirements/or.txt (line 1))
Processing /cvmfs/soft.computecanada.ca/custom/python/wheelhouse/gentoo2023/x86-64-v3/matplotlib-3.10.0+computecanada-cp312-cp312-linux_x86_64.whl (from -r /home/aneumann/projects/def-adhaj/aneumann/GNRS/requirements/or.txt (line 2))
Processing /cvmfs/soft.computecanada.ca/custom/python/wheelhouse/gentoo2023/x86-64-v3/pandas-2.2.3+computecanada-cp312-cp312-linux_x86_64.whl (from -r /home/aneumann/projects/def-adhaj/aneumann/GNRS/requirements/or.txt (line 3))
Processing /cvmfs/soft.computecanada.ca/custom/python/wheelhouse/generic/absl_py-2.3.0+computecanada-py3-none-any.whl (from ortools<9.11,>=9.10->-r /home/aneumann/projects/def-adhaj/aneumann/GNRS/requirements/or.txt (line 1))
Processing /cvmfs/soft.computecanada.ca/custom/python/wheelhouse/gentoo2023/generic/numpy-2.2.2+computecanada-cp312-cp312-linux_x86_64.whl (from ortools<9.11,>=9.10->-r /home/aneumann/projects/def-adhaj/aneumann/GNRS/requirements/or.txt (line 1))
Processing /cvmfs/soft.computecanada.ca/custom/python/wheelhouse/gentoo2023/x86-64-v3/protobuf-6.31.1+computecanada-cp312-cp312-linux_x86_64.whl (from ortools<9.11,>=9.10->-r /home/aneumann/projects/def-adhaj/aneumann/GNRS/requirements/or.txt (line 1))
Requirement already satisfied: immutabledict>=3.0.0 in /localscratch/aneumann.45381391.0/env/lib/python3.12/site-packages (from ortools<9.11,>=9.10->-r /home/aneumann/projects/def-adhaj/aneumann/GNRS/requirements/or.txt (line 1)) (4.2.0)
Processing /cvmfs/soft.computecanada.ca/custom/python/wheelhouse/gentoo2023/generic/contourpy-1.3.1+computecanada-cp312-cp312-linux_x86_64.whl (from matplotlib->-r /home/aneumann/projects/def-adhaj/aneumann/GNRS/requirements/or.txt (line 2))
Processing /cvmfs/soft.computecanada.ca/custom/python/wheelhouse/generic/cycler-0.12.1+computecanada-py3-none-any.whl (from matplotlib->-r /home/aneumann/projects/def-adhaj/aneumann/GNRS/requirements/or.txt (line 2))
Processing /cvmfs/soft.computecanada.ca/custom/python/wheelhouse/generic/fonttools-4.58.4+computecanada-cp312-cp312-linux_x86_64.whl (from matplotlib->-r /home/aneumann/projects/def-adhaj/aneumann/GNRS/requirements/or.txt (line 2))
Processing /cvmfs/soft.computecanada.ca/custom/python/wheelhouse/gentoo2023/x86-64-v3/kiwisolver-1.4.8+computecanada-cp312-cp312-linux_x86_64.whl (from matplotlib->-r /home/aneumann/projects/def-adhaj/aneumann/GNRS/requirements/or.txt (line 2))
Processing /cvmfs/soft.computecanada.ca/custom/python/wheelhouse/generic/packaging-25.0+computecanada-py3-none-any.whl (from matplotlib->-r /home/aneumann/projects/def-adhaj/aneumann/GNRS/requirements/or.txt (line 2))
Processing /cvmfs/soft.computecanada.ca/custom/python/wheelhouse/gentoo2023/x86-64-v3/pillow-11.1.0+computecanada-cp312-cp312-linux_x86_64.whl (from matplotlib->-r /home/aneumann/projects/def-adhaj/aneumann/GNRS/requirements/or.txt (line 2))
Processing /cvmfs/soft.computecanada.ca/custom/python/wheelhouse/generic/pyparsing-3.2.3+computecanada-py3-none-any.whl (from matplotlib->-r /home/aneumann/projects/def-adhaj/aneumann/GNRS/requirements/or.txt (line 2))
Processing /cvmfs/soft.computecanada.ca/custom/python/wheelhouse/generic/python_dateutil-2.9.0.post0+computecanada-py2.py3-none-any.whl (from matplotlib->-r /home/aneumann/projects/def-adhaj/aneumann/GNRS/requirements/or.txt (line 2))
Processing /cvmfs/soft.computecanada.ca/custom/python/wheelhouse/generic/pytz-2025.2+computecanada-py2.py3-none-any.whl (from pandas->-r /home/aneumann/projects/def-adhaj/aneumann/GNRS/requirements/or.txt (line 3))
Processing /cvmfs/soft.computecanada.ca/custom/python/wheelhouse/generic/tzdata-2025.2+computecanada-py2.py3-none-any.whl (from pandas->-r /home/aneumann/projects/def-adhaj/aneumann/GNRS/requirements/or.txt (line 3))
Processing /cvmfs/soft.computecanada.ca/custom/python/wheelhouse/generic/six-1.17.0+computecanada-py2.py3-none-any.whl (from python-dateutil>=2.7->matplotlib->-r /home/aneumann/projects/def-adhaj/aneumann/GNRS/requirements/or.txt (line 2))
Installing collected packages: pytz, tzdata, six, pyparsing, protobuf, pillow, packaging, numpy, kiwisolver, fonttools, cycler, absl-py, python-dateutil, contourpy, pandas, matplotlib, ortools
Successfully installed absl-py-2.3.0+computecanada contourpy-1.3.1+computecanada cycler-0.12.1+computecanada fonttools-4.58.4+computecanada kiwisolver-1.4.8+computecanada matplotlib-3.10.0+computecanada numpy-2.2.2+computecanada ortools-9.10.4067+computecanada packaging-25.0+computecanada pandas-2.2.3+computecanada pillow-11.1.0+computecanada protobuf-6.31.1+computecanada pyparsing-3.2.3+computecanada python-dateutil-2.9.0.post0+computecanada pytz-2025.2+computecanada six-1.17.0+computecanada tzdata-2025.2+computecanada

Starting CP-SAT solver v9.10.4067
Parameters: max_time_in_seconds: 86400 max_memory_in_mb: 185000 log_search_progress: true enumerate_all_solutions: false num_search_workers: 32 absolute_gap_limit: 0 relative_gap_limit: 0

Initial optimization model '': (model_fingerprint: 0xf48cea3abe48ea7b)
#Variables: 325 (#ints: 8 in objective)
  - 234 Booleans in [0,1]
  - 91 in [0,665]
#kLinear1: 43
#kLinear2: 557
#kLinear3: 157
#kLinearN: 2'801 (#terms: 36'791)

Starting presolve at 0.00s
  1.25e-03s  0.00e+00d  [DetectDominanceRelations] 
  2.34e-02s  0.00e+00d  [PresolveToFixPoint] #num_loops=6 #num_dual_strengthening=3 
  3.40e-05s  0.00e+00d  [ExtractEncodingFromLinear] #potential_supersets=6 
[Symmetry] Graph for symmetry has 3'589 nodes and 30'095 arcs.
[Symmetry] Symmetry computation done. time: 0.00178579 dtime: 0.00332014
[Symmetry] #generators: 1, average support size: 26
[Symmetry] The model contains 337 duplicate constraints !
[Symmetry] 13 orbits with sizes: 2,2,2,2,2,2,2,2,2,2,...
[Symmetry] Num fixable by intersecting at_most_one with orbits: 1 largest_orbit: 2
  8.13e-03s  1.79e-03d  [Probe] #probed=356 #fixed_bools=5 #new_bounds=16 #equiv=1 
  8.76e-05s  0.00e+00d  [MaxClique] Merged 27(54 literals) into 11(22 literals) at_most_ones. 
  1.12e-03s  0.00e+00d  [DetectDominanceRelations] 
  1.16e-02s  0.00e+00d  [PresolveToFixPoint] #num_loops=4 #num_dual_strengthening=3 
  3.73e-03s  0.00e+00d  [ProcessAtMostOneAndLinear] 
  1.83e-03s  0.00e+00d  [DetectDuplicateConstraints] #duplicates=408 #without_enforcements=196 
  1.20e-03s  1.05e-04d  [DetectDominatedLinearConstraints] #relevant_constraints=2'255 #num_inclusions=1'608 #num_redundant=2 
  2.73e-04s  0.00e+00d  [DetectDifferentVariables] #different=45 
  3.34e-04s  3.67e-05d  [ProcessSetPPC] #relevant_constraints=1'789 
  1.48e-05s  0.00e+00d  [FindAlmostIdenticalLinearConstraints] 
  2.35e-04s  3.49e-04d  [FindBigAtMostOneAndLinearOverlap] 
  3.76e-03s  2.43e-03d  [FindBigVerticalLinearOverlap] #blocks=61 #saved_nz=5'771 
  2.06e-04s  7.87e-05d  [FindBigHorizontalLinearOverlap] #linears=1'663 
  1.57e-05s  0.00e+00d  [MergeClauses] 
  1.14e-03s  0.00e+00d  [DetectDominanceRelations] 
  1.41e-02s  0.00e+00d  [PresolveToFixPoint] #num_loops=2 #num_dual_strengthening=1 
  1.14e-03s  0.00e+00d  [DetectDominanceRelations] 
  7.85e-03s  0.00e+00d  [PresolveToFixPoint] #num_loops=1 #num_dual_strengthening=1 
[Symmetry] Graph for symmetry has 3'329 nodes and 22'814 arcs.
[Symmetry] Symmetry computation done. time: 0.000583478 dtime: 0.00138277
  6.96e-03s  1.70e-03d  [Probe] #probed=346 #new_bounds=60 
  1.39e-05s  0.00e+00d  [MaxClique] 
  1.14e-03s  0.00e+00d  [DetectDominanceRelations] 
  1.44e-02s  0.00e+00d  [PresolveToFixPoint] #num_loops=4 #num_dual_strengthening=3 
  3.17e-03s  0.00e+00d  [ProcessAtMostOneAndLinear] 
  1.52e-03s  0.00e+00d  [DetectDuplicateConstraints] #without_enforcements=227 
  6.03e-04s  4.99e-05d  [DetectDominatedLinearConstraints] #relevant_constraints=1'817 #num_inclusions=21 
  2.17e-04s  0.00e+00d  [DetectDifferentVariables] #different=54 #cliques=2 #size=6 
  2.72e-04s  2.28e-05d  [ProcessSetPPC] #relevant_constraints=1'507 
  2.25e-05s  2.25e-07d  [FindAlmostIdenticalLinearConstraints] #num_tested_pairs=13 
  1.29e-04s  1.78e-04d  [FindBigAtMostOneAndLinearOverlap] 
  2.14e-03s  1.52e-03d  [FindBigVerticalLinearOverlap] #blocks=54 #saved_nz=3'507 
  1.47e-04s  4.84e-05d  [FindBigHorizontalLinearOverlap] #linears=1'238 
  8.64e-06s  0.00e+00d  [MergeClauses] 
  9.92e-04s  0.00e+00d  [DetectDominanceRelations] 
  1.22e-02s  0.00e+00d  [PresolveToFixPoint] #num_loops=3 #num_dual_strengthening=1 
  9.87e-04s  0.00e+00d  [DetectDominanceRelations] 
  8.22e-03s  0.00e+00d  [PresolveToFixPoint] #num_loops=1 #num_dual_strengthening=1 
  6.45e-03s  1.56e-03d  [Probe] #probed=346 #new_bounds=37 
  7.18e-06s  0.00e+00d  [MaxClique] 
  9.86e-04s  0.00e+00d  [DetectDominanceRelations] 
  1.11e-02s  0.00e+00d  [PresolveToFixPoint] #num_loops=2 #num_dual_strengthening=1 
  2.94e-03s  0.00e+00d  [ProcessAtMostOneAndLinear] 
  1.46e-03s  0.00e+00d  [DetectDuplicateConstraints] #without_enforcements=227 
  5.30e-04s  3.84e-05d  [DetectDominatedLinearConstraints] #relevant_constraints=1'833 #num_inclusions=21 
  1.52e-04s  0.00e+00d  [DetectDifferentVariables] 
  2.17e-04s  1.42e-05d  [ProcessSetPPC] #relevant_constraints=1'234 
  3.15e-05s  9.95e-07d  [FindAlmostIdenticalLinearConstraints] #num_tested_pairs=41 
  1.06e-04s  1.19e-04d  [FindBigAtMostOneAndLinearOverlap] 
  1.28e-03s  1.04e-03d  [FindBigVerticalLinearOverlap] #blocks=21 #saved_nz=1'134 
  1.27e-04s  3.80e-05d  [FindBigHorizontalLinearOverlap] #linears=1'031 
  8.75e-06s  0.00e+00d  [MergeClauses] 
  9.29e-04s  0.00e+00d  [DetectDominanceRelations] 
  9.30e-03s  0.00e+00d  [PresolveToFixPoint] #num_loops=2 #num_dual_strengthening=1 
  7.86e-05s  0.00e+00d  [ExpandObjective] #entries=623 #tight_variables=191 #tight_constraints=112 

Presolve summary:
  - 72 affine relations were detected.
  - rule 'TODO dual: only one blocking constraint?' was applied 854 times.
  - rule 'TODO dual: only one unspecified blocking constraint?' was applied 120 times.
  - rule 'TODO duplicate: identical constraint with different enforcements' was applied 650 times.
  - rule 'TODO no_overlap: with task always last' was applied 2 times.
  - rule 'affine: new relation' was applied 72 times.
  - rule 'all_diff: inferred from x != y constraints' was applied 2 times.
  - rule 'at_most_one: removed literals' was applied 11 times.
  - rule 'at_most_one: size one' was applied 11 times.
  - rule 'at_most_one: transformed into max clique.' was applied 1 time.
  - rule 'deductions: 299 stored' was applied 1 time.
  - rule 'dual: fix variable' was applied 21 times.
  - rule 'dual: reduced domain' was applied 54 times.
  - rule 'duplicate: merged rhs of linear constraint' was applied 75 times.
  - rule 'duplicate: removed constraint' was applied 408 times.
  - rule 'enforcement: false literal' was applied 24 times.
  - rule 'enforcement: true literal' was applied 23 times.
  - rule 'exactly_one: x and not(x)' was applied 1 time.
  - rule 'incompatible linear: add implication' was applied 63 times.
  - rule 'linear inclusion: redundant containing constraint' was applied 2 times.
  - rule 'linear matrix: common vertical rectangle' was applied 136 times.
  - rule 'linear: always true' was applied 486 times.
  - rule 'linear: doubleton free' was applied 12 times.
  - rule 'linear: empty' was applied 26 times.
  - rule 'linear: extracted enforcement literal' was applied 6'137 times.
  - rule 'linear: fixed or dup variables' was applied 2'859 times.
  - rule 'linear: positive equal one' was applied 6 times.
  - rule 'linear: reduced variable domains' was applied 248 times.
  - rule 'linear: remapped using affine relations' was applied 2'770 times.
  - rule 'linear: simplified rhs' was applied 10'738 times.
  - rule 'linear: variable substitution 1' was applied 12 times.
  - rule 'linear: variable substitution 2' was applied 6 times.
  - rule 'linear: variable substitution 3' was applied 1 time.
  - rule 'presolve: 85 unused variables removed.' was applied 1 time.
  - rule 'presolve: iteration' was applied 3 times.
  - rule 'probing: reduced enforced constraint to implication.' was applied 27 times.
  - rule 'symmetry: fixed to false in general orbit' was applied 1 time.

Presolved optimization model '': (model_fingerprint: 0x36c2e2e3fbb25183)
#Variables: 285 (#ints: 8 in objective)
  - 89 Booleans in [0,1]
  - 154 different domains in [-5242,5794] with a largest complexity of 11.
#kAllDiff: 2
#kExactlyOne: 5 (#literals: 15)
#kLinear2: 858 (#enforced: 794 #multi: 642)
#kLinear3: 215 (#enforced: 146)
#kLinearN: 1'552 (#enforced: 1'378) (#terms: 9'698)

Preloading model.
#Bound   0.18s best:inf   next:[166,4507] initial_domain
#Model   0.18s var:285/285 constraints:2632/2632

Starting search at 0.18s with 32 workers.
16 full problem subsolvers: [core, default_lp, lb_tree_search, max_lp, no_lp, objective_lb_search, objective_lb_search_max_lp, objective_lb_search_no_lp, objective_shaving_search_max_lp, objective_shaving_search_no_lp, probing, probing_max_lp, pseudo_costs, quick_restart, quick_restart_no_lp, reduced_costs]
14 first solution subsolvers: [fj_long_default, fj_long_lin_default, fj_long_random, fj_short_default, fj_short_lin_default, fj_short_lin_random, fj_short_random, fs_random(2), fs_random_no_lp(2), fs_random_quick_restart(2), fs_random_quick_restart_no_lp]
11 incomplete subsolvers: [feasibility_pump, graph_arc_lns, graph_cst_lns, graph_dec_lns, graph_var_lns, rins/rens, rnd_cst_lns, rnd_var_lns, violation_ls(3)]
3 helper subsolvers: [neighborhood_helper, synchronization_agent, update_gap_integral]
#1       0.21s best:2067  next:[166,2066] fs_random_no_lp (fixed_bools=0/115)
#Bound   0.28s best:2067  next:[191,2066] objective_lb_search_no_lp
#Bound   0.30s best:2067  next:[214,2066] objective_lb_search_no_lp
#Bound   0.30s best:2067  next:[215,2066] objective_lb_search_no_lp
#Bound   0.31s best:2067  next:[221,2066] objective_lb_search_no_lp
#Bound   0.31s best:2067  next:[225,2066] objective_lb_search_no_lp
#2       0.31s best:2063  next:[225,2062] no_lp (fixed_bools=0/115)
#3       0.32s best:1451  next:[225,1450] no_lp (fixed_bools=0/136)
#4       0.33s best:1441  next:[225,1440] no_lp (fixed_bools=0/160)
#Bound   0.35s best:1441  next:[226,1440] objective_shaving_search_no_lp (vars=287 csts=2633)
#Bound   0.36s best:1441  next:[229,1440] objective_lb_search_no_lp
#Bound   0.36s best:1441  next:[274,1440] objective_lb_search_no_lp
#Bound   0.36s best:1441  next:[278,1440] objective_lb_search_no_lp
#Bound   0.36s best:1441  next:[399,1440] objective_lb_search_no_lp
#5       0.39s best:1424  next:[399,1423] no_lp (fixed_bools=0/169)
#6       0.45s best:1414  next:[399,1413] no_lp (fixed_bools=0/195)
#7       0.47s best:1402  next:[399,1401] no_lp (fixed_bools=0/202)
#8       0.48s best:1397  next:[399,1396] quick_restart_no_lp (fixed_bools=0/164)
#9       0.49s best:1385  next:[399,1384] no_lp (fixed_bools=0/210)
#10      0.49s best:1354  next:[399,1353] no_lp (fixed_bools=0/212)
#11      0.49s best:1347  next:[399,1346] no_lp (fixed_bools=0/213)
#Bound   0.54s best:1347  next:[401,1346] objective_lb_search_no_lp
#Bound   0.55s best:1347  next:[403,1346] objective_lb_search_no_lp
#Bound   0.56s best:1347  next:[405,1346] objective_lb_search_no_lp
#Bound   0.57s best:1347  next:[406,1346] objective_lb_search_no_lp
#Bound   0.58s best:1347  next:[408,1346] objective_lb_search_no_lp
#Bound   0.58s best:1347  next:[414,1346] objective_lb_search_no_lp
#12      0.59s best:1328  next:[414,1327] graph_dec_lns (d=0.97 s=88 t=0.10 p=1.00 stall=7 h=auto_l0)
#Bound   0.59s best:1328  next:[415,1327] objective_lb_search_no_lp
#Bound   0.60s best:1328  next:[417,1327] objective_lb_search_no_lp
#13      0.60s best:1299  next:[417,1298] no_lp (fixed_bools=0/236)
#Bound   0.62s best:1299  next:[432,1298] objective_lb_search_no_lp
#Bound   0.63s best:1299  next:[437,1298] objective_lb_search_no_lp
#14      0.67s best:1294  next:[495,1293] quick_restart_no_lp (fixed_bools=0/210)
#15      0.68s best:1292  next:[495,1291] violation_ls(batch:10 #solutions_imported:6 #lin_moves:50'241 #lin_evals:255'129 #gen_moves:15'322 #gen_evals:2'448 #comp_moves:971 #backtracks:7'172 #weight_updates:19'941)
#16      0.69s best:1290  next:[495,1289] violation_ls(batch:11 #solutions_imported:7 #lin_moves:50'241 #lin_evals:255'143 #gen_moves:15'329 #gen_evals:2'448 #comp_moves:972 #backtracks:7'175 #weight_updates:19'941)
#17      0.74s best:1289  next:[495,1288] quick_restart_no_lp (fixed_bools=0/216)
#18      0.93s best:1202  next:[507,1201] no_lp (fixed_bools=0/256)
#19      0.98s best:1198  next:[508,1197] quick_restart_no_lp (fixed_bools=0/259)
#20      1.00s best:1197  next:[508,1196] violation_ls(batch:2 #solutions_imported:2 #lin_moves:146 #lin_evals:17'319 #gen_moves:7'263 #gen_evals:1'276 #comp_moves:774 #backtracks:3'242 #weight_updates:177)
#Bound   0.95s best:1202  next:[508,1201] objective_lb_search_no_lp [skipped_logs=4]
#21      1.02s best:1196  next:[508,1195] violation_ls(batch:6 #solutions_imported:3 #lin_moves:0 #lin_evals:78'944 #gen_moves:27'436 #gen_evals:6'068 #comp_moves:3'149 #backtracks:12'130 #weight_updates:154)
#22      1.04s best:1195  next:[508,1194] violation_ls(batch:4 #solutions_imported:4 #lin_moves:166 #lin_evals:19'864 #gen_moves:8'409 #gen_evals:1'560 #comp_moves:826 #backtracks:3'789 #weight_updates:209)
#23      1.05s best:1182  next:[508,1181] rins_pump_lns (d=0.71 s=148 t=0.10 p=1.00 stall=1 h=auto_l0)
#24      1.45s best:1165  next:[570,1164] no_lp (fixed_bools=0/314)
#25      1.56s best:1150  next:[573,1149] rnd_cst_lns (d=0.99 s=152 t=0.10 p=1.00 stall=10 h=auto_l0)
#26      1.83s best:1141  next:[619,1140] no_lp (fixed_bools=0/362)
#27      1.83s best:1139  next:[619,1138] violation_ls(batch:15 #solutions_imported:8 #lin_moves:78'354 #lin_evals:391'978 #gen_moves:22'225 #gen_evals:4'838 #comp_moves:1'335 #backtracks:10'438 #weight_updates:2'204)
#28      1.84s best:1121  next:[619,1120] quick_restart_no_lp (fixed_bools=4/380)
#29      1.89s best:1097  next:[619,1096] no_lp (fixed_bools=0/373)
#Bound   1.79s best:1150  next:[619,1149] objective_lb_search [skipped_logs=8]
#Bound   2.42s best:1097  next:[630,1096] objective_lb_search_no_lp [skipped_logs=1]
#Bound   3.95s best:1097  next:[648,1096] objective_lb_search_no_lp [skipped_logs=3]
#Bound   4.95s best:1097  next:[659,1096] objective_lb_search_no_lp [skipped_logs=3]
#Bound   5.83s best:1097  next:[671,1096] objective_lb_search_no_lp [skipped_logs=3]
#Bound   7.31s best:1097  next:[673,1096] objective_lb_search_no_lp
#Bound   7.94s best:1097  next:[677,1096] objective_lb_search_no_lp [skipped_logs=0]
#Bound   8.80s best:1097  next:[679,1096] objective_lb_search_no_lp [skipped_logs=0]
#Bound   9.18s best:1097  next:[681,1096] objective_lb_search_no_lp [skipped_logs=0]
#Bound  10.64s best:1097  next:[685,1096] objective_lb_search_no_lp [skipped_logs=2]
#Bound  11.65s best:1097  next:[688,1096] objective_lb_search_no_lp [skipped_logs=2]
#Bound  14.12s best:1097  next:[689,1096] objective_shaving_search_no_lp (vars=293 csts=2507)
#Bound  15.56s best:1097  next:[690,1096] objective_lb_search_no_lp
#Bound  15.75s best:1097  next:[691,1096] objective_lb_search_no_lp
#Bound  15.90s best:1097  next:[694,1096] objective_lb_search_no_lp [skipped_logs=0]
#Bound  16.98s best:1097  next:[703,1096] objective_lb_search_no_lp [skipped_logs=3]
#Bound  17.74s best:1097  next:[707,1096] objective_lb_search_no_lp [skipped_logs=2]
#Bound  18.60s best:1097  next:[712,1096] objective_lb_search_no_lp [skipped_logs=2]
#Bound  19.04s best:1097  next:[715,1096] objective_lb_search_no_lp [skipped_logs=0]
#Bound  20.56s best:1097  next:[716,1096] objective_lb_search_no_lp [skipped_logs=0]
#Bound  21.70s best:1097  next:[718,1096] objective_lb_search_no_lp [skipped_logs=1]
#Bound  22.72s best:1097  next:[720,1096] objective_lb_search_no_lp [skipped_logs=1]
#Bound  24.91s best:1097  next:[721,1096] objective_lb_search_no_lp
#Bound  25.21s best:1097  next:[722,1096] objective_lb_search_no_lp
#Bound  25.93s best:1097  next:[728,1096] objective_lb_search_no_lp [skipped_logs=2]
#Bound  26.91s best:1097  next:[730,1096] objective_lb_search_no_lp [skipped_logs=1]
#Bound  27.86s best:1097  next:[732,1096] objective_lb_search_no_lp [skipped_logs=0]
#Bound  28.60s best:1097  next:[737,1096] objective_lb_search_no_lp [skipped_logs=1]
#Bound  29.55s best:1097  next:[739,1096] objective_lb_search_no_lp [skipped_logs=0]
#Bound  33.07s best:1097  next:[743,1096] objective_lb_search_no_lp
#Bound  33.28s best:1097  next:[745,1096] objective_lb_search_no_lp
#Bound  33.51s best:1097  next:[746,1096] objective_lb_search_no_lp
#Bound  33.83s best:1097  next:[748,1096] objective_lb_search_no_lp [skipped_logs=0]
#Bound  34.44s best:1097  next:[749,1096] objective_lb_search_no_lp [skipped_logs=0]
#Bound  35.47s best:1097  next:[750,1096] objective_lb_search_no_lp [skipped_logs=0]
#Bound  36.41s best:1097  next:[751,1096] objective_lb_search_no_lp [skipped_logs=0]
#Bound  37.21s best:1097  next:[759,1096] objective_lb_search_no_lp [skipped_logs=0]
#Bound  38.41s best:1097  next:[775,1096] objective_lb_search_no_lp [skipped_logs=0]
#Bound  42.69s best:1097  next:[777,1096] objective_lb_search_no_lp
#Bound  42.98s best:1097  next:[778,1096] objective_lb_search_no_lp
#Bound  46.21s best:1097  next:[780,1096] objective_lb_search_no_lp
#Bound  47.24s best:1097  next:[781,1096] objective_lb_search_no_lp
#Bound  49.57s best:1097  next:[782,1096] objective_lb_search_no_lp
#Bound  52.77s best:1097  next:[783,1096] objective_lb_search_no_lp
#Bound  53.01s best:1097  next:[785,1096] objective_lb_search_no_lp
#Bound  55.47s best:1097  next:[786,1096] objective_lb_search_no_lp
#Bound  56.22s best:1097  next:[787,1096] objective_lb_search_no_lp
#Bound  58.92s best:1097  next:[791,1096] objective_lb_search_no_lp
#Bound  60.24s best:1097  next:[792,1096] objective_lb_search_no_lp
#Bound  61.28s best:1097  next:[793,1096] objective_lb_search_no_lp
#Bound  61.59s best:1097  next:[794,1096] objective_lb_search_no_lp
#Bound  62.49s best:1097  next:[795,1096] objective_lb_search_no_lp
#Bound  64.66s best:1097  next:[796,1096] objective_lb_search_no_lp
#Bound  66.33s best:1097  next:[798,1096] objective_lb_search_no_lp
#Bound  67.55s best:1097  next:[799,1096] objective_lb_search_no_lp
#Bound  72.18s best:1097  next:[800,1096] objective_lb_search_no_lp
#Bound  74.05s best:1097  next:[801,1096] objective_lb_search_no_lp
#Bound  74.87s best:1097  next:[802,1096] objective_lb_search_no_lp
#Bound  75.50s best:1097  next:[803,1096] objective_lb_search_no_lp
#Bound  79.01s best:1097  next:[804,1096] objective_lb_search_no_lp
#Bound  83.70s best:1097  next:[806,1096] objective_lb_search_no_lp
#Bound  84.87s best:1097  next:[810,1096] objective_lb_search_no_lp
#Bound  85.16s best:1097  next:[819,1096] objective_lb_search_no_lp
#Bound  86.61s best:1097  next:[821,1096] objective_lb_search_no_lp
#Bound  87.98s best:1097  next:[823,1096] objective_lb_search_no_lp
#Bound  91.41s best:1097  next:[826,1096] objective_lb_search_no_lp
#Bound  92.21s best:1097  next:[827,1096] objective_lb_search_no_lp
#Bound  92.86s best:1097  next:[829,1096] objective_lb_search_no_lp
#Bound  93.81s best:1097  next:[830,1096] objective_lb_search_no_lp
#Bound  95.31s best:1097  next:[832,1096] objective_lb_search_no_lp
#Bound  96.27s best:1097  next:[833,1096] objective_lb_search_no_lp
#Bound  97.17s best:1097  next:[835,1096] objective_lb_search_no_lp
#Bound  98.98s best:1097  next:[838,1096] objective_lb_search_no_lp
#Bound  99.93s best:1097  next:[839,1096] objective_lb_search_no_lp
#Bound 101.29s best:1097  next:[841,1096] objective_lb_search_no_lp
#Bound 102.92s best:1097  next:[842,1096] objective_lb_search_no_lp
#Bound 103.56s best:1097  next:[844,1096] objective_lb_search_no_lp
#Bound 105.13s best:1097  next:[845,1096] objective_lb_search_no_lp
#Bound 105.88s best:1097  next:[846,1096] objective_lb_search_no_lp
#Bound 110.17s best:1097  next:[847,1096] objective_lb_search_no_lp
#Bound 110.76s best:1097  next:[849,1096] objective_lb_search_no_lp
#Bound 124.49s best:1097  next:[850,1096] objective_lb_search_no_lp
#Bound 125.67s best:1097  next:[851,1096] objective_lb_search_no_lp
#Bound 130.15s best:1097  next:[852,1096] objective_lb_search_no_lp
#Bound 131.70s best:1097  next:[853,1096] objective_lb_search_no_lp
#Bound 137.19s best:1097  next:[854,1096] objective_lb_search_no_lp
#Bound 139.40s best:1097  next:[855,1096] objective_lb_search_no_lp
#Bound 140.91s best:1097  next:[856,1096] objective_lb_search_no_lp
#Bound 144.12s best:1097  next:[857,1096] objective_lb_search_no_lp
#Bound 148.90s best:1097  next:[858,1096] objective_lb_search_no_lp
#Bound 151.21s best:1097  next:[859,1096] objective_lb_search_no_lp
#Bound 153.44s best:1097  next:[860,1096] objective_lb_search_no_lp
#Bound 155.18s best:1097  next:[862,1096] objective_lb_search_no_lp
#Bound 159.34s best:1097  next:[869,1096] objective_lb_search_no_lp
#Bound 162.97s best:1097  next:[871,1096] objective_lb_search_no_lp
#Model 164.38s var:283/285 constraints:2467/2632
#Bound 171.56s best:1097  next:[873,1096] objective_lb_search_no_lp
#Bound 172.10s best:1097  next:[874,1096] objective_lb_search_no_lp
#Bound 173.80s best:1097  next:[875,1096] objective_lb_search_no_lp
#Bound 174.20s best:1097  next:[877,1096] objective_lb_search_no_lp
#Bound 174.61s best:1097  next:[879,1096] objective_lb_search_no_lp
#Bound 174.98s best:1097  next:[881,1096] objective_lb_search_no_lp
#Bound 175.54s best:1097  next:[882,1096] objective_lb_search_no_lp
#Bound 176.08s best:1097  next:[886,1096] objective_lb_search_no_lp
#Bound 176.49s best:1097  next:[888,1096] objective_lb_search_no_lp
#Bound 179.09s best:1097  next:[890,1096] objective_lb_search_no_lp
#Bound 179.54s best:1097  next:[897,1096] objective_lb_search_no_lp
#Model 179.99s var:282/285 constraints:2457/2632
#Model 180.07s var:281/285 constraints:2373/2632
#Bound 180.07s best:1097  next:[901,1096] objective_lb_search_no_lp
#Model 180.15s var:274/285 constraints:2233/2632
#Bound 180.37s best:1097  next:[923,1096] objective_lb_search_no_lp
#Bound 180.71s best:1097  next:[924,1096] objective_lb_search_no_lp
#Bound 181.21s best:1097  next:[934,1096] objective_lb_search_no_lp
#Model 181.44s var:273/285 constraints:2124/2632
#Bound 181.73s best:1097  next:[939,1096] objective_lb_search_no_lp
#Bound 182.33s best:1097  next:[940,1096] objective_lb_search_no_lp
#Model 182.34s var:272/285 constraints:2073/2632
#Model 182.35s var:271/285 constraints:1983/2632
#Model 182.60s var:270/285 constraints:1937/2632
#Bound 183.22s best:1097  next:[941,1096] objective_lb_search
#Bound 183.37s best:1097  next:[945,1096] objective_lb_search_no_lp
#Bound 183.71s best:1097  next:[952,1096] objective_lb_search_no_lp
#Model 183.89s var:269/285 constraints:1916/2632
#Bound 184.08s best:1097  next:[953,1096] objective_lb_search_no_lp
#Model 184.43s var:268/285 constraints:1815/2632
#Bound 184.72s best:1097  next:[967,1096] objective_lb_search_no_lp
#Model 184.85s var:267/285 constraints:1755/2632
#Bound 185.29s best:1097  next:[978,1096] objective_lb_search_no_lp
#Model 185.34s var:266/285 constraints:1687/2632
#Bound 185.44s best:1097  next:[986,1096] objective_lb_search_no_lp
#Model 185.52s var:262/285 constraints:1543/2632
#Bound 185.54s best:1097  next:[989,1096] objective_lb_search_no_lp
#Bound 185.54s best:1097  next:[990,1096] objective_lb_search_no_lp
#Bound 185.59s best:1097  next:[1003,1096] objective_lb_search_no_lp
#Bound 185.62s best:1097  next:[1014,1096] objective_lb_search_no_lp
#Bound 185.66s best:1097  next:[1034,1096] objective_lb_search_no_lp
#Bound 185.74s best:1097  next:[1061,1096] objective_lb_search_no_lp
#Bound 185.82s best:1097  next:[1062,1096] objective_lb_search_no_lp
#Bound 185.83s best:1097  next:[1065,1096] objective_lb_search_no_lp
#Bound 185.83s best:1097  next:[1067,1096] objective_lb_search_no_lp
#Model 185.83s var:261/285 constraints:1490/2632
#Bound 185.84s best:1097  next:[1078,1096] objective_lb_search_no_lp
#Bound 185.84s best:1097  next:[1079,1096] objective_lb_search_no_lp
#Bound 185.84s best:1097  next:[1081,1096] objective_lb_search_no_lp
#Bound 185.84s best:1097  next:[1085,1096] objective_lb_search_no_lp
#Bound 185.84s best:1097  next:[1090,1096] pseudo_costs
#Done  185.85s pseudo_costs
#Done  185.85s objective_lb_search_no_lp
#Model 185.85s var:258/285 constraints:1350/2632
#Done  185.85s core
#Model 185.85s var:256/285 constraints:1264/2632

Task timing                                  n [     min,      max]      avg      dev     time         n [     min,      max]      avg      dev    dtime
                             'core':         1 [   3.09m,    3.09m]    3.09m   0.00ns    3.09m         1 [   6.65m,    6.65m]    6.65m   0.00ns    6.65m
                       'default_lp':         1 [   3.09m,    3.09m]    3.09m   0.00ns    3.09m         1 [   1.33m,    1.33m]    1.33m   0.00ns    1.33m
                 'feasibility_pump':      1028 [ 63.33ms, 822.13ms]  76.27ms  27.32ms    1.31m      1027 [ 17.04ms,  48.04ms]  19.22ms 932.92us   19.74s
                  'fj_long_default':         0 [  0.00ns,   0.00ns]   0.00ns   0.00ns   0.00ns         0 [  0.00ns,   0.00ns]   0.00ns   0.00ns   0.00ns
              'fj_long_lin_default':         0 [  0.00ns,   0.00ns]   0.00ns   0.00ns   0.00ns         0 [  0.00ns,   0.00ns]   0.00ns   0.00ns   0.00ns
                   'fj_long_random':         0 [  0.00ns,   0.00ns]   0.00ns   0.00ns   0.00ns         0 [  0.00ns,   0.00ns]   0.00ns   0.00ns   0.00ns
                 'fj_short_default':         1 [ 73.93ms,  73.93ms]  73.93ms   0.00ns  73.93ms         1 [ 71.95ms,  71.95ms]  71.95ms   0.00ns  71.95ms
             'fj_short_lin_default':         0 [  0.00ns,   0.00ns]   0.00ns   0.00ns   0.00ns         0 [  0.00ns,   0.00ns]   0.00ns   0.00ns   0.00ns
              'fj_short_lin_random':         0 [  0.00ns,   0.00ns]   0.00ns   0.00ns   0.00ns         0 [  0.00ns,   0.00ns]   0.00ns   0.00ns   0.00ns
                  'fj_short_random':         0 [  0.00ns,   0.00ns]   0.00ns   0.00ns   0.00ns         0 [  0.00ns,   0.00ns]   0.00ns   0.00ns   0.00ns
                        'fs_random':         1 [ 74.07ms,  74.07ms]  74.07ms   0.00ns  74.07ms         0 [  0.00ns,   0.00ns]   0.00ns   0.00ns   0.00ns
                        'fs_random':         1 [ 81.00ms,  81.00ms]  81.00ms   0.00ns  81.00ms         1 [ 20.00ns,  20.00ns]  20.00ns   0.00ns  20.00ns
                  'fs_random_no_lp':         1 [ 20.19ms,  20.19ms]  20.19ms   0.00ns  20.19ms         0 [  0.00ns,   0.00ns]   0.00ns   0.00ns   0.00ns
                  'fs_random_no_lp':         1 [ 52.20ms,  52.20ms]  52.20ms   0.00ns  52.20ms         0 [  0.00ns,   0.00ns]   0.00ns   0.00ns   0.00ns
          'fs_random_quick_restart':         1 [ 73.35ms,  73.35ms]  73.35ms   0.00ns  73.35ms         0 [  0.00ns,   0.00ns]   0.00ns   0.00ns   0.00ns
          'fs_random_quick_restart':         1 [ 75.06ms,  75.06ms]  75.06ms   0.00ns  75.06ms         0 [  0.00ns,   0.00ns]   0.00ns   0.00ns   0.00ns
    'fs_random_quick_restart_no_lp':         1 [ 67.66ms,  67.66ms]  67.66ms   0.00ns  67.66ms         0 [  0.00ns,   0.00ns]   0.00ns   0.00ns   0.00ns
                    'graph_arc_lns':      1028 [  2.48ms,    1.22s] 409.69ms 231.49ms    7.02m       988 [ 10.00ns, 155.14ms]  78.55ms  49.45ms    1.29m
                    'graph_cst_lns':      1028 [  1.02ms, 970.79ms] 309.76ms 253.84ms    5.31m       767 [ 10.00ns, 182.34ms]  76.07ms  46.83ms   58.34s
                    'graph_dec_lns':      1028 [  2.68ms,    1.13s] 416.02ms 222.31ms    7.13m       993 [ 20.00ns, 260.00ms]  80.21ms  48.64ms    1.33m
                    'graph_var_lns':      1028 [  8.88ms,    1.27s] 418.42ms 216.42ms    7.17m       986 [ 20.00ns, 197.14ms]  82.03ms  46.45ms    1.35m
                   'lb_tree_search':         1 [   3.09m,    3.09m]    3.09m   0.00ns    3.09m         1 [   1.98m,    1.98m]    1.98m   0.00ns    1.98m
                           'max_lp':         1 [   3.09m,    3.09m]    3.09m   0.00ns    3.09m         1 [   1.60m,    1.60m]    1.60m   0.00ns    1.60m
                            'no_lp':         1 [   3.09m,    3.09m]    3.09m   0.00ns    3.09m         1 [   1.09m,    1.09m]    1.09m   0.00ns    1.09m
              'objective_lb_search':         1 [   3.09m,    3.09m]    3.09m   0.00ns    3.09m         1 [   1.34m,    1.34m]    1.34m   0.00ns    1.34m
       'objective_lb_search_max_lp':         1 [   3.09m,    3.09m]    3.09m   0.00ns    3.09m         1 [   2.18m,    2.18m]    2.18m   0.00ns    2.18m
        'objective_lb_search_no_lp':         1 [   3.09m,    3.09m]    3.09m   0.00ns    3.09m         1 [  47.64s,   47.64s]   47.64s   0.00ns   47.64s
  'objective_shaving_search_max_lp':       166 [  2.37ms,   13.72s]    1.11s    1.63s    3.07m       154 [367.25us,    4.57s] 349.99ms 548.09ms   53.90s
   'objective_shaving_search_no_lp':       166 [  7.54ms,   13.72s]    1.11s    1.63s    3.07m       155 [357.35us,    3.23s] 243.30ms 381.80ms   37.71s
                          'probing':         1 [   3.09m,    3.09m]    3.09m   0.00ns    3.09m         1 [   2.07m,    2.07m]    2.07m   0.00ns    2.07m
                   'probing_max_lp':         1 [   3.09m,    3.09m]    3.09m   0.00ns    3.09m         1 [   1.99m,    1.99m]    1.99m   0.00ns    1.99m
                     'pseudo_costs':         1 [   3.09m,    3.09m]    3.09m   0.00ns    3.09m         1 [   1.48m,    1.48m]    1.48m   0.00ns    1.48m
                    'quick_restart':         1 [   3.09m,    3.09m]    3.09m   0.00ns    3.09m         1 [   1.75m,    1.75m]    1.75m   0.00ns    1.75m
              'quick_restart_no_lp':         1 [   3.09m,    3.09m]    3.09m   0.00ns    3.09m         1 [   1.95m,    1.95m]    1.95m   0.00ns    1.95m
                    'reduced_costs':         1 [   3.09m,    3.09m]    3.09m   0.00ns    3.09m         1 [   1.66m,    1.66m]    1.66m   0.00ns    1.66m
                        'rins/rens':      1029 [ 66.84us, 834.02ms] 264.72ms 186.93ms    4.54m       823 [ 10.00ns, 115.20ms]  74.42ms  34.30ms    1.02m
                      'rnd_cst_lns':      1028 [  2.91ms,    1.03s] 423.01ms 211.70ms    7.25m      1001 [ 10.00ns, 199.57ms]  80.60ms  47.44ms    1.34m
                      'rnd_var_lns':      1028 [  2.52ms,    1.06s] 403.55ms 220.01ms    6.91m      1000 [ 10.00ns, 180.51ms]  78.04ms  48.94ms    1.30m
                     'violation_ls':      1028 [  2.89ms, 161.84ms]  46.83ms  10.32ms   48.14s      1028 [  1.35us, 158.70ms]  71.24ms  24.79ms    1.22m
                     'violation_ls':      1028 [  3.56ms, 703.46ms]  46.61ms  23.26ms   47.92s      1028 [960.00ns, 170.25ms]  68.88ms  26.98ms    1.18m
                     'violation_ls':      1028 [  7.99ms, 559.13ms]  45.62ms  18.66ms   46.90s      1028 [ 12.20us, 166.36ms]  65.23ms  24.07ms    1.12m

Search stats                        Bools  Conflicts   Branches  Restarts   BoolPropag  IntegerPropag
                           'core':  5'023    167'652    518'941    39'163  281'869'953    114'020'101
                     'default_lp':     89     99'787    553'274    72'476    3'059'293    109'088'057
                      'fs_random':     89          0          0         0            0              0
                      'fs_random':     89          0          0         0            0              0
                'fs_random_no_lp':    115          0        275       179           48          8'293
                'fs_random_no_lp':     89          0          0         0            0              0
        'fs_random_quick_restart':     89          0          0         0            0              0
        'fs_random_quick_restart':     89          0          0         0            0              0
  'fs_random_quick_restart_no_lp':     89          0          0         0            0              0
                 'lb_tree_search':     89        419    319'094    42'237      542'425     26'379'547
                         'max_lp':     89     51'685    657'767   103'524    2'957'988     91'802'374
                          'no_lp':  1'503    277'367    614'857    53'191  109'754'523    217'597'026
            'objective_lb_search':    336     74'537    663'979   118'325    6'220'999    110'449'225
     'objective_lb_search_max_lp':    265     35'105    519'415   126'758    2'547'267     62'592'187
      'objective_lb_search_no_lp':    473    260'038    531'014    31'487    8'858'257    197'847'456
                        'probing':    481        283      7'161     4'043       42'469        302'513
                 'probing_max_lp':    481        279      5'041     2'981       33'679        238'529
                   'pseudo_costs':     89     72'101    532'417    77'140    2'638'989     90'655'521
                  'quick_restart':  2'661     32'118    669'987   105'447   56'636'467     77'782'644
            'quick_restart_no_lp':  4'757    278'299  1'118'944    65'543  322'392'794    177'105'874
                  'reduced_costs':  6'417     90'620    573'056    50'796  136'938'380     76'031'903

SAT stats                           ClassicMinim  LitRemoved  LitLearned  LitForgotten  Subsumed  MClauses  MDecisions  MLitTrue  MSubsumed  MLitRemoved  MReused
                           'core':       154'599   1'086'453   1'565'196        53'595       510    18'267      90'147         0      1'443        5'137      111
                     'default_lp':        69'003     197'164   1'281'629       761'370     2'589    38'748     417'641         0      4'562       31'844    6'795
                      'fs_random':             0           0           0             0         0         0           0         0          0            0        0
                      'fs_random':             0           0           0             0         0         0           0         0          0            0        0
                'fs_random_no_lp':             0           0           0             0         0         0           0         0          0            0        0
                'fs_random_no_lp':             0           0           0             0         0         0           0         0          0            0        0
        'fs_random_quick_restart':             0           0           0             0         0         0           0         0          0            0        0
        'fs_random_quick_restart':             0           0           0             0         0         0           0         0          0            0        0
  'fs_random_quick_restart_no_lp':             0           0           0             0         0         0           0         0          0            0        0
                 'lb_tree_search':            31          38       2'142             0         2    18'882      94'883         0         88          358    1'331
                         'max_lp':        34'281      84'409     638'738       261'892     1'577    52'879     575'367         0      2'878       19'556    9'918
                          'no_lp':       221'245   1'188'466   4'321'047     3'677'576     3'678    29'003     222'377        18      8'274       47'728    4'098
            'objective_lb_search':        50'621     117'164     774'256        85'405     2'311    58'145     528'779         0      4'378       28'302    9'813
     'objective_lb_search_max_lp':        19'844      45'442     362'385        30'009     1'822    54'494     403'662         0      1'273        8'548    7'386
      'objective_lb_search_no_lp':       204'419     719'831   2'523'584     1'049'919     5'084    20'042     211'489         0     10'483       77'516    3'629
                        'probing':             1           1         284             0         0         0           0         0          0            0        0
                 'probing_max_lp':             0           0         279             0         0         0           0         0          0            0        0
                   'pseudo_costs':        45'369     107'154     875'136       426'378     2'383    40'905     424'417        18      6'908       50'490    8'173
                  'quick_restart':        22'993      83'660     357'969       123'203     1'261    52'857     496'130        31      7'169       44'052    8'097
            'quick_restart_no_lp':       228'603   1'331'155   3'869'231     2'920'424     2'876    27'931     229'452        51     17'607      125'184    2'078
                  'reduced_costs':        69'544     332'770   1'203'784       662'978     1'399    30'688     281'633        27     11'288       79'745    6'066

Lp stats                         Component  Iterations  AddedCuts  OPTIMAL  DUAL_F.  DUAL_U.
                  'default_lp':          1     904'512     45'750  139'518        0        0
                   'fs_random':          1           0          0        0        0        0
                   'fs_random':          1           0          0        0        0        0
     'fs_random_quick_restart':          1           0          0        0        0        0
     'fs_random_quick_restart':          1           0          0        0        0        0
              'lb_tree_search':          1   2'931'668     17'949  162'304   46'656        0
                      'max_lp':          1   1'595'432     30'827   84'908   20'782       41
         'objective_lb_search':          1     938'999     41'443  106'176        0        0
  'objective_lb_search_max_lp':          1   1'907'131     19'904   61'537   16'644       25
                     'probing':          1     652'203     52'679   21'390        1        0
              'probing_max_lp':          1     677'949     28'937   12'747    2'315        0
                'pseudo_costs':          1   1'547'382     53'656  105'803   32'864       32
               'quick_restart':          1   1'137'609     44'015   91'698        0        5
               'reduced_costs':          1   1'520'538     72'315  122'526   38'584        4

Lp dimension                                                                       Final dimension of first component
                  'default_lp':     247 rows, 274 columns, 939 entries with magnitude in [5.563128e-03, 1.000000e+00]
                   'fs_random':         0 rows, 274 columns, 0 entries with magnitude in [0.000000e+00, 0.000000e+00]
                   'fs_random':         0 rows, 274 columns, 0 entries with magnitude in [0.000000e+00, 0.000000e+00]
     'fs_random_quick_restart':         0 rows, 274 columns, 0 entries with magnitude in [0.000000e+00, 0.000000e+00]
     'fs_random_quick_restart':         0 rows, 274 columns, 0 entries with magnitude in [0.000000e+00, 0.000000e+00]
              'lb_tree_search':    466 rows, 285 columns, 1682 entries with magnitude in [9.666388e-03, 1.000000e+00]
                      'max_lp':    666 rows, 285 columns, 2366 entries with magnitude in [2.754193e-03, 1.000000e+00]
         'objective_lb_search':    405 rows, 274 columns, 1326 entries with magnitude in [1.120277e-03, 1.000000e+00]
  'objective_lb_search_max_lp':    700 rows, 285 columns, 2440 entries with magnitude in [7.062157e-03, 1.000000e+00]
                     'probing':  1097 rows, 274 columns, 14368 entries with magnitude in [2.506269e-06, 1.000000e+00]
              'probing_max_lp':    946 rows, 285 columns, 5096 entries with magnitude in [1.963082e-03, 1.000000e+00]
                'pseudo_costs':    555 rows, 285 columns, 1294 entries with magnitude in [2.940448e-03, 1.000000e+00]
               'quick_restart':    517 rows, 274 columns, 2526 entries with magnitude in [4.218103e-04, 1.000000e+00]
               'reduced_costs':     206 rows, 285 columns, 736 entries with magnitude in [2.120092e-02, 1.000000e+00]

Lp debug                         CutPropag  CutEqPropag  Adjust  Overflow        Bad  BadScaling
                  'default_lp':         11          414  70'987         0    346'944           0
                   'fs_random':          0            0       0         0          0           0
                   'fs_random':          0            0       0         0          0           0
     'fs_random_quick_restart':          0            0       0         0          0           0
     'fs_random_quick_restart':          0            0       0         0          0           0
              'lb_tree_search':         36           17  91'365         0    152'613           0
                      'max_lp':         62          107  30'555         0    375'887           0
         'objective_lb_search':          6          208  56'752         0    468'236           0
  'objective_lb_search_max_lp':         78           99  33'723         0    423'751           0
                     'probing':         10          587  18'362         0  7'620'780           0
              'probing_max_lp':        103          268  14'575         0  6'763'736           0
                'pseudo_costs':        288           85  59'317         0    437'906           0
               'quick_restart':         44          143  48'647         0    994'878           0
               'reduced_costs':        236          118  80'695         0    569'570           0

Lp pool                          Constraints  Updates  Simplif  Merged  Shortened    Split  Strenghtened       Cuts/Call
                  'default_lp':        9'670    3'907   27'320     392     11'816   51'509        14'390  45'750/133'531
                   'fs_random':          312        0        0       0          0        0             0             0/0
                   'fs_random':          312        0        0       0          0        0             0             0/0
     'fs_random_quick_restart':          312        0        0       0          0        0             0             0/0
     'fs_random_quick_restart':          312        0        0       0          0        0             0             0/0
              'lb_tree_search':       12'254    1'509   99'371     325      9'459    3'637        90'006   17'949/86'325
                      'max_lp':       12'111    2'333  151'740     346     12'622   23'109       117'796   30'827/90'948
         'objective_lb_search':        9'529    4'492  106'442     226     16'566   56'067        23'935  41'443/116'197
  'objective_lb_search_max_lp':       12'381    2'429  166'589     153     15'339   24'458       128'748   19'904/66'017
                     'probing':        9'960    8'997   47'389      31     10'411   84'353        11'726   52'679/98'599
              'probing_max_lp':       12'528    4'301  112'490      39     12'026   60'321        85'661   28'937/72'249
                'pseudo_costs':       11'725    2'992  242'631     561     23'107   20'143       143'993  53'656/137'345
               'quick_restart':        9'181    5'791  334'636     146     19'086  223'687        64'039  44'015/125'961
               'reduced_costs':       11'230    2'797  165'398     715     13'824   30'837       138'772  72'315/183'857

Lp Cut            defaul  max_lp  quick_  reduce  pseudo  lb_tre  probin  object  probin  object
          CG_FF:   2'095   1'199     929   3'708   2'495     672     463   1'588     379     320
           CG_K:   1'704     777     671   2'865   2'090     471     378   1'178     189     175
           CG_R:   2'620     786   1'533   3'192   2'112     446   1'233   1'743     243     183
          CG_RB:  13'276   3'661  19'045   9'340   7'057   2'939  19'838  15'567   1'431   1'975
         CG_RBP:   2'661     363   2'423   1'598     940     296   2'591   2'866     202     126
         Clique:       -     166       -     514     377     152       -       -     120     171
             IB:   8'142   3'814   4'279   9'408   6'179   1'692   2'657   5'937     755   1'788
       MIR_1_FF:   1'273   1'533   1'066   3'372   2'501     898     992     927     716   1'065
        MIR_1_K:     426     447     255   1'245     997     251     180     310      88     288
       MIR_1_KL:      24      12      19      43      18       3      57       5       7       1
        MIR_1_R:     417     220     270     679     414     113     530     288     141     104
       MIR_1_RB:   2'301   3'090   2'584   6'861   5'059   1'644   3'689   2'081   1'613   2'280
      MIR_1_RBP:      90     446     164     986     675     248     279     113     147     209
      MIR_1_RLT:       -      23       -      50      29      14       -       -      20      14
       MIR_2_FF:     742   1'143     721   2'193   1'663     686     704     604     498     741
        MIR_2_K:     310     302     213     828     649     194     177     224     124     218
       MIR_2_KL:      14       9      20      49      23       5      37       8       7       1
        MIR_2_R:     353     512     332     955     807     248     640     287     562     432
       MIR_2_RB:   1'585   1'930   1'716   3'851   3'108   1'025   2'241   1'357   1'166   1'455
      MIR_2_RBP:     129     361     157     799     525     184     233     113     119     183
       MIR_3_FF:     449     727     476   1'440   1'158     421     444     388     358     500
        MIR_3_K:     202     232     150     622     524     207     131     183     101     183
       MIR_3_KL:      13      10      15      50      20       5      28       6       2       4
        MIR_3_R:     276     346     296     711     596     203     462     229     451     353
       MIR_3_RB:   1'059   1'079   1'141   2'272   1'733     584   1'442     949     799     884
      MIR_3_RBP:     125     159      98     409     288     109     181      80     104     105
       MIR_4_FF:     319     387     307     807     646     236     302     260     173     265
        MIR_4_K:     117     156     105     389     325     106      94     126      58      93
       MIR_4_KL:      17       8      10      29      14       4      20       8       3       3
        MIR_4_R:     257     219     278     452     438     134     334     226     219     195
       MIR_4_RB:     762     539     648   1'101     892     275     817     594     493     409
      MIR_4_RBP:      86     104      62     242     180      62      89      63      49      52
       MIR_5_FF:     209     191     189     409     324     116     160     149      75     111
        MIR_5_K:      74      88      60     230     184      68      48      57      23      48
       MIR_5_KL:       5       4       8      15       7       3      16       2       4       2
        MIR_5_R:     224     133     153     271     242      79     176     135     101      69
       MIR_5_RB:     380     280     364     610     485     144     489     305     193     178
      MIR_5_RBP:      60      63      43     167     118      46      46      32      20      40
       MIR_6_FF:     118      81     110     217     163      52      97      73      33      55
        MIR_6_K:      51      41      26     122      99      34      24      29       8      25
       MIR_6_KL:       4       3      10       4       2       -      13       4       1       1
        MIR_6_R:     119      55      80     141     112      47      69      90      34      35
       MIR_6_RB:     221     131     219     325     260      78     226     153      81      90
      MIR_6_RBP:      45      45      11     116      93      32      36      18      12      30
   ZERO_HALF_FF:     312     338     187     868     649     213     124     249     127     155
    ZERO_HALF_K:     109     131      43     367     307      70      35      91      41      53
    ZERO_HALF_R:   1'131   3'414   1'634   4'924   4'187   1'681   7'123   1'003  13'617   3'445
   ZERO_HALF_RB:     732     882     756   1'973   1'532     635   2'436     659   2'795     676
  ZERO_HALF_RBP:     112     187     139     496     360     124     298      86     435     116

LNS stats           Improv/Calls  Closed  Difficulty  TimeLimit
  'graph_arc_lns':       34/1028     51%        0.99       0.14
  'graph_cst_lns':        29/800     52%        0.99       0.13
  'graph_dec_lns':       31/1028     51%        0.99       0.14
  'graph_var_lns':       39/1028     51%        0.99       0.14
      'rins/rens':       101/916     52%        0.93       0.10
    'rnd_cst_lns':       21/1027     51%        0.99       0.14
    'rnd_var_lns':       33/1028     52%        0.99       0.14

LS stats                   Batches  Restarts   LinMoves   GenMoves  CompoundMoves  WeightUpdates
       'fj_long_default':        0         0          0          0              0              0
   'fj_long_lin_default':        0         0          0          0              0              0
        'fj_long_random':        0         0          0          0              0              0
      'fj_short_default':        1         1          0      3'212            398              2
  'fj_short_lin_default':        0         0          0          0              0              0
   'fj_short_lin_random':        0         0          0          0              0              0
       'fj_short_random':        0         0          0          0              0              0
          'violation_ls':    1'028         0  4'608'908  3'082'759        144'447        405'961
          'violation_ls':    1'028         0  5'459'535  2'312'880         98'234        623'749
          'violation_ls':    1'028         0  7'042'994  1'174'675        104'402      1'028'153

Solutions (29)            Num     Rank
      'fs_random_no_lp':    1    [1,1]
        'graph_dec_lns':    1  [12,12]
                'no_lp':   14   [2,29]
  'quick_restart_no_lp':    5   [8,28]
        'rins_pump_lns':    1  [23,23]
          'rnd_cst_lns':    1  [25,25]
         'violation_ls':    6  [15,27]

Objective bounds                     Num
                  'initial_domain':    1
             'objective_lb_search':    5
       'objective_lb_search_no_lp':  185
  'objective_shaving_search_no_lp':    2
                    'pseudo_costs':    1

Solution repositories     Added  Queried  Ignored  Synchro
  'feasible solutions':   6'551   18'228        7    6'032
        'lp solutions':   3'491      475        0    2'781
                'pump':  21'526      552

Improving bounds shared            Num
                        'core':     52
                  'default_lp':     64
             'fs_random_no_lp':      8
              'lb_tree_search':     47
                      'max_lp':    168
                       'no_lp':     46
         'objective_lb_search':     28
  'objective_lb_search_max_lp':     88
   'objective_lb_search_no_lp':     47
                     'probing':  1'057
              'probing_max_lp':    556
                'pseudo_costs':    311
               'quick_restart':    192
         'quick_restart_no_lp':  2'369
               'reduced_costs':    503

Clauses shared                   Num
                        'core':    4
                  'default_lp':   19
              'lb_tree_search':   13
                      'max_lp':   42
                       'no_lp':   30
         'objective_lb_search':   61
  'objective_lb_search_max_lp':    5
   'objective_lb_search_no_lp':    3
                     'probing':    1
                'pseudo_costs':  167
               'quick_restart':    5
         'quick_restart_no_lp':   63
               'reduced_costs':   24

CpSolverResponse summary:
status: OPTIMAL
objective: 1097
best_bound: 1097
integers: 275
booleans: 89
conflicts: 0
branches: 0
propagations: 0
integer_propagations: 0
restarts: 0
lp_iterations: 0
walltime: 185.962
usertime: 185.962
deterministic_time: 2510.24
gap_integral: 7860.52
solution_fingerprint: 0x549085da67e56f

