created virtual environment CPython3.12.4.final.0-64 in 4792ms
  creator CPython3Posix(dest=/localscratch/aneumann.63393183.0/env, clear=False, no_vcs_ignore=False, global=False)
  seeder FromAppData(download=False, pip=bundle, via=copy, app_data_dir=/home/aneumann/.local/share/virtualenv)
    added seed packages: pip==25.1.1
  activators BashActivator,CShellActivator,FishActivator,NushellActivator,PowerShellActivator,PythonActivator
Looking in links: /cvmfs/soft.computecanada.ca/custom/python/wheelhouse/gentoo2023/x86-64-v3, /cvmfs/soft.computecanada.ca/custom/python/wheelhouse/gentoo2023/generic, /cvmfs/soft.computecanada.ca/custom/python/wheelhouse/generic
Requirement already satisfied: pip in /localscratch/aneumann.63393183.0/env/lib/python3.12/site-packages (25.1.1)
Looking in links: /cvmfs/soft.computecanada.ca/custom/python/wheelhouse/gentoo2023/x86-64-v3, /cvmfs/soft.computecanada.ca/custom/python/wheelhouse/gentoo2023/generic, /cvmfs/soft.computecanada.ca/custom/python/wheelhouse/generic
ERROR: protobuf-5.28.3-cp38-abi3-manylinux2014_x86_64.whl is not a supported wheel on this platform.
Looking in links: /cvmfs/soft.computecanada.ca/custom/python/wheelhouse/gentoo2023/x86-64-v3, /cvmfs/soft.computecanada.ca/custom/python/wheelhouse/gentoo2023/generic, /cvmfs/soft.computecanada.ca/custom/python/wheelhouse/generic
Processing /home/aneumann/projects/def-adhaj/aneumann/GNRS/wheels/immutabledict-4.2.0-py3-none-any.whl
Installing collected packages: immutabledict
Successfully installed immutabledict-4.2.0
Looking in links: /cvmfs/soft.computecanada.ca/custom/python/wheelhouse/gentoo2023/x86-64-v3, /cvmfs/soft.computecanada.ca/custom/python/wheelhouse/gentoo2023/generic, /cvmfs/soft.computecanada.ca/custom/python/wheelhouse/generic
Processing /cvmfs/soft.computecanada.ca/custom/python/wheelhouse/generic/ortools-9.10.4067+computecanada-cp312-cp312-linux_x86_64.whl (from -r /home/aneumann/projects/def-adhaj/aneumann/GNRS/requirements/or.txt (line 1))
Processing /cvmfs/soft.computecanada.ca/custom/python/wheelhouse/gentoo2023/x86-64-v3/matplotlib-3.10.0+computecanada-cp312-cp312-linux_x86_64.whl (from -r /home/aneumann/projects/def-adhaj/aneumann/GNRS/requirements/or.txt (line 2))
Processing /cvmfs/soft.computecanada.ca/custom/python/wheelhouse/gentoo2023/x86-64-v3/pandas-2.2.3+computecanada-cp312-cp312-linux_x86_64.whl (from -r /home/aneumann/projects/def-adhaj/aneumann/GNRS/requirements/or.txt (line 3))
Processing /cvmfs/soft.computecanada.ca/custom/python/wheelhouse/generic/absl_py-2.2.2+computecanada-py3-none-any.whl (from ortools<9.11,>=9.10->-r /home/aneumann/projects/def-adhaj/aneumann/GNRS/requirements/or.txt (line 1))
Processing /cvmfs/soft.computecanada.ca/custom/python/wheelhouse/gentoo2023/generic/numpy-2.2.2+computecanada-cp312-cp312-linux_x86_64.whl (from ortools<9.11,>=9.10->-r /home/aneumann/projects/def-adhaj/aneumann/GNRS/requirements/or.txt (line 1))
Processing /cvmfs/soft.computecanada.ca/custom/python/wheelhouse/gentoo2023/x86-64-v3/protobuf-6.30.2+computecanada-cp312-cp312-linux_x86_64.whl (from ortools<9.11,>=9.10->-r /home/aneumann/projects/def-adhaj/aneumann/GNRS/requirements/or.txt (line 1))
Requirement already satisfied: immutabledict>=3.0.0 in /localscratch/aneumann.63393183.0/env/lib/python3.12/site-packages (from ortools<9.11,>=9.10->-r /home/aneumann/projects/def-adhaj/aneumann/GNRS/requirements/or.txt (line 1)) (4.2.0)
Processing /cvmfs/soft.computecanada.ca/custom/python/wheelhouse/gentoo2023/generic/contourpy-1.3.1+computecanada-cp312-cp312-linux_x86_64.whl (from matplotlib->-r /home/aneumann/projects/def-adhaj/aneumann/GNRS/requirements/or.txt (line 2))
Processing /cvmfs/soft.computecanada.ca/custom/python/wheelhouse/generic/cycler-0.12.1+computecanada-py3-none-any.whl (from matplotlib->-r /home/aneumann/projects/def-adhaj/aneumann/GNRS/requirements/or.txt (line 2))
Processing /cvmfs/soft.computecanada.ca/custom/python/wheelhouse/generic/fonttools-4.58.2+computecanada-cp312-cp312-linux_x86_64.whl (from matplotlib->-r /home/aneumann/projects/def-adhaj/aneumann/GNRS/requirements/or.txt (line 2))
Processing /cvmfs/soft.computecanada.ca/custom/python/wheelhouse/gentoo2023/x86-64-v3/kiwisolver-1.4.8+computecanada-cp312-cp312-linux_x86_64.whl (from matplotlib->-r /home/aneumann/projects/def-adhaj/aneumann/GNRS/requirements/or.txt (line 2))
Processing /cvmfs/soft.computecanada.ca/custom/python/wheelhouse/generic/packaging-25.0+computecanada-py3-none-any.whl (from matplotlib->-r /home/aneumann/projects/def-adhaj/aneumann/GNRS/requirements/or.txt (line 2))
Processing /cvmfs/soft.computecanada.ca/custom/python/wheelhouse/gentoo2023/x86-64-v3/pillow-11.1.0+computecanada-cp312-cp312-linux_x86_64.whl (from matplotlib->-r /home/aneumann/projects/def-adhaj/aneumann/GNRS/requirements/or.txt (line 2))
Processing /cvmfs/soft.computecanada.ca/custom/python/wheelhouse/generic/pyparsing-3.2.1+computecanada-py3-none-any.whl (from matplotlib->-r /home/aneumann/projects/def-adhaj/aneumann/GNRS/requirements/or.txt (line 2))
Processing /cvmfs/soft.computecanada.ca/custom/python/wheelhouse/generic/python_dateutil-2.9.0.post0+computecanada-py2.py3-none-any.whl (from matplotlib->-r /home/aneumann/projects/def-adhaj/aneumann/GNRS/requirements/or.txt (line 2))
Processing /cvmfs/soft.computecanada.ca/custom/python/wheelhouse/generic/pytz-2025.2+computecanada-py2.py3-none-any.whl (from pandas->-r /home/aneumann/projects/def-adhaj/aneumann/GNRS/requirements/or.txt (line 3))
Processing /cvmfs/soft.computecanada.ca/custom/python/wheelhouse/generic/tzdata-2025.2+computecanada-py2.py3-none-any.whl (from pandas->-r /home/aneumann/projects/def-adhaj/aneumann/GNRS/requirements/or.txt (line 3))
Processing /cvmfs/soft.computecanada.ca/custom/python/wheelhouse/generic/six-1.17.0+computecanada-py2.py3-none-any.whl (from python-dateutil>=2.7->matplotlib->-r /home/aneumann/projects/def-adhaj/aneumann/GNRS/requirements/or.txt (line 2))
Installing collected packages: pytz, tzdata, six, pyparsing, protobuf, pillow, packaging, numpy, kiwisolver, fonttools, cycler, absl-py, python-dateutil, contourpy, pandas, matplotlib, ortools

Successfully installed absl-py-2.2.2+computecanada contourpy-1.3.1+computecanada cycler-0.12.1+computecanada fonttools-4.58.2+computecanada kiwisolver-1.4.8+computecanada matplotlib-3.10.0+computecanada numpy-2.2.2+computecanada ortools-9.10.4067+computecanada packaging-25.0+computecanada pandas-2.2.3+computecanada pillow-11.1.0+computecanada protobuf-6.30.2+computecanada pyparsing-3.2.1+computecanada python-dateutil-2.9.0.post0+computecanada pytz-2025.2+computecanada six-1.17.0+computecanada tzdata-2025.2+computecanada

Starting CP-SAT solver v9.10.4067
Parameters: max_time_in_seconds: 3600 max_memory_in_mb: 12000 log_search_progress: true enumerate_all_solutions: false absolute_gap_limit: 0 relative_gap_limit: 0
Setting number of workers to 48

Initial optimization model '': (model_fingerprint: 0x8e92fde36367e960)
#Variables: 154 (#ints: 5 in objective)
  - 101 Booleans in [0,1]
  - 53 in [0,408]
#kLinear1: 25
#kLinear2: 182
#kLinear3: 54
#kLinearN: 530 (#terms: 4'585)

Starting presolve at 0.00s
  1.96e-04s  0.00e+00d  [DetectDominanceRelations] 
  6.54e-03s  0.00e+00d  [PresolveToFixPoint] #num_loops=6 #num_dual_strengthening=3 
  1.43e-05s  0.00e+00d  [ExtractEncodingFromLinear] #potential_supersets=2 
[Symmetry] Graph for symmetry has 750 nodes and 2'547 arcs.
[Symmetry] Symmetry computation done. time: 0.000435987 dtime: 0.00026838
[Symmetry] #generators: 1, average support size: 12
[Symmetry] The model contains 104 duplicate constraints !
[Symmetry] 6 orbits with sizes: 2,2,2,2,2,2
[Symmetry] Num fixable by intersecting at_most_one with orbits: 1 largest_orbit: 2
  1.52e-03s  1.30e-04d  [Probe] #probed=128 #fixed_bools=3 #new_bounds=20 #equiv=1 
  3.04e-05s  0.00e+00d  [MaxClique] Merged 12(24 literals) into 5(10 literals) at_most_ones. 
  1.81e-04s  0.00e+00d  [DetectDominanceRelations] 
  2.85e-03s  0.00e+00d  [PresolveToFixPoint] #num_loops=4 #num_dual_strengthening=3 
  4.63e-04s  0.00e+00d  [ProcessAtMostOneAndLinear] 
  5.22e-04s  0.00e+00d  [DetectDuplicateConstraints] #duplicates=128 #without_enforcements=31 
  1.32e-04s  3.91e-06d  [DetectDominatedLinearConstraints] #relevant_constraints=196 #num_inclusions=65 
  1.13e-04s  0.00e+00d  [DetectDifferentVariables] #different=21 
  5.18e-05s  1.10e-06d  [ProcessSetPPC] #relevant_constraints=92 
  8.87e-06s  0.00e+00d  [FindAlmostIdenticalLinearConstraints] 
  2.15e-05s  6.03e-06d  [FindBigAtMostOneAndLinearOverlap] 
  2.99e-04s  9.16e-05d  [FindBigVerticalLinearOverlap] #blocks=1 #saved_nz=43 
  2.60e-05s  3.34e-06d  [FindBigHorizontalLinearOverlap] #linears=88 
  4.38e-06s  0.00e+00d  [MergeClauses] 
  1.61e-04s  0.00e+00d  [DetectDominanceRelations] 
  1.68e-03s  0.00e+00d  [PresolveToFixPoint] #num_loops=2 #num_dual_strengthening=1 
  1.56e-04s  0.00e+00d  [DetectDominanceRelations] 
  1.29e-03s  0.00e+00d  [PresolveToFixPoint] #num_loops=1 #num_dual_strengthening=1 
[Symmetry] Graph for symmetry has 587 nodes and 1'973 arcs.
[Symmetry] Symmetry computation done. time: 0.000123187 dtime: 0.00013023
  1.15e-03s  1.11e-04d  [Probe] #probed=122 #new_bounds=1 
  4.65e-06s  0.00e+00d  [MaxClique] 
  1.66e-04s  0.00e+00d  [DetectDominanceRelations] 
  1.57e-03s  0.00e+00d  [PresolveToFixPoint] #num_loops=4 #num_dual_strengthening=3 
  4.17e-04s  0.00e+00d  [ProcessAtMostOneAndLinear] 
  3.66e-04s  0.00e+00d  [DetectDuplicateConstraints] #without_enforcements=31 
  1.32e-04s  3.69e-06d  [DetectDominatedLinearConstraints] #relevant_constraints=197 #num_inclusions=59 
  1.01e-04s  0.00e+00d  [DetectDifferentVariables] #different=21 
  5.00e-05s  9.93e-07d  [ProcessSetPPC] #relevant_constraints=89 
  8.93e-06s  0.00e+00d  [FindAlmostIdenticalLinearConstraints] 
  1.83e-05s  5.79e-06d  [FindBigAtMostOneAndLinearOverlap] 
  2.35e-04s  8.66e-05d  [FindBigVerticalLinearOverlap] 
  2.48e-05s  3.34e-06d  [FindBigHorizontalLinearOverlap] #linears=88 
  3.94e-06s  0.00e+00d  [MergeClauses] 
  1.60e-04s  0.00e+00d  [DetectDominanceRelations] 
  1.31e-03s  0.00e+00d  [PresolveToFixPoint] #num_loops=1 #num_dual_strengthening=1 
  1.56e-04s  0.00e+00d  [DetectDominanceRelations] 
  1.31e-03s  0.00e+00d  [PresolveToFixPoint] #num_loops=1 #num_dual_strengthening=1 
[Symmetry] Graph for symmetry has 587 nodes and 1'973 arcs.
[Symmetry] Symmetry computation done. time: 0.000123471 dtime: 0.00013023
  1.14e-03s  1.11e-04d  [Probe] #probed=122 
  4.72e-06s  0.00e+00d  [MaxClique] 
  1.61e-04s  0.00e+00d  [DetectDominanceRelations] 
  1.33e-03s  0.00e+00d  [PresolveToFixPoint] #num_loops=1 #num_dual_strengthening=1 
  4.20e-04s  0.00e+00d  [ProcessAtMostOneAndLinear] 
  3.70e-04s  0.00e+00d  [DetectDuplicateConstraints] #without_enforcements=31 
  1.27e-04s  3.69e-06d  [DetectDominatedLinearConstraints] #relevant_constraints=197 #num_inclusions=59 
  9.97e-05s  0.00e+00d  [DetectDifferentVariables] #different=21 
  5.08e-05s  9.93e-07d  [ProcessSetPPC] #relevant_constraints=89 
  8.84e-06s  0.00e+00d  [FindAlmostIdenticalLinearConstraints] 
  1.85e-05s  5.79e-06d  [FindBigAtMostOneAndLinearOverlap] 
  2.35e-04s  8.66e-05d  [FindBigVerticalLinearOverlap] 
  2.46e-05s  3.34e-06d  [FindBigHorizontalLinearOverlap] #linears=88 
  3.86e-06s  0.00e+00d  [MergeClauses] 
  1.63e-04s  0.00e+00d  [DetectDominanceRelations] 
  1.32e-03s  0.00e+00d  [PresolveToFixPoint] #num_loops=1 #num_dual_strengthening=1 
  2.10e-05s  0.00e+00d  [ExpandObjective] #entries=10 #tight_variables=5 #tight_constraints=2 

Presolve summary:
  - 25 affine relations were detected.
  - rule 'TODO dual: only one blocking constraint?' was applied 321 times.
  - rule 'TODO dual: only one unspecified blocking constraint?' was applied 75 times.
  - rule 'TODO duplicate: identical constraint with different enforcements' was applied 93 times.
  - rule 'affine: new relation' was applied 25 times.
  - rule 'at_most_one: removed literals' was applied 5 times.
  - rule 'at_most_one: size one' was applied 5 times.
  - rule 'at_most_one: transformed into max clique.' was applied 1 time.
  - rule 'deductions: 74 stored' was applied 1 time.
  - rule 'dual: fix variable' was applied 12 times.
  - rule 'dual: reduced domain' was applied 29 times.
  - rule 'duplicate: merged rhs of linear constraint' was applied 24 times.
  - rule 'duplicate: removed constraint' was applied 128 times.
  - rule 'enforcement: false literal' was applied 16 times.
  - rule 'enforcement: true literal' was applied 12 times.
  - rule 'exactly_one: x and not(x)' was applied 1 time.
  - rule 'incompatible linear: add implication' was applied 18 times.
  - rule 'linear matrix: common vertical rectangle' was applied 1 time.
  - rule 'linear: always true' was applied 275 times.
  - rule 'linear: doubleton free' was applied 7 times.
  - rule 'linear: empty' was applied 18 times.
  - rule 'linear: extracted enforcement literal' was applied 881 times.
  - rule 'linear: fixed or dup variables' was applied 541 times.
  - rule 'linear: positive equal one' was applied 2 times.
  - rule 'linear: reduced variable domains' was applied 63 times.
  - rule 'linear: remapped using affine relations' was applied 475 times.
  - rule 'linear: simplified rhs' was applied 1'374 times.
  - rule 'linear: variable substitution 1' was applied 7 times.
  - rule 'presolve: 54 unused variables removed.' was applied 1 time.
  - rule 'presolve: iteration' was applied 3 times.
  - rule 'probing: reduced enforced constraint to implication.' was applied 12 times.
  - rule 'symmetry: fixed to false in general orbit' was applied 1 time.

Presolved optimization model '': (model_fingerprint: 0x3971963c3797c6d)
#Variables: 69 (#ints: 5 in objective)
  - 29 Booleans in [0,1]
  - 1 in [0,258]
  - 4 in [0,281]
  - 3 in [0,300]
  - 3 in [0,309]
  - 1 in [0,311]
  - 1 in [0,328]
  - 1 in [0,356]
  - 1 in [0,363]
  - 1 in [3,303]
  - 1 in [3,312]
  - 1 in [3,331]
  - 1 in [3,366]
  - 1 in [3,366][411,774]
  - 1 in [31,359]
  - 2 in [41,397]
  - 1 in [43,343]
  - 1 in [47,403]
  - 1 in [52,352]
  - 1 in [57,366]
  - 3 in [86,397]
  - 1 in [92,403]
  - 3 in [97,397]
  - 1 in [103,403]
  - 3 in [139,397]
  - 1 in [145,403]
  - 1 in [151,408]
#kExactlyOne: 1 (#literals: 3)
#kLinear2: 143 (#enforced: 113 #multi: 91)
#kLinear3: 69 (#enforced: 61 #multi: 31)
#kLinearN: 98 (#enforced: 64) (#terms: 708)

Preloading model.
#Bound   0.03s best:inf   next:[203,1685] initial_domain
[Symmetry] Graph for symmetry has 501 nodes and 1'973 arcs.
[Symmetry] Symmetry computation done. time: 0.000126422 dtime: 0.00012507
#Model   0.03s var:69/69 constraints:311/311

Starting search at 0.03s with 48 workers.
16 full problem subsolvers: [core, default_lp, lb_tree_search, max_lp, no_lp, objective_lb_search, objective_lb_search_max_lp, objective_lb_search_no_lp, objective_shaving_search_max_lp, objective_shaving_search_no_lp, probing, probing_max_lp, pseudo_costs, quick_restart, quick_restart_no_lp, reduced_costs]
30 first solution subsolvers: [fj_long_default(2), fj_long_lin_default, fj_long_lin_perturb, fj_long_lin_random, fj_long_perturb, fj_long_random, fj_short_default(2), fj_short_lin_default(2), fj_short_lin_perturb, fj_short_lin_random, fj_short_perturb, fj_short_random, fs_random(4), fs_random_no_lp(4), fs_random_quick_restart(4), fs_random_quick_restart_no_lp(3)]
13 incomplete subsolvers: [feasibility_pump, graph_arc_lns, graph_cst_lns, graph_dec_lns, graph_var_lns, rins/rens, rnd_cst_lns, rnd_var_lns, violation_ls(5)]
3 helper subsolvers: [neighborhood_helper, synchronization_agent, update_gap_integral]
#1       0.04s best:782   next:[203,781]  no_lp (fixed_bools=0/46)
#Bound   0.04s best:782   next:[204,781]  bool_core (num_cores=1 [size:2 mw:1 d:1] a=4 d=1 fixed=0/34 clauses=1)
#Bound   0.04s best:782   next:[205,781]  bool_core (num_cores=1 [cover] a=4 d=1 fixed=0/37 clauses=2)
#Bound   0.04s best:782   next:[206,781]  bool_core (num_cores=1 [cover] a=4 d=1 fixed=1/40 clauses=4)
#Bound   0.04s best:782   next:[207,781]  bool_core (num_cores=1 [cover] a=4 d=1 fixed=2/43 clauses=7)
#Bound   0.04s best:782   next:[208,781]  bool_core (num_cores=1 [cover] a=4 d=1 fixed=3/46 clauses=11)
#Bound   0.04s best:782   next:[209,781]  bool_core (num_cores=1 [cover] a=4 d=1 fixed=4/49 clauses=16)
#Bound   0.04s best:782   next:[210,781]  bool_core (num_cores=1 [cover] a=4 d=1 fixed=5/52 clauses=22)
#Bound   0.04s best:782   next:[211,781]  bool_core (num_cores=1 [cover] a=4 d=1 fixed=6/55 clauses=29)
#2       0.04s best:737   next:[211,736]  no_lp (fixed_bools=0/50)
#Bound   0.04s best:737   next:[212,736]  bool_core (num_cores=1 [cover] a=4 d=1 fixed=7/58 clauses=37)
#Bound   0.04s best:737   next:[213,736]  bool_core (num_cores=1 [cover] a=4 d=1 fixed=8/61 clauses=46)
#Bound   0.04s best:737   next:[214,736]  bool_core (num_cores=1 [cover] a=4 d=1 fixed=9/64 clauses=56)
#3       0.04s best:683   next:[214,682]  quick_restart_no_lp (fixed_bools=0/50)
#Bound   0.04s best:683   next:[263,682]  default_lp
#Bound   0.04s best:683   next:[288,682]  objective_lb_search_no_lp
#4       0.04s best:682   next:[288,681]  violation_ls(batch:1 #solutions_imported:1 #lin_moves:0 #lin_evals:12 #gen_moves:5 #gen_evals:0 #comp_moves:5 #backtracks:0 #weight_updates:0)
#5       0.04s best:681   next:[288,680]  violation_ls(batch:1 #solutions_imported:1 #lin_moves:0 #lin_evals:9 #gen_moves:4 #gen_evals:0 #comp_moves:4 #backtracks:0 #weight_updates:0)
#6       0.04s best:680   next:[288,679]  violation_ls(batch:1 #solutions_imported:1 #lin_moves:0 #lin_evals:6 #gen_moves:4 #gen_evals:0 #comp_moves:4 #backtracks:0 #weight_updates:0)
#7       0.04s best:663   next:[288,662]  quick_restart_no_lp (fixed_bools=0/75)
#Bound   0.04s best:663   next:[371,662]  objective_lb_search_no_lp
#8       0.04s best:662   next:[371,661]  quick_restart_no_lp (fixed_bools=0/94)
#9       0.04s best:532   next:[371,531]  quick_restart_no_lp (fixed_bools=0/99)
#Bound   0.05s best:532   next:[373,531]  objective_lb_search_no_lp
#Bound   0.05s best:532   next:[376,531]  objective_lb_search_no_lp
#Bound   0.05s best:532   next:[380,531]  objective_lb_search_no_lp
#Bound   0.05s best:532   next:[381,531]  objective_lb_search_no_lp
#Bound   0.06s best:532   next:[441,531]  objective_lb_search_no_lp
#Bound   0.06s best:532   next:[443,531]  objective_lb_search_no_lp
#Model   0.08s var:62/69 constraints:187/311
#Model   0.08s var:59/69 constraints:165/311
#Model   0.08s var:57/69 constraints:144/311
#Done    0.08s no_lp
#Done    0.08s core
#Bound   0.08s best:532   next:[495,531]  objective_lb_search_no_lp [skipped_logs=5]

Task timing                                  n [     min,      max]      avg      dev     time         n [     min,      max]      avg      dev    dtime
                             'core':         1 [ 44.11ms,  44.11ms]  44.11ms   0.00ns  44.11ms         1 [ 21.53ms,  21.53ms]  21.53ms   0.00ns  21.53ms
                       'default_lp':         1 [ 44.10ms,  44.10ms]  44.10ms   0.00ns  44.10ms         1 [  3.98ms,   3.98ms]   3.98ms   0.00ns   3.98ms
                 'feasibility_pump':         3 [647.24us,   8.14ms]   5.43ms   3.39ms  16.30ms         2 [  1.08ms,   1.10ms]   1.09ms   9.61us   2.18ms
                  'fj_long_default':         0 [  0.00ns,   0.00ns]   0.00ns   0.00ns   0.00ns         0 [  0.00ns,   0.00ns]   0.00ns   0.00ns   0.00ns
                  'fj_long_default':         0 [  0.00ns,   0.00ns]   0.00ns   0.00ns   0.00ns         0 [  0.00ns,   0.00ns]   0.00ns   0.00ns   0.00ns
              'fj_long_lin_default':         0 [  0.00ns,   0.00ns]   0.00ns   0.00ns   0.00ns         0 [  0.00ns,   0.00ns]   0.00ns   0.00ns   0.00ns
              'fj_long_lin_perturb':         0 [  0.00ns,   0.00ns]   0.00ns   0.00ns   0.00ns         0 [  0.00ns,   0.00ns]   0.00ns   0.00ns   0.00ns
               'fj_long_lin_random':         0 [  0.00ns,   0.00ns]   0.00ns   0.00ns   0.00ns         0 [  0.00ns,   0.00ns]   0.00ns   0.00ns   0.00ns
                  'fj_long_perturb':         0 [  0.00ns,   0.00ns]   0.00ns   0.00ns   0.00ns         0 [  0.00ns,   0.00ns]   0.00ns   0.00ns   0.00ns
                   'fj_long_random':         0 [  0.00ns,   0.00ns]   0.00ns   0.00ns   0.00ns         0 [  0.00ns,   0.00ns]   0.00ns   0.00ns   0.00ns
                 'fj_short_default':         0 [  0.00ns,   0.00ns]   0.00ns   0.00ns   0.00ns         0 [  0.00ns,   0.00ns]   0.00ns   0.00ns   0.00ns
                 'fj_short_default':         0 [  0.00ns,   0.00ns]   0.00ns   0.00ns   0.00ns         0 [  0.00ns,   0.00ns]   0.00ns   0.00ns   0.00ns
             'fj_short_lin_default':         0 [  0.00ns,   0.00ns]   0.00ns   0.00ns   0.00ns         0 [  0.00ns,   0.00ns]   0.00ns   0.00ns   0.00ns
             'fj_short_lin_default':         0 [  0.00ns,   0.00ns]   0.00ns   0.00ns   0.00ns         0 [  0.00ns,   0.00ns]   0.00ns   0.00ns   0.00ns
             'fj_short_lin_perturb':         0 [  0.00ns,   0.00ns]   0.00ns   0.00ns   0.00ns         0 [  0.00ns,   0.00ns]   0.00ns   0.00ns   0.00ns
              'fj_short_lin_random':         0 [  0.00ns,   0.00ns]   0.00ns   0.00ns   0.00ns         0 [  0.00ns,   0.00ns]   0.00ns   0.00ns   0.00ns
                 'fj_short_perturb':         0 [  0.00ns,   0.00ns]   0.00ns   0.00ns   0.00ns         0 [  0.00ns,   0.00ns]   0.00ns   0.00ns   0.00ns
                  'fj_short_random':         0 [  0.00ns,   0.00ns]   0.00ns   0.00ns   0.00ns         0 [  0.00ns,   0.00ns]   0.00ns   0.00ns   0.00ns
                        'fs_random':         0 [  0.00ns,   0.00ns]   0.00ns   0.00ns   0.00ns         0 [  0.00ns,   0.00ns]   0.00ns   0.00ns   0.00ns
                        'fs_random':         0 [  0.00ns,   0.00ns]   0.00ns   0.00ns   0.00ns         0 [  0.00ns,   0.00ns]   0.00ns   0.00ns   0.00ns
                        'fs_random':         0 [  0.00ns,   0.00ns]   0.00ns   0.00ns   0.00ns         0 [  0.00ns,   0.00ns]   0.00ns   0.00ns   0.00ns
                        'fs_random':         1 [  4.05ms,   4.05ms]   4.05ms   0.00ns   4.05ms         1 [ 20.00ns,  20.00ns]  20.00ns   0.00ns  20.00ns
                  'fs_random_no_lp':         0 [  0.00ns,   0.00ns]   0.00ns   0.00ns   0.00ns         0 [  0.00ns,   0.00ns]   0.00ns   0.00ns   0.00ns
                  'fs_random_no_lp':         0 [  0.00ns,   0.00ns]   0.00ns   0.00ns   0.00ns         0 [  0.00ns,   0.00ns]   0.00ns   0.00ns   0.00ns
                  'fs_random_no_lp':         0 [  0.00ns,   0.00ns]   0.00ns   0.00ns   0.00ns         0 [  0.00ns,   0.00ns]   0.00ns   0.00ns   0.00ns
                  'fs_random_no_lp':         1 [  3.90ms,   3.90ms]   3.90ms   0.00ns   3.90ms         0 [  0.00ns,   0.00ns]   0.00ns   0.00ns   0.00ns
          'fs_random_quick_restart':         0 [  0.00ns,   0.00ns]   0.00ns   0.00ns   0.00ns         0 [  0.00ns,   0.00ns]   0.00ns   0.00ns   0.00ns
          'fs_random_quick_restart':         0 [  0.00ns,   0.00ns]   0.00ns   0.00ns   0.00ns         0 [  0.00ns,   0.00ns]   0.00ns   0.00ns   0.00ns
          'fs_random_quick_restart':         0 [  0.00ns,   0.00ns]   0.00ns   0.00ns   0.00ns         0 [  0.00ns,   0.00ns]   0.00ns   0.00ns   0.00ns
          'fs_random_quick_restart':         1 [  3.93ms,   3.93ms]   3.93ms   0.00ns   3.93ms         1 [ 20.00ns,  20.00ns]  20.00ns   0.00ns  20.00ns
    'fs_random_quick_restart_no_lp':         0 [  0.00ns,   0.00ns]   0.00ns   0.00ns   0.00ns         0 [  0.00ns,   0.00ns]   0.00ns   0.00ns   0.00ns
    'fs_random_quick_restart_no_lp':         0 [  0.00ns,   0.00ns]   0.00ns   0.00ns   0.00ns         0 [  0.00ns,   0.00ns]   0.00ns   0.00ns   0.00ns
    'fs_random_quick_restart_no_lp':         1 [  3.62ms,   3.62ms]   3.62ms   0.00ns   3.62ms         0 [  0.00ns,   0.00ns]   0.00ns   0.00ns   0.00ns
                    'graph_arc_lns':         2 [  1.29ms,   8.57ms]   4.93ms   3.64ms   9.85ms         2 [ 10.00ns, 146.86us]  73.44us  73.43us 146.87us
                    'graph_cst_lns':         2 [338.02us, 406.29us] 372.15us  34.13us 744.31us         0 [  0.00ns,   0.00ns]   0.00ns   0.00ns   0.00ns
                    'graph_dec_lns':         2 [  1.20ms,   1.80ms]   1.50ms 297.73us   3.00ms         2 [ 10.00ns,  10.00ns]  10.00ns   0.00ns  20.00ns
                    'graph_var_lns':         3 [  6.67us,   7.82ms]   2.98ms   3.45ms   8.94ms         2 [ 10.00ns, 208.13us] 104.07us 104.06us 208.14us
                   'lb_tree_search':         1 [ 43.35ms,  43.35ms]  43.35ms   0.00ns  43.35ms         1 [  1.12ms,   1.12ms]   1.12ms   0.00ns   1.12ms
                           'max_lp':         1 [ 43.87ms,  43.87ms]  43.87ms   0.00ns  43.87ms         1 [934.58us, 934.58us] 934.58us   0.00ns 934.58us
                            'no_lp':         1 [ 43.76ms,  43.76ms]  43.76ms   0.00ns  43.76ms         1 [  5.29ms,   5.29ms]   5.29ms   0.00ns   5.29ms
              'objective_lb_search':         1 [ 43.55ms,  43.55ms]  43.55ms   0.00ns  43.55ms         1 [  3.12ms,   3.12ms]   3.12ms   0.00ns   3.12ms
       'objective_lb_search_max_lp':         1 [ 42.09ms,  42.09ms]  42.09ms   0.00ns  42.09ms         1 [  1.25ms,   1.25ms]   1.25ms   0.00ns   1.25ms
        'objective_lb_search_no_lp':         1 [ 42.38ms,  42.38ms]  42.38ms   0.00ns  42.38ms         1 [  4.55ms,   4.55ms]   4.55ms   0.00ns   4.55ms
  'objective_shaving_search_max_lp':         3 [  4.60ms,  13.19ms]   8.77ms   3.51ms  26.32ms         2 [ 80.68us, 242.03us] 161.36us  80.68us 322.71us
   'objective_shaving_search_no_lp':         3 [458.34us,   9.88ms]   5.05ms   3.85ms  15.16ms         1 [161.36us, 161.36us] 161.36us   0.00ns 161.36us
                          'probing':         1 [ 43.24ms,  43.24ms]  43.24ms   0.00ns  43.24ms         1 [  1.24ms,   1.24ms]   1.24ms   0.00ns   1.24ms
                   'probing_max_lp':         1 [ 42.42ms,  42.42ms]  42.42ms   0.00ns  42.42ms         1 [  1.09ms,   1.09ms]   1.09ms   0.00ns   1.09ms
                     'pseudo_costs':         1 [ 43.62ms,  43.62ms]  43.62ms   0.00ns  43.62ms         1 [755.01us, 755.01us] 755.01us   0.00ns 755.01us
                    'quick_restart':         1 [ 43.69ms,  43.69ms]  43.69ms   0.00ns  43.69ms         1 [  3.89ms,   3.89ms]   3.89ms   0.00ns   3.89ms
              'quick_restart_no_lp':         1 [ 43.27ms,  43.27ms]  43.27ms   0.00ns  43.27ms         1 [  5.50ms,   5.50ms]   5.50ms   0.00ns   5.50ms
                    'reduced_costs':         1 [ 44.05ms,  44.05ms]  44.05ms   0.00ns  44.05ms         1 [874.42us, 874.42us] 874.42us   0.00ns 874.42us
                        'rins/rens':         3 [  1.09ms,   8.97ms]   3.95ms   3.56ms  11.86ms         3 [ 10.00ns, 406.36us] 135.47us 191.55us 406.40us
                      'rnd_cst_lns':         3 [407.86us, 730.52us] 551.21us 134.16us   1.65ms         0 [  0.00ns,   0.00ns]   0.00ns   0.00ns   0.00ns
                      'rnd_var_lns':         3 [721.03us,   1.44ms]   1.04ms 297.49us   3.12ms         2 [ 10.00ns,  10.00ns]  10.00ns   0.00ns  20.00ns
                     'violation_ls':         2 [325.63us,  22.93ms]  11.63ms  11.30ms  23.26ms         2 [  6.72us,  14.75ms]   7.38ms   7.37ms  14.76ms
                     'violation_ls':         2 [360.05us,  23.13ms]  11.74ms  11.38ms  23.49ms         2 [  9.20us,   8.43ms]   4.22ms   4.21ms   8.44ms
                     'violation_ls':         2 [396.94us,  24.31ms]  12.35ms  11.95ms  24.70ms         2 [ 12.37us,   8.92ms]   4.47ms   4.46ms   8.94ms
                     'violation_ls':         2 [428.68us,  21.71ms]  11.07ms  10.64ms  22.14ms         2 [  8.05us,  10.82ms]   5.41ms   5.40ms  10.82ms
                     'violation_ls':         2 [463.48us,  22.75ms]  11.61ms  11.14ms  23.21ms         2 [  4.63us,  11.16ms]   5.58ms   5.58ms  11.16ms

Search stats                        Bools  Conflicts  Branches  Restarts  BoolPropag  IntegerPropag
                           'core':    774        215       394       268      51'055         23'660
                     'default_lp':     29         48       127        58         409          5'832
                      'fs_random':      0          0         0         0           0              0
                      'fs_random':      0          0         0         0           0              0
                      'fs_random':      0          0         0         0           0              0
                      'fs_random':     29          0         0         0           0              0
                'fs_random_no_lp':      0          0         0         0           0              0
                'fs_random_no_lp':      0          0         0         0           0              0
                'fs_random_no_lp':      0          0         0         0           0              0
                'fs_random_no_lp':     29          0         0         0           0              0
        'fs_random_quick_restart':      0          0         0         0           0              0
        'fs_random_quick_restart':      0          0         0         0           0              0
        'fs_random_quick_restart':      0          0         0         0           0              0
        'fs_random_quick_restart':     29          0         0         0           0              0
  'fs_random_quick_restart_no_lp':      0          0         0         0           0              0
  'fs_random_quick_restart_no_lp':      0          0         0         0           0              0
  'fs_random_quick_restart_no_lp':     29          0         0         0           0              0
                 'lb_tree_search':     29          0        58        58           6            325
                         'max_lp':     29          0        58        58           6            325
                          'no_lp':     59        172     1'031       326       3'953         32'125
            'objective_lb_search':     30         23        84        59         321          2'565
     'objective_lb_search_max_lp':     29          0        58        58           6            348
      'objective_lb_search_no_lp':     49        219       743       403       2'822         29'150
                        'probing':     31          0        62        62          20            386
                 'probing_max_lp':     29          0        58        58           6            325
                   'pseudo_costs':     29          0        58        58           6            342
                  'quick_restart':     29         16       146        98         223          2'955
            'quick_restart_no_lp':    104        199     1'305       427       5'166         33'216
                  'reduced_costs':     29          0        58        58           6            342

SAT stats                           ClassicMinim  LitRemoved  LitLearned  LitForgotten  Subsumed  MClauses  MDecisions  MLitTrue  MSubsumed  MLitRemoved  MReused
                           'core':            68         211         235             0         0         2           8         0          0            0        2
                     'default_lp':            11          18         283             0         6         0           0         0          0            0        0
                      'fs_random':             0           0           0             0         0         0           0         0          0            0        0
                      'fs_random':             0           0           0             0         0         0           0         0          0            0        0
                      'fs_random':             0           0           0             0         0         0           0         0          0            0        0
                      'fs_random':             0           0           0             0         0         0           0         0          0            0        0
                'fs_random_no_lp':             0           0           0             0         0         0           0         0          0            0        0
                'fs_random_no_lp':             0           0           0             0         0         0           0         0          0            0        0
                'fs_random_no_lp':             0           0           0             0         0         0           0         0          0            0        0
                'fs_random_no_lp':             0           0           0             0         0         0           0         0          0            0        0
        'fs_random_quick_restart':             0           0           0             0         0         0           0         0          0            0        0
        'fs_random_quick_restart':             0           0           0             0         0         0           0         0          0            0        0
        'fs_random_quick_restart':             0           0           0             0         0         0           0         0          0            0        0
        'fs_random_quick_restart':             0           0           0             0         0         0           0         0          0            0        0
  'fs_random_quick_restart_no_lp':             0           0           0             0         0         0           0         0          0            0        0
  'fs_random_quick_restart_no_lp':             0           0           0             0         0         0           0         0          0            0        0
  'fs_random_quick_restart_no_lp':             0           0           0             0         0         0           0         0          0            0        0
                 'lb_tree_search':             0           0           0             0         0         0           0         0          0            0        0
                         'max_lp':             0           0           0             0         0         0           0         0          0            0        0
                          'no_lp':            64         104         756             0        38        86         528         0         27          136       16
            'objective_lb_search':             8          19          81             0         7         0           0         0          0            0        0
     'objective_lb_search_max_lp':             0           0           0             0         0         0           0         0          0            0        0
      'objective_lb_search_no_lp':           117         216         802             0        29        33         148         0          8           38       12
                        'probing':             0           0           0             0         0         0           0         0          0            0        0
                 'probing_max_lp':             0           0           0             0         0         0           0         0          0            0        0
                   'pseudo_costs':             0           0           0             0         0         0           0         0          0            0        0
                  'quick_restart':             3           3          71             0         2         6          20         0          4           15        0
            'quick_restart_no_lp':            58          91       1'297             0        12        18          96         1          5           28        7
                  'reduced_costs':             0           0           0             0         0         0           0         0          0            0        0

Lp stats                         Component  Iterations  AddedCuts  OPTIMAL  DUAL_F.  DUAL_U.
                  'default_lp':          1         360        323       64        0        0
                   'fs_random':          1           0          0        0        0        0
     'fs_random_quick_restart':          1           0          0        0        0        0
              'lb_tree_search':          1         111        407        5        0        0
                      'max_lp':          1         106        398        5        0        0
         'objective_lb_search':          1         322        345       39        0        0
  'objective_lb_search_max_lp':          1         140        357       11        0        0
                     'probing':          1         135        363       27        0        0
              'probing_max_lp':          1         110        377        5        0        0
                'pseudo_costs':          1         116        344       11        0        0
               'quick_restart':          1         324        343       43        0        0
               'reduced_costs':          1         122        350       11        0        0

Lp dimension                                                                    Final dimension of first component
                  'default_lp':   172 rows, 69 columns, 631 entries with magnitude in [1.387686e-02, 1.000000e+00]
                   'fs_random':       0 rows, 69 columns, 0 entries with magnitude in [0.000000e+00, 0.000000e+00]
     'fs_random_quick_restart':       0 rows, 69 columns, 0 entries with magnitude in [0.000000e+00, 0.000000e+00]
              'lb_tree_search':  395 rows, 69 columns, 2136 entries with magnitude in [2.523765e-03, 1.000000e+00]
                      'max_lp':  395 rows, 69 columns, 2124 entries with magnitude in [2.523765e-03, 1.000000e+00]
         'objective_lb_search':   173 rows, 69 columns, 645 entries with magnitude in [7.860522e-03, 1.000000e+00]
  'objective_lb_search_max_lp':   179 rows, 69 columns, 709 entries with magnitude in [2.245814e-03, 1.000000e+00]
                     'probing':   175 rows, 69 columns, 736 entries with magnitude in [5.778127e-04, 1.000000e+00]
              'probing_max_lp':  396 rows, 69 columns, 2137 entries with magnitude in [2.523765e-03, 1.000000e+00]
                'pseudo_costs':   179 rows, 69 columns, 710 entries with magnitude in [1.443246e-03, 1.000000e+00]
               'quick_restart':   186 rows, 69 columns, 373 entries with magnitude in [2.235448e-02, 1.000000e+00]
               'reduced_costs':   175 rows, 69 columns, 685 entries with magnitude in [2.245814e-03, 1.000000e+00]

Lp debug                         CutPropag  CutEqPropag  Adjust  Overflow  Bad  BadScaling
                  'default_lp':          0            0      43         0  220           0
                   'fs_random':          0            0       0         0    0           0
     'fs_random_quick_restart':          0            0       0         0    0           0
              'lb_tree_search':          0            0       4         0  165           0
                      'max_lp':          0            0       4         0  179           0
         'objective_lb_search':          0            0      22         0  220           0
  'objective_lb_search_max_lp':          0            0       6         0  260           0
                     'probing':          0            0      17         0  240           0
              'probing_max_lp':          0            0       4         0  156           0
                'pseudo_costs':          0            0       6         0  310           0
               'quick_restart':          0            0      15         0  219           0
               'reduced_costs':          0            0       4         0  296           0

Lp pool                          Constraints  Updates  Simplif  Merged  Shortened  Split  Strenghtened  Cuts/Call
                  'default_lp':          389       15       25       7          0      4            31    323/502
                   'fs_random':           73        0        0       0          0      0             0        0/0
     'fs_random_quick_restart':           73        0        0       0          0      0             0        0/0
              'lb_tree_search':          718       10        0       0          0     17            68    407/668
                      'max_lp':          709        9        0       0          0     16            64    398/653
         'objective_lb_search':          411       14       25       7          0      2            47    345/569
  'objective_lb_search_max_lp':          646       12      185      22          0      3           476    357/568
                     'probing':          436        0        0       0          0      0            22    363/576
              'probing_max_lp':          688        9        0       0          0     16            68    377/651
                'pseudo_costs':          637       10      125      18          0      3           317    344/557
               'quick_restart':          409       63      557       7        176      6           238    343/532
               'reduced_costs':          639        9      125      22          0      3           330    350/572

Lp Cut            defaul  max_lp  quick_  reduce  pseudo  lb_tre  probin  object  probin  object
          CG_FF:      45      57      46      24      27      57      50      48      52      23
           CG_K:       9      22      10       2       2      25      11      10      22       2
           CG_R:       -      24       -       2       4      24       -       2      24       1
          CG_RB:      86      82      88      67      66      79      94      90      67      66
         CG_RBP:      11      19      15       4       8      14      10      11      16      10
             IB:     100      79      99      95      97      79      87      94      79     101
       MIR_1_FF:      22      42      23      26      28      46      23      23      43      27
        MIR_1_K:       2       5       3       2       4       4       -       2       5       2
        MIR_1_R:       4       4       4       6       7       4       4       5       4       6
       MIR_1_RB:      17      18      20      26      24      18      22      21      18      30
      MIR_1_RBP:       -       3       1       6       7       4       1       -       3       8
       MIR_2_FF:       -       6       -       8       8      10       2       1       9       8
        MIR_2_K:       -       1       -       1       1       1       -       -       1       1
        MIR_2_R:       -       1       -       9       6       3       1       -       1       3
       MIR_2_RB:       5       9       5      17      16       8       7       5      10      12
      MIR_2_RBP:       -       1       -       2       3       3       -       -       -       2
       MIR_3_FF:       -       6       1       4       3       2       1       1       1       2
        MIR_3_K:       -       1       -       1       -       -       -       -       -       -
        MIR_3_R:       -       2       -       6       2       -       2       -       -       4
       MIR_3_RB:       1       3       3      10       4       2       4       3       2       9
      MIR_3_RBP:       -       1       -       -       -       -       -       1       -       1
       MIR_4_FF:       -       1       -       2       -       1       2       1       -       3
        MIR_4_K:       -       -       -       -       -       -       1       -       -       1
        MIR_4_R:       -       -       -       1       -       -       1       1       -       2
       MIR_4_RB:       -       1       -       2       -       1       3       2       1       4
      MIR_4_RBP:       -       -       -       -       -       -       -       -       -       1
       MIR_5_FF:       -       -       -       -       -       1       1       1       1       -
        MIR_5_K:       -       -       -       -       -       -       1       -       -       -
        MIR_5_R:       -       -       -       -       1       -       1       1       -       1
       MIR_5_RB:       -       -       -       -       -       1       1       1       -       1
      MIR_5_RBP:       -       -       -       -       -       -       1       -       -       -
   ZERO_HALF_FF:       5       2       5       5       6       6       6       5       6       6
    ZERO_HALF_K:       -       -       1       -       -       2       -       -       -       -
    ZERO_HALF_R:       9       3      11      12      11       3      13       9       5      11
   ZERO_HALF_RB:       7       2       8       6       5       4      11       7       4       5
  ZERO_HALF_RBP:       -       3       -       4       4       5       2       -       3       4

LNS stats           Improv/Calls  Closed  Difficulty  TimeLimit
  'graph_arc_lns':           0/2    100%        0.81       0.10
  'graph_cst_lns':           0/0      0%        0.50       0.10
  'graph_dec_lns':           0/2    100%        0.81       0.10
  'graph_var_lns':           0/2    100%        0.81       0.10
      'rins/rens':           0/3     67%        0.72       0.10
    'rnd_cst_lns':           0/0      0%        0.50       0.10
    'rnd_var_lns':           1/3    100%        0.88       0.10

LS stats                   Batches  Restarts  LinMoves  GenMoves  CompoundMoves  WeightUpdates
       'fj_long_default':        0         0         0         0              0              0
       'fj_long_default':        0         0         0         0              0              0
   'fj_long_lin_default':        0         0         0         0              0              0
   'fj_long_lin_perturb':        0         0         0         0              0              0
    'fj_long_lin_random':        0         0         0         0              0              0
       'fj_long_perturb':        0         0         0         0              0              0
        'fj_long_random':        0         0         0         0              0              0
      'fj_short_default':        0         0         0         0              0              0
      'fj_short_default':        0         0         0         0              0              0
  'fj_short_lin_default':        0         0         0         0              0              0
  'fj_short_lin_default':        0         0         0         0              0              0
  'fj_short_lin_perturb':        0         0         0         0              0              0
   'fj_short_lin_random':        0         0         0         0              0              0
      'fj_short_perturb':        0         0         0         0              0              0
       'fj_short_random':        0         0         0         0              0              0
          'violation_ls':        2         0         0     2'824             88             19
          'violation_ls':        2         0         0     2'982             68             20
          'violation_ls':        2         0     2'353         4              4            374
          'violation_ls':        2         0     2'468         3              3            406
          'violation_ls':        2         0     2'672         0              0          1'942

Solutions (9)             Num   Rank
                'no_lp':    2  [1,2]
  'quick_restart_no_lp':    4  [3,9]
         'violation_ls':    3  [4,6]

Objective bounds                Num
                  'bool_core':   11
                 'default_lp':    1
             'initial_domain':    1
  'objective_lb_search_no_lp':   14

Solution repositories    Added  Queried  Ignored  Synchro
  'feasible solutions':     23       45        0       16
        'lp solutions':      0        0        0        0
                'pump':     42        3

Improving bounds shared         Num
                      'no_lp':  119
  'objective_lb_search_no_lp':    5
        'quick_restart_no_lp':  121

Clauses shared                  Num
                      'no_lp':   19
  'objective_lb_search_no_lp':    2
              'quick_restart':   13
        'quick_restart_no_lp':   11

CpSolverResponse summary:
status: OPTIMAL
objective: 532
best_bound: 532
integers: 0
booleans: 0
conflicts: 0
branches: 0
propagations: 0
integer_propagations: 0
restarts: 0
lp_iterations: 0
walltime: 0.0856801
usertime: 0.0856801
deterministic_time: 0.113338
gap_integral: 0.107947
solution_fingerprint: 0x78ec8ca7cc416bba


--- Simulation Gantt à partir du modèle mathématique ---
{'big':0, 'due_date':150, 'pos_time':5, 'status':0, 'blocked':0, 'operations':["{'type':1, 'processing_time':48}", "{'type':0, 'processing_time':37}"]}
{'big':1, 'due_date':97, 'pos_time':5, 'status':0, 'blocked':0, 'operations':["{'type':1, 'processing_time':22}", "{'type':0, 'processing_time':44}"]}
{'big':0, 'due_date':56, 'pos_time':5, 'status':0, 'blocked':0, 'operations':["{'type':1, 'processing_time':34}", "{'type':0, 'processing_time':60}"]}
{'big':1, 'due_date':52, 'pos_time':5, 'status':0, 'blocked':0, 'operations':["{'type':1, 'processing_time':37}"]}
