created virtual environment CPython3.12.4.final.0-64 in 471ms
  creator CPython3Posix(dest=/localscratch/aneumann.45381470.0/env, clear=False, no_vcs_ignore=False, global=False)
  seeder FromAppData(download=False, pip=bundle, via=copy, app_data_dir=/home/aneumann/.local/share/virtualenv)
    added seed packages: pip==24.2+computecanada
  activators BashActivator,CShellActivator,FishActivator,NushellActivator,PowerShellActivator,PythonActivator
Looking in links: /cvmfs/soft.computecanada.ca/custom/python/wheelhouse/gentoo2023/x86-64-v3, /cvmfs/soft.computecanada.ca/custom/python/wheelhouse/gentoo2023/generic, /cvmfs/soft.computecanada.ca/custom/python/wheelhouse/generic
Requirement already satisfied: pip in /localscratch/aneumann.45381470.0/env/lib/python3.12/site-packages (24.2+computecanada)
Processing /cvmfs/soft.computecanada.ca/custom/python/wheelhouse/generic/pip-25.0+computecanada-py3-none-any.whl
Installing collected packages: pip
  Attempting uninstall: pip
    Found existing installation: pip 24.2+computecanada
    Uninstalling pip-24.2+computecanada:
      Successfully uninstalled pip-24.2+computecanada
Successfully installed pip-25.0+computecanada
Looking in links: /cvmfs/soft.computecanada.ca/custom/python/wheelhouse/gentoo2023/x86-64-v3, /cvmfs/soft.computecanada.ca/custom/python/wheelhouse/gentoo2023/generic, /cvmfs/soft.computecanada.ca/custom/python/wheelhouse/generic
ERROR: protobuf-5.28.3-cp38-abi3-manylinux2014_x86_64.whl is not a supported wheel on this platform.
Looking in links: /cvmfs/soft.computecanada.ca/custom/python/wheelhouse/gentoo2023/x86-64-v3, /cvmfs/soft.computecanada.ca/custom/python/wheelhouse/gentoo2023/generic, /cvmfs/soft.computecanada.ca/custom/python/wheelhouse/generic
Processing /home/aneumann/projects/def-adhaj/aneumann/GNRS/wheels/immutabledict-4.2.0-py3-none-any.whl
Installing collected packages: immutabledict
Successfully installed immutabledict-4.2.0
Looking in links: /cvmfs/soft.computecanada.ca/custom/python/wheelhouse/gentoo2023/x86-64-v3, /cvmfs/soft.computecanada.ca/custom/python/wheelhouse/gentoo2023/generic, /cvmfs/soft.computecanada.ca/custom/python/wheelhouse/generic
Processing /cvmfs/soft.computecanada.ca/custom/python/wheelhouse/generic/ortools-9.10.4067+computecanada-cp312-cp312-linux_x86_64.whl (from -r /home/aneumann/projects/def-adhaj/aneumann/GNRS/requirements/or.txt (line 1))
Processing /cvmfs/soft.computecanada.ca/custom/python/wheelhouse/gentoo2023/x86-64-v3/matplotlib-3.10.0+computecanada-cp312-cp312-linux_x86_64.whl (from -r /home/aneumann/projects/def-adhaj/aneumann/GNRS/requirements/or.txt (line 2))
Processing /cvmfs/soft.computecanada.ca/custom/python/wheelhouse/gentoo2023/x86-64-v3/pandas-2.2.3+computecanada-cp312-cp312-linux_x86_64.whl (from -r /home/aneumann/projects/def-adhaj/aneumann/GNRS/requirements/or.txt (line 3))
Processing /cvmfs/soft.computecanada.ca/custom/python/wheelhouse/generic/absl_py-2.3.0+computecanada-py3-none-any.whl (from ortools<9.11,>=9.10->-r /home/aneumann/projects/def-adhaj/aneumann/GNRS/requirements/or.txt (line 1))
Processing /cvmfs/soft.computecanada.ca/custom/python/wheelhouse/gentoo2023/generic/numpy-2.2.2+computecanada-cp312-cp312-linux_x86_64.whl (from ortools<9.11,>=9.10->-r /home/aneumann/projects/def-adhaj/aneumann/GNRS/requirements/or.txt (line 1))
Processing /cvmfs/soft.computecanada.ca/custom/python/wheelhouse/gentoo2023/x86-64-v3/protobuf-6.31.1+computecanada-cp312-cp312-linux_x86_64.whl (from ortools<9.11,>=9.10->-r /home/aneumann/projects/def-adhaj/aneumann/GNRS/requirements/or.txt (line 1))
Requirement already satisfied: immutabledict>=3.0.0 in /localscratch/aneumann.45381470.0/env/lib/python3.12/site-packages (from ortools<9.11,>=9.10->-r /home/aneumann/projects/def-adhaj/aneumann/GNRS/requirements/or.txt (line 1)) (4.2.0)
Processing /cvmfs/soft.computecanada.ca/custom/python/wheelhouse/gentoo2023/generic/contourpy-1.3.1+computecanada-cp312-cp312-linux_x86_64.whl (from matplotlib->-r /home/aneumann/projects/def-adhaj/aneumann/GNRS/requirements/or.txt (line 2))
Processing /cvmfs/soft.computecanada.ca/custom/python/wheelhouse/generic/cycler-0.12.1+computecanada-py3-none-any.whl (from matplotlib->-r /home/aneumann/projects/def-adhaj/aneumann/GNRS/requirements/or.txt (line 2))
Processing /cvmfs/soft.computecanada.ca/custom/python/wheelhouse/generic/fonttools-4.58.4+computecanada-cp312-cp312-linux_x86_64.whl (from matplotlib->-r /home/aneumann/projects/def-adhaj/aneumann/GNRS/requirements/or.txt (line 2))
Processing /cvmfs/soft.computecanada.ca/custom/python/wheelhouse/gentoo2023/x86-64-v3/kiwisolver-1.4.8+computecanada-cp312-cp312-linux_x86_64.whl (from matplotlib->-r /home/aneumann/projects/def-adhaj/aneumann/GNRS/requirements/or.txt (line 2))
Processing /cvmfs/soft.computecanada.ca/custom/python/wheelhouse/generic/packaging-25.0+computecanada-py3-none-any.whl (from matplotlib->-r /home/aneumann/projects/def-adhaj/aneumann/GNRS/requirements/or.txt (line 2))
Processing /cvmfs/soft.computecanada.ca/custom/python/wheelhouse/gentoo2023/x86-64-v3/pillow-11.1.0+computecanada-cp312-cp312-linux_x86_64.whl (from matplotlib->-r /home/aneumann/projects/def-adhaj/aneumann/GNRS/requirements/or.txt (line 2))
Processing /cvmfs/soft.computecanada.ca/custom/python/wheelhouse/generic/pyparsing-3.2.3+computecanada-py3-none-any.whl (from matplotlib->-r /home/aneumann/projects/def-adhaj/aneumann/GNRS/requirements/or.txt (line 2))
Processing /cvmfs/soft.computecanada.ca/custom/python/wheelhouse/generic/python_dateutil-2.9.0.post0+computecanada-py2.py3-none-any.whl (from matplotlib->-r /home/aneumann/projects/def-adhaj/aneumann/GNRS/requirements/or.txt (line 2))
Processing /cvmfs/soft.computecanada.ca/custom/python/wheelhouse/generic/pytz-2025.2+computecanada-py2.py3-none-any.whl (from pandas->-r /home/aneumann/projects/def-adhaj/aneumann/GNRS/requirements/or.txt (line 3))
Processing /cvmfs/soft.computecanada.ca/custom/python/wheelhouse/generic/tzdata-2025.2+computecanada-py2.py3-none-any.whl (from pandas->-r /home/aneumann/projects/def-adhaj/aneumann/GNRS/requirements/or.txt (line 3))
Processing /cvmfs/soft.computecanada.ca/custom/python/wheelhouse/generic/six-1.17.0+computecanada-py2.py3-none-any.whl (from python-dateutil>=2.7->matplotlib->-r /home/aneumann/projects/def-adhaj/aneumann/GNRS/requirements/or.txt (line 2))
Installing collected packages: pytz, tzdata, six, pyparsing, protobuf, pillow, packaging, numpy, kiwisolver, fonttools, cycler, absl-py, python-dateutil, contourpy, pandas, matplotlib, ortools
Successfully installed absl-py-2.3.0+computecanada contourpy-1.3.1+computecanada cycler-0.12.1+computecanada fonttools-4.58.4+computecanada kiwisolver-1.4.8+computecanada matplotlib-3.10.0+computecanada numpy-2.2.2+computecanada ortools-9.10.4067+computecanada packaging-25.0+computecanada pandas-2.2.3+computecanada pillow-11.1.0+computecanada protobuf-6.31.1+computecanada pyparsing-3.2.3+computecanada python-dateutil-2.9.0.post0+computecanada pytz-2025.2+computecanada six-1.17.0+computecanada tzdata-2025.2+computecanada

Starting CP-SAT solver v9.10.4067
Parameters: max_time_in_seconds: 86400 max_memory_in_mb: 185000 log_search_progress: true enumerate_all_solutions: false num_search_workers: 32 absolute_gap_limit: 0 relative_gap_limit: 0

Initial optimization model '': (model_fingerprint: 0xc4d69a7b5b6e0a36)
#Variables: 133 (#ints: 5 in objective)
  - 84 Booleans in [0,1]
  - 49 in [0,338]
#kLinear1: 22
#kLinear2: 146
#kLinear3: 52
#kLinearN: 392 (#terms: 3'322)

Starting presolve at 0.00s
  1.96e-04s  0.00e+00d  [DetectDominanceRelations] 
  3.06e-03s  0.00e+00d  [PresolveToFixPoint] #num_loops=6 #num_dual_strengthening=3 
  1.82e-05s  0.00e+00d  [ExtractEncodingFromLinear] #potential_supersets=4 
[Symmetry] Graph for symmetry has 608 nodes and 2'123 arcs.
[Symmetry] Symmetry computation done. time: 0.000288871 dtime: 0.00032276
[Symmetry] #generators: 2, average support size: 16
[Symmetry] The model contains 76 duplicate constraints !
[Symmetry] 8 orbits with sizes: 3,3,3,3,3,3,3,3
[Symmetry] Num fixable by intersecting at_most_one with orbits: 2 largest_orbit: 3
[Symmetry] Found orbitope of size 8 x 3
  1.34e-03s  9.08e-05d  [Probe] #probed=106 #fixed_bools=3 #new_bounds=7 #equiv=1 #new_binary_clauses=1 
  7.84e-05s  0.00e+00d  [MaxClique] Merged 27(54 literals) into 11(22 literals) at_most_ones. 
  7.32e-05s  0.00e+00d  [DetectDominanceRelations] 
  1.05e-03s  0.00e+00d  [PresolveToFixPoint] #num_loops=4 #num_dual_strengthening=3 
  2.27e-04s  0.00e+00d  [ProcessAtMostOneAndLinear] 
  2.01e-04s  0.00e+00d  [DetectDuplicateConstraints] #duplicates=88 #without_enforcements=16 
  7.75e-05s  3.25e-06d  [DetectDominatedLinearConstraints] #relevant_constraints=177 #num_inclusions=44 #num_redundant=1 
  1.01e-04s  0.00e+00d  [DetectDifferentVariables] #different=15 
  2.55e-05s  9.94e-07d  [ProcessSetPPC] #relevant_constraints=87 
  4.22e-06s  0.00e+00d  [FindAlmostIdenticalLinearConstraints] 
  4.24e-05s  8.69e-06d  [FindBigAtMostOneAndLinearOverlap] 
  1.04e-04s  6.93e-05d  [FindBigVerticalLinearOverlap] #blocks=1 #saved_nz=31 
  1.32e-05s  3.08e-06d  [FindBigHorizontalLinearOverlap] #linears=83 
  8.53e-06s  0.00e+00d  [MergeClauses] 
  6.90e-05s  0.00e+00d  [DetectDominanceRelations] 
  7.10e-04s  0.00e+00d  [PresolveToFixPoint] #num_loops=2 #num_dual_strengthening=1 
  6.19e-05s  0.00e+00d  [DetectDominanceRelations] 
  5.44e-04s  0.00e+00d  [PresolveToFixPoint] #num_loops=1 #num_dual_strengthening=1 
[Symmetry] Graph for symmetry has 476 nodes and 1'517 arcs.
[Symmetry] Symmetry computation done. time: 5.756e-05 dtime: 0.00010616
  4.67e-04s  8.10e-05d  [Probe] #probed=102 #new_bounds=5 #new_binary_clauses=1 
  2.47e-06s  0.00e+00d  [MaxClique] 
  6.79e-05s  0.00e+00d  [DetectDominanceRelations] 
  7.61e-04s  0.00e+00d  [PresolveToFixPoint] #num_loops=2 #num_dual_strengthening=1 
  1.71e-04s  0.00e+00d  [ProcessAtMostOneAndLinear] 
  1.23e-04s  0.00e+00d  [DetectDuplicateConstraints] #without_enforcements=16 
  5.56e-05s  3.06e-06d  [DetectDominatedLinearConstraints] #relevant_constraints=177 #num_inclusions=38 
  4.84e-05s  0.00e+00d  [DetectDifferentVariables] #different=15 
  2.34e-05s  9.18e-07d  [ProcessSetPPC] #relevant_constraints=85 
  4.35e-06s  0.00e+00d  [FindAlmostIdenticalLinearConstraints] 
  1.25e-05s  8.53e-06d  [FindBigAtMostOneAndLinearOverlap] 
  7.66e-05s  6.58e-05d  [FindBigVerticalLinearOverlap] 
  1.25e-05s  3.08e-06d  [FindBigHorizontalLinearOverlap] #linears=83 
  1.75e-06s  0.00e+00d  [MergeClauses] 
  6.68e-05s  0.00e+00d  [DetectDominanceRelations] 
  5.67e-04s  0.00e+00d  [PresolveToFixPoint] #num_loops=1 #num_dual_strengthening=1 
  6.11e-05s  0.00e+00d  [DetectDominanceRelations] 
  5.38e-04s  0.00e+00d  [PresolveToFixPoint] #num_loops=1 #num_dual_strengthening=1 
[Symmetry] Graph for symmetry has 476 nodes and 1'517 arcs.
[Symmetry] Symmetry computation done. time: 5.837e-05 dtime: 0.00010682
  4.54e-04s  7.96e-05d  [Probe] #probed=102 #new_binary_clauses=1 
  2.24e-06s  0.00e+00d  [MaxClique] 
  6.66e-05s  0.00e+00d  [DetectDominanceRelations] 
  5.73e-04s  0.00e+00d  [PresolveToFixPoint] #num_loops=1 #num_dual_strengthening=1 
  1.71e-04s  0.00e+00d  [ProcessAtMostOneAndLinear] 
  1.24e-04s  0.00e+00d  [DetectDuplicateConstraints] #without_enforcements=16 
  5.88e-05s  3.06e-06d  [DetectDominatedLinearConstraints] #relevant_constraints=177 #num_inclusions=38 
  4.81e-05s  0.00e+00d  [DetectDifferentVariables] #different=15 
  2.39e-05s  9.18e-07d  [ProcessSetPPC] #relevant_constraints=85 
  4.49e-06s  0.00e+00d  [FindAlmostIdenticalLinearConstraints] 
  1.24e-05s  8.53e-06d  [FindBigAtMostOneAndLinearOverlap] 
  7.55e-05s  6.58e-05d  [FindBigVerticalLinearOverlap] 
  1.31e-05s  3.08e-06d  [FindBigHorizontalLinearOverlap] #linears=83 
  1.74e-06s  0.00e+00d  [MergeClauses] 
  6.63e-05s  0.00e+00d  [DetectDominanceRelations] 
  5.66e-04s  0.00e+00d  [PresolveToFixPoint] #num_loops=1 #num_dual_strengthening=1 
  3.31e-05s  0.00e+00d  [ExpandObjective] #entries=16 #tight_variables=8 #tight_constraints=3 

Presolve summary:
  - 19 affine relations were detected.
  - rule 'TODO dual: only one blocking constraint?' was applied 334 times.
  - rule 'TODO dual: only one unspecified blocking constraint?' was applied 65 times.
  - rule 'TODO duplicate: identical constraint with different enforcements' was applied 48 times.
  - rule 'affine: new relation' was applied 19 times.
  - rule 'at_most_one: removed literals' was applied 11 times.
  - rule 'at_most_one: size one' was applied 11 times.
  - rule 'at_most_one: transformed into max clique.' was applied 1 time.
  - rule 'deductions: 55 stored' was applied 1 time.
  - rule 'dual: fix variable' was applied 12 times.
  - rule 'dual: reduced domain' was applied 28 times.
  - rule 'duplicate: merged rhs of linear constraint' was applied 14 times.
  - rule 'duplicate: removed constraint' was applied 88 times.
  - rule 'enforcement: false literal' was applied 8 times.
  - rule 'enforcement: true literal' was applied 8 times.
  - rule 'exactly_one: satisfied' was applied 1 time.
  - rule 'exactly_one: x and not(x)' was applied 1 time.
  - rule 'incompatible linear: add implication' was applied 9 times.
  - rule 'linear inclusion: redundant containing constraint' was applied 1 time.
  - rule 'linear matrix: common vertical rectangle' was applied 1 time.
  - rule 'linear: always true' was applied 208 times.
  - rule 'linear: doubleton free' was applied 6 times.
  - rule 'linear: empty' was applied 12 times.
  - rule 'linear: extracted enforcement literal' was applied 656 times.
  - rule 'linear: fixed or dup variables' was applied 421 times.
  - rule 'linear: positive equal one' was applied 4 times.
  - rule 'linear: reduced variable domains' was applied 50 times.
  - rule 'linear: remapped using affine relations' was applied 349 times.
  - rule 'linear: simplified rhs' was applied 1'113 times.
  - rule 'linear: variable substitution 1' was applied 6 times.
  - rule 'presolve: 45 unused variables removed.' was applied 1 time.
  - rule 'presolve: iteration' was applied 3 times.
  - rule 'probing: reduced enforced constraint to implication.' was applied 27 times.
  - rule 'probing: simplified enforcement list.' was applied 9 times.
  - rule 'symmetry: fixed to false' was applied 3 times.

Presolved optimization model '': (model_fingerprint: 0xae684c30772c21c0)
#Variables: 64 (#ints: 5 in objective)
  - 26 Booleans in [0,1]
  - 1 in [0,173]
  - 1 in [0,188]
  - 3 in [0,249]
  - 4 in [0,251]
  - 1 in [0,263]
  - 3 in [0,285]
  - 3 in [0,293]
  - 1 in [3,252]
  - 1 in [3,254]
  - 1 in [3,288]
  - 1 in [3,296]
  - 1 in [3,296][341,634]
  - 1 in [41,292]
  - 1 in [53,302]
  - 2 in [64,327]
  - 1 in [70,333]
  - 2 in [76,327]
  - 1 in [82,333]
  - 6 in [91,327]
  - 2 in [97,333]
  - 1 in [102,338]
#kExactlyOne: 2 (#literals: 6)
#kLinear2: 90 (#enforced: 64 #multi: 50)
#kLinear3: 57 (#enforced: 51 #multi: 28)
#kLinearN: 94 (#enforced: 53) (#terms: 660)

Preloading model.
#Bound   0.02s best:inf   next:[102,1213] initial_domain
[Symmetry] Graph for symmetry has 406 nodes and 1'517 arcs.
[Symmetry] Symmetry computation done. time: 5.847e-05 dtime: 0.00010262
#Model   0.02s var:64/64 constraints:243/243

Starting search at 0.02s with 32 workers.
16 full problem subsolvers: [core, default_lp, lb_tree_search, max_lp, no_lp, objective_lb_search, objective_lb_search_max_lp, objective_lb_search_no_lp, objective_shaving_search_max_lp, objective_shaving_search_no_lp, probing, probing_max_lp, pseudo_costs, quick_restart, quick_restart_no_lp, reduced_costs]
14 first solution subsolvers: [fj_long_default, fj_long_lin_default, fj_long_random, fj_short_default, fj_short_lin_default, fj_short_lin_random, fj_short_random, fs_random(2), fs_random_no_lp(2), fs_random_quick_restart(2), fs_random_quick_restart_no_lp]
11 incomplete subsolvers: [feasibility_pump, graph_arc_lns, graph_cst_lns, graph_dec_lns, graph_var_lns, rins/rens, rnd_cst_lns, rnd_var_lns, violation_ls(3)]
3 helper subsolvers: [neighborhood_helper, synchronization_agent, update_gap_integral]
#1       0.03s best:618   next:[102,617]  no_lp (fixed_bools=0/43)
#Bound   0.03s best:618   next:[103,617]  bool_core (num_cores=1 [size:3 mw:1 d:2] a=3 d=2 fixed=0/32 clauses=10)
#Bound   0.03s best:618   next:[104,617]  bool_core (num_cores=1 [cover] a=3 d=2 fixed=0/37 clauses=12)
#Bound   0.03s best:618   next:[105,617]  bool_core (num_cores=1 [cover] a=3 d=2 fixed=1/42 clauses=16)
#Bound   0.03s best:618   next:[106,617]  bool_core (num_cores=1 [cover] a=3 d=2 fixed=2/47 clauses=22)
#Bound   0.03s best:618   next:[107,617]  bool_core (num_cores=1 [cover] a=3 d=2 fixed=3/52 clauses=30)
#Bound   0.03s best:618   next:[108,617]  bool_core (num_cores=1 [cover] a=3 d=2 fixed=4/57 clauses=40)
#Bound   0.03s best:618   next:[109,617]  bool_core (num_cores=1 [cover] a=3 d=2 fixed=5/62 clauses=52)
#Bound   0.03s best:618   next:[110,617]  bool_core (num_cores=1 [cover] a=3 d=2 fixed=6/67 clauses=66)
#Bound   0.03s best:618   next:[111,617]  bool_core (num_cores=1 [cover] a=3 d=2 fixed=7/72 clauses=82)
#Bound   0.03s best:618   next:[112,617]  bool_core (num_cores=1 [cover] a=3 d=2 fixed=8/77 clauses=101)
#Bound   0.03s best:618   next:[113,617]  bool_core (num_cores=1 [cover] a=3 d=2 fixed=9/82 clauses=122)
#Bound   0.03s best:618   next:[114,617]  bool_core (num_cores=1 [cover] a=3 d=2 fixed=10/87 clauses=145)
#Bound   0.03s best:618   next:[115,617]  bool_core (num_cores=1 [cover] a=3 d=2 fixed=11/92 clauses=170)
#Bound   0.03s best:618   next:[116,617]  bool_core (num_cores=1 [cover] a=3 d=2 fixed=12/97 clauses=196)
#Bound   0.03s best:618   next:[117,617]  bool_core (num_cores=1 [cover] a=3 d=2 fixed=13/102 clauses=225)
#2       0.03s best:581   next:[117,580]  no_lp (fixed_bools=0/48)
#3       0.03s best:569   next:[117,568]  no_lp (fixed_bools=0/54)
#4       0.03s best:554   next:[117,553]  no_lp (fixed_bools=0/59)
#5       0.03s best:467   next:[117,466]  no_lp (fixed_bools=0/65)
#Bound   0.03s best:467   next:[126,466]  objective_lb_search_no_lp
#6       0.03s best:434   next:[126,433]  no_lp (fixed_bools=0/74)
#7       0.03s best:433   next:[126,432]  violation_ls(batch:1 #solutions_imported:1 #lin_moves:0 #lin_evals:7 #gen_moves:3 #gen_evals:0 #comp_moves:3 #backtracks:0 #weight_updates:0)
#8       0.03s best:432   next:[126,431]  violation_ls(batch:1 #solutions_imported:1 #lin_moves:0 #lin_evals:4 #gen_moves:2 #gen_evals:0 #comp_moves:2 #backtracks:0 #weight_updates:0)
#9       0.03s best:402   next:[126,401]  quick_restart_no_lp (fixed_bools=1/124)
#10      0.03s best:401   next:[126,400]  quick_restart_no_lp (fixed_bools=1/127)
#11      0.03s best:246   next:[126,245]  objective_lb_search_no_lp (fixed_bools=1/46)
#Bound   0.03s best:246   next:[127,245]  objective_lb_search
#Bound   0.03s best:246   next:[141,245]  objective_lb_search_no_lp
#Bound   0.03s best:246   next:[142,245]  objective_lb_search_no_lp
#Bound   0.03s best:246   next:[143,245]  objective_lb_search_no_lp
#Model   0.04s var:59/64 constraints:164/243
#Done    0.04s no_lp
#Done    0.04s objective_lb_search
#Done    0.04s quick_restart_no_lp
#Done    0.04s objective_lb_search_no_lp
#Model   0.04s var:49/64 constraints:87/243
#Bound   0.04s best:246   next:[212,245]  objective_lb_search_no_lp [skipped_logs=2]

Task timing                                  n [     min,      max]      avg      dev     time         n [     min,      max]      avg      dev    dtime
                             'core':         1 [ 12.67ms,  12.67ms]  12.67ms   0.00ns  12.67ms         1 [  5.74ms,   5.74ms]   5.74ms   0.00ns   5.74ms
                       'default_lp':         1 [ 12.67ms,  12.67ms]  12.67ms   0.00ns  12.67ms         1 [586.32us, 586.32us] 586.32us   0.00ns 586.32us
                 'feasibility_pump':         1 [418.19us, 418.19us] 418.19us   0.00ns 418.19us         0 [  0.00ns,   0.00ns]   0.00ns   0.00ns   0.00ns
                  'fj_long_default':         0 [  0.00ns,   0.00ns]   0.00ns   0.00ns   0.00ns         0 [  0.00ns,   0.00ns]   0.00ns   0.00ns   0.00ns
              'fj_long_lin_default':         0 [  0.00ns,   0.00ns]   0.00ns   0.00ns   0.00ns         0 [  0.00ns,   0.00ns]   0.00ns   0.00ns   0.00ns
                   'fj_long_random':         0 [  0.00ns,   0.00ns]   0.00ns   0.00ns   0.00ns         0 [  0.00ns,   0.00ns]   0.00ns   0.00ns   0.00ns
                 'fj_short_default':         0 [  0.00ns,   0.00ns]   0.00ns   0.00ns   0.00ns         0 [  0.00ns,   0.00ns]   0.00ns   0.00ns   0.00ns
             'fj_short_lin_default':         0 [  0.00ns,   0.00ns]   0.00ns   0.00ns   0.00ns         0 [  0.00ns,   0.00ns]   0.00ns   0.00ns   0.00ns
              'fj_short_lin_random':         0 [  0.00ns,   0.00ns]   0.00ns   0.00ns   0.00ns         0 [  0.00ns,   0.00ns]   0.00ns   0.00ns   0.00ns
                  'fj_short_random':         0 [  0.00ns,   0.00ns]   0.00ns   0.00ns   0.00ns         0 [  0.00ns,   0.00ns]   0.00ns   0.00ns   0.00ns
                        'fs_random':         0 [  0.00ns,   0.00ns]   0.00ns   0.00ns   0.00ns         0 [  0.00ns,   0.00ns]   0.00ns   0.00ns   0.00ns
                        'fs_random':         0 [  0.00ns,   0.00ns]   0.00ns   0.00ns   0.00ns         0 [  0.00ns,   0.00ns]   0.00ns   0.00ns   0.00ns
                  'fs_random_no_lp':         0 [  0.00ns,   0.00ns]   0.00ns   0.00ns   0.00ns         0 [  0.00ns,   0.00ns]   0.00ns   0.00ns   0.00ns
                  'fs_random_no_lp':         0 [  0.00ns,   0.00ns]   0.00ns   0.00ns   0.00ns         0 [  0.00ns,   0.00ns]   0.00ns   0.00ns   0.00ns
          'fs_random_quick_restart':         0 [  0.00ns,   0.00ns]   0.00ns   0.00ns   0.00ns         0 [  0.00ns,   0.00ns]   0.00ns   0.00ns   0.00ns
          'fs_random_quick_restart':         0 [  0.00ns,   0.00ns]   0.00ns   0.00ns   0.00ns         0 [  0.00ns,   0.00ns]   0.00ns   0.00ns   0.00ns
    'fs_random_quick_restart_no_lp':         0 [  0.00ns,   0.00ns]   0.00ns   0.00ns   0.00ns         0 [  0.00ns,   0.00ns]   0.00ns   0.00ns   0.00ns
                    'graph_arc_lns':         0 [  0.00ns,   0.00ns]   0.00ns   0.00ns   0.00ns         0 [  0.00ns,   0.00ns]   0.00ns   0.00ns   0.00ns
                    'graph_cst_lns':         0 [  0.00ns,   0.00ns]   0.00ns   0.00ns   0.00ns         0 [  0.00ns,   0.00ns]   0.00ns   0.00ns   0.00ns
                    'graph_dec_lns':         0 [  0.00ns,   0.00ns]   0.00ns   0.00ns   0.00ns         0 [  0.00ns,   0.00ns]   0.00ns   0.00ns   0.00ns
                    'graph_var_lns':         0 [  0.00ns,   0.00ns]   0.00ns   0.00ns   0.00ns         0 [  0.00ns,   0.00ns]   0.00ns   0.00ns   0.00ns
                   'lb_tree_search':         1 [ 11.38ms,  11.38ms]  11.38ms   0.00ns  11.38ms         1 [ 21.35us,  21.35us]  21.35us   0.00ns  21.35us
                           'max_lp':         1 [ 12.17ms,  12.17ms]  12.17ms   0.00ns  12.17ms         1 [ 21.31us,  21.31us]  21.31us   0.00ns  21.31us
                            'no_lp':         1 [ 11.81ms,  11.81ms]  11.81ms   0.00ns  11.81ms         1 [  1.82ms,   1.82ms]   1.82ms   0.00ns   1.82ms
              'objective_lb_search':         1 [ 10.13ms,  10.13ms]  10.13ms   0.00ns  10.13ms         1 [227.54us, 227.54us] 227.54us   0.00ns 227.54us
       'objective_lb_search_max_lp':         1 [  6.42ms,   6.42ms]   6.42ms   0.00ns   6.42ms         1 [288.41us, 288.41us] 288.41us   0.00ns 288.41us
        'objective_lb_search_no_lp':         1 [  6.32ms,   6.32ms]   6.32ms   0.00ns   6.32ms         1 [  1.38ms,   1.38ms]   1.38ms   0.00ns   1.38ms
  'objective_shaving_search_max_lp':         1 [  3.51ms,   3.51ms]   3.51ms   0.00ns   3.51ms         0 [  0.00ns,   0.00ns]   0.00ns   0.00ns   0.00ns
   'objective_shaving_search_no_lp':         1 [  3.72ms,   3.72ms]   3.72ms   0.00ns   3.72ms         0 [  0.00ns,   0.00ns]   0.00ns   0.00ns   0.00ns
                          'probing':         1 [ 11.09ms,  11.09ms]  11.09ms   0.00ns  11.09ms         1 [356.73us, 356.73us] 356.73us   0.00ns 356.73us
                   'probing_max_lp':         1 [ 10.22ms,  10.22ms]  10.22ms   0.00ns  10.22ms         1 [333.41us, 333.41us] 333.41us   0.00ns 333.41us
                     'pseudo_costs':         1 [ 11.43ms,  11.43ms]  11.43ms   0.00ns  11.43ms         1 [280.08us, 280.08us] 280.08us   0.00ns 280.08us
                    'quick_restart':         1 [ 11.86ms,  11.86ms]  11.86ms   0.00ns  11.86ms         1 [473.40us, 473.40us] 473.40us   0.00ns 473.40us
              'quick_restart_no_lp':         1 [ 10.94ms,  10.94ms]  10.94ms   0.00ns  10.94ms         1 [  1.74ms,   1.74ms]   1.74ms   0.00ns   1.74ms
                    'reduced_costs':         1 [ 11.77ms,  11.77ms]  11.77ms   0.00ns  11.77ms         1 [294.97us, 294.97us] 294.97us   0.00ns 294.97us
                        'rins/rens':         0 [  0.00ns,   0.00ns]   0.00ns   0.00ns   0.00ns         0 [  0.00ns,   0.00ns]   0.00ns   0.00ns   0.00ns
                      'rnd_cst_lns':         0 [  0.00ns,   0.00ns]   0.00ns   0.00ns   0.00ns         0 [  0.00ns,   0.00ns]   0.00ns   0.00ns   0.00ns
                      'rnd_var_lns':         1 [300.34us, 300.34us] 300.34us   0.00ns 300.34us         0 [  0.00ns,   0.00ns]   0.00ns   0.00ns   0.00ns
                     'violation_ls':         1 [210.03us, 210.03us] 210.03us   0.00ns 210.03us         1 [960.00ns, 960.00ns] 960.00ns   0.00ns 960.00ns
                     'violation_ls':         1 [513.27us, 513.27us] 513.27us   0.00ns 513.27us         1 [ 11.89us,  11.89us]  11.89us   0.00ns  11.89us
                     'violation_ls':         1 [529.98us, 529.98us] 529.98us   0.00ns 529.98us         1 [  4.97us,   4.97us]   4.97us   0.00ns   4.97us

Search stats                        Bools  Conflicts  Branches  Restarts  BoolPropag  IntegerPropag
                           'core':    107         42     1'207       472      19'035         18'479
                     'default_lp':     26          2        67        52          29            536
                      'fs_random':      0          0         0         0           0              0
                      'fs_random':      0          0         0         0           0              0
                'fs_random_no_lp':      0          0         0         0           0              0
                'fs_random_no_lp':      0          0         0         0           0              0
        'fs_random_quick_restart':      0          0         0         0           0              0
        'fs_random_quick_restart':      0          0         0         0           0              0
  'fs_random_quick_restart_no_lp':      0          0         0         0           0              0
                 'lb_tree_search':     26          0        52        52          14            262
                         'max_lp':     26          0        52        52          14            262
                          'no_lp':     88         69       678       214       1'710         11'629
            'objective_lb_search':     27          1        53        53          30            359
     'objective_lb_search_max_lp':     26          0        52        52          29            369
      'objective_lb_search_no_lp':     54         69       330       190         932          9'293
                        'probing':     28          0        56        56          21            288
                 'probing_max_lp':     26          0        52        52          14            263
                   'pseudo_costs':     26          0        52        52          29            388
                  'quick_restart':     43          0        78        53          31            566
            'quick_restart_no_lp':    134         48     1'097       294       2'551         10'510
                  'reduced_costs':     26          0        52        52          29            388

SAT stats                           ClassicMinim  LitRemoved  LitLearned  LitForgotten  Subsumed  MClauses  MDecisions  MLitTrue  MSubsumed  MLitRemoved  MReused
                           'core':            16          28         110             0         5       182         916         0         11           51        4
                     'default_lp':             2           2          12             0         0         0           0         0          0            0        0
                      'fs_random':             0           0           0             0         0         0           0         0          0            0        0
                      'fs_random':             0           0           0             0         0         0           0         0          0            0        0
                'fs_random_no_lp':             0           0           0             0         0         0           0         0          0            0        0
                'fs_random_no_lp':             0           0           0             0         0         0           0         0          0            0        0
        'fs_random_quick_restart':             0           0           0             0         0         0           0         0          0            0        0
        'fs_random_quick_restart':             0           0           0             0         0         0           0         0          0            0        0
  'fs_random_quick_restart_no_lp':             0           0           0             0         0         0           0         0          0            0        0
                 'lb_tree_search':             0           0           0             0         0         0           0         0          0            0        0
                         'max_lp':             0           0           0             0         0         0           0         0          0            0        0
                          'no_lp':            34          64         352             0        10        18          89         0          3           17        4
            'objective_lb_search':             0           0           1             0         0         0           0         0          0            0        0
     'objective_lb_search_max_lp':             0           0           0             0         0         0           0         0          0            0        0
      'objective_lb_search_no_lp':            42          76         247             0         1         8          40         0          0            0        0
                        'probing':             0           0           0             0         0         0           0         0          0            0        0
                 'probing_max_lp':             0           0           0             0         0         0           0         0          0            0        0
                   'pseudo_costs':             0           0           0             0         0         0           0         0          0            0        0
                  'quick_restart':             0           0           0             0         0         0           0         0          0            0        0
            'quick_restart_no_lp':             7           7         262             0         1        29         169         0          3           11        2
                  'reduced_costs':             0           0           0             0         0         0           0         0          0            0        0

Lp stats                         Component  Iterations  AddedCuts  OPTIMAL  DUAL_F.  DUAL_U.
                  'default_lp':          1          91        196       30        0        0
              'lb_tree_search':          1          54        246        3        0        0
                      'max_lp':          1          53        249        3        0        0
         'objective_lb_search':          1          57        204       14        0        0
  'objective_lb_search_max_lp':          1          76        201        9        0        0
                     'probing':          1          63        197       19        0        0
              'probing_max_lp':          1          57        268        3        1        0
                'pseudo_costs':          1          74        247        9        0        0
               'quick_restart':          1         103        215       24        0        0
               'reduced_costs':          1          75        239        9        0        0

Lp dimension                                                                    Final dimension of first component
                  'default_lp':   106 rows, 62 columns, 345 entries with magnitude in [6.269051e-03, 1.000000e+00]
              'lb_tree_search':  283 rows, 64 columns, 1551 entries with magnitude in [1.754134e-02, 1.000000e+00]
                      'max_lp':  283 rows, 64 columns, 1549 entries with magnitude in [1.754134e-02, 1.000000e+00]
         'objective_lb_search':    98 rows, 62 columns, 327 entries with magnitude in [2.394293e-03, 1.000000e+00]
  'objective_lb_search_max_lp':   112 rows, 64 columns, 395 entries with magnitude in [1.986037e-02, 1.000000e+00]
                     'probing':   104 rows, 62 columns, 437 entries with magnitude in [1.529438e-03, 1.000000e+00]
              'probing_max_lp':  333 rows, 64 columns, 1826 entries with magnitude in [4.107739e-03, 1.000000e+00]
                'pseudo_costs':   110 rows, 64 columns, 389 entries with magnitude in [1.900693e-02, 1.000000e+00]
               'quick_restart':    97 rows, 62 columns, 302 entries with magnitude in [6.269051e-03, 1.000000e+00]
               'reduced_costs':   115 rows, 64 columns, 404 entries with magnitude in [1.986037e-02, 1.000000e+00]

Lp debug                         CutPropag  CutEqPropag  Adjust  Overflow  Bad  BadScaling
                  'default_lp':          0            1       1         0  101           0
              'lb_tree_search':          0            0       0         0   91           0
                      'max_lp':          0            0       0         0   87           0
         'objective_lb_search':          0            2       1         0  118           0
  'objective_lb_search_max_lp':          0            0       2         0   83           0
                     'probing':          0            0       8         0  136           0
              'probing_max_lp':          0            0       1         0   96           0
                'pseudo_costs':          1            0       0         0  100           0
               'quick_restart':          0            2       1         0  110           0
               'reduced_costs':          1            0       2         0  106           0

Lp pool                          Constraints  Updates  Simplif  Merged  Shortened  Split  Strenghtened  Cuts/Call
                  'default_lp':          268       30      110       3         65      2           127    196/322
              'lb_tree_search':          489        1        0       0          0      1            42    246/374
                      'max_lp':          492        1        0       0          0      1            42    249/378
         'objective_lb_search':          276       32      110       3         65      3           127    204/328
  'objective_lb_search_max_lp':          439       27      226       5          0      0           501    201/305
                     'probing':          272        3        0       0          0      1            24    197/340
              'probing_max_lp':          511        1        0       0          0      1            46    268/404
                'pseudo_costs':          485       33      235       5          0      1           531    247/386
               'quick_restart':          287       31      123       3         65      3           127    215/343
               'reduced_costs':          477       34      240       5          0      1           513    239/388

Lp Cut            defaul  max_lp  quick_  reduce  pseudo  lb_tre  probin  object  probin  object
          CG_FF:      23      28      24      23      32      28      20      24      28      14
           CG_K:      11      16      12      10      15      16       7      12      16       6
           CG_R:      17      17      18       9      15      17      15      17      17       7
          CG_RB:      16      43      16      19      25      44      24      19      46      11
         CG_RBP:       1       5       1       3       3       5       8       1       5       3
             IB:      48      44      56      61      61      44      38      48      44      61
       MIR_1_FF:      12      27      12      28      27      27       7      12      27      25
        MIR_1_K:       6       5       7       5       5       4       1       7       4       5
        MIR_1_R:       4      12       5       6       6      13       1       4      12       6
       MIR_1_RB:       9      10       8      23      21      10      12      13       9      21
      MIR_1_RBP:       -       4       -       2       2       3       -       -       3       2
      MIR_1_RLT:       -       1       -       2       2       1       -       -       1       2
       MIR_2_FF:      10       8      11       5       5       7       6       8       8       5
        MIR_2_K:       4       4       4       1       1       5       3       2       6       2
        MIR_2_R:       6       3       6       2       3       3       5       5       4       2
       MIR_2_RB:       6       3       5       3       5       4       8       4       3       5
      MIR_2_RBP:       2       2       2       1       1       2       1       1       4       1
       MIR_3_FF:       3       3       4       8       4       1       7       5       2       4
        MIR_3_K:       -       3       -       -       -       1       3       1       1       -
        MIR_3_R:       5       1       5       1       -       -       5       7       -       -
       MIR_3_RB:       -       2       1       3       1       1       1       1       1       3
      MIR_3_RBP:       -       1       -       -       -       -       -       -       -       -
       MIR_4_FF:       1       2       3       -       -       2       -       -       2       -
        MIR_4_K:       -       -       1       -       -       -       -       -       1       -
        MIR_4_R:       1       -       3       1       -       1       -       -       -       -
       MIR_4_RB:       -       1       -       -       -       1       -       -       1       -
       MIR_5_FF:       -       -       -       -       -       1       -       -       1       -
        MIR_5_R:       -       -       -       -       -       1       -       -       -       -
   ZERO_HALF_FF:       3       2       3       7       5       2       6       3       7       5
    ZERO_HALF_K:       -       -       -       2       -       -       2       -       2       -
    ZERO_HALF_R:       4       2       4       8       5       2       9       5       8       5
   ZERO_HALF_RB:       4       -       4       3       2       -       7       5       4       3
  ZERO_HALF_RBP:       -       -       -       3       1       -       1       -       1       3

LNS stats           Improv/Calls  Closed  Difficulty  TimeLimit
  'graph_arc_lns':           0/0      0%        0.50       0.10
  'graph_cst_lns':           0/0      0%        0.50       0.10
  'graph_dec_lns':           0/0      0%        0.50       0.10
  'graph_var_lns':           0/0      0%        0.50       0.10
      'rins/rens':           0/0      0%        0.50       0.10
    'rnd_cst_lns':           0/0      0%        0.50       0.10
    'rnd_var_lns':           1/1    100%        0.71       0.10

LS stats                   Batches  Restarts  LinMoves  GenMoves  CompoundMoves  WeightUpdates
       'fj_long_default':        0         0         0         0              0              0
   'fj_long_lin_default':        0         0         0         0              0              0
        'fj_long_random':        0         0         0         0              0              0
      'fj_short_default':        0         0         0         0              0              0
  'fj_short_lin_default':        0         0         0         0              0              0
   'fj_short_lin_random':        0         0         0         0              0              0
       'fj_short_random':        0         0         0         0              0              0
          'violation_ls':        1         0         0         2              2              0
          'violation_ls':        1         0         0         3              3              0
          'violation_ls':        1         0         5         0              0              4

Solutions (11)                  Num     Rank
                      'no_lp':    6    [1,6]
  'objective_lb_search_no_lp':    1  [11,11]
        'quick_restart_no_lp':    2   [9,10]
               'violation_ls':    2    [7,8]

Objective bounds                Num
                  'bool_core':   15
             'initial_domain':    1
        'objective_lb_search':    1
  'objective_lb_search_no_lp':    7

Solution repositories    Added  Queried  Ignored  Synchro
  'feasible solutions':     22        5        0       15
        'lp solutions':      0        0        0        0
                'pump':      0        0

Improving bounds shared         Num
                       'core':    1
                      'no_lp':   49
  'objective_lb_search_no_lp':   73
        'quick_restart_no_lp':   14

Clauses shared                  Num
                      'no_lp':    7
  'objective_lb_search_no_lp':   14
        'quick_restart_no_lp':    7

CpSolverResponse summary:
status: OPTIMAL
objective: 246
best_bound: 246
integers: 0
booleans: 0
conflicts: 0
branches: 0
propagations: 0
integer_propagations: 0
restarts: 0
lp_iterations: 0
walltime: 0.0419034
usertime: 0.0419035
deterministic_time: 0.0140733
gap_integral: 0.0183167
solution_fingerprint: 0x6d95b392287b17a3

