created virtual environment CPython3.12.4.final.0-64 in 877ms
  creator CPython3Posix(dest=/localscratch/aneumann.47038295.0/env, clear=False, no_vcs_ignore=False, global=False)
  seeder FromAppData(download=False, pip=bundle, via=copy, app_data_dir=/home/aneumann/.local/share/virtualenv)
    added seed packages: pip==24.2+computecanada
  activators BashActivator,CShellActivator,FishActivator,NushellActivator,PowerShellActivator,PythonActivator
Looking in links: /cvmfs/soft.computecanada.ca/custom/python/wheelhouse/gentoo2023/x86-64-v3, /cvmfs/soft.computecanada.ca/custom/python/wheelhouse/gentoo2023/generic, /cvmfs/soft.computecanada.ca/custom/python/wheelhouse/generic
Requirement already satisfied: pip in /localscratch/aneumann.47038295.0/env/lib/python3.12/site-packages (24.2+computecanada)
Processing /cvmfs/soft.computecanada.ca/custom/python/wheelhouse/generic/pip-25.0+computecanada-py3-none-any.whl
Installing collected packages: pip
  Attempting uninstall: pip
    Found existing installation: pip 24.2+computecanada
    Uninstalling pip-24.2+computecanada:
      Successfully uninstalled pip-24.2+computecanada
Successfully installed pip-25.0+computecanada
Looking in links: /cvmfs/soft.computecanada.ca/custom/python/wheelhouse/gentoo2023/x86-64-v3, /cvmfs/soft.computecanada.ca/custom/python/wheelhouse/gentoo2023/generic, /cvmfs/soft.computecanada.ca/custom/python/wheelhouse/generic
ERROR: protobuf-5.28.3-cp38-abi3-manylinux2014_x86_64.whl is not a supported wheel on this platform.
Looking in links: /cvmfs/soft.computecanada.ca/custom/python/wheelhouse/gentoo2023/x86-64-v3, /cvmfs/soft.computecanada.ca/custom/python/wheelhouse/gentoo2023/generic, /cvmfs/soft.computecanada.ca/custom/python/wheelhouse/generic
Processing /home/aneumann/projects/def-adhaj/aneumann/GNRS/wheels/immutabledict-4.2.0-py3-none-any.whl
Installing collected packages: immutabledict
Successfully installed immutabledict-4.2.0
Looking in links: /cvmfs/soft.computecanada.ca/custom/python/wheelhouse/gentoo2023/x86-64-v3, /cvmfs/soft.computecanada.ca/custom/python/wheelhouse/gentoo2023/generic, /cvmfs/soft.computecanada.ca/custom/python/wheelhouse/generic
Processing /cvmfs/soft.computecanada.ca/custom/python/wheelhouse/generic/ortools-9.10.4067+computecanada-cp312-cp312-linux_x86_64.whl (from -r /home/aneumann/projects/def-adhaj/aneumann/GNRS/requirements/or.txt (line 1))
Processing /cvmfs/soft.computecanada.ca/custom/python/wheelhouse/gentoo2023/x86-64-v3/matplotlib-3.10.0+computecanada-cp312-cp312-linux_x86_64.whl (from -r /home/aneumann/projects/def-adhaj/aneumann/GNRS/requirements/or.txt (line 2))
Processing /cvmfs/soft.computecanada.ca/custom/python/wheelhouse/gentoo2023/x86-64-v3/pandas-2.2.3+computecanada-cp312-cp312-linux_x86_64.whl (from -r /home/aneumann/projects/def-adhaj/aneumann/GNRS/requirements/or.txt (line 3))
Processing /cvmfs/soft.computecanada.ca/custom/python/wheelhouse/generic/absl_py-2.3.0+computecanada-py3-none-any.whl (from ortools<9.11,>=9.10->-r /home/aneumann/projects/def-adhaj/aneumann/GNRS/requirements/or.txt (line 1))
Processing /cvmfs/soft.computecanada.ca/custom/python/wheelhouse/gentoo2023/generic/numpy-2.2.2+computecanada-cp312-cp312-linux_x86_64.whl (from ortools<9.11,>=9.10->-r /home/aneumann/projects/def-adhaj/aneumann/GNRS/requirements/or.txt (line 1))
Processing /cvmfs/soft.computecanada.ca/custom/python/wheelhouse/gentoo2023/x86-64-v3/protobuf-6.31.1+computecanada-cp312-cp312-linux_x86_64.whl (from ortools<9.11,>=9.10->-r /home/aneumann/projects/def-adhaj/aneumann/GNRS/requirements/or.txt (line 1))
Requirement already satisfied: immutabledict>=3.0.0 in /localscratch/aneumann.47038295.0/env/lib/python3.12/site-packages (from ortools<9.11,>=9.10->-r /home/aneumann/projects/def-adhaj/aneumann/GNRS/requirements/or.txt (line 1)) (4.2.0)
Processing /cvmfs/soft.computecanada.ca/custom/python/wheelhouse/gentoo2023/generic/contourpy-1.3.1+computecanada-cp312-cp312-linux_x86_64.whl (from matplotlib->-r /home/aneumann/projects/def-adhaj/aneumann/GNRS/requirements/or.txt (line 2))
Processing /cvmfs/soft.computecanada.ca/custom/python/wheelhouse/generic/cycler-0.12.1+computecanada-py3-none-any.whl (from matplotlib->-r /home/aneumann/projects/def-adhaj/aneumann/GNRS/requirements/or.txt (line 2))
Processing /cvmfs/soft.computecanada.ca/custom/python/wheelhouse/generic/fonttools-4.59.0+computecanada-cp312-cp312-linux_x86_64.whl (from matplotlib->-r /home/aneumann/projects/def-adhaj/aneumann/GNRS/requirements/or.txt (line 2))
Processing /cvmfs/soft.computecanada.ca/custom/python/wheelhouse/gentoo2023/x86-64-v3/kiwisolver-1.4.8+computecanada-cp312-cp312-linux_x86_64.whl (from matplotlib->-r /home/aneumann/projects/def-adhaj/aneumann/GNRS/requirements/or.txt (line 2))
Processing /cvmfs/soft.computecanada.ca/custom/python/wheelhouse/generic/packaging-25.0+computecanada-py3-none-any.whl (from matplotlib->-r /home/aneumann/projects/def-adhaj/aneumann/GNRS/requirements/or.txt (line 2))
Processing /cvmfs/soft.computecanada.ca/custom/python/wheelhouse/gentoo2023/x86-64-v3/pillow-11.1.0+computecanada-cp312-cp312-linux_x86_64.whl (from matplotlib->-r /home/aneumann/projects/def-adhaj/aneumann/GNRS/requirements/or.txt (line 2))
Processing /cvmfs/soft.computecanada.ca/custom/python/wheelhouse/generic/pyparsing-3.2.3+computecanada-py3-none-any.whl (from matplotlib->-r /home/aneumann/projects/def-adhaj/aneumann/GNRS/requirements/or.txt (line 2))
Processing /cvmfs/soft.computecanada.ca/custom/python/wheelhouse/generic/python_dateutil-2.9.0.post0+computecanada-py2.py3-none-any.whl (from matplotlib->-r /home/aneumann/projects/def-adhaj/aneumann/GNRS/requirements/or.txt (line 2))
Processing /cvmfs/soft.computecanada.ca/custom/python/wheelhouse/generic/pytz-2025.2+computecanada-py2.py3-none-any.whl (from pandas->-r /home/aneumann/projects/def-adhaj/aneumann/GNRS/requirements/or.txt (line 3))
Processing /cvmfs/soft.computecanada.ca/custom/python/wheelhouse/generic/tzdata-2025.2+computecanada-py2.py3-none-any.whl (from pandas->-r /home/aneumann/projects/def-adhaj/aneumann/GNRS/requirements/or.txt (line 3))
Processing /cvmfs/soft.computecanada.ca/custom/python/wheelhouse/generic/six-1.17.0+computecanada-py2.py3-none-any.whl (from python-dateutil>=2.7->matplotlib->-r /home/aneumann/projects/def-adhaj/aneumann/GNRS/requirements/or.txt (line 2))
Installing collected packages: pytz, tzdata, six, pyparsing, protobuf, pillow, packaging, numpy, kiwisolver, fonttools, cycler, absl-py, python-dateutil, contourpy, pandas, matplotlib, ortools
Successfully installed absl-py-2.3.0+computecanada contourpy-1.3.1+computecanada cycler-0.12.1+computecanada fonttools-4.59.0+computecanada kiwisolver-1.4.8+computecanada matplotlib-3.10.0+computecanada numpy-2.2.2+computecanada ortools-9.10.4067+computecanada packaging-25.0+computecanada pandas-2.2.3+computecanada pillow-11.1.0+computecanada protobuf-6.31.1+computecanada pyparsing-3.2.3+computecanada python-dateutil-2.9.0.post0+computecanada pytz-2025.2+computecanada six-1.17.0+computecanada tzdata-2025.2+computecanada

Starting CP-SAT solver v9.10.4067
Parameters: max_time_in_seconds: 86400 max_memory_in_mb: 185000 log_search_progress: true enumerate_all_solutions: false num_search_workers: 32 absolute_gap_limit: 0 relative_gap_limit: 0

Initial optimization model '': (model_fingerprint: 0xb2e26937da3ff74d)
#Variables: 826 (#ints: 16 in objective)
  - 662 Booleans in [0,1]
  - 164 in [0,1166]
#kLinear1: 81
#kLinear2: 1'628
#kLinear3: 689
#kLinearN: 29'279 (#terms: 712'798)

Starting presolve at 0.01s
  3.21e-02s  0.00e+00d  [DetectDominanceRelations] 
  5.31e-01s  0.00e+00d  [PresolveToFixPoint] #num_loops=8 #num_dual_strengthening=3 
  2.54e-04s  0.00e+00d  [ExtractEncodingFromLinear] #potential_supersets=10 
[Symmetry] Graph for symmetry has 31'389 nodes and 618'356 arcs.
[Symmetry] Symmetry computation done. time: 0.0237449 dtime: 0.0468294
[Symmetry] #generators: 1, average support size: 50
[Symmetry] The model contains 748 duplicate constraints !
[Symmetry] 25 orbits with sizes: 2,2,2,2,2,2,2,2,2,2,...
[Symmetry] Num fixable by intersecting at_most_one with orbits: 1 largest_orbit: 2
  2.15e-01s  5.18e-02d  [Probe] #probed=1'090 #new_bounds=11 #equiv=1 
  2.87e-04s  0.00e+00d  [MaxClique] Merged 12(24 literals) into 9(18 literals) at_most_ones. 
  3.22e-02s  0.00e+00d  [DetectDominanceRelations] 
  2.49e-01s  0.00e+00d  [PresolveToFixPoint] #num_loops=5 #num_dual_strengthening=3 
  1.31e-01s  0.00e+00d  [ProcessAtMostOneAndLinear] 
  3.43e-02s  0.00e+00d  [DetectDuplicateConstraints] #duplicates=1'023 #without_enforcements=132 
  6.32e-02s  4.77e-03d  [DetectDominatedLinearConstraints] #relevant_constraints=27'627 #num_inclusions=13'833 
  3.71e-03s  0.00e+00d  [DetectDifferentVariables] #different=85 #cliques=1 #size=12 
  1.09e-02s  1.06e-03d  [ProcessSetPPC] #relevant_constraints=26'849 
  3.61e-04s  0.00e+00d  [FindAlmostIdenticalLinearConstraints] 
  3.25e-03s  4.81e-03d  [FindBigAtMostOneAndLinearOverlap] 
  1.91e-01s  9.82e-02d  [FindBigVerticalLinearOverlap] #blocks=399 #saved_nz=156'787 
  6.59e-03s  2.11e-03d  [FindBigHorizontalLinearOverlap] #linears=25'996 
  1.64e-04s  0.00e+00d  [MergeClauses] 
  3.19e-02s  0.00e+00d  [DetectDominanceRelations] 
  2.89e-01s  0.00e+00d  [PresolveToFixPoint] #num_loops=3 #num_dual_strengthening=1 
  3.16e-02s  0.00e+00d  [DetectDominanceRelations] 
  1.70e-01s  0.00e+00d  [PresolveToFixPoint] #num_loops=1 #num_dual_strengthening=1 
[Symmetry] Graph for symmetry has 31'551 nodes and 458'304 arcs.
[Symmetry] Symmetry computation done. time: 0.0110797 dtime: 0.0241854
  1.90e-01s  4.02e-02d  [Probe] #probed=1'090 #new_bounds=273 
  4.01e-04s  0.00e+00d  [MaxClique] 
  3.17e-02s  0.00e+00d  [DetectDominanceRelations] 
  2.64e-01s  0.00e+00d  [PresolveToFixPoint] #num_loops=2 #num_dual_strengthening=1 
  1.21e-01s  0.00e+00d  [ProcessAtMostOneAndLinear] 
  3.09e-02s  0.00e+00d  [DetectDuplicateConstraints] #without_enforcements=132 
  3.82e-02s  2.60e-03d  [DetectDominatedLinearConstraints] #relevant_constraints=27'653 #num_inclusions=1'318 
  3.23e-03s  0.00e+00d  [DetectDifferentVariables] 
  9.37e-03s  7.39e-04d  [ProcessSetPPC] #relevant_constraints=25'993 
  4.16e-04s  3.26e-06d  [FindAlmostIdenticalLinearConstraints] #num_tested_pairs=205 
  1.55e-03s  1.68e-03d  [FindBigAtMostOneAndLinearOverlap] 
  1.43e-01s  6.19e-02d  [FindBigVerticalLinearOverlap] #blocks=1'395 #saved_nz=137'052 
  4.96e-03s  1.31e-03d  [FindBigHorizontalLinearOverlap] #linears=20'550 
  1.75e-04s  0.00e+00d  [MergeClauses] 
  2.22e-02s  0.00e+00d  [DetectDominanceRelations] 
  2.80e-01s  0.00e+00d  [PresolveToFixPoint] #num_loops=3 #num_dual_strengthening=1 
  2.21e-02s  0.00e+00d  [DetectDominanceRelations] 
  1.71e-01s  0.00e+00d  [PresolveToFixPoint] #num_loops=1 #num_dual_strengthening=1 
[Symmetry] Graph for symmetry has 35'360 nodes and 322'353 arcs.
[Symmetry] Symmetry computation done. time: 0.00886272 dtime: 0.0175567
  1.71e-01s  3.18e-02d  [Probe] #probed=1'090 #new_bounds=954 
  2.30e-04s  0.00e+00d  [MaxClique] 
  2.22e-02s  0.00e+00d  [DetectDominanceRelations] 
  2.61e-01s  0.00e+00d  [PresolveToFixPoint] #num_loops=2 #num_dual_strengthening=1 
  1.10e-01s  0.00e+00d  [ProcessAtMostOneAndLinear] 
  2.86e-02s  0.00e+00d  [DetectDuplicateConstraints] #without_enforcements=132 
  2.52e-02s  1.48e-03d  [DetectDominatedLinearConstraints] #relevant_constraints=28'360 #num_inclusions=98 
  3.34e-03s  0.00e+00d  [DetectDifferentVariables] 
  7.09e-03s  4.41e-04d  [ProcessSetPPC] #relevant_constraints=20'622 
  7.60e-04s  8.13e-05d  [FindAlmostIdenticalLinearConstraints] #num_tested_pairs=4'920 
  1.27e-03s  1.05e-03d  [FindBigAtMostOneAndLinearOverlap] 
  7.29e-02s  3.11e-02d  [FindBigVerticalLinearOverlap] #blocks=1'015 #saved_nz=76'032 
  3.68e-03s  8.16e-04d  [FindBigHorizontalLinearOverlap] #linears=14'648 
  1.95e-04s  0.00e+00d  [MergeClauses] 
  1.78e-02s  0.00e+00d  [DetectDominanceRelations] 
  2.59e-01s  0.00e+00d  [PresolveToFixPoint] #num_loops=3 #num_dual_strengthening=1 
  1.84e-03s  0.00e+00d  [ExpandObjective] #entries=11'764 #tight_variables=4'471 #tight_constraints=2'421 

Presolve summary:
  - 255 affine relations were detected.
  - rule 'TODO dual: only one blocking constraint?' was applied 2'071 times.
  - rule 'TODO dual: only one blocking enforced constraint?' was applied 182 times.
  - rule 'TODO dual: only one unspecified blocking constraint?' was applied 79 times.
  - rule 'TODO duplicate: identical constraint with different enforcements' was applied 396 times.
  - rule 'affine: new relation' was applied 255 times.
  - rule 'at_most_one: removed literals' was applied 9 times.
  - rule 'at_most_one: size one' was applied 9 times.
  - rule 'at_most_one: transformed into max clique.' was applied 1 time.
  - rule 'deductions: 2047 stored' was applied 1 time.
  - rule 'dual: fix variable' was applied 45 times.
  - rule 'dual: reduced domain' was applied 100 times.
  - rule 'duplicate: merged rhs of linear constraint' was applied 245 times.
  - rule 'duplicate: removed constraint' was applied 1'023 times.
  - rule 'enforcement: false literal' was applied 10 times.
  - rule 'exactly_one: x and not(x)' was applied 1 time.
  - rule 'incompatible linear: add implication' was applied 198 times.
  - rule 'linear matrix: common vertical rectangle' was applied 2'809 times.
  - rule 'linear: always true' was applied 1'952 times.
  - rule 'linear: doubleton free' was applied 22 times.
  - rule 'linear: empty' was applied 54 times.
  - rule 'linear: extracted enforcement literal' was applied 29'105 times.
  - rule 'linear: fixed or dup variables' was applied 29'818 times.
  - rule 'linear: positive equal one' was applied 10 times.
  - rule 'linear: reduced variable domains' was applied 2'628 times.
  - rule 'linear: remapped using affine relations' was applied 30'067 times.
  - rule 'linear: simplified rhs' was applied 100'562 times.
  - rule 'linear: tightened into equality' was applied 13 times.
  - rule 'linear: variable substitution 1' was applied 22 times.
  - rule 'linear: variable substitution 2' was applied 233 times.
  - rule 'linear: variable substitution 3' was applied 109 times.
  - rule 'no_overlap: inferred from x != y constraints' was applied 1 time.
  - rule 'presolve: 161 unused variables removed.' was applied 1 time.
  - rule 'presolve: iteration' was applied 3 times.
  - rule 'probing: reduced enforced constraint to implication.' was applied 12 times.
  - rule 'symmetry: fixed to false in general orbit' was applied 1 time.

Presolved optimization model '': (model_fingerprint: 0xf6b3f9dedcea3486)
#Variables: 2'855 (#ints: 16 in objective)
  - 281 Booleans in [0,1]
  - 1'961 different domains in [-20883,23185] with a largest complexity of 21.
#kExactlyOne: 9 (#literals: 27)
#kInterval: 12
#kLinear2: 2'581 (#enforced: 2'489 #multi: 704)
#kLinear3: 8'044 (#enforced: 6'167)
#kLinearN: 20'182 (#enforced: 19'041) (#terms: 185'608)
#kNoOverlap: 1 (#intervals: 12)

Preloading model.
#Bound   4.32s best:inf   next:[203,16433] initial_domain
[Symmetry] Graph for symmetry has 37'246 nodes and 247'036 arcs.
[Symmetry] Symmetry computation done. time: 0.0074813 dtime: 0.0138024
#Model   4.38s var:2855/2855 constraints:30829/30829

Starting search at 4.39s with 32 workers.
17 full problem subsolvers: [core, default_lp, fixed, lb_tree_search, max_lp, no_lp, objective_lb_search, objective_lb_search_max_lp, objective_lb_search_no_lp, objective_shaving_search_max_lp, objective_shaving_search_no_lp, probing, probing_max_lp, pseudo_costs, quick_restart, quick_restart_no_lp, reduced_costs]
13 first solution subsolvers: [fj_long_default, fj_long_lin_default, fj_long_random, fj_short_default, fj_short_lin_default, fj_short_lin_random, fj_short_random, fs_random(2), fs_random_no_lp, fs_random_quick_restart(2), fs_random_quick_restart_no_lp]
13 incomplete subsolvers: [feasibility_pump, graph_arc_lns, graph_cst_lns, graph_dec_lns, graph_var_lns, rins/rens, rnd_cst_lns, rnd_var_lns, scheduling_intervals_lns, scheduling_precedences_lns, scheduling_time_window_lns, violation_ls(2)]
3 helper subsolvers: [neighborhood_helper, synchronization_agent, update_gap_integral]
#Bound   5.22s best:inf   next:[204,16433] objective_shaving_search_no_lp (vars=2855 csts=30832)
#Bound   5.54s best:inf   next:[205,16433] objective_shaving_search_no_lp (vars=2856 csts=30870)
#Bound   5.79s best:inf   next:[214,16433] objective_lb_search_no_lp
#Bound   5.92s best:inf   next:[410,16433] objective_lb_search_no_lp
#Bound   5.92s best:inf   next:[471,16433] objective_lb_search_no_lp
#1       6.16s best:6402  next:[471,6401] fs_random_quick_restart_no_lp (fixed_bools=0/339)
#Bound   6.34s best:6402  next:[526,6401] objective_lb_search_max_lp
#Bound   6.41s best:6402  next:[1340,6401] objective_lb_search_max_lp
#2       6.51s best:6401  next:[1340,6400] quick_restart_no_lp (fixed_bools=0/424)
#3       6.58s best:6400  next:[1340,6399] violation_ls(batch:3 #solutions_imported:2 #lin_moves:19'801 #lin_evals:85'520 #weight_updates:237)
#Bound   6.58s best:6400  next:[1360,6399] pseudo_costs
#Bound   6.65s best:6400  next:[1394,6399] pseudo_costs
#4       6.66s best:6399  next:[1394,6398] violation_ls(batch:4 #solutions_imported:3 #lin_moves:19'813 #lin_evals:85'589 #weight_updates:244)
#5       6.68s best:6398  next:[1394,6397] violation_ls(batch:3 #solutions_imported:2 #lin_moves:40 #lin_evals:36'446 #gen_moves:14'403 #gen_evals:1'959 #comp_moves:3'069 #backtracks:5'663 #weight_updates:141)
#6       6.70s best:6397  next:[1394,6396] violation_ls(batch:4 #solutions_imported:3 #lin_moves:40 #lin_evals:36'479 #gen_moves:14'417 #gen_evals:1'960 #comp_moves:3'073 #backtracks:5'668 #weight_updates:141)
#Bound   6.73s best:6397  next:[1484,6396] pseudo_costs
#7       6.81s best:6390  next:[1484,6389] rnd_var_lns (d=0.88 s=115 t=0.10 p=1.00 stall=3 h=auto_l0) [presolve]
#Bound   6.85s best:6390  next:[1497,6389] objective_lb_search_max_lp
#Bound   6.87s best:6390  next:[1520,6389] pseudo_costs
#Bound   6.94s best:6390  next:[1758,6389] objective_lb_search_max_lp
#8       7.09s best:6389  next:[1758,6388] violation_ls(batch:5 #solutions_imported:4 #lin_moves:19'813 #lin_evals:91'066 #gen_moves:2'109 #gen_evals:247 #comp_moves:203 #backtracks:953 #weight_updates:288)
#9       7.42s best:6246  next:[1758,6245] no_lp (fixed_bools=0/388)
#10      8.14s best:6244  next:[1758,6243] no_lp (fixed_bools=0/390)
#11      8.48s best:6220  next:[1758,6219] no_lp (fixed_bools=0/392)
#12      8.85s best:6179  next:[1758,6178] no_lp (fixed_bools=0/394)
#13      9.24s best:6160  next:[1758,6159] no_lp (fixed_bools=0/396)
#14      9.70s best:5859  next:[1758,5858] no_lp (fixed_bools=0/412)
#15      9.86s best:5435  next:[1758,5434] scheduling_intervals_lns (d=0.50 s=98 t=0.10 p=0.00 stall=0 h=auto_l0)
#16     10.63s best:5430  next:[1758,5429] quick_restart_no_lp (fixed_bools=0/613)
#17     10.84s best:5429  next:[1758,5428] violation_ls(batch:7 #solutions_imported:6 #lin_moves:16'064 #lin_evals:109'907 #gen_moves:21'842 #gen_evals:2'996 #comp_moves:4'354 #backtracks:8'737 #weight_updates:741)
#Bound  11.20s best:5429  next:[1759,5428] max_lp
#18     11.31s best:5427  next:[1759,5426] rnd_cst_lns (d=0.96 s=162 t=0.10 p=1.00 stall=6 h=auto_l0) [hint]
#19     11.51s best:5426  next:[1759,5425] violation_ls(batch:8 #solutions_imported:7 #lin_moves:16'064 #lin_evals:109'998 #gen_moves:21'880 #gen_evals:3'001 #comp_moves:4'356 #backtracks:8'755 #weight_updates:741)
#Bound  12.09s best:5426  next:[1760,5425] lb_tree_search
#20     12.21s best:5162  next:[1760,5161] rins_lp_lns (d=0.91 s=158 t=0.10 p=1.00 stall=4 h=auto_l0)
#21     12.51s best:5161  next:[1760,5160] violation_ls(batch:9 #solutions_imported:8 #lin_moves:16'065 #lin_evals:110'014 #gen_moves:21'880 #gen_evals:3'001 #comp_moves:4'356 #backtracks:8'755 #weight_updates:741)
#Bound  12.64s best:5161  next:[1761,5160] lb_tree_search
#22     13.54s best:5159  next:[1761,5158] no_lp (fixed_bools=0/483)
#23     13.60s best:5157  next:[1761,5156] rnd_cst_lns (d=0.98 s=191 t=0.10 p=1.00 stall=1 h=auto_l0)
#24     14.75s best:5151  next:[1761,5150] no_lp (fixed_bools=0/486)
#Bound  15.25s best:5151  next:[1763,5150] objective_lb_search_max_lp
#25     16.49s best:5141  next:[1763,5140] no_lp (fixed_bools=0/490)
#26     16.78s best:5136  next:[1763,5135] quick_restart_no_lp (fixed_bools=0/915)
#27     17.30s best:5102  next:[1763,5101] no_lp (fixed_bools=0/495)
#28     17.71s best:5101  next:[1763,5100] violation_ls(batch:13 #solutions_imported:11 #lin_moves:45'042 #lin_evals:217'411 #gen_moves:21'880 #gen_evals:3'001 #comp_moves:4'356 #backtracks:8'755 #weight_updates:2'976)
#29     17.73s best:5100  next:[1763,5099] violation_ls(batch:13 #solutions_imported:11 #lin_moves:39'296 #lin_evals:267'722 #gen_moves:42'464 #gen_evals:5'232 #comp_moves:3'008 #backtracks:19'723 #weight_updates:2'836)
#30     17.81s best:5066  next:[1763,5065] no_lp (fixed_bools=0/500)
#31     18.95s best:5061  next:[1763,5060] graph_cst_lns (d=0.99 s=245 t=0.10 p=1.00 stall=0 h=auto_l0)
#32     18.99s best:5059  next:[1763,5058] violation_ls(batch:14 #solutions_imported:12 #lin_moves:46'686 #lin_evals:224'053 #gen_moves:21'880 #gen_evals:3'001 #comp_moves:4'356 #backtracks:8'755 #weight_updates:3'193)
#33     18.99s best:5058  next:[1763,5057] violation_ls(batch:14 #solutions_imported:12 #lin_moves:39'300 #lin_evals:267'761 #gen_moves:42'464 #gen_evals:5'232 #comp_moves:3'008 #backtracks:19'723 #weight_updates:2'839)
#Bound  19.11s best:5058  next:[1764,5057] objective_shaving_search_max_lp (vars=3580 csts=31555)
#34     19.12s best:5049  next:[1764,5048] no_lp (fixed_bools=0/503)
#35     20.06s best:5026  next:[1764,5025] no_lp (fixed_bools=0/523)
#36     21.21s best:5020  next:[1764,5019] graph_arc_lns (d=0.99 s=257 t=0.10 p=1.00 stall=0 h=auto_l0)
#37     21.48s best:5002  next:[1764,5001] no_lp (fixed_bools=0/551)
#38     22.45s best:4942  next:[1764,4941] rins_lp_lns (d=0.92 s=276 t=0.10 p=0.73 stall=5 h=auto_l0)
#Bound  22.66s best:4942  next:[1765,4941] objective_shaving_search_max_lp (vars=3580 csts=31555)
#39     23.89s best:4941  next:[1765,4940] violation_ls(batch:17 #solutions_imported:15 #lin_moves:57'543 #lin_evals:281'229 #gen_moves:29'946 #gen_evals:3'802 #comp_moves:5'220 #backtracks:12'354 #weight_updates:3'744)
#40     23.90s best:4940  next:[1765,4939] violation_ls(batch:17 #solutions_imported:15 #lin_moves:39'300 #lin_evals:307'708 #gen_moves:57'794 #gen_evals:6'898 #comp_moves:5'480 #backtracks:26'151 #weight_updates:3'004)
#41     24.45s best:4710  next:[1765,4709] graph_var_lns (d=0.99 s=281 t=0.10 p=1.00 stall=1 h=auto_l0)
#42     25.49s best:4696  next:[1765,4695] graph_arc_lns (d=0.99 s=282 t=0.10 p=1.00 stall=0 h=auto_l0)
#43     25.68s best:4695  next:[1765,4694] violation_ls(batch:18 #solutions_imported:16 #lin_moves:64'664 #lin_evals:309'581 #gen_moves:29'946 #gen_evals:3'802 #comp_moves:5'220 #backtracks:12'354 #weight_updates:5'359)
#Bound  25.71s best:4695  next:[1766,4694] objective_shaving_search_max_lp (vars=3580 csts=31555)
#Bound  26.43s best:4695  next:[1780,4694] objective_lb_search_max_lp
#44     27.36s best:4657  next:[1780,4656] graph_arc_lns (d=1.00 s=296 t=0.10 p=1.00 stall=0 h=auto_l0)
#45     27.99s best:4631  next:[1780,4630] rins_pump_lns (d=0.90 s=319 t=0.10 p=0.64 stall=0 h=auto_l0)
#Bound  29.76s best:4631  next:[1781,4630] objective_shaving_search_max_lp (vars=3580 csts=31555)
#46     30.68s best:4585  next:[1781,4584] rnd_var_lns (d=0.99 s=322 t=0.10 p=0.89 stall=0 h=auto_l0)
#47     32.13s best:4584  next:[1781,4583] violation_ls(batch:21 #solutions_imported:18 #lin_moves:66'517 #lin_evals:442'768 #gen_moves:65'752 #gen_evals:7'908 #comp_moves:6'196 #backtracks:29'772 #weight_updates:4'733)
#48     32.33s best:4580  next:[1781,4579] quick_restart_no_lp (fixed_bools=0/1320)
#49     32.34s best:4577  next:[1781,4576] graph_arc_lns (d=0.99 s=340 t=0.10 p=0.89 stall=0 h=auto_l0)
#Bound  33.06s best:4577  next:[1782,4576] objective_shaving_search_max_lp (vars=3580 csts=31555)
#50     33.27s best:4511  next:[1782,4510] graph_cst_lns (d=0.99 s=341 t=0.10 p=0.89 stall=0 h=auto_l0)
#51     34.18s best:4510  next:[1782,4509] violation_ls(batch:22 #solutions_imported:19 #lin_moves:79'181 #lin_evals:395'054 #gen_moves:40'134 #gen_evals:4'866 #comp_moves:6'145 #backtracks:16'980 #weight_updates:10'954)
#52     34.19s best:4509  next:[1782,4508] violation_ls(batch:22 #solutions_imported:19 #lin_moves:66'529 #lin_evals:442'838 #gen_moves:65'752 #gen_evals:7'908 #comp_moves:6'196 #backtracks:29'772 #weight_updates:4'739)
#53     34.76s best:4508  next:[1782,4507] quick_restart_no_lp (fixed_bools=0/1430)
#54     34.90s best:4458  next:[1782,4457] quick_restart_no_lp (fixed_bools=0/1439)
#55     35.40s best:4456  next:[1782,4455] quick_restart_no_lp (fixed_bools=0/1444)
#56     35.55s best:4455  next:[1782,4454] quick_restart_no_lp (fixed_bools=0/1454)
#57     35.80s best:4453  next:[1782,4452] violation_ls(batch:23 #solutions_imported:20 #lin_moves:79'182 #lin_evals:395'069 #gen_moves:40'134 #gen_evals:4'866 #comp_moves:6'145 #backtracks:16'980 #weight_updates:10'954)
#58     35.80s best:4452  next:[1782,4451] violation_ls(batch:23 #solutions_imported:20 #lin_moves:66'529 #lin_evals:442'886 #gen_moves:65'775 #gen_evals:7'910 #comp_moves:6'197 #backtracks:29'783 #weight_updates:4'739)
#Bound  36.47s best:4452  next:[1786,4451] reduced_costs
#Bound  36.84s best:4452  next:[1788,4451] lb_tree_search
#59     36.84s best:4434  next:[1788,4433] graph_cst_lns (d=1.00 s=368 t=0.10 p=0.86 stall=1 h=auto_l0)
#Bound  37.13s best:4434  next:[1792,4433] reduced_costs
#Bound  37.16s best:4434  next:[1795,4433] lb_tree_search
#Bound  37.56s best:4434  next:[1797,4433] lb_tree_search
#Bound  37.57s best:4434  next:[1814,4433] lb_tree_search
#60     37.61s best:4433  next:[1814,4432] violation_ls(batch:24 #solutions_imported:21 #lin_moves:79'182 #lin_evals:395'074 #gen_moves:40'137 #gen_evals:4'866 #comp_moves:6'148 #backtracks:16'980 #weight_updates:10'954)
#61     37.61s best:4432  next:[1814,4431] violation_ls(batch:24 #solutions_imported:21 #lin_moves:66'542 #lin_evals:442'963 #gen_moves:65'775 #gen_evals:7'910 #comp_moves:6'197 #backtracks:29'783 #weight_updates:4'746)
#Bound  37.95s best:4432  next:[1815,4431] lb_tree_search
#62     38.03s best:4375  next:[1815,4374] rnd_var_lns (d=1.00 s=376 t=0.10 p=0.86 stall=0 h=auto_l0)
#63     39.94s best:4368  next:[1815,4367] rnd_cst_lns (d=0.99 s=398 t=0.10 p=0.82 stall=0 h=auto_l0)
#64     40.03s best:4367  next:[1815,4366] violation_ls(batch:25 #solutions_imported:22 #lin_moves:70'229 #lin_evals:455'431 #gen_moves:65'775 #gen_evals:7'910 #comp_moves:6'197 #backtracks:29'783 #weight_updates:4'958)
#Bound  40.12s best:4367  next:[1816,4366] lb_tree_search (nodes=82/82 rc=0 decisions=1272 @root=11 restarts=1) 
#65     40.66s best:4362  next:[1816,4361] graph_dec_lns (d=0.99 s=404 t=0.10 p=0.82 stall=0 h=auto_l0)
#Bound  40.84s best:4362  next:[1817,4361] objective_lb_search_max_lp
#66     41.15s best:4361  next:[1817,4360] violation_ls(batch:26 #solutions_imported:23 #lin_moves:89'618 #lin_evals:447'645 #gen_moves:40'137 #gen_evals:4'866 #comp_moves:6'148 #backtracks:16'980 #weight_updates:11'262)
#67     41.16s best:4360  next:[1817,4359] violation_ls(batch:26 #solutions_imported:23 #lin_moves:70'229 #lin_evals:455'502 #gen_moves:65'806 #gen_evals:7'913 #comp_moves:6'200 #backtracks:29'797 #weight_updates:4'958)
#68     41.36s best:4356  next:[1817,4355] rins_pump_lns (d=0.91 s=425 t=0.10 p=0.60 stall=1 h=auto_l0)
#Bound  43.18s best:4356  next:[1818,4355] lb_tree_search (nodes=138/140 rc=0 decisions=1555 @root=13 restarts=1) 
#Bound  43.81s best:4356  next:[1819,4355] lb_tree_search (nodes=163/165 rc=0 decisions=1725 @root=13 restarts=1) 
#69     44.22s best:4351  next:[1819,4350] rnd_cst_lns (d=0.99 s=429 t=0.10 p=0.79 stall=0 h=auto_l0)
#Bound  44.41s best:4351  next:[1820,4350] lb_tree_search (nodes=186/188 rc=0 decisions=1864 @root=13 restarts=1) 
#70     45.91s best:4350  next:[1820,4349] violation_ls(batch:28 #solutions_imported:25 #lin_moves:89'618 #lin_evals:468'177 #gen_moves:48'403 #gen_evals:5'681 #comp_moves:7'299 #backtracks:20'535 #weight_updates:11'342)
#71     45.92s best:4349  next:[1820,4348] violation_ls(batch:28 #solutions_imported:25 #lin_moves:70'232 #lin_evals:476'048 #gen_moves:74'048 #gen_evals:8'699 #comp_moves:7'158 #backtracks:33'439 #weight_updates:5'046)
#72     45.93s best:4346  next:[1820,4345] graph_dec_lns (d=1.00 s=450 t=0.10 p=0.80 stall=0 h=auto_l0)
#Bound  46.78s best:4346  next:[1821,4345] lb_tree_search (nodes=106/106 rc=0 decisions=2297 @root=15 restarts=2) 
#Bound  47.76s best:4346  next:[1822,4345] lb_tree_search (nodes=116/116 rc=0 decisions=2380 @root=16 restarts=2) 
#Bound  48.43s best:4346  next:[1823,4345] lb_tree_search (nodes=137/137 rc=0 decisions=2566 @root=16 restarts=2) 
#Bound  49.04s best:4346  next:[1824,4345] lb_tree_search (nodes=155/156 rc=0 decisions=2680 @root=16 restarts=2) 
#Bound  49.69s best:4346  next:[1825,4345] lb_tree_search (nodes=175/176 rc=0 decisions=2863 @root=16 restarts=2) 
#Bound  51.74s best:4346  next:[1829,4345] objective_lb_search_max_lp
#Bound  54.93s best:4346  next:[1830,4345] lb_tree_search (nodes=224/224 rc=0 decisions=3978 @root=18 restarts=3) 
#73     55.40s best:4331  next:[1830,4330] graph_cst_lns (d=0.99 s=511 t=0.10 p=0.73 stall=2 h=auto_l0)
#Bound  55.72s best:4331  next:[1833,4330] objective_lb_search_max_lp
#74     56.00s best:4308  next:[1833,4307] quick_restart_no_lp (fixed_bools=0/1670)
#Bound  58.00s best:4308  next:[1834,4307] objective_lb_search_max_lp
#75     63.61s best:4208  next:[1834,4207] graph_cst_lns (d=1.00 s=582 t=0.10 p=0.76 stall=1 h=auto_l0)
#76     66.96s best:4125  next:[1834,4124] graph_arc_lns (d=0.99 s=606 t=0.10 p=0.69 stall=0 h=auto_l0)
#Bound  67.33s best:4125  next:[1835,4124] lb_tree_search (nodes=173/173 rc=6 decisions=6536 @root=24 restarts=6) 
#Bound  68.89s best:4125  next:[1836,4124] lb_tree_search (nodes=260/260 rc=6 decisions=6853 @root=25 restarts=6) 
#77     71.59s best:4121  next:[1836,4120] quick_restart_no_lp (fixed_bools=0/1890)
#78     72.61s best:4120  next:[1836,4119] violation_ls(batch:42 #solutions_imported:31 #lin_moves:158'682 #lin_evals:869'472 #gen_moves:88'639 #gen_evals:12'181 #comp_moves:11'673 #backtracks:38'456 #weight_updates:12'623)
#79     73.05s best:4118  next:[1836,4117] quick_restart_no_lp (fixed_bools=0/1925)
#80     73.96s best:4117  next:[1836,4116] quick_restart_no_lp (fixed_bools=0/1941)
#81     74.22s best:4116  next:[1836,4115] quick_restart_no_lp (fixed_bools=0/1944)
#82     74.45s best:4115  next:[1836,4114] violation_ls(batch:43 #solutions_imported:32 #lin_moves:158'682 #lin_evals:869'616 #gen_moves:88'693 #gen_evals:12'186 #comp_moves:11'675 #backtracks:38'482 #weight_updates:12'623)
#83     74.46s best:4114  next:[1836,4113] violation_ls(batch:43 #solutions_imported:32 #lin_moves:111'201 #lin_evals:807'191 #gen_moves:129'049 #gen_evals:16'318 #comp_moves:14'761 #backtracks:57'129 #weight_updates:24'610)
#84     74.94s best:4113  next:[1836,4112] graph_arc_lns (d=1.00 s=661 t=0.10 p=0.70 stall=2 h=auto_l0)
#85     75.89s best:4101  next:[1836,4100] rnd_cst_lns (d=1.00 s=658 t=0.10 p=0.68 stall=0 h=auto_l0)
#Bound  77.27s best:4101  next:[1837,4100] lb_tree_search (nodes=229/229 rc=6 decisions=7752 @root=29 restarts=7) 
#86     79.15s best:4086  next:[1837,4085] rins_pump_lns (d=0.91 s=694 t=0.10 p=0.55 stall=3 h=auto_l0)
#87     82.21s best:4041  next:[1837,4040] rnd_var_lns (d=1.00 s=710 t=0.10 p=0.68 stall=1 h=auto_l0)
#88     83.07s best:4019  next:[1837,4018] quick_restart_no_lp (fixed_bools=0/2107)
#Bound  86.36s best:4019  next:[1838,4018] objective_shaving_search_max_lp (vars=3580 csts=31555)
#89     86.97s best:4009  next:[1838,4008] graph_arc_lns (d=0.99 s=738 t=0.10 p=0.63 stall=3 h=auto_l0)
#90     90.44s best:4001  next:[1838,4000] graph_dec_lns (d=0.99 s=767 t=0.10 p=0.65 stall=0 h=auto_l0)
#91     92.25s best:3977  next:[1838,3976] graph_cst_lns (d=0.99 s=766 t=0.10 p=0.65 stall=2 h=auto_l0)
#Bound  92.65s best:3977  next:[1839,3976] lb_tree_search (nodes=244/244 rc=21 decisions=9742 @root=36 restarts=9) 
#92     93.57s best:3976  next:[1839,3975] violation_ls(batch:53 #solutions_imported:39 #lin_moves:205'416 #lin_evals:1'125'418 #gen_moves:112'244 #gen_evals:15'181 #comp_moves:12'990 #backtracks:49'595 #weight_updates:26'285)
#93     93.58s best:3975  next:[1839,3974] violation_ls(batch:53 #solutions_imported:39 #lin_moves:163'572 #lin_evals:1'077'569 #gen_moves:149'819 #gen_evals:18'937 #comp_moves:18'584 #backtracks:65'597 #weight_updates:32'477)
#94     94.09s best:3922  next:[1839,3921] graph_cst_lns (d=0.99 s=791 t=0.10 p=0.62 stall=0 h=auto_l0)
#Bound  94.46s best:3922  next:[1840,3921] lb_tree_search (nodes=298/299 rc=21 decisions=9993 @root=37 restarts=9) 
#95     94.63s best:3909  next:[1840,3908] graph_dec_lns (d=1.00 s=792 t=0.10 p=0.66 stall=0 h=auto_l0)
#96     96.61s best:3902  next:[1840,3901] graph_dec_lns (d=1.00 s=807 t=0.10 p=0.65 stall=1 h=auto_l0)
#97     96.95s best:3894  next:[1840,3893] quick_restart (fixed_bools=0/1101)
#98     99.13s best:3865  next:[1840,3864] graph_dec_lns (d=1.00 s=822 t=0.10 p=0.66 stall=0 h=auto_l0)
#Bound 100.22s best:3865  next:[1841,3864] lb_tree_search (nodes=350/350 rc=21 decisions=11029 @root=39 restarts=10) 
#99    102.54s best:3863  next:[1841,3862] quick_restart_no_lp (fixed_bools=0/2521)
#Bound 103.18s best:3863  next:[1842,3862] lb_tree_search (nodes=443/443 rc=21 decisions=11529 @root=40 restarts=10) 
#100   104.24s best:3862  next:[1842,3861] violation_ls(batch:58 #solutions_imported:43 #lin_moves:225'216 #lin_evals:1'256'140 #gen_moves:129'743 #gen_evals:16'978 #comp_moves:14'218 #backtracks:57'727 #weight_updates:26'739)
#101   104.27s best:3861  next:[1842,3860] violation_ls(batch:58 #solutions_imported:43 #lin_moves:192'986 #lin_evals:1'236'132 #gen_moves:156'999 #gen_evals:19'980 #comp_moves:19'684 #backtracks:68'635 #weight_updates:33'224)
#102   105.21s best:3858  next:[1842,3857] quick_restart_no_lp (fixed_bools=0/2568)
#Bound 106.06s best:3858  next:[1843,3857] lb_tree_search (nodes=538/539 rc=22 decisions=12007 @root=41 restarts=10) 
#103   106.13s best:3846  next:[1843,3845] rnd_var_lns (d=1.00 s=871 t=0.10 p=0.62 stall=0 h=auto_l0)
#104   106.16s best:3845  next:[1843,3844] violation_ls(batch:59 #solutions_imported:44 #lin_moves:225'216 #lin_evals:1'256'198 #gen_moves:129'783 #gen_evals:16'980 #comp_moves:14'220 #backtracks:57'746 #weight_updates:26'739)
#105   106.18s best:3844  next:[1843,3843] violation_ls(batch:59 #solutions_imported:44 #lin_moves:192'986 #lin_evals:1'236'162 #gen_moves:157'015 #gen_evals:19'983 #comp_moves:19'686 #backtracks:68'642 #weight_updates:33'224)
#106   106.98s best:3701  next:[1843,3700] rins_lp_lns (d=0.91 s=881 t=0.10 p=0.54 stall=3 h=auto_l0)
#Bound 110.60s best:3701  next:[1844,3700] lb_tree_search (nodes=696/697 rc=23 decisions=12983 @root=42 restarts=10) 
#Bound 115.22s best:3701  next:[1845,3700] lb_tree_search (nodes=856/857 rc=23 decisions=13831 @root=43 restarts=10) 
#Bound 120.81s best:3701  next:[1846,3700] lb_tree_search (nodes=1067/1069 rc=23 decisions=14921 @root=44 restarts=10) 
#Bound 127.79s best:3701  next:[1847,3700] lb_tree_search (nodes=1294/1296 rc=23 decisions=15982 @root=45 restarts=10) 
#107   132.08s best:3680  next:[1847,3679] rins_lp_lns (d=0.90 s=1055 t=0.10 p=0.52 stall=10 h=folio_rnd)
#Bound 132.22s best:3680  next:[1862,3679] objective_lb_search_max_lp
#108   136.96s best:3675  next:[1862,3674] graph_var_lns (d=1.00 s=1074 t=0.10 p=0.61 stall=4 h=auto_l0)
#109   137.92s best:3674  next:[1862,3673] violation_ls(batch:75 #solutions_imported:47 #lin_moves:370'923 #lin_evals:1'802'783 #gen_moves:129'783 #gen_evals:16'980 #comp_moves:14'220 #backtracks:57'746 #weight_updates:32'710)
#110   137.92s best:3673  next:[1862,3672] violation_ls(batch:75 #solutions_imported:47 #lin_moves:192'986 #lin_evals:1'518'652 #gen_moves:282'788 #gen_evals:35'190 #comp_moves:26'361 #backtracks:128'171 #weight_updates:34'182)
#111   138.73s best:3600  next:[1862,3599] rins_lp_lns (d=0.91 s=1094 t=0.10 p=0.53 stall=2 h=auto_l0)
#112   139.20s best:3599  next:[1862,3598] violation_ls(batch:76 #solutions_imported:48 #lin_moves:370'924 #lin_evals:1'802'799 #gen_moves:129'783 #gen_evals:16'980 #comp_moves:14'220 #backtracks:57'746 #weight_updates:32'710)
#113   139.21s best:3598  next:[1862,3597] violation_ls(batch:76 #solutions_imported:48 #lin_moves:192'987 #lin_evals:1'518'668 #gen_moves:282'788 #gen_evals:35'190 #comp_moves:26'361 #backtracks:128'171 #weight_updates:34'182)
#114   140.42s best:3579  next:[1862,3578] graph_dec_lns (d=0.99 s=1103 t=0.10 p=0.59 stall=2 h=auto_l0)
#115   140.93s best:3578  next:[1862,3577] quick_restart_no_lp (fixed_bools=0/2911)
#116   141.12s best:3571  next:[1862,3570] quick_restart_no_lp (fixed_bools=0/2917)
#117   141.58s best:3570  next:[1862,3569] violation_ls(batch:77 #solutions_imported:49 #lin_moves:370'924 #lin_evals:1'802'809 #gen_moves:129'788 #gen_evals:16'980 #comp_moves:14'221 #backtracks:57'748 #weight_updates:32'710)
#118   141.59s best:3569  next:[1862,3568] violation_ls(batch:77 #solutions_imported:49 #lin_moves:192'988 #lin_evals:1'518'684 #gen_moves:282'788 #gen_evals:35'190 #comp_moves:26'361 #backtracks:128'171 #weight_updates:34'182)
#119   141.80s best:3565  next:[1862,3564] quick_restart_no_lp (fixed_bools=0/2921)
#120   142.14s best:3533  next:[1862,3532] rnd_cst_lns (d=1.00 s=1111 t=0.10 p=0.59 stall=2 h=auto_l0)
#121   142.61s best:3532  next:[1862,3531] quick_restart_no_lp (fixed_bools=0/2958)
#122   145.07s best:3510  next:[1862,3509] graph_arc_lns (d=0.99 s=1126 t=0.10 p=0.59 stall=0 h=auto_l0)
#123   145.71s best:3508  next:[1862,3507] quick_restart_no_lp (fixed_bools=0/2996)
#124   146.54s best:3506  next:[1862,3505] quick_restart_no_lp (fixed_bools=0/2998)
#125   146.72s best:3504  next:[1862,3503] quick_restart_no_lp (fixed_bools=0/3004)
#126   146.77s best:3485  next:[1862,3484] rnd_var_lns (d=0.99 s=1135 t=0.10 p=0.58 stall=2 h=auto_l0)
#127   147.86s best:3484  next:[1862,3483] violation_ls(batch:80 #solutions_imported:52 #lin_moves:199'442 #lin_evals:1'582'034 #gen_moves:299'727 #gen_evals:36'927 #comp_moves:28'122 #backtracks:135'754 #weight_updates:35'739)
#128   149.69s best:3483  next:[1862,3482] violation_ls(batch:81 #solutions_imported:53 #lin_moves:390'437 #lin_evals:1'917'569 #gen_moves:139'393 #gen_evals:17'925 #comp_moves:14'486 #backtracks:62'415 #weight_updates:33'296)
#129   149.70s best:3482  next:[1862,3481] violation_ls(batch:81 #solutions_imported:53 #lin_moves:199'442 #lin_evals:1'582'143 #gen_moves:299'770 #gen_evals:36'931 #comp_moves:28'123 #backtracks:135'775 #weight_updates:35'739)
#Bound 151.00s best:3482  next:[1890,3481] objective_lb_search_max_lp
#130   151.31s best:3473  next:[1890,3472] rnd_var_lns (d=1.00 s=1160 t=0.10 p=0.59 stall=0 h=auto_l0)
#131   151.97s best:3428  next:[1890,3427] rins_lp_lns (d=0.90 s=1184 t=0.10 p=0.52 stall=0 h=auto_l0)
#132   154.41s best:3393  next:[1890,3392] rnd_cst_lns (d=1.00 s=1188 t=0.10 p=0.60 stall=0 h=auto_l0)
#133   158.68s best:3336  next:[1890,3335] rins_lp_lns (d=0.91 s=1222 t=0.10 p=0.53 stall=2 h=auto_l0)
#Bound 178.20s best:3336  next:[1897,3335] objective_lb_search_max_lp
#134   193.39s best:3288  next:[1897,3287] graph_dec_lns (d=1.00 s=1434 t=0.10 p=0.58 stall=0 h=auto_l0)
#135   193.64s best:3287  next:[1897,3286] violation_ls(batch:103 #solutions_imported:57 #lin_moves:389'329 #lin_evals:2'361'997 #gen_moves:319'170 #gen_evals:38'516 #comp_moves:28'865 #backtracks:145'101 #weight_updates:36'928)
#136   194.82s best:3286  next:[1897,3285] graph_var_lns (d=0.99 s=1456 t=0.10 p=0.55 stall=2 h=auto_l0)
#137   195.26s best:3285  next:[1897,3284] violation_ls(batch:104 #solutions_imported:59 #lin_moves:432'197 #lin_evals:2'449'644 #gen_moves:292'835 #gen_evals:32'889 #comp_moves:21'589 #backtracks:135'575 #weight_updates:36'095)
#138   195.27s best:3284  next:[1897,3283] violation_ls(batch:104 #solutions_imported:58 #lin_moves:389'329 #lin_evals:2'362'000 #gen_moves:319'171 #gen_evals:38'516 #comp_moves:28'866 #backtracks:145'101 #weight_updates:36'928)
#139   196.58s best:3240  next:[1897,3239] graph_dec_lns (d=0.99 s=1459 t=0.10 p=0.56 stall=0 h=auto_l0)
#Bound 301.09s best:3240  next:[1899,3239] objective_lb_search_max_lp
#Bound 459.44s best:3240  next:[1901,3239] objective_lb_search_max_lp
#140   481.03s best:3238  next:[1901,3237] rnd_cst_lns (d=1.00 s=3226 t=0.10 p=0.53 stall=7 h=auto_l0)
#Bound 489.53s best:3238  next:[1905,3237] objective_lb_search_max_lp
#Bound 493.99s best:3238  next:[1906,3237] objective_lb_search_max_lp
#Bound 518.46s best:3238  next:[1907,3237] objective_lb_search_max_lp
#Bound 568.08s best:3238  next:[1908,3237] objective_lb_search_max_lp
#Bound 628.31s best:3238  next:[1910,3237] objective_lb_search_max_lp
#Bound 795.53s best:3238  next:[1914,3237] objective_lb_search_max_lp
#Bound 955.05s best:3238  next:[1915,3237] objective_lb_search_max_lp
#Bound 1022.17s best:3238  next:[1916,3237] objective_lb_search_max_lp
#Bound 1273.38s best:3238  next:[1917,3237] objective_lb_search_max_lp
#Bound 1394.80s best:3238  next:[1919,3237] objective_lb_search_max_lp
#Bound 1749.41s best:3238  next:[1920,3237] objective_lb_search_max_lp
#Bound 1776.22s best:3238  next:[1921,3237] objective_lb_search_max_lp
#Bound 1808.50s best:3238  next:[1923,3237] objective_lb_search_max_lp
#Bound 2260.43s best:3238  next:[1925,3237] objective_lb_search_max_lp
#Bound 2945.87s best:3238  next:[1926,3237] objective_lb_search_max_lp
#Bound 3121.19s best:3238  next:[1928,3237] objective_lb_search_max_lp
#Bound 3599.31s best:3238  next:[1929,3237] objective_lb_search_max_lp
#Bound 3714.46s best:3238  next:[1930,3237] objective_lb_search_max_lp
#Bound 4326.12s best:3238  next:[1931,3237] objective_lb_search_max_lp
#Bound 4674.86s best:3238  next:[1935,3237] objective_lb_search_max_lp
#Bound 5680.30s best:3238  next:[1936,3237] objective_lb_search_max_lp
#Bound 6686.78s best:3238  next:[1937,3237] objective_lb_search_max_lp
#Bound 7667.98s best:3238  next:[1938,3237] objective_lb_search_max_lp
#Bound 8706.45s best:3238  next:[1939,3237] objective_lb_search_max_lp
#Bound 9883.96s best:3238  next:[1942,3237] objective_lb_search_max_lp
#Bound 12044.63s best:3238  next:[1943,3237] lb_tree_search (nodes=355895/355911 rc=1099 decisions=1979823 @root=441 restarts=14) 
#Bound 12267.01s best:3238  next:[1944,3237] objective_lb_search_max_lp
#Bound 12806.82s best:3238  next:[1945,3237] objective_lb_search_max_lp
#Bound 13812.61s best:3238  next:[1946,3237] objective_lb_search_max_lp
#Bound 14438.13s best:3238  next:[1947,3237] objective_lb_search_max_lp
#Bound 15283.78s best:3238  next:[1949,3237] objective_lb_search_max_lp
#Bound 16572.12s best:3238  next:[1950,3237] objective_lb_search_max_lp
#Bound 17819.16s best:3238  next:[1951,3237] objective_lb_search_max_lp
#Bound 19655.39s best:3238  next:[1952,3237] lb_tree_search (nodes=545488/545526 rc=1588 decisions=3143964 @root=675 restarts=14) 
#Bound 20956.97s best:3238  next:[1953,3237] lb_tree_search (nodes=573513/573554 rc=1655 decisions=3343137 @root=717 restarts=14) 
#Bound 22291.23s best:3238  next:[1954,3237] lb_tree_search (nodes=603214/603256 rc=1726 decisions=3549132 @root=757 restarts=14) 
#Bound 23574.38s best:3238  next:[1955,3237] lb_tree_search (nodes=632048/632090 rc=1796 decisions=3759230 @root=800 restarts=14) 
#Bound 24672.47s best:3238  next:[1957,3237] objective_lb_search_max_lp
#Bound 26949.15s best:3238  next:[1958,3237] objective_lb_search_max_lp
#Bound 28335.70s best:3238  next:[1959,3237] objective_lb_search_max_lp
#Bound 28604.28s best:3238  next:[1960,3237] objective_lb_search_max_lp
#Bound 29095.61s best:3238  next:[1961,3237] objective_lb_search_max_lp
#Bound 30434.44s best:3238  next:[1962,3237] objective_lb_search_max_lp
#Bound 31303.54s best:3238  next:[1964,3237] objective_lb_search_max_lp
#Bound 33555.43s best:3238  next:[1965,3237] objective_lb_search_max_lp
#Bound 34902.90s best:3238  next:[1966,3237] objective_lb_search_max_lp
#Bound 36022.10s best:3238  next:[1967,3237] objective_lb_search_max_lp
#Bound 36140.92s best:3238  next:[1968,3237] objective_lb_search_max_lp
#Bound 37180.49s best:3238  next:[1969,3237] objective_lb_search_max_lp
#Bound 37663.54s best:3238  next:[1970,3237] objective_lb_search_max_lp
#Bound 37927.71s best:3238  next:[1971,3237] objective_lb_search_max_lp
#Bound 40838.78s best:3238  next:[1972,3237] objective_lb_search_max_lp
#Bound 41016.02s best:3238  next:[1973,3237] objective_lb_search_max_lp
#Bound 41793.08s best:3238  next:[1974,3237] objective_lb_search_max_lp
#Bound 42856.54s best:3238  next:[1975,3237] objective_lb_search_max_lp
#Bound 44231.27s best:3238  next:[1976,3237] objective_lb_search_max_lp
#Bound 46350.69s best:3238  next:[1977,3237] objective_lb_search_max_lp
#Bound 48717.43s best:3238  next:[1978,3237] objective_lb_search_max_lp
#Bound 50111.65s best:3238  next:[1979,3237] objective_lb_search_max_lp
#Bound 53161.00s best:3238  next:[1981,3237] objective_lb_search_max_lp
#Bound 55341.30s best:3238  next:[1982,3237] objective_lb_search_max_lp
#Bound 55931.25s best:3238  next:[1983,3237] objective_lb_search_max_lp
#Bound 58120.72s best:3238  next:[1984,3237] objective_lb_search_max_lp
#Bound 61480.96s best:3238  next:[1985,3237] objective_lb_search_max_lp
#Bound 62675.89s best:3238  next:[1986,3237] objective_lb_search_max_lp
#Bound 65050.78s best:3238  next:[1987,3237] objective_lb_search_max_lp
#Bound 65335.59s best:3238  next:[1988,3237] objective_lb_search_max_lp
#Bound 70277.66s best:3238  next:[1989,3237] objective_lb_search_max_lp
#Bound 71057.36s best:3238  next:[1990,3237] objective_lb_search_max_lp
#Bound 72293.97s best:3238  next:[1991,3237] objective_lb_search_max_lp
#Bound 73127.65s best:3238  next:[1992,3237] objective_lb_search_max_lp
#Bound 76075.95s best:3238  next:[1993,3237] objective_lb_search_max_lp
#Bound 77901.08s best:3238  next:[1995,3237] objective_lb_search_max_lp
#Bound 80661.10s best:3238  next:[1996,3237] objective_lb_search_max_lp
#Bound 82394.81s best:3238  next:[1997,3237] objective_lb_search_max_lp
#Bound 86118.42s best:3238  next:[1998,3237] objective_lb_search_max_lp

Task timing                                  n [     min,      max]      avg      dev     time         n [     min,      max]      avg      dev    dtime
                             'core':         1 [  24.00h,   24.00h]   24.00h   0.00ns   24.00h         1 [  19.99h,   19.99h]   19.99h   0.00ns   19.99h
                       'default_lp':         1 [  24.00h,   24.00h]   24.00h   0.00ns   24.00h         1 [   2.79h,    2.79h]    2.79h   0.00ns    2.79h
                 'feasibility_pump':     23486 [213.30ms,   19.44s]    3.68s 437.68ms   23.99h     23485 [262.77ms,    5.89s] 467.42ms  39.41ms    3.05h
                            'fixed':         1 [  24.00h,   24.00h]   24.00h   0.00ns   24.00h         1 [   1.99h,    1.99h]    1.99h   0.00ns    1.99h
                  'fj_long_default':         3 [141.05ms,    1.13s] 483.68ms 457.77ms    1.45s         3 [146.80ms, 183.23ms] 164.39ms  14.90ms 493.16ms
              'fj_long_lin_default':         8 [136.91ms, 333.71ms] 181.04ms  63.15ms    1.45s         8 [176.94ms, 188.46ms] 180.19ms   4.20ms    1.44s
                   'fj_long_random':         9 [106.19ms, 407.77ms] 161.42ms  88.03ms    1.45s         9 [106.51ms, 178.91ms] 137.04ms  25.75ms    1.23s
                 'fj_short_default':        10 [141.64ms, 344.02ms] 169.65ms  58.69ms    1.70s        10 [169.34ms, 190.88ms] 179.37ms   8.04ms    1.79s
             'fj_short_lin_default':         8 [131.01ms, 442.44ms] 182.05ms  99.39ms    1.46s         8 [166.30ms, 183.94ms] 175.55ms   5.59ms    1.40s
              'fj_short_lin_random':         7 [140.64ms, 516.42ms] 206.53ms 128.12ms    1.45s         7 [160.23ms, 188.06ms] 173.87ms   8.96ms    1.22s
                  'fj_short_random':         3 [135.95ms,    1.13s] 485.19ms 453.70ms    1.46s         3 [170.03ms, 176.82ms] 172.77ms   2.92ms 518.31ms
                        'fs_random':         1 [   1.75s,    1.75s]    1.75s   0.00ns    1.75s         1 [ 34.13ms,  34.13ms]  34.13ms   0.00ns  34.13ms
                        'fs_random':         1 [   1.78s,    1.78s]    1.78s   0.00ns    1.78s         1 [ 45.54ms,  45.54ms]  45.54ms   0.00ns  45.54ms
                  'fs_random_no_lp':         1 [   1.88s,    1.88s]    1.88s   0.00ns    1.88s         1 [  8.61ms,   8.61ms]   8.61ms   0.00ns   8.61ms
          'fs_random_quick_restart':         1 [   1.75s,    1.75s]    1.75s   0.00ns    1.75s         1 [  1.66ms,   1.66ms]   1.66ms   0.00ns   1.66ms
          'fs_random_quick_restart':         1 [   1.76s,    1.76s]    1.76s   0.00ns    1.76s         1 [  8.39ms,   8.39ms]   8.39ms   0.00ns   8.39ms
    'fs_random_quick_restart_no_lp':         1 [   1.76s,    1.76s]    1.76s   0.00ns    1.76s         1 [ 18.44ms,  18.44ms]  18.44ms   0.00ns  18.44ms
                    'graph_arc_lns':     44027 [160.21ms,    6.47s]    2.59s 548.41ms   31.65h     44012 [ 10.00ns, 200.57ms]  77.66ms  27.99ms   56.97m
                    'graph_cst_lns':     44027 [123.56ms,    6.28s]    2.73s 621.36ms   33.35h     44002 [ 10.00ns, 176.44ms]  75.02ms  31.04ms   55.01m
                    'graph_dec_lns':     44027 [ 90.96ms,    6.24s]    2.72s 609.12ms   33.26h     43995 [ 10.00ns, 200.67ms]  75.26ms  30.76ms   55.19m
                    'graph_var_lns':     44028 [172.77ms,    6.08s]    2.69s 690.79ms   32.85h     43977 [ 10.00ns, 201.28ms]  73.98ms  31.61ms   54.22m
                   'lb_tree_search':         1 [  24.00h,   24.00h]   24.00h   0.00ns   24.00h         1 [  12.43h,   12.43h]   12.43h   0.00ns   12.43h
                           'max_lp':         1 [  24.00h,   24.00h]   24.00h   0.00ns   24.00h         1 [   3.90h,    3.90h]    3.90h   0.00ns    3.90h
                            'no_lp':         1 [  24.00h,   24.00h]   24.00h   0.00ns   24.00h         1 [   2.15h,    2.15h]    2.15h   0.00ns    2.15h
              'objective_lb_search':         1 [  24.00h,   24.00h]   24.00h   0.00ns   24.00h         1 [   2.97h,    2.97h]    2.97h   0.00ns    2.97h
       'objective_lb_search_max_lp':         1 [  24.00h,   24.00h]   24.00h   0.00ns   24.00h         1 [   3.67h,    3.67h]    3.67h   0.00ns    3.67h
        'objective_lb_search_no_lp':         1 [  24.00h,   24.00h]   24.00h   0.00ns   24.00h         1 [   1.67h,    1.67h]    1.67h   0.00ns    1.67h
  'objective_shaving_search_max_lp':       129 [ 89.46ms,    1.37h]   11.16m   15.71m   24.00h       112 [ 20.75ms,   11.25m]    1.55m    2.15m    2.89h
   'objective_shaving_search_no_lp':       129 [170.98ms,    1.37h]   11.16m   15.71m   24.00h       112 [ 20.02ms,    3.57m]   29.82s   39.87s   55.67m
                          'probing':         1 [  24.00h,   24.00h]   24.00h   0.00ns   24.00h         1 [   3.41h,    3.41h]    3.41h   0.00ns    3.41h
                   'probing_max_lp':         1 [  24.00h,   24.00h]   24.00h   0.00ns   24.00h         1 [   3.81h,    3.81h]    3.81h   0.00ns    3.81h
                     'pseudo_costs':         1 [  24.00h,   24.00h]   24.00h   0.00ns   24.00h         1 [   3.32h,    3.32h]    3.32h   0.00ns    3.32h
                    'quick_restart':         1 [  24.00h,   24.00h]   24.00h   0.00ns   24.00h         1 [   4.39h,    4.39h]    4.39h   0.00ns    4.39h
              'quick_restart_no_lp':         1 [  24.00h,   24.00h]   24.00h   0.00ns   24.00h         1 [   2.92h,    2.92h]    2.92h   0.00ns    2.92h
                    'reduced_costs':         1 [  24.00h,   24.00h]   24.00h   0.00ns   24.00h         1 [   4.24h,    4.24h]    4.24h   0.00ns    4.24h
                        'rins/rens':     44028 [667.88us,    4.39s]    1.09s 867.85ms   13.29h     38518 [ 10.00ns, 319.24ms] 110.02ms  88.42ms    1.18h
                      'rnd_cst_lns':     44028 [146.99ms,    7.39s]    2.70s 616.33ms   33.01h     43992 [ 10.00ns, 200.48ms]  74.89ms  31.18ms   54.91m
                      'rnd_var_lns':     44028 [ 77.01ms,    6.58s]    2.66s 608.10ms   32.53h     43990 [ 10.00ns, 200.62ms]  74.13ms  31.77ms   54.35m
         'scheduling_intervals_lns':     44027 [   1.97s,    7.24s]    3.30s 312.00ms   40.42h     44020 [ 76.53ms, 200.49ms] 100.08ms   1.18ms    1.22h
       'scheduling_precedences_lns':     44027 [   1.52s,    6.60s]    3.31s 318.05ms   40.49h     44025 [ 66.85ms, 200.11ms] 100.07ms 506.09us    1.22h
       'scheduling_time_window_lns':     44027 [   1.83s,    6.66s]    3.30s 309.91ms   40.40h     44019 [ 76.53ms, 200.22ms] 100.08ms   1.27ms    1.22h
                     'violation_ls':     44028 [  3.76ms, 696.45ms] 180.67ms  55.02ms    2.21h     44028 [  1.46us, 471.34ms] 183.72ms  49.52ms    2.25h
                     'violation_ls':     44028 [  4.42ms, 715.82ms] 182.79ms  46.91ms    2.24h     44028 [  1.78us, 312.69ms] 175.22ms  31.31ms    2.14h

Search stats                          Bools  Conflicts    Branches   Restarts      BoolPropag   IntegerPropag
                           'core':   23'505  5'647'490   8'598'032     75'361  32'855'355'663  23'203'696'180
                     'default_lp':   28'809  2'576'163  18'956'008    420'438  10'997'352'255  21'118'826'196
                          'fixed':    4'438  4'875'150   4'899'434      1'762   2'869'306'771  23'481'022'039
                      'fs_random':      281          0         577        562              54          99'965
                      'fs_random':      281          0         588        562              69          99'825
                'fs_random_no_lp':      301          3         585        562             430         140'674
        'fs_random_quick_restart':      281          0         562        562              54          98'229
        'fs_random_quick_restart':      281          0         567        562              54          98'622
  'fs_random_quick_restart_no_lp':      339          5         940        563              68         194'189
                 'lb_tree_search':      347      1'076  31'819'334  7'544'902      90'572'511  16'779'275'680
                         'max_lp':    7'135  2'069'483  25'607'430  2'531'971   3'111'356'761  26'402'469'846
                          'no_lp':   10'001  3'967'584  21'297'062  1'052'088   5'886'878'574  32'759'031'985
            'objective_lb_search':    7'253  1'117'092  17'427'891  3'718'865   1'015'272'029  20'867'239'038
     'objective_lb_search_max_lp':    2'925  1'234'388  16'754'560  2'009'955   1'093'480'500  24'157'630'690
      'objective_lb_search_no_lp':    1'029  1'977'452   9'941'144  1'888'317     271'181'049  26'066'967'261
                        'probing':    5'495      4'651     279'912    110'570       5'489'129      86'039'588
                 'probing_max_lp':    5'495      4'665     216'248     89'248       4'537'421      70'706'089
                   'pseudo_costs':   26'302  2'791'614  45'668'356  1'428'217   9'605'561'133  27'053'929'517
                  'quick_restart':   30'832    886'474  31'745'119    334'357   6'975'385'042  14'990'942'466
            'quick_restart_no_lp':   31'446  3'014'251  24'022'779    385'448  17'987'305'897  27'325'650'574
                  'reduced_costs':  201'868  3'246'141  18'015'196    545'141  52'672'129'677  21'822'782'190

SAT stats                           ClassicMinim   LitRemoved   LitLearned  LitForgotten  Subsumed   MClauses  MDecisions  MLitTrue  MSubsumed  MLitRemoved  MReused
                           'core':     5'454'282  124'791'034   99'767'031    64'498'899     3'961     31'142     157'083         0        478        3'164      406
                     'default_lp':     2'297'810   29'976'723   76'844'441    59'963'159     5'802    154'781   2'111'369         0     56'943      706'587   29'192
                          'fixed':     4'182'377   34'411'766  197'470'472   190'148'292    16'383        467       6'268         0        198        1'841      139
                      'fs_random':             0            0            0             0         0          0           0         0          0            0        0
                      'fs_random':             0            0            0             0         0          0           0         0          0            0        0
                'fs_random_no_lp':             0            0           27             0         0          0           0         0          0            0        0
        'fs_random_quick_restart':             0            0            0             0         0          0           0         0          0            0        0
        'fs_random_quick_restart':             0            0            0             0         0          0           0         0          0            0        0
  'fs_random_quick_restart_no_lp':             0            0           20             0         0          0           0         0          0            0        0
                 'lb_tree_search':             5           15        3'383             0         0  3'455'446  17'282'239         0        152          591  323'495
                         'max_lp':     1'846'018   19'453'700   44'475'742    37'020'415    15'890  1'020'419   8'509'497         0     59'707      498'172  129'109
                          'no_lp':     3'656'209   43'180'564   99'053'077    86'775'252    18'147    192'771   2'551'295         0     70'439      772'724   34'689
            'objective_lb_search':     1'024'043   13'787'828   24'649'219    14'775'796     8'415  1'584'521  10'125'220         0     11'859       85'356  189'658
     'objective_lb_search_max_lp':     1'166'234   14'169'321   19'196'074     8'751'223     5'993    542'035   7'593'372         0     29'003      240'260  143'654
      'objective_lb_search_no_lp':     1'922'767   33'549'704   43'888'281    30'759'901     8'854    793'277   5'704'261         0      1'361       13'792  106'642
                        'probing':             0            0        4'675             0         0          0           0         0          0            0        0
                 'probing_max_lp':             0            0        4'713             0         0          0           0         0          0            0        0
                   'pseudo_costs':     2'466'930   19'771'875   78'373'462    70'862'392     5'784    338'358   3'922'092         0     31'344      249'616  113'398
                  'quick_restart':       758'208    8'180'756   26'169'083    20'937'251     6'549     94'564   2'560'728         0     59'498      964'906   15'499
            'quick_restart_no_lp':     2'670'263   31'963'071   97'015'742    82'382'865     6'221     49'768   1'145'684         0     33'706      459'347    5'925
                  'reduced_costs':     2'803'714   30'825'095  150'090'990   143'376'402    21'790    311'234   2'791'680         1     93'525      562'709   84'700

Lp stats                         Component   Iterations  AddedCuts    OPTIMAL     DUAL_F.  DUAL_U.
                  'default_lp':          1   31'367'268  1'139'634  5'339'138          79       77
                       'fixed':          1    3'888'557      2'988  5'949'192           0        0
                   'fs_random':          1        2'757        774         35           1        0
                   'fs_random':          1        3'281        925         51           0        0
     'fs_random_quick_restart':          1        1'527        678         19           0        0
     'fs_random_quick_restart':          1          842        415          7           0        0
              'lb_tree_search':          1  190'968'573    126'066    148'658  16'519'148        0
                      'max_lp':          1   66'670'206    622'191  1'234'058   6'074'941       17
         'objective_lb_search':          1   53'707'928    783'982  4'017'437         332       20
  'objective_lb_search_max_lp':          1   59'139'381    214'319    564'276   5'474'744       23
                     'probing':          1   39'085'248  3'158'117    596'683       7'322        3
              'probing_max_lp':          1   24'942'425    401'155    275'730     140'746        0
                'pseudo_costs':          1   33'142'043    807'738  3'432'854   2'461'635      366
               'quick_restart':          1   85'787'808  3'755'278  4'394'121       3'580      280
               'reduced_costs':          1   32'709'885    676'670  3'979'654   2'331'605      123

Lp dimension                                                                        Final dimension of first component
                  'default_lp':   2563 rows, 2843 columns, 9234 entries with magnitude in [8.764217e-03, 1.000000e+00]
                       'fixed':   2496 rows, 2843 columns, 9046 entries with magnitude in [1.120627e-02, 1.000000e+00]
                   'fs_random':   1326 rows, 2843 columns, 5037 entries with magnitude in [2.928537e-02, 1.000000e+00]
                   'fs_random':   1676 rows, 2843 columns, 6230 entries with magnitude in [2.928537e-02, 1.000000e+00]
     'fs_random_quick_restart':    576 rows, 2843 columns, 2410 entries with magnitude in [2.928537e-02, 1.000000e+00]
     'fs_random_quick_restart':    876 rows, 2843 columns, 3476 entries with magnitude in [2.928537e-02, 1.000000e+00]
              'lb_tree_search':  6123 rows, 2855 columns, 32142 entries with magnitude in [1.281385e-04, 1.000000e+00]
                      'max_lp':  3383 rows, 2855 columns, 13639 entries with magnitude in [1.116482e-04, 1.000000e+00]
         'objective_lb_search':   2759 rows, 2843 columns, 9867 entries with magnitude in [5.932522e-03, 1.000000e+00]
  'objective_lb_search_max_lp':  3716 rows, 2855 columns, 15089 entries with magnitude in [1.787802e-04, 1.000000e+00]
                     'probing':  4077 rows, 2843 columns, 20475 entries with magnitude in [8.217962e-05, 1.000000e+00]
              'probing_max_lp':  4322 rows, 2855 columns, 30555 entries with magnitude in [3.430493e-04, 1.000000e+00]
                'pseudo_costs':  2788 rows, 2855 columns, 10360 entries with magnitude in [2.889416e-03, 1.000000e+00]
               'quick_restart':  3819 rows, 2843 columns, 15756 entries with magnitude in [5.135932e-04, 1.000000e+00]
               'reduced_costs':  2948 rows, 2855 columns, 11145 entries with magnitude in [6.085784e-04, 1.000000e+00]

Lp debug                         CutPropag  CutEqPropag      Adjust  Overflow            Bad  BadScaling
                  'default_lp':         67          297   1'109'997         0     20'931'127           0
                       'fixed':          0            0     917'627         0         38'852           0
                   'fs_random':          0            0           0         0          2'456           0
                   'fs_random':          0            0           0         0          2'469           0
     'fs_random_quick_restart':          0            0           0         0          1'426           0
     'fs_random_quick_restart':          0            0           0         0          2'461           0
              'lb_tree_search':         66          269  16'505'368         0     70'093'165           0
                      'max_lp':         98          182   5'175'327         0     23'447'971           0
         'objective_lb_search':         22          307   1'921'086         0     24'153'680           0
  'objective_lb_search_max_lp':         51          155   5'964'191         0     27'100'764           0
                     'probing':        924       16'892     598'543         0  3'678'721'967           0
              'probing_max_lp':        265        9'431     416'475         0  2'650'380'191           0
                'pseudo_costs':         88          177   2'108'906         0     33'723'825           0
               'quick_restart':        339          697   2'567'692         0    100'756'844           0
               'reduced_costs':        194          279   3'713'051         0     30'876'884           0

Lp pool                          Constraints  Updates  Simplif  Merged  Shortened      Split  Strenghtened             Cuts/Call
                  'default_lp':       12'584    5'907   16'173     169          0     97'496        61'923   1'139'634/5'022'887
                       'fixed':        6'107        3       73       0          0          3           304         2'988/130'153
                   'fs_random':        3'893        0        0       0          0          0           161             774/2'525
                   'fs_random':        4'044        0        0       0          0          0           161             925/2'932
     'fs_random_quick_restart':        3'534        0        0       0          0          0           146             415/1'122
     'fs_random_quick_restart':        3'797        0        0       0          0          0           152             678/2'094
              'lb_tree_search':       39'851    5'743  381'755      31          0    444'193       378'932       126'066/344'045
                      'max_lp':       39'906    4'249  323'897     101          0    247'776       369'993     622'191/1'591'430
         'objective_lb_search':       13'018    6'414   21'517      83          0    194'113        66'224     783'982/4'718'352
  'objective_lb_search_max_lp':       40'094    3'358  394'735      41          0    400'395       391'556       214'319/624'365
                     'probing':       12'209  285'847   15'848      27          0  3'111'506       507'549   3'158'117/5'872'082
              'probing_max_lp':       39'950   64'215  348'102      21          0  1'067'513       386'259     401'155/1'134'682
                'pseudo_costs':       40'429    5'674  360'996     125          0    366'852       432'956     807'738/2'520'136
               'quick_restart':       12'271   13'038   15'077     126          0  1'795'109       117'432  3'755'278/11'906'952
               'reduced_costs':       40'263    5'624  348'921     223          0    335'168       393'174     676'670/1'942'660

Lp Cut                                                      fs_ran  fs_ran  fs_ran  fs_ran   defaul  fixed   max_lp     quick_   reduce   pseudo  lb_tre   probin   object   probin  object
                                                    CG_FF:      34      59      59      59   43'735    181   26'392     20'354   38'254   47'570   3'025   56'038   19'885    4'627   7'115
                                                     CG_K:      39      62      62      62   30'959    150   30'152     13'180   44'733   52'384   3'464   28'048   15'474    3'642   8'813
                                                    CG_KL:       -       -       -       -       93      -        7         56       56       51       1      349       63        1       1
                                                     CG_R:      23      48      48      48   21'303    147   17'016     15'156   22'203   28'422   2'968   80'661   12'190    8'441   4'979
                                                    CG_RB:      11      27      27      27   78'852    194   70'575     58'593   74'753  116'191   9'104  277'901   58'589   12'772  21'469
                                                   CG_RBP:       2       5       5       5    7'960     47   11'875      5'439   14'975   18'442   1'582   23'050    6'082    1'986   3'906
                                                   Clique:       -       -       -       -        -      -    5'661          -    9'399   12'078     326        -        -    1'093   1'625
                                                       IB:      81     227     127     375  733'364  1'589  275'725  3'303'581  234'597  231'794  30'253  963'233  520'775   80'780  77'591
                                                 MIR_1_FF:      52      84      82      84   24'093    134   17'905     34'980   25'761   32'200   5'139  159'927   14'803   16'231   7'934
                                                  MIR_1_K:      11      14      15      14    2'970     28    3'030      4'271    3'721    4'802     727   22'392    1'982    2'304   1'825
                                                 MIR_1_KL:       -       -       -       -      739      -      852        741      639      543      82    5'756      170    1'764      74
                                                  MIR_1_R:      23      28      28      28    6'570     38    2'729      8'387    4'890    5'819   1'099   71'931    3'395    6'991   1'672
                                                 MIR_1_RB:      18      29      30      30   35'705     91   39'299     56'118   47'680   56'575  12'895  261'139   23'481   33'343  18'764
                                                MIR_1_RBP:       1       1       1       -    2'305      5   10'131      3'276   11'252   11'977   1'859   10'781    1'443    1'527   4'361
                                                MIR_1_RLT:       -       -       -       -        -      -      431          -      751      982     114        -        -    1'192     165
                                                 MIR_2_FF:      17      24      26      25   19'418     49    9'807     19'231   14'646   20'025   2'571   64'815    9'834   11'952   4'244
                                                  MIR_2_K:       7      20      15      15    2'932     19    2'157      2'608    3'005    3'993     578    9'858    1'516    1'855   1'151
                                                 MIR_2_KL:       -       -       -       -      526      -      659        598      476      446      82    5'685       99    1'439      55
                                                  MIR_2_R:       4       6       6       7    5'103     15    2'276      5'666    3'518    4'531   1'301   43'671    2'772    6'517   1'413
                                                 MIR_2_RB:      13      31      28      30   23'630     45   16'155     37'812   20'980   27'800   5'725  170'184   16'034   19'843   7'898
                                                MIR_2_RBP:       1       2       -       2    2'157      3    3'531      3'068    4'424    5'358     705   12'713    1'468    1'737   1'415
                                                 MIR_3_FF:      11      11      15      13   10'680     28    6'042     12'407    8'873   12'699   1'644   42'709    6'515    7'166   2'539
                                                  MIR_3_K:       9      10       7       9    2'026      9    1'805      2'158    2'483    2'973     578    7'612    1'052    1'913     984
                                                 MIR_3_KL:       -       -       -       -      433      -      477        824      418      490      79    6'476      111    1'063      58
                                                  MIR_3_R:       2       -       1       3    2'586      2    1'512      3'834    2'146    2'548     923   28'667    1'887    4'057     846
                                                 MIR_3_RB:      12      18      19      16   13'690     31    9'373     25'020   11'602   15'660   3'233  122'439   10'538   11'204   4'495
                                                MIR_3_RBP:       -       1       1       -    1'324      3    1'887      2'028    2'198    3'048     408    9'110    1'204    1'102     839
                                                 MIR_4_FF:       3       -       5       2    6'039     10    3'272      8'399    4'506    6'933     959   29'473    4'405    3'938   1'527
                                                  MIR_4_K:       3       5       5       4    1'533     10    1'149      1'773    1'521    2'005     311    6'281      948    1'464     633
                                                 MIR_4_KL:       -       -       -       -      305      -      388        937      394      529     148    7'924      121      976      83
                                                  MIR_4_R:       1       1       2       1    1'582      2      772      2'610      997    1'498     415   16'385    1'488    1'824     514
                                                 MIR_4_RB:       9      12      10      14    8'942     26    5'106     16'622    6'027    8'855   1'613   85'377    7'254    6'017   2'447
                                                MIR_4_RBP:       1       2       1       3      857      1      902      1'294      981    1'480     231    6'736      766      668     457
                                                 MIR_5_FF:       1       2       1       2    3'686      8    1'728      5'865    2'270    3'791     554   21'622    3'470    1'986     931
                                                  MIR_5_K:       2       -       1       2    1'057      5      736      1'690      915    1'265     231    7'003      858      969     392
                                                 MIR_5_KL:       -       -       -       -      372      -      448      1'576      375      594     218   13'139      253    1'055     135
                                                  MIR_5_R:       1       2       1       1    1'003      4      446      1'762      502      769     222   10'752    1'367    1'159     294
                                                 MIR_5_RB:       4       6       5       6    5'898     19    3'074     11'351    3'393    5'126     888   64'653    5'202    3'166   1'372
                                                MIR_5_RBP:       -       -       -       1      405      1      477        969      510      778     150    6'428      492      425     267
                                                 MIR_6_FF:       1       2       3       2    2'073      6    1'065      3'890    1'207    2'129     288   16'807    2'117    1'201     627
                                                  MIR_6_K:       1       2       2       2      747      2      467      1'333      570      712     147    7'723      611    1'006     262
                                                 MIR_6_KL:       -       -       -       -      501      2      468      1'855      464      674     313   17'163      282    1'324     203
                                                  MIR_6_R:       -       -       -       1      540      1      241      1'046      212      387      99    6'572      802      567     175
                                                 MIR_6_RB:       -       1       3       2    3'945      4    1'821      7'939    2'008    3'009     511   56'659    3'452    2'057     844
                                                MIR_6_RBP:       -       1       1       -      326      1      329        842      371      533     103    8'303      305      308     214
         NoOverlapCompletionTimeExhaustiveMirror_weighted:       -       -       -       -        -      -        3          -        7        7       -        -        -        -       -
  NoOverlapCompletionTimeExhaustiveMirror_weighted_lifted:       -       -       -       -        -      -        -          -        -        2       -        -        -        -       -
               NoOverlapCompletionTimeExhaustive_weighted:       -       -       -       -        -      -      196          -      222      178     106        -        -        1     202
        NoOverlapCompletionTimeExhaustive_weighted_lifted:       -       -       -       -        -      -      839          -    1'443    2'056       4        -        -        4      90
                          NoOverlapCompletionTimeQueyrane:       -       -       -       -        -      -      233          -      388      319       9        -        -        8      49
                   NoOverlapCompletionTimeQueyrane_lifted:       -       -       -       -        -      -      333          -      549      420       8        -        -        1      63
                                NoOverlapDisjunctionOnEnd:       -       -       -       -        -      -       34          -       51       46       -        -        -        -       2
                              NoOverlapDisjunctionOnStart:       -       -       -       -        -      -      735          -    1'263    2'064       5        -        -        5      19
                                             ZERO_HALF_FF:       6       7       7       8    6'981     24    4'175      5'132    6'619    8'079     558   16'269    3'280      822   1'137
                                              ZERO_HALF_K:       2       6       6       3    2'035     13    3'041      1'342    4'736    4'938     783    3'161      995      474   1'298
                                             ZERO_HALF_KL:       -       -       -       -       46      -        7         24       19       30       1       80       44        -       -
                                              ZERO_HALF_R:       3       4       4       3    7'142     15    9'893     22'420   10'358   11'784  20'520  174'394    6'838  106'711   8'244
                                             ZERO_HALF_RB:       6      12      16      12    8'528     22    9'546     11'993   11'841   13'125   5'019   70'629    5'829   11'473   4'348
                                            ZERO_HALF_RBP:       -       2       3       4    1'938      4    2'806      3'228    3'518    4'222   1'187   19'439    1'441    5'004   1'259

LNS stats                        Improv/Calls  Closed  Difficulty  TimeLimit
               'graph_arc_lns':   10148/44027     50%        0.99       0.10
               'graph_cst_lns':   12701/44027     50%        1.00       0.10
               'graph_dec_lns':   11519/44027     50%        1.00       0.10
               'graph_var_lns':   18361/44027     50%        1.00       0.10
                   'rins/rens':    4419/41190     50%        0.91       0.30
                 'rnd_cst_lns':   12388/44027     50%        1.00       0.10
                 'rnd_var_lns':   11716/44027     50%        1.00       0.10
    'scheduling_intervals_lns':   44025/44026      0%        0.00       0.10
  'scheduling_precedences_lns':   44023/44026      0%        0.00       0.10
  'scheduling_time_window_lns':   44026/44026      0%        0.00       0.10

LS stats                   Batches  Restarts     LinMoves    GenMoves  CompoundMoves  WeightUpdates
       'fj_long_default':        3         1       29'869           0              0            131
   'fj_long_lin_default':        8         1            0      10'721          1'516              1
        'fj_long_random':        9         1       89'754           0              0            246
      'fj_short_default':       10         1            0      13'724          1'405              1
  'fj_short_lin_default':        8         1            0       9'572          1'165              1
   'fj_short_lin_random':        7         1            0      10'796          1'705              1
       'fj_short_random':        3         1            0       4'361            844              0
          'violation_ls':   44'028         0  210'573'912  25'418'299      1'126'024      3'099'176
          'violation_ls':   44'028         0  211'189'119  23'067'593        976'455      1'690'520

Solutions (140)                     Num      Rank
  'fs_random_quick_restart_no_lp':    1     [1,1]
                  'graph_arc_lns':    8  [36,122]
                  'graph_cst_lns':    7   [31,94]
                  'graph_dec_lns':    9  [65,139]
                  'graph_var_lns':    3  [41,136]
                          'no_lp':   14    [9,37]
                  'quick_restart':    1   [97,97]
            'quick_restart_no_lp':   23   [2,125]
                    'rins_lp_lns':    7  [20,133]
                  'rins_pump_lns':    3   [45,86]
                    'rnd_cst_lns':    8  [18,140]
                    'rnd_var_lns':    7   [7,130]
       'scheduling_intervals_lns':    1   [15,15]
                   'violation_ls':   48   [3,138]

Objective bounds                      Num
                   'initial_domain':    1
                   'lb_tree_search':   34
                           'max_lp':    1
       'objective_lb_search_max_lp':   86
        'objective_lb_search_no_lp':    3
  'objective_shaving_search_max_lp':    6
   'objective_shaving_search_no_lp':    2
                     'pseudo_costs':    4
                    'reduced_costs':    2

Solution repositories      Added    Queried  Ignored  Synchro
  'feasible solutions':  224'098  1'001'723        0  220'229
        'lp solutions':  139'580     21'922        0  132'707
                'pump':  493'075     22'106

Improving bounds shared             Num
                  'default_lp':     173
              'lb_tree_search':     644
                      'max_lp':     517
                       'no_lp':     243
         'objective_lb_search':      28
  'objective_lb_search_max_lp':      99
                     'probing':  28'869
              'probing_max_lp':   9'851
                'pseudo_costs':     329
               'quick_restart':   8'326
         'quick_restart_no_lp':   4'063
               'reduced_costs':     598

Clauses shared                      Num
                           'core':    3
                     'default_lp':   18
                          'fixed':    1
  'fs_random_quick_restart_no_lp':    1
                 'lb_tree_search':    4
                         'max_lp':   17
                          'no_lp':    8
            'objective_lb_search':   10
     'objective_lb_search_max_lp':    7
      'objective_lb_search_no_lp':    8
                   'pseudo_costs':   20
                  'quick_restart':   15
            'quick_restart_no_lp':   39
                  'reduced_costs':    1

CpSolverResponse summary:
status: FEASIBLE
objective: 3238
best_bound: 1998
integers: 2849
booleans: 281
conflicts: 0
branches: 562
propagations: 54
integer_propagations: 98229
restarts: 562
lp_iterations: 842
walltime: 86401.5
usertime: 86401.5
deterministic_time: 343016
gap_integral: 2.44504e+06
solution_fingerprint: 0xd62c781b88ff2843


--- Simulation Gantt  partir du modle mathmatique ---
