created virtual environment CPython3.12.4.final.0-64 in 626ms
  creator CPython3Posix(dest=/localscratch/aneumann.47038301.0/env, clear=False, no_vcs_ignore=False, global=False)
  seeder FromAppData(download=False, pip=bundle, via=copy, app_data_dir=/home/aneumann/.local/share/virtualenv)
    added seed packages: pip==24.2+computecanada
  activators BashActivator,CShellActivator,FishActivator,NushellActivator,PowerShellActivator,PythonActivator
Looking in links: /cvmfs/soft.computecanada.ca/custom/python/wheelhouse/gentoo2023/x86-64-v3, /cvmfs/soft.computecanada.ca/custom/python/wheelhouse/gentoo2023/generic, /cvmfs/soft.computecanada.ca/custom/python/wheelhouse/generic
Requirement already satisfied: pip in /localscratch/aneumann.47038301.0/env/lib/python3.12/site-packages (24.2+computecanada)
Processing /cvmfs/soft.computecanada.ca/custom/python/wheelhouse/generic/pip-25.0+computecanada-py3-none-any.whl
Installing collected packages: pip
  Attempting uninstall: pip
    Found existing installation: pip 24.2+computecanada
    Uninstalling pip-24.2+computecanada:
      Successfully uninstalled pip-24.2+computecanada
Successfully installed pip-24.2+computecanada
Looking in links: /cvmfs/soft.computecanada.ca/custom/python/wheelhouse/gentoo2023/x86-64-v3, /cvmfs/soft.computecanada.ca/custom/python/wheelhouse/gentoo2023/generic, /cvmfs/soft.computecanada.ca/custom/python/wheelhouse/generic
ERROR: protobuf-5.28.3-cp38-abi3-manylinux2014_x86_64.whl is not a supported wheel on this platform.
Looking in links: /cvmfs/soft.computecanada.ca/custom/python/wheelhouse/gentoo2023/x86-64-v3, /cvmfs/soft.computecanada.ca/custom/python/wheelhouse/gentoo2023/generic, /cvmfs/soft.computecanada.ca/custom/python/wheelhouse/generic
Processing /home/aneumann/projects/def-adhaj/aneumann/GNRS/wheels/immutabledict-4.2.0-py3-none-any.whl
Installing collected packages: immutabledict
Successfully installed immutabledict-4.2.0
Looking in links: /cvmfs/soft.computecanada.ca/custom/python/wheelhouse/gentoo2023/x86-64-v3, /cvmfs/soft.computecanada.ca/custom/python/wheelhouse/gentoo2023/generic, /cvmfs/soft.computecanada.ca/custom/python/wheelhouse/generic
Processing /cvmfs/soft.computecanada.ca/custom/python/wheelhouse/generic/ortools-9.10.4067+computecanada-cp312-cp312-linux_x86_64.whl (from -r /home/aneumann/projects/def-adhaj/aneumann/GNRS/requirements/or.txt (line 1))
Processing /cvmfs/soft.computecanada.ca/custom/python/wheelhouse/gentoo2023/x86-64-v3/matplotlib-3.10.0+computecanada-cp312-cp312-linux_x86_64.whl (from -r /home/aneumann/projects/def-adhaj/aneumann/GNRS/requirements/or.txt (line 2))
Processing /cvmfs/soft.computecanada.ca/custom/python/wheelhouse/gentoo2023/x86-64-v3/pandas-2.2.3+computecanada-cp312-cp312-linux_x86_64.whl (from -r /home/aneumann/projects/def-adhaj/aneumann/GNRS/requirements/or.txt (line 3))
Processing /cvmfs/soft.computecanada.ca/custom/python/wheelhouse/generic/absl_py-2.3.0+computecanada-py3-none-any.whl (from ortools<9.11,>=9.10->-r /home/aneumann/projects/def-adhaj/aneumann/GNRS/requirements/or.txt (line 1))
Processing /cvmfs/soft.computecanada.ca/custom/python/wheelhouse/gentoo2023/generic/numpy-2.2.2+computecanada-cp312-cp312-linux_x86_64.whl (from ortools<9.11,>=9.10->-r /home/aneumann/projects/def-adhaj/aneumann/GNRS/requirements/or.txt (line 1))
Processing /cvmfs/soft.computecanada.ca/custom/python/wheelhouse/gentoo2023/x86-64-v3/protobuf-6.31.1+computecanada-cp312-cp312-linux_x86_64.whl (from ortools<9.11,>=9.10->-r /home/aneumann/projects/def-adhaj/aneumann/GNRS/requirements/or.txt (line 1))
Requirement already satisfied: immutabledict>=3.0.0 in /localscratch/aneumann.47038301.0/env/lib/python3.12/site-packages (from ortools<9.11,>=9.10->-r /home/aneumann/projects/def-adhaj/aneumann/GNRS/requirements/or.txt (line 1)) (4.2.0)
Processing /cvmfs/soft.computecanada.ca/custom/python/wheelhouse/gentoo2023/generic/contourpy-1.3.1+computecanada-cp312-cp312-linux_x86_64.whl (from matplotlib->-r /home/aneumann/projects/def-adhaj/aneumann/GNRS/requirements/or.txt (line 2))
Processing /cvmfs/soft.computecanada.ca/custom/python/wheelhouse/generic/cycler-0.12.1+computecanada-py3-none-any.whl (from matplotlib->-r /home/aneumann/projects/def-adhaj/aneumann/GNRS/requirements/or.txt (line 2))
Processing /cvmfs/soft.computecanada.ca/custom/python/wheelhouse/generic/fonttools-4.59.0+computecanada-cp312-cp312-linux_x86_64.whl (from matplotlib->-r /home/aneumann/projects/def-adhaj/aneumann/GNRS/requirements/or.txt (line 2))
Processing /cvmfs/soft.computecanada.ca/custom/python/wheelhouse/gentoo2023/x86-64-v3/kiwisolver-1.4.8+computecanada-cp312-cp312-linux_x86_64.whl (from matplotlib->-r /home/aneumann/projects/def-adhaj/aneumann/GNRS/requirements/or.txt (line 2))
Processing /cvmfs/soft.computecanada.ca/custom/python/wheelhouse/generic/packaging-25.0+computecanada-py3-none-any.whl (from matplotlib->-r /home/aneumann/projects/def-adhaj/aneumann/GNRS/requirements/or.txt (line 2))
Processing /cvmfs/soft.computecanada.ca/custom/python/wheelhouse/gentoo2023/x86-64-v3/pillow-11.1.0+computecanada-cp312-cp312-linux_x86_64.whl (from matplotlib->-r /home/aneumann/projects/def-adhaj/aneumann/GNRS/requirements/or.txt (line 2))
Processing /cvmfs/soft.computecanada.ca/custom/python/wheelhouse/generic/pyparsing-3.2.3+computecanada-py3-none-any.whl (from matplotlib->-r /home/aneumann/projects/def-adhaj/aneumann/GNRS/requirements/or.txt (line 2))
Processing /cvmfs/soft.computecanada.ca/custom/python/wheelhouse/generic/python_dateutil-2.9.0.post0+computecanada-py2.py3-none-any.whl (from matplotlib->-r /home/aneumann/projects/def-adhaj/aneumann/GNRS/requirements/or.txt (line 2))
Processing /cvmfs/soft.computecanada.ca/custom/python/wheelhouse/generic/pytz-2025.2+computecanada-py2.py3-none-any.whl (from pandas->-r /home/aneumann/projects/def-adhaj/aneumann/GNRS/requirements/or.txt (line 3))
Processing /cvmfs/soft.computecanada.ca/custom/python/wheelhouse/generic/tzdata-2025.2+computecanada-py2.py3-none-any.whl (from pandas->-r /home/aneumann/projects/def-adhaj/aneumann/GNRS/requirements/or.txt (line 3))
Processing /cvmfs/soft.computecanada.ca/custom/python/wheelhouse/generic/six-1.17.0+computecanada-py2.py3-none-any.whl (from python-dateutil>=2.7->matplotlib->-r /home/aneumann/projects/def-adhaj/aneumann/GNRS/requirements/or.txt (line 2))
Installing collected packages: pytz, tzdata, six, pyparsing, protobuf, pillow, packaging, numpy, kiwisolver, fonttools, cycler, absl-py, python-dateutil, contourpy, pandas, matplotlib, ortools
Successfully installed absl-py-2.3.0+computecanada contourpy-1.3.1+computecanada cycler-0.12.1+computecanada fonttools-4.59.0+computecanada kiwisolver-1.4.8+computecanada matplotlib-3.10.0+computecanada numpy-2.2.2+computecanada ortools-9.10.4067+computecanada packaging-25.0+computecanada pandas-2.2.3+computecanada pillow-11.1.0+computecanada protobuf-6.31.1+computecanada pyparsing-3.2.3+computecanada python-dateutil-2.9.0.post0+computecanada pytz-2025.2+computecanada six-1.17.0+computecanada tzdata-2025.2+computecanada

Starting CP-SAT solver v9.10.4067
Parameters: max_time_in_seconds: 86400 max_memory_in_mb: 185000 log_search_progress: true enumerate_all_solutions: false num_search_workers: 32 absolute_gap_limit: 0 relative_gap_limit: 0

Initial optimization model '': (model_fingerprint: 0x77efe6ef675db87c)
#Variables: 1'050 (#ints: 16 in objective)
  - 870 Booleans in [0,1]
  - 180 in [0,1415]
#kLinear1: 93
#kLinear2: 2'012
#kLinear3: 697
#kLinearN: 43'123 (#terms: 1'196'340)

Starting presolve at 0.02s
  5.31e-02s  0.00e+00d  [DetectDominanceRelations] 
  8.98e-01s  0.00e+00d  [PresolveToFixPoint] #num_loops=8 #num_dual_strengthening=3 
  4.91e-04s  0.00e+00d  [ExtractEncodingFromLinear] #potential_supersets=8 
[Symmetry] Graph for symmetry has 45'765 nodes and 1'048'973 arcs.
[Symmetry] Symmetry computation done. time: 0.0363867 dtime: 0.0705908
[Symmetry] #generators: 1, average support size: 46
[Symmetry] The model contains 1072 duplicate constraints !
[Symmetry] 23 orbits with sizes: 2,2,2,2,2,2,2,2,2,2,...
[Symmetry] Num fixable by intersecting at_most_one with orbits: 1 largest_orbit: 2
  3.99e-01s  1.01e-01d  [Probe] #probed=1'474 #new_bounds=15 #equiv=1 
  4.25e-04s  0.00e+00d  [MaxClique] Merged 12(24 literals) into 7(14 literals) at_most_ones. 
  5.27e-02s  0.00e+00d  [DetectDominanceRelations] 
  4.18e-01s  0.00e+00d  [PresolveToFixPoint] #num_loops=5 #num_dual_strengthening=3 
  2.16e-01s  0.00e+00d  [ProcessAtMostOneAndLinear] 
  5.38e-02s  0.00e+00d  [DetectDuplicateConstraints] #duplicates=1'435 #without_enforcements=182 
  1.26e-01s  9.41e-03d  [DetectDominatedLinearConstraints] #relevant_constraints=40'688 #num_inclusions=20'167 
  5.70e-03s  0.00e+00d  [DetectDifferentVariables] #different=118 #cliques=1 #size=14 
  2.00e-02s  1.84e-03d  [ProcessSetPPC] #relevant_constraints=39'651 
  7.09e-04s  0.00e+00d  [FindAlmostIdenticalLinearConstraints] 
  4.67e-03s  6.18e-03d  [FindBigAtMostOneAndLinearOverlap] 
  3.40e-01s  1.85e-01d  [FindBigVerticalLinearOverlap] #blocks=504 #saved_nz=228'419 
  1.03e-02s  3.83e-03d  [FindBigHorizontalLinearOverlap] #linears=39'072 
  3.69e-04s  0.00e+00d  [MergeClauses] 
  5.65e-02s  0.00e+00d  [DetectDominanceRelations] 
  4.79e-01s  0.00e+00d  [PresolveToFixPoint] #num_loops=3 #num_dual_strengthening=1 
  5.63e-02s  0.00e+00d  [DetectDominanceRelations] 
  2.88e-01s  0.00e+00d  [PresolveToFixPoint] #num_loops=1 #num_dual_strengthening=1 
[Symmetry] Graph for symmetry has 45'849 nodes and 816'067 arcs.
[Symmetry] Symmetry computation done. time: 0.0185749 dtime: 0.0397383
  3.56e-01s  8.12e-02d  [Probe] #probed=1'478 #new_bounds=359 #new_binary_clauses=1 
  3.66e-04s  0.00e+00d  [MaxClique] 
  5.61e-02s  0.00e+00d  [DetectDominanceRelations] 
  4.39e-01s  0.00e+00d  [PresolveToFixPoint] #num_loops=2 #num_dual_strengthening=1 
  2.04e-01s  0.00e+00d  [ProcessAtMostOneAndLinear] 
  4.76e-02s  0.00e+00d  [DetectDuplicateConstraints] #without_enforcements=182 
  7.95e-02s  5.66e-03d  [DetectDominatedLinearConstraints] #relevant_constraints=40'748 #num_inclusions=3'047 
  5.03e-03s  0.00e+00d  [DetectDifferentVariables] 
  1.83e-02s  1.37e-03d  [ProcessSetPPC] #relevant_constraints=39'079 
  7.32e-04s  3.74e-06d  [FindAlmostIdenticalLinearConstraints] #num_tested_pairs=232 
  2.33e-03s  2.31e-03d  [FindBigAtMostOneAndLinearOverlap] 
  2.74e-01s  1.26e-01d  [FindBigVerticalLinearOverlap] #blocks=2'231 #saved_nz=221'950 
  8.80e-03s  2.57e-03d  [FindBigHorizontalLinearOverlap] #linears=32'876 
  3.87e-04s  0.00e+00d  [MergeClauses] 
  4.26e-02s  0.00e+00d  [DetectDominanceRelations] 
  4.58e-01s  0.00e+00d  [PresolveToFixPoint] #num_loops=3 #num_dual_strengthening=1 
  4.24e-02s  0.00e+00d  [DetectDominanceRelations] 
  2.96e-01s  0.00e+00d  [PresolveToFixPoint] #num_loops=1 #num_dual_strengthening=1 
[Symmetry] Graph for symmetry has 51'865 nodes and 595'830 arcs.
[Symmetry] Symmetry computation done. time: 0.0145601 dtime: 0.02949
  3.27e-01s  6.72e-02d  [Probe] #probed=1'478 #new_bounds=1'300 #new_binary_clauses=1 
  3.76e-04s  0.00e+00d  [MaxClique] 
  4.24e-02s  0.00e+00d  [DetectDominanceRelations] 
  4.23e-01s  0.00e+00d  [PresolveToFixPoint] #num_loops=2 #num_dual_strengthening=1 
  1.89e-01s  0.00e+00d  [ProcessAtMostOneAndLinear] 
  4.43e-02s  0.00e+00d  [DetectDuplicateConstraints] #without_enforcements=182 
  5.59e-02s  3.80e-03d  [DetectDominatedLinearConstraints] #relevant_constraints=42'318 #num_inclusions=2'536 
  5.17e-03s  0.00e+00d  [DetectDifferentVariables] 
  1.45e-02s  8.99e-04d  [ProcessSetPPC] #relevant_constraints=32'970 
  1.30e-03s  1.40e-04d  [FindAlmostIdenticalLinearConstraints] #num_tested_pairs=8'278 
  2.11e-03s  1.64e-03d  [FindBigAtMostOneAndLinearOverlap] 
  1.59e-01s  7.18e-02d  [FindBigVerticalLinearOverlap] #blocks=1'452 #saved_nz=149'367 
  6.80e-03s  1.67e-03d  [FindBigHorizontalLinearOverlap] #linears=25'211 
  3.88e-04s  0.00e+00d  [MergeClauses] 
  3.37e-02s  0.00e+00d  [DetectDominanceRelations] 
  4.49e-01s  0.00e+00d  [PresolveToFixPoint] #num_loops=3 #num_dual_strengthening=1 
  2.88e-03s  0.00e+00d  [ExpandObjective] #entries=18'253 #tight_variables=6'593 #tight_constraints=3'494 

Presolve summary:
  - 347 affine relations were detected.
  - rule 'TODO dual: only one blocking constraint?' was applied 2'538 times.
  - rule 'TODO dual: only one blocking enforced constraint?' was applied 286 times.
  - rule 'TODO dual: only one unspecified blocking constraint?' was applied 118 times.
  - rule 'TODO duplicate: identical constraint with different enforcements' was applied 546 times.
  - rule 'TODO linear2: contains a Boolean.' was applied 36 times.
  - rule 'affine: new relation' was applied 347 times.
  - rule 'at_most_one: removed literals' was applied 7 times.
  - rule 'at_most_one: size one' was applied 7 times.
  - rule 'at_most_one: transformed into max clique.' was applied 1 time.
  - rule 'deductions: 2895 stored' was applied 1 time.
  - rule 'dual: fix variable' was applied 45 times.
  - rule 'dual: reduced domain' was applied 112 times.
  - rule 'duplicate: merged rhs of linear constraint' was applied 339 times.
  - rule 'duplicate: removed constraint' was applied 1'435 times.
  - rule 'enforcement: false literal' was applied 14 times.
  - rule 'exactly_one: x and not(x)' was applied 1 time.
  - rule 'incompatible linear: add implication' was applied 273 times.
  - rule 'linear matrix: common vertical rectangle' was applied 4'187 times.
  - rule 'linear: always true' was applied 2'320 times.
  - rule 'linear: doubleton free' was applied 26 times.
  - rule 'linear: empty' was applied 66 times.
  - rule 'linear: extracted enforcement literal' was applied 42'954 times.
  - rule 'linear: fixed or dup variables' was applied 43'862 times.
  - rule 'linear: positive equal one' was applied 8 times.
  - rule 'linear: reduced variable domains' was applied 3'673 times.
  - rule 'linear: remapped using affine relations' was applied 43'901 times.
  - rule 'linear: simplified rhs' was applied 139'146 times.
  - rule 'linear: tightened into equality' was applied 9 times.
  - rule 'linear: variable substitution 1' was applied 26 times.
  - rule 'linear: variable substitution 2' was applied 402 times.
  - rule 'linear: variable substitution 3' was applied 202 times.
  - rule 'no_overlap: inferred from x != y constraints' was applied 1 time.
  - rule 'presolve: 185 unused variables removed.' was applied 1 time.
  - rule 'presolve: iteration' was applied 3 times.
  - rule 'probing: reduced enforced constraint to implication.' was applied 12 times.
  - rule 'symmetry: fixed to false in general orbit' was applied 1 time.

Presolved optimization model '': (model_fingerprint: 0x4904621ba62ad4)
#Variables: 4'075 (#ints: 16 in objective)
  - 373 Booleans in [0,1]
  - 2'650 different domains in [-31031,30970] with a largest complexity of 25.
#kExactlyOne: 7 (#literals: 21)
#kInterval: 14
#kLinear1: 2 (#enforced: 2 #multi: 1)
#kLinear2: 2'494 (#enforced: 2'395 #multi: 933)
#kLinear3: 10'221 (#enforced: 7'531 #multi: 44)
#kLinearN: 32'564 (#enforced: 31'100) (#terms: 364'529)
#kNoOverlap: 1 (#intervals: 14)

Preloading model.
#Bound   7.48s best:inf   next:[197,20010] initial_domain
[Symmetry] Graph for symmetry has 54'517 nodes and 447'518 arcs.
[Symmetry] Symmetry computation done. time: 0.0124268 dtime: 0.0226403
#Model   7.56s var:4075/4075 constraints:45303/45303

Starting search at 7.58s with 32 workers.
17 full problem subsolvers: [core, default_lp, fixed, lb_tree_search, max_lp, no_lp, objective_lb_search, objective_lb_search_max_lp, objective_lb_search_no_lp, objective_shaving_search_max_lp, objective_shaving_search_no_lp, probing, probing_max_lp, pseudo_costs, quick_restart, quick_restart_no_lp, reduced_costs]
13 first solution subsolvers: [fj_long_default, fj_long_lin_default, fj_long_random, fj_short_default, fj_short_lin_default, fj_short_lin_random, fj_short_random, fs_random(2), fs_random_no_lp, fs_random_quick_restart(2), fs_random_quick_restart_no_lp]
13 incomplete subsolvers: [feasibility_pump, graph_arc_lns, graph_cst_lns, graph_dec_lns, graph_var_lns, rins/rens, rnd_cst_lns, rnd_var_lns, scheduling_intervals_lns, scheduling_precedences_lns, scheduling_time_window_lns, violation_ls(2)]
3 helper subsolvers: [neighborhood_helper, synchronization_agent, update_gap_integral]
#Bound   8.39s best:inf   next:[198,20010] objective_shaving_search_max_lp (vars=4075 csts=45306)
#Bound   9.01s best:inf   next:[226,20010] core (initial_propagation)
#Bound   9.84s best:inf   next:[227,20010] objective_shaving_search_no_lp (vars=4075 csts=45305)
#Bound  10.36s best:inf   next:[244,20010] objective_lb_search_no_lp
#Bound  10.81s best:inf   next:[559,20010] pseudo_costs
#Bound  10.91s best:inf   next:[967,20010] pseudo_costs
#Bound  11.21s best:inf   next:[1329,20010] pseudo_costs
#Bound  11.31s best:inf   next:[1887,20010] pseudo_costs
#1      13.03s best:7047  next:[1887,7046] no_lp (fixed_bools=0/451)
#Bound  13.26s best:7047  next:[1889,7046] pseudo_costs
#2      14.07s best:6285  next:[1889,6284] no_lp (fixed_bools=0/487)
#Bound  14.37s best:6285  next:[1890,6284] reduced_costs
#3      14.62s best:6280  next:[1890,6279] quick_restart_no_lp (fixed_bools=0/582)
#4      14.86s best:6275  next:[1890,6274] no_lp (fixed_bools=0/490)
#Bound  15.61s best:6275  next:[1944,6274] reduced_costs
#Bound  15.83s best:6275  next:[1956,6274] reduced_costs
#Bound  16.12s best:6275  next:[1959,6274] reduced_costs
#5      16.21s best:6235  next:[1959,6234] no_lp (fixed_bools=0/500)
#6      17.54s best:6230  next:[1959,6229] graph_var_lns (d=0.94 s=730 t=0.10 p=1.00 stall=5 h=auto_l0)
#7      18.17s best:6225  next:[1959,6224] quick_restart_no_lp (fixed_bools=0/628)
#8      18.50s best:6223  next:[1959,6222] violation_ls(batch:7 #solutions_imported:3 #lin_moves:9'633 #lin_evals:106'899 #gen_moves:22'148 #gen_evals:5'305 #comp_moves:4'645 #backtracks:8'743 #weight_updates:490)
#9      18.51s best:6221  next:[1959,6220] violation_ls(batch:7 #solutions_imported:3 #lin_moves:58'991 #lin_evals:185'668 #gen_moves:7 #gen_evals:1 #comp_moves:1 #backtracks:3 #weight_updates:1'009)
#10     19.08s best:6220  next:[1959,6219] quick_restart_no_lp (fixed_bools=0/642)
#11     20.50s best:6210  next:[1959,6209] no_lp (fixed_bools=0/504)
#12     22.32s best:6205  next:[1959,6204] graph_arc_lns (d=0.98 s=767 t=0.10 p=1.00 stall=1 h=auto_l0) [hint]
#13     22.75s best:6201  next:[1959,6200] quick_restart_no_lp (fixed_bools=0/743)
#14     24.97s best:6187  next:[1959,6186] no_lp (fixed_bools=0/512)
#15     25.22s best:6177  next:[1959,6176] graph_arc_lns (d=0.98 s=778 t=0.10 p=1.00 stall=0 h=auto_l0)
#16     27.05s best:6176  next:[1959,6175] no_lp (fixed_bools=0/515)
#17     28.66s best:6111  next:[1959,6110] no_lp (fixed_bools=0/520)
#18     29.90s best:6104  next:[1959,6103] no_lp (fixed_bools=0/532)
#19     32.39s best:6065  next:[1959,6064] no_lp (fixed_bools=0/537)
#20     33.12s best:6054  next:[1959,6053] no_lp (fixed_bools=0/539)
#Bound  33.52s best:6054  next:[1960,6053] lb_tree_search (nodes=80/80 rc=0 decisions=418 @root=2 restarts=0) 
#21     34.12s best:6031  next:[1960,6030] no_lp (fixed_bools=0/540)
#Bound  34.12s best:6031  next:[1961,6030] lb_tree_search (nodes=96/96 rc=0 decisions=500 @root=2 restarts=0) 
#22     35.27s best:6026  next:[1961,6025] quick_restart_no_lp (fixed_bools=0/772)
#23     35.85s best:6021  next:[1961,6020] quick_restart_no_lp (fixed_bools=0/792)
#24     36.69s best:5944  next:[1961,5943] no_lp (fixed_bools=0/548)
#Bound  38.14s best:5944  next:[1962,5943] lb_tree_search (nodes=174/175 rc=0 decisions=853 @root=3 restarts=0) 
#25     39.11s best:5898  next:[1962,5897] no_lp (fixed_bools=0/559)
#26     41.10s best:5835  next:[1962,5834] no_lp (fixed_bools=0/566)
#27     42.98s best:5829  next:[1962,5828] no_lp (fixed_bools=0/570)
#28     43.67s best:5790  next:[1962,5789] graph_dec_lns (d=1.00 s=863 t=0.10 p=1.00 stall=0 h=auto_l0)
#29     43.68s best:5690  next:[1962,5689] rnd_cst_lns (d=1.00 s=859 t=0.10 p=1.00 stall=0 h=auto_l0)
#Bound  43.94s best:5690  next:[1963,5689] lb_tree_search (nodes=81/81 rc=0 decisions=1234 @root=6 restarts=1) 
#30     44.99s best:5689  next:[1963,5688] violation_ls(batch:19 #solutions_imported:14 #lin_moves:62'503 #lin_evals:399'329 #gen_moves:59'416 #gen_evals:11'154 #comp_moves:7'886 #backtracks:25'752 #weight_updates:9'615)
#31     45.00s best:5688  next:[1963,5687] violation_ls(batch:19 #solutions_imported:15 #lin_moves:113'251 #lin_evals:476'945 #gen_moves:38'723 #gen_evals:5'858 #comp_moves:2'051 #backtracks:18'325 #weight_updates:7'167)
#32     45.01s best:5685  next:[1963,5684] quick_restart_no_lp (fixed_bools=0/952)
#33     47.07s best:5571  next:[1963,5570] no_lp (fixed_bools=0/601)
#34     49.12s best:5566  next:[1963,5565] quick_restart_no_lp (fixed_bools=0/1090)
#35     51.29s best:5561  next:[1963,5560] quick_restart_no_lp (fixed_bools=0/1114)
#36     51.80s best:5556  next:[1963,5555] quick_restart_no_lp (fixed_bools=0/1115)
#37     52.62s best:5531  next:[1963,5530] no_lp (fixed_bools=0/612)
#38     56.69s best:5450  next:[1963,5449] quick_restart_no_lp (fixed_bools=0/1142)
#39     57.78s best:5448  next:[1963,5447] quick_restart_no_lp (fixed_bools=0/1150)
#40     57.82s best:5446  next:[1963,5445] violation_ls(batch:23 #solutions_imported:18 #lin_moves:71'250 #lin_evals:471'515 #gen_moves:78'346 #gen_evals:12'981 #comp_moves:8'732 #backtracks:34'784 #weight_updates:11'017)
#41     57.83s best:5444  next:[1963,5443] violation_ls(batch:23 #solutions_imported:19 #lin_moves:132'871 #lin_evals:567'201 #gen_moves:48'661 #gen_evals:6'799 #comp_moves:2'246 #backtracks:23'196 #weight_updates:7'635)
#42     58.65s best:5436  next:[1963,5435] quick_restart_no_lp (fixed_bools=0/1153)
#43     59.22s best:5428  next:[1963,5427] quick_restart_no_lp (fixed_bools=0/1170)
#44     59.95s best:5427  next:[1963,5426] violation_ls(batch:24 #solutions_imported:20 #lin_moves:133'974 #lin_evals:572'025 #gen_moves:48'661 #gen_evals:6'799 #comp_moves:2'246 #backtracks:23'196 #weight_updates:7'931)
#45     60.36s best:5423  next:[1963,5422] quick_restart_no_lp (fixed_bools=0/1187)
#46     61.65s best:5411  next:[1963,5410] quick_restart_no_lp (fixed_bools=0/1210)
#47     61.98s best:5409  next:[1963,5408] quick_restart_no_lp (fixed_bools=0/1216)
#48     62.07s best:5403  next:[1963,5402] rnd_var_lns (d=1.00 s=926 t=0.10 p=0.90 stall=1 h=auto_l0)
#49     62.61s best:5402  next:[1963,5401] quick_restart_no_lp (fixed_bools=0/1285)
#50     63.43s best:5401  next:[1963,5400] violation_ls(batch:25 #solutions_imported:20 #lin_moves:80'967 #lin_evals:509'424 #gen_moves:79'957 #gen_evals:13'161 #comp_moves:8'887 #backtracks:35'512 #weight_updates:11'330)
#51     63.54s best:5349  next:[1963,5348] rnd_var_lns (d=1.00 s=937 t=0.10 p=0.86 stall=0 h=auto_l0)
#52     64.06s best:5302  next:[1963,5301] quick_restart_no_lp (fixed_bools=0/1340)
#53     65.17s best:5301  next:[1963,5300] quick_restart_no_lp (fixed_bools=0/1351)
#54     65.91s best:5300  next:[1963,5299] quick_restart_no_lp (fixed_bools=0/1356)
#55     66.78s best:5247  next:[1963,5246] graph_dec_lns (d=1.00 s=942 t=0.10 p=0.83 stall=3 h=auto_l0)
#56     66.83s best:5246  next:[1963,5245] violation_ls(batch:26 #solutions_imported:21 #lin_moves:82'543 #lin_evals:514'888 #gen_moves:79'957 #gen_evals:13'161 #comp_moves:8'887 #backtracks:35'512 #weight_updates:11'533)
#57     66.84s best:5245  next:[1963,5244] violation_ls(batch:26 #solutions_imported:22 #lin_moves:134'140 #lin_evals:592'353 #gen_moves:56'407 #gen_evals:7'665 #comp_moves:3'672 #backtracks:26'352 #weight_updates:8'137)
#58     67.89s best:5241  next:[1963,5240] quick_restart_no_lp (fixed_bools=0/1440)
#59     68.29s best:5240  next:[1963,5239] quick_restart_no_lp (fixed_bools=0/1448)
#60     68.96s best:5239  next:[1963,5238] quick_restart_no_lp (fixed_bools=0/1456)
#Bound  70.64s best:5239  next:[1964,5238] lb_tree_search (nodes=313/313 rc=0 decisions=3882 @root=11 restarts=3) 
#61     70.70s best:5238  next:[1964,5237] violation_ls(batch:27 #solutions_imported:22 #lin_moves:82'543 #lin_evals:514'939 #gen_moves:79'979 #gen_evals:13'162 #comp_moves:8'891 #backtracks:35'521 #weight_updates:11'533)
#62     70.74s best:5237  next:[1964,5236] violation_ls(batch:27 #solutions_imported:23 #lin_moves:134'140 #lin_evals:592'405 #gen_moves:56'431 #gen_evals:7'667 #comp_moves:3'676 #backtracks:26'362 #weight_updates:8'137)
#63     72.19s best:5168  next:[1964,5167] graph_cst_lns (d=0.99 s=963 t=0.10 p=0.79 stall=0 h=auto_l0)
#64     72.81s best:5161  next:[1964,5160] graph_dec_lns (d=1.00 s=964 t=0.10 p=0.83 stall=0 h=auto_l0)
#65     72.84s best:5160  next:[1964,5159] violation_ls(batch:28 #solutions_imported:23 #lin_moves:82'836 #lin_evals:516'279 #gen_moves:79'979 #gen_evals:13'162 #comp_moves:8'891 #backtracks:35'521 #weight_updates:11'630)
#66     72.87s best:5159  next:[1964,5158] violation_ls(batch:28 #solutions_imported:24 #lin_moves:135'274 #lin_evals:596'673 #gen_moves:56'431 #gen_evals:7'667 #comp_moves:3'676 #backtracks:26'362 #weight_updates:8'262)
#67     75.75s best:5141  next:[1964,5140] graph_arc_lns (d=1.00 s=975 t=0.10 p=0.80 stall=0 h=auto_l0)
#68     76.79s best:5140  next:[1964,5139] violation_ls(batch:29 #solutions_imported:25 #lin_moves:136'719 #lin_evals:601'880 #gen_moves:56'431 #gen_evals:7'667 #comp_moves:3'676 #backtracks:26'362 #weight_updates:8'404)
#69     79.73s best:5137  next:[1964,5136] graph_var_lns (d=0.99 s=996 t=0.10 p=0.74 stall=0 h=auto_l0)
#70     80.42s best:5110  next:[1964,5109] graph_cst_lns (d=1.00 s=987 t=0.10 p=0.78 stall=0 h=auto_l0)
#71     80.43s best:5108  next:[1964,5107] violation_ls(batch:30 #solutions_imported:26 #lin_moves:136'719 #lin_evals:601'976 #gen_moves:56'482 #gen_evals:7'674 #comp_moves:3'677 #backtracks:26'387 #weight_updates:8'404)
#72     81.50s best:5012  next:[1964,5011] no_lp (fixed_bools=0/677)
#Bound  84.12s best:5012  next:[1965,5011] lb_tree_search (nodes=323/323 rc=0 decisions=4918 @root=13 restarts=4) 
#73     86.58s best:4977  next:[1965,4976] rnd_var_lns (d=1.00 s=1016 t=0.10 p=0.76 stall=1 h=auto_l0)
#74     93.59s best:4929  next:[1965,4928] graph_dec_lns (d=1.00 s=1034 t=0.10 p=0.77 stall=0 h=auto_l0)
#75     93.74s best:4928  next:[1965,4927] violation_ls(batch:34 #solutions_imported:28 #lin_moves:102'624 #lin_evals:655'206 #gen_moves:105'149 #gen_evals:15'487 #comp_moves:12'962 #backtracks:46'061 #weight_updates:13'014)
#76     94.99s best:4927  next:[1965,4926] quick_restart_no_lp (fixed_bools=0/1994)
#Bound  95.14s best:4927  next:[1966,4926] objective_shaving_search_max_lp (vars=5195 csts=46424)
#77     95.20s best:4926  next:[1966,4925] violation_ls(batch:35 #solutions_imported:29 #lin_moves:102'624 #lin_evals:655'210 #gen_moves:105'150 #gen_evals:15'487 #comp_moves:12'963 #backtracks:46'061 #weight_updates:13'014)
#78     95.21s best:4925  next:[1966,4924] violation_ls(batch:35 #solutions_imported:30 #lin_moves:157'147 #lin_evals:705'215 #gen_moves:67'295 #gen_evals:8'445 #comp_moves:3'857 #backtracks:31'699 #weight_updates:13'928)
#79     97.21s best:4924  next:[1966,4923] quick_restart_no_lp (fixed_bools=0/2016)
#80     98.01s best:4917  next:[1966,4916] graph_dec_lns (d=1.00 s=1056 t=0.10 p=0.76 stall=1 h=auto_l0)
#81    100.50s best:4916  next:[1966,4915] violation_ls(batch:36 #solutions_imported:30 #lin_moves:102'624 #lin_evals:655'402 #gen_moves:105'263 #gen_evals:15'496 #comp_moves:12'968 #backtracks:46'115 #weight_updates:13'014)
#Bound 103.21s best:4916  next:[1967,4915] objective_shaving_search_max_lp (vars=5195 csts=46424)
#82    106.18s best:4913  next:[1967,4912] graph_dec_lns (d=1.00 s=1080 t=0.10 p=0.76 stall=0 h=auto_l0)
#83    106.49s best:4912  next:[1967,4911] violation_ls(batch:38 #solutions_imported:32 #lin_moves:177'937 #lin_evals:801'713 #gen_moves:67'295 #gen_evals:8'445 #comp_moves:3'857 #backtracks:31'699 #weight_updates:14'335)
#84    107.53s best:4909  next:[1967,4908] quick_restart_no_lp (fixed_bools=0/2140)
#85    108.91s best:4809  next:[1967,4808] rnd_cst_lns (d=1.00 s=1089 t=0.10 p=0.74 stall=0 h=auto_l0)
#86    110.13s best:4808  next:[1967,4807] violation_ls(batch:39 #solutions_imported:33 #lin_moves:110'495 #lin_evals:705'274 #gen_moves:114'663 #gen_evals:16'319 #comp_moves:13'538 #backtracks:50'528 #weight_updates:15'232)
#87    110.14s best:4807  next:[1967,4806] violation_ls(batch:39 #solutions_imported:33 #lin_moves:177'937 #lin_evals:801'741 #gen_moves:67'310 #gen_evals:8'445 #comp_moves:3'862 #backtracks:31'704 #weight_updates:14'335)
#88    112.02s best:4780  next:[1967,4779] graph_cst_lns (d=1.00 s=1103 t=0.10 p=0.69 stall=0 h=auto_l0)
#89    113.52s best:4779  next:[1967,4778] violation_ls(batch:40 #solutions_imported:34 #lin_moves:110'502 #lin_evals:705'324 #gen_moves:114'663 #gen_evals:16'319 #comp_moves:13'538 #backtracks:50'528 #weight_updates:15'236)
#90    113.63s best:4778  next:[1967,4777] violation_ls(batch:40 #solutions_imported:34 #lin_moves:177'937 #lin_evals:805'854 #gen_moves:69'849 #gen_evals:8'595 #comp_moves:3'905 #backtracks:32'952 #weight_updates:14'354)
#91    115.12s best:4774  next:[1967,4773] rnd_cst_lns (d=1.00 s=1111 t=0.10 p=0.70 stall=0 h=auto_l0)
#Bound 117.01s best:4774  next:[1968,4773] lb_tree_search (nodes=298/298 rc=0 decisions=7827 @root=17 restarts=7) 
#92    117.78s best:4768  next:[1968,4767] graph_cst_lns (d=1.00 s=1125 t=0.10 p=0.71 stall=0 h=auto_l0)
#93    121.83s best:4767  next:[1968,4766] violation_ls(batch:43 #solutions_imported:36 #lin_moves:110'502 #lin_evals:745'000 #gen_moves:133'731 #gen_evals:18'384 #comp_moves:15'099 #backtracks:59'281 #weight_updates:15'408)
#94    123.14s best:4749  next:[1968,4748] graph_arc_lns (d=0.99 s=1149 t=0.10 p=0.68 stall=0 h=auto_l0)
#Bound 125.15s best:4749  next:[1969,4748] objective_shaving_search_max_lp (vars=5195 csts=46424)
#95    125.62s best:4748  next:[1969,4747] violation_ls(batch:44 #solutions_imported:37 #lin_moves:110'937 #lin_evals:747'087 #gen_moves:133'731 #gen_evals:18'384 #comp_moves:15'099 #backtracks:59'281 #weight_updates:15'629)
#96    125.65s best:4747  next:[1969,4746] violation_ls(batch:44 #solutions_imported:38 #lin_moves:180'397 #lin_evals:869'338 #gen_moves:95'558 #gen_evals:11'311 #comp_moves:6'928 #backtracks:44'283 #weight_updates:14'765)
#97    125.83s best:4698  next:[1969,4697] graph_cst_lns (d=1.00 s=1150 t=0.10 p=0.71 stall=0 h=auto_l0)
#Bound 128.43s best:4698  next:[1970,4697] objective_lb_search_max_lp
#98    130.26s best:4670  next:[1970,4669] rnd_var_lns (d=1.00 s=1169 t=0.10 p=0.69 stall=0 h=auto_l0)
#99    131.99s best:4668  next:[1970,4667] violation_ls(batch:46 #solutions_imported:40 #lin_moves:194'170 #lin_evals:925'182 #gen_moves:95'558 #gen_evals:11'311 #comp_moves:6'928 #backtracks:44'283 #weight_updates:17'645)
#100   135.22s best:4667  next:[1970,4666] violation_ls(batch:47 #solutions_imported:41 #lin_moves:198'941 #lin_evals:944'511 #gen_moves:95'558 #gen_evals:11'311 #comp_moves:6'928 #backtracks:44'283 #weight_updates:18'813)
#101   135.27s best:4636  next:[1970,4635] graph_var_lns (d=1.00 s=1196 t=0.10 p=0.69 stall=3 h=auto_l0)
#Bound 137.73s best:4636  next:[1971,4635] objective_shaving_search_max_lp (vars=5195 csts=46424)
#102   138.56s best:4635  next:[1971,4634] violation_ls(batch:48 #solutions_imported:41 #lin_moves:131'311 #lin_evals:852'310 #gen_moves:142'522 #gen_evals:19'327 #comp_moves:15'666 #backtracks:63'391 #weight_updates:16'515)
#103   138.90s best:4627  next:[1971,4626] rnd_cst_lns (d=1.00 s=1206 t=0.10 p=0.67 stall=2 h=auto_l0)
#104   141.36s best:4626  next:[1971,4625] violation_ls(batch:49 #solutions_imported:42 #lin_moves:131'311 #lin_evals:853'831 #gen_moves:143'345 #gen_evals:19'394 #comp_moves:15'681 #backtracks:63'795 #weight_updates:16'521)
#105   141.37s best:4625  next:[1971,4624] violation_ls(batch:49 #solutions_imported:43 #lin_moves:199'086 #lin_evals:964'681 #gen_moves:105'660 #gen_evals:12'170 #comp_moves:7'153 #backtracks:49'218 #weight_updates:19'011)
#Bound 142.84s best:4625  next:[1975,4624] objective_lb_search_max_lp
#106   143.18s best:4624  next:[1975,4623] graph_var_lns (d=1.00 s=1220 t=0.10 p=0.70 stall=0 h=auto_l0)
#107   143.95s best:4622  next:[1975,4621] quick_restart_no_lp (fixed_bools=0/2380)
#108   144.85s best:4621  next:[1975,4620] quick_restart_no_lp (fixed_bools=0/2381)
#Bound 145.58s best:4621  next:[1976,4620] objective_lb_search_max_lp
#109   145.83s best:4619  next:[1976,4618] graph_cst_lns (d=1.00 s=1233 t=0.10 p=0.66 stall=0 h=auto_l0)
#110   147.84s best:4618  next:[1976,4617] violation_ls(batch:51 #solutions_imported:44 #lin_moves:133'583 #lin_evals:861'589 #gen_moves:143'345 #gen_evals:19'394 #comp_moves:15'681 #backtracks:63'795 #weight_updates:16'735)
#111   147.85s best:4617  next:[1976,4616] violation_ls(batch:51 #solutions_imported:45 #lin_moves:199'121 #lin_evals:984'860 #gen_moves:115'099 #gen_evals:12'867 #comp_moves:8'170 #backtracks:53'429 #weight_updates:19'104)
#112   149.65s best:4615  next:[1976,4614] graph_dec_lns (d=1.00 s=1249 t=0.10 p=0.67 stall=1 h=auto_l0)
#113   150.39s best:4609  next:[1976,4608] graph_cst_lns (d=1.00 s=1248 t=0.10 p=0.65 stall=0 h=auto_l0)
#Bound 162.98s best:4609  next:[1977,4608] objective_shaving_search_max_lp (vars=5195 csts=46424)
#114   171.31s best:4602  next:[1977,4601] rnd_cst_lns (d=1.00 s=1324 t=0.10 p=0.64 stall=2 h=auto_l0)
#Bound 171.41s best:4602  next:[1978,4601] objective_lb_search_max_lp
#115   174.00s best:4601  next:[1978,4600] violation_ls(batch:59 #solutions_imported:46 #lin_moves:203'220 #lin_evals:1'178'242 #gen_moves:143'345 #gen_evals:19'394 #comp_moves:15'681 #backtracks:63'795 #weight_updates:17'199)
#116   174.02s best:4600  next:[1978,4599] violation_ls(batch:59 #solutions_imported:47 #lin_moves:199'126 #lin_evals:1'103'198 #gen_moves:148'931 #gen_evals:17'418 #comp_moves:13'403 #backtracks:67'714 #weight_updates:19'252)
#117   175.04s best:4596  next:[1978,4595] graph_cst_lns (d=1.00 s=1340 t=0.10 p=0.62 stall=4 h=auto_l0)
#118   176.92s best:4595  next:[1978,4594] violation_ls(batch:60 #solutions_imported:48 #lin_moves:205'442 #lin_evals:1'128'416 #gen_moves:148'931 #gen_evals:17'418 #comp_moves:13'403 #backtracks:67'714 #weight_updates:20'850)
#119   178.26s best:4585  next:[1978,4584] graph_arc_lns (d=1.00 s=1350 t=0.10 p=0.62 stall=1 h=auto_l0)
#Bound 179.37s best:4585  next:[1981,4584] objective_lb_search_max_lp
#120   179.55s best:4583  next:[1981,4582] rnd_var_lns (d=1.00 s=1358 t=0.10 p=0.62 stall=0 h=auto_l0)
#121   183.00s best:4547  next:[1981,4546] rnd_cst_lns (d=1.00 s=1359 t=0.10 p=0.64 stall=0 h=auto_l0)
#122   183.87s best:4546  next:[1981,4545] violation_ls(batch:62 #solutions_imported:49 #lin_moves:212'981 #lin_evals:1'251'958 #gen_moves:153'735 #gen_evals:20'250 #comp_moves:15'877 #backtracks:68'890 #weight_updates:17'526)
#123   183.88s best:4545  next:[1981,4544] violation_ls(batch:62 #solutions_imported:50 #lin_moves:205'601 #lin_evals:1'149'020 #gen_moves:158'775 #gen_evals:18'148 #comp_moves:14'056 #backtracks:72'307 #weight_updates:21'073)
#Bound 184.15s best:4545  next:[1991,4544] objective_lb_search_max_lp
#124   186.43s best:4544  next:[1991,4543] violation_ls(batch:63 #solutions_imported:50 #lin_moves:213'759 #lin_evals:1'254'825 #gen_moves:153'735 #gen_evals:20'250 #comp_moves:15'877 #backtracks:68'890 #weight_updates:17'665)
#125   186.44s best:4543  next:[1991,4542] violation_ls(batch:63 #solutions_imported:51 #lin_moves:205'639 #lin_evals:1'149'199 #gen_moves:158'775 #gen_evals:18'148 #comp_moves:14'056 #backtracks:72'307 #weight_updates:21'092)
#126   190.39s best:4535  next:[1991,4534] graph_dec_lns (d=1.00 s=1389 t=0.10 p=0.63 stall=0 h=auto_l0)
#Bound 200.61s best:4535  next:[1992,4534] objective_shaving_search_max_lp (vars=5195 csts=46424)
#Bound 203.82s best:4535  next:[1996,4534] objective_lb_search_max_lp
#127   214.42s best:4518  next:[1996,4517] rnd_cst_lns (d=1.00 s=1478 t=0.10 p=0.62 stall=3 h=auto_l0)
#128   217.00s best:4517  next:[1996,4516] violation_ls(batch:72 #solutions_imported:53 #lin_moves:257'457 #lin_evals:1'373'807 #gen_moves:158'775 #gen_evals:18'148 #comp_moves:14'056 #backtracks:72'307 #weight_updates:50'655)
#129   221.11s best:4516  next:[1996,4515] violation_ls(batch:73 #solutions_imported:54 #lin_moves:257'457 #lin_evals:1'384'755 #gen_moves:164'157 #gen_evals:18'619 #comp_moves:14'354 #backtracks:74'849 #weight_updates:50'722)
#130   222.38s best:4515  next:[1996,4514] graph_dec_lns (d=1.00 s=1505 t=0.10 p=0.61 stall=0 h=auto_l0)
#131   227.75s best:4509  next:[1996,4508] rnd_cst_lns (d=1.00 s=1524 t=0.10 p=0.61 stall=0 h=auto_l0)
#132   230.30s best:4508  next:[1996,4507] violation_ls(batch:76 #solutions_imported:56 #lin_moves:278'832 #lin_evals:1'500'312 #gen_moves:164'157 #gen_evals:18'619 #comp_moves:14'354 #backtracks:74'849 #weight_updates:51'609)
#133   232.62s best:4507  next:[1996,4506] graph_cst_lns (d=1.00 s=1538 t=0.10 p=0.62 stall=0 h=auto_l0)
#134   232.95s best:4505  next:[1996,4504] violation_ls(batch:77 #solutions_imported:56 #lin_moves:213'759 #lin_evals:1'527'835 #gen_moves:285'677 #gen_evals:30'651 #comp_moves:23'694 #backtracks:130'939 #weight_updates:18'727)
#135   234.35s best:4493  next:[1996,4492] rnd_cst_lns (d=1.00 s=1546 t=0.10 p=0.61 stall=0 h=auto_l0)
#136   240.84s best:4483  next:[1996,4482] graph_arc_lns (d=1.00 s=1571 t=0.10 p=0.61 stall=0 h=auto_l0)
#Bound 243.09s best:4483  next:[1997,4482] objective_shaving_search_max_lp (vars=5195 csts=46424)
#Bound 270.10s best:4483  next:[2056,4482] objective_lb_search_max_lp
#Bound 333.18s best:4483  next:[2071,4482] objective_lb_search_max_lp
#Bound 439.65s best:4483  next:[2079,4482] objective_lb_search_max_lp
#137   441.89s best:4446  next:[2079,4445] graph_dec_lns (d=1.00 s=2287 t=0.10 p=0.56 stall=0 h=auto_l0)
#138   454.49s best:4443  next:[2079,4442] quick_restart_no_lp (fixed_bools=0/3909)
#139   455.39s best:4442  next:[2079,4441] violation_ls(batch:146 #solutions_imported:60 #lin_moves:233'490 #lin_evals:2'856'019 #gen_moves:823'993 #gen_evals:79'802 #comp_moves:48'668 #backtracks:387'596 #weight_updates:22'200)
#Bound 458.16s best:4442  next:[2080,4441] objective_lb_search_max_lp
#140   458.60s best:4434  next:[2080,4433] rnd_var_lns (d=1.00 s=2353 t=0.10 p=0.55 stall=1 h=auto_l0)
#141   465.27s best:4430  next:[2080,4429] quick_restart_no_lp (fixed_bools=0/3942)
#142   469.44s best:4429  next:[2080,4428] violation_ls(batch:150 #solutions_imported:63 #lin_moves:280'269 #lin_evals:2'891'602 #gen_moves:801'411 #gen_evals:76'384 #comp_moves:39'653 #backtracks:380'804 #weight_updates:56'145)
#143   469.87s best:4422  next:[2080,4421] rnd_cst_lns (d=1.00 s=2390 t=0.10 p=0.54 stall=0 h=auto_l0)
#144   471.73s best:4418  next:[2080,4417] graph_cst_lns (d=1.00 s=2393 t=0.10 p=0.55 stall=0 h=auto_l0)
#145   471.99s best:4414  next:[2080,4413] quick_restart_no_lp (fixed_bools=0/3992)
#146   472.86s best:4412  next:[2080,4411] violation_ls(batch:151 #solutions_imported:64 #lin_moves:259'514 #lin_evals:2'978'851 #gen_moves:832'345 #gen_evals:80'741 #comp_moves:49'482 #backtracks:391'360 #weight_updates:26'253)
#147   472.87s best:4411  next:[2080,4410] violation_ls(batch:151 #solutions_imported:64 #lin_moves:280'269 #lin_evals:2'891'682 #gen_moves:801'446 #gen_evals:76'387 #comp_moves:39'654 #backtracks:380'821 #weight_updates:56'145)
#148   474.14s best:4409  next:[2080,4408] graph_dec_lns (d=1.00 s=2406 t=0.10 p=0.55 stall=2 h=auto_l0)
#Bound 476.82s best:4409  next:[2084,4408] objective_lb_search_max_lp
#149   479.54s best:4405  next:[2084,4404] quick_restart_no_lp (fixed_bools=0/4057)
#150   481.04s best:4397  next:[2084,4396] graph_cst_lns (d=1.00 s=2427 t=0.10 p=0.55 stall=1 h=auto_l0)
#151   502.28s best:4396  next:[2084,4395] rnd_cst_lns (d=1.00 s=2506 t=0.10 p=0.55 stall=4 h=auto_l0)
#152   565.48s best:4382  next:[2084,4381] graph_dec_lns (d=1.00 s=2728 t=0.10 p=0.55 stall=3 h=auto_l0)
#153   577.91s best:4379  next:[2084,4378] quick_restart_no_lp (fixed_bools=0/4292)
#154   578.10s best:4378  next:[2084,4377] violation_ls(batch:184 #solutions_imported:69 #lin_moves:419'097 #lin_evals:3'688'325 #gen_moves:874'050 #gen_evals:83'270 #comp_moves:47'685 #backtracks:413'102 #weight_updates:147'996)
#155   579.84s best:4376  next:[2084,4375] quick_restart_no_lp (fixed_bools=0/4304)
#156   580.53s best:4375  next:[2084,4374] violation_ls(batch:185 #solutions_imported:69 #lin_moves:325'203 #lin_evals:3'701'583 #gen_moves:1'029'031 #gen_evals:100'074 #comp_moves:63'722 #backtracks:482'551 #weight_updates:51'969)
#157   580.53s best:4374  next:[2084,4373] violation_ls(batch:185 #solutions_imported:70 #lin_moves:419'097 #lin_evals:3'688'371 #gen_moves:874'068 #gen_evals:83'271 #comp_moves:47'689 #backtracks:413'109 #weight_updates:147'996)
#158   581.58s best:4373  next:[2084,4372] rnd_var_lns (d=1.00 s=2792 t=0.10 p=0.55 stall=4 h=auto_l0)
#159   584.69s best:4372  next:[2084,4371] violation_ls(batch:186 #solutions_imported:71 #lin_moves:419'831 #lin_evals:3'691'600 #gen_moves:874'068 #gen_evals:83'271 #comp_moves:47'689 #backtracks:413'109 #weight_updates:148'240)
#160   585.91s best:4371  next:[2084,4370] graph_arc_lns (d=1.00 s=2806 t=0.10 p=0.55 stall=1 h=auto_l0)
#161   588.90s best:4370  next:[2084,4369] graph_var_lns (d=0.99 s=2816 t=0.10 p=0.53 stall=0 h=auto_l0)
#162   589.14s best:4366  next:[2084,4365] graph_dec_lns (d=1.00 s=2820 t=0.10 p=0.54 stall=0 h=auto_l0)
#163   593.67s best:4364  next:[2084,4363] violation_ls(batch:189 #solutions_imported:72 #lin_moves:346'221 #lin_evals:3'811'469 #gen_moves:1'037'306 #gen_evals:100'858 #comp_moves:64'489 #backtracks:486'300 #weight_updates:54'232)
#164   596.01s best:4352  next:[2084,4351] graph_cst_lns (d=1.00 s=2841 t=0.10 p=0.54 stall=0 h=auto_l0)
#165   732.90s best:4347  next:[2084,4346] graph_dec_lns (d=1.00 s=3335 t=0.10 p=0.53 stall=1 h=auto_l0)
#166   734.22s best:4328  next:[2084,4327] quick_restart_no_lp (fixed_bools=0/4585)
#167   735.64s best:4327  next:[2084,4326] violation_ls(batch:233 #solutions_imported:74 #lin_moves:575'387 #lin_evals:4'893'643 #gen_moves:1'037'306 #gen_evals:100'858 #comp_moves:64'489 #backtracks:486'300 #weight_updates:255'067)
#168   735.65s best:4326  next:[2084,4325] violation_ls(batch:233 #solutions_imported:76 #lin_moves:857'565 #lin_evals:5'451'776 #gen_moves:890'153 #gen_evals:85'262 #comp_moves:49'341 #backtracks:420'321 #weight_updates:150'650)
#169   736.80s best:4309  next:[2084,4308] quick_restart_no_lp (fixed_bools=0/4594)
#Bound 749.14s best:4309  next:[2085,4308] objective_lb_search_max_lp
#170   763.57s best:4275  next:[2085,4274] rnd_var_lns (d=1.00 s=3434 t=0.10 p=0.53 stall=0 h=auto_l0)
#171   766.84s best:4257  next:[2085,4256] graph_dec_lns (d=1.00 s=3451 t=0.10 p=0.54 stall=1 h=auto_l0)
#172   772.78s best:4256  next:[2085,4255] rnd_cst_lns (d=1.00 s=3470 t=0.10 p=0.53 stall=0 h=auto_l0)
#173   772.87s best:4242  next:[2085,4241] rnd_var_lns (d=1.00 s=3469 t=0.10 p=0.53 stall=1 h=auto_l0)
#174   776.01s best:4237  next:[2085,4236] graph_cst_lns (d=1.00 s=3484 t=0.10 p=0.53 stall=0 h=auto_l0)
#175   777.70s best:4231  next:[2085,4230] quick_restart_no_lp (fixed_bools=0/4756)
#176   777.79s best:4229  next:[2085,4228] violation_ls(batch:246 #solutions_imported:79 #lin_moves:609'502 #lin_evals:5'190'594 #gen_moves:1'106'102 #gen_evals:106'465 #comp_moves:69'497 #backtracks:518'190 #weight_updates:261'662)
#177   777.81s best:4227  next:[2085,4226] violation_ls(batch:246 #solutions_imported:81 #lin_moves:867'263 #lin_evals:5'679'226 #gen_moves:957'101 #gen_evals:94'489 #comp_moves:61'524 #backtracks:447'692 #weight_updates:151'441)
#178   780.79s best:4226  next:[2085,4225] violation_ls(batch:247 #solutions_imported:80 #lin_moves:609'503 #lin_evals:5'190'609 #gen_moves:1'106'102 #gen_evals:106'465 #comp_moves:69'497 #backtracks:518'190 #weight_updates:261'662)
#179   780.80s best:4225  next:[2085,4224] violation_ls(batch:247 #solutions_imported:82 #lin_moves:867'263 #lin_evals:5'679'237 #gen_moves:957'106 #gen_evals:94'490 #comp_moves:61'525 #backtracks:447'694 #weight_updates:151'441)
#180   781.00s best:4215  next:[2085,4214] rnd_var_lns (d=1.00 s=3503 t=0.10 p=0.53 stall=0 h=auto_l0)
#181   788.43s best:4213  next:[2085,4212] quick_restart_no_lp (fixed_bools=0/4886)
#182   790.46s best:4212  next:[2085,4211] violation_ls(batch:250 #solutions_imported:82 #lin_moves:611'704 #lin_evals:5'235'009 #gen_moves:1'120'259 #gen_evals:108'330 #comp_moves:72'271 #backtracks:523'881 #weight_updates:262'013)
#183   790.47s best:4211  next:[2085,4210] violation_ls(batch:250 #solutions_imported:84 #lin_moves:883'371 #lin_evals:5'743'584 #gen_moves:957'106 #gen_evals:94'490 #comp_moves:61'525 #backtracks:447'694 #weight_updates:155'334)
#184   798.88s best:4203  next:[2085,4202] rnd_cst_lns (d=1.00 s=3561 t=0.10 p=0.53 stall=0 h=auto_l0)
#185   804.14s best:4202  next:[2085,4201] quick_restart_no_lp (fixed_bools=0/5030)
#186   804.19s best:4199  next:[2085,4198] graph_var_lns (d=1.00 s=3585 t=0.10 p=0.53 stall=2 h=auto_l0)
#Bound 822.20s best:4199  next:[2086,4198] objective_lb_search_max_lp
#Bound 877.83s best:4199  next:[2087,4198] objective_lb_search_max_lp
#Bound 1129.76s best:4199  next:[2091,4198] objective_lb_search_max_lp
#Bound 1368.35s best:4199  next:[2093,4198] objective_lb_search_max_lp
#187   1428.92s best:4193  next:[2093,4192] graph_dec_lns (d=1.00 s=5839 t=0.10 p=0.52 stall=1 h=auto_l0)
#Bound 1687.05s best:4193  next:[2095,4192] objective_lb_search_max_lp
#Bound 1831.36s best:4193  next:[2096,4192] objective_lb_search_max_lp
#Bound 2016.74s best:4193  next:[2097,4192] objective_lb_search_max_lp
#Bound 2055.09s best:4193  next:[2099,4192] objective_lb_search_max_lp
#Bound 2386.92s best:4193  next:[2100,4192] objective_lb_search_max_lp
#188   2443.23s best:4192  next:[2100,4191] rnd_var_lns (d=1.00 s=9452 t=0.10 p=0.51 stall=4 h=auto_l0)
#189   2537.77s best:4187  next:[2100,4186] graph_dec_lns (d=1.00 s=9717 t=0.10 p=0.51 stall=0 h=auto_l0)
#Bound 2798.71s best:4187  next:[2101,4186] objective_lb_search_max_lp
#Bound 3274.08s best:4187  next:[2102,4186] objective_lb_search_max_lp
#Bound 3328.32s best:4187  next:[2104,4186] objective_lb_search_max_lp
#Bound 3618.97s best:4187  next:[2105,4186] objective_lb_search_max_lp
#Bound 3747.28s best:4187  next:[2106,4186] objective_lb_search_max_lp
#Bound 4014.04s best:4187  next:[2107,4186] objective_lb_search_max_lp
#Bound 4492.38s best:4187  next:[2110,4186] objective_lb_search_max_lp
#Bound 5255.38s best:4187  next:[2112,4186] objective_lb_search_max_lp
#Bound 5571.54s best:4187  next:[2113,4186] objective_lb_search_max_lp
#Bound 5615.41s best:4187  next:[2114,4186] objective_lb_search_max_lp
#Bound 6052.89s best:4187  next:[2116,4186] objective_lb_search_max_lp
#Bound 6424.63s best:4187  next:[2117,4186] objective_lb_search_max_lp
#Bound 6628.13s best:4187  next:[2118,4186] objective_lb_search_max_lp
#Bound 6747.19s best:4187  next:[2119,4186] objective_lb_search_max_lp
#Bound 7823.53s best:4187  next:[2120,4186] objective_lb_search_max_lp
#Bound 7993.14s best:4187  next:[2121,4186] objective_lb_search_max_lp
#Bound 8749.87s best:4187  next:[2122,4186] lb_tree_search (nodes=122930/122958 rc=1010 decisions=739188 @root=169 restarts=13) 
#Bound 9248.79s best:4187  next:[2123,4186] lb_tree_search (nodes=130364/130393 rc=1055 decisions=783052 @root=178 restarts=13) 
#Bound 9770.91s best:4187  next:[2124,4186] lb_tree_search (nodes=138188/138217 rc=1128 decisions=828675 @root=187 restarts=13) 
#Bound 10386.72s best:4187  next:[2125,4186] lb_tree_search (nodes=147796/147825 rc=1215 decisions=881779 @root=196 restarts=13) 
#Bound 11123.97s best:4187  next:[2128,4186] objective_lb_search_max_lp
#Bound 11465.05s best:4187  next:[2129,4186] objective_lb_search_max_lp
#Bound 11794.90s best:4187  next:[2130,4186] objective_lb_search_max_lp
#Bound 12079.73s best:4187  next:[2131,4186] objective_lb_search_max_lp
#Bound 13021.33s best:4187  next:[2132,4186] objective_lb_search_max_lp
#Bound 16037.67s best:4187  next:[2133,4186] lb_tree_search (nodes=116835/116836 rc=1998 decisions=1347281 @root=290 restarts=14) 
#Bound 16874.87s best:4187  next:[2134,4186] objective_lb_search_max_lp
#Bound 18113.81s best:4187  next:[2135,4186] lb_tree_search (nodes=148334/148340 rc=2161 decisions=1491136 @root=319 restarts=14) 
#Bound 18515.75s best:4187  next:[2136,4186] objective_lb_search_max_lp
#Bound 18781.18s best:4187  next:[2137,4186] objective_lb_search_max_lp
#Bound 20710.73s best:4187  next:[2138,4186] lb_tree_search (nodes=187937/187948 rc=2424 decisions=1676643 @root=355 restarts=14) 
#Bound 21335.49s best:4187  next:[2141,4186] objective_lb_search_max_lp
#Bound 21821.18s best:4187  next:[2143,4186] objective_lb_search_max_lp
#Bound 22334.57s best:4187  next:[2144,4186] objective_lb_search_max_lp
#Bound 24847.32s best:4187  next:[2145,4186] objective_lb_search_max_lp
#Bound 25676.22s best:4187  next:[2146,4186] objective_lb_search_max_lp
#Bound 25845.66s best:4187  next:[2148,4186] objective_lb_search_max_lp
#Bound 26114.16s best:4187  next:[2149,4186] objective_lb_search_max_lp
#Bound 27575.68s best:4187  next:[2151,4186] objective_lb_search_max_lp
#Bound 29094.77s best:4187  next:[2152,4186] objective_lb_search_max_lp
#Bound 32365.17s best:4187  next:[2153,4186] objective_lb_search_max_lp
#Bound 32599.32s best:4187  next:[2154,4186] objective_lb_search_max_lp
#Bound 33088.08s best:4187  next:[2155,4186] objective_lb_search_max_lp
#Bound 34073.26s best:4187  next:[2156,4186] objective_lb_search_max_lp
#Bound 36128.85s best:4187  next:[2157,4186] objective_lb_search_max_lp
#Bound 37206.43s best:4187  next:[2158,4186] objective_lb_search_max_lp
#Bound 39641.88s best:4187  next:[2159,4186] lb_tree_search (nodes=342215/342220 rc=3892 decisions=3124971 @root=645 restarts=15) 
#Bound 40868.24s best:4187  next:[2160,4186] objective_lb_search_max_lp
#Bound 42585.63s best:4187  next:[2161,4186] lb_tree_search (nodes=375717/377886 rc=4114 decisions=3338858 @root=688 restarts=15) 
#Bound 43949.71s best:4187  next:[2167,4186] objective_lb_search_max_lp
#Bound 47206.41s best:4187  next:[2168,4186] lb_tree_search (nodes=87037/87038 rc=4553 decisions=3689865 @root=758 restarts=16) 
#Bound 47843.07s best:4187  next:[2169,4186] lb_tree_search (nodes=97693/97699 rc=4590 decisions=3738907 @root=769 restarts=16) 
#Bound 48415.03s best:4187  next:[2170,4186] lb_tree_search (nodes=106398/106404 rc=4629 decisions=3782959 @root=778 restarts=16) 
#Bound 49039.15s best:4187  next:[2171,4186] lb_tree_search (nodes=115844/115851 rc=4659 decisions=3829030 @root=789 restarts=16) 
#Bound 49753.17s best:4187  next:[2172,4186] lb_tree_search (nodes=126320/126329 rc=4717 decisions=3880023 @root=798 restarts=16) 
#Bound 50564.14s best:4187  next:[2173,4186] lb_tree_search (nodes=137489/137501 rc=4761 decisions=3935402 @root=809 restarts=16) 
#Bound 51330.39s best:4187  next:[2174,4186] lb_tree_search (nodes=147187/147202 rc=4810 decisions=3987853 @root=820 restarts=16) 
#Bound 52127.07s best:4187  next:[2175,4186] lb_tree_search (nodes=157895/157912 rc=4854 decisions=4044109 @root=832 restarts=16) 
#Bound 52874.51s best:4187  next:[2176,4186] lb_tree_search (nodes=167810/167827 rc=4916 decisions=4099368 @root=843 restarts=16) 
#Bound 53650.15s best:4187  next:[2177,4186] lb_tree_search (nodes=178214/178232 rc=4974 decisions=4157827 @root=854 restarts=16) 
#Bound 54483.16s best:4187  next:[2178,4186] lb_tree_search (nodes=189392/189412 rc=5026 decisions=4219682 @root=867 restarts=16) 
#Bound 55348.24s best:4187  next:[2179,4186] lb_tree_search (nodes=199924/199945 rc=5066 decisions=4280095 @root=879 restarts=16) 
#Bound 56175.15s best:4187  next:[2180,4186] lb_tree_search (nodes=210173/210195 rc=5133 decisions=4341867 @root=890 restarts=16) 
#Bound 56958.04s best:4187  next:[2181,4186] lb_tree_search (nodes=220028/220050 rc=5188 decisions=4403697 @root=903 restarts=16) 
#Bound 57741.96s best:4187  next:[2182,4186] lb_tree_search (nodes=231137/231160 rc=5253 decisions=4469446 @root=914 restarts=16) 
#Bound 58659.29s best:4187  next:[2183,4186] lb_tree_search (nodes=242639/242664 rc=5319 decisions=4539615 @root=929 restarts=16) 
#Bound 59669.10s best:4187  next:[2184,4186] lb_tree_search (nodes=254159/254185 rc=5387 decisions=4610851 @root=944 restarts=16) 
#Bound 60836.68s best:4187  next:[2185,4186] lb_tree_search (nodes=266443/266469 rc=5458 decisions=4685725 @root=961 restarts=16) 
#Bound 62062.51s best:4187  next:[2186,4186] lb_tree_search (nodes=279852/279879 rc=5538 decisions=4765184 @root=976 restarts=16) 
#190   62430.80s best:4177  next:[2186,4176] graph_cst_lns (d=1.00 s=233973 t=0.10 p=0.50 stall=1 h=auto_l0)
#191   62431.23s best:4176  next:[2186,4175] violation_ls(batch:18721 #solutions_imported:89 #perturbations:182 #lin_moves:105'547'016 #lin_evals:790'622'185 #gen_moves:8'500'676 #gen_evals:10'136'536 #comp_moves:356'698 #backtracks:4'070'767 #weight_updates:1'007'253)
#192   62629.71s best:4174  next:[2186,4173] graph_arc_lns (d=1.00 s=234696 t=0.10 p=0.50 stall=5 h=auto_l0)
#Bound 63579.95s best:4174  next:[2187,4173] lb_tree_search (nodes=298532/298560 rc=5661 decisions=4864075 @root=995 restarts=16) 
#193   64396.86s best:4162  next:[2187,4161] graph_arc_lns (d=1.00 s=241068 t=0.10 p=0.50 stall=2 h=auto_l0)
#194   64396.90s best:4161  next:[2187,4160] violation_ls(batch:19288 #solutions_imported:92 #perturbations:187 #lin_moves:108'228'867 #lin_evals:804'021'028 #gen_moves:9'407'629 #gen_evals:10'196'443 #comp_moves:379'497 #backtracks:4'512'841 #weight_updates:2'989'848)
#195   64396.91s best:4160  next:[2187,4159] violation_ls(batch:19288 #solutions_imported:93 #perturbations:187 #lin_moves:91'138'041 #lin_evals:751'534'608 #gen_moves:11'448'643 #gen_evals:13'117'852 #comp_moves:471'526 #backtracks:5'487'292 #weight_updates:1'398'738)
#196   64399.80s best:4159  next:[2187,4158] quick_restart_no_lp (fixed_bools=39/23024)
#197   64401.03s best:4148  next:[2187,4147] graph_arc_lns (d=1.00 s=241092 t=0.10 p=0.50 stall=0 h=auto_l0)
#198   64401.12s best:4147  next:[2187,4146] violation_ls(batch:19289 #solutions_imported:93 #perturbations:187 #lin_moves:108'236'643 #lin_evals:804'051'709 #gen_moves:9'407'629 #gen_evals:10'196'443 #comp_moves:379'497 #backtracks:4'512'841 #weight_updates:2'991'652)
#199   64405.02s best:4145  next:[2187,4144] rnd_var_lns (d=1.00 s=241102 t=0.10 p=0.50 stall=1 h=auto_l0)
#200   64406.43s best:4143  next:[2187,4142] rins_pump_lns (d=0.92 s=241111 t=0.12 p=0.50 stall=15 h=folio_rnd)
#Bound 64929.76s best:4143  next:[2188,4142] lb_tree_search (nodes=312423/312453 rc=5756 decisions=4949736 @root=1013 restarts=16) 
#Bound 66158.68s best:4143  next:[2189,4142] lb_tree_search (nodes=325286/325316 rc=5852 decisions=5033321 @root=1030 restarts=16) 
#Bound 67532.81s best:4143  next:[2190,4142] lb_tree_search (nodes=339643/339675 rc=5919 decisions=5123833 @root=1047 restarts=16) 
#Bound 68979.67s best:4143  next:[2191,4142] lb_tree_search (nodes=353856/353888 rc=6002 decisions=5215974 @root=1066 restarts=16) 
#Bound 70448.24s best:4143  next:[2192,4142] lb_tree_search (nodes=371941/371974 rc=6116 decisions=5321893 @root=1085 restarts=16) 
#Bound 71982.90s best:4143  next:[2193,4142] lb_tree_search (nodes=387477/387510 rc=6222 decisions=5422497 @root=1106 restarts=16) 
#Bound 73581.01s best:4143  next:[2194,4142] lb_tree_search (nodes=403219/403252 rc=6303 decisions=5525279 @root=1127 restarts=16) 
#Bound 75243.10s best:4143  next:[2195,4142] lb_tree_search (nodes=419485/419519 rc=6397 decisions=5632420 @root=1148 restarts=16) 
#Bound 76912.57s best:4143  next:[2196,4142] lb_tree_search (nodes=435828/435864 rc=6495 decisions=5741121 @root=1169 restarts=16) 
#Bound 78506.82s best:4143  next:[2197,4142] lb_tree_search (nodes=452271/452307 rc=6629 decisions=5850338 @root=1192 restarts=16) 
#Bound 80585.17s best:4143  next:[2198,4142] lb_tree_search (nodes=477611/477648 rc=6796 decisions=5991318 @root=1221 restarts=16) 
#Bound 82634.87s best:4143  next:[2199,4142] lb_tree_search (nodes=502901/502940 rc=7056 decisions=6135527 @root=1250 restarts=16) 
#Bound 84949.57s best:4143  next:[2200,4142] lb_tree_search (nodes=531301/531340 rc=7294 decisions=6291760 @root=1281 restarts=16) 

Task timing                                  n [     min,      max]      avg      dev     time         n [     min,      max]      avg      dev    dtime
                             'core':         1 [  24.00h,   24.00h]   24.00h   0.00ns   24.00h         1 [  14.59h,   14.59h]   14.59h   0.00ns   14.59h
                       'default_lp':         1 [  24.00h,   24.00h]   24.00h   0.00ns   24.00h         1 [   1.87h,    1.87h]    1.87h   0.00ns    1.87h
                 'feasibility_pump':     12520 [284.83ms,    1.67m]    6.90s    1.48s   23.99h     12519 [380.12ms,   19.48s] 767.20ms 194.04ms    2.67h
                            'fixed':         1 [  24.00h,   24.00h]   24.00h   0.00ns   24.00h         1 [   1.54h,    1.54h]    1.54h   0.00ns    1.54h
                  'fj_long_default':        23 [117.73ms, 682.27ms] 184.16ms 109.76ms    4.24s        23 [123.97ms, 252.72ms] 175.09ms  36.47ms    4.03s
              'fj_long_lin_default':        11 [168.58ms,    2.53s] 397.45ms 674.01ms    4.37s        11 [191.03ms, 239.45ms] 224.20ms  13.82ms    2.47s
                   'fj_long_random':         9 [131.86ms,    3.08s] 486.00ms 916.38ms    4.37s         9 [165.13ms, 250.50ms] 197.26ms  24.95ms    1.78s
                 'fj_short_default':        23 [168.21ms, 606.34ms] 200.79ms  87.39ms    4.62s        23 [180.85ms, 259.78ms] 229.10ms  16.65ms    5.27s
             'fj_short_lin_default':        10 [164.24ms,    2.80s] 440.38ms 787.14ms    4.40s        10 [196.51ms, 241.79ms] 219.63ms  12.72ms    2.20s
              'fj_short_lin_random':        20 [166.12ms, 871.18ms] 216.81ms 150.24ms    4.34s        20 [186.89ms, 269.50ms] 237.20ms  17.20ms    4.74s
                  'fj_short_random':        10 [175.31ms,    2.70s] 433.80ms 755.39ms    4.34s        10 [189.04ms, 251.61ms] 226.14ms  15.89ms    2.26s
                        'fs_random':         1 [   5.40s,    5.40s]    5.40s   0.00ns    5.40s         1 [180.63ms, 180.63ms] 180.63ms   0.00ns 180.63ms
                        'fs_random':         1 [   5.41s,    5.41s]    5.41s   0.00ns    5.41s         1 [207.16ms, 207.16ms] 207.16ms   0.00ns 207.16ms
                  'fs_random_no_lp':         1 [   5.40s,    5.40s]    5.40s   0.00ns    5.40s         1 [ 92.70ms,  92.70ms]  92.70ms   0.00ns  92.70ms
          'fs_random_quick_restart':         1 [   5.45s,    5.45s]    5.45s   0.00ns    5.45s         1 [192.38ms, 192.38ms] 192.38ms   0.00ns 192.38ms
          'fs_random_quick_restart':         1 [   5.46s,    5.46s]    5.46s   0.00ns    5.46s         1 [170.96ms, 170.96ms] 170.96ms   0.00ns 170.96ms
    'fs_random_quick_restart_no_lp':         1 [   5.41s,    5.41s]    5.41s   0.00ns    5.41s         1 [230.30ms, 230.30ms] 230.30ms   0.00ns 230.30ms
                    'graph_arc_lns':     25706 [127.08ms,   13.49s]    4.65s 979.85ms   33.18h     25692 [ 10.00ns, 201.65ms]  71.68ms  34.39ms   30.69m
                    'graph_cst_lns':     25706 [172.81ms,   13.97s]    4.83s    1.00s   34.45h     25682 [ 10.00ns, 200.52ms]  72.80ms  33.42ms   31.16m
                    'graph_dec_lns':     25706 [216.73ms,   14.95s]    4.85s 983.64ms   34.64h     25694 [ 10.00ns, 200.96ms]  73.04ms  33.12ms   31.28m
                    'graph_var_lns':     25706 [240.74ms,   14.42s]    4.63s    1.04s   33.06h     25685 [ 10.00ns, 143.09ms]  72.47ms  33.24ms   31.02m
                   'lb_tree_search':         1 [  24.00h,   24.00h]   24.00h   0.00ns   24.00h         1 [  11.09h,   11.09h]   11.09h   0.00ns   11.09h
                           'max_lp':         1 [  24.00h,   24.00h]   24.00h   0.00ns   24.00h         1 [   2.51h,    2.51h]    2.51h   0.00ns    2.51h
                            'no_lp':         1 [  24.00h,   24.00h]   24.00h   0.00ns   24.00h         1 [   1.62h,    1.62h]    1.62h   0.00ns    1.62h
              'objective_lb_search':         1 [  24.00h,   24.00h]   24.00h   0.00ns   24.00h         1 [   2.34h,    2.34h]    2.34h   0.00ns    2.34h
       'objective_lb_search_max_lp':         1 [  24.00h,   24.00h]   24.00h   0.00ns   24.00h         1 [   2.99h,    2.99h]    2.99h   0.00ns    2.99h
        'objective_lb_search_no_lp':         1 [  24.00h,   24.00h]   24.00h   0.00ns   24.00h         1 [   1.08h,    1.08h]    1.08h   0.00ns    1.08h
  'objective_shaving_search_max_lp':       127 [299.56ms,   54.51m]   11.34m   12.32m   24.00h       120 [ 48.28ms,    3.54m]   41.56s   43.03s    1.39h
   'objective_shaving_search_no_lp':       127 [113.74ms,   54.52m]   11.34m   12.32m   24.00h       120 [ 48.28ms,    1.41m]   17.79s   18.75s   35.57m
                          'probing':         1 [  24.00h,   24.00h]   24.00h   0.00ns   24.00h         1 [   3.76h,    3.76h]    3.76h   0.00ns    3.76h
                   'probing_max_lp':         1 [  24.00h,   24.00h]   24.00h   0.00ns   24.00h         1 [   3.65h,    3.65h]    3.65h   0.00ns    3.65h
                     'pseudo_costs':         1 [  24.00h,   24.00h]   24.00h   0.00ns   24.00h         1 [   2.23h,    2.23h]    2.23h   0.00ns    2.23h
                    'quick_restart':         1 [  24.00h,   24.00h]   24.00h   0.00ns   24.00h         1 [   3.91h,    3.91h]    3.91h   0.00ns    3.91h
              'quick_restart_no_lp':         1 [  24.00h,   24.00h]   24.00h   0.00ns   24.00h         1 [   1.51h,    1.51h]    1.51h   0.00ns    1.51h
                    'reduced_costs':         1 [  24.00h,   24.00h]   24.00h   0.00ns   24.00h         1 [   2.93h,    2.93h]    2.93h   0.00ns    2.93h
                        'rins/rens':     25707 [817.84us,    6.54s]    1.29s 865.29ms    9.22h     22034 [ 10.00ns, 126.62ms]  77.23ms  46.85ms   28.36m
                      'rnd_cst_lns':     25707 [110.48ms,   14.66s]    4.81s 989.26ms   34.37h     25692 [ 10.00ns, 201.00ms]  72.70ms  33.47ms   31.13m
                      'rnd_var_lns':     25707 [710.44us,   14.80s]    4.76s 991.63ms   34.02h     25692 [ 10.00ns, 201.47ms]  72.17ms  33.76ms   30.90m
         'scheduling_intervals_lns':     25706 [247.43ms,   14.80s]    5.57s 532.40ms   39.81h     25703 [ 51.48ms, 202.26ms] 101.04ms 721.50us   43.28m
       'scheduling_precedences_lns':     25706 [284.45ms,   15.27s]    5.52s 544.87ms   39.40h     25701 [100.02ms, 202.28ms] 101.05ms   1.10ms   43.29m
       'scheduling_time_window_lns':     25706 [101.82ms,   17.15s]    5.58s 543.33ms   39.84h     25699 [100.00ms, 202.94ms] 101.05ms   1.42ms   43.28m
                     'violation_ls':     25706 [  6.62ms,    1.41s] 265.99ms  83.99ms    1.90h     25706 [440.00ns, 536.50ms] 256.47ms  72.07ms    1.83h
                     'violation_ls':     25706 [  7.39ms,    1.27s] 266.08ms  80.72ms    1.90h     25706 [  1.58us, 680.49ms] 265.07ms  76.43ms    1.89h

Search stats                          Bools  Conflicts    Branches   Restarts      BoolPropag   IntegerPropag
                           'core':   26'342  3'525'361   5'224'685     66'951  21'278'921'118  20'638'614'083
                     'default_lp':   20'705    960'720  10'788'437    502'620   2'134'130'071  14'100'065'154
                          'fixed':    4'334  7'979'510  19'743'761        750   4'919'824'982  18'023'213'336
                      'fs_random':      375          0         888        750              57         210'221
                      'fs_random':      375          9         815        750              79         218'508
                'fs_random_no_lp':      437         50       1'340      1'221           2'406         545'513
        'fs_random_quick_restart':      375         10         817        751              73         217'694
        'fs_random_quick_restart':      375          4         803        750              56         217'339
  'fs_random_quick_restart_no_lp':      375         25       3'662      1'493             474       1'087'263
                 'lb_tree_search':      466      2'562  14'863'040  3'268'591      50'895'386  14'312'254'770
                         'max_lp':    9'839  1'180'924  15'218'947    887'583   2'362'333'144  17'458'360'766
                          'no_lp':    8'638  2'026'126  10'677'135    515'834   2'276'211'898  22'777'101'640
            'objective_lb_search':    2'455    505'822   9'282'435  2'209'343     269'739'863  15'253'647'155
     'objective_lb_search_max_lp':    1'626    616'640   8'716'287  1'551'357     283'437'260  16'518'523'959
      'objective_lb_search_no_lp':    4'836    828'697   5'831'894    636'611     876'714'293  15'161'422'033
                        'probing':    7'870      6'722      81'355     45'628       4'334'067      69'367'038
                 'probing_max_lp':    7'870      6'714      77'133     43'530       4'230'934      68'601'521
                   'pseudo_costs':   16'987  1'415'876  13'494'626    579'901   2'874'746'148  19'426'152'167
                  'quick_restart':   20'088    418'471  22'331'853    412'399   3'172'364'024  13'272'238'192
            'quick_restart_no_lp':   26'739  1'349'246  12'218'425    215'300   5'837'175'444  18'442'015'797
                  'reduced_costs':  127'674  1'432'900  10'277'540    328'674  20'742'796'737  16'225'697'950

SAT stats                           ClassicMinim  LitRemoved   LitLearned  LitForgotten  Subsumed   MClauses  MDecisions  MLitTrue  MSubsumed  MLitRemoved  MReused
                           'core':     3'411'797  80'305'061   72'945'227    47'487'879     2'718     29'450     148'407         0        481        2'774      581
                     'default_lp':       832'051   7'681'466   25'970'955    20'862'369     4'101    189'773   1'716'380         0     27'944      222'825   33'175
                          'fixed':     7'949'219  74'355'924  256'123'494   255'471'048         0          0           0         0          0            0        0
                      'fs_random':             0           0            0             0         0          0           0         0          0            0        0
                      'fs_random':             0           0           23             0         0          0           0         0          0            0        0
                'fs_random_no_lp':            39          99          829             0         0          0           0         0          0            0        0
        'fs_random_quick_restart':             0           0           21             0         0          0           0         0          0            0        0
        'fs_random_quick_restart':             0           0           33             0         0          0           0         0          0            0        0
  'fs_random_quick_restart_no_lp':             0           0          101             0         0         32         174         0          4           19        5
                 'lb_tree_search':             2           2        8'622             0         2  1'405'593   7'472'536         0        644        2'570   80'166
                         'max_lp':     1'048'766  10'730'911   25'226'716    21'469'491     6'066    341'181   3'010'384         0     39'756      313'777   44'309
                          'no_lp':     1'839'312  17'148'430   48'306'322    43'665'081     7'712    121'262   1'289'186         0     22'871      184'217   19'134
            'objective_lb_search':       484'396   8'844'640   12'868'536     5'671'920     2'687    912'437   5'145'145         0      1'497        7'937  110'661
     'objective_lb_search_max_lp':       560'175   3'507'187    8'375'975     3'405'379     5'073    324'261   4'104'724         0     12'204       94'498   80'625
      'objective_lb_search_no_lp':       761'338   8'135'761   20'881'637    13'677'561     3'989    122'673   1'094'876         0     13'037       79'265   27'508
                        'probing':             0           0        6'722             0         0          0           0         0          0            0        0
                 'probing_max_lp':             0           0        6'714             0         0          0           0         0          0            0        0
                   'pseudo_costs':     1'149'224   7'613'189   36'624'278    34'526'137     4'058    219'644   1'928'060         0     13'368       75'381   60'868
                  'quick_restart':       337'810   3'292'068   10'434'580     8'050'398     4'934    163'404   2'171'813         0     63'337      638'462   29'430
            'quick_restart_no_lp':     1'156'763  15'970'924   44'081'681    36'336'370     3'814     48'357     664'587         0     31'830      356'142    4'845
                  'reduced_costs':     1'163'739  10'773'051   39'952'889    35'878'737    11'211    179'332   1'543'415        12     76'294      465'019   42'351

Lp stats                         Component   Iterations  AddedCuts    OPTIMAL    DUAL_F.  DUAL_U.
                  'default_lp':          1   23'286'378    800'334  2'340'305        200      155
                       'fixed':          1      426'672      1'488  7'633'290          0        0
                   'fs_random':          1        6'912      1'582        130          0        0
                   'fs_random':          1        7'315      1'672        149          1        0
     'fs_random_quick_restart':          1        6'842      1'527        113          0        0
     'fs_random_quick_restart':          1        7'207      1'364        113          0        0
              'lb_tree_search':          1  104'173'376     56'051     19'801  7'858'098        0
                      'max_lp':          1   24'491'789    373'332    483'101  2'212'769       11
         'objective_lb_search':          1   33'724'255    828'662  2'028'523        843       10
  'objective_lb_search_max_lp':          1   25'457'455     53'331     25'206  2'196'269        2
                     'probing':          1   26'997'917  1'952'591    221'575     10'886        2
              'probing_max_lp':          1   10'751'650    336'859    140'147     48'197        1
                'pseudo_costs':          1   12'915'890    818'299  1'963'430    828'736      321
               'quick_restart':          1   62'911'231  2'770'484  2'061'664     22'043       13
               'reduced_costs':          1   22'948'628    789'575  1'488'645  1'834'725       49

Lp dimension                                                                        Final dimension of first component
                  'default_lp':  3744 rows, 4020 columns, 14358 entries with magnitude in [2.961188e-04, 1.000000e+00]
                       'fixed':  3507 rows, 4020 columns, 13234 entries with magnitude in [8.150048e-03, 1.000000e+00]
                   'fs_random':  3827 rows, 4020 columns, 13947 entries with magnitude in [8.150048e-03, 1.000000e+00]
                   'fs_random':  3907 rows, 4020 columns, 14102 entries with magnitude in [8.150048e-03, 1.000000e+00]
     'fs_random_quick_restart':  3457 rows, 4020 columns, 12874 entries with magnitude in [8.150048e-03, 1.000000e+00]
     'fs_random_quick_restart':  3457 rows, 4020 columns, 13006 entries with magnitude in [8.150048e-03, 1.000000e+00]
              'lb_tree_search':  8408 rows, 4075 columns, 45027 entries with magnitude in [7.845040e-04, 1.000000e+00]
                      'max_lp':  5128 rows, 4075 columns, 22184 entries with magnitude in [1.242266e-04, 1.000000e+00]
         'objective_lb_search':  4224 rows, 4020 columns, 16259 entries with magnitude in [4.845357e-04, 1.000000e+00]
  'objective_lb_search_max_lp':  7060 rows, 4075 columns, 32762 entries with magnitude in [4.653200e-05, 1.000000e+00]
                     'probing':  6222 rows, 4020 columns, 36514 entries with magnitude in [1.864820e-04, 1.000000e+00]
              'probing_max_lp':  5736 rows, 4075 columns, 35956 entries with magnitude in [1.561634e-04, 1.000000e+00]
                'pseudo_costs':  4086 rows, 4075 columns, 15606 entries with magnitude in [7.327460e-03, 1.000000e+00]
               'quick_restart':  4637 rows, 4020 columns, 18542 entries with magnitude in [8.610329e-04, 1.000000e+00]
               'reduced_costs':  4088 rows, 4075 columns, 15560 entries with magnitude in [3.481122e-03, 1.000000e+00]

Lp debug                         CutPropag  CutEqPropag     Adjust  Overflow            Bad  BadScaling
                  'default_lp':         32          107    464'486         0     17'458'750           0
                       'fixed':          0            0          0         0          3'374           0
                   'fs_random':          0            0          0         0          3'401           0
                   'fs_random':          0            0         21         0          3'341           0
     'fs_random_quick_restart':          0            0          0         0         22'341           0
     'fs_random_quick_restart':          0            0          0         0          3'389           0
              'lb_tree_search':         57          212  7'877'185         0     50'194'059           0
                      'max_lp':         75           90  1'520'588         0     21'369'220           0
         'objective_lb_search':         45          307  1'120'290         0     34'168'401           0
  'objective_lb_search_max_lp':         24          139  2'199'130         0     13'886'655           0
                     'probing':        813        4'601    231'339         0  2'432'522'051           0
              'probing_max_lp':        225        2'397    188'343         0  1'882'697'418           0
                'pseudo_costs':        273          179    308'849         0     42'815'913           0
               'quick_restart':        292          527    982'077         0    144'776'203           0
               'reduced_costs':        150          237  1'662'241         0     42'681'324           0

Lp pool                          Constraints  Updates  Simplif  Merged  Shortened      Split  Strenghtened            Cuts/Call
                  'default_lp':       13'527    3'150   11'358      67          0     59'369        54'001    800'334/3'382'655
                       'fixed':        5'748        0        1       0          0          0           140          1'488/5'269
                   'fs_random':        5'842        0        1       0          0          0           136          1'582/4'394
                   'fs_random':        5'932        0        1       0          0          0           136          1'672/4'501
     'fs_random_quick_restart':        5'624        0        1       0          0          0           136          1'364/4'060
     'fs_random_quick_restart':        5'787        8        1       0          0          3           169          1'527/4'580
              'lb_tree_search':       54'332    4'533  352'317       7          0    373'536       358'304       56'051/136'908
                      'max_lp':       54'575    2'580  326'501      45          0    181'599       378'637      373'332/824'189
         'objective_lb_search':       13'903    5'458   13'689      19          0    154'863        68'101    828'662/3'315'090
  'objective_lb_search_max_lp':       54'610    2'353  370'108       9          0    311'745       371'876       53'331/125'578
                     'probing':       13'833  161'271   45'773      18          0  2'727'647       334'905  1'952'591/3'460'940
              'probing_max_lp':       55'140   56'312  312'732       7          0    946'024       357'616      336'859/883'469
                'pseudo_costs':       54'549    5'668  327'834      38          0    491'985       435'924    818'299/1'975'278
               'quick_restart':       13'640   12'220   14'233     104          0  1'537'087       135'887  2'770'484/7'594'094
               'reduced_costs':       54'814    5'963  328'470      49          0    679'925       426'741    789'575/1'950'236

Lp Cut                                                      fs_ran  fs_ran  fs_ran  fs_ran   defaul  fixed   max_lp     quick_   reduce   pseudo  lb_tre   probin   object  probin  object
                                                    CG_FF:      19      19      55      19   33'207     19   20'946     19'526   47'540   53'724   1'311   23'494   27'405   2'362   1'566
                                                     CG_K:      21      21      60      21   24'235     21   23'497     11'293   56'897   56'245     938    6'873   17'062   1'701   2'079
                                                    CG_KL:       -       -       1       -       70      -       24         48      155      133       -      162       42       2       2
                                                     CG_R:      21      21      44      21   16'481     21   10'659     14'585   23'365   27'221   1'025   23'395   12'992   2'372     770
                                                    CG_RB:       7       7      49       7   70'993      7   42'335     69'182   82'037   94'744   2'984  150'108   74'635   3'913   3'474
                                                   CG_RBP:       -       -       5       -    7'327      -    6'257      7'142   14'359   13'570     434   11'651    7'224     747     702
                                                   Clique:       -       -       -       -        -      -    6'621          -   16'262   19'011     312        -        -   1'533     408
                                                       IB:   1'260   1'328     894   1'030  457'816  1'164  117'914  2'159'919  245'359  205'168   8'539  446'548  474'957  77'849  13'620
                                                 MIR_1_FF:      83      83     118      82   20'635     83   14'729     45'009   34'153   40'613   2'431   82'657   22'924  14'668   2'153
                                                  MIR_1_K:      22      22      30      22    2'083     22    2'031      6'352    4'183    4'266     262   23'529    2'467   3'168     343
                                                 MIR_1_KL:       -       -       -       -      502      -      548      1'543    1'137      551      98    3'112      438   2'518      99
                                                  MIR_1_R:      29      29      39      29    4'932     29    2'396     10'363    5'764    7'631     727   42'162    4'092   5'091     395
                                                 MIR_1_RB:      31      32      60      31   32'850     32   30'109     91'651   62'313   64'579   5'025  208'042   36'773  24'915   5'454
                                                MIR_1_RBP:       2       2       7       2    2'802      2    8'650      7'990   17'137   14'082     784    8'455    3'942   2'847   1'360
                                                MIR_1_RLT:       -       -       -       -        -      -      234          -      566      709      34        -        -     325      27
                                                 MIR_2_FF:      16      19      26      18   14'090     16    7'734     25'441   17'574   23'625   1'223   37'762   14'649   8'197   1'254
                                                  MIR_2_K:       6      14      17      15    2'332      8    1'490      3'902    3'312    3'474     182    5'353    2'066   1'981     248
                                                 MIR_2_KL:       -       -       -       -      398      -      412      1'368      864      417      87    3'374      392   2'317      68
                                                  MIR_2_R:       1       3       7       3    3'339      2    1'666      6'464    3'824    4'885     565   27'954    3'000   4'448     420
                                                 MIR_2_RB:      25      36      36      30   21'220     21   11'916     58'035   25'282   31'864   2'125  143'926   23'137  15'514   2'037
                                                MIR_2_RBP:       -       -       3       -    2'128      1    2'544      6'239    5'190    5'120     268    7'443    2'998   1'874     374
                                                 MIR_3_FF:       5       4       8       5    9'210      4    4'280     16'499    9'990   14'943     638   24'499   10'191   4'139     617
                                                  MIR_3_K:       3       3       4       2    1'735      2    1'146      2'604    2'447    2'640     140    3'252    1'599   1'627     215
                                                 MIR_3_KL:       -       -       -       -      366      -      290      1'248      757      359     110    3'083      364   2'028      89
                                                  MIR_3_R:       1       -       1       1    1'942      -      895      4'411    1'794    2'731     328   16'523    2'144   2'744     215
                                                 MIR_3_RB:      10       6      11       6   13'194      9    6'460     34'880   13'926   18'728   1'093   98'268   15'053   8'931   1'074
                                                MIR_3_RBP:       -       -       -       -    1'472      -    1'472      4'225    2'967    2'815     173    5'278    2'226   1'001     218
                                                 MIR_4_FF:       2       1       5       1    5'738      1    2'602      9'862    5'632    9'699     442   17'185    6'586   2'592     369
                                                  MIR_4_K:       1       1       1       2    1'120      1      753      1'644    1'616    1'916      91    2'665    1'148   1'143     134
                                                 MIR_4_KL:       -       -       -       -      227      -      247        947      706      293     141    3'228      224   1'983      92
                                                  MIR_4_R:       -       -       1       -    1'209      -      507      2'664      996    1'660     176   10'159    1'487   1'468     121
                                                 MIR_4_RB:       5       4       7       3    8'202      6    3'758     20'091    7'738   11'511     630   64'784    9'161   5'241     656
                                                MIR_4_RBP:       -       -       1       -      729      -      810      2'091    1'593    1'496     101    3'528    1'108     755     152
                                                 MIR_5_FF:       1       1       3       1    3'793      1    1'476      6'191    3'083    6'048     317   12'503    4'249   1'827     251
                                                  MIR_5_K:       -       -       2       -      825      -      483      1'239    1'168    1'290      65    2'335      883     970      98
                                                 MIR_5_KL:       -       -       -       -      158      -      236      1'062      731      459     147    4'139      215   2'022     129
                                                  MIR_5_R:       -       -       -       -      829      -      222      1'453      505    1'006     133    6'632      991     657      78
                                                 MIR_5_RB:       -       1       8       -    5'561      -    2'080     12'337    4'441    6'953     415   45'654    5'788   3'550     360
                                                MIR_5_RBP:       -       -       1       -      362      -      372      1'022      790      756      97    2'827      594     515      63
                                                 MIR_6_FF:       -       -       3       -    2'688      -      971      4'024    2'078    4'350     286    9'518    3'046   1'462     204
                                                  MIR_6_K:       -       -       -       -      491      -      386      1'098      861      964      88    2'624      619     911     103
                                                 MIR_6_KL:       -       -       -       -      213      -      331      1'742      958      563     140    7'873      291   2'048     170
                                                  MIR_6_R:       -       -       -       -      472      -      149        832      381      701      64    4'338      768     473      56
                                                 MIR_6_RB:       1       1       5       -    3'826      -    1'497      8'410    3'138    4'865     302   37'478    4'082   3'129     263
                                                MIR_6_RBP:       -       -       1       -      194      -      222        694      526      448      65    2'193      376     431      75
         NoOverlapCompletionTimeExhaustiveMirror_weighted:       -       -       -       -        -      -        6          -       13        4       -        -        -       -       1
  NoOverlapCompletionTimeExhaustiveMirror_weighted_lifted:       -       -       -       -        -      -        1          -        -        -       -        -        -       -       -
               NoOverlapCompletionTimeExhaustive_weighted:       -       -       -       -        -      -       11          -       27       51       -        -        -       -       -
        NoOverlapCompletionTimeExhaustive_weighted_lifted:       -       -       -       -        -      -      661          -    1'536    1'695       5        -        -       5      19
                          NoOverlapCompletionTimeQueyrane:       -       -       -       -        -      -      151          -      434      247       6        -        -       8      19
                   NoOverlapCompletionTimeQueyrane_lifted:       -       -       -       -        -      -      643          -    1'738      922       4        -        -       4      47
                                NoOverlapDisjunctionOnEnd:       -       -       -       -        -      -       26          -       68       21       -        -        -       -       4
                              NoOverlapDisjunctionOnStart:       -       -       -       -        -      -      597          -    1'357    2'273       5        -        -       5      15
                                             ZERO_HALF_FF:       2       4       3       3    4'379      4    3'477      5'563    7'324    8'060     246    7'726    4'332     949     335
                                              ZERO_HALF_K:       3       3       3       4    1'380      4    2'014      1'383    5'098    4'001     155    1'148    1'132     405     236
                                             ZERO_HALF_KL:       -       -       -       -        2      -        1          7        3        2       -        2        6       -       -
                                              ZERO_HALF_R:       1       2       3       1    5'354      3   12'360     57'680   19'322   15'581  17'238  227'567    9'905  86'277   8'227
                                             ZERO_HALF_RB:       4       5       5       5    5'912      5    6'833     14'812   12'761   12'737   1'490   51'697    7'237   8'061   1'072
                                            ZERO_HALF_RBP:       -       -       -       -    1'311      -    2'194      3'717    3'799    3'879   1'366   17'885    1'662  11'156     701

LNS stats                        Improv/Calls  Closed  Difficulty  TimeLimit
               'graph_arc_lns':   10742/25705     50%        1.00       0.10
               'graph_cst_lns':   10422/25704     50%        1.00       0.10
               'graph_dec_lns':   10324/25704     50%        1.00       0.10
               'graph_var_lns':   10863/25704     50%        1.00       0.10
                   'rins/rens':    2808/23612     50%        0.92       0.12
                 'rnd_cst_lns':   10427/25705     50%        1.00       0.10
                 'rnd_var_lns':   10338/25705     50%        1.00       0.10
    'scheduling_intervals_lns':   25704/25704      0%        0.00       0.10
  'scheduling_precedences_lns':   25704/25704      0%        0.00       0.10
  'scheduling_time_window_lns':   25704/25704      0%        0.00       0.10

LS stats                   Batches  Restarts     LinMoves    GenMoves  CompoundMoves  WeightUpdates
       'fj_long_default':       23         1      229'689           0              0            311
   'fj_long_lin_default':       11         1            0      15'360          2'200              1
        'fj_long_random':        9         1       89'808           0              0            192
      'fj_short_default':       23         1            0      34'218          4'455              2
  'fj_short_lin_default':       10         1            0      16'368          2'825              1
   'fj_short_lin_random':       20         1            0      24'057          2'584              1
       'fj_short_random':       10         1            0      13'122          1'877              0
          'violation_ls':   25'706         0  125'069'665  15'041'807        586'188      1'636'064
          'violation_ls':   25'706         0  140'108'150  13'327'780        529'096      3'290'069

Solutions (200)           Num       Rank
        'graph_arc_lns':   10   [12,197]
        'graph_cst_lns':   14   [63,190]
        'graph_dec_lns':   17   [28,189]
        'graph_var_lns':    6    [6,186]
                'no_lp':   19     [1,72]
  'quick_restart_no_lp':   41    [3,196]
        'rins_pump_lns':    1  [200,200]
          'rnd_cst_lns':   13   [29,184]
          'rnd_var_lns':   12   [48,199]
         'violation_ls':   67    [8,198]

Objective bounds                      Num
                             'core':    1
                   'initial_domain':    1
                   'lb_tree_search':   49
       'objective_lb_search_max_lp':   63
        'objective_lb_search_no_lp':    1
  'objective_shaving_search_max_lp':    8
   'objective_shaving_search_no_lp':    1
                     'pseudo_costs':    5
                    'reduced_costs':    4

Solution repositories      Added  Queried  Ignored  Synchro
  'feasible solutions':  112'276  583'274        1  110'427
        'lp solutions':   74'049   13'132        0   71'911
                'pump':  260'182   12'574

Improving bounds shared             Num
                        'core':     418
                  'default_lp':     206
              'lb_tree_search':     109
                      'max_lp':     403
                       'no_lp':     165
         'objective_lb_search':      73
  'objective_lb_search_max_lp':      21
                     'probing':  44'695
              'probing_max_lp':  12'842
                'pseudo_costs':     458
               'quick_restart':   1'218
         'quick_restart_no_lp':   1'770
               'reduced_costs':   2'243

Clauses shared                      Num
                           'core':    3
                     'default_lp':   30
                      'fs_random':    4
        'fs_random_quick_restart':    2
  'fs_random_quick_restart_no_lp':    5
                 'lb_tree_search':   11
                         'max_lp':   30
                          'no_lp':   20
            'objective_lb_search':   12
     'objective_lb_search_max_lp':   12
      'objective_lb_search_no_lp':   12
                   'pseudo_costs':   52
                  'quick_restart':   42
            'quick_restart_no_lp':   63
                  'reduced_costs':    2

CpSolverResponse summary:
status: FEASIBLE
objective: 4143
best_bound: 2200
integers: 4065
booleans: 437
conflicts: 50
branches: 1340
propagations: 2406
integer_propagations: 545513
restarts: 1221
lp_iterations: 0
walltime: 86402
usertime: 86402
deterministic_time: 258291
gap_integral: 1.9577e+06
solution_fingerprint: 0x2b59ba776415830c


--- Simulation Gantt  partir du modle mathmatique ---
